============================================================
START: 2026-04-24 06:26:03
STAGE: search_stage
GPU: 2
METHOD: BayesMMRL
PROTOCOL: FS
EXEC_MODE: online
DATASET: caltech101
SHOTS: 16
SEED: 1
TAG: rep_zero_sig-matrix_normal_diag_lowrank_pstd-0.05_kl-1e-4_rank-8
DATA_ROOT: DATASETS
OUTPUT_ROOT: output_sweeps/bayes_mmrl_rep_tokens_only/coarse3/search_stage
BACKBONE: ViT-B/16
============================================================
[run] REP_TOKENS_SEARCH | dataset=caltech101 | shot=16 | seed=1 | tag=rep_zero_sig-matrix_normal_diag_lowrank_pstd-0.05_kl-1e-4_rank-8
[info] rep_tokens-only stage
[info] EVAL_MODE=mc_predictive, EVAL_AGGREGATION=logit_mean
[info] KL_WARMUP_EPOCHS=8
Setting fixed seed: 1
***************
** Arguments **
***************
dataset_config_file: configs/datasets/caltech101.yaml
eval_only: False
exec_mode: online
exp_config: 
load_epoch: None
method: BayesMMRL
method_config_file: configs/methods/bayesmmrl.yaml
model_dir: 
no_train: False
opts: ['DATASET.NUM_SHOTS', '16', 'DATASET.SUBSAMPLE_CLASSES', 'all', 'MODEL.BACKBONE.NAME', 'ViT-B/16', 'BAYES_MMRL.ALPHA', '0.7', 'BAYES_MMRL.REG_WEIGHT', '0.5', 'BAYES_MMRL.N_REP_TOKENS', '5', 'BAYES_MMRL.REP_LAYERS', '[6,7,8,9,10,11,12]', 'BAYES_MMRL.REP_DIM', '512', 'BAYES_MMRL.N_MC_TRAIN', '3', 'BAYES_MMRL.N_MC_TEST', '10', 'BAYES_MMRL.EVAL_MODE', 'mc_predictive', 'BAYES_MMRL.EVAL_USE_POSTERIOR_MEAN', 'False', 'BAYES_MMRL.EVAL_AGGREGATION', 'logit_mean', 'BAYES_MMRL.KL_WARMUP_EPOCHS', '8', 'BAYES_MMRL.BAYES_TARGET', 'rep_tokens', 'BAYES_MMRL.REP_PRIOR_MODE', 'zero', 'BAYES_MMRL.REP_SIGMA_MODE', 'matrix_normal_diag_lowrank', 'BAYES_MMRL.REP_PRIOR_STD', '0.05', 'BAYES_MMRL.REP_KL_WEIGHT', '1e-4', 'BAYES_MMRL.REP_MN_ENFORCE_TRACE', 'True', 'BAYES_MMRL.REP_MN_LOWRANK_RANK', '8']
output_dir: output_sweeps/bayes_mmrl_rep_tokens_only/coarse3/search_stage/BayesMMRL/FS/fewshot_train/caltech101/shots_16/ViT-B-16/rep_zero_sig-matrix_normal_diag_lowrank_pstd-0.05_kl-1e-4_rank-8/seed1
protocol: FS
protocol_config_file: configs/protocols/fs.yaml
root: DATASETS
runtime_config_file: configs/runtime/default.yaml
seed: 1
trainer: RefactorRunner
************
** Config **
************
BAYES_MMRL:
  ALPHA: 0.7
  BAYES_TARGET: rep_tokens
  CLIP_PRIOR_BLEND: 0.5
  CLIP_PRIOR_SCALE: 0.05
  EVAL_AGGREGATION: logit_mean
  EVAL_MODE: mc_predictive
  EVAL_USE_POSTERIOR_MEAN: False
  KL_WARMUP_EPOCHS: 8
  KL_WEIGHT: 0.0005
  N_MC_TEST: 10
  N_MC_TRAIN: 3
  N_REP_TOKENS: 5
  PREC: amp
  PRIOR_STD: 0.05
  PROJ_REP_KL_WEIGHT: 1e-06
  PROJ_REP_PRIOR_MODE: clip_proj
  PROJ_REP_PRIOR_STD: 0.01
  PROJ_REP_SIGMA_MODE: row
  REG_WEIGHT: 0.5
  REP_DIM: 512
  REP_KL_WEIGHT: 0.0001
  REP_LAYERS: [6, 7, 8, 9, 10, 11, 12]
  REP_MN_ENFORCE_TRACE: True
  REP_MN_LOWRANK_RANK: 8
  REP_PRIOR_MODE: zero
  REP_PRIOR_STD: 0.05
  REP_SIGMA_MODE: matrix_normal_diag_lowrank
  SIGMA_MODE: global
CLIP_ADAPTERS:
  ALLOW_CACHE: True
  BAYES_KL_SCALE: 1.0
  BAYES_PRIOR_STD: 0.01
  CONSTRAINT: none
  ENHANCED_BASE: none
  INIT: ZS
  KL_WEIGHT: 0.0001
  N_SAMPLES: 3
  N_TEST_SAMPLES: 10
  PREC: fp32
  TYPE: MP
DATALOADER:
  K_TRANSFORMS: 1
  NUM_WORKERS: 8
  RETURN_IMG0: False
  TEST:
    BATCH_SIZE: 250
    SAMPLER: SequentialSampler
  TRAIN_U:
    BATCH_SIZE: 32
    N_DOMAIN: 0
    N_INS: 16
    SAME_AS_X: True
    SAMPLER: RandomSampler
  TRAIN_X:
    BATCH_SIZE: 32
    N_DOMAIN: 0
    N_INS: 16
    SAMPLER: RandomSampler
DATASET:
  ALL_AS_UNLABELED: False
  CIFAR_C_LEVEL: 1
  CIFAR_C_TYPE: 
  NAME: Caltech101
  NUM_LABELED: -1
  NUM_SHOTS: 16
  ROOT: DATASETS
  SOURCE_DOMAINS: ()
  STL10_FOLD: -1
  SUBSAMPLE_CLASSES: all
  TARGET_DOMAINS: ()
  VAL_PERCENT: 0.1
INPUT:
  COLORJITTER_B: 0.4
  COLORJITTER_C: 0.4
  COLORJITTER_H: 0.1
  COLORJITTER_S: 0.4
  CROP_PADDING: 4
  CUTOUT_LEN: 16
  CUTOUT_N: 1
  GB_K: 21
  GB_P: 0.5
  GN_MEAN: 0.0
  GN_STD: 0.15
  INTERPOLATION: bicubic
  NO_TRANSFORM: False
  PIXEL_MEAN: [0.48145466, 0.4578275, 0.40821073]
  PIXEL_STD: [0.26862954, 0.26130258, 0.27577711]
  RANDAUGMENT_M: 10
  RANDAUGMENT_N: 2
  RGS_P: 0.2
  RRCROP_SCALE: (0.5, 1)
  SIZE: (224, 224)
  TRANSFORMS: ('random_resized_crop', 'random_flip', 'normalize')
METHOD:
  EXEC_MODE: online
  FAMILY: internal_adaptation
  NAME: BayesMMRL
  TAG: default
MMRL:
  ALPHA: 0.7
  N_REP_TOKENS: 5
  PREC: amp
  REG_WEIGHT: 1.0
  REP_DIM: 512
  REP_LAYERS: [6, 7, 8, 9, 10, 11, 12]
MMRLPP:
  ALPHA: 0.7
  BETA: 0.9
  N_REP_TOKENS: 5
  PREC: amp
  PROJ_LORA_DIM: 64
  REG_WEIGHT: 1.0
  REP_DIM: 512
  REP_LAYERS: [6, 7, 8, 9, 10, 11, 12]
  RES_LORA_DIM: 4
MMRL_MIX:
  ALPHA: 0.7
  LOSS_FUSE_WEIGHT: 0.2
  LOSS_MAIN_WEIGHT: 1.0
  LOSS_REP_WEIGHT: 1.0
  N_REP_TOKENS: 5
  PREC: amp
  REG_WEIGHT: 1.0
  REP_DIM: 512
  REP_LAYERS: [6, 7, 8, 9, 10, 11, 12]
MODEL:
  BACKBONE:
    NAME: ViT-B/16
    PRETRAINED: True
  HEAD:
    ACTIVATION: relu
    BN: True
    DROPOUT: 0.0
    HIDDEN_LAYERS: ()
    NAME: 
  INIT_WEIGHTS: 
OPTIM:
  ADAM_BETA1: 0.9
  ADAM_BETA2: 0.999
  BASE_LR_MULT: 0.1
  GAMMA: 0.1
  LR: 0.001
  LR_SCHEDULER: cosine
  MAX_EPOCH: 50
  MOMENTUM: 0.9
  NAME: adamw
  NEW_LAYERS: ()
  RMSPROP_ALPHA: 0.99
  SGD_DAMPNING: 0
  SGD_NESTEROV: False
  STAGED_LR: False
  STEPSIZE: (-1,)
  WARMUP_CONS_LR: 1e-05
  WARMUP_EPOCH: 1
  WARMUP_MIN_LR: 1e-05
  WARMUP_RECOUNT: True
  WARMUP_TYPE: constant
  WEIGHT_DECAY: 0.0005
OUTPUT_DIR: output_sweeps/bayes_mmrl_rep_tokens_only/coarse3/search_stage/BayesMMRL/FS/fewshot_train/caltech101/shots_16/ViT-B-16/rep_zero_sig-matrix_normal_diag_lowrank_pstd-0.05_kl-1e-4_rank-8/seed1
PROTOCOL:
  NAME: FS
  PHASE: fewshot_train
RESUME: 
RUNTIME:
  OUTPUT_ROOT: output_refactor
  USE_DASSL_TRAINER_BRIDGE: True
SEED: 1
TASK: FS
TEST:
  COMPUTE_CMAT: False
  EVALUATOR: Classification
  FINAL_MODEL: last_step
  NO_TEST: False
  PER_CLASS_RESULT: False
  SPLIT: test
TRAIN:
  CHECKPOINT_FREQ: 0
  COUNT_ITER: train_x
  PRINT_FREQ: 20
TRAINER:
  BayesMMRL:
    ALPHA: 0.7
    BAYES_TARGET: rep_tokens
    CLIP_PRIOR_BLEND: 0.5
    CLIP_PRIOR_SCALE: 0.05
    EVAL_AGGREGATION: logit_mean
    EVAL_MODE: mc_predictive
    EVAL_USE_POSTERIOR_MEAN: False
    KL_WARMUP_EPOCHS: 8
    KL_WEIGHT: 0.0001
    N_MC_TEST: 10
    N_MC_TRAIN: 3
    N_REP_TOKENS: 5
    PREC: amp
    PRIOR_STD: 0.05
    PROJ_REP_KL_WEIGHT: 1e-06
    PROJ_REP_PRIOR_MODE: clip_proj
    PROJ_REP_PRIOR_STD: 0.01
    PROJ_REP_SIGMA_MODE: row
    REG_WEIGHT: 0.5
    REP_DIM: 512
    REP_KL_WEIGHT: 0.0001
    REP_LAYERS: [6, 7, 8, 9, 10, 11, 12]
    REP_MN_ENFORCE_TRACE: True
    REP_MN_LOWRANK_RANK: 8
    REP_PRIOR_MODE: zero
    REP_PRIOR_STD: 0.05
    REP_SIGMA_MODE: matrix_normal_diag_lowrank
    SIGMA_MODE: matrix_normal_diag_lowrank
  CDAC:
    CLASS_LR_MULTI: 10
    P_THRESH: 0.95
    RAMPUP_COEF: 30
    RAMPUP_ITRS: 1000
    STRONG_TRANSFORMS: ()
    TOPK_MATCH: 5
  CROSSGRAD:
    ALPHA_D: 0.5
    ALPHA_F: 0.5
    EPS_D: 1.0
    EPS_F: 1.0
  ClipADAPTER:
    ALLOW_CACHE: True
    CONSTRAINT: none
    ENHANCED_BASE: none
    INIT: ZS
    PREC: fp32
    TYPE: MP
  DAEL:
    CONF_THRE: 0.95
    STRONG_TRANSFORMS: ()
    WEIGHT_U: 0.5
  DAELDG:
    CONF_THRE: 0.95
    STRONG_TRANSFORMS: ()
    WEIGHT_U: 0.5
  DDAIG:
    ALPHA: 0.5
    CLAMP: False
    CLAMP_MAX: 1.0
    CLAMP_MIN: -1.0
    G_ARCH: 
    LMDA: 0.3
    WARMUP: 0
  DOMAINMIX:
    ALPHA: 1.0
    BETA: 1.0
    TYPE: crossdomain
  ENTMIN:
    LMDA: 0.001
  FIXMATCH:
    CONF_THRE: 0.95
    STRONG_TRANSFORMS: ()
    WEIGHT_U: 1.0
  M3SDA:
    LMDA: 0.5
    N_STEP_F: 4
  MCD:
    N_STEP_F: 4
  MEANTEACHER:
    EMA_ALPHA: 0.999
    RAMPUP: 5
    WEIGHT_U: 1.0
  MIXMATCH:
    MIXUP_BETA: 0.75
    RAMPUP: 20000
    TEMP: 2.0
    WEIGHT_U: 100.0
  MME:
    LMDA: 0.1
  MMRL:
    ALPHA: 0.7
    N_REP_TOKENS: 5
    PREC: amp
    REG_WEIGHT: 1.0
    REP_DIM: 512
    REP_LAYERS: [6, 7, 8, 9, 10, 11, 12]
  MMRLMix:
    ALPHA: 0.7
    LOSS_FUSE_WEIGHT: 0.2
    LOSS_MAIN_WEIGHT: 1.0
    LOSS_REP_WEIGHT: 1.0
    N_REP_TOKENS: 5
    PREC: amp
    REG_WEIGHT: 1.0
    REP_DIM: 512
    REP_LAYERS: [6, 7, 8, 9, 10, 11, 12]
  MMRLpp:
    ALPHA: 0.7
    BETA: 0.9
    N_REP_TOKENS: 5
    PREC: amp
    PROJ_LORA_DIM: 64
    REG_WEIGHT: 1.0
    REP_DIM: 512
    REP_LAYERS: [6, 7, 8, 9, 10, 11, 12]
    RES_LORA_DIM: 4
  NAME: RefactorRunner
  SE:
    CONF_THRE: 0.95
    EMA_ALPHA: 0.999
    RAMPUP: 300
USE_CUDA: True
VERBOSE: True
VERSION: 1
Collecting env info ...
** System info **
PyTorch version: 2.11.0+cu128
Is debug build: False
CUDA used to build PyTorch: 12.8
ROCM used to build PyTorch: N/A

OS: Ubuntu 22.04.1 LTS (x86_64)
GCC version: (Ubuntu 11.3.0-1ubuntu1~22.04) 11.3.0
Clang version: Could not collect
CMake version: version 3.22.1
Libc version: glibc-2.35

Python version: 3.10.20 (main, Mar 11 2026, 17:46:40) [GCC 14.3.0] (64-bit runtime)
Python platform: Linux-5.15.0-78-generic-x86_64-with-glibc2.35
Is CUDA available: True
CUDA runtime version: 11.8.89
CUDA_MODULE_LOADING set to: 
GPU models and configuration: 
GPU 0: NVIDIA GeForce RTX 5090
GPU 1: NVIDIA GeForce RTX 5090
GPU 2: NVIDIA GeForce RTX 5090

Nvidia driver version: 595.58.03
cuDNN version: Probably one of the following:
/usr/lib/x86_64-linux-gnu/libcudnn.so.8.6.0
/usr/lib/x86_64-linux-gnu/libcudnn_adv_infer.so.8.6.0
/usr/lib/x86_64-linux-gnu/libcudnn_adv_train.so.8.6.0
/usr/lib/x86_64-linux-gnu/libcudnn_cnn_infer.so.8.6.0
/usr/lib/x86_64-linux-gnu/libcudnn_cnn_train.so.8.6.0
/usr/lib/x86_64-linux-gnu/libcudnn_ops_infer.so.8.6.0
/usr/lib/x86_64-linux-gnu/libcudnn_ops_train.so.8.6.0
Is XPU available: False
HIP runtime version: N/A
MIOpen runtime version: N/A
Is XNNPACK available: True
Caching allocator config: N/A

CPU:
Architecture:                    x86_64
CPU op-mode(s):                  32-bit, 64-bit
Address sizes:                   52 bits physical, 57 bits virtual
Byte Order:                      Little Endian
CPU(s):                          208
On-line CPU(s) list:             0-207
Vendor ID:                       GenuineIntel
Model name:                      Intel(R) Xeon(R) Platinum 8470Q
CPU family:                      6
Model:                           143
Thread(s) per core:              2
Core(s) per socket:              52
Socket(s):                       2
Stepping:                        8
Frequency boost:                 enabled
CPU max MHz:                     2101.0000
CPU min MHz:                     800.0000
BogoMIPS:                        4200.00
Flags:                           fpu vme de pse tsc msr pae mce cx8 apic sep mtrr pge mca cmov pat pse36 clflush dts acpi mmx fxsr sse sse2 ss ht tm pbe syscall nx pdpe1gb rdtscp lm constant_tsc art arch_perfmon pebs bts rep_good nopl xtopology nonstop_tsc cpuid aperfmperf tsc_known_freq pni pclmulqdq dtes64 ds_cpl vmx smx est tm2 ssse3 sdbg fma cx16 xtpr pdcm pcid dca sse4_1 sse4_2 x2apic movbe popcnt tsc_deadline_timer aes xsave avx f16c rdrand lahf_lm abm 3dnowprefetch cpuid_fault epb cat_l3 cat_l2 cdp_l3 invpcid_single intel_ppin cdp_l2 ssbd mba ibrs ibpb stibp ibrs_enhanced tpr_shadow vnmi flexpriority ept vpid ept_ad fsgsbase tsc_adjust bmi1 avx2 smep bmi2 erms invpcid cqm rdt_a avx512f avx512dq rdseed adx smap avx512ifma clflushopt clwb intel_pt avx512cd sha_ni avx512bw avx512vl xsaveopt xsavec xgetbv1 xsaves cqm_llc cqm_occup_llc cqm_mbm_total cqm_mbm_local split_lock_detect avx_vnni avx512_bf16 wbnoinvd dtherm ida arat pln pts avx512vbmi umip pku ospke waitpkg avx512_vbmi2 gfni vaes vpclmulqdq avx512_vnni avx512_bitalg tme avx512_vpopcntdq la57 rdpid bus_lock_detect cldemote movdiri movdir64b enqcmd fsrm md_clear serialize tsxldtrk pconfig arch_lbr amx_bf16 avx512_fp16 amx_tile amx_int8 flush_l1d arch_capabilities
Virtualization:                  VT-x
L1d cache:                       4.9 MiB (104 instances)
L1i cache:                       3.3 MiB (104 instances)
L2 cache:                        208 MiB (104 instances)
L3 cache:                        210 MiB (2 instances)
NUMA node(s):                    2
NUMA node0 CPU(s):               0-51,104-155
NUMA node1 CPU(s):               52-103,156-207
Vulnerability Itlb multihit:     Not affected
Vulnerability L1tf:              Not affected
Vulnerability Mds:               Not affected
Vulnerability Meltdown:          Not affected
Vulnerability Mmio stale data:   Not affected
Vulnerability Retbleed:          Not affected
Vulnerability Spec store bypass: Mitigation; Speculative Store Bypass disabled via prctl and seccomp
Vulnerability Spectre v1:        Mitigation; usercopy/swapgs barriers and __user pointer sanitization
Vulnerability Spectre v2:        Mitigation; Enhanced IBRS, IBPB conditional, RSB filling, PBRSB-eIBRS SW sequence
Vulnerability Srbds:             Not affected
Vulnerability Tsx async abort:   Not affected

Versions of relevant libraries:
[pip3] flake8==3.7.9
[pip3] numpy==2.2.6
[pip3] nvidia-cublas-cu12==12.8.4.1
[pip3] nvidia-cuda-cupti-cu12==12.8.90
[pip3] nvidia-cuda-nvrtc-cu12==12.8.93
[pip3] nvidia-cuda-runtime-cu12==12.8.90
[pip3] nvidia-cudnn-cu12==9.19.0.56
[pip3] nvidia-cufft-cu12==11.3.3.83
[pip3] nvidia-curand-cu12==10.3.9.90
[pip3] nvidia-cusolver-cu12==11.7.3.90
[pip3] nvidia-cusparse-cu12==12.5.8.93
[pip3] nvidia-cusparselt-cu12==0.7.1
[pip3] nvidia-nccl-cu12==2.28.9
[pip3] nvidia-nvjitlink-cu12==12.8.93
[pip3] nvidia-nvtx-cu12==12.8.90
[pip3] torch==2.11.0+cu128
[pip3] torchaudio==2.11.0+cu128
[pip3] torchvision==0.26.0+cu128
[pip3] triton==3.6.0
[conda] numpy                     2.2.6                    pypi_0    pypi
[conda] nvidia-cublas-cu12        12.8.4.1                 pypi_0    pypi
[conda] nvidia-cuda-cupti-cu12    12.8.90                  pypi_0    pypi
[conda] nvidia-cuda-nvrtc-cu12    12.8.93                  pypi_0    pypi
[conda] nvidia-cuda-runtime-cu12  12.8.90                  pypi_0    pypi
[conda] nvidia-cudnn-cu12         9.19.0.56                pypi_0    pypi
[conda] nvidia-cufft-cu12         11.3.3.83                pypi_0    pypi
[conda] nvidia-curand-cu12        10.3.9.90                pypi_0    pypi
[conda] nvidia-cusolver-cu12      11.7.3.90                pypi_0    pypi
[conda] nvidia-cusparse-cu12      12.5.8.93                pypi_0    pypi
[conda] nvidia-cusparselt-cu12    0.7.1                    pypi_0    pypi
[conda] nvidia-nccl-cu12          2.28.9                   pypi_0    pypi
[conda] nvidia-nvjitlink-cu12     12.8.93                  pypi_0    pypi
[conda] nvidia-nvtx-cu12          12.8.90                  pypi_0    pypi
[conda] torch                     2.11.0+cu128             pypi_0    pypi
[conda] torchaudio                2.11.0+cu128             pypi_0    pypi
[conda] torchvision               0.26.0+cu128             pypi_0    pypi
[conda] triton                    3.6.0                    pypi_0    pypi
        Pillow (12.1.1)

Loading trainer: RefactorRunner
Loading dataset: Caltech101
Reading split from /root/autodl-tmp/MMRL/DATASETS/caltech-101/split_zhou_Caltech101.json
Loading preprocessed few-shot data from /root/autodl-tmp/MMRL/DATASETS/caltech-101/split_fewshot/shot_16-seed_1.pkl
Building transform_train
+ random resized crop (size=(224, 224), scale=(0.5, 1))
+ random flip
+ to torch tensor of range [0, 1]
+ normalization (mean=[0.48145466, 0.4578275, 0.40821073], std=[0.26862954, 0.26130258, 0.27577711])
Building transform_test
+ resize the smaller edge to 224
+ 224x224 center crop
+ to torch tensor of range [0, 1]
+ normalization (mean=[0.48145466, 0.4578275, 0.40821073], std=[0.26862954, 0.26130258, 0.27577711])
---------  ----------
Dataset    Caltech101
# classes  100
# train_x  1,600
# val      400
# test     2,465
---------  ----------
/root/autodl-tmp/MMRL/trainers/refactor_runner.py:61: FutureWarning: `torch.cuda.amp.GradScaler(args...)` is deprecated. Please use `torch.amp.GradScaler('cuda', args...)` instead.
  self.scaler = GradScaler() if prec == "amp" else None
[BayesMMRLMethod] trainable params: {'representation_learner.compound_rep_tokens_r2vproj.2.bias', 'representation_learner.compound_rep_tokens_r2vproj.6.bias', 'representation_learner.rep_posterior.posterior_feature_lowrank', 'representation_learner.compound_rep_tokens_r2vproj.3.bias', 'representation_learner.compound_rep_tokens_r2tproj.1.bias', 'representation_learner.compound_rep_tokens_r2tproj.3.bias', 'representation_learner.compound_rep_tokens_r2tproj.6.weight', 'representation_learner.rep_posterior.posterior_mean', 'representation_learner.compound_rep_tokens_r2vproj.0.weight', 'representation_learner.compound_rep_tokens_r2tproj.4.weight', 'representation_learner.compound_rep_tokens_r2tproj.0.bias', 'image_encoder.proj_rep', 'representation_learner.compound_rep_tokens_r2vproj.4.bias', 'representation_learner.compound_rep_tokens_r2vproj.5.bias', 'representation_learner.compound_rep_tokens_r2tproj.3.weight', 'representation_learner.compound_rep_tokens_r2tproj.5.weight', 'representation_learner.rep_posterior.posterior_token_tril_raw', 'representation_learner.compound_rep_tokens_r2vproj.2.weight', 'representation_learner.compound_rep_tokens_r2vproj.5.weight', 'representation_learner.compound_rep_tokens_r2vproj.3.weight', 'representation_learner.compound_rep_tokens_r2vproj.1.weight', 'representation_learner.rep_posterior.posterior_feature_diag_rho', 'representation_learner.compound_rep_tokens_r2tproj.0.weight', 'representation_learner.compound_rep_tokens_r2tproj.5.bias', 'representation_learner.compound_rep_tokens_r2tproj.6.bias', 'representation_learner.compound_rep_tokens_r2tproj.2.weight', 'representation_learner.compound_rep_tokens_r2tproj.1.weight', 'representation_learner.compound_rep_tokens_r2tproj.2.bias', 'representation_learner.compound_rep_tokens_r2tproj.4.bias', 'representation_learner.compound_rep_tokens_r2vproj.1.bias', 'representation_learner.compound_rep_tokens_r2vproj.0.bias', 'representation_learner.compound_rep_tokens_r2vproj.6.weight', 'representation_learner.compound_rep_tokens_r2vproj.4.weight'}
Loading evaluator: Classification
No checkpoint found, train from scratch
Initialize tensorboard (log_dir=output_sweeps/bayes_mmrl_rep_tokens_only/coarse3/search_stage/BayesMMRL/FS/fewshot_train/caltech101/shots_16/ViT-B-16/rep_zero_sig-matrix_normal_diag_lowrank_pstd-0.05_kl-1e-4_rank-8/seed1/tensorboard)
/root/autodl-tmp/MMRL/executors/online_executor.py:48: FutureWarning: `torch.cuda.amp.autocast(args...)` is deprecated. Please use `torch.amp.autocast('cuda', args...)` instead.
  with autocast():
epoch [1/50] batch [20/50] time 0.169 (0.262) data 0.000 (0.050) loss 2.1572 (2.2390) acc 90.6250 (88.9062) data_term 2.1572 (2.2390) raw_kl_rep 0.0059 (0.0019) raw_kl_proj_rep 0.0000 (0.0000) kl_rep_term 0.0000 (0.0000) kl_proj_rep_term 0.0000 (0.0000) kl_term 0.0000 (0.0000) kl_normalizer 50.0000 (50.0000) kl_beta 0.0000 (0.0000) lr 1.0000e-05 eta 0:10:49
epoch [1/50] batch [40/50] time 0.141 (0.214) data 0.000 (0.025) loss 1.9341 (2.1825) acc 93.7500 (88.6719) data_term 1.9341 (2.1825) raw_kl_rep 0.0210 (0.0075) raw_kl_proj_rep 0.0000 (0.0000) kl_rep_term 0.0000 (0.0000) kl_proj_rep_term 0.0000 (0.0000) kl_term 0.0000 (0.0000) kl_normalizer 50.0000 (50.0000) kl_beta 0.0000 (0.0000) lr 1.0000e-05 eta 0:08:45
epoch [2/50] batch [20/50] time 0.161 (0.205) data 0.000 (0.034) loss 0.3291 (1.1755) acc 100.0000 (88.4375) data_term 0.3291 (1.1755) raw_kl_rep 33.5435 (12.0418) raw_kl_proj_rep 0.0000 (0.0000) kl_rep_term 0.0000 (0.0000) kl_proj_rep_term 0.0000 (0.0000) kl_term 0.0000 (0.0000) kl_normalizer 50.0000 (50.0000) kl_beta 0.0000 (0.0000) lr 1.0000e-03 eta 0:08:16
epoch [2/50] batch [40/50] time 0.312 (0.214) data 0.000 (0.017) loss 0.2814 (0.7687) acc 93.7500 (91.0938) data_term 0.2814 (0.7687) raw_kl_rep 80.4038 (36.5428) raw_kl_proj_rep 0.0000 (0.0000) kl_rep_term 0.0000 (0.0000) kl_proj_rep_term 0.0000 (0.0000) kl_term 0.0000 (0.0000) kl_normalizer 50.0000 (50.0000) kl_beta 0.0000 (0.0000) lr 1.0000e-03 eta 0:08:34
epoch [3/50] batch [20/50] time 0.180 (0.241) data 0.000 (0.029) loss 0.2891 (0.2260) acc 93.7500 (95.1562) data_term 0.2891 (0.2260) raw_kl_rep 104.9878 (99.8016) raw_kl_proj_rep 0.0000 (0.0000) kl_rep_term 0.0000 (0.0000) kl_proj_rep_term 0.0000 (0.0000) kl_term 0.0000 (0.0000) kl_normalizer 50.0000 (50.0000) kl_beta 0.0000 (0.0000) lr 9.9901e-04 eta 0:09:32
epoch [3/50] batch [40/50] time 0.306 (0.223) data 0.000 (0.015) loss 0.1712 (0.2398) acc 100.0000 (94.6094) data_term 0.1712 (0.2398) raw_kl_rep 114.3511 (104.9554) raw_kl_proj_rep 0.0000 (0.0000) kl_rep_term 0.0000 (0.0000) kl_proj_rep_term 0.0000 (0.0000) kl_term 0.0000 (0.0000) kl_normalizer 50.0000 (50.0000) kl_beta 0.0000 (0.0000) lr 9.9901e-04 eta 0:08:46
epoch [4/50] batch [20/50] time 0.115 (0.254) data 0.000 (0.032) loss 0.1550 (0.1868) acc 93.7500 (95.7812) data_term 0.1550 (0.1868) raw_kl_rep 127.4541 (122.5388) raw_kl_proj_rep 0.0000 (0.0000) kl_rep_term 0.0000 (0.0000) kl_proj_rep_term 0.0000 (0.0000) kl_term 0.0000 (0.0000) kl_normalizer 50.0000 (50.0000) kl_beta 0.0000 (0.0000) lr 9.9606e-04 eta 0:09:51
epoch [4/50] batch [40/50] time 0.159 (0.229) data 0.000 (0.016) loss 0.1098 (0.1730) acc 100.0000 (95.9375) data_term 0.1098 (0.1730) raw_kl_rep 138.7573 (127.8719) raw_kl_proj_rep 0.0000 (0.0000) kl_rep_term 0.0000 (0.0000) kl_proj_rep_term 0.0000 (0.0000) kl_term 0.0000 (0.0000) kl_normalizer 50.0000 (50.0000) kl_beta 0.0000 (0.0000) lr 9.9606e-04 eta 0:08:49
epoch [5/50] batch [20/50] time 0.163 (0.247) data 0.000 (0.031) loss 0.0924 (0.1587) acc 96.8750 (96.5625) data_term 0.0924 (0.1587) raw_kl_rep 164.9556 (154.5276) raw_kl_proj_rep 0.0000 (0.0000) kl_rep_term 0.0000 (0.0000) kl_proj_rep_term 0.0000 (0.0000) kl_term 0.0000 (0.0000) kl_normalizer 50.0000 (50.0000) kl_beta 0.0000 (0.0000) lr 9.9114e-04 eta 0:09:23
epoch [5/50] batch [40/50] time 0.155 (0.234) data 0.000 (0.016) loss 0.1587 (0.1682) acc 96.8750 (96.3281) data_term 0.1587 (0.1682) raw_kl_rep 180.3037 (163.3254) raw_kl_proj_rep 0.0000 (0.0000) kl_rep_term 0.0000 (0.0000) kl_proj_rep_term 0.0000 (0.0000) kl_term 0.0000 (0.0000) kl_normalizer 50.0000 (50.0000) kl_beta 0.0000 (0.0000) lr 9.9114e-04 eta 0:08:49
epoch [6/50] batch [20/50] time 0.206 (0.270) data 0.000 (0.029) loss 0.1280 (0.1413) acc 96.8750 (97.6562) data_term 0.1280 (0.1413) raw_kl_rep 202.0537 (196.0329) raw_kl_proj_rep 0.0000 (0.0000) kl_rep_term 0.0000 (0.0000) kl_proj_rep_term 0.0000 (0.0000) kl_term 0.0000 (0.0000) kl_normalizer 50.0000 (50.0000) kl_beta 0.0000 (0.0000) lr 9.8429e-04 eta 0:10:01
epoch [6/50] batch [40/50] time 0.278 (0.251) data 0.000 (0.015) loss 0.0898 (0.1445) acc 100.0000 (97.6562) data_term 0.0898 (0.1445) raw_kl_rep 217.3911 (203.1337) raw_kl_proj_rep 0.0000 (0.0000) kl_rep_term 0.0000 (0.0000) kl_proj_rep_term 0.0000 (0.0000) kl_term 0.0000 (0.0000) kl_normalizer 50.0000 (50.0000) kl_beta 0.0000 (0.0000) lr 9.8429e-04 eta 0:09:15
epoch [7/50] batch [20/50] time 0.169 (0.243) data 0.000 (0.031) loss 0.4926 (0.1715) acc 84.3750 (96.7188) data_term 0.4926 (0.1715) raw_kl_rep 238.2075 (233.0299) raw_kl_proj_rep 0.0000 (0.0000) kl_rep_term 0.0000 (0.0000) kl_proj_rep_term 0.0000 (0.0000) kl_term 0.0000 (0.0000) kl_normalizer 50.0000 (50.0000) kl_beta 0.0000 (0.0000) lr 9.7553e-04 eta 0:08:50
epoch [7/50] batch [40/50] time 0.150 (0.217) data 0.000 (0.016) loss 0.0760 (0.1481) acc 100.0000 (97.5000) data_term 0.0760 (0.1481) raw_kl_rep 250.2852 (238.6203) raw_kl_proj_rep 0.0000 (0.0000) kl_rep_term 0.0000 (0.0000) kl_proj_rep_term 0.0000 (0.0000) kl_term 0.0000 (0.0000) kl_normalizer 50.0000 (50.0000) kl_beta 0.0000 (0.0000) lr 9.7553e-04 eta 0:07:49
epoch [8/50] batch [20/50] time 0.166 (0.213) data 0.000 (0.029) loss 0.1143 (0.1460) acc 100.0000 (97.5000) data_term 0.1143 (0.1460) raw_kl_rep 261.7134 (256.9801) raw_kl_proj_rep 0.0000 (0.0000) kl_rep_term 0.0000 (0.0000) kl_proj_rep_term 0.0000 (0.0000) kl_term 0.0000 (0.0000) kl_normalizer 50.0000 (50.0000) kl_beta 0.0000 (0.0000) lr 9.6489e-04 eta 0:07:33
epoch [8/50] batch [40/50] time 0.154 (0.214) data 0.000 (0.015) loss 0.2687 (0.1250) acc 96.8750 (97.9688) data_term 0.2687 (0.1250) raw_kl_rep 269.9844 (261.7387) raw_kl_proj_rep 0.0000 (0.0000) kl_rep_term 0.0000 (0.0000) kl_proj_rep_term 0.0000 (0.0000) kl_term 0.0000 (0.0000) kl_normalizer 50.0000 (50.0000) kl_beta 0.0000 (0.0000) lr 9.6489e-04 eta 0:07:31
epoch [9/50] batch [20/50] time 0.465 (0.263) data 0.000 (0.042) loss 0.1485 (0.1237) acc 96.8750 (97.8125) data_term 0.1485 (0.1237) raw_kl_rep 288.1797 (282.2511) raw_kl_proj_rep 0.0000 (0.0000) kl_rep_term 0.0000 (0.0000) kl_proj_rep_term 0.0000 (0.0000) kl_term 0.0000 (0.0000) kl_normalizer 50.0000 (50.0000) kl_beta 0.0000 (0.0000) lr 9.5241e-04 eta 0:09:06
epoch [9/50] batch [40/50] time 0.186 (0.244) data 0.000 (0.021) loss 0.0684 (0.1323) acc 100.0000 (97.9688) data_term 0.0684 (0.1323) raw_kl_rep 297.7969 (286.9189) raw_kl_proj_rep 0.0000 (0.0000) kl_rep_term 0.0000 (0.0000) kl_proj_rep_term 0.0000 (0.0000) kl_term 0.0000 (0.0000) kl_normalizer 50.0000 (50.0000) kl_beta 0.0000 (0.0000) lr 9.5241e-04 eta 0:08:21
epoch [10/50] batch [20/50] time 0.189 (0.240) data 0.000 (0.030) loss 0.0789 (0.1204) acc 96.8750 (98.1250) data_term 0.0789 (0.1204) raw_kl_rep 313.9834 (309.3660) raw_kl_proj_rep 0.0000 (0.0000) kl_rep_term 0.0000 (0.0000) kl_proj_rep_term 0.0000 (0.0000) kl_term 0.0000 (0.0000) kl_normalizer 50.0000 (50.0000) kl_beta 0.0244 (0.0244) lr 9.3815e-04 eta 0:08:07
epoch [10/50] batch [40/50] time 0.239 (0.225) data 0.000 (0.015) loss 0.0592 (0.1125) acc 100.0000 (98.4375) data_term 0.0592 (0.1125) raw_kl_rep 322.0752 (314.1321) raw_kl_proj_rep 0.0000 (0.0000) kl_rep_term 0.0000 (0.0000) kl_proj_rep_term 0.0000 (0.0000) kl_term 0.0000 (0.0000) kl_normalizer 50.0000 (50.0000) kl_beta 0.0244 (0.0244) lr 9.3815e-04 eta 0:07:32
epoch [11/50] batch [20/50] time 0.170 (0.259) data 0.000 (0.031) loss 0.0879 (0.1001) acc 96.8750 (98.2812) data_term 0.0878 (0.1001) raw_kl_rep 333.4307 (330.8250) raw_kl_proj_rep 0.0000 (0.0000) kl_rep_term 0.0000 (0.0000) kl_proj_rep_term 0.0000 (0.0000) kl_term 0.0000 (0.0000) kl_normalizer 50.0000 (50.0000) kl_beta 0.0488 (0.0488) lr 9.2216e-04 eta 0:08:32
epoch [11/50] batch [40/50] time 0.230 (0.232) data 0.000 (0.016) loss 0.1795 (0.1058) acc 96.8750 (98.5156) data_term 0.1794 (0.1057) raw_kl_rep 335.4946 (332.8306) raw_kl_proj_rep 0.0000 (0.0000) kl_rep_term 0.0000 (0.0000) kl_proj_rep_term 0.0000 (0.0000) kl_term 0.0000 (0.0000) kl_normalizer 50.0000 (50.0000) kl_beta 0.0488 (0.0488) lr 9.2216e-04 eta 0:07:35
epoch [12/50] batch [20/50] time 0.179 (0.228) data 0.000 (0.027) loss 0.0796 (0.0964) acc 100.0000 (98.9062) data_term 0.0796 (0.0963) raw_kl_rep 346.6499 (342.0421) raw_kl_proj_rep 0.0000 (0.0000) kl_rep_term 0.0001 (0.0001) kl_proj_rep_term 0.0000 (0.0000) kl_term 0.0001 (0.0001) kl_normalizer 50.0000 (50.0000) kl_beta 0.0732 (0.0732) lr 9.0451e-04 eta 0:07:19
epoch [12/50] batch [40/50] time 0.258 (0.219) data 0.000 (0.014) loss 0.0911 (0.0910) acc 100.0000 (98.9844) data_term 0.0910 (0.0910) raw_kl_rep 356.6748 (347.4188) raw_kl_proj_rep 0.0000 (0.0000) kl_rep_term 0.0001 (0.0001) kl_proj_rep_term 0.0000 (0.0000) kl_term 0.0001 (0.0001) kl_normalizer 50.0000 (50.0000) kl_beta 0.0732 (0.0732) lr 9.0451e-04 eta 0:06:58
epoch [13/50] batch [20/50] time 0.193 (0.218) data 0.000 (0.027) loss 0.0592 (0.1000) acc 100.0000 (98.7500) data_term 0.0591 (0.1000) raw_kl_rep 364.5142 (362.2374) raw_kl_proj_rep 0.0000 (0.0000) kl_rep_term 0.0001 (0.0001) kl_proj_rep_term 0.0000 (0.0000) kl_term 0.0001 (0.0001) kl_normalizer 50.0000 (50.0000) kl_beta 0.0976 (0.0976) lr 8.8526e-04 eta 0:06:49
epoch [13/50] batch [40/50] time 0.183 (0.206) data 0.000 (0.014) loss 0.0784 (0.0971) acc 96.8750 (98.5156) data_term 0.0783 (0.0970) raw_kl_rep 372.5015 (365.2991) raw_kl_proj_rep 0.0000 (0.0000) kl_rep_term 0.0001 (0.0001) kl_proj_rep_term 0.0000 (0.0000) kl_term 0.0001 (0.0001) kl_normalizer 50.0000 (50.0000) kl_beta 0.0976 (0.0976) lr 8.8526e-04 eta 0:06:23
epoch [14/50] batch [20/50] time 0.202 (0.252) data 0.000 (0.028) loss 0.0541 (0.0754) acc 100.0000 (98.9062) data_term 0.0540 (0.0753) raw_kl_rep 381.1641 (378.6876) raw_kl_proj_rep 0.0000 (0.0000) kl_rep_term 0.0001 (0.0001) kl_proj_rep_term 0.0000 (0.0000) kl_term 0.0001 (0.0001) kl_normalizer 50.0000 (50.0000) kl_beta 0.1220 (0.1220) lr 8.6448e-04 eta 0:07:41
epoch [14/50] batch [40/50] time 0.252 (0.234) data 0.000 (0.014) loss 0.2753 (0.0855) acc 93.7500 (98.8281) data_term 0.2752 (0.0854) raw_kl_rep 390.8203 (382.4292) raw_kl_proj_rep 0.0000 (0.0000) kl_rep_term 0.0001 (0.0001) kl_proj_rep_term 0.0000 (0.0000) kl_term 0.0001 (0.0001) kl_normalizer 50.0000 (50.0000) kl_beta 0.1220 (0.1220) lr 8.6448e-04 eta 0:07:04
epoch [15/50] batch [20/50] time 0.301 (0.236) data 0.000 (0.031) loss 0.0963 (0.1060) acc 100.0000 (98.5938) data_term 0.0962 (0.1058) raw_kl_rep 397.0005 (395.3669) raw_kl_proj_rep 0.0000 (0.0000) kl_rep_term 0.0001 (0.0001) kl_proj_rep_term 0.0000 (0.0000) kl_term 0.0001 (0.0001) kl_normalizer 50.0000 (50.0000) kl_beta 0.1463 (0.1463) lr 8.4227e-04 eta 0:06:59
epoch [15/50] batch [40/50] time 0.370 (0.215) data 0.000 (0.016) loss 0.0556 (0.0966) acc 100.0000 (98.7500) data_term 0.0555 (0.0965) raw_kl_rep 401.4785 (396.7686) raw_kl_proj_rep 0.0000 (0.0000) kl_rep_term 0.0001 (0.0001) kl_proj_rep_term 0.0000 (0.0000) kl_term 0.0001 (0.0001) kl_normalizer 50.0000 (50.0000) kl_beta 0.1463 (0.1463) lr 8.4227e-04 eta 0:06:18
epoch [16/50] batch [20/50] time 0.179 (0.226) data 0.000 (0.026) loss 0.1181 (0.0838) acc 96.8750 (99.0625) data_term 0.1180 (0.0837) raw_kl_rep 412.6392 (409.7869) raw_kl_proj_rep 0.0000 (0.0000) kl_rep_term 0.0001 (0.0001) kl_proj_rep_term 0.0000 (0.0000) kl_term 0.0001 (0.0001) kl_normalizer 50.0000 (50.0000) kl_beta 0.1707 (0.1707) lr 8.1871e-04 eta 0:06:30
epoch [16/50] batch [40/50] time 0.214 (0.214) data 0.000 (0.013) loss 0.0906 (0.0847) acc 100.0000 (99.0625) data_term 0.0904 (0.0846) raw_kl_rep 419.2109 (412.6894) raw_kl_proj_rep 0.0000 (0.0000) kl_rep_term 0.0001 (0.0001) kl_proj_rep_term 0.0000 (0.0000) kl_term 0.0001 (0.0001) kl_normalizer 50.0000 (50.0000) kl_beta 0.1707 (0.1707) lr 8.1871e-04 eta 0:06:05
epoch [17/50] batch [20/50] time 0.160 (0.246) data 0.000 (0.028) loss 0.1254 (0.0931) acc 96.8750 (98.5938) data_term 0.1253 (0.0929) raw_kl_rep 420.3657 (421.2776) raw_kl_proj_rep 0.0000 (0.0000) kl_rep_term 0.0002 (0.0002) kl_proj_rep_term 0.0000 (0.0000) kl_term 0.0002 (0.0002) kl_normalizer 50.0000 (50.0000) kl_beta 0.1951 (0.1951) lr 7.9389e-04 eta 0:06:53
epoch [17/50] batch [40/50] time 0.177 (0.228) data 0.000 (0.014) loss 0.0574 (0.0963) acc 100.0000 (98.5156) data_term 0.0573 (0.0962) raw_kl_rep 424.7153 (421.7243) raw_kl_proj_rep 0.0000 (0.0000) kl_rep_term 0.0002 (0.0002) kl_proj_rep_term 0.0000 (0.0000) kl_term 0.0002 (0.0002) kl_normalizer 50.0000 (50.0000) kl_beta 0.1951 (0.1951) lr 7.9389e-04 eta 0:06:18
epoch [18/50] batch [20/50] time 0.218 (0.274) data 0.000 (0.053) loss 0.0951 (0.0825) acc 100.0000 (98.9062) data_term 0.0949 (0.0823) raw_kl_rep 430.8467 (429.9231) raw_kl_proj_rep 0.0000 (0.0000) kl_rep_term 0.0002 (0.0002) kl_proj_rep_term 0.0000 (0.0000) kl_term 0.0002 (0.0002) kl_normalizer 50.0000 (50.0000) kl_beta 0.2195 (0.2195) lr 7.6791e-04 eta 0:07:26
epoch [18/50] batch [40/50] time 0.196 (0.271) data 0.000 (0.027) loss 0.1269 (0.0905) acc 96.8750 (98.9062) data_term 0.1267 (0.0903) raw_kl_rep 431.4399 (430.4611) raw_kl_proj_rep 0.0000 (0.0000) kl_rep_term 0.0002 (0.0002) kl_proj_rep_term 0.0000 (0.0000) kl_term 0.0002 (0.0002) kl_normalizer 50.0000 (50.0000) kl_beta 0.2195 (0.2195) lr 7.6791e-04 eta 0:07:16
epoch [19/50] batch [20/50] time 0.362 (0.269) data 0.000 (0.030) loss 0.0443 (0.0825) acc 100.0000 (98.9062) data_term 0.0441 (0.0823) raw_kl_rep 438.5981 (436.0951) raw_kl_proj_rep 0.0000 (0.0000) kl_rep_term 0.0002 (0.0002) kl_proj_rep_term 0.0000 (0.0000) kl_term 0.0002 (0.0002) kl_normalizer 50.0000 (50.0000) kl_beta 0.2439 (0.2439) lr 7.4088e-04 eta 0:07:05
epoch [19/50] batch [40/50] time 0.147 (0.250) data 0.000 (0.015) loss 0.0493 (0.0766) acc 100.0000 (99.0625) data_term 0.0491 (0.0764) raw_kl_rep 442.7871 (438.6621) raw_kl_proj_rep 0.0000 (0.0000) kl_rep_term 0.0002 (0.0002) kl_proj_rep_term 0.0000 (0.0000) kl_term 0.0002 (0.0002) kl_normalizer 50.0000 (50.0000) kl_beta 0.2439 (0.2439) lr 7.4088e-04 eta 0:06:30
epoch [20/50] batch [20/50] time 0.155 (0.233) data 0.000 (0.028) loss 0.0699 (0.0821) acc 100.0000 (98.4375) data_term 0.0697 (0.0818) raw_kl_rep 443.7637 (443.7583) raw_kl_proj_rep 0.0000 (0.0000) kl_rep_term 0.0002 (0.0002) kl_proj_rep_term 0.0000 (0.0000) kl_term 0.0002 (0.0002) kl_normalizer 50.0000 (50.0000) kl_beta 0.2683 (0.2683) lr 7.1289e-04 eta 0:05:56
epoch [20/50] batch [40/50] time 0.316 (0.229) data 0.000 (0.014) loss 0.1341 (0.0856) acc 96.8750 (98.3594) data_term 0.1338 (0.0854) raw_kl_rep 440.6064 (443.2438) raw_kl_proj_rep 0.0000 (0.0000) kl_rep_term 0.0002 (0.0002) kl_proj_rep_term 0.0000 (0.0000) kl_term 0.0002 (0.0002) kl_normalizer 50.0000 (50.0000) kl_beta 0.2683 (0.2683) lr 7.1289e-04 eta 0:05:45
epoch [21/50] batch [20/50] time 0.208 (0.236) data 0.000 (0.031) loss 0.0421 (0.0804) acc 100.0000 (98.9062) data_term 0.0419 (0.0801) raw_kl_rep 443.7305 (442.9194) raw_kl_proj_rep 0.0000 (0.0000) kl_rep_term 0.0003 (0.0003) kl_proj_rep_term 0.0000 (0.0000) kl_term 0.0003 (0.0003) kl_normalizer 50.0000 (50.0000) kl_beta 0.2927 (0.2927) lr 6.8406e-04 eta 0:05:48
epoch [21/50] batch [40/50] time 0.132 (0.225) data 0.000 (0.016) loss 0.1530 (0.0753) acc 96.8750 (98.9844) data_term 0.1527 (0.0751) raw_kl_rep 445.5698 (443.8446) raw_kl_proj_rep 0.0000 (0.0000) kl_rep_term 0.0003 (0.0003) kl_proj_rep_term 0.0000 (0.0000) kl_term 0.0003 (0.0003) kl_normalizer 50.0000 (50.0000) kl_beta 0.2927 (0.2927) lr 6.8406e-04 eta 0:05:28
epoch [22/50] batch [20/50] time 0.210 (0.233) data 0.000 (0.028) loss 0.0917 (0.0756) acc 100.0000 (99.5312) data_term 0.0914 (0.0753) raw_kl_rep 447.4844 (447.3502) raw_kl_proj_rep 0.0000 (0.0000) kl_rep_term 0.0003 (0.0003) kl_proj_rep_term 0.0000 (0.0000) kl_term 0.0003 (0.0003) kl_normalizer 50.0000 (50.0000) kl_beta 0.3171 (0.3171) lr 6.5451e-04 eta 0:05:33
epoch [22/50] batch [40/50] time 0.140 (0.221) data 0.000 (0.014) loss 0.0305 (0.0753) acc 100.0000 (99.2188) data_term 0.0302 (0.0750) raw_kl_rep 449.7905 (447.9543) raw_kl_proj_rep 0.0000 (0.0000) kl_rep_term 0.0003 (0.0003) kl_proj_rep_term 0.0000 (0.0000) kl_term 0.0003 (0.0003) kl_normalizer 50.0000 (50.0000) kl_beta 0.3171 (0.3171) lr 6.5451e-04 eta 0:05:11
epoch [23/50] batch [20/50] time 0.181 (0.266) data 0.000 (0.030) loss 0.0478 (0.0733) acc 100.0000 (99.3750) data_term 0.0475 (0.0730) raw_kl_rep 450.7539 (450.2967) raw_kl_proj_rep 0.0000 (0.0000) kl_rep_term 0.0003 (0.0003) kl_proj_rep_term 0.0000 (0.0000) kl_term 0.0003 (0.0003) kl_normalizer 50.0000 (50.0000) kl_beta 0.3415 (0.3415) lr 6.2434e-04 eta 0:06:07
epoch [23/50] batch [40/50] time 0.256 (0.237) data 0.000 (0.015) loss 0.0560 (0.0736) acc 100.0000 (99.3750) data_term 0.0557 (0.0733) raw_kl_rep 454.5142 (451.4764) raw_kl_proj_rep 0.0000 (0.0000) kl_rep_term 0.0003 (0.0003) kl_proj_rep_term 0.0000 (0.0000) kl_term 0.0003 (0.0003) kl_normalizer 50.0000 (50.0000) kl_beta 0.3415 (0.3415) lr 6.2434e-04 eta 0:05:21
epoch [24/50] batch [20/50] time 0.183 (0.244) data 0.000 (0.026) loss 0.0360 (0.0734) acc 100.0000 (99.2188) data_term 0.0357 (0.0730) raw_kl_rep 459.1562 (458.9327) raw_kl_proj_rep 0.0000 (0.0000) kl_rep_term 0.0003 (0.0003) kl_proj_rep_term 0.0000 (0.0000) kl_term 0.0003 (0.0003) kl_normalizer 50.0000 (50.0000) kl_beta 0.3659 (0.3659) lr 5.9369e-04 eta 0:05:24
epoch [24/50] batch [40/50] time 0.168 (0.223) data 0.000 (0.013) loss 0.0472 (0.0715) acc 100.0000 (99.4531) data_term 0.0468 (0.0712) raw_kl_rep 460.4526 (459.2754) raw_kl_proj_rep 0.0000 (0.0000) kl_rep_term 0.0003 (0.0003) kl_proj_rep_term 0.0000 (0.0000) kl_term 0.0003 (0.0003) kl_normalizer 50.0000 (50.0000) kl_beta 0.3659 (0.3659) lr 5.9369e-04 eta 0:04:52
epoch [25/50] batch [20/50] time 0.283 (0.255) data 0.000 (0.033) loss 0.0533 (0.0611) acc 100.0000 (99.5312) data_term 0.0530 (0.0608) raw_kl_rep 464.3364 (463.2203) raw_kl_proj_rep 0.0000 (0.0000) kl_rep_term 0.0004 (0.0004) kl_proj_rep_term 0.0000 (0.0000) kl_term 0.0004 (0.0004) kl_normalizer 50.0000 (50.0000) kl_beta 0.3902 (0.3902) lr 5.6267e-04 eta 0:05:26
epoch [25/50] batch [40/50] time 0.231 (0.247) data 0.000 (0.017) loss 0.0461 (0.0650) acc 100.0000 (99.5312) data_term 0.0458 (0.0647) raw_kl_rep 464.4731 (463.7133) raw_kl_proj_rep 0.0000 (0.0000) kl_rep_term 0.0004 (0.0004) kl_proj_rep_term 0.0000 (0.0000) kl_term 0.0004 (0.0004) kl_normalizer 50.0000 (50.0000) kl_beta 0.3902 (0.3902) lr 5.6267e-04 eta 0:05:11
epoch [26/50] batch [20/50] time 0.154 (0.215) data 0.000 (0.027) loss 0.0542 (0.0619) acc 100.0000 (99.5312) data_term 0.0538 (0.0615) raw_kl_rep 465.0400 (464.9547) raw_kl_proj_rep 0.0000 (0.0000) kl_rep_term 0.0004 (0.0004) kl_proj_rep_term 0.0000 (0.0000) kl_term 0.0004 (0.0004) kl_normalizer 50.0000 (50.0000) kl_beta 0.4146 (0.4146) lr 5.3140e-04 eta 0:04:24
epoch [26/50] batch [40/50] time 0.155 (0.221) data 0.000 (0.014) loss 0.0760 (0.0627) acc 100.0000 (99.6094) data_term 0.0757 (0.0623) raw_kl_rep 468.2510 (465.7630) raw_kl_proj_rep 0.0000 (0.0000) kl_rep_term 0.0004 (0.0004) kl_proj_rep_term 0.0000 (0.0000) kl_term 0.0004 (0.0004) kl_normalizer 50.0000 (50.0000) kl_beta 0.4146 (0.4146) lr 5.3140e-04 eta 0:04:27
epoch [27/50] batch [20/50] time 0.229 (0.269) data 0.000 (0.032) loss 0.0381 (0.0568) acc 100.0000 (99.6875) data_term 0.0377 (0.0564) raw_kl_rep 474.6377 (473.2611) raw_kl_proj_rep 0.0000 (0.0000) kl_rep_term 0.0004 (0.0004) kl_proj_rep_term 0.0000 (0.0000) kl_term 0.0004 (0.0004) kl_normalizer 50.0000 (50.0000) kl_beta 0.4390 (0.4390) lr 5.0000e-04 eta 0:05:17
epoch [27/50] batch [40/50] time 0.234 (0.250) data 0.000 (0.016) loss 0.0663 (0.0608) acc 100.0000 (99.6875) data_term 0.0659 (0.0604) raw_kl_rep 475.5918 (474.2177) raw_kl_proj_rep 0.0000 (0.0000) kl_rep_term 0.0004 (0.0004) kl_proj_rep_term 0.0000 (0.0000) kl_term 0.0004 (0.0004) kl_normalizer 50.0000 (50.0000) kl_beta 0.4390 (0.4390) lr 5.0000e-04 eta 0:04:50
epoch [28/50] batch [20/50] time 0.320 (0.223) data 0.000 (0.027) loss 0.0403 (0.0644) acc 100.0000 (99.2188) data_term 0.0398 (0.0639) raw_kl_rep 476.0723 (475.8755) raw_kl_proj_rep 0.0000 (0.0000) kl_rep_term 0.0004 (0.0004) kl_proj_rep_term 0.0000 (0.0000) kl_term 0.0004 (0.0004) kl_normalizer 50.0000 (50.0000) kl_beta 0.4634 (0.4634) lr 4.6860e-04 eta 0:04:11
epoch [28/50] batch [40/50] time 0.273 (0.220) data 0.000 (0.014) loss 0.0999 (0.0677) acc 100.0000 (99.2969) data_term 0.0994 (0.0673) raw_kl_rep 478.0181 (476.3118) raw_kl_proj_rep 0.0000 (0.0000) kl_rep_term 0.0004 (0.0004) kl_proj_rep_term 0.0000 (0.0000) kl_term 0.0004 (0.0004) kl_normalizer 50.0000 (50.0000) kl_beta 0.4634 (0.4634) lr 4.6860e-04 eta 0:04:04
epoch [29/50] batch [20/50] time 0.303 (0.240) data 0.000 (0.027) loss 0.0308 (0.0676) acc 100.0000 (99.5312) data_term 0.0304 (0.0671) raw_kl_rep 481.5083 (480.7071) raw_kl_proj_rep 0.0000 (0.0000) kl_rep_term 0.0005 (0.0005) kl_proj_rep_term 0.0000 (0.0000) kl_term 0.0005 (0.0005) kl_normalizer 50.0000 (50.0000) kl_beta 0.4878 (0.4878) lr 4.3733e-04 eta 0:04:19
epoch [29/50] batch [40/50] time 0.244 (0.236) data 0.000 (0.014) loss 0.0271 (0.0606) acc 100.0000 (99.6875) data_term 0.0266 (0.0601) raw_kl_rep 483.2329 (481.5197) raw_kl_proj_rep 0.0000 (0.0000) kl_rep_term 0.0005 (0.0005) kl_proj_rep_term 0.0000 (0.0000) kl_term 0.0005 (0.0005) kl_normalizer 50.0000 (50.0000) kl_beta 0.4878 (0.4878) lr 4.3733e-04 eta 0:04:10
epoch [30/50] batch [20/50] time 0.137 (0.233) data 0.000 (0.028) loss 0.0696 (0.0559) acc 100.0000 (99.5312) data_term 0.0691 (0.0554) raw_kl_rep 485.2754 (484.5994) raw_kl_proj_rep 0.0000 (0.0000) kl_rep_term 0.0005 (0.0005) kl_proj_rep_term 0.0000 (0.0000) kl_term 0.0005 (0.0005) kl_normalizer 50.0000 (50.0000) kl_beta 0.5122 (0.5122) lr 4.0631e-04 eta 0:03:59
epoch [30/50] batch [40/50] time 0.207 (0.217) data 0.000 (0.014) loss 0.0448 (0.0582) acc 100.0000 (99.6094) data_term 0.0443 (0.0577) raw_kl_rep 487.5000 (485.4829) raw_kl_proj_rep 0.0000 (0.0000) kl_rep_term 0.0005 (0.0005) kl_proj_rep_term 0.0000 (0.0000) kl_term 0.0005 (0.0005) kl_normalizer 50.0000 (50.0000) kl_beta 0.5122 (0.5122) lr 4.0631e-04 eta 0:03:39
epoch [31/50] batch [20/50] time 0.171 (0.254) data 0.000 (0.043) loss 0.0772 (0.0671) acc 100.0000 (99.5312) data_term 0.0767 (0.0666) raw_kl_rep 486.7896 (486.5698) raw_kl_proj_rep 0.0000 (0.0000) kl_rep_term 0.0005 (0.0005) kl_proj_rep_term 0.0000 (0.0000) kl_term 0.0005 (0.0005) kl_normalizer 50.0000 (50.0000) kl_beta 0.5366 (0.5366) lr 3.7566e-04 eta 0:04:09
epoch [31/50] batch [40/50] time 0.426 (0.222) data 0.000 (0.022) loss 0.0794 (0.0686) acc 96.8750 (99.5312) data_term 0.0789 (0.0681) raw_kl_rep 488.1021 (487.0498) raw_kl_proj_rep 0.0000 (0.0000) kl_rep_term 0.0005 (0.0005) kl_proj_rep_term 0.0000 (0.0000) kl_term 0.0005 (0.0005) kl_normalizer 50.0000 (50.0000) kl_beta 0.5366 (0.5366) lr 3.7566e-04 eta 0:03:32
epoch [32/50] batch [20/50] time 0.172 (0.249) data 0.000 (0.031) loss 0.0741 (0.0611) acc 100.0000 (99.8438) data_term 0.0735 (0.0605) raw_kl_rep 489.5698 (488.7982) raw_kl_proj_rep 0.0000 (0.0000) kl_rep_term 0.0005 (0.0005) kl_proj_rep_term 0.0000 (0.0000) kl_term 0.0005 (0.0005) kl_normalizer 50.0000 (50.0000) kl_beta 0.5610 (0.5610) lr 3.4549e-04 eta 0:03:51
epoch [32/50] batch [40/50] time 0.336 (0.225) data 0.000 (0.016) loss 0.0495 (0.0560) acc 100.0000 (99.6875) data_term 0.0489 (0.0555) raw_kl_rep 488.8423 (489.0558) raw_kl_proj_rep 0.0000 (0.0000) kl_rep_term 0.0005 (0.0005) kl_proj_rep_term 0.0000 (0.0000) kl_term 0.0005 (0.0005) kl_normalizer 50.0000 (50.0000) kl_beta 0.5610 (0.5610) lr 3.4549e-04 eta 0:03:24
epoch [33/50] batch [20/50] time 0.247 (0.233) data 0.000 (0.030) loss 0.0544 (0.0615) acc 100.0000 (99.5312) data_term 0.0538 (0.0609) raw_kl_rep 489.6206 (488.6498) raw_kl_proj_rep 0.0000 (0.0000) kl_rep_term 0.0006 (0.0006) kl_proj_rep_term 0.0000 (0.0000) kl_term 0.0006 (0.0006) kl_normalizer 50.0000 (50.0000) kl_beta 0.5854 (0.5854) lr 3.1594e-04 eta 0:03:24
epoch [33/50] batch [40/50] time 0.283 (0.213) data 0.000 (0.015) loss 0.0468 (0.0596) acc 100.0000 (99.6094) data_term 0.0462 (0.0590) raw_kl_rep 491.4175 (489.6628) raw_kl_proj_rep 0.0000 (0.0000) kl_rep_term 0.0006 (0.0006) kl_proj_rep_term 0.0000 (0.0000) kl_term 0.0006 (0.0006) kl_normalizer 50.0000 (50.0000) kl_beta 0.5854 (0.5854) lr 3.1594e-04 eta 0:03:02
epoch [34/50] batch [20/50] time 0.281 (0.229) data 0.000 (0.029) loss 0.0442 (0.0541) acc 100.0000 (99.6875) data_term 0.0436 (0.0535) raw_kl_rep 493.7256 (493.2688) raw_kl_proj_rep 0.0000 (0.0000) kl_rep_term 0.0006 (0.0006) kl_proj_rep_term 0.0000 (0.0000) kl_term 0.0006 (0.0006) kl_normalizer 50.0000 (50.0000) kl_beta 0.6098 (0.6098) lr 2.8711e-04 eta 0:03:10
epoch [34/50] batch [40/50] time 0.161 (0.221) data 0.000 (0.015) loss 0.0607 (0.0601) acc 100.0000 (99.5312) data_term 0.0601 (0.0595) raw_kl_rep 494.7334 (493.8179) raw_kl_proj_rep 0.0000 (0.0000) kl_rep_term 0.0006 (0.0006) kl_proj_rep_term 0.0000 (0.0000) kl_term 0.0006 (0.0006) kl_normalizer 50.0000 (50.0000) kl_beta 0.6098 (0.6098) lr 2.8711e-04 eta 0:02:59
epoch [35/50] batch [20/50] time 0.312 (0.247) data 0.000 (0.028) loss 0.0545 (0.0577) acc 100.0000 (99.6875) data_term 0.0539 (0.0570) raw_kl_rep 494.7476 (494.5227) raw_kl_proj_rep 0.0000 (0.0000) kl_rep_term 0.0006 (0.0006) kl_proj_rep_term 0.0000 (0.0000) kl_term 0.0006 (0.0006) kl_normalizer 50.0000 (50.0000) kl_beta 0.6341 (0.6341) lr 2.5912e-04 eta 0:03:12
epoch [35/50] batch [40/50] time 0.203 (0.222) data 0.000 (0.014) loss 0.0323 (0.0521) acc 100.0000 (99.8438) data_term 0.0316 (0.0515) raw_kl_rep 496.1587 (495.0662) raw_kl_proj_rep 0.0000 (0.0000) kl_rep_term 0.0006 (0.0006) kl_proj_rep_term 0.0000 (0.0000) kl_term 0.0006 (0.0006) kl_normalizer 50.0000 (50.0000) kl_beta 0.6341 (0.6341) lr 2.5912e-04 eta 0:02:48
epoch [36/50] batch [20/50] time 0.166 (0.234) data 0.001 (0.039) loss 0.0356 (0.0439) acc 100.0000 (100.0000) data_term 0.0350 (0.0433) raw_kl_rep 496.9443 (496.5312) raw_kl_proj_rep 0.0000 (0.0000) kl_rep_term 0.0007 (0.0007) kl_proj_rep_term 0.0000 (0.0000) kl_term 0.0007 (0.0007) kl_normalizer 50.0000 (50.0000) kl_beta 0.6585 (0.6585) lr 2.3209e-04 eta 0:02:50
epoch [36/50] batch [40/50] time 0.175 (0.219) data 0.000 (0.020) loss 0.0447 (0.0492) acc 100.0000 (100.0000) data_term 0.0441 (0.0485) raw_kl_rep 497.7686 (497.0194) raw_kl_proj_rep 0.0000 (0.0000) kl_rep_term 0.0007 (0.0007) kl_proj_rep_term 0.0000 (0.0000) kl_term 0.0007 (0.0007) kl_normalizer 50.0000 (50.0000) kl_beta 0.6585 (0.6585) lr 2.3209e-04 eta 0:02:35
epoch [37/50] batch [20/50] time 0.177 (0.256) data 0.000 (0.031) loss 0.0498 (0.0648) acc 100.0000 (99.6875) data_term 0.0491 (0.0641) raw_kl_rep 498.4819 (498.1260) raw_kl_proj_rep 0.0000 (0.0000) kl_rep_term 0.0007 (0.0007) kl_proj_rep_term 0.0000 (0.0000) kl_term 0.0007 (0.0007) kl_normalizer 50.0000 (50.0000) kl_beta 0.6829 (0.6829) lr 2.0611e-04 eta 0:02:54
epoch [37/50] batch [40/50] time 0.144 (0.221) data 0.000 (0.015) loss 0.0521 (0.0619) acc 100.0000 (99.7656) data_term 0.0514 (0.0612) raw_kl_rep 498.6421 (498.3731) raw_kl_proj_rep 0.0000 (0.0000) kl_rep_term 0.0007 (0.0007) kl_proj_rep_term 0.0000 (0.0000) kl_term 0.0007 (0.0007) kl_normalizer 50.0000 (50.0000) kl_beta 0.6829 (0.6829) lr 2.0611e-04 eta 0:02:26
epoch [38/50] batch [20/50] time 0.159 (0.256) data 0.000 (0.034) loss 0.0355 (0.0585) acc 100.0000 (99.5312) data_term 0.0347 (0.0578) raw_kl_rep 499.9478 (499.4799) raw_kl_proj_rep 0.0000 (0.0000) kl_rep_term 0.0007 (0.0007) kl_proj_rep_term 0.0000 (0.0000) kl_term 0.0007 (0.0007) kl_normalizer 50.0000 (50.0000) kl_beta 0.7073 (0.7073) lr 1.8129e-04 eta 0:02:41
epoch [38/50] batch [40/50] time 0.255 (0.230) data 0.000 (0.017) loss 0.0686 (0.0566) acc 100.0000 (99.7656) data_term 0.0679 (0.0559) raw_kl_rep 500.9292 (500.0602) raw_kl_proj_rep 0.0000 (0.0000) kl_rep_term 0.0007 (0.0007) kl_proj_rep_term 0.0000 (0.0000) kl_term 0.0007 (0.0007) kl_normalizer 50.0000 (50.0000) kl_beta 0.7073 (0.7073) lr 1.8129e-04 eta 0:02:20
epoch [39/50] batch [20/50] time 0.140 (0.246) data 0.000 (0.039) loss 0.0350 (0.0487) acc 100.0000 (100.0000) data_term 0.0342 (0.0479) raw_kl_rep 501.8223 (501.2185) raw_kl_proj_rep 0.0000 (0.0000) kl_rep_term 0.0007 (0.0007) kl_proj_rep_term 0.0000 (0.0000) kl_term 0.0007 (0.0007) kl_normalizer 50.0000 (50.0000) kl_beta 0.7317 (0.7317) lr 1.5773e-04 eta 0:02:22
epoch [39/50] batch [40/50] time 0.197 (0.249) data 0.000 (0.020) loss 0.0453 (0.0527) acc 100.0000 (99.9219) data_term 0.0445 (0.0520) raw_kl_rep 502.0898 (501.6245) raw_kl_proj_rep 0.0000 (0.0000) kl_rep_term 0.0007 (0.0007) kl_proj_rep_term 0.0000 (0.0000) kl_term 0.0007 (0.0007) kl_normalizer 50.0000 (50.0000) kl_beta 0.7317 (0.7317) lr 1.5773e-04 eta 0:02:19
epoch [40/50] batch [20/50] time 0.163 (0.235) data 0.000 (0.028) loss 0.1612 (0.0522) acc 96.8750 (99.6875) data_term 0.1604 (0.0515) raw_kl_rep 502.0918 (502.0833) raw_kl_proj_rep 0.0000 (0.0000) kl_rep_term 0.0008 (0.0008) kl_proj_rep_term 0.0000 (0.0000) kl_term 0.0008 (0.0008) kl_normalizer 50.0000 (50.0000) kl_beta 0.7561 (0.7561) lr 1.3552e-04 eta 0:02:04
epoch [40/50] batch [40/50] time 0.305 (0.222) data 0.000 (0.014) loss 0.0597 (0.0520) acc 100.0000 (99.8438) data_term 0.0589 (0.0512) raw_kl_rep 502.1538 (502.1451) raw_kl_proj_rep 0.0000 (0.0000) kl_rep_term 0.0008 (0.0008) kl_proj_rep_term 0.0000 (0.0000) kl_term 0.0008 (0.0008) kl_normalizer 50.0000 (50.0000) kl_beta 0.7561 (0.7561) lr 1.3552e-04 eta 0:01:53
epoch [41/50] batch [20/50] time 0.178 (0.253) data 0.000 (0.032) loss 0.0283 (0.0512) acc 100.0000 (99.5312) data_term 0.0275 (0.0504) raw_kl_rep 502.0967 (502.1616) raw_kl_proj_rep 0.0000 (0.0000) kl_rep_term 0.0008 (0.0008) kl_proj_rep_term 0.0000 (0.0000) kl_term 0.0008 (0.0008) kl_normalizer 50.0000 (50.0000) kl_beta 0.7805 (0.7805) lr 1.1474e-04 eta 0:02:01
epoch [41/50] batch [40/50] time 0.250 (0.231) data 0.000 (0.016) loss 0.0665 (0.0503) acc 100.0000 (99.7656) data_term 0.0658 (0.0495) raw_kl_rep 502.5332 (502.2382) raw_kl_proj_rep 0.0000 (0.0000) kl_rep_term 0.0008 (0.0008) kl_proj_rep_term 0.0000 (0.0000) kl_term 0.0008 (0.0008) kl_normalizer 50.0000 (50.0000) kl_beta 0.7805 (0.7805) lr 1.1474e-04 eta 0:01:46
epoch [42/50] batch [20/50] time 0.252 (0.266) data 0.000 (0.037) loss 0.0735 (0.0512) acc 96.8750 (99.6875) data_term 0.0727 (0.0504) raw_kl_rep 502.8667 (502.7942) raw_kl_proj_rep 0.0000 (0.0000) kl_rep_term 0.0008 (0.0008) kl_proj_rep_term 0.0000 (0.0000) kl_term 0.0008 (0.0008) kl_normalizer 50.0000 (50.0000) kl_beta 0.8049 (0.8049) lr 9.5492e-05 eta 0:01:54
epoch [42/50] batch [40/50] time 0.126 (0.242) data 0.000 (0.019) loss 0.0476 (0.0526) acc 100.0000 (99.7656) data_term 0.0468 (0.0518) raw_kl_rep 503.1387 (502.9183) raw_kl_proj_rep 0.0000 (0.0000) kl_rep_term 0.0008 (0.0008) kl_proj_rep_term 0.0000 (0.0000) kl_term 0.0008 (0.0008) kl_normalizer 50.0000 (50.0000) kl_beta 0.8049 (0.8049) lr 9.5492e-05 eta 0:01:39
epoch [43/50] batch [20/50] time 0.309 (0.238) data 0.000 (0.028) loss 0.0309 (0.0626) acc 100.0000 (99.8438) data_term 0.0301 (0.0618) raw_kl_rep 504.2017 (503.8490) raw_kl_proj_rep 0.0000 (0.0000) kl_rep_term 0.0008 (0.0008) kl_proj_rep_term 0.0000 (0.0000) kl_term 0.0008 (0.0008) kl_normalizer 50.0000 (50.0000) kl_beta 0.8293 (0.8293) lr 7.7836e-05 eta 0:01:30
epoch [43/50] batch [40/50] time 0.192 (0.218) data 0.000 (0.014) loss 0.0488 (0.0514) acc 100.0000 (99.9219) data_term 0.0479 (0.0505) raw_kl_rep 504.5684 (504.1569) raw_kl_proj_rep 0.0000 (0.0000) kl_rep_term 0.0008 (0.0008) kl_proj_rep_term 0.0000 (0.0000) kl_term 0.0008 (0.0008) kl_normalizer 50.0000 (50.0000) kl_beta 0.8293 (0.8293) lr 7.7836e-05 eta 0:01:18
epoch [44/50] batch [20/50] time 0.187 (0.265) data 0.000 (0.034) loss 0.0889 (0.0485) acc 100.0000 (100.0000) data_term 0.0880 (0.0476) raw_kl_rep 504.1763 (504.3126) raw_kl_proj_rep 0.0000 (0.0000) kl_rep_term 0.0009 (0.0009) kl_proj_rep_term 0.0000 (0.0000) kl_term 0.0009 (0.0009) kl_normalizer 50.0000 (50.0000) kl_beta 0.8537 (0.8537) lr 6.1847e-05 eta 0:01:27
epoch [44/50] batch [40/50] time 0.268 (0.219) data 0.000 (0.017) loss 0.0283 (0.0511) acc 100.0000 (99.9219) data_term 0.0274 (0.0503) raw_kl_rep 504.4688 (504.3215) raw_kl_proj_rep 0.0000 (0.0000) kl_rep_term 0.0009 (0.0009) kl_proj_rep_term 0.0000 (0.0000) kl_term 0.0009 (0.0009) kl_normalizer 50.0000 (50.0000) kl_beta 0.8537 (0.8537) lr 6.1847e-05 eta 0:01:07
epoch [45/50] batch [20/50] time 0.196 (0.222) data 0.000 (0.027) loss 0.0648 (0.0457) acc 100.0000 (100.0000) data_term 0.0639 (0.0448) raw_kl_rep 504.6709 (504.6339) raw_kl_proj_rep 0.0000 (0.0000) kl_rep_term 0.0009 (0.0009) kl_proj_rep_term 0.0000 (0.0000) kl_term 0.0009 (0.0009) kl_normalizer 50.0000 (50.0000) kl_beta 0.8780 (0.8780) lr 4.7586e-05 eta 0:01:02
epoch [45/50] batch [40/50] time 0.125 (0.191) data 0.000 (0.014) loss 0.0374 (0.0492) acc 100.0000 (99.7656) data_term 0.0365 (0.0483) raw_kl_rep 504.5098 (504.6209) raw_kl_proj_rep 0.0000 (0.0000) kl_rep_term 0.0009 (0.0009) kl_proj_rep_term 0.0000 (0.0000) kl_term 0.0009 (0.0009) kl_normalizer 50.0000 (50.0000) kl_beta 0.8780 (0.8780) lr 4.7586e-05 eta 0:00:49
epoch [46/50] batch [20/50] time 0.186 (0.213) data 0.000 (0.038) loss 0.0473 (0.0432) acc 100.0000 (100.0000) data_term 0.0464 (0.0423) raw_kl_rep 504.5132 (504.5178) raw_kl_proj_rep 0.0000 (0.0000) kl_rep_term 0.0009 (0.0009) kl_proj_rep_term 0.0000 (0.0000) kl_term 0.0009 (0.0009) kl_normalizer 50.0000 (50.0000) kl_beta 0.9024 (0.9024) lr 3.5112e-05 eta 0:00:49
epoch [46/50] batch [40/50] time 0.324 (0.210) data 0.000 (0.019) loss 0.0350 (0.0462) acc 100.0000 (100.0000) data_term 0.0341 (0.0453) raw_kl_rep 504.5928 (504.5212) raw_kl_proj_rep 0.0000 (0.0000) kl_rep_term 0.0009 (0.0009) kl_proj_rep_term 0.0000 (0.0000) kl_term 0.0009 (0.0009) kl_normalizer 50.0000 (50.0000) kl_beta 0.9024 (0.9024) lr 3.5112e-05 eta 0:00:44
epoch [47/50] batch [20/50] time 0.127 (0.210) data 0.000 (0.028) loss 0.0328 (0.0537) acc 100.0000 (99.8438) data_term 0.0319 (0.0528) raw_kl_rep 504.7393 (504.6937) raw_kl_proj_rep 0.0000 (0.0000) kl_rep_term 0.0009 (0.0009) kl_proj_rep_term 0.0000 (0.0000) kl_term 0.0009 (0.0009) kl_normalizer 50.0000 (50.0000) kl_beta 0.9268 (0.9268) lr 2.4472e-05 eta 0:00:37
epoch [47/50] batch [40/50] time 0.141 (0.197) data 0.000 (0.014) loss 0.0390 (0.0507) acc 100.0000 (99.9219) data_term 0.0381 (0.0498) raw_kl_rep 504.8247 (504.7540) raw_kl_proj_rep 0.0000 (0.0000) kl_rep_term 0.0009 (0.0009) kl_proj_rep_term 0.0000 (0.0000) kl_term 0.0009 (0.0009) kl_normalizer 50.0000 (50.0000) kl_beta 0.9268 (0.9268) lr 2.4472e-05 eta 0:00:31
epoch [48/50] batch [20/50] time 0.159 (0.192) data 0.000 (0.028) loss 0.0284 (0.0494) acc 100.0000 (99.8438) data_term 0.0274 (0.0484) raw_kl_rep 504.6865 (504.7315) raw_kl_proj_rep 0.0000 (0.0000) kl_rep_term 0.0010 (0.0010) kl_proj_rep_term 0.0000 (0.0000) kl_term 0.0010 (0.0010) kl_normalizer 50.0000 (50.0000) kl_beta 0.9512 (0.9512) lr 1.5708e-05 eta 0:00:25
epoch [48/50] batch [40/50] time 0.144 (0.185) data 0.000 (0.014) loss 0.0310 (0.0476) acc 100.0000 (99.9219) data_term 0.0300 (0.0466) raw_kl_rep 504.6851 (504.7075) raw_kl_proj_rep 0.0000 (0.0000) kl_rep_term 0.0010 (0.0010) kl_proj_rep_term 0.0000 (0.0000) kl_term 0.0010 (0.0010) kl_normalizer 50.0000 (50.0000) kl_beta 0.9512 (0.9512) lr 1.5708e-05 eta 0:00:20
epoch [49/50] batch [20/50] time 0.158 (0.209) data 0.000 (0.027) loss 0.0304 (0.0476) acc 100.0000 (99.6875) data_term 0.0294 (0.0466) raw_kl_rep 504.6279 (504.6481) raw_kl_proj_rep 0.0000 (0.0000) kl_rep_term 0.0010 (0.0010) kl_proj_rep_term 0.0000 (0.0000) kl_term 0.0010 (0.0010) kl_normalizer 50.0000 (50.0000) kl_beta 0.9756 (0.9756) lr 8.8564e-06 eta 0:00:16
epoch [49/50] batch [40/50] time 0.189 (0.202) data 0.000 (0.013) loss 0.1452 (0.0478) acc 96.8750 (99.7656) data_term 0.1442 (0.0468) raw_kl_rep 504.5938 (504.6302) raw_kl_proj_rep 0.0000 (0.0000) kl_rep_term 0.0010 (0.0010) kl_proj_rep_term 0.0000 (0.0000) kl_term 0.0010 (0.0010) kl_normalizer 50.0000 (50.0000) kl_beta 0.9756 (0.9756) lr 8.8564e-06 eta 0:00:12
epoch [50/50] batch [20/50] time 0.214 (0.212) data 0.000 (0.029) loss 0.0312 (0.0544) acc 100.0000 (99.8438) data_term 0.0302 (0.0534) raw_kl_rep 504.5591 (504.5696) raw_kl_proj_rep 0.0000 (0.0000) kl_rep_term 0.0010 (0.0010) kl_proj_rep_term 0.0000 (0.0000) kl_term 0.0010 (0.0010) kl_normalizer 50.0000 (50.0000) kl_beta 1.0000 (1.0000) lr 3.9426e-06 eta 0:00:06
epoch [50/50] batch [40/50] time 0.193 (0.207) data 0.000 (0.015) loss 0.0461 (0.0516) acc 100.0000 (99.8438) data_term 0.0451 (0.0506) raw_kl_rep 504.5425 (504.5593) raw_kl_proj_rep 0.0000 (0.0000) kl_rep_term 0.0010 (0.0010) kl_proj_rep_term 0.0000 (0.0000) kl_term 0.0010 (0.0010) kl_normalizer 50.0000 (50.0000) kl_beta 1.0000 (1.0000) lr 3.9426e-06 eta 0:00:02
Checkpoint saved to output_sweeps/bayes_mmrl_rep_tokens_only/coarse3/search_stage/BayesMMRL/FS/fewshot_train/caltech101/shots_16/ViT-B-16/rep_zero_sig-matrix_normal_diag_lowrank_pstd-0.05_kl-1e-4_rank-8/seed1/refactor_model/model.pth.tar-50
Finish training
Deploy the last-epoch model
Evaluate on the *test* set
=> result
* total: 2,465
* correct: 2,387
* accuracy: 96.8%
* error: 3.2%
* macro_f1: 95.2%
=> structured result
* accuracy: 96.8357
* error: 3.1643
* macro_f1: 95.2225
* nll: 0.1012
* brier: 0.0488
* ece: 0.8856
Saved metrics JSON to output_sweeps/bayes_mmrl_rep_tokens_only/coarse3/search_stage/BayesMMRL/FS/fewshot_train/caltech101/shots_16/ViT-B-16/rep_zero_sig-matrix_normal_diag_lowrank_pstd-0.05_kl-1e-4_rank-8/seed1/test_metrics.json
Saved metrics CSV to output_sweeps/bayes_mmrl_rep_tokens_only/coarse3/search_stage/BayesMMRL/FS/fewshot_train/caltech101/shots_16/ViT-B-16/rep_zero_sig-matrix_normal_diag_lowrank_pstd-0.05_kl-1e-4_rank-8/seed1/test_metrics.csv
Saved calibration bins CSV to output_sweeps/bayes_mmrl_rep_tokens_only/coarse3/search_stage/BayesMMRL/FS/fewshot_train/caltech101/shots_16/ViT-B-16/rep_zero_sig-matrix_normal_diag_lowrank_pstd-0.05_kl-1e-4_rank-8/seed1/test_calibration_bins.csv
Elapsed: 0:09:45
[cleanup] removed checkpoint dir: output_sweeps/bayes_mmrl_rep_tokens_only/coarse3/search_stage/BayesMMRL/FS/fewshot_train/caltech101/shots_16/ViT-B-16/rep_zero_sig-matrix_normal_diag_lowrank_pstd-0.05_kl-1e-4_rank-8/seed1/refactor_model
