============================================================
START: 2026-04-26 02:50:21
STAGE: b2n_confirm_train_base
GPU: 3
METHOD: BayesMMRL
PROTOCOL: B2N
PHASE: train_base
SUBSAMPLE: base
EXEC_MODE: online
DATASET: oxford_pets
SHOTS: 8
SEED: 1
TAG: rep_zero_sig-matrix_normal_diag_pstd-0.1_kl-5e-2
DATA_ROOT: DATASETS
OUTPUT_ROOT: output_sweeps/bayes_mmrl_rep_tokens/coarse3/b2n_confirm_stage
BACKBONE: ViT-B/16
PROTOCOL_CFG: configs/protocols/b2n.yaml
JOBS_PER_GPU: 2
============================================================
[run] B2N train_base | dataset=oxford_pets | sigma_mode=matrix_normal_diag | shot=8 | seed=1 | tag=rep_zero_sig-matrix_normal_diag_pstd-0.1_kl-5e-2
[info] B2N train_base uses configs/protocols/b2n.yaml and DATASET.SUBSAMPLE_CLASSES=base
[info] sigma_mode=matrix_normal_diag
[info] train_outdir=output_sweeps/bayes_mmrl_rep_tokens/coarse3/b2n_confirm_stage/BayesMMRL/B2N/train_base/oxford_pets/shots_8/ViT-B-16/rep_zero_sig-matrix_normal_diag_pstd-0.1_kl-5e-2/seed1
[info] eval_outdir=output_sweeps/bayes_mmrl_rep_tokens/coarse3/b2n_confirm_stage/BayesMMRL/B2N/test_new/oxford_pets/shots_8/ViT-B-16/rep_zero_sig-matrix_normal_diag_pstd-0.1_kl-5e-2/seed1
[info] EVAL_MODE=mc_predictive, EVAL_AGGREGATION=logit_mean
[info] KL_WARMUP_EPOCHS=6
Setting fixed seed: 1
***************
** Arguments **
***************
dataset_config_file: configs/datasets/oxford_pets.yaml
eval_only: False
exec_mode: online
exp_config: 
load_epoch: None
method: BayesMMRL
method_config_file: configs/methods/bayesmmrl.yaml
model_dir: 
no_train: False
opts: ['DATASET.NUM_SHOTS', '8', 'DATASET.SUBSAMPLE_CLASSES', 'base', 'MODEL.BACKBONE.NAME', 'ViT-B/16', 'BAYES_MMRL.ALPHA', '0.7', 'BAYES_MMRL.REG_WEIGHT', '0.5', 'BAYES_MMRL.N_REP_TOKENS', '5', 'BAYES_MMRL.REP_LAYERS', '[6,7,8,9,10,11,12]', 'BAYES_MMRL.REP_DIM', '512', 'BAYES_MMRL.N_MC_TRAIN', '3', 'BAYES_MMRL.N_MC_TEST', '10', 'BAYES_MMRL.EVAL_MODE', 'mc_predictive', 'BAYES_MMRL.EVAL_USE_POSTERIOR_MEAN', 'False', 'BAYES_MMRL.EVAL_AGGREGATION', 'logit_mean', 'BAYES_MMRL.KL_WARMUP_EPOCHS', '6', 'BAYES_MMRL.BAYES_TARGET', 'rep_tokens', 'BAYES_MMRL.REP_PRIOR_MODE', 'zero', 'BAYES_MMRL.REP_SIGMA_MODE', 'matrix_normal_diag', 'BAYES_MMRL.REP_PRIOR_STD', '0.1', 'BAYES_MMRL.REP_KL_WEIGHT', '5e-2', 'BAYES_MMRL.REP_MN_ENFORCE_TRACE', 'True']
output_dir: output_sweeps/bayes_mmrl_rep_tokens/coarse3/b2n_confirm_stage/BayesMMRL/B2N/train_base/oxford_pets/shots_8/ViT-B-16/rep_zero_sig-matrix_normal_diag_pstd-0.1_kl-5e-2/seed1
protocol: B2N
protocol_config_file: configs/protocols/b2n.yaml
root: DATASETS
runtime_config_file: configs/runtime/default.yaml
seed: 1
trainer: RefactorRunner
************
** Config **
************
BAYES_MMRL:
  ALPHA: 0.7
  BAYES_TARGET: rep_tokens
  CLIP_PRIOR_BLEND: 0.5
  CLIP_PRIOR_SCALE: 0.05
  EVAL_AGGREGATION: logit_mean
  EVAL_MODE: mc_predictive
  EVAL_USE_POSTERIOR_MEAN: False
  KL_WARMUP_EPOCHS: 6
  KL_WEIGHT: 0.0005
  N_MC_TEST: 10
  N_MC_TRAIN: 3
  N_REP_TOKENS: 5
  PREC: amp
  PRIOR_STD: 0.05
  PROJ_REP_KL_WEIGHT: 1e-06
  PROJ_REP_PRIOR_MODE: clip_proj
  PROJ_REP_PRIOR_STD: 0.01
  PROJ_REP_SIGMA_MODE: row
  REG_WEIGHT: 0.5
  REP_DIM: 512
  REP_KL_WEIGHT: 0.05
  REP_LAYERS: [6, 7, 8, 9, 10, 11, 12]
  REP_MN_ENFORCE_TRACE: True
  REP_MN_LOWRANK_RANK: 8
  REP_PRIOR_MODE: zero
  REP_PRIOR_STD: 0.1
  REP_SIGMA_MODE: matrix_normal_diag
  SIGMA_MODE: global
CLIP_ADAPTERS:
  ALLOW_CACHE: True
  BAYES_KL_SCALE: 1.0
  BAYES_PRIOR_STD: 0.01
  CONSTRAINT: none
  ENHANCED_BASE: none
  INIT: ZS
  KL_WEIGHT: 0.0001
  N_SAMPLES: 3
  N_TEST_SAMPLES: 10
  PREC: fp32
  TYPE: MP
DATALOADER:
  K_TRANSFORMS: 1
  NUM_WORKERS: 2
  RETURN_IMG0: False
  TEST:
    BATCH_SIZE: 250
    SAMPLER: SequentialSampler
  TRAIN_U:
    BATCH_SIZE: 32
    N_DOMAIN: 0
    N_INS: 16
    SAME_AS_X: True
    SAMPLER: RandomSampler
  TRAIN_X:
    BATCH_SIZE: 32
    N_DOMAIN: 0
    N_INS: 16
    SAMPLER: RandomSampler
DATASET:
  ALL_AS_UNLABELED: False
  CIFAR_C_LEVEL: 1
  CIFAR_C_TYPE: 
  NAME: OxfordPets
  NUM_LABELED: -1
  NUM_SHOTS: 8
  ROOT: DATASETS
  SOURCE_DOMAINS: ()
  STL10_FOLD: -1
  SUBSAMPLE_CLASSES: base
  TARGET_DOMAINS: ()
  VAL_PERCENT: 0.1
INPUT:
  COLORJITTER_B: 0.4
  COLORJITTER_C: 0.4
  COLORJITTER_H: 0.1
  COLORJITTER_S: 0.4
  CROP_PADDING: 4
  CUTOUT_LEN: 16
  CUTOUT_N: 1
  GB_K: 21
  GB_P: 0.5
  GN_MEAN: 0.0
  GN_STD: 0.15
  INTERPOLATION: bicubic
  NO_TRANSFORM: False
  PIXEL_MEAN: [0.48145466, 0.4578275, 0.40821073]
  PIXEL_STD: [0.26862954, 0.26130258, 0.27577711]
  RANDAUGMENT_M: 10
  RANDAUGMENT_N: 2
  RGS_P: 0.2
  RRCROP_SCALE: (0.5, 1)
  SIZE: (224, 224)
  TRANSFORMS: ('random_resized_crop', 'random_flip', 'normalize')
METHOD:
  EXEC_MODE: online
  FAMILY: internal_adaptation
  NAME: BayesMMRL
  TAG: default
MMRL:
  ALPHA: 0.7
  N_REP_TOKENS: 5
  PREC: amp
  REG_WEIGHT: 1.0
  REP_DIM: 512
  REP_LAYERS: [6, 7, 8, 9, 10, 11, 12]
MMRLPP:
  ALPHA: 0.7
  BETA: 0.9
  N_REP_TOKENS: 5
  PREC: amp
  PROJ_LORA_DIM: 64
  REG_WEIGHT: 1.0
  REP_DIM: 512
  REP_LAYERS: [6, 7, 8, 9, 10, 11, 12]
  RES_LORA_DIM: 4
MMRL_MIX:
  ALPHA: 0.7
  LOSS_FUSE_WEIGHT: 0.2
  LOSS_MAIN_WEIGHT: 1.0
  LOSS_REP_WEIGHT: 1.0
  N_REP_TOKENS: 5
  PREC: amp
  REG_WEIGHT: 1.0
  REP_DIM: 512
  REP_LAYERS: [6, 7, 8, 9, 10, 11, 12]
MODEL:
  BACKBONE:
    NAME: ViT-B/16
    PRETRAINED: True
  HEAD:
    ACTIVATION: relu
    BN: True
    DROPOUT: 0.0
    HIDDEN_LAYERS: ()
    NAME: 
  INIT_WEIGHTS: 
OPTIM:
  ADAM_BETA1: 0.9
  ADAM_BETA2: 0.999
  BASE_LR_MULT: 0.1
  GAMMA: 0.1
  LR: 0.001
  LR_SCHEDULER: cosine
  MAX_EPOCH: 50
  MOMENTUM: 0.9
  NAME: adamw
  NEW_LAYERS: ()
  RMSPROP_ALPHA: 0.99
  SGD_DAMPNING: 0
  SGD_NESTEROV: False
  STAGED_LR: False
  STEPSIZE: (-1,)
  WARMUP_CONS_LR: 1e-05
  WARMUP_EPOCH: 1
  WARMUP_MIN_LR: 1e-05
  WARMUP_RECOUNT: True
  WARMUP_TYPE: constant
  WEIGHT_DECAY: 0.0005
OUTPUT_DIR: output_sweeps/bayes_mmrl_rep_tokens/coarse3/b2n_confirm_stage/BayesMMRL/B2N/train_base/oxford_pets/shots_8/ViT-B-16/rep_zero_sig-matrix_normal_diag_pstd-0.1_kl-5e-2/seed1
PROTOCOL:
  NAME: B2N
  PHASE: train_base
RESUME: 
RUNTIME:
  OUTPUT_ROOT: output_refactor
  USE_DASSL_TRAINER_BRIDGE: True
SEED: 1
TASK: B2N
TEST:
  COMPUTE_CMAT: False
  EVALUATOR: Classification
  FINAL_MODEL: last_step
  NO_TEST: False
  PER_CLASS_RESULT: False
  SPLIT: test
TRAIN:
  CHECKPOINT_FREQ: 0
  COUNT_ITER: train_x
  PRINT_FREQ: 20
TRAINER:
  BayesMMRL:
    ALPHA: 0.7
    BAYES_TARGET: rep_tokens
    CLIP_PRIOR_BLEND: 0.5
    CLIP_PRIOR_SCALE: 0.05
    EVAL_AGGREGATION: logit_mean
    EVAL_MODE: mc_predictive
    EVAL_USE_POSTERIOR_MEAN: False
    KL_WARMUP_EPOCHS: 6
    KL_WEIGHT: 0.05
    N_MC_TEST: 10
    N_MC_TRAIN: 3
    N_REP_TOKENS: 5
    PREC: amp
    PRIOR_STD: 0.1
    PROJ_REP_KL_WEIGHT: 1e-06
    PROJ_REP_PRIOR_MODE: clip_proj
    PROJ_REP_PRIOR_STD: 0.01
    PROJ_REP_SIGMA_MODE: row
    REG_WEIGHT: 0.5
    REP_DIM: 512
    REP_KL_WEIGHT: 0.05
    REP_LAYERS: [6, 7, 8, 9, 10, 11, 12]
    REP_MN_ENFORCE_TRACE: True
    REP_MN_LOWRANK_RANK: 8
    REP_PRIOR_MODE: zero
    REP_PRIOR_STD: 0.1
    REP_SIGMA_MODE: matrix_normal_diag
    SIGMA_MODE: matrix_normal_diag
  CDAC:
    CLASS_LR_MULTI: 10
    P_THRESH: 0.95
    RAMPUP_COEF: 30
    RAMPUP_ITRS: 1000
    STRONG_TRANSFORMS: ()
    TOPK_MATCH: 5
  CROSSGRAD:
    ALPHA_D: 0.5
    ALPHA_F: 0.5
    EPS_D: 1.0
    EPS_F: 1.0
  ClipADAPTER:
    ALLOW_CACHE: True
    CONSTRAINT: none
    ENHANCED_BASE: none
    INIT: ZS
    PREC: fp32
    TYPE: MP
  DAEL:
    CONF_THRE: 0.95
    STRONG_TRANSFORMS: ()
    WEIGHT_U: 0.5
  DAELDG:
    CONF_THRE: 0.95
    STRONG_TRANSFORMS: ()
    WEIGHT_U: 0.5
  DDAIG:
    ALPHA: 0.5
    CLAMP: False
    CLAMP_MAX: 1.0
    CLAMP_MIN: -1.0
    G_ARCH: 
    LMDA: 0.3
    WARMUP: 0
  DOMAINMIX:
    ALPHA: 1.0
    BETA: 1.0
    TYPE: crossdomain
  ENTMIN:
    LMDA: 0.001
  FIXMATCH:
    CONF_THRE: 0.95
    STRONG_TRANSFORMS: ()
    WEIGHT_U: 1.0
  M3SDA:
    LMDA: 0.5
    N_STEP_F: 4
  MCD:
    N_STEP_F: 4
  MEANTEACHER:
    EMA_ALPHA: 0.999
    RAMPUP: 5
    WEIGHT_U: 1.0
  MIXMATCH:
    MIXUP_BETA: 0.75
    RAMPUP: 20000
    TEMP: 2.0
    WEIGHT_U: 100.0
  MME:
    LMDA: 0.1
  MMRL:
    ALPHA: 0.7
    N_REP_TOKENS: 5
    PREC: amp
    REG_WEIGHT: 1.0
    REP_DIM: 512
    REP_LAYERS: [6, 7, 8, 9, 10, 11, 12]
  MMRLMix:
    ALPHA: 0.7
    LOSS_FUSE_WEIGHT: 0.2
    LOSS_MAIN_WEIGHT: 1.0
    LOSS_REP_WEIGHT: 1.0
    N_REP_TOKENS: 5
    PREC: amp
    REG_WEIGHT: 1.0
    REP_DIM: 512
    REP_LAYERS: [6, 7, 8, 9, 10, 11, 12]
  MMRLpp:
    ALPHA: 0.7
    BETA: 0.9
    N_REP_TOKENS: 5
    PREC: amp
    PROJ_LORA_DIM: 64
    REG_WEIGHT: 1.0
    REP_DIM: 512
    REP_LAYERS: [6, 7, 8, 9, 10, 11, 12]
    RES_LORA_DIM: 4
  NAME: RefactorRunner
  SE:
    CONF_THRE: 0.95
    EMA_ALPHA: 0.999
    RAMPUP: 300
USE_CUDA: True
VERBOSE: True
VERSION: 1
Collecting env info ...
** System info **
PyTorch version: 2.11.0+cu128
Is debug build: False
CUDA used to build PyTorch: 12.8
ROCM used to build PyTorch: N/A

OS: Ubuntu 22.04.1 LTS (x86_64)
GCC version: (Ubuntu 11.3.0-1ubuntu1~22.04) 11.3.0
Clang version: Could not collect
CMake version: version 3.22.1
Libc version: glibc-2.35

Python version: 3.10.20 (main, Mar 11 2026, 17:46:40) [GCC 14.3.0] (64-bit runtime)
Python platform: Linux-5.15.0-94-generic-x86_64-with-glibc2.35
Is CUDA available: True
CUDA runtime version: 11.8.89
CUDA_MODULE_LOADING set to: 
GPU models and configuration: 
GPU 0: NVIDIA GeForce RTX 5090
GPU 1: NVIDIA GeForce RTX 5090
GPU 2: NVIDIA GeForce RTX 5090
GPU 3: NVIDIA GeForce RTX 5090
GPU 4: NVIDIA GeForce RTX 5090

Nvidia driver version: 595.58.03
cuDNN version: Probably one of the following:
/usr/lib/x86_64-linux-gnu/libcudnn.so.8.6.0
/usr/lib/x86_64-linux-gnu/libcudnn_adv_infer.so.8.6.0
/usr/lib/x86_64-linux-gnu/libcudnn_adv_train.so.8.6.0
/usr/lib/x86_64-linux-gnu/libcudnn_cnn_infer.so.8.6.0
/usr/lib/x86_64-linux-gnu/libcudnn_cnn_train.so.8.6.0
/usr/lib/x86_64-linux-gnu/libcudnn_ops_infer.so.8.6.0
/usr/lib/x86_64-linux-gnu/libcudnn_ops_train.so.8.6.0
Is XPU available: False
HIP runtime version: N/A
MIOpen runtime version: N/A
Is XNNPACK available: True
Caching allocator config: N/A

CPU:
Architecture:                       x86_64
CPU op-mode(s):                     32-bit, 64-bit
Address sizes:                      52 bits physical, 57 bits virtual
Byte Order:                         Little Endian
CPU(s):                             208
On-line CPU(s) list:                0-207
Vendor ID:                          GenuineIntel
Model name:                         Intel(R) Xeon(R) Platinum 8470Q
CPU family:                         6
Model:                              143
Thread(s) per core:                 2
Core(s) per socket:                 52
Socket(s):                          2
Stepping:                           8
Frequency boost:                    enabled
CPU max MHz:                        2101.0000
CPU min MHz:                        800.0000
BogoMIPS:                           4200.00
Flags:                              fpu vme de pse tsc msr pae mce cx8 apic sep mtrr pge mca cmov pat pse36 clflush dts acpi mmx fxsr sse sse2 ss ht tm pbe syscall nx pdpe1gb rdtscp lm constant_tsc art arch_perfmon pebs bts rep_good nopl xtopology nonstop_tsc cpuid aperfmperf tsc_known_freq pni pclmulqdq dtes64 ds_cpl vmx smx est tm2 ssse3 sdbg fma cx16 xtpr pdcm pcid dca sse4_1 sse4_2 x2apic movbe popcnt tsc_deadline_timer aes xsave avx f16c rdrand lahf_lm abm 3dnowprefetch cpuid_fault epb cat_l3 cat_l2 cdp_l3 invpcid_single intel_ppin cdp_l2 ssbd mba ibrs ibpb stibp ibrs_enhanced tpr_shadow vnmi flexpriority ept vpid ept_ad fsgsbase tsc_adjust bmi1 avx2 smep bmi2 erms invpcid cqm rdt_a avx512f avx512dq rdseed adx smap avx512ifma clflushopt clwb intel_pt avx512cd sha_ni avx512bw avx512vl xsaveopt xsavec xgetbv1 xsaves cqm_llc cqm_occup_llc cqm_mbm_total cqm_mbm_local split_lock_detect avx_vnni avx512_bf16 wbnoinvd dtherm ida arat pln pts avx512vbmi umip pku ospke waitpkg avx512_vbmi2 gfni vaes vpclmulqdq avx512_vnni avx512_bitalg tme avx512_vpopcntdq la57 rdpid bus_lock_detect cldemote movdiri movdir64b enqcmd fsrm md_clear serialize tsxldtrk pconfig arch_lbr amx_bf16 avx512_fp16 amx_tile amx_int8 flush_l1d arch_capabilities
Virtualization:                     VT-x
L1d cache:                          4.9 MiB (104 instances)
L1i cache:                          3.3 MiB (104 instances)
L2 cache:                           208 MiB (104 instances)
L3 cache:                           210 MiB (2 instances)
NUMA node(s):                       2
NUMA node0 CPU(s):                  0-51,104-155
NUMA node1 CPU(s):                  52-103,156-207
Vulnerability Gather data sampling: Not affected
Vulnerability Itlb multihit:        Not affected
Vulnerability L1tf:                 Not affected
Vulnerability Mds:                  Not affected
Vulnerability Meltdown:             Not affected
Vulnerability Mmio stale data:      Not affected
Vulnerability Retbleed:             Not affected
Vulnerability Spec rstack overflow: Not affected
Vulnerability Spec store bypass:    Mitigation; Speculative Store Bypass disabled via prctl and seccomp
Vulnerability Spectre v1:           Mitigation; usercopy/swapgs barriers and __user pointer sanitization
Vulnerability Spectre v2:           Mitigation; Enhanced IBRS, IBPB conditional, RSB filling, PBRSB-eIBRS SW sequence
Vulnerability Srbds:                Not affected
Vulnerability Tsx async abort:      Not affected

Versions of relevant libraries:
[pip3] flake8==3.7.9
[pip3] numpy==2.2.6
[pip3] nvidia-cublas-cu12==12.8.4.1
[pip3] nvidia-cuda-cupti-cu12==12.8.90
[pip3] nvidia-cuda-nvrtc-cu12==12.8.93
[pip3] nvidia-cuda-runtime-cu12==12.8.90
[pip3] nvidia-cudnn-cu12==9.19.0.56
[pip3] nvidia-cufft-cu12==11.3.3.83
[pip3] nvidia-curand-cu12==10.3.9.90
[pip3] nvidia-cusolver-cu12==11.7.3.90
[pip3] nvidia-cusparse-cu12==12.5.8.93
[pip3] nvidia-cusparselt-cu12==0.7.1
[pip3] nvidia-nccl-cu12==2.28.9
[pip3] nvidia-nvjitlink-cu12==12.8.93
[pip3] nvidia-nvtx-cu12==12.8.90
[pip3] torch==2.11.0+cu128
[pip3] torchaudio==2.11.0+cu128
[pip3] torchvision==0.26.0+cu128
[pip3] triton==3.6.0
[conda] numpy                     2.2.6                    pypi_0    pypi
[conda] nvidia-cublas-cu12        12.8.4.1                 pypi_0    pypi
[conda] nvidia-cuda-cupti-cu12    12.8.90                  pypi_0    pypi
[conda] nvidia-cuda-nvrtc-cu12    12.8.93                  pypi_0    pypi
[conda] nvidia-cuda-runtime-cu12  12.8.90                  pypi_0    pypi
[conda] nvidia-cudnn-cu12         9.19.0.56                pypi_0    pypi
[conda] nvidia-cufft-cu12         11.3.3.83                pypi_0    pypi
[conda] nvidia-curand-cu12        10.3.9.90                pypi_0    pypi
[conda] nvidia-cusolver-cu12      11.7.3.90                pypi_0    pypi
[conda] nvidia-cusparse-cu12      12.5.8.93                pypi_0    pypi
[conda] nvidia-cusparselt-cu12    0.7.1                    pypi_0    pypi
[conda] nvidia-nccl-cu12          2.28.9                   pypi_0    pypi
[conda] nvidia-nvjitlink-cu12     12.8.93                  pypi_0    pypi
[conda] nvidia-nvtx-cu12          12.8.90                  pypi_0    pypi
[conda] torch                     2.11.0+cu128             pypi_0    pypi
[conda] torchaudio                2.11.0+cu128             pypi_0    pypi
[conda] torchvision               0.26.0+cu128             pypi_0    pypi
[conda] triton                    3.6.0                    pypi_0    pypi
        Pillow (12.1.1)

Loading trainer: RefactorRunner
Loading dataset: OxfordPets
Reading split from /root/autodl-tmp/MMRL/DATASETS/oxford_pets/split_zhou_OxfordPets.json
Loading preprocessed few-shot data from /root/autodl-tmp/MMRL/DATASETS/oxford_pets/split_fewshot/shot_8-seed_1.pkl
SUBSAMPLE BASE CLASSES!
Building transform_train
+ random resized crop (size=(224, 224), scale=(0.5, 1))
+ random flip
+ to torch tensor of range [0, 1]
+ normalization (mean=[0.48145466, 0.4578275, 0.40821073], std=[0.26862954, 0.26130258, 0.27577711])
Building transform_test
+ resize the smaller edge to 224
+ 224x224 center crop
+ to torch tensor of range [0, 1]
+ normalization (mean=[0.48145466, 0.4578275, 0.40821073], std=[0.26862954, 0.26130258, 0.27577711])
---------  ----------
Dataset    OxfordPets
# classes  19
# train_x  152
# val      76
# test     1,881
---------  ----------
/root/autodl-tmp/MMRL/trainers/refactor_runner.py:61: FutureWarning: `torch.cuda.amp.GradScaler(args...)` is deprecated. Please use `torch.amp.GradScaler('cuda', args...)` instead.
  self.scaler = GradScaler() if prec == "amp" else None
[BayesMMRLMethod] trainable params: {'representation_learner.compound_rep_tokens_r2tproj.2.weight', 'representation_learner.compound_rep_tokens_r2vproj.3.bias', 'representation_learner.compound_rep_tokens_r2tproj.6.bias', 'representation_learner.compound_rep_tokens_r2tproj.4.bias', 'representation_learner.compound_rep_tokens_r2vproj.6.bias', 'representation_learner.compound_rep_tokens_r2tproj.3.bias', 'representation_learner.compound_rep_tokens_r2tproj.5.bias', 'representation_learner.compound_rep_tokens_r2vproj.4.bias', 'representation_learner.compound_rep_tokens_r2tproj.4.weight', 'representation_learner.compound_rep_tokens_r2tproj.3.weight', 'representation_learner.compound_rep_tokens_r2vproj.2.bias', 'representation_learner.compound_rep_tokens_r2vproj.4.weight', 'representation_learner.compound_rep_tokens_r2vproj.5.weight', 'representation_learner.compound_rep_tokens_r2vproj.0.bias', 'representation_learner.rep_posterior.posterior_mean', 'representation_learner.rep_posterior.posterior_token_tril_raw', 'representation_learner.compound_rep_tokens_r2vproj.1.bias', 'representation_learner.compound_rep_tokens_r2tproj.1.weight', 'representation_learner.compound_rep_tokens_r2tproj.5.weight', 'representation_learner.compound_rep_tokens_r2vproj.1.weight', 'representation_learner.compound_rep_tokens_r2vproj.6.weight', 'representation_learner.compound_rep_tokens_r2tproj.0.bias', 'representation_learner.rep_posterior.posterior_feature_diag_rho', 'representation_learner.compound_rep_tokens_r2vproj.0.weight', 'representation_learner.compound_rep_tokens_r2vproj.3.weight', 'representation_learner.compound_rep_tokens_r2tproj.6.weight', 'image_encoder.proj_rep', 'representation_learner.compound_rep_tokens_r2tproj.1.bias', 'representation_learner.compound_rep_tokens_r2vproj.5.bias', 'representation_learner.compound_rep_tokens_r2tproj.2.bias', 'representation_learner.compound_rep_tokens_r2tproj.0.weight', 'representation_learner.compound_rep_tokens_r2vproj.2.weight'}
Loading evaluator: Classification
No checkpoint found, train from scratch
Initialize tensorboard (log_dir=output_sweeps/bayes_mmrl_rep_tokens/coarse3/b2n_confirm_stage/BayesMMRL/B2N/train_base/oxford_pets/shots_8/ViT-B-16/rep_zero_sig-matrix_normal_diag_pstd-0.1_kl-5e-2/seed1/tensorboard)
/root/autodl-tmp/MMRL/executors/online_executor.py:48: FutureWarning: `torch.cuda.amp.autocast(args...)` is deprecated. Please use `torch.amp.autocast('cuda', args...)` instead.
  with autocast():
epoch [1/50] batch [1/4] time 1.179 (1.179) data 0.419 (0.419) loss 2.0914 (2.0914) acc 84.3750 (84.3750) data_term 2.0914 (2.0914) raw_kl_rep 0.0000 (0.0000) raw_kl_proj_rep 0.0000 (0.0000) kl_rep_term 0.0000 (0.0000) kl_proj_rep_term 0.0000 (0.0000) kl_term 0.0000 (0.0000) kl_normalizer 4.0000 (4.0000) kl_beta 0.0000 (0.0000) lr 1.0000e-05 eta 0:03:54
epoch [1/50] batch [2/4] time 0.103 (0.641) data 0.000 (0.210) loss 2.2489 (2.1701) acc 81.2500 (82.8125) data_term 2.2489 (2.1701) raw_kl_rep 0.0000 (0.0000) raw_kl_proj_rep 0.0000 (0.0000) kl_rep_term 0.0000 (0.0000) kl_proj_rep_term 0.0000 (0.0000) kl_term 0.0000 (0.0000) kl_normalizer 4.0000 (4.0000) kl_beta 0.0000 (0.0000) lr 1.0000e-05 eta 0:02:06
epoch [1/50] batch [3/4] time 0.154 (0.479) data 0.000 (0.140) loss 2.1567 (2.1657) acc 81.2500 (82.2917) data_term 2.1567 (2.1657) raw_kl_rep 0.0000 (0.0000) raw_kl_proj_rep 0.0000 (0.0000) kl_rep_term 0.0000 (0.0000) kl_proj_rep_term 0.0000 (0.0000) kl_term 0.0000 (0.0000) kl_normalizer 4.0000 (4.0000) kl_beta 0.0000 (0.0000) lr 1.0000e-05 eta 0:01:34
epoch [1/50] batch [4/4] time 0.164 (0.400) data 0.000 (0.105) loss 1.9983 (2.1238) acc 81.2500 (82.0312) data_term 1.9983 (2.1238) raw_kl_rep 0.0000 (0.0000) raw_kl_proj_rep 0.0000 (0.0000) kl_rep_term 0.0000 (0.0000) kl_proj_rep_term 0.0000 (0.0000) kl_term 0.0000 (0.0000) kl_normalizer 4.0000 (4.0000) kl_beta 0.0000 (0.0000) lr 1.0000e-03 eta 0:01:18
epoch [2/50] batch [1/4] time 0.471 (0.471) data 0.273 (0.273) loss 2.0260 (2.0260) acc 81.2500 (81.2500) data_term 2.0260 (2.0260) raw_kl_rep 0.0000 (0.0000) raw_kl_proj_rep 0.0000 (0.0000) kl_rep_term 0.0000 (0.0000) kl_proj_rep_term 0.0000 (0.0000) kl_term 0.0000 (0.0000) kl_normalizer 4.0000 (4.0000) kl_beta 0.0000 (0.0000) lr 1.0000e-03 eta 0:01:31
epoch [2/50] batch [2/4] time 0.148 (0.309) data 0.000 (0.136) loss 2.5677 (2.2968) acc 78.1250 (79.6875) data_term 2.5677 (2.2968) raw_kl_rep 0.0000 (0.0000) raw_kl_proj_rep 0.0000 (0.0000) kl_rep_term 0.0000 (0.0000) kl_proj_rep_term 0.0000 (0.0000) kl_term 0.0000 (0.0000) kl_normalizer 4.0000 (4.0000) kl_beta 0.0000 (0.0000) lr 1.0000e-03 eta 0:01:00
epoch [2/50] batch [3/4] time 0.159 (0.259) data 0.000 (0.091) loss 1.7598 (2.1178) acc 93.7500 (84.3750) data_term 1.7598 (2.1178) raw_kl_rep 0.0000 (0.0000) raw_kl_proj_rep 0.0000 (0.0000) kl_rep_term 0.0000 (0.0000) kl_proj_rep_term 0.0000 (0.0000) kl_term 0.0000 (0.0000) kl_normalizer 4.0000 (4.0000) kl_beta 0.0000 (0.0000) lr 1.0000e-03 eta 0:00:50
epoch [2/50] batch [4/4] time 0.171 (0.237) data 0.000 (0.068) loss 2.1253 (2.1197) acc 81.2500 (83.5938) data_term 2.1253 (2.1197) raw_kl_rep 0.0000 (0.0000) raw_kl_proj_rep 0.0000 (0.0000) kl_rep_term 0.0000 (0.0000) kl_proj_rep_term 0.0000 (0.0000) kl_term 0.0000 (0.0000) kl_normalizer 4.0000 (4.0000) kl_beta 0.0000 (0.0000) lr 9.9901e-04 eta 0:00:45
epoch [3/50] batch [1/4] time 0.483 (0.483) data 0.281 (0.281) loss 1.7823 (1.7823) acc 71.8750 (71.8750) data_term 1.7823 (1.7823) raw_kl_rep 0.0000 (0.0000) raw_kl_proj_rep 0.0000 (0.0000) kl_rep_term 0.0000 (0.0000) kl_proj_rep_term 0.0000 (0.0000) kl_term 0.0000 (0.0000) kl_normalizer 4.0000 (4.0000) kl_beta 0.0000 (0.0000) lr 9.9901e-04 eta 0:01:32
epoch [3/50] batch [2/4] time 0.168 (0.325) data 0.000 (0.141) loss 2.4104 (2.0963) acc 75.0000 (73.4375) data_term 2.4104 (2.0963) raw_kl_rep 0.0000 (0.0000) raw_kl_proj_rep 0.0000 (0.0000) kl_rep_term 0.0000 (0.0000) kl_proj_rep_term 0.0000 (0.0000) kl_term 0.0000 (0.0000) kl_normalizer 4.0000 (4.0000) kl_beta 0.0000 (0.0000) lr 9.9901e-04 eta 0:01:01
epoch [3/50] batch [3/4] time 0.171 (0.274) data 0.000 (0.094) loss 1.9344 (2.0424) acc 65.6250 (70.8333) data_term 1.9344 (2.0424) raw_kl_rep 0.0000 (0.0000) raw_kl_proj_rep 0.0000 (0.0000) kl_rep_term 0.0000 (0.0000) kl_proj_rep_term 0.0000 (0.0000) kl_term 0.0000 (0.0000) kl_normalizer 4.0000 (4.0000) kl_beta 0.0000 (0.0000) lr 9.9901e-04 eta 0:00:51
epoch [3/50] batch [4/4] time 0.169 (0.248) data 0.000 (0.070) loss 1.8335 (1.9901) acc 68.7500 (70.3125) data_term 1.8335 (1.9901) raw_kl_rep 0.0000 (0.0000) raw_kl_proj_rep 0.0000 (0.0000) kl_rep_term 0.0000 (0.0000) kl_proj_rep_term 0.0000 (0.0000) kl_term 0.0000 (0.0000) kl_normalizer 4.0000 (4.0000) kl_beta 0.0000 (0.0000) lr 9.9606e-04 eta 0:00:46
epoch [4/50] batch [1/4] time 0.545 (0.545) data 0.303 (0.303) loss 1.8286 (1.8286) acc 62.5000 (62.5000) data_term 1.8286 (1.8286) raw_kl_rep 0.0000 (0.0000) raw_kl_proj_rep 0.0000 (0.0000) kl_rep_term 0.0000 (0.0000) kl_proj_rep_term 0.0000 (0.0000) kl_term 0.0000 (0.0000) kl_normalizer 4.0000 (4.0000) kl_beta 0.0000 (0.0000) lr 9.9606e-04 eta 0:01:41
epoch [4/50] batch [2/4] time 0.189 (0.367) data 0.000 (0.152) loss 1.7678 (1.7982) acc 59.3750 (60.9375) data_term 1.7678 (1.7982) raw_kl_rep 0.0000 (0.0000) raw_kl_proj_rep 0.0000 (0.0000) kl_rep_term 0.0000 (0.0000) kl_proj_rep_term 0.0000 (0.0000) kl_term 0.0000 (0.0000) kl_normalizer 4.0000 (4.0000) kl_beta 0.0000 (0.0000) lr 9.9606e-04 eta 0:01:08
epoch [4/50] batch [3/4] time 0.186 (0.306) data 0.000 (0.101) loss 1.0441 (1.5468) acc 87.5000 (69.7917) data_term 1.0441 (1.5468) raw_kl_rep 0.0000 (0.0000) raw_kl_proj_rep 0.0000 (0.0000) kl_rep_term 0.0000 (0.0000) kl_proj_rep_term 0.0000 (0.0000) kl_term 0.0000 (0.0000) kl_normalizer 4.0000 (4.0000) kl_beta 0.0000 (0.0000) lr 9.9606e-04 eta 0:00:56
epoch [4/50] batch [4/4] time 0.164 (0.271) data 0.000 (0.076) loss 1.4374 (1.5195) acc 68.7500 (69.5312) data_term 1.4374 (1.5195) raw_kl_rep 0.0000 (0.0000) raw_kl_proj_rep 0.0000 (0.0000) kl_rep_term 0.0000 (0.0000) kl_proj_rep_term 0.0000 (0.0000) kl_term 0.0000 (0.0000) kl_normalizer 4.0000 (4.0000) kl_beta 0.0000 (0.0000) lr 9.9114e-04 eta 0:00:49
epoch [5/50] batch [1/4] time 0.463 (0.463) data 0.257 (0.257) loss 1.1377 (1.1377) acc 84.3750 (84.3750) data_term 1.1377 (1.1377) raw_kl_rep 0.0000 (0.0000) raw_kl_proj_rep 0.0000 (0.0000) kl_rep_term 0.0000 (0.0000) kl_proj_rep_term 0.0000 (0.0000) kl_term 0.0000 (0.0000) kl_normalizer 4.0000 (4.0000) kl_beta 0.0000 (0.0000) lr 9.9114e-04 eta 0:01:24
epoch [5/50] batch [2/4] time 0.175 (0.319) data 0.000 (0.129) loss 1.3355 (1.2366) acc 71.8750 (78.1250) data_term 1.3355 (1.2366) raw_kl_rep 0.0000 (0.0000) raw_kl_proj_rep 0.0000 (0.0000) kl_rep_term 0.0000 (0.0000) kl_proj_rep_term 0.0000 (0.0000) kl_term 0.0000 (0.0000) kl_normalizer 4.0000 (4.0000) kl_beta 0.0000 (0.0000) lr 9.9114e-04 eta 0:00:58
epoch [5/50] batch [3/4] time 0.157 (0.265) data 0.000 (0.086) loss 1.5210 (1.3314) acc 78.1250 (78.1250) data_term 1.5210 (1.3314) raw_kl_rep 0.0000 (0.0000) raw_kl_proj_rep 0.0000 (0.0000) kl_rep_term 0.0000 (0.0000) kl_proj_rep_term 0.0000 (0.0000) kl_term 0.0000 (0.0000) kl_normalizer 4.0000 (4.0000) kl_beta 0.0000 (0.0000) lr 9.9114e-04 eta 0:00:47
epoch [5/50] batch [4/4] time 0.167 (0.240) data 0.000 (0.064) loss 1.0463 (1.2601) acc 78.1250 (78.1250) data_term 1.0463 (1.2601) raw_kl_rep 0.0000 (0.0000) raw_kl_proj_rep 0.0000 (0.0000) kl_rep_term 0.0000 (0.0000) kl_proj_rep_term 0.0000 (0.0000) kl_term 0.0000 (0.0000) kl_normalizer 4.0000 (4.0000) kl_beta 0.0000 (0.0000) lr 9.8429e-04 eta 0:00:43
epoch [6/50] batch [1/4] time 0.430 (0.430) data 0.266 (0.266) loss 1.0439 (1.0439) acc 78.1250 (78.1250) data_term 1.0439 (1.0439) raw_kl_rep 0.0000 (0.0000) raw_kl_proj_rep 0.0000 (0.0000) kl_rep_term 0.0000 (0.0000) kl_proj_rep_term 0.0000 (0.0000) kl_term 0.0000 (0.0000) kl_normalizer 4.0000 (4.0000) kl_beta 0.0000 (0.0000) lr 9.8429e-04 eta 0:01:17
epoch [6/50] batch [2/4] time 0.170 (0.300) data 0.000 (0.133) loss 0.9099 (0.9769) acc 78.1250 (78.1250) data_term 0.9099 (0.9769) raw_kl_rep 0.0000 (0.0000) raw_kl_proj_rep 0.0000 (0.0000) kl_rep_term 0.0000 (0.0000) kl_proj_rep_term 0.0000 (0.0000) kl_term 0.0000 (0.0000) kl_normalizer 4.0000 (4.0000) kl_beta 0.0000 (0.0000) lr 9.8429e-04 eta 0:00:53
epoch [6/50] batch [3/4] time 0.175 (0.258) data 0.000 (0.089) loss 1.0350 (0.9963) acc 81.2500 (79.1667) data_term 1.0350 (0.9963) raw_kl_rep 0.0000 (0.0000) raw_kl_proj_rep 0.0000 (0.0000) kl_rep_term 0.0000 (0.0000) kl_proj_rep_term 0.0000 (0.0000) kl_term 0.0000 (0.0000) kl_normalizer 4.0000 (4.0000) kl_beta 0.0000 (0.0000) lr 9.8429e-04 eta 0:00:45
epoch [6/50] batch [4/4] time 0.177 (0.238) data 0.000 (0.067) loss 0.5298 (0.8796) acc 96.8750 (83.5938) data_term 0.5298 (0.8796) raw_kl_rep 0.0000 (0.0000) raw_kl_proj_rep 0.0000 (0.0000) kl_rep_term 0.0000 (0.0000) kl_proj_rep_term 0.0000 (0.0000) kl_term 0.0000 (0.0000) kl_normalizer 4.0000 (4.0000) kl_beta 0.0000 (0.0000) lr 9.7553e-04 eta 0:00:41
epoch [7/50] batch [1/4] time 0.440 (0.440) data 0.229 (0.229) loss 0.7781 (0.7781) acc 87.5000 (87.5000) data_term 0.7781 (0.7781) raw_kl_rep 0.0000 (0.0000) raw_kl_proj_rep 0.0000 (0.0000) kl_rep_term 0.0000 (0.0000) kl_proj_rep_term 0.0000 (0.0000) kl_term 0.0000 (0.0000) kl_normalizer 4.0000 (4.0000) kl_beta 0.0000 (0.0000) lr 9.7553e-04 eta 0:01:16
epoch [7/50] batch [2/4] time 0.183 (0.311) data 0.000 (0.115) loss 0.3965 (0.5873) acc 100.0000 (93.7500) data_term 0.3965 (0.5873) raw_kl_rep 0.0000 (0.0000) raw_kl_proj_rep 0.0000 (0.0000) kl_rep_term 0.0000 (0.0000) kl_proj_rep_term 0.0000 (0.0000) kl_term 0.0000 (0.0000) kl_normalizer 4.0000 (4.0000) kl_beta 0.0000 (0.0000) lr 9.7553e-04 eta 0:00:54
epoch [7/50] batch [3/4] time 0.167 (0.263) data 0.000 (0.077) loss 0.7127 (0.6291) acc 90.6250 (92.7083) data_term 0.7127 (0.6291) raw_kl_rep 0.0000 (0.0000) raw_kl_proj_rep 0.0000 (0.0000) kl_rep_term 0.0000 (0.0000) kl_proj_rep_term 0.0000 (0.0000) kl_term 0.0000 (0.0000) kl_normalizer 4.0000 (4.0000) kl_beta 0.0000 (0.0000) lr 9.7553e-04 eta 0:00:45
epoch [7/50] batch [4/4] time 0.171 (0.240) data 0.000 (0.057) loss 1.0079 (0.7238) acc 75.0000 (88.2812) data_term 1.0079 (0.7238) raw_kl_rep 0.0000 (0.0000) raw_kl_proj_rep 0.0000 (0.0000) kl_rep_term 0.0000 (0.0000) kl_proj_rep_term 0.0000 (0.0000) kl_term 0.0000 (0.0000) kl_normalizer 4.0000 (4.0000) kl_beta 0.0000 (0.0000) lr 9.6489e-04 eta 0:00:41
epoch [8/50] batch [1/4] time 0.460 (0.460) data 0.255 (0.255) loss 0.5552 (0.5552) acc 93.7500 (93.7500) data_term 0.5524 (0.5524) raw_kl_rep 9.3550 (9.3550) raw_kl_proj_rep 0.0000 (0.0000) kl_rep_term 0.0027 (0.0027) kl_proj_rep_term 0.0000 (0.0000) kl_term 0.0027 (0.0027) kl_normalizer 4.0000 (4.0000) kl_beta 0.0233 (0.0233) lr 9.6489e-04 eta 0:01:18
epoch [8/50] batch [2/4] time 0.181 (0.321) data 0.000 (0.127) loss 0.7697 (0.6624) acc 84.3750 (89.0625) data_term 0.7668 (0.6596) raw_kl_rep 9.9497 (9.6523) raw_kl_proj_rep 0.0000 (0.0000) kl_rep_term 0.0029 (0.0028) kl_proj_rep_term 0.0000 (0.0000) kl_term 0.0029 (0.0028) kl_normalizer 4.0000 (4.0000) kl_beta 0.0233 (0.0233) lr 9.6489e-04 eta 0:00:54
epoch [8/50] batch [3/4] time 0.176 (0.273) data 0.000 (0.085) loss 0.5606 (0.6285) acc 90.6250 (89.5833) data_term 0.5575 (0.6256) raw_kl_rep 10.5161 (9.9403) raw_kl_proj_rep 0.0000 (0.0000) kl_rep_term 0.0031 (0.0029) kl_proj_rep_term 0.0000 (0.0000) kl_term 0.0031 (0.0029) kl_normalizer 4.0000 (4.0000) kl_beta 0.0233 (0.0233) lr 9.6489e-04 eta 0:00:46
epoch [8/50] batch [4/4] time 0.198 (0.254) data 0.000 (0.064) loss 0.4526 (0.5845) acc 96.8750 (91.4062) data_term 0.4494 (0.5815) raw_kl_rep 11.0723 (10.2233) raw_kl_proj_rep 0.0000 (0.0000) kl_rep_term 0.0032 (0.0030) kl_proj_rep_term 0.0000 (0.0000) kl_term 0.0032 (0.0030) kl_normalizer 4.0000 (4.0000) kl_beta 0.0233 (0.0233) lr 9.5241e-04 eta 0:00:42
epoch [9/50] batch [1/4] time 0.505 (0.505) data 0.287 (0.287) loss 0.3814 (0.3814) acc 96.8750 (96.8750) data_term 0.3747 (0.3747) raw_kl_rep 11.6240 (11.6240) raw_kl_proj_rep 0.0000 (0.0000) kl_rep_term 0.0068 (0.0068) kl_proj_rep_term 0.0000 (0.0000) kl_term 0.0068 (0.0068) kl_normalizer 4.0000 (4.0000) kl_beta 0.0465 (0.0465) lr 9.5241e-04 eta 0:01:24
epoch [9/50] batch [2/4] time 0.186 (0.346) data 0.000 (0.144) loss 0.4330 (0.4072) acc 93.7500 (95.3125) data_term 0.4259 (0.4003) raw_kl_rep 12.1528 (11.8884) raw_kl_proj_rep 0.0000 (0.0000) kl_rep_term 0.0071 (0.0069) kl_proj_rep_term 0.0000 (0.0000) kl_term 0.0071 (0.0069) kl_normalizer 4.0000 (4.0000) kl_beta 0.0465 (0.0465) lr 9.5241e-04 eta 0:00:57
epoch [9/50] batch [3/4] time 0.172 (0.288) data 0.000 (0.096) loss 0.5213 (0.4452) acc 93.7500 (94.7917) data_term 0.5140 (0.4382) raw_kl_rep 12.6753 (12.1507) raw_kl_proj_rep 0.0000 (0.0000) kl_rep_term 0.0074 (0.0071) kl_proj_rep_term 0.0000 (0.0000) kl_term 0.0074 (0.0071) kl_normalizer 4.0000 (4.0000) kl_beta 0.0465 (0.0465) lr 9.5241e-04 eta 0:00:47
epoch [9/50] batch [4/4] time 0.172 (0.259) data 0.000 (0.072) loss 0.3410 (0.4192) acc 96.8750 (95.3125) data_term 0.3334 (0.4120) raw_kl_rep 13.1943 (12.4116) raw_kl_proj_rep 0.0000 (0.0000) kl_rep_term 0.0077 (0.0072) kl_proj_rep_term 0.0000 (0.0000) kl_term 0.0077 (0.0072) kl_normalizer 4.0000 (4.0000) kl_beta 0.0465 (0.0465) lr 9.3815e-04 eta 0:00:42
epoch [10/50] batch [1/4] time 0.518 (0.518) data 0.290 (0.290) loss 0.4620 (0.4620) acc 93.7500 (93.7500) data_term 0.4500 (0.4500) raw_kl_rep 13.7046 (13.7046) raw_kl_proj_rep 0.0000 (0.0000) kl_rep_term 0.0120 (0.0120) kl_proj_rep_term 0.0000 (0.0000) kl_term 0.0120 (0.0120) kl_normalizer 4.0000 (4.0000) kl_beta 0.0698 (0.0698) lr 9.3815e-04 eta 0:01:24
epoch [10/50] batch [2/4] time 0.178 (0.348) data 0.000 (0.145) loss 0.1987 (0.3304) acc 96.8750 (95.3125) data_term 0.1863 (0.3182) raw_kl_rep 14.2148 (13.9597) raw_kl_proj_rep 0.0000 (0.0000) kl_rep_term 0.0124 (0.0122) kl_proj_rep_term 0.0000 (0.0000) kl_term 0.0124 (0.0122) kl_normalizer 4.0000 (4.0000) kl_beta 0.0698 (0.0698) lr 9.3815e-04 eta 0:00:56
epoch [10/50] batch [3/4] time 0.175 (0.290) data 0.000 (0.097) loss 0.4206 (0.3604) acc 90.6250 (93.7500) data_term 0.4078 (0.3480) raw_kl_rep 14.7153 (14.2116) raw_kl_proj_rep 0.0000 (0.0000) kl_rep_term 0.0128 (0.0124) kl_proj_rep_term 0.0000 (0.0000) kl_term 0.0128 (0.0124) kl_normalizer 4.0000 (4.0000) kl_beta 0.0698 (0.0698) lr 9.3815e-04 eta 0:00:46
epoch [10/50] batch [4/4] time 0.136 (0.252) data 0.000 (0.073) loss 0.4816 (0.3907) acc 96.8750 (94.5312) data_term 0.4684 (0.3781) raw_kl_rep 15.1890 (14.4559) raw_kl_proj_rep 0.0000 (0.0000) kl_rep_term 0.0132 (0.0126) kl_proj_rep_term 0.0000 (0.0000) kl_term 0.0132 (0.0126) kl_normalizer 4.0000 (4.0000) kl_beta 0.0698 (0.0698) lr 9.2216e-04 eta 0:00:40
epoch [11/50] batch [1/4] time 0.507 (0.507) data 0.305 (0.305) loss 0.2767 (0.2767) acc 100.0000 (100.0000) data_term 0.2585 (0.2585) raw_kl_rep 15.6475 (15.6475) raw_kl_proj_rep 0.0000 (0.0000) kl_rep_term 0.0182 (0.0182) kl_proj_rep_term 0.0000 (0.0000) kl_term 0.0182 (0.0182) kl_normalizer 4.0000 (4.0000) kl_beta 0.0930 (0.0930) lr 9.2216e-04 eta 0:01:20
epoch [11/50] batch [2/4] time 0.183 (0.345) data 0.000 (0.152) loss 0.5488 (0.4127) acc 90.6250 (95.3125) data_term 0.5301 (0.3943) raw_kl_rep 16.0708 (15.8591) raw_kl_proj_rep 0.0000 (0.0000) kl_rep_term 0.0187 (0.0184) kl_proj_rep_term 0.0000 (0.0000) kl_term 0.0187 (0.0184) kl_normalizer 4.0000 (4.0000) kl_beta 0.0930 (0.0930) lr 9.2216e-04 eta 0:00:54
epoch [11/50] batch [3/4] time 0.159 (0.283) data 0.000 (0.102) loss 0.1951 (0.3402) acc 96.8750 (95.8333) data_term 0.1759 (0.3215) raw_kl_rep 16.4419 (16.0534) raw_kl_proj_rep 0.0000 (0.0000) kl_rep_term 0.0191 (0.0187) kl_proj_rep_term 0.0000 (0.0000) kl_term 0.0191 (0.0187) kl_normalizer 4.0000 (4.0000) kl_beta 0.0930 (0.0930) lr 9.2216e-04 eta 0:00:44
epoch [11/50] batch [4/4] time 0.129 (0.245) data 0.000 (0.076) loss 0.5553 (0.3939) acc 90.6250 (94.5312) data_term 0.5357 (0.3751) raw_kl_rep 16.8101 (16.2426) raw_kl_proj_rep 0.0000 (0.0000) kl_rep_term 0.0195 (0.0189) kl_proj_rep_term 0.0000 (0.0000) kl_term 0.0195 (0.0189) kl_normalizer 4.0000 (4.0000) kl_beta 0.0930 (0.0930) lr 9.0451e-04 eta 0:00:38
epoch [12/50] batch [1/4] time 0.507 (0.507) data 0.284 (0.284) loss 0.3350 (0.3350) acc 93.7500 (93.7500) data_term 0.3102 (0.3102) raw_kl_rep 17.1196 (17.1196) raw_kl_proj_rep 0.0000 (0.0000) kl_rep_term 0.0249 (0.0249) kl_proj_rep_term 0.0000 (0.0000) kl_term 0.0249 (0.0249) kl_normalizer 4.0000 (4.0000) kl_beta 0.1163 (0.1163) lr 9.0451e-04 eta 0:01:18
epoch [12/50] batch [2/4] time 0.185 (0.346) data 0.000 (0.142) loss 0.4154 (0.3752) acc 96.8750 (95.3125) data_term 0.3901 (0.3502) raw_kl_rep 17.3813 (17.2505) raw_kl_proj_rep 0.0000 (0.0000) kl_rep_term 0.0253 (0.0251) kl_proj_rep_term 0.0000 (0.0000) kl_term 0.0253 (0.0251) kl_normalizer 4.0000 (4.0000) kl_beta 0.1163 (0.1163) lr 9.0451e-04 eta 0:00:53
epoch [12/50] batch [3/4] time 0.164 (0.285) data 0.000 (0.095) loss 0.4148 (0.3884) acc 93.7500 (94.7917) data_term 0.3892 (0.3632) raw_kl_rep 17.6152 (17.3721) raw_kl_proj_rep 0.0000 (0.0000) kl_rep_term 0.0256 (0.0253) kl_proj_rep_term 0.0000 (0.0000) kl_term 0.0256 (0.0253) kl_normalizer 4.0000 (4.0000) kl_beta 0.1163 (0.1163) lr 9.0451e-04 eta 0:00:43
epoch [12/50] batch [4/4] time 0.131 (0.247) data 0.000 (0.071) loss 0.2622 (0.3569) acc 96.8750 (95.3125) data_term 0.2363 (0.3315) raw_kl_rep 17.7876 (17.4760) raw_kl_proj_rep 0.0000 (0.0000) kl_rep_term 0.0259 (0.0254) kl_proj_rep_term 0.0000 (0.0000) kl_term 0.0259 (0.0254) kl_normalizer 4.0000 (4.0000) kl_beta 0.1163 (0.1163) lr 8.8526e-04 eta 0:00:37
epoch [13/50] batch [1/4] time 0.489 (0.489) data 0.284 (0.284) loss 0.2793 (0.2793) acc 96.8750 (96.8750) data_term 0.2481 (0.2481) raw_kl_rep 17.9116 (17.9116) raw_kl_proj_rep 0.0000 (0.0000) kl_rep_term 0.0312 (0.0312) kl_proj_rep_term 0.0000 (0.0000) kl_term 0.0312 (0.0312) kl_normalizer 4.0000 (4.0000) kl_beta 0.1395 (0.1395) lr 8.8526e-04 eta 0:01:13
epoch [13/50] batch [2/4] time 0.182 (0.336) data 0.000 (0.142) loss 0.2711 (0.2752) acc 96.8750 (96.8750) data_term 0.2397 (0.2439) raw_kl_rep 17.9810 (17.9463) raw_kl_proj_rep 0.0000 (0.0000) kl_rep_term 0.0314 (0.0313) kl_proj_rep_term 0.0000 (0.0000) kl_term 0.0314 (0.0313) kl_normalizer 4.0000 (4.0000) kl_beta 0.1395 (0.1395) lr 8.8526e-04 eta 0:00:50
epoch [13/50] batch [3/4] time 0.167 (0.279) data 0.000 (0.095) loss 0.2098 (0.2534) acc 100.0000 (97.9167) data_term 0.1784 (0.2220) raw_kl_rep 18.0190 (17.9705) raw_kl_proj_rep 0.0000 (0.0000) kl_rep_term 0.0314 (0.0313) kl_proj_rep_term 0.0000 (0.0000) kl_term 0.0314 (0.0313) kl_normalizer 4.0000 (4.0000) kl_beta 0.1395 (0.1395) lr 8.8526e-04 eta 0:00:41
epoch [13/50] batch [4/4] time 0.123 (0.240) data 0.000 (0.071) loss 0.3664 (0.2816) acc 96.8750 (97.6562) data_term 0.3350 (0.2503) raw_kl_rep 18.0366 (17.9871) raw_kl_proj_rep 0.0000 (0.0000) kl_rep_term 0.0315 (0.0314) kl_proj_rep_term 0.0000 (0.0000) kl_term 0.0315 (0.0314) kl_normalizer 4.0000 (4.0000) kl_beta 0.1395 (0.1395) lr 8.6448e-04 eta 0:00:35
epoch [14/50] batch [1/4] time 0.468 (0.468) data 0.242 (0.242) loss 0.5767 (0.5767) acc 87.5000 (87.5000) data_term 0.5400 (0.5400) raw_kl_rep 18.0391 (18.0391) raw_kl_proj_rep 0.0000 (0.0000) kl_rep_term 0.0367 (0.0367) kl_proj_rep_term 0.0000 (0.0000) kl_term 0.0367 (0.0367) kl_normalizer 4.0000 (4.0000) kl_beta 0.1628 (0.1628) lr 8.6448e-04 eta 0:01:08
epoch [14/50] batch [2/4] time 0.187 (0.327) data 0.000 (0.121) loss 0.2963 (0.4365) acc 96.8750 (92.1875) data_term 0.2597 (0.3998) raw_kl_rep 17.9839 (18.0115) raw_kl_proj_rep 0.0000 (0.0000) kl_rep_term 0.0366 (0.0367) kl_proj_rep_term 0.0000 (0.0000) kl_term 0.0366 (0.0367) kl_normalizer 4.0000 (4.0000) kl_beta 0.1628 (0.1628) lr 8.6448e-04 eta 0:00:47
epoch [14/50] batch [3/4] time 0.166 (0.274) data 0.000 (0.081) loss 0.2444 (0.3724) acc 96.8750 (93.7500) data_term 0.2079 (0.3359) raw_kl_rep 17.9141 (17.9790) raw_kl_proj_rep 0.0000 (0.0000) kl_rep_term 0.0365 (0.0366) kl_proj_rep_term 0.0000 (0.0000) kl_term 0.0365 (0.0366) kl_normalizer 4.0000 (4.0000) kl_beta 0.1628 (0.1628) lr 8.6448e-04 eta 0:00:39
epoch [14/50] batch [4/4] time 0.115 (0.234) data 0.000 (0.060) loss 0.1924 (0.3274) acc 100.0000 (95.3125) data_term 0.1561 (0.2909) raw_kl_rep 17.8413 (17.9446) raw_kl_proj_rep 0.0000 (0.0000) kl_rep_term 0.0363 (0.0365) kl_proj_rep_term 0.0000 (0.0000) kl_term 0.0363 (0.0365) kl_normalizer 4.0000 (4.0000) kl_beta 0.1628 (0.1628) lr 8.4227e-04 eta 0:00:33
epoch [15/50] batch [1/4] time 0.446 (0.446) data 0.243 (0.243) loss 0.3850 (0.3850) acc 93.7500 (93.7500) data_term 0.3437 (0.3437) raw_kl_rep 17.7578 (17.7578) raw_kl_proj_rep 0.0000 (0.0000) kl_rep_term 0.0413 (0.0413) kl_proj_rep_term 0.0000 (0.0000) kl_term 0.0413 (0.0413) kl_normalizer 4.0000 (4.0000) kl_beta 0.1860 (0.1860) lr 8.4227e-04 eta 0:01:03
epoch [15/50] batch [2/4] time 0.181 (0.314) data 0.000 (0.121) loss 0.2295 (0.3073) acc 96.8750 (95.3125) data_term 0.1884 (0.2661) raw_kl_rep 17.6553 (17.7065) raw_kl_proj_rep 0.0000 (0.0000) kl_rep_term 0.0411 (0.0412) kl_proj_rep_term 0.0000 (0.0000) kl_term 0.0411 (0.0412) kl_normalizer 4.0000 (4.0000) kl_beta 0.1860 (0.1860) lr 8.4227e-04 eta 0:00:44
epoch [15/50] batch [3/4] time 0.171 (0.266) data 0.000 (0.081) loss 0.1921 (0.2689) acc 100.0000 (96.8750) data_term 0.1513 (0.2278) raw_kl_rep 17.5356 (17.6496) raw_kl_proj_rep 0.0000 (0.0000) kl_rep_term 0.0408 (0.0410) kl_proj_rep_term 0.0000 (0.0000) kl_term 0.0408 (0.0410) kl_normalizer 4.0000 (4.0000) kl_beta 0.1860 (0.1860) lr 8.4227e-04 eta 0:00:37
epoch [15/50] batch [4/4] time 0.142 (0.235) data 0.000 (0.061) loss 0.3366 (0.2858) acc 93.7500 (96.0938) data_term 0.2960 (0.2449) raw_kl_rep 17.4326 (17.5953) raw_kl_proj_rep 0.0000 (0.0000) kl_rep_term 0.0405 (0.0409) kl_proj_rep_term 0.0000 (0.0000) kl_term 0.0405 (0.0409) kl_normalizer 4.0000 (4.0000) kl_beta 0.1860 (0.1860) lr 8.1871e-04 eta 0:00:32
epoch [16/50] batch [1/4] time 0.504 (0.504) data 0.275 (0.275) loss 0.1191 (0.1191) acc 100.0000 (100.0000) data_term 0.0738 (0.0738) raw_kl_rep 17.3286 (17.3286) raw_kl_proj_rep 0.0000 (0.0000) kl_rep_term 0.0453 (0.0453) kl_proj_rep_term 0.0000 (0.0000) kl_term 0.0453 (0.0453) kl_normalizer 4.0000 (4.0000) kl_beta 0.2093 (0.2093) lr 8.1871e-04 eta 0:01:10
epoch [16/50] batch [2/4] time 0.183 (0.344) data 0.000 (0.137) loss 0.4241 (0.2716) acc 87.5000 (93.7500) data_term 0.3791 (0.2264) raw_kl_rep 17.1963 (17.2625) raw_kl_proj_rep 0.0000 (0.0000) kl_rep_term 0.0450 (0.0452) kl_proj_rep_term 0.0000 (0.0000) kl_term 0.0450 (0.0452) kl_normalizer 4.0000 (4.0000) kl_beta 0.2093 (0.2093) lr 8.1871e-04 eta 0:00:47
epoch [16/50] batch [3/4] time 0.168 (0.285) data 0.000 (0.092) loss 0.2362 (0.2598) acc 96.8750 (94.7917) data_term 0.1915 (0.2148) raw_kl_rep 17.0664 (17.1971) raw_kl_proj_rep 0.0000 (0.0000) kl_rep_term 0.0447 (0.0450) kl_proj_rep_term 0.0000 (0.0000) kl_term 0.0447 (0.0450) kl_normalizer 4.0000 (4.0000) kl_beta 0.2093 (0.2093) lr 8.1871e-04 eta 0:00:39
epoch [16/50] batch [4/4] time 0.151 (0.252) data 0.000 (0.069) loss 0.3725 (0.2880) acc 93.7500 (94.5312) data_term 0.3282 (0.2431) raw_kl_rep 16.9268 (17.1295) raw_kl_proj_rep 0.0000 (0.0000) kl_rep_term 0.0443 (0.0448) kl_proj_rep_term 0.0000 (0.0000) kl_term 0.0443 (0.0448) kl_normalizer 4.0000 (4.0000) kl_beta 0.2093 (0.2093) lr 7.9389e-04 eta 0:00:34
epoch [17/50] batch [1/4] time 0.572 (0.572) data 0.355 (0.355) loss 0.2481 (0.2481) acc 93.7500 (93.7500) data_term 0.1992 (0.1992) raw_kl_rep 16.7993 (16.7993) raw_kl_proj_rep 0.0000 (0.0000) kl_rep_term 0.0488 (0.0488) kl_proj_rep_term 0.0000 (0.0000) kl_term 0.0488 (0.0488) kl_normalizer 4.0000 (4.0000) kl_beta 0.2326 (0.2326) lr 7.9389e-04 eta 0:01:17
epoch [17/50] batch [2/4] time 0.167 (0.370) data 0.000 (0.178) loss 0.2063 (0.2272) acc 96.8750 (95.3125) data_term 0.1578 (0.1785) raw_kl_rep 16.6738 (16.7366) raw_kl_proj_rep 0.0000 (0.0000) kl_rep_term 0.0485 (0.0487) kl_proj_rep_term 0.0000 (0.0000) kl_term 0.0485 (0.0487) kl_normalizer 4.0000 (4.0000) kl_beta 0.2326 (0.2326) lr 7.9389e-04 eta 0:00:49
epoch [17/50] batch [3/4] time 0.177 (0.305) data 0.000 (0.119) loss 0.2678 (0.2407) acc 93.7500 (94.7917) data_term 0.2197 (0.1923) raw_kl_rep 16.5200 (16.6644) raw_kl_proj_rep 0.0000 (0.0000) kl_rep_term 0.0480 (0.0484) kl_proj_rep_term 0.0000 (0.0000) kl_term 0.0480 (0.0484) kl_normalizer 4.0000 (4.0000) kl_beta 0.2326 (0.2326) lr 7.9389e-04 eta 0:00:40
epoch [17/50] batch [4/4] time 0.166 (0.270) data 0.000 (0.089) loss 0.2124 (0.2336) acc 96.8750 (95.3125) data_term 0.1648 (0.1854) raw_kl_rep 16.3491 (16.5856) raw_kl_proj_rep 0.0000 (0.0000) kl_rep_term 0.0475 (0.0482) kl_proj_rep_term 0.0000 (0.0000) kl_term 0.0475 (0.0482) kl_normalizer 4.0000 (4.0000) kl_beta 0.2326 (0.2326) lr 7.6791e-04 eta 0:00:35
epoch [18/50] batch [1/4] time 0.502 (0.502) data 0.286 (0.286) loss 0.2426 (0.2426) acc 100.0000 (100.0000) data_term 0.1909 (0.1909) raw_kl_rep 16.1450 (16.1450) raw_kl_proj_rep 0.0000 (0.0000) kl_rep_term 0.0516 (0.0516) kl_proj_rep_term 0.0000 (0.0000) kl_term 0.0516 (0.0516) kl_normalizer 4.0000 (4.0000) kl_beta 0.2558 (0.2558) lr 7.6791e-04 eta 0:01:05
epoch [18/50] batch [2/4] time 0.173 (0.338) data 0.000 (0.143) loss 0.3190 (0.2808) acc 96.8750 (98.4375) data_term 0.2680 (0.2295) raw_kl_rep 15.9463 (16.0457) raw_kl_proj_rep 0.0000 (0.0000) kl_rep_term 0.0510 (0.0513) kl_proj_rep_term 0.0000 (0.0000) kl_term 0.0510 (0.0513) kl_normalizer 4.0000 (4.0000) kl_beta 0.2558 (0.2558) lr 7.6791e-04 eta 0:00:43
epoch [18/50] batch [3/4] time 0.174 (0.283) data 0.000 (0.096) loss 0.2336 (0.2651) acc 100.0000 (98.9583) data_term 0.1833 (0.2141) raw_kl_rep 15.7251 (15.9388) raw_kl_proj_rep 0.0000 (0.0000) kl_rep_term 0.0503 (0.0510) kl_proj_rep_term 0.0000 (0.0000) kl_term 0.0503 (0.0510) kl_normalizer 4.0000 (4.0000) kl_beta 0.2558 (0.2558) lr 7.6791e-04 eta 0:00:36
epoch [18/50] batch [4/4] time 0.153 (0.251) data 0.000 (0.072) loss 0.3226 (0.2794) acc 96.8750 (98.4375) data_term 0.2731 (0.2288) raw_kl_rep 15.4868 (15.8258) raw_kl_proj_rep 0.0000 (0.0000) kl_rep_term 0.0495 (0.0506) kl_proj_rep_term 0.0000 (0.0000) kl_term 0.0495 (0.0506) kl_normalizer 4.0000 (4.0000) kl_beta 0.2558 (0.2558) lr 7.4088e-04 eta 0:00:32
epoch [19/50] batch [1/4] time 0.504 (0.504) data 0.268 (0.268) loss 0.2820 (0.2820) acc 93.7500 (93.7500) data_term 0.2289 (0.2289) raw_kl_rep 15.2393 (15.2393) raw_kl_proj_rep 0.0000 (0.0000) kl_rep_term 0.0532 (0.0532) kl_proj_rep_term 0.0000 (0.0000) kl_term 0.0532 (0.0532) kl_normalizer 4.0000 (4.0000) kl_beta 0.2791 (0.2791) lr 7.4088e-04 eta 0:01:03
epoch [19/50] batch [2/4] time 0.180 (0.342) data 0.000 (0.134) loss 0.2457 (0.2639) acc 93.7500 (93.7500) data_term 0.1933 (0.2111) raw_kl_rep 15.0049 (15.1221) raw_kl_proj_rep 0.0000 (0.0000) kl_rep_term 0.0523 (0.0528) kl_proj_rep_term 0.0000 (0.0000) kl_term 0.0523 (0.0528) kl_normalizer 4.0000 (4.0000) kl_beta 0.2791 (0.2791) lr 7.4088e-04 eta 0:00:43
epoch [19/50] batch [3/4] time 0.176 (0.286) data 0.000 (0.089) loss 0.2148 (0.2475) acc 96.8750 (94.7917) data_term 0.1633 (0.1952) raw_kl_rep 14.7583 (15.0008) raw_kl_proj_rep 0.0000 (0.0000) kl_rep_term 0.0515 (0.0523) kl_proj_rep_term 0.0000 (0.0000) kl_term 0.0515 (0.0523) kl_normalizer 4.0000 (4.0000) kl_beta 0.2791 (0.2791) lr 7.4088e-04 eta 0:00:35
epoch [19/50] batch [4/4] time 0.126 (0.246) data 0.000 (0.067) loss 0.3576 (0.2750) acc 90.6250 (93.7500) data_term 0.3070 (0.2231) raw_kl_rep 14.4980 (14.8751) raw_kl_proj_rep 0.0000 (0.0000) kl_rep_term 0.0506 (0.0519) kl_proj_rep_term 0.0000 (0.0000) kl_term 0.0506 (0.0519) kl_normalizer 4.0000 (4.0000) kl_beta 0.2791 (0.2791) lr 7.1289e-04 eta 0:00:30
epoch [20/50] batch [1/4] time 0.443 (0.443) data 0.238 (0.238) loss 0.5080 (0.5080) acc 93.7500 (93.7500) data_term 0.4542 (0.4542) raw_kl_rep 14.2432 (14.2432) raw_kl_proj_rep 0.0000 (0.0000) kl_rep_term 0.0538 (0.0538) kl_proj_rep_term 0.0000 (0.0000) kl_term 0.0538 (0.0538) kl_normalizer 4.0000 (4.0000) kl_beta 0.3023 (0.3023) lr 7.1289e-04 eta 0:00:54
epoch [20/50] batch [2/4] time 0.195 (0.319) data 0.000 (0.119) loss 0.1835 (0.3457) acc 96.8750 (95.3125) data_term 0.1305 (0.2923) raw_kl_rep 14.0210 (14.1321) raw_kl_proj_rep 0.0000 (0.0000) kl_rep_term 0.0530 (0.0534) kl_proj_rep_term 0.0000 (0.0000) kl_term 0.0530 (0.0534) kl_normalizer 4.0000 (4.0000) kl_beta 0.3023 (0.3023) lr 7.1289e-04 eta 0:00:38
epoch [20/50] batch [3/4] time 0.180 (0.273) data 0.000 (0.079) loss 0.1733 (0.2883) acc 100.0000 (96.8750) data_term 0.1212 (0.2353) raw_kl_rep 13.7788 (14.0143) raw_kl_proj_rep 0.0000 (0.0000) kl_rep_term 0.0521 (0.0530) kl_proj_rep_term 0.0000 (0.0000) kl_term 0.0521 (0.0530) kl_normalizer 4.0000 (4.0000) kl_beta 0.3023 (0.3023) lr 7.1289e-04 eta 0:00:32
epoch [20/50] batch [4/4] time 0.137 (0.239) data 0.000 (0.060) loss 0.1652 (0.2575) acc 100.0000 (97.6562) data_term 0.1141 (0.2050) raw_kl_rep 13.5303 (13.8933) raw_kl_proj_rep 0.0000 (0.0000) kl_rep_term 0.0511 (0.0525) kl_proj_rep_term 0.0000 (0.0000) kl_term 0.0511 (0.0525) kl_normalizer 4.0000 (4.0000) kl_beta 0.3023 (0.3023) lr 6.8406e-04 eta 0:00:28
epoch [21/50] batch [1/4] time 0.448 (0.448) data 0.261 (0.261) loss 0.2973 (0.2973) acc 96.8750 (96.8750) data_term 0.2433 (0.2433) raw_kl_rep 13.2588 (13.2588) raw_kl_proj_rep 0.0000 (0.0000) kl_rep_term 0.0540 (0.0540) kl_proj_rep_term 0.0000 (0.0000) kl_term 0.0540 (0.0540) kl_normalizer 4.0000 (4.0000) kl_beta 0.3256 (0.3256) lr 6.8406e-04 eta 0:00:53
epoch [21/50] batch [2/4] time 0.180 (0.314) data 0.000 (0.131) loss 0.1406 (0.2189) acc 100.0000 (98.4375) data_term 0.0877 (0.1655) raw_kl_rep 12.9946 (13.1267) raw_kl_proj_rep 0.0000 (0.0000) kl_rep_term 0.0529 (0.0534) kl_proj_rep_term 0.0000 (0.0000) kl_term 0.0529 (0.0534) kl_normalizer 4.0000 (4.0000) kl_beta 0.3256 (0.3256) lr 6.8406e-04 eta 0:00:37
epoch [21/50] batch [3/4] time 0.179 (0.269) data 0.000 (0.087) loss 0.3335 (0.2571) acc 100.0000 (98.9583) data_term 0.2817 (0.2042) raw_kl_rep 12.7148 (12.9894) raw_kl_proj_rep 0.0000 (0.0000) kl_rep_term 0.0517 (0.0529) kl_proj_rep_term 0.0000 (0.0000) kl_term 0.0517 (0.0529) kl_normalizer 4.0000 (4.0000) kl_beta 0.3256 (0.3256) lr 6.8406e-04 eta 0:00:31
epoch [21/50] batch [4/4] time 0.151 (0.239) data 0.000 (0.065) loss 0.2605 (0.2580) acc 96.8750 (98.4375) data_term 0.2099 (0.2057) raw_kl_rep 12.4253 (12.8484) raw_kl_proj_rep 0.0000 (0.0000) kl_rep_term 0.0506 (0.0523) kl_proj_rep_term 0.0000 (0.0000) kl_term 0.0506 (0.0523) kl_normalizer 4.0000 (4.0000) kl_beta 0.3256 (0.3256) lr 6.5451e-04 eta 0:00:27
epoch [22/50] batch [1/4] time 0.504 (0.504) data 0.289 (0.289) loss 0.1718 (0.1718) acc 100.0000 (100.0000) data_term 0.1188 (0.1188) raw_kl_rep 12.1504 (12.1504) raw_kl_proj_rep 0.0000 (0.0000) kl_rep_term 0.0530 (0.0530) kl_proj_rep_term 0.0000 (0.0000) kl_term 0.0530 (0.0530) kl_normalizer 4.0000 (4.0000) kl_beta 0.3488 (0.3488) lr 6.5451e-04 eta 0:00:57
epoch [22/50] batch [2/4] time 0.183 (0.344) data 0.000 (0.145) loss 0.3162 (0.2440) acc 96.8750 (98.4375) data_term 0.2644 (0.1916) raw_kl_rep 11.8809 (12.0156) raw_kl_proj_rep 0.0000 (0.0000) kl_rep_term 0.0518 (0.0524) kl_proj_rep_term 0.0000 (0.0000) kl_term 0.0518 (0.0524) kl_normalizer 4.0000 (4.0000) kl_beta 0.3488 (0.3488) lr 6.5451e-04 eta 0:00:39
epoch [22/50] batch [3/4] time 0.170 (0.286) data 0.000 (0.096) loss 0.2390 (0.2423) acc 93.7500 (96.8750) data_term 0.1883 (0.1905) raw_kl_rep 11.6157 (11.8823) raw_kl_proj_rep 0.0000 (0.0000) kl_rep_term 0.0506 (0.0518) kl_proj_rep_term 0.0000 (0.0000) kl_term 0.0506 (0.0518) kl_normalizer 4.0000 (4.0000) kl_beta 0.3488 (0.3488) lr 6.5451e-04 eta 0:00:32
epoch [22/50] batch [4/4] time 0.152 (0.252) data 0.000 (0.072) loss 0.1577 (0.2212) acc 100.0000 (97.6562) data_term 0.1082 (0.1699) raw_kl_rep 11.3472 (11.7485) raw_kl_proj_rep 0.0000 (0.0000) kl_rep_term 0.0495 (0.0512) kl_proj_rep_term 0.0000 (0.0000) kl_term 0.0495 (0.0512) kl_normalizer 4.0000 (4.0000) kl_beta 0.3488 (0.3488) lr 6.2434e-04 eta 0:00:28
epoch [23/50] batch [1/4] time 0.505 (0.505) data 0.292 (0.292) loss 0.3080 (0.3080) acc 96.8750 (96.8750) data_term 0.2565 (0.2565) raw_kl_rep 11.0693 (11.0693) raw_kl_proj_rep 0.0000 (0.0000) kl_rep_term 0.0515 (0.0515) kl_proj_rep_term 0.0000 (0.0000) kl_term 0.0515 (0.0515) kl_normalizer 4.0000 (4.0000) kl_beta 0.3721 (0.3721) lr 6.2434e-04 eta 0:00:56
epoch [23/50] batch [2/4] time 0.185 (0.345) data 0.000 (0.146) loss 0.1521 (0.2301) acc 100.0000 (98.4375) data_term 0.1018 (0.1792) raw_kl_rep 10.8203 (10.9448) raw_kl_proj_rep 0.0000 (0.0000) kl_rep_term 0.0503 (0.0509) kl_proj_rep_term 0.0000 (0.0000) kl_term 0.0503 (0.0509) kl_normalizer 4.0000 (4.0000) kl_beta 0.3721 (0.3721) lr 6.2434e-04 eta 0:00:37
epoch [23/50] batch [3/4] time 0.163 (0.284) data 0.000 (0.097) loss 0.2421 (0.2341) acc 100.0000 (98.9583) data_term 0.1930 (0.1838) raw_kl_rep 10.5664 (10.8187) raw_kl_proj_rep 0.0000 (0.0000) kl_rep_term 0.0491 (0.0503) kl_proj_rep_term 0.0000 (0.0000) kl_term 0.0491 (0.0503) kl_normalizer 4.0000 (4.0000) kl_beta 0.3721 (0.3721) lr 6.2434e-04 eta 0:00:30
epoch [23/50] batch [4/4] time 0.138 (0.248) data 0.000 (0.073) loss 0.2071 (0.2273) acc 100.0000 (99.2188) data_term 0.1591 (0.1776) raw_kl_rep 10.3125 (10.6921) raw_kl_proj_rep 0.0000 (0.0000) kl_rep_term 0.0480 (0.0497) kl_proj_rep_term 0.0000 (0.0000) kl_term 0.0480 (0.0497) kl_normalizer 4.0000 (4.0000) kl_beta 0.3721 (0.3721) lr 5.9369e-04 eta 0:00:26
epoch [24/50] batch [1/4] time 0.436 (0.436) data 0.253 (0.253) loss 0.1931 (0.1931) acc 100.0000 (100.0000) data_term 0.1435 (0.1435) raw_kl_rep 10.0483 (10.0483) raw_kl_proj_rep 0.0000 (0.0000) kl_rep_term 0.0497 (0.0497) kl_proj_rep_term 0.0000 (0.0000) kl_term 0.0497 (0.0497) kl_normalizer 4.0000 (4.0000) kl_beta 0.3953 (0.3953) lr 5.9369e-04 eta 0:00:46
epoch [24/50] batch [2/4] time 0.166 (0.301) data 0.000 (0.126) loss 0.1640 (0.1786) acc 100.0000 (100.0000) data_term 0.1155 (0.1295) raw_kl_rep 9.8096 (9.9290) raw_kl_proj_rep 0.0000 (0.0000) kl_rep_term 0.0485 (0.0491) kl_proj_rep_term 0.0000 (0.0000) kl_term 0.0485 (0.0491) kl_normalizer 4.0000 (4.0000) kl_beta 0.3953 (0.3953) lr 5.9369e-04 eta 0:00:31
epoch [24/50] batch [3/4] time 0.174 (0.259) data 0.000 (0.084) loss 0.2668 (0.2080) acc 96.8750 (98.9583) data_term 0.2196 (0.1595) raw_kl_rep 9.5659 (9.8079) raw_kl_proj_rep 0.0000 (0.0000) kl_rep_term 0.0473 (0.0485) kl_proj_rep_term 0.0000 (0.0000) kl_term 0.0473 (0.0485) kl_normalizer 4.0000 (4.0000) kl_beta 0.3953 (0.3953) lr 5.9369e-04 eta 0:00:27
epoch [24/50] batch [4/4] time 0.142 (0.230) data 0.000 (0.063) loss 0.2375 (0.2154) acc 96.8750 (98.4375) data_term 0.1915 (0.1675) raw_kl_rep 9.3218 (9.6864) raw_kl_proj_rep 0.0000 (0.0000) kl_rep_term 0.0461 (0.0479) kl_proj_rep_term 0.0000 (0.0000) kl_term 0.0461 (0.0479) kl_normalizer 4.0000 (4.0000) kl_beta 0.3953 (0.3953) lr 5.6267e-04 eta 0:00:23
epoch [25/50] batch [1/4] time 0.531 (0.531) data 0.311 (0.311) loss 0.2370 (0.2370) acc 100.0000 (100.0000) data_term 0.1894 (0.1894) raw_kl_rep 9.1025 (9.1025) raw_kl_proj_rep 0.0000 (0.0000) kl_rep_term 0.0476 (0.0476) kl_proj_rep_term 0.0000 (0.0000) kl_term 0.0476 (0.0476) kl_normalizer 4.0000 (4.0000) kl_beta 0.4186 (0.4186) lr 5.6267e-04 eta 0:00:54
epoch [25/50] batch [2/4] time 0.179 (0.355) data 0.000 (0.156) loss 0.1443 (0.1907) acc 100.0000 (100.0000) data_term 0.0977 (0.1435) raw_kl_rep 8.9165 (9.0095) raw_kl_proj_rep 0.0000 (0.0000) kl_rep_term 0.0467 (0.0471) kl_proj_rep_term 0.0000 (0.0000) kl_term 0.0467 (0.0471) kl_normalizer 4.0000 (4.0000) kl_beta 0.4186 (0.4186) lr 5.6267e-04 eta 0:00:36
epoch [25/50] batch [3/4] time 0.173 (0.294) data 0.000 (0.104) loss 0.2044 (0.1952) acc 100.0000 (100.0000) data_term 0.1587 (0.1486) raw_kl_rep 8.7192 (8.9128) raw_kl_proj_rep 0.0000 (0.0000) kl_rep_term 0.0456 (0.0466) kl_proj_rep_term 0.0000 (0.0000) kl_term 0.0456 (0.0466) kl_normalizer 4.0000 (4.0000) kl_beta 0.4186 (0.4186) lr 5.6267e-04 eta 0:00:29
epoch [25/50] batch [4/4] time 0.118 (0.250) data 0.000 (0.078) loss 0.2765 (0.2155) acc 93.7500 (98.4375) data_term 0.2319 (0.1694) raw_kl_rep 8.5298 (8.8170) raw_kl_proj_rep 0.0000 (0.0000) kl_rep_term 0.0446 (0.0461) kl_proj_rep_term 0.0000 (0.0000) kl_term 0.0446 (0.0461) kl_normalizer 4.0000 (4.0000) kl_beta 0.4186 (0.4186) lr 5.3140e-04 eta 0:00:25
epoch [26/50] batch [1/4] time 0.494 (0.494) data 0.292 (0.292) loss 0.1852 (0.1852) acc 100.0000 (100.0000) data_term 0.1390 (0.1390) raw_kl_rep 8.3618 (8.3618) raw_kl_proj_rep 0.0000 (0.0000) kl_rep_term 0.0462 (0.0462) kl_proj_rep_term 0.0000 (0.0000) kl_term 0.0462 (0.0462) kl_normalizer 4.0000 (4.0000) kl_beta 0.4419 (0.4419) lr 5.3140e-04 eta 0:00:48
epoch [26/50] batch [2/4] time 0.182 (0.338) data 0.000 (0.146) loss 0.3018 (0.2435) acc 96.8750 (98.4375) data_term 0.2565 (0.1978) raw_kl_rep 8.2090 (8.2854) raw_kl_proj_rep 0.0000 (0.0000) kl_rep_term 0.0453 (0.0458) kl_proj_rep_term 0.0000 (0.0000) kl_term 0.0453 (0.0458) kl_normalizer 4.0000 (4.0000) kl_beta 0.4419 (0.4419) lr 5.3140e-04 eta 0:00:33
epoch [26/50] batch [3/4] time 0.182 (0.286) data 0.000 (0.097) loss 0.1954 (0.2275) acc 100.0000 (98.9583) data_term 0.1509 (0.1821) raw_kl_rep 8.0601 (8.2103) raw_kl_proj_rep 0.0000 (0.0000) kl_rep_term 0.0445 (0.0453) kl_proj_rep_term 0.0000 (0.0000) kl_term 0.0445 (0.0453) kl_normalizer 4.0000 (4.0000) kl_beta 0.4419 (0.4419) lr 5.3140e-04 eta 0:00:27
epoch [26/50] batch [4/4] time 0.122 (0.245) data 0.000 (0.073) loss 0.2449 (0.2318) acc 96.8750 (98.4375) data_term 0.2012 (0.1869) raw_kl_rep 7.9131 (8.1360) raw_kl_proj_rep 0.0000 (0.0000) kl_rep_term 0.0437 (0.0449) kl_proj_rep_term 0.0000 (0.0000) kl_term 0.0437 (0.0449) kl_normalizer 4.0000 (4.0000) kl_beta 0.4419 (0.4419) lr 5.0000e-04 eta 0:00:23
epoch [27/50] batch [1/4] time 0.489 (0.489) data 0.300 (0.300) loss 0.1581 (0.1581) acc 100.0000 (100.0000) data_term 0.1129 (0.1129) raw_kl_rep 7.7646 (7.7646) raw_kl_proj_rep 0.0000 (0.0000) kl_rep_term 0.0451 (0.0451) kl_proj_rep_term 0.0000 (0.0000) kl_term 0.0451 (0.0451) kl_normalizer 4.0000 (4.0000) kl_beta 0.4651 (0.4651) lr 5.0000e-04 eta 0:00:46
epoch [27/50] batch [2/4] time 0.173 (0.331) data 0.000 (0.150) loss 0.2380 (0.1980) acc 96.8750 (98.4375) data_term 0.1937 (0.1533) raw_kl_rep 7.6182 (7.6914) raw_kl_proj_rep 0.0000 (0.0000) kl_rep_term 0.0443 (0.0447) kl_proj_rep_term 0.0000 (0.0000) kl_term 0.0443 (0.0447) kl_normalizer 4.0000 (4.0000) kl_beta 0.4651 (0.4651) lr 5.0000e-04 eta 0:00:31
epoch [27/50] batch [3/4] time 0.172 (0.278) data 0.000 (0.100) loss 0.1944 (0.1968) acc 96.8750 (97.9167) data_term 0.1509 (0.1525) raw_kl_rep 7.4873 (7.6234) raw_kl_proj_rep 0.0000 (0.0000) kl_rep_term 0.0435 (0.0443) kl_proj_rep_term 0.0000 (0.0000) kl_term 0.0435 (0.0443) kl_normalizer 4.0000 (4.0000) kl_beta 0.4651 (0.4651) lr 5.0000e-04 eta 0:00:25
epoch [27/50] batch [4/4] time 0.143 (0.244) data 0.000 (0.075) loss 0.2121 (0.2006) acc 100.0000 (98.4375) data_term 0.1693 (0.1567) raw_kl_rep 7.3516 (7.5554) raw_kl_proj_rep 0.0000 (0.0000) kl_rep_term 0.0427 (0.0439) kl_proj_rep_term 0.0000 (0.0000) kl_term 0.0427 (0.0439) kl_normalizer 4.0000 (4.0000) kl_beta 0.4651 (0.4651) lr 4.6860e-04 eta 0:00:22
epoch [28/50] batch [1/4] time 0.479 (0.479) data 0.279 (0.279) loss 0.2825 (0.2825) acc 96.8750 (96.8750) data_term 0.2384 (0.2384) raw_kl_rep 7.2261 (7.2261) raw_kl_proj_rep 0.0000 (0.0000) kl_rep_term 0.0441 (0.0441) kl_proj_rep_term 0.0000 (0.0000) kl_term 0.0441 (0.0441) kl_normalizer 4.0000 (4.0000) kl_beta 0.4884 (0.4884) lr 4.6860e-04 eta 0:00:43
epoch [28/50] batch [2/4] time 0.168 (0.324) data 0.000 (0.139) loss 0.1292 (0.2058) acc 100.0000 (98.4375) data_term 0.0858 (0.1621) raw_kl_rep 7.1074 (7.1667) raw_kl_proj_rep 0.0000 (0.0000) kl_rep_term 0.0434 (0.0438) kl_proj_rep_term 0.0000 (0.0000) kl_term 0.0434 (0.0438) kl_normalizer 4.0000 (4.0000) kl_beta 0.4884 (0.4884) lr 4.6860e-04 eta 0:00:29
epoch [28/50] batch [3/4] time 0.168 (0.272) data 0.000 (0.093) loss 0.2570 (0.2229) acc 96.8750 (97.9167) data_term 0.2144 (0.1795) raw_kl_rep 6.9819 (7.1051) raw_kl_proj_rep 0.0000 (0.0000) kl_rep_term 0.0426 (0.0434) kl_proj_rep_term 0.0000 (0.0000) kl_term 0.0426 (0.0434) kl_normalizer 4.0000 (4.0000) kl_beta 0.4884 (0.4884) lr 4.6860e-04 eta 0:00:24
epoch [28/50] batch [4/4] time 0.157 (0.243) data 0.000 (0.070) loss 0.1546 (0.2058) acc 100.0000 (98.4375) data_term 0.1127 (0.1628) raw_kl_rep 6.8613 (7.0442) raw_kl_proj_rep 0.0000 (0.0000) kl_rep_term 0.0419 (0.0430) kl_proj_rep_term 0.0000 (0.0000) kl_term 0.0419 (0.0430) kl_normalizer 4.0000 (4.0000) kl_beta 0.4884 (0.4884) lr 4.3733e-04 eta 0:00:21
epoch [29/50] batch [1/4] time 0.438 (0.438) data 0.249 (0.249) loss 0.2207 (0.2207) acc 100.0000 (100.0000) data_term 0.1776 (0.1776) raw_kl_rep 6.7383 (6.7383) raw_kl_proj_rep 0.0000 (0.0000) kl_rep_term 0.0431 (0.0431) kl_proj_rep_term 0.0000 (0.0000) kl_term 0.0431 (0.0431) kl_normalizer 4.0000 (4.0000) kl_beta 0.5116 (0.5116) lr 4.3733e-04 eta 0:00:38
epoch [29/50] batch [2/4] time 0.179 (0.308) data 0.000 (0.125) loss 0.2265 (0.2236) acc 96.8750 (98.4375) data_term 0.1841 (0.1809) raw_kl_rep 6.6279 (6.6831) raw_kl_proj_rep 0.0000 (0.0000) kl_rep_term 0.0424 (0.0427) kl_proj_rep_term 0.0000 (0.0000) kl_term 0.0424 (0.0427) kl_normalizer 4.0000 (4.0000) kl_beta 0.5116 (0.5116) lr 4.3733e-04 eta 0:00:26
epoch [29/50] batch [3/4] time 0.182 (0.266) data 0.000 (0.083) loss 0.1684 (0.2052) acc 100.0000 (98.9583) data_term 0.1267 (0.1628) raw_kl_rep 6.5146 (6.6270) raw_kl_proj_rep 0.0000 (0.0000) kl_rep_term 0.0417 (0.0424) kl_proj_rep_term 0.0000 (0.0000) kl_term 0.0417 (0.0424) kl_normalizer 4.0000 (4.0000) kl_beta 0.5116 (0.5116) lr 4.3733e-04 eta 0:00:22
epoch [29/50] batch [4/4] time 0.158 (0.239) data 0.000 (0.062) loss 0.1811 (0.1992) acc 100.0000 (99.2188) data_term 0.1402 (0.1572) raw_kl_rep 6.3926 (6.5684) raw_kl_proj_rep 0.0000 (0.0000) kl_rep_term 0.0409 (0.0420) kl_proj_rep_term 0.0000 (0.0000) kl_term 0.0409 (0.0420) kl_normalizer 4.0000 (4.0000) kl_beta 0.5116 (0.5116) lr 4.0631e-04 eta 0:00:20
epoch [30/50] batch [1/4] time 0.504 (0.504) data 0.268 (0.268) loss 0.1970 (0.1970) acc 96.8750 (96.8750) data_term 0.1551 (0.1551) raw_kl_rep 6.2646 (6.2646) raw_kl_proj_rep 0.0000 (0.0000) kl_rep_term 0.0419 (0.0419) kl_proj_rep_term 0.0000 (0.0000) kl_term 0.0419 (0.0419) kl_normalizer 4.0000 (4.0000) kl_beta 0.5349 (0.5349) lr 4.0631e-04 eta 0:00:41
epoch [30/50] batch [2/4] time 0.181 (0.342) data 0.000 (0.134) loss 0.3549 (0.2759) acc 93.7500 (95.3125) data_term 0.3138 (0.2344) raw_kl_rep 6.1465 (6.2056) raw_kl_proj_rep 0.0000 (0.0000) kl_rep_term 0.0411 (0.0415) kl_proj_rep_term 0.0000 (0.0000) kl_term 0.0411 (0.0415) kl_normalizer 4.0000 (4.0000) kl_beta 0.5349 (0.5349) lr 4.0631e-04 eta 0:00:28
epoch [30/50] batch [3/4] time 0.176 (0.287) data 0.000 (0.089) loss 0.1663 (0.2394) acc 100.0000 (96.8750) data_term 0.1259 (0.1983) raw_kl_rep 6.0479 (6.1530) raw_kl_proj_rep 0.0000 (0.0000) kl_rep_term 0.0404 (0.0411) kl_proj_rep_term 0.0000 (0.0000) kl_term 0.0404 (0.0411) kl_normalizer 4.0000 (4.0000) kl_beta 0.5349 (0.5349) lr 4.0631e-04 eta 0:00:23
epoch [30/50] batch [4/4] time 0.144 (0.251) data 0.000 (0.067) loss 0.1242 (0.2106) acc 100.0000 (97.6562) data_term 0.0844 (0.1698) raw_kl_rep 5.9502 (6.1023) raw_kl_proj_rep 0.0000 (0.0000) kl_rep_term 0.0398 (0.0408) kl_proj_rep_term 0.0000 (0.0000) kl_term 0.0398 (0.0408) kl_normalizer 4.0000 (4.0000) kl_beta 0.5349 (0.5349) lr 3.7566e-04 eta 0:00:20
epoch [31/50] batch [1/4] time 0.491 (0.491) data 0.282 (0.282) loss 0.2955 (0.2955) acc 100.0000 (100.0000) data_term 0.2547 (0.2547) raw_kl_rep 5.8403 (5.8403) raw_kl_proj_rep 0.0000 (0.0000) kl_rep_term 0.0407 (0.0407) kl_proj_rep_term 0.0000 (0.0000) kl_term 0.0407 (0.0407) kl_normalizer 4.0000 (4.0000) kl_beta 0.5581 (0.5581) lr 3.7566e-04 eta 0:00:38
epoch [31/50] batch [2/4] time 0.180 (0.335) data 0.000 (0.141) loss 0.1027 (0.1991) acc 100.0000 (100.0000) data_term 0.0626 (0.1587) raw_kl_rep 5.7471 (5.7937) raw_kl_proj_rep 0.0000 (0.0000) kl_rep_term 0.0401 (0.0404) kl_proj_rep_term 0.0000 (0.0000) kl_term 0.0401 (0.0404) kl_normalizer 4.0000 (4.0000) kl_beta 0.5581 (0.5581) lr 3.7566e-04 eta 0:00:26
epoch [31/50] batch [3/4] time 0.169 (0.280) data 0.000 (0.094) loss 0.2149 (0.2044) acc 100.0000 (100.0000) data_term 0.1756 (0.1643) raw_kl_rep 5.6421 (5.7432) raw_kl_proj_rep 0.0000 (0.0000) kl_rep_term 0.0394 (0.0401) kl_proj_rep_term 0.0000 (0.0000) kl_term 0.0394 (0.0401) kl_normalizer 4.0000 (4.0000) kl_beta 0.5581 (0.5581) lr 3.7566e-04 eta 0:00:21
epoch [31/50] batch [4/4] time 0.167 (0.252) data 0.000 (0.071) loss 0.2470 (0.2150) acc 96.8750 (99.2188) data_term 0.2084 (0.1753) raw_kl_rep 5.5410 (5.6926) raw_kl_proj_rep 0.0000 (0.0000) kl_rep_term 0.0387 (0.0397) kl_proj_rep_term 0.0000 (0.0000) kl_term 0.0387 (0.0397) kl_normalizer 4.0000 (4.0000) kl_beta 0.5581 (0.5581) lr 3.4549e-04 eta 0:00:19
epoch [32/50] batch [1/4] time 0.517 (0.517) data 0.318 (0.318) loss 0.1270 (0.1270) acc 100.0000 (100.0000) data_term 0.0875 (0.0875) raw_kl_rep 5.4395 (5.4395) raw_kl_proj_rep 0.0000 (0.0000) kl_rep_term 0.0395 (0.0395) kl_proj_rep_term 0.0000 (0.0000) kl_term 0.0395 (0.0395) kl_normalizer 4.0000 (4.0000) kl_beta 0.5814 (0.5814) lr 3.4549e-04 eta 0:00:38
epoch [32/50] batch [2/4] time 0.166 (0.342) data 0.000 (0.159) loss 0.1793 (0.1532) acc 100.0000 (100.0000) data_term 0.1405 (0.1140) raw_kl_rep 5.3379 (5.3887) raw_kl_proj_rep 0.0000 (0.0000) kl_rep_term 0.0388 (0.0392) kl_proj_rep_term 0.0000 (0.0000) kl_term 0.0388 (0.0392) kl_normalizer 4.0000 (4.0000) kl_beta 0.5814 (0.5814) lr 3.4549e-04 eta 0:00:25
epoch [32/50] batch [3/4] time 0.131 (0.271) data 0.000 (0.106) loss 0.2360 (0.1808) acc 96.8750 (98.9583) data_term 0.1980 (0.1420) raw_kl_rep 5.2305 (5.3359) raw_kl_proj_rep 0.0000 (0.0000) kl_rep_term 0.0380 (0.0388) kl_proj_rep_term 0.0000 (0.0000) kl_term 0.0380 (0.0388) kl_normalizer 4.0000 (4.0000) kl_beta 0.5814 (0.5814) lr 3.4549e-04 eta 0:00:19
epoch [32/50] batch [4/4] time 0.132 (0.236) data 0.000 (0.080) loss 0.1599 (0.1756) acc 100.0000 (99.2188) data_term 0.1226 (0.1372) raw_kl_rep 5.1328 (5.2852) raw_kl_proj_rep 0.0000 (0.0000) kl_rep_term 0.0373 (0.0384) kl_proj_rep_term 0.0000 (0.0000) kl_term 0.0373 (0.0384) kl_normalizer 4.0000 (4.0000) kl_beta 0.5814 (0.5814) lr 3.1594e-04 eta 0:00:17
epoch [33/50] batch [1/4] time 0.505 (0.505) data 0.316 (0.316) loss 0.3328 (0.3328) acc 100.0000 (100.0000) data_term 0.2948 (0.2948) raw_kl_rep 5.0322 (5.0322) raw_kl_proj_rep 0.0000 (0.0000) kl_rep_term 0.0380 (0.0380) kl_proj_rep_term 0.0000 (0.0000) kl_term 0.0380 (0.0380) kl_normalizer 4.0000 (4.0000) kl_beta 0.6047 (0.6047) lr 3.1594e-04 eta 0:00:35
epoch [33/50] batch [2/4] time 0.157 (0.331) data 0.000 (0.158) loss 0.2197 (0.2763) acc 100.0000 (100.0000) data_term 0.1822 (0.2385) raw_kl_rep 4.9570 (4.9946) raw_kl_proj_rep 0.0000 (0.0000) kl_rep_term 0.0375 (0.0378) kl_proj_rep_term 0.0000 (0.0000) kl_term 0.0375 (0.0378) kl_normalizer 4.0000 (4.0000) kl_beta 0.6047 (0.6047) lr 3.1594e-04 eta 0:00:23
epoch [33/50] batch [3/4] time 0.153 (0.272) data 0.000 (0.106) loss 0.2311 (0.2612) acc 96.8750 (98.9583) data_term 0.1942 (0.2237) raw_kl_rep 4.8877 (4.9590) raw_kl_proj_rep 0.0000 (0.0000) kl_rep_term 0.0369 (0.0375) kl_proj_rep_term 0.0000 (0.0000) kl_term 0.0369 (0.0375) kl_normalizer 4.0000 (4.0000) kl_beta 0.6047 (0.6047) lr 3.1594e-04 eta 0:00:18
epoch [33/50] batch [4/4] time 0.137 (0.238) data 0.000 (0.079) loss 0.1302 (0.2285) acc 100.0000 (99.2188) data_term 0.0938 (0.1912) raw_kl_rep 4.8159 (4.9232) raw_kl_proj_rep 0.0000 (0.0000) kl_rep_term 0.0364 (0.0372) kl_proj_rep_term 0.0000 (0.0000) kl_term 0.0364 (0.0372) kl_normalizer 4.0000 (4.0000) kl_beta 0.6047 (0.6047) lr 2.8711e-04 eta 0:00:16
epoch [34/50] batch [1/4] time 0.542 (0.542) data 0.301 (0.301) loss 0.1449 (0.1449) acc 100.0000 (100.0000) data_term 0.1077 (0.1077) raw_kl_rep 4.7417 (4.7417) raw_kl_proj_rep 0.0000 (0.0000) kl_rep_term 0.0372 (0.0372) kl_proj_rep_term 0.0000 (0.0000) kl_term 0.0372 (0.0372) kl_normalizer 4.0000 (4.0000) kl_beta 0.6279 (0.6279) lr 2.8711e-04 eta 0:00:36
epoch [34/50] batch [2/4] time 0.221 (0.382) data 0.000 (0.151) loss 0.1968 (0.1708) acc 100.0000 (100.0000) data_term 0.1601 (0.1339) raw_kl_rep 4.6704 (4.7061) raw_kl_proj_rep 0.0000 (0.0000) kl_rep_term 0.0367 (0.0369) kl_proj_rep_term 0.0000 (0.0000) kl_term 0.0367 (0.0369) kl_normalizer 4.0000 (4.0000) kl_beta 0.6279 (0.6279) lr 2.8711e-04 eta 0:00:25
epoch [34/50] batch [3/4] time 0.217 (0.327) data 0.000 (0.101) loss 0.2445 (0.1954) acc 100.0000 (100.0000) data_term 0.2084 (0.1587) raw_kl_rep 4.6001 (4.6707) raw_kl_proj_rep 0.0000 (0.0000) kl_rep_term 0.0361 (0.0367) kl_proj_rep_term 0.0000 (0.0000) kl_term 0.0361 (0.0367) kl_normalizer 4.0000 (4.0000) kl_beta 0.6279 (0.6279) lr 2.8711e-04 eta 0:00:21
epoch [34/50] batch [4/4] time 0.216 (0.299) data 0.000 (0.075) loss 0.1903 (0.1941) acc 100.0000 (100.0000) data_term 0.1547 (0.1577) raw_kl_rep 4.5405 (4.6382) raw_kl_proj_rep 0.0000 (0.0000) kl_rep_term 0.0356 (0.0364) kl_proj_rep_term 0.0000 (0.0000) kl_term 0.0356 (0.0364) kl_normalizer 4.0000 (4.0000) kl_beta 0.6279 (0.6279) lr 2.5912e-04 eta 0:00:19
epoch [35/50] batch [1/4] time 0.494 (0.494) data 0.256 (0.256) loss 0.2671 (0.2671) acc 96.8750 (96.8750) data_term 0.2307 (0.2307) raw_kl_rep 4.4771 (4.4771) raw_kl_proj_rep 0.0000 (0.0000) kl_rep_term 0.0364 (0.0364) kl_proj_rep_term 0.0000 (0.0000) kl_term 0.0364 (0.0364) kl_normalizer 4.0000 (4.0000) kl_beta 0.6512 (0.6512) lr 2.5912e-04 eta 0:00:31
epoch [35/50] batch [2/4] time 0.204 (0.349) data 0.000 (0.128) loss 0.1478 (0.2075) acc 100.0000 (98.4375) data_term 0.1117 (0.1712) raw_kl_rep 4.4336 (4.4553) raw_kl_proj_rep 0.0000 (0.0000) kl_rep_term 0.0361 (0.0363) kl_proj_rep_term 0.0000 (0.0000) kl_term 0.0361 (0.0363) kl_normalizer 4.0000 (4.0000) kl_beta 0.6512 (0.6512) lr 2.5912e-04 eta 0:00:21
epoch [35/50] batch [3/4] time 0.215 (0.304) data 0.000 (0.085) loss 0.1541 (0.1897) acc 100.0000 (98.9583) data_term 0.1184 (0.1536) raw_kl_rep 4.3848 (4.4318) raw_kl_proj_rep 0.0000 (0.0000) kl_rep_term 0.0357 (0.0361) kl_proj_rep_term 0.0000 (0.0000) kl_term 0.0357 (0.0361) kl_normalizer 4.0000 (4.0000) kl_beta 0.6512 (0.6512) lr 2.5912e-04 eta 0:00:18
epoch [35/50] batch [4/4] time 0.208 (0.280) data 0.000 (0.064) loss 0.2435 (0.2031) acc 96.8750 (98.4375) data_term 0.2082 (0.1673) raw_kl_rep 4.3325 (4.4070) raw_kl_proj_rep 0.0000 (0.0000) kl_rep_term 0.0353 (0.0359) kl_proj_rep_term 0.0000 (0.0000) kl_term 0.0353 (0.0359) kl_normalizer 4.0000 (4.0000) kl_beta 0.6512 (0.6512) lr 2.3209e-04 eta 0:00:16
epoch [36/50] batch [1/4] time 0.506 (0.506) data 0.269 (0.269) loss 0.2289 (0.2289) acc 100.0000 (100.0000) data_term 0.1927 (0.1927) raw_kl_rep 4.2837 (4.2837) raw_kl_proj_rep 0.0000 (0.0000) kl_rep_term 0.0361 (0.0361) kl_proj_rep_term 0.0000 (0.0000) kl_term 0.0361 (0.0361) kl_normalizer 4.0000 (4.0000) kl_beta 0.6744 (0.6744) lr 2.3209e-04 eta 0:00:29
epoch [36/50] batch [2/4] time 0.218 (0.362) data 0.000 (0.134) loss 0.1412 (0.1850) acc 100.0000 (100.0000) data_term 0.1054 (0.1491) raw_kl_rep 4.2466 (4.2651) raw_kl_proj_rep 0.0000 (0.0000) kl_rep_term 0.0358 (0.0360) kl_proj_rep_term 0.0000 (0.0000) kl_term 0.0358 (0.0360) kl_normalizer 4.0000 (4.0000) kl_beta 0.6744 (0.6744) lr 2.3209e-04 eta 0:00:20
epoch [36/50] batch [3/4] time 0.201 (0.308) data 0.000 (0.090) loss 0.1121 (0.1607) acc 100.0000 (100.0000) data_term 0.0767 (0.1249) raw_kl_rep 4.2051 (4.2451) raw_kl_proj_rep 0.0000 (0.0000) kl_rep_term 0.0354 (0.0358) kl_proj_rep_term 0.0000 (0.0000) kl_term 0.0354 (0.0358) kl_normalizer 4.0000 (4.0000) kl_beta 0.6744 (0.6744) lr 2.3209e-04 eta 0:00:17
epoch [36/50] batch [4/4] time 0.216 (0.285) data 0.000 (0.067) loss 0.2414 (0.1809) acc 96.8750 (99.2188) data_term 0.2064 (0.1453) raw_kl_rep 4.1582 (4.2234) raw_kl_proj_rep 0.0000 (0.0000) kl_rep_term 0.0351 (0.0356) kl_proj_rep_term 0.0000 (0.0000) kl_term 0.0351 (0.0356) kl_normalizer 4.0000 (4.0000) kl_beta 0.6744 (0.6744) lr 2.0611e-04 eta 0:00:15
epoch [37/50] batch [1/4] time 0.825 (0.825) data 0.573 (0.573) loss 0.1852 (0.1852) acc 96.8750 (96.8750) data_term 0.1493 (0.1493) raw_kl_rep 4.1162 (4.1162) raw_kl_proj_rep 0.0000 (0.0000) kl_rep_term 0.0359 (0.0359) kl_proj_rep_term 0.0000 (0.0000) kl_term 0.0359 (0.0359) kl_normalizer 4.0000 (4.0000) kl_beta 0.6977 (0.6977) lr 2.0611e-04 eta 0:00:45
epoch [37/50] batch [2/4] time 0.217 (0.521) data 0.000 (0.287) loss 0.1498 (0.1675) acc 100.0000 (98.4375) data_term 0.1142 (0.1318) raw_kl_rep 4.0742 (4.0952) raw_kl_proj_rep 0.0000 (0.0000) kl_rep_term 0.0355 (0.0357) kl_proj_rep_term 0.0000 (0.0000) kl_term 0.0355 (0.0357) kl_normalizer 4.0000 (4.0000) kl_beta 0.6977 (0.6977) lr 2.0611e-04 eta 0:00:28
epoch [37/50] batch [3/4] time 0.205 (0.416) data 0.000 (0.191) loss 0.3300 (0.2217) acc 100.0000 (98.9583) data_term 0.2949 (0.1861) raw_kl_rep 4.0303 (4.0736) raw_kl_proj_rep 0.0000 (0.0000) kl_rep_term 0.0351 (0.0355) kl_proj_rep_term 0.0000 (0.0000) kl_term 0.0351 (0.0355) kl_normalizer 4.0000 (4.0000) kl_beta 0.6977 (0.6977) lr 2.0611e-04 eta 0:00:22
epoch [37/50] batch [4/4] time 0.213 (0.365) data 0.000 (0.143) loss 0.1250 (0.1975) acc 100.0000 (99.2188) data_term 0.0901 (0.1621) raw_kl_rep 3.9985 (4.0548) raw_kl_proj_rep 0.0000 (0.0000) kl_rep_term 0.0349 (0.0354) kl_proj_rep_term 0.0000 (0.0000) kl_term 0.0349 (0.0354) kl_normalizer 4.0000 (4.0000) kl_beta 0.6977 (0.6977) lr 1.8129e-04 eta 0:00:18
epoch [38/50] batch [1/4] time 0.579 (0.579) data 0.335 (0.335) loss 0.2022 (0.2022) acc 100.0000 (100.0000) data_term 0.1665 (0.1665) raw_kl_rep 3.9590 (3.9590) raw_kl_proj_rep 0.0000 (0.0000) kl_rep_term 0.0357 (0.0357) kl_proj_rep_term 0.0000 (0.0000) kl_term 0.0357 (0.0357) kl_normalizer 4.0000 (4.0000) kl_beta 0.7209 (0.7209) lr 1.8129e-04 eta 0:00:29
epoch [38/50] batch [2/4] time 0.229 (0.404) data 0.000 (0.168) loss 0.1825 (0.1924) acc 100.0000 (100.0000) data_term 0.1472 (0.1569) raw_kl_rep 3.9224 (3.9407) raw_kl_proj_rep 0.0000 (0.0000) kl_rep_term 0.0353 (0.0355) kl_proj_rep_term 0.0000 (0.0000) kl_term 0.0353 (0.0355) kl_normalizer 4.0000 (4.0000) kl_beta 0.7209 (0.7209) lr 1.8129e-04 eta 0:00:20
epoch [38/50] batch [3/4] time 0.206 (0.338) data 0.000 (0.112) loss 0.2173 (0.2007) acc 96.8750 (98.9583) data_term 0.1823 (0.1653) raw_kl_rep 3.8862 (3.9225) raw_kl_proj_rep 0.0000 (0.0000) kl_rep_term 0.0350 (0.0353) kl_proj_rep_term 0.0000 (0.0000) kl_term 0.0350 (0.0353) kl_normalizer 4.0000 (4.0000) kl_beta 0.7209 (0.7209) lr 1.8129e-04 eta 0:00:16
epoch [38/50] batch [4/4] time 0.214 (0.307) data 0.000 (0.084) loss 0.1149 (0.1792) acc 100.0000 (99.2188) data_term 0.0802 (0.1441) raw_kl_rep 3.8486 (3.9041) raw_kl_proj_rep 0.0000 (0.0000) kl_rep_term 0.0347 (0.0352) kl_proj_rep_term 0.0000 (0.0000) kl_term 0.0347 (0.0352) kl_normalizer 4.0000 (4.0000) kl_beta 0.7209 (0.7209) lr 1.5773e-04 eta 0:00:14
epoch [39/50] batch [1/4] time 0.791 (0.791) data 0.539 (0.539) loss 0.1263 (0.1263) acc 100.0000 (100.0000) data_term 0.0909 (0.0909) raw_kl_rep 3.8042 (3.8042) raw_kl_proj_rep 0.0000 (0.0000) kl_rep_term 0.0354 (0.0354) kl_proj_rep_term 0.0000 (0.0000) kl_term 0.0354 (0.0354) kl_normalizer 4.0000 (4.0000) kl_beta 0.7442 (0.7442) lr 1.5773e-04 eta 0:00:37
epoch [39/50] batch [2/4] time 0.213 (0.502) data 0.000 (0.270) loss 0.2155 (0.1709) acc 93.7500 (96.8750) data_term 0.1805 (0.1357) raw_kl_rep 3.7612 (3.7827) raw_kl_proj_rep 0.0000 (0.0000) kl_rep_term 0.0350 (0.0352) kl_proj_rep_term 0.0000 (0.0000) kl_term 0.0350 (0.0352) kl_normalizer 4.0000 (4.0000) kl_beta 0.7442 (0.7442) lr 1.5773e-04 eta 0:00:23
epoch [39/50] batch [3/4] time 0.214 (0.406) data 0.000 (0.180) loss 0.1297 (0.1572) acc 100.0000 (97.9167) data_term 0.0951 (0.1222) raw_kl_rep 3.7197 (3.7617) raw_kl_proj_rep 0.0000 (0.0000) kl_rep_term 0.0346 (0.0350) kl_proj_rep_term 0.0000 (0.0000) kl_term 0.0346 (0.0350) kl_normalizer 4.0000 (4.0000) kl_beta 0.7442 (0.7442) lr 1.5773e-04 eta 0:00:18
epoch [39/50] batch [4/4] time 0.204 (0.355) data 0.000 (0.135) loss 0.3310 (0.2006) acc 96.8750 (97.6562) data_term 0.2967 (0.1658) raw_kl_rep 3.6772 (3.7406) raw_kl_proj_rep 0.0000 (0.0000) kl_rep_term 0.0342 (0.0348) kl_proj_rep_term 0.0000 (0.0000) kl_term 0.0342 (0.0348) kl_normalizer 4.0000 (4.0000) kl_beta 0.7442 (0.7442) lr 1.3552e-04 eta 0:00:15
epoch [40/50] batch [1/4] time 0.690 (0.690) data 0.455 (0.455) loss 0.2119 (0.2119) acc 100.0000 (100.0000) data_term 0.1770 (0.1770) raw_kl_rep 3.6416 (3.6416) raw_kl_proj_rep 0.0000 (0.0000) kl_rep_term 0.0349 (0.0349) kl_proj_rep_term 0.0000 (0.0000) kl_term 0.0349 (0.0349) kl_normalizer 4.0000 (4.0000) kl_beta 0.7674 (0.7674) lr 1.3552e-04 eta 0:00:29
epoch [40/50] batch [2/4] time 0.219 (0.455) data 0.000 (0.227) loss 0.1736 (0.1928) acc 100.0000 (100.0000) data_term 0.1390 (0.1580) raw_kl_rep 3.6123 (3.6270) raw_kl_proj_rep 0.0000 (0.0000) kl_rep_term 0.0347 (0.0348) kl_proj_rep_term 0.0000 (0.0000) kl_term 0.0347 (0.0348) kl_normalizer 4.0000 (4.0000) kl_beta 0.7674 (0.7674) lr 1.3552e-04 eta 0:00:19
epoch [40/50] batch [3/4] time 0.204 (0.371) data 0.000 (0.152) loss 0.1521 (0.1792) acc 100.0000 (100.0000) data_term 0.1177 (0.1445) raw_kl_rep 3.5820 (3.6120) raw_kl_proj_rep 0.0000 (0.0000) kl_rep_term 0.0344 (0.0346) kl_proj_rep_term 0.0000 (0.0000) kl_term 0.0344 (0.0346) kl_normalizer 4.0000 (4.0000) kl_beta 0.7674 (0.7674) lr 1.3552e-04 eta 0:00:15
epoch [40/50] batch [4/4] time 0.214 (0.332) data 0.000 (0.114) loss 0.1314 (0.1672) acc 100.0000 (100.0000) data_term 0.0974 (0.1327) raw_kl_rep 3.5508 (3.5967) raw_kl_proj_rep 0.0000 (0.0000) kl_rep_term 0.0341 (0.0345) kl_proj_rep_term 0.0000 (0.0000) kl_term 0.0341 (0.0345) kl_normalizer 4.0000 (4.0000) kl_beta 0.7674 (0.7674) lr 1.1474e-04 eta 0:00:13
epoch [41/50] batch [1/4] time 0.557 (0.557) data 0.327 (0.327) loss 0.1413 (0.1413) acc 100.0000 (100.0000) data_term 0.1065 (0.1065) raw_kl_rep 3.5200 (3.5200) raw_kl_proj_rep 0.0000 (0.0000) kl_rep_term 0.0348 (0.0348) kl_proj_rep_term 0.0000 (0.0000) kl_term 0.0348 (0.0348) kl_normalizer 4.0000 (4.0000) kl_beta 0.7907 (0.7907) lr 1.1474e-04 eta 0:00:21
epoch [41/50] batch [2/4] time 0.210 (0.383) data 0.000 (0.163) loss 0.2723 (0.2068) acc 100.0000 (100.0000) data_term 0.2378 (0.1722) raw_kl_rep 3.4902 (3.5051) raw_kl_proj_rep 0.0000 (0.0000) kl_rep_term 0.0345 (0.0346) kl_proj_rep_term 0.0000 (0.0000) kl_term 0.0345 (0.0346) kl_normalizer 4.0000 (4.0000) kl_beta 0.7907 (0.7907) lr 1.1474e-04 eta 0:00:14
epoch [41/50] batch [3/4] time 0.209 (0.325) data 0.000 (0.109) loss 0.1634 (0.1924) acc 100.0000 (100.0000) data_term 0.1292 (0.1579) raw_kl_rep 3.4644 (3.4915) raw_kl_proj_rep 0.0000 (0.0000) kl_rep_term 0.0342 (0.0345) kl_proj_rep_term 0.0000 (0.0000) kl_term 0.0342 (0.0345) kl_normalizer 4.0000 (4.0000) kl_beta 0.7907 (0.7907) lr 1.1474e-04 eta 0:00:12
epoch [41/50] batch [4/4] time 0.217 (0.298) data 0.000 (0.082) loss 0.2188 (0.1990) acc 96.8750 (99.2188) data_term 0.1848 (0.1646) raw_kl_rep 3.4365 (3.4778) raw_kl_proj_rep 0.0000 (0.0000) kl_rep_term 0.0340 (0.0344) kl_proj_rep_term 0.0000 (0.0000) kl_term 0.0340 (0.0344) kl_normalizer 4.0000 (4.0000) kl_beta 0.7907 (0.7907) lr 9.5492e-05 eta 0:00:10
epoch [42/50] batch [1/4] time 0.597 (0.597) data 0.353 (0.353) loss 0.1422 (0.1422) acc 100.0000 (100.0000) data_term 0.1075 (0.1075) raw_kl_rep 3.4111 (3.4111) raw_kl_proj_rep 0.0000 (0.0000) kl_rep_term 0.0347 (0.0347) kl_proj_rep_term 0.0000 (0.0000) kl_term 0.0347 (0.0347) kl_normalizer 4.0000 (4.0000) kl_beta 0.8140 (0.8140) lr 9.5492e-05 eta 0:00:20
epoch [42/50] batch [2/4] time 0.215 (0.406) data 0.000 (0.176) loss 0.1512 (0.1467) acc 100.0000 (100.0000) data_term 0.1167 (0.1121) raw_kl_rep 3.3916 (3.4014) raw_kl_proj_rep 0.0000 (0.0000) kl_rep_term 0.0345 (0.0346) kl_proj_rep_term 0.0000 (0.0000) kl_term 0.0345 (0.0346) kl_normalizer 4.0000 (4.0000) kl_beta 0.8140 (0.8140) lr 9.5492e-05 eta 0:00:13
epoch [42/50] batch [3/4] time 0.210 (0.341) data 0.000 (0.118) loss 0.3352 (0.2095) acc 96.8750 (98.9583) data_term 0.3009 (0.1750) raw_kl_rep 3.3691 (3.3906) raw_kl_proj_rep 0.0000 (0.0000) kl_rep_term 0.0343 (0.0345) kl_proj_rep_term 0.0000 (0.0000) kl_term 0.0343 (0.0345) kl_normalizer 4.0000 (4.0000) kl_beta 0.8140 (0.8140) lr 9.5492e-05 eta 0:00:11
epoch [42/50] batch [4/4] time 0.220 (0.310) data 0.000 (0.088) loss 0.1344 (0.1907) acc 100.0000 (99.2188) data_term 0.1003 (0.1563) raw_kl_rep 3.3511 (3.3807) raw_kl_proj_rep 0.0000 (0.0000) kl_rep_term 0.0341 (0.0344) kl_proj_rep_term 0.0000 (0.0000) kl_term 0.0341 (0.0344) kl_normalizer 4.0000 (4.0000) kl_beta 0.8140 (0.8140) lr 7.7836e-05 eta 0:00:09
epoch [43/50] batch [1/4] time 0.506 (0.506) data 0.265 (0.265) loss 0.2213 (0.2213) acc 100.0000 (100.0000) data_term 0.1865 (0.1865) raw_kl_rep 3.3306 (3.3306) raw_kl_proj_rep 0.0000 (0.0000) kl_rep_term 0.0349 (0.0349) kl_proj_rep_term 0.0000 (0.0000) kl_term 0.0349 (0.0349) kl_normalizer 4.0000 (4.0000) kl_beta 0.8372 (0.8372) lr 7.7836e-05 eta 0:00:15
epoch [43/50] batch [2/4] time 0.214 (0.360) data 0.000 (0.133) loss 0.1648 (0.1931) acc 100.0000 (100.0000) data_term 0.1301 (0.1583) raw_kl_rep 3.3145 (3.3225) raw_kl_proj_rep 0.0000 (0.0000) kl_rep_term 0.0347 (0.0348) kl_proj_rep_term 0.0000 (0.0000) kl_term 0.0347 (0.0348) kl_normalizer 4.0000 (4.0000) kl_beta 0.8372 (0.8372) lr 7.7836e-05 eta 0:00:10
epoch [43/50] batch [3/4] time 0.213 (0.311) data 0.000 (0.088) loss 0.2296 (0.2052) acc 100.0000 (100.0000) data_term 0.1950 (0.1705) raw_kl_rep 3.2979 (3.3143) raw_kl_proj_rep 0.0000 (0.0000) kl_rep_term 0.0345 (0.0347) kl_proj_rep_term 0.0000 (0.0000) kl_term 0.0345 (0.0347) kl_normalizer 4.0000 (4.0000) kl_beta 0.8372 (0.8372) lr 7.7836e-05 eta 0:00:09
epoch [43/50] batch [4/4] time 0.214 (0.287) data 0.000 (0.066) loss 0.1417 (0.1894) acc 100.0000 (100.0000) data_term 0.1074 (0.1548) raw_kl_rep 3.2817 (3.3062) raw_kl_proj_rep 0.0000 (0.0000) kl_rep_term 0.0343 (0.0346) kl_proj_rep_term 0.0000 (0.0000) kl_term 0.0343 (0.0346) kl_normalizer 4.0000 (4.0000) kl_beta 0.8372 (0.8372) lr 6.1847e-05 eta 0:00:08
epoch [44/50] batch [1/4] time 0.505 (0.505) data 0.251 (0.251) loss 0.2371 (0.2371) acc 100.0000 (100.0000) data_term 0.2020 (0.2020) raw_kl_rep 3.2642 (3.2642) raw_kl_proj_rep 0.0000 (0.0000) kl_rep_term 0.0351 (0.0351) kl_proj_rep_term 0.0000 (0.0000) kl_term 0.0351 (0.0351) kl_normalizer 4.0000 (4.0000) kl_beta 0.8605 (0.8605) lr 6.1847e-05 eta 0:00:13
epoch [44/50] batch [2/4] time 0.222 (0.363) data 0.000 (0.125) loss 0.2797 (0.2584) acc 100.0000 (100.0000) data_term 0.2448 (0.2234) raw_kl_rep 3.2510 (3.2576) raw_kl_proj_rep 0.0000 (0.0000) kl_rep_term 0.0350 (0.0350) kl_proj_rep_term 0.0000 (0.0000) kl_term 0.0350 (0.0350) kl_normalizer 4.0000 (4.0000) kl_beta 0.8605 (0.8605) lr 6.1847e-05 eta 0:00:09
epoch [44/50] batch [3/4] time 0.207 (0.311) data 0.000 (0.084) loss 0.1392 (0.2187) acc 100.0000 (100.0000) data_term 0.1043 (0.1837) raw_kl_rep 3.2427 (3.2526) raw_kl_proj_rep 0.0000 (0.0000) kl_rep_term 0.0349 (0.0350) kl_proj_rep_term 0.0000 (0.0000) kl_term 0.0349 (0.0350) kl_normalizer 4.0000 (4.0000) kl_beta 0.8605 (0.8605) lr 6.1847e-05 eta 0:00:07
epoch [44/50] batch [4/4] time 0.214 (0.287) data 0.000 (0.063) loss 0.1269 (0.1957) acc 100.0000 (100.0000) data_term 0.0922 (0.1608) raw_kl_rep 3.2339 (3.2479) raw_kl_proj_rep 0.0000 (0.0000) kl_rep_term 0.0348 (0.0349) kl_proj_rep_term 0.0000 (0.0000) kl_term 0.0348 (0.0349) kl_normalizer 4.0000 (4.0000) kl_beta 0.8605 (0.8605) lr 4.7586e-05 eta 0:00:06
epoch [45/50] batch [1/4] time 0.570 (0.570) data 0.314 (0.314) loss 0.1676 (0.1676) acc 100.0000 (100.0000) data_term 0.1320 (0.1320) raw_kl_rep 3.2222 (3.2222) raw_kl_proj_rep 0.0000 (0.0000) kl_rep_term 0.0356 (0.0356) kl_proj_rep_term 0.0000 (0.0000) kl_term 0.0356 (0.0356) kl_normalizer 4.0000 (4.0000) kl_beta 0.8837 (0.8837) lr 4.7586e-05 eta 0:00:13
epoch [45/50] batch [2/4] time 0.214 (0.392) data 0.000 (0.157) loss 0.1901 (0.1788) acc 100.0000 (100.0000) data_term 0.1546 (0.1433) raw_kl_rep 3.2124 (3.2173) raw_kl_proj_rep 0.0000 (0.0000) kl_rep_term 0.0355 (0.0355) kl_proj_rep_term 0.0000 (0.0000) kl_term 0.0355 (0.0355) kl_normalizer 4.0000 (4.0000) kl_beta 0.8837 (0.8837) lr 4.7586e-05 eta 0:00:08
epoch [45/50] batch [3/4] time 0.216 (0.333) data 0.000 (0.105) loss 0.1279 (0.1618) acc 100.0000 (100.0000) data_term 0.0925 (0.1264) raw_kl_rep 3.2031 (3.2126) raw_kl_proj_rep 0.0000 (0.0000) kl_rep_term 0.0354 (0.0355) kl_proj_rep_term 0.0000 (0.0000) kl_term 0.0354 (0.0355) kl_normalizer 4.0000 (4.0000) kl_beta 0.8837 (0.8837) lr 4.7586e-05 eta 0:00:06
epoch [45/50] batch [4/4] time 0.206 (0.301) data 0.000 (0.079) loss 0.2028 (0.1721) acc 100.0000 (100.0000) data_term 0.1675 (0.1366) raw_kl_rep 3.1924 (3.2075) raw_kl_proj_rep 0.0000 (0.0000) kl_rep_term 0.0353 (0.0354) kl_proj_rep_term 0.0000 (0.0000) kl_term 0.0353 (0.0354) kl_normalizer 4.0000 (4.0000) kl_beta 0.8837 (0.8837) lr 3.5112e-05 eta 0:00:06
epoch [46/50] batch [1/4] time 0.529 (0.529) data 0.285 (0.285) loss 0.1407 (0.1407) acc 100.0000 (100.0000) data_term 0.1046 (0.1046) raw_kl_rep 3.1851 (3.1851) raw_kl_proj_rep 0.0000 (0.0000) kl_rep_term 0.0361 (0.0361) kl_proj_rep_term 0.0000 (0.0000) kl_term 0.0361 (0.0361) kl_normalizer 4.0000 (4.0000) kl_beta 0.9070 (0.9070) lr 3.5112e-05 eta 0:00:10
epoch [46/50] batch [2/4] time 0.220 (0.375) data 0.000 (0.143) loss 0.2450 (0.1929) acc 100.0000 (100.0000) data_term 0.2090 (0.1568) raw_kl_rep 3.1797 (3.1824) raw_kl_proj_rep 0.0000 (0.0000) kl_rep_term 0.0360 (0.0361) kl_proj_rep_term 0.0000 (0.0000) kl_term 0.0360 (0.0361) kl_normalizer 4.0000 (4.0000) kl_beta 0.9070 (0.9070) lr 3.5112e-05 eta 0:00:06
epoch [46/50] batch [3/4] time 0.216 (0.322) data 0.000 (0.095) loss 0.2546 (0.2134) acc 100.0000 (100.0000) data_term 0.2186 (0.1774) raw_kl_rep 3.1733 (3.1794) raw_kl_proj_rep 0.0000 (0.0000) kl_rep_term 0.0360 (0.0360) kl_proj_rep_term 0.0000 (0.0000) kl_term 0.0360 (0.0360) kl_normalizer 4.0000 (4.0000) kl_beta 0.9070 (0.9070) lr 3.5112e-05 eta 0:00:05
epoch [46/50] batch [4/4] time 0.206 (0.293) data 0.000 (0.071) loss 0.2050 (0.2113) acc 100.0000 (100.0000) data_term 0.1691 (0.1753) raw_kl_rep 3.1670 (3.1763) raw_kl_proj_rep 0.0000 (0.0000) kl_rep_term 0.0359 (0.0360) kl_proj_rep_term 0.0000 (0.0000) kl_term 0.0359 (0.0360) kl_normalizer 4.0000 (4.0000) kl_beta 0.9070 (0.9070) lr 2.4472e-05 eta 0:00:04
epoch [47/50] batch [1/4] time 0.467 (0.467) data 0.227 (0.227) loss 0.1711 (0.1711) acc 96.8750 (96.8750) data_term 0.1343 (0.1343) raw_kl_rep 3.1611 (3.1611) raw_kl_proj_rep 0.0000 (0.0000) kl_rep_term 0.0368 (0.0368) kl_proj_rep_term 0.0000 (0.0000) kl_term 0.0368 (0.0368) kl_normalizer 4.0000 (4.0000) kl_beta 0.9302 (0.9302) lr 2.4472e-05 eta 0:00:07
epoch [47/50] batch [2/4] time 0.208 (0.337) data 0.000 (0.114) loss 0.1263 (0.1487) acc 100.0000 (98.4375) data_term 0.0896 (0.1120) raw_kl_rep 3.1558 (3.1584) raw_kl_proj_rep 0.0000 (0.0000) kl_rep_term 0.0367 (0.0367) kl_proj_rep_term 0.0000 (0.0000) kl_term 0.0367 (0.0367) kl_normalizer 4.0000 (4.0000) kl_beta 0.9302 (0.9302) lr 2.4472e-05 eta 0:00:04
epoch [47/50] batch [3/4] time 0.208 (0.294) data 0.000 (0.076) loss 0.1980 (0.1652) acc 100.0000 (98.9583) data_term 0.1614 (0.1285) raw_kl_rep 3.1509 (3.1559) raw_kl_proj_rep 0.0000 (0.0000) kl_rep_term 0.0366 (0.0367) kl_proj_rep_term 0.0000 (0.0000) kl_term 0.0366 (0.0367) kl_normalizer 4.0000 (4.0000) kl_beta 0.9302 (0.9302) lr 2.4472e-05 eta 0:00:03
epoch [47/50] batch [4/4] time 0.214 (0.274) data 0.000 (0.057) loss 0.2102 (0.1764) acc 100.0000 (99.2188) data_term 0.1736 (0.1397) raw_kl_rep 3.1455 (3.1533) raw_kl_proj_rep 0.0000 (0.0000) kl_rep_term 0.0366 (0.0367) kl_proj_rep_term 0.0000 (0.0000) kl_term 0.0366 (0.0367) kl_normalizer 4.0000 (4.0000) kl_beta 0.9302 (0.9302) lr 1.5708e-05 eta 0:00:03
epoch [48/50] batch [1/4] time 0.528 (0.528) data 0.290 (0.290) loss 0.2002 (0.2002) acc 100.0000 (100.0000) data_term 0.1628 (0.1628) raw_kl_rep 3.1406 (3.1406) raw_kl_proj_rep 0.0000 (0.0000) kl_rep_term 0.0374 (0.0374) kl_proj_rep_term 0.0000 (0.0000) kl_term 0.0374 (0.0374) kl_normalizer 4.0000 (4.0000) kl_beta 0.9535 (0.9535) lr 1.5708e-05 eta 0:00:05
epoch [48/50] batch [2/4] time 0.214 (0.371) data 0.000 (0.145) loss 0.1767 (0.1885) acc 100.0000 (100.0000) data_term 0.1394 (0.1511) raw_kl_rep 3.1367 (3.1387) raw_kl_proj_rep 0.0000 (0.0000) kl_rep_term 0.0374 (0.0374) kl_proj_rep_term 0.0000 (0.0000) kl_term 0.0374 (0.0374) kl_normalizer 4.0000 (4.0000) kl_beta 0.9535 (0.9535) lr 1.5708e-05 eta 0:00:03
epoch [48/50] batch [3/4] time 0.216 (0.319) data 0.000 (0.097) loss 0.2282 (0.2017) acc 100.0000 (100.0000) data_term 0.1908 (0.1643) raw_kl_rep 3.1328 (3.1367) raw_kl_proj_rep 0.0000 (0.0000) kl_rep_term 0.0373 (0.0374) kl_proj_rep_term 0.0000 (0.0000) kl_term 0.0373 (0.0374) kl_normalizer 4.0000 (4.0000) kl_beta 0.9535 (0.9535) lr 1.5708e-05 eta 0:00:02
epoch [48/50] batch [4/4] time 0.208 (0.291) data 0.000 (0.073) loss 0.1242 (0.1823) acc 100.0000 (100.0000) data_term 0.0870 (0.1450) raw_kl_rep 3.1289 (3.1348) raw_kl_proj_rep 0.0000 (0.0000) kl_rep_term 0.0373 (0.0374) kl_proj_rep_term 0.0000 (0.0000) kl_term 0.0373 (0.0374) kl_normalizer 4.0000 (4.0000) kl_beta 0.9535 (0.9535) lr 8.8564e-06 eta 0:00:02
epoch [49/50] batch [1/4] time 0.551 (0.551) data 0.313 (0.313) loss 0.2519 (0.2519) acc 96.8750 (96.8750) data_term 0.2137 (0.2137) raw_kl_rep 3.1255 (3.1255) raw_kl_proj_rep 0.0000 (0.0000) kl_rep_term 0.0382 (0.0382) kl_proj_rep_term 0.0000 (0.0000) kl_term 0.0382 (0.0382) kl_normalizer 4.0000 (4.0000) kl_beta 0.9767 (0.9767) lr 8.8564e-06 eta 0:00:03
epoch [49/50] batch [2/4] time 0.213 (0.382) data 0.000 (0.156) loss 0.1601 (0.2060) acc 100.0000 (98.4375) data_term 0.1219 (0.1678) raw_kl_rep 3.1230 (3.1243) raw_kl_proj_rep 0.0000 (0.0000) kl_rep_term 0.0381 (0.0381) kl_proj_rep_term 0.0000 (0.0000) kl_term 0.0381 (0.0381) kl_normalizer 4.0000 (4.0000) kl_beta 0.9767 (0.9767) lr 8.8564e-06 eta 0:00:02
epoch [49/50] batch [3/4] time 0.214 (0.326) data 0.000 (0.104) loss 0.1483 (0.1868) acc 100.0000 (98.9583) data_term 0.1102 (0.1486) raw_kl_rep 3.1211 (3.1232) raw_kl_proj_rep 0.0000 (0.0000) kl_rep_term 0.0381 (0.0381) kl_proj_rep_term 0.0000 (0.0000) kl_term 0.0381 (0.0381) kl_normalizer 4.0000 (4.0000) kl_beta 0.9767 (0.9767) lr 8.8564e-06 eta 0:00:01
epoch [49/50] batch [4/4] time 0.205 (0.296) data 0.000 (0.078) loss 0.2204 (0.1952) acc 100.0000 (99.2188) data_term 0.1823 (0.1570) raw_kl_rep 3.1182 (3.1219) raw_kl_proj_rep 0.0000 (0.0000) kl_rep_term 0.0381 (0.0381) kl_proj_rep_term 0.0000 (0.0000) kl_term 0.0381 (0.0381) kl_normalizer 4.0000 (4.0000) kl_beta 0.9767 (0.9767) lr 3.9426e-06 eta 0:00:01
epoch [50/50] batch [1/4] time 0.508 (0.508) data 0.278 (0.278) loss 0.1901 (0.1901) acc 96.8750 (96.8750) data_term 0.1512 (0.1512) raw_kl_rep 3.1147 (3.1147) raw_kl_proj_rep 0.0000 (0.0000) kl_rep_term 0.0389 (0.0389) kl_proj_rep_term 0.0000 (0.0000) kl_term 0.0389 (0.0389) kl_normalizer 4.0000 (4.0000) kl_beta 1.0000 (1.0000) lr 3.9426e-06 eta 0:00:01
epoch [50/50] batch [2/4] time 0.222 (0.365) data 0.000 (0.139) loss 0.1734 (0.1818) acc 100.0000 (98.4375) data_term 0.1345 (0.1428) raw_kl_rep 3.1143 (3.1145) raw_kl_proj_rep 0.0000 (0.0000) kl_rep_term 0.0389 (0.0389) kl_proj_rep_term 0.0000 (0.0000) kl_term 0.0389 (0.0389) kl_normalizer 4.0000 (4.0000) kl_beta 1.0000 (1.0000) lr 3.9426e-06 eta 0:00:00
epoch [50/50] batch [3/4] time 0.207 (0.312) data 0.000 (0.093) loss 0.1729 (0.1788) acc 96.8750 (97.9167) data_term 0.1340 (0.1399) raw_kl_rep 3.1128 (3.1139) raw_kl_proj_rep 0.0000 (0.0000) kl_rep_term 0.0389 (0.0389) kl_proj_rep_term 0.0000 (0.0000) kl_term 0.0389 (0.0389) kl_normalizer 4.0000 (4.0000) kl_beta 1.0000 (1.0000) lr 3.9426e-06 eta 0:00:00
epoch [50/50] batch [4/4] time 0.216 (0.288) data 0.000 (0.070) loss 0.1687 (0.1763) acc 96.8750 (97.6562) data_term 0.1298 (0.1374) raw_kl_rep 3.1113 (3.1133) raw_kl_proj_rep 0.0000 (0.0000) kl_rep_term 0.0389 (0.0389) kl_proj_rep_term 0.0000 (0.0000) kl_term 0.0389 (0.0389) kl_normalizer 4.0000 (4.0000) kl_beta 1.0000 (1.0000) lr 9.8664e-07 eta 0:00:00
Checkpoint saved to output_sweeps/bayes_mmrl_rep_tokens/coarse3/b2n_confirm_stage/BayesMMRL/B2N/train_base/oxford_pets/shots_8/ViT-B-16/rep_zero_sig-matrix_normal_diag_pstd-0.1_kl-5e-2/seed1/refactor_model/model.pth.tar-50
Finish training
Deploy the last-epoch model
Evaluate on the *test* set
=> result
* total: 1,881
* correct: 1,789
* accuracy: 95.1%
* error: 4.9%
* macro_f1: 95.1%
=> structured result
* accuracy: 95.1090
* error: 4.8910
* macro_f1: 95.1121
* nll: 0.1431
* brier: 0.0741
* ece: 1.4881
Saved metrics JSON to output_sweeps/bayes_mmrl_rep_tokens/coarse3/b2n_confirm_stage/BayesMMRL/B2N/train_base/oxford_pets/shots_8/ViT-B-16/rep_zero_sig-matrix_normal_diag_pstd-0.1_kl-5e-2/seed1/test_metrics.json
Saved metrics CSV to output_sweeps/bayes_mmrl_rep_tokens/coarse3/b2n_confirm_stage/BayesMMRL/B2N/train_base/oxford_pets/shots_8/ViT-B-16/rep_zero_sig-matrix_normal_diag_pstd-0.1_kl-5e-2/seed1/test_metrics.csv
Saved calibration bins CSV to output_sweeps/bayes_mmrl_rep_tokens/coarse3/b2n_confirm_stage/BayesMMRL/B2N/train_base/oxford_pets/shots_8/ViT-B-16/rep_zero_sig-matrix_normal_diag_pstd-0.1_kl-5e-2/seed1/test_calibration_bins.csv
Elapsed: 0:01:20
[cleanup] removed checkpoint dir: output_sweeps/bayes_mmrl_rep_tokens/coarse3/b2n_confirm_stage/BayesMMRL/B2N/train_base/oxford_pets/shots_8/ViT-B-16/rep_zero_sig-matrix_normal_diag_pstd-0.1_kl-5e-2/seed1/refactor_model
