============================================================
START: 2026-04-25 06:50:11
STAGE: search
GPU: 2
METHOD: BayesMMRL
PROTOCOL: FS
PHASE: fewshot_train
SUBSAMPLE: all
EXEC_MODE: online
DATASET: caltech101
SHOTS: 16
SEED: 1
TAG: rep_zero_sig-diagonal_pstd-0.01_kl-1e-5
DATA_ROOT: DATASETS
OUTPUT_ROOT: output_sweeps/bayes_mmrl_rep_tokens/coarse3/search_stage
BACKBONE: ViT-B/16
PROTOCOL_CFG: configs/protocols/fs.yaml
JOBS_PER_GPU: 1
============================================================
[run] rep_tokens | dataset=caltech101 | shot=16 | seed=1 | tag=rep_zero_sig-diagonal_pstd-0.01_kl-1e-5
[info] rep_tokens-only stage
[info] EVAL_MODE=mc_predictive, EVAL_AGGREGATION=logit_mean
[info] KL_WARMUP_EPOCHS=6
Setting fixed seed: 1
***************
** Arguments **
***************
dataset_config_file: configs/datasets/caltech101.yaml
eval_only: False
exec_mode: online
exp_config: 
load_epoch: None
method: BayesMMRL
method_config_file: configs/methods/bayesmmrl.yaml
model_dir: 
no_train: False
opts: ['DATASET.NUM_SHOTS', '16', 'DATASET.SUBSAMPLE_CLASSES', 'all', 'MODEL.BACKBONE.NAME', 'ViT-B/16', 'BAYES_MMRL.ALPHA', '0.7', 'BAYES_MMRL.REG_WEIGHT', '0.5', 'BAYES_MMRL.N_REP_TOKENS', '5', 'BAYES_MMRL.REP_LAYERS', '[6,7,8,9,10,11,12]', 'BAYES_MMRL.REP_DIM', '512', 'BAYES_MMRL.N_MC_TRAIN', '3', 'BAYES_MMRL.N_MC_TEST', '10', 'BAYES_MMRL.EVAL_MODE', 'mc_predictive', 'BAYES_MMRL.EVAL_USE_POSTERIOR_MEAN', 'False', 'BAYES_MMRL.EVAL_AGGREGATION', 'logit_mean', 'BAYES_MMRL.KL_WARMUP_EPOCHS', '6', 'BAYES_MMRL.BAYES_TARGET', 'rep_tokens', 'BAYES_MMRL.REP_PRIOR_MODE', 'zero', 'BAYES_MMRL.REP_SIGMA_MODE', 'diagonal', 'BAYES_MMRL.REP_PRIOR_STD', '0.01', 'BAYES_MMRL.REP_KL_WEIGHT', '1e-5']
output_dir: output_sweeps/bayes_mmrl_rep_tokens/coarse3/search_stage/BayesMMRL/FS/fewshot_train/caltech101/shots_16/ViT-B-16/rep_zero_sig-diagonal_pstd-0.01_kl-1e-5/seed1
protocol: FS
protocol_config_file: configs/protocols/fs.yaml
root: DATASETS
runtime_config_file: configs/runtime/default.yaml
seed: 1
trainer: RefactorRunner
************
** Config **
************
BAYES_MMRL:
  ALPHA: 0.7
  BAYES_TARGET: rep_tokens
  CLIP_PRIOR_BLEND: 0.5
  CLIP_PRIOR_SCALE: 0.05
  EVAL_AGGREGATION: logit_mean
  EVAL_MODE: mc_predictive
  EVAL_USE_POSTERIOR_MEAN: False
  KL_WARMUP_EPOCHS: 6
  KL_WEIGHT: 0.0005
  N_MC_TEST: 10
  N_MC_TRAIN: 3
  N_REP_TOKENS: 5
  PREC: amp
  PRIOR_STD: 0.05
  PROJ_REP_KL_WEIGHT: 1e-06
  PROJ_REP_PRIOR_MODE: clip_proj
  PROJ_REP_PRIOR_STD: 0.01
  PROJ_REP_SIGMA_MODE: row
  REG_WEIGHT: 0.5
  REP_DIM: 512
  REP_KL_WEIGHT: 1e-05
  REP_LAYERS: [6, 7, 8, 9, 10, 11, 12]
  REP_MN_ENFORCE_TRACE: True
  REP_MN_LOWRANK_RANK: 8
  REP_PRIOR_MODE: zero
  REP_PRIOR_STD: 0.01
  REP_SIGMA_MODE: diagonal
  SIGMA_MODE: global
CLIP_ADAPTERS:
  ALLOW_CACHE: True
  BAYES_KL_SCALE: 1.0
  BAYES_PRIOR_STD: 0.01
  CONSTRAINT: none
  ENHANCED_BASE: none
  INIT: ZS
  KL_WEIGHT: 0.0001
  N_SAMPLES: 3
  N_TEST_SAMPLES: 10
  PREC: fp32
  TYPE: MP
DATALOADER:
  K_TRANSFORMS: 1
  NUM_WORKERS: 8
  RETURN_IMG0: False
  TEST:
    BATCH_SIZE: 250
    SAMPLER: SequentialSampler
  TRAIN_U:
    BATCH_SIZE: 32
    N_DOMAIN: 0
    N_INS: 16
    SAME_AS_X: True
    SAMPLER: RandomSampler
  TRAIN_X:
    BATCH_SIZE: 32
    N_DOMAIN: 0
    N_INS: 16
    SAMPLER: RandomSampler
DATASET:
  ALL_AS_UNLABELED: False
  CIFAR_C_LEVEL: 1
  CIFAR_C_TYPE: 
  NAME: Caltech101
  NUM_LABELED: -1
  NUM_SHOTS: 16
  ROOT: DATASETS
  SOURCE_DOMAINS: ()
  STL10_FOLD: -1
  SUBSAMPLE_CLASSES: all
  TARGET_DOMAINS: ()
  VAL_PERCENT: 0.1
INPUT:
  COLORJITTER_B: 0.4
  COLORJITTER_C: 0.4
  COLORJITTER_H: 0.1
  COLORJITTER_S: 0.4
  CROP_PADDING: 4
  CUTOUT_LEN: 16
  CUTOUT_N: 1
  GB_K: 21
  GB_P: 0.5
  GN_MEAN: 0.0
  GN_STD: 0.15
  INTERPOLATION: bicubic
  NO_TRANSFORM: False
  PIXEL_MEAN: [0.48145466, 0.4578275, 0.40821073]
  PIXEL_STD: [0.26862954, 0.26130258, 0.27577711]
  RANDAUGMENT_M: 10
  RANDAUGMENT_N: 2
  RGS_P: 0.2
  RRCROP_SCALE: (0.5, 1)
  SIZE: (224, 224)
  TRANSFORMS: ('random_resized_crop', 'random_flip', 'normalize')
METHOD:
  EXEC_MODE: online
  FAMILY: internal_adaptation
  NAME: BayesMMRL
  TAG: default
MMRL:
  ALPHA: 0.7
  N_REP_TOKENS: 5
  PREC: amp
  REG_WEIGHT: 1.0
  REP_DIM: 512
  REP_LAYERS: [6, 7, 8, 9, 10, 11, 12]
MMRLPP:
  ALPHA: 0.7
  BETA: 0.9
  N_REP_TOKENS: 5
  PREC: amp
  PROJ_LORA_DIM: 64
  REG_WEIGHT: 1.0
  REP_DIM: 512
  REP_LAYERS: [6, 7, 8, 9, 10, 11, 12]
  RES_LORA_DIM: 4
MMRL_MIX:
  ALPHA: 0.7
  LOSS_FUSE_WEIGHT: 0.2
  LOSS_MAIN_WEIGHT: 1.0
  LOSS_REP_WEIGHT: 1.0
  N_REP_TOKENS: 5
  PREC: amp
  REG_WEIGHT: 1.0
  REP_DIM: 512
  REP_LAYERS: [6, 7, 8, 9, 10, 11, 12]
MODEL:
  BACKBONE:
    NAME: ViT-B/16
    PRETRAINED: True
  HEAD:
    ACTIVATION: relu
    BN: True
    DROPOUT: 0.0
    HIDDEN_LAYERS: ()
    NAME: 
  INIT_WEIGHTS: 
OPTIM:
  ADAM_BETA1: 0.9
  ADAM_BETA2: 0.999
  BASE_LR_MULT: 0.1
  GAMMA: 0.1
  LR: 0.001
  LR_SCHEDULER: cosine
  MAX_EPOCH: 50
  MOMENTUM: 0.9
  NAME: adamw
  NEW_LAYERS: ()
  RMSPROP_ALPHA: 0.99
  SGD_DAMPNING: 0
  SGD_NESTEROV: False
  STAGED_LR: False
  STEPSIZE: (-1,)
  WARMUP_CONS_LR: 1e-05
  WARMUP_EPOCH: 1
  WARMUP_MIN_LR: 1e-05
  WARMUP_RECOUNT: True
  WARMUP_TYPE: constant
  WEIGHT_DECAY: 0.0005
OUTPUT_DIR: output_sweeps/bayes_mmrl_rep_tokens/coarse3/search_stage/BayesMMRL/FS/fewshot_train/caltech101/shots_16/ViT-B-16/rep_zero_sig-diagonal_pstd-0.01_kl-1e-5/seed1
PROTOCOL:
  NAME: FS
  PHASE: fewshot_train
RESUME: 
RUNTIME:
  OUTPUT_ROOT: output_refactor
  USE_DASSL_TRAINER_BRIDGE: True
SEED: 1
TASK: FS
TEST:
  COMPUTE_CMAT: False
  EVALUATOR: Classification
  FINAL_MODEL: last_step
  NO_TEST: False
  PER_CLASS_RESULT: False
  SPLIT: test
TRAIN:
  CHECKPOINT_FREQ: 0
  COUNT_ITER: train_x
  PRINT_FREQ: 20
TRAINER:
  BayesMMRL:
    ALPHA: 0.7
    BAYES_TARGET: rep_tokens
    CLIP_PRIOR_BLEND: 0.5
    CLIP_PRIOR_SCALE: 0.05
    EVAL_AGGREGATION: logit_mean
    EVAL_MODE: mc_predictive
    EVAL_USE_POSTERIOR_MEAN: False
    KL_WARMUP_EPOCHS: 6
    KL_WEIGHT: 1e-05
    N_MC_TEST: 10
    N_MC_TRAIN: 3
    N_REP_TOKENS: 5
    PREC: amp
    PRIOR_STD: 0.01
    PROJ_REP_KL_WEIGHT: 1e-06
    PROJ_REP_PRIOR_MODE: clip_proj
    PROJ_REP_PRIOR_STD: 0.01
    PROJ_REP_SIGMA_MODE: row
    REG_WEIGHT: 0.5
    REP_DIM: 512
    REP_KL_WEIGHT: 1e-05
    REP_LAYERS: [6, 7, 8, 9, 10, 11, 12]
    REP_MN_ENFORCE_TRACE: True
    REP_MN_LOWRANK_RANK: 8
    REP_PRIOR_MODE: zero
    REP_PRIOR_STD: 0.01
    REP_SIGMA_MODE: diagonal
    SIGMA_MODE: diagonal
  CDAC:
    CLASS_LR_MULTI: 10
    P_THRESH: 0.95
    RAMPUP_COEF: 30
    RAMPUP_ITRS: 1000
    STRONG_TRANSFORMS: ()
    TOPK_MATCH: 5
  CROSSGRAD:
    ALPHA_D: 0.5
    ALPHA_F: 0.5
    EPS_D: 1.0
    EPS_F: 1.0
  ClipADAPTER:
    ALLOW_CACHE: True
    CONSTRAINT: none
    ENHANCED_BASE: none
    INIT: ZS
    PREC: fp32
    TYPE: MP
  DAEL:
    CONF_THRE: 0.95
    STRONG_TRANSFORMS: ()
    WEIGHT_U: 0.5
  DAELDG:
    CONF_THRE: 0.95
    STRONG_TRANSFORMS: ()
    WEIGHT_U: 0.5
  DDAIG:
    ALPHA: 0.5
    CLAMP: False
    CLAMP_MAX: 1.0
    CLAMP_MIN: -1.0
    G_ARCH: 
    LMDA: 0.3
    WARMUP: 0
  DOMAINMIX:
    ALPHA: 1.0
    BETA: 1.0
    TYPE: crossdomain
  ENTMIN:
    LMDA: 0.001
  FIXMATCH:
    CONF_THRE: 0.95
    STRONG_TRANSFORMS: ()
    WEIGHT_U: 1.0
  M3SDA:
    LMDA: 0.5
    N_STEP_F: 4
  MCD:
    N_STEP_F: 4
  MEANTEACHER:
    EMA_ALPHA: 0.999
    RAMPUP: 5
    WEIGHT_U: 1.0
  MIXMATCH:
    MIXUP_BETA: 0.75
    RAMPUP: 20000
    TEMP: 2.0
    WEIGHT_U: 100.0
  MME:
    LMDA: 0.1
  MMRL:
    ALPHA: 0.7
    N_REP_TOKENS: 5
    PREC: amp
    REG_WEIGHT: 1.0
    REP_DIM: 512
    REP_LAYERS: [6, 7, 8, 9, 10, 11, 12]
  MMRLMix:
    ALPHA: 0.7
    LOSS_FUSE_WEIGHT: 0.2
    LOSS_MAIN_WEIGHT: 1.0
    LOSS_REP_WEIGHT: 1.0
    N_REP_TOKENS: 5
    PREC: amp
    REG_WEIGHT: 1.0
    REP_DIM: 512
    REP_LAYERS: [6, 7, 8, 9, 10, 11, 12]
  MMRLpp:
    ALPHA: 0.7
    BETA: 0.9
    N_REP_TOKENS: 5
    PREC: amp
    PROJ_LORA_DIM: 64
    REG_WEIGHT: 1.0
    REP_DIM: 512
    REP_LAYERS: [6, 7, 8, 9, 10, 11, 12]
    RES_LORA_DIM: 4
  NAME: RefactorRunner
  SE:
    CONF_THRE: 0.95
    EMA_ALPHA: 0.999
    RAMPUP: 300
USE_CUDA: True
VERBOSE: True
VERSION: 1
Collecting env info ...
** System info **
PyTorch version: 2.11.0+cu128
Is debug build: False
CUDA used to build PyTorch: 12.8
ROCM used to build PyTorch: N/A

OS: Ubuntu 22.04.1 LTS (x86_64)
GCC version: (Ubuntu 11.3.0-1ubuntu1~22.04) 11.3.0
Clang version: Could not collect
CMake version: version 3.22.1
Libc version: glibc-2.35

Python version: 3.10.20 (main, Mar 11 2026, 17:46:40) [GCC 14.3.0] (64-bit runtime)
Python platform: Linux-5.15.0-94-generic-x86_64-with-glibc2.35
Is CUDA available: True
CUDA runtime version: 11.8.89
CUDA_MODULE_LOADING set to: 
GPU models and configuration: 
GPU 0: NVIDIA GeForce RTX 5090
GPU 1: NVIDIA GeForce RTX 5090
GPU 2: NVIDIA GeForce RTX 5090
GPU 3: NVIDIA GeForce RTX 5090
GPU 4: NVIDIA GeForce RTX 5090

Nvidia driver version: 595.58.03
cuDNN version: Probably one of the following:
/usr/lib/x86_64-linux-gnu/libcudnn.so.8.6.0
/usr/lib/x86_64-linux-gnu/libcudnn_adv_infer.so.8.6.0
/usr/lib/x86_64-linux-gnu/libcudnn_adv_train.so.8.6.0
/usr/lib/x86_64-linux-gnu/libcudnn_cnn_infer.so.8.6.0
/usr/lib/x86_64-linux-gnu/libcudnn_cnn_train.so.8.6.0
/usr/lib/x86_64-linux-gnu/libcudnn_ops_infer.so.8.6.0
/usr/lib/x86_64-linux-gnu/libcudnn_ops_train.so.8.6.0
Is XPU available: False
HIP runtime version: N/A
MIOpen runtime version: N/A
Is XNNPACK available: True
Caching allocator config: N/A

CPU:
Architecture:                       x86_64
CPU op-mode(s):                     32-bit, 64-bit
Address sizes:                      52 bits physical, 57 bits virtual
Byte Order:                         Little Endian
CPU(s):                             208
On-line CPU(s) list:                0-207
Vendor ID:                          GenuineIntel
Model name:                         Intel(R) Xeon(R) Platinum 8470Q
CPU family:                         6
Model:                              143
Thread(s) per core:                 2
Core(s) per socket:                 52
Socket(s):                          2
Stepping:                           8
Frequency boost:                    enabled
CPU max MHz:                        2101.0000
CPU min MHz:                        800.0000
BogoMIPS:                           4200.00
Flags:                              fpu vme de pse tsc msr pae mce cx8 apic sep mtrr pge mca cmov pat pse36 clflush dts acpi mmx fxsr sse sse2 ss ht tm pbe syscall nx pdpe1gb rdtscp lm constant_tsc art arch_perfmon pebs bts rep_good nopl xtopology nonstop_tsc cpuid aperfmperf tsc_known_freq pni pclmulqdq dtes64 ds_cpl vmx smx est tm2 ssse3 sdbg fma cx16 xtpr pdcm pcid dca sse4_1 sse4_2 x2apic movbe popcnt tsc_deadline_timer aes xsave avx f16c rdrand lahf_lm abm 3dnowprefetch cpuid_fault epb cat_l3 cat_l2 cdp_l3 invpcid_single intel_ppin cdp_l2 ssbd mba ibrs ibpb stibp ibrs_enhanced tpr_shadow vnmi flexpriority ept vpid ept_ad fsgsbase tsc_adjust bmi1 avx2 smep bmi2 erms invpcid cqm rdt_a avx512f avx512dq rdseed adx smap avx512ifma clflushopt clwb intel_pt avx512cd sha_ni avx512bw avx512vl xsaveopt xsavec xgetbv1 xsaves cqm_llc cqm_occup_llc cqm_mbm_total cqm_mbm_local split_lock_detect avx_vnni avx512_bf16 wbnoinvd dtherm ida arat pln pts avx512vbmi umip pku ospke waitpkg avx512_vbmi2 gfni vaes vpclmulqdq avx512_vnni avx512_bitalg tme avx512_vpopcntdq la57 rdpid bus_lock_detect cldemote movdiri movdir64b enqcmd fsrm md_clear serialize tsxldtrk pconfig arch_lbr amx_bf16 avx512_fp16 amx_tile amx_int8 flush_l1d arch_capabilities
Virtualization:                     VT-x
L1d cache:                          4.9 MiB (104 instances)
L1i cache:                          3.3 MiB (104 instances)
L2 cache:                           208 MiB (104 instances)
L3 cache:                           210 MiB (2 instances)
NUMA node(s):                       2
NUMA node0 CPU(s):                  0-51,104-155
NUMA node1 CPU(s):                  52-103,156-207
Vulnerability Gather data sampling: Not affected
Vulnerability Itlb multihit:        Not affected
Vulnerability L1tf:                 Not affected
Vulnerability Mds:                  Not affected
Vulnerability Meltdown:             Not affected
Vulnerability Mmio stale data:      Not affected
Vulnerability Retbleed:             Not affected
Vulnerability Spec rstack overflow: Not affected
Vulnerability Spec store bypass:    Mitigation; Speculative Store Bypass disabled via prctl and seccomp
Vulnerability Spectre v1:           Mitigation; usercopy/swapgs barriers and __user pointer sanitization
Vulnerability Spectre v2:           Mitigation; Enhanced IBRS, IBPB conditional, RSB filling, PBRSB-eIBRS SW sequence
Vulnerability Srbds:                Not affected
Vulnerability Tsx async abort:      Not affected

Versions of relevant libraries:
[pip3] flake8==3.7.9
[pip3] numpy==2.2.6
[pip3] nvidia-cublas-cu12==12.8.4.1
[pip3] nvidia-cuda-cupti-cu12==12.8.90
[pip3] nvidia-cuda-nvrtc-cu12==12.8.93
[pip3] nvidia-cuda-runtime-cu12==12.8.90
[pip3] nvidia-cudnn-cu12==9.19.0.56
[pip3] nvidia-cufft-cu12==11.3.3.83
[pip3] nvidia-curand-cu12==10.3.9.90
[pip3] nvidia-cusolver-cu12==11.7.3.90
[pip3] nvidia-cusparse-cu12==12.5.8.93
[pip3] nvidia-cusparselt-cu12==0.7.1
[pip3] nvidia-nccl-cu12==2.28.9
[pip3] nvidia-nvjitlink-cu12==12.8.93
[pip3] nvidia-nvtx-cu12==12.8.90
[pip3] torch==2.11.0+cu128
[pip3] torchaudio==2.11.0+cu128
[pip3] torchvision==0.26.0+cu128
[pip3] triton==3.6.0
[conda] numpy                     2.2.6                    pypi_0    pypi
[conda] nvidia-cublas-cu12        12.8.4.1                 pypi_0    pypi
[conda] nvidia-cuda-cupti-cu12    12.8.90                  pypi_0    pypi
[conda] nvidia-cuda-nvrtc-cu12    12.8.93                  pypi_0    pypi
[conda] nvidia-cuda-runtime-cu12  12.8.90                  pypi_0    pypi
[conda] nvidia-cudnn-cu12         9.19.0.56                pypi_0    pypi
[conda] nvidia-cufft-cu12         11.3.3.83                pypi_0    pypi
[conda] nvidia-curand-cu12        10.3.9.90                pypi_0    pypi
[conda] nvidia-cusolver-cu12      11.7.3.90                pypi_0    pypi
[conda] nvidia-cusparse-cu12      12.5.8.93                pypi_0    pypi
[conda] nvidia-cusparselt-cu12    0.7.1                    pypi_0    pypi
[conda] nvidia-nccl-cu12          2.28.9                   pypi_0    pypi
[conda] nvidia-nvjitlink-cu12     12.8.93                  pypi_0    pypi
[conda] nvidia-nvtx-cu12          12.8.90                  pypi_0    pypi
[conda] torch                     2.11.0+cu128             pypi_0    pypi
[conda] torchaudio                2.11.0+cu128             pypi_0    pypi
[conda] torchvision               0.26.0+cu128             pypi_0    pypi
[conda] triton                    3.6.0                    pypi_0    pypi
        Pillow (12.1.1)

Loading trainer: RefactorRunner
Loading dataset: Caltech101
Reading split from /root/autodl-tmp/MMRL/DATASETS/caltech-101/split_zhou_Caltech101.json
Loading preprocessed few-shot data from /root/autodl-tmp/MMRL/DATASETS/caltech-101/split_fewshot/shot_16-seed_1.pkl
Building transform_train
+ random resized crop (size=(224, 224), scale=(0.5, 1))
+ random flip
+ to torch tensor of range [0, 1]
+ normalization (mean=[0.48145466, 0.4578275, 0.40821073], std=[0.26862954, 0.26130258, 0.27577711])
Building transform_test
+ resize the smaller edge to 224
+ 224x224 center crop
+ to torch tensor of range [0, 1]
+ normalization (mean=[0.48145466, 0.4578275, 0.40821073], std=[0.26862954, 0.26130258, 0.27577711])
---------  ----------
Dataset    Caltech101
# classes  100
# train_x  1,600
# val      400
# test     2,465
---------  ----------
/root/autodl-tmp/MMRL/trainers/refactor_runner.py:61: FutureWarning: `torch.cuda.amp.GradScaler(args...)` is deprecated. Please use `torch.amp.GradScaler('cuda', args...)` instead.
  self.scaler = GradScaler() if prec == "amp" else None
[BayesMMRLMethod] trainable params: {'representation_learner.compound_rep_tokens_r2tproj.4.weight', 'representation_learner.compound_rep_tokens_r2tproj.2.bias', 'representation_learner.compound_rep_tokens_r2vproj.1.bias', 'representation_learner.compound_rep_tokens_r2tproj.3.bias', 'representation_learner.compound_rep_tokens_r2tproj.0.weight', 'representation_learner.compound_rep_tokens_r2tproj.3.weight', 'representation_learner.compound_rep_tokens_r2tproj.2.weight', 'representation_learner.compound_rep_tokens_r2tproj.5.weight', 'representation_learner.compound_rep_tokens_r2vproj.3.weight', 'representation_learner.compound_rep_tokens_r2vproj.0.weight', 'representation_learner.compound_rep_tokens_r2tproj.1.weight', 'representation_learner.compound_rep_tokens_r2vproj.3.bias', 'representation_learner.compound_rep_tokens_r2tproj.4.bias', 'representation_learner.compound_rep_tokens_r2vproj.5.bias', 'representation_learner.compound_rep_tokens_r2tproj.1.bias', 'representation_learner.compound_rep_tokens_r2vproj.0.bias', 'representation_learner.rep_posterior.posterior_mean', 'representation_learner.compound_rep_tokens_r2vproj.1.weight', 'representation_learner.compound_rep_tokens_r2tproj.0.bias', 'representation_learner.compound_rep_tokens_r2vproj.5.weight', 'representation_learner.compound_rep_tokens_r2vproj.2.weight', 'representation_learner.compound_rep_tokens_r2vproj.2.bias', 'representation_learner.compound_rep_tokens_r2vproj.4.bias', 'representation_learner.compound_rep_tokens_r2vproj.6.weight', 'representation_learner.compound_rep_tokens_r2tproj.6.weight', 'representation_learner.rep_posterior.posterior_rho', 'representation_learner.compound_rep_tokens_r2tproj.6.bias', 'image_encoder.proj_rep', 'representation_learner.compound_rep_tokens_r2vproj.6.bias', 'representation_learner.compound_rep_tokens_r2tproj.5.bias', 'representation_learner.compound_rep_tokens_r2vproj.4.weight'}
Loading evaluator: Classification
No checkpoint found, train from scratch
Initialize tensorboard (log_dir=output_sweeps/bayes_mmrl_rep_tokens/coarse3/search_stage/BayesMMRL/FS/fewshot_train/caltech101/shots_16/ViT-B-16/rep_zero_sig-diagonal_pstd-0.01_kl-1e-5/seed1/tensorboard)
/root/autodl-tmp/MMRL/executors/online_executor.py:48: FutureWarning: `torch.cuda.amp.autocast(args...)` is deprecated. Please use `torch.amp.autocast('cuda', args...)` instead.
  with autocast():
epoch [1/50] batch [20/50] time 0.819 (0.853) data 0.000 (0.032) loss 2.1316 (2.2259) acc 93.7500 (87.8125) data_term 2.1316 (2.2259) raw_kl_rep 0.1788 (0.0656) raw_kl_proj_rep 0.0000 (0.0000) kl_rep_term 0.0000 (0.0000) kl_proj_rep_term 0.0000 (0.0000) kl_term 0.0000 (0.0000) kl_normalizer 50.0000 (50.0000) kl_beta 0.0000 (0.0000) lr 1.0000e-05 eta 0:35:15
epoch [1/50] batch [40/50] time 0.833 (0.781) data 0.000 (0.017) loss 1.9319 (2.1660) acc 93.7500 (88.1250) data_term 1.9319 (2.1660) raw_kl_rep 0.6091 (0.2279) raw_kl_proj_rep 0.0000 (0.0000) kl_rep_term 0.0000 (0.0000) kl_proj_rep_term 0.0000 (0.0000) kl_term 0.0000 (0.0000) kl_normalizer 50.0000 (50.0000) kl_beta 0.0000 (0.0000) lr 1.0000e-05 eta 0:32:01
epoch [2/50] batch [20/50] time 0.635 (0.746) data 0.000 (0.036) loss 0.2578 (1.0855) acc 100.0000 (88.5938) data_term 0.2578 (1.0855) raw_kl_rep 623.2664 (263.2553) raw_kl_proj_rep 0.0000 (0.0000) kl_rep_term 0.0000 (0.0000) kl_proj_rep_term 0.0000 (0.0000) kl_term 0.0000 (0.0000) kl_normalizer 50.0000 (50.0000) kl_beta 0.0000 (0.0000) lr 1.0000e-03 eta 0:30:12
epoch [2/50] batch [40/50] time 0.619 (0.721) data 0.000 (0.018) loss 0.3245 (0.7020) acc 93.7500 (91.4062) data_term 0.3245 (0.7020) raw_kl_rep 930.0361 (553.1962) raw_kl_proj_rep 0.0000 (0.0000) kl_rep_term 0.0000 (0.0000) kl_proj_rep_term 0.0000 (0.0000) kl_term 0.0000 (0.0000) kl_normalizer 50.0000 (50.0000) kl_beta 0.0000 (0.0000) lr 1.0000e-03 eta 0:28:57
epoch [3/50] batch [20/50] time 0.642 (0.731) data 0.001 (0.040) loss 0.2724 (0.2172) acc 90.6250 (95.0000) data_term 0.2724 (0.2172) raw_kl_rep 911.6152 (925.4255) raw_kl_proj_rep 0.0000 (0.0000) kl_rep_term 0.0000 (0.0000) kl_proj_rep_term 0.0000 (0.0000) kl_term 0.0000 (0.0000) kl_normalizer 50.0000 (50.0000) kl_beta 0.0000 (0.0000) lr 9.9901e-04 eta 0:29:00
epoch [3/50] batch [40/50] time 0.710 (0.690) data 0.000 (0.020) loss 0.2098 (0.2298) acc 96.8750 (94.6094) data_term 0.2098 (0.2298) raw_kl_rep 892.6898 (915.7106) raw_kl_proj_rep 0.0000 (0.0000) kl_rep_term 0.0000 (0.0000) kl_proj_rep_term 0.0000 (0.0000) kl_term 0.0000 (0.0000) kl_normalizer 50.0000 (50.0000) kl_beta 0.0000 (0.0000) lr 9.9901e-04 eta 0:27:08
epoch [4/50] batch [20/50] time 0.646 (0.561) data 0.001 (0.029) loss 0.1423 (0.1755) acc 93.7500 (96.2500) data_term 0.1423 (0.1755) raw_kl_rep 814.2197 (804.7097) raw_kl_proj_rep 0.0000 (0.0000) kl_rep_term 0.0000 (0.0000) kl_proj_rep_term 0.0000 (0.0000) kl_term 0.0000 (0.0000) kl_normalizer 50.0000 (50.0000) kl_beta 0.0000 (0.0000) lr 9.9606e-04 eta 0:21:47
epoch [4/50] batch [40/50] time 0.823 (0.632) data 0.000 (0.015) loss 0.0954 (0.1609) acc 100.0000 (96.4844) data_term 0.0954 (0.1609) raw_kl_rep 818.8922 (814.9012) raw_kl_proj_rep 0.0000 (0.0000) kl_rep_term 0.0000 (0.0000) kl_proj_rep_term 0.0000 (0.0000) kl_term 0.0000 (0.0000) kl_normalizer 50.0000 (50.0000) kl_beta 0.0000 (0.0000) lr 9.9606e-04 eta 0:24:19
epoch [5/50] batch [20/50] time 0.829 (0.817) data 0.001 (0.038) loss 0.0758 (0.1487) acc 100.0000 (96.7188) data_term 0.0758 (0.1487) raw_kl_rep 861.2055 (841.7180) raw_kl_proj_rep 0.0000 (0.0000) kl_rep_term 0.0000 (0.0000) kl_proj_rep_term 0.0000 (0.0000) kl_term 0.0000 (0.0000) kl_normalizer 50.0000 (50.0000) kl_beta 0.0000 (0.0000) lr 9.9114e-04 eta 0:31:02
epoch [5/50] batch [40/50] time 0.924 (0.798) data 0.000 (0.019) loss 0.1689 (0.1586) acc 96.8750 (96.4844) data_term 0.1689 (0.1586) raw_kl_rep 890.3004 (859.6540) raw_kl_proj_rep 0.0000 (0.0000) kl_rep_term 0.0000 (0.0000) kl_proj_rep_term 0.0000 (0.0000) kl_term 0.0000 (0.0000) kl_normalizer 50.0000 (50.0000) kl_beta 0.0000 (0.0000) lr 9.9114e-04 eta 0:30:04
epoch [6/50] batch [20/50] time 0.812 (0.779) data 0.001 (0.031) loss 0.1100 (0.1325) acc 93.7500 (97.3438) data_term 0.1100 (0.1325) raw_kl_rep 973.4935 (956.7562) raw_kl_proj_rep 0.0000 (0.0000) kl_rep_term 0.0000 (0.0000) kl_proj_rep_term 0.0000 (0.0000) kl_term 0.0000 (0.0000) kl_normalizer 50.0000 (50.0000) kl_beta 0.0000 (0.0000) lr 9.8429e-04 eta 0:28:57
epoch [6/50] batch [40/50] time 0.620 (0.779) data 0.005 (0.016) loss 0.0938 (0.1376) acc 96.8750 (97.2656) data_term 0.0938 (0.1376) raw_kl_rep 1023.6283 (981.1683) raw_kl_proj_rep 0.0000 (0.0000) kl_rep_term 0.0000 (0.0000) kl_proj_rep_term 0.0000 (0.0000) kl_term 0.0000 (0.0000) kl_normalizer 50.0000 (50.0000) kl_beta 0.0000 (0.0000) lr 9.8429e-04 eta 0:28:40
epoch [7/50] batch [20/50] time 0.529 (0.756) data 0.000 (0.033) loss 0.4974 (0.1723) acc 84.3750 (96.7188) data_term 0.4974 (0.1723) raw_kl_rep 1026.9005 (1040.2136) raw_kl_proj_rep 0.0000 (0.0000) kl_rep_term 0.0000 (0.0000) kl_proj_rep_term 0.0000 (0.0000) kl_term 0.0000 (0.0000) kl_normalizer 50.0000 (50.0000) kl_beta 0.0000 (0.0000) lr 9.7553e-04 eta 0:27:28
epoch [7/50] batch [40/50] time 0.867 (0.755) data 0.000 (0.017) loss 0.0931 (0.1524) acc 96.8750 (97.1094) data_term 0.0931 (0.1524) raw_kl_rep 1027.6550 (1027.4522) raw_kl_proj_rep 0.0000 (0.0000) kl_rep_term 0.0000 (0.0000) kl_proj_rep_term 0.0000 (0.0000) kl_term 0.0000 (0.0000) kl_normalizer 50.0000 (50.0000) kl_beta 0.0000 (0.0000) lr 9.7553e-04 eta 0:27:11
epoch [8/50] batch [20/50] time 0.649 (0.756) data 0.000 (0.037) loss 0.1074 (0.1391) acc 100.0000 (97.3438) data_term 0.1074 (0.1391) raw_kl_rep 1059.8871 (1063.9345) raw_kl_proj_rep 0.0000 (0.0000) kl_rep_term 0.0000 (0.0000) kl_proj_rep_term 0.0000 (0.0000) kl_term 0.0000 (0.0000) kl_normalizer 50.0000 (50.0000) kl_beta 0.0233 (0.0233) lr 9.6489e-04 eta 0:26:49
epoch [8/50] batch [40/50] time 0.689 (0.680) data 0.000 (0.019) loss 0.1569 (0.1185) acc 100.0000 (97.8906) data_term 0.1569 (0.1185) raw_kl_rep 1039.8745 (1051.6873) raw_kl_proj_rep 0.0000 (0.0000) kl_rep_term 0.0000 (0.0000) kl_proj_rep_term 0.0000 (0.0000) kl_term 0.0000 (0.0000) kl_normalizer 50.0000 (50.0000) kl_beta 0.0233 (0.0233) lr 9.6489e-04 eta 0:23:55
epoch [9/50] batch [20/50] time 0.604 (0.662) data 0.000 (0.023) loss 0.1233 (0.1166) acc 96.8750 (98.1250) data_term 0.1233 (0.1166) raw_kl_rep 1192.3286 (1167.8940) raw_kl_proj_rep 0.0000 (0.0000) kl_rep_term 0.0000 (0.0000) kl_proj_rep_term 0.0000 (0.0000) kl_term 0.0000 (0.0000) kl_normalizer 50.0000 (50.0000) kl_beta 0.0465 (0.0465) lr 9.5241e-04 eta 0:22:57
epoch [9/50] batch [40/50] time 0.559 (0.659) data 0.000 (0.012) loss 0.0559 (0.1205) acc 100.0000 (98.0469) data_term 0.0558 (0.1205) raw_kl_rep 1310.5508 (1200.7644) raw_kl_proj_rep 0.0000 (0.0000) kl_rep_term 0.0000 (0.0000) kl_proj_rep_term 0.0000 (0.0000) kl_term 0.0000 (0.0000) kl_normalizer 50.0000 (50.0000) kl_beta 0.0465 (0.0465) lr 9.5241e-04 eta 0:22:37
epoch [10/50] batch [20/50] time 0.649 (0.567) data 0.003 (0.026) loss 0.0609 (0.1261) acc 100.0000 (97.8125) data_term 0.0609 (0.1261) raw_kl_rep 1308.3787 (1323.9261) raw_kl_proj_rep 0.0000 (0.0000) kl_rep_term 0.0000 (0.0000) kl_proj_rep_term 0.0000 (0.0000) kl_term 0.0000 (0.0000) kl_normalizer 50.0000 (50.0000) kl_beta 0.0698 (0.0698) lr 9.3815e-04 eta 0:19:11
epoch [10/50] batch [40/50] time 0.698 (0.638) data 0.000 (0.013) loss 0.0579 (0.1185) acc 100.0000 (98.1250) data_term 0.0579 (0.1185) raw_kl_rep 1307.8464 (1317.6912) raw_kl_proj_rep 0.0000 (0.0000) kl_rep_term 0.0000 (0.0000) kl_proj_rep_term 0.0000 (0.0000) kl_term 0.0000 (0.0000) kl_normalizer 50.0000 (50.0000) kl_beta 0.0698 (0.0698) lr 9.3815e-04 eta 0:21:21
epoch [11/50] batch [20/50] time 0.801 (0.706) data 0.002 (0.036) loss 0.0905 (0.0913) acc 96.8750 (98.1250) data_term 0.0905 (0.0913) raw_kl_rep 1408.2168 (1368.8904) raw_kl_proj_rep 0.0000 (0.0000) kl_rep_term 0.0000 (0.0000) kl_proj_rep_term 0.0000 (0.0000) kl_term 0.0000 (0.0000) kl_normalizer 50.0000 (50.0000) kl_beta 0.0930 (0.0930) lr 9.2216e-04 eta 0:23:18
epoch [11/50] batch [40/50] time 0.675 (0.672) data 0.000 (0.019) loss 0.1753 (0.0976) acc 96.8750 (98.2812) data_term 0.1753 (0.0975) raw_kl_rep 1430.0881 (1396.7763) raw_kl_proj_rep 0.0000 (0.0000) kl_rep_term 0.0000 (0.0000) kl_proj_rep_term 0.0000 (0.0000) kl_term 0.0000 (0.0000) kl_normalizer 50.0000 (50.0000) kl_beta 0.0930 (0.0930) lr 9.2216e-04 eta 0:21:58
epoch [12/50] batch [20/50] time 0.804 (0.756) data 0.000 (0.036) loss 0.0971 (0.0929) acc 100.0000 (98.9062) data_term 0.0970 (0.0929) raw_kl_rep 1434.6539 (1411.5631) raw_kl_proj_rep 0.0000 (0.0000) kl_rep_term 0.0000 (0.0000) kl_proj_rep_term 0.0000 (0.0000) kl_term 0.0000 (0.0000) kl_normalizer 50.0000 (50.0000) kl_beta 0.1163 (0.1163) lr 9.0451e-04 eta 0:24:18
epoch [12/50] batch [40/50] time 0.687 (0.669) data 0.000 (0.018) loss 0.0868 (0.0923) acc 100.0000 (98.7500) data_term 0.0868 (0.0923) raw_kl_rep 1473.6553 (1439.8151) raw_kl_proj_rep 0.0000 (0.0000) kl_rep_term 0.0000 (0.0000) kl_proj_rep_term 0.0000 (0.0000) kl_term 0.0000 (0.0000) kl_normalizer 50.0000 (50.0000) kl_beta 0.1163 (0.1163) lr 9.0451e-04 eta 0:21:17
epoch [13/50] batch [20/50] time 0.699 (0.665) data 0.000 (0.030) loss 0.0577 (0.0961) acc 100.0000 (98.5938) data_term 0.0577 (0.0961) raw_kl_rep 1479.3671 (1471.2016) raw_kl_proj_rep 0.0000 (0.0000) kl_rep_term 0.0000 (0.0000) kl_proj_rep_term 0.0000 (0.0000) kl_term 0.0000 (0.0000) kl_normalizer 50.0000 (50.0000) kl_beta 0.1395 (0.1395) lr 8.8526e-04 eta 0:20:50
epoch [13/50] batch [40/50] time 0.523 (0.692) data 0.000 (0.015) loss 0.0781 (0.0973) acc 96.8750 (98.3594) data_term 0.0780 (0.0973) raw_kl_rep 1535.8086 (1485.2191) raw_kl_proj_rep 0.0000 (0.0000) kl_rep_term 0.0000 (0.0000) kl_proj_rep_term 0.0000 (0.0000) kl_term 0.0000 (0.0000) kl_normalizer 50.0000 (50.0000) kl_beta 0.1395 (0.1395) lr 8.8526e-04 eta 0:21:27
epoch [14/50] batch [20/50] time 0.819 (0.840) data 0.000 (0.032) loss 0.0553 (0.0724) acc 100.0000 (99.2188) data_term 0.0553 (0.0723) raw_kl_rep 1602.7881 (1574.4065) raw_kl_proj_rep 0.0000 (0.0000) kl_rep_term 0.0001 (0.0001) kl_proj_rep_term 0.0000 (0.0000) kl_term 0.0001 (0.0001) kl_normalizer 50.0000 (50.0000) kl_beta 0.1628 (0.1628) lr 8.6448e-04 eta 0:25:37
epoch [14/50] batch [40/50] time 0.818 (0.834) data 0.000 (0.017) loss 0.2877 (0.0863) acc 93.7500 (98.8281) data_term 0.2876 (0.0863) raw_kl_rep 1679.7660 (1609.3911) raw_kl_proj_rep 0.0000 (0.0000) kl_rep_term 0.0001 (0.0001) kl_proj_rep_term 0.0000 (0.0000) kl_term 0.0001 (0.0001) kl_normalizer 50.0000 (50.0000) kl_beta 0.1628 (0.1628) lr 8.6448e-04 eta 0:25:09
epoch [15/50] batch [20/50] time 0.809 (0.821) data 0.000 (0.036) loss 0.0730 (0.0953) acc 100.0000 (98.9062) data_term 0.0730 (0.0953) raw_kl_rep 1654.1372 (1651.7541) raw_kl_proj_rep 0.0000 (0.0000) kl_rep_term 0.0001 (0.0001) kl_proj_rep_term 0.0000 (0.0000) kl_term 0.0001 (0.0001) kl_normalizer 50.0000 (50.0000) kl_beta 0.1860 (0.1860) lr 8.4227e-04 eta 0:24:21
epoch [15/50] batch [40/50] time 0.835 (0.799) data 0.000 (0.019) loss 0.0484 (0.0894) acc 100.0000 (98.9062) data_term 0.0484 (0.0893) raw_kl_rep 1647.2173 (1649.2057) raw_kl_proj_rep 0.0000 (0.0000) kl_rep_term 0.0001 (0.0001) kl_proj_rep_term 0.0000 (0.0000) kl_term 0.0001 (0.0001) kl_normalizer 50.0000 (50.0000) kl_beta 0.1860 (0.1860) lr 8.4227e-04 eta 0:23:25
epoch [16/50] batch [20/50] time 0.863 (0.839) data 0.000 (0.039) loss 0.0891 (0.0784) acc 100.0000 (99.2188) data_term 0.0890 (0.0783) raw_kl_rep 1721.2175 (1689.9536) raw_kl_proj_rep 0.0000 (0.0000) kl_rep_term 0.0001 (0.0001) kl_proj_rep_term 0.0000 (0.0000) kl_term 0.0001 (0.0001) kl_normalizer 50.0000 (50.0000) kl_beta 0.2093 (0.2093) lr 8.1871e-04 eta 0:24:11
epoch [16/50] batch [40/50] time 0.656 (0.791) data 0.000 (0.020) loss 0.0895 (0.0839) acc 100.0000 (98.9844) data_term 0.0895 (0.0838) raw_kl_rep 1743.9675 (1712.8677) raw_kl_proj_rep 0.0000 (0.0000) kl_rep_term 0.0001 (0.0001) kl_proj_rep_term 0.0000 (0.0000) kl_term 0.0001 (0.0001) kl_normalizer 50.0000 (50.0000) kl_beta 0.2093 (0.2093) lr 8.1871e-04 eta 0:22:32
epoch [17/50] batch [20/50] time 0.474 (0.800) data 0.000 (0.032) loss 0.0793 (0.0928) acc 100.0000 (98.9062) data_term 0.0792 (0.0927) raw_kl_rep 1695.1599 (1702.7066) raw_kl_proj_rep 0.0000 (0.0000) kl_rep_term 0.0001 (0.0001) kl_proj_rep_term 0.0000 (0.0000) kl_term 0.0001 (0.0001) kl_normalizer 50.0000 (50.0000) kl_beta 0.2326 (0.2326) lr 7.9389e-04 eta 0:22:24
epoch [17/50] batch [40/50] time 0.855 (0.786) data 0.000 (0.016) loss 0.0506 (0.0939) acc 100.0000 (98.6719) data_term 0.0505 (0.0939) raw_kl_rep 1773.9434 (1717.5087) raw_kl_proj_rep 0.0000 (0.0000) kl_rep_term 0.0001 (0.0001) kl_proj_rep_term 0.0000 (0.0000) kl_term 0.0001 (0.0001) kl_normalizer 50.0000 (50.0000) kl_beta 0.2326 (0.2326) lr 7.9389e-04 eta 0:21:44
epoch [18/50] batch [20/50] time 0.654 (0.776) data 0.000 (0.035) loss 0.0923 (0.0779) acc 100.0000 (98.9062) data_term 0.0923 (0.0778) raw_kl_rep 1741.2305 (1747.1654) raw_kl_proj_rep 0.0000 (0.0000) kl_rep_term 0.0001 (0.0001) kl_proj_rep_term 0.0000 (0.0000) kl_term 0.0001 (0.0001) kl_normalizer 50.0000 (50.0000) kl_beta 0.2558 (0.2558) lr 7.6791e-04 eta 0:21:05
epoch [18/50] batch [40/50] time 0.851 (0.784) data 0.000 (0.018) loss 0.1157 (0.0823) acc 96.8750 (98.8281) data_term 0.1156 (0.0822) raw_kl_rep 1801.8733 (1760.5824) raw_kl_proj_rep 0.0000 (0.0000) kl_rep_term 0.0001 (0.0001) kl_proj_rep_term 0.0000 (0.0000) kl_term 0.0001 (0.0001) kl_normalizer 50.0000 (50.0000) kl_beta 0.2558 (0.2558) lr 7.6791e-04 eta 0:21:02
epoch [19/50] batch [20/50] time 0.895 (0.839) data 0.000 (0.033) loss 0.0401 (0.0784) acc 100.0000 (99.0625) data_term 0.0400 (0.0783) raw_kl_rep 1848.4812 (1822.2031) raw_kl_proj_rep 0.0000 (0.0000) kl_rep_term 0.0001 (0.0001) kl_proj_rep_term 0.0000 (0.0000) kl_term 0.0001 (0.0001) kl_normalizer 50.0000 (50.0000) kl_beta 0.2791 (0.2791) lr 7.4088e-04 eta 0:22:06
epoch [19/50] batch [40/50] time 0.473 (0.806) data 0.000 (0.018) loss 0.0546 (0.0728) acc 100.0000 (99.2969) data_term 0.0545 (0.0727) raw_kl_rep 1924.4863 (1858.9712) raw_kl_proj_rep 0.0000 (0.0000) kl_rep_term 0.0001 (0.0001) kl_proj_rep_term 0.0000 (0.0000) kl_term 0.0001 (0.0001) kl_normalizer 50.0000 (50.0000) kl_beta 0.2791 (0.2791) lr 7.4088e-04 eta 0:20:56
epoch [20/50] batch [20/50] time 0.914 (0.771) data 0.000 (0.035) loss 0.0524 (0.0671) acc 100.0000 (99.2188) data_term 0.0523 (0.0670) raw_kl_rep 1922.4580 (1926.7712) raw_kl_proj_rep 0.0000 (0.0000) kl_rep_term 0.0001 (0.0001) kl_proj_rep_term 0.0000 (0.0000) kl_term 0.0001 (0.0001) kl_normalizer 50.0000 (50.0000) kl_beta 0.3023 (0.3023) lr 7.1289e-04 eta 0:19:39
epoch [20/50] batch [40/50] time 0.605 (0.785) data 0.000 (0.020) loss 0.1301 (0.0750) acc 96.8750 (99.1406) data_term 0.1300 (0.0749) raw_kl_rep 1915.2792 (1927.1707) raw_kl_proj_rep 0.0000 (0.0000) kl_rep_term 0.0001 (0.0001) kl_proj_rep_term 0.0000 (0.0000) kl_term 0.0001 (0.0001) kl_normalizer 50.0000 (50.0000) kl_beta 0.3023 (0.3023) lr 7.1289e-04 eta 0:19:45
epoch [21/50] batch [20/50] time 0.876 (0.827) data 0.000 (0.025) loss 0.0452 (0.0768) acc 100.0000 (98.9062) data_term 0.0450 (0.0766) raw_kl_rep 1873.1541 (1886.4767) raw_kl_proj_rep 0.0000 (0.0000) kl_rep_term 0.0001 (0.0001) kl_proj_rep_term 0.0000 (0.0000) kl_term 0.0001 (0.0001) kl_normalizer 50.0000 (50.0000) kl_beta 0.3256 (0.3256) lr 6.8406e-04 eta 0:20:23
epoch [21/50] batch [40/50] time 0.696 (0.791) data 0.000 (0.014) loss 0.1477 (0.0739) acc 93.7500 (98.9062) data_term 0.1476 (0.0738) raw_kl_rep 1912.9875 (1891.7119) raw_kl_proj_rep 0.0000 (0.0000) kl_rep_term 0.0001 (0.0001) kl_proj_rep_term 0.0000 (0.0000) kl_term 0.0001 (0.0001) kl_normalizer 50.0000 (50.0000) kl_beta 0.3256 (0.3256) lr 6.8406e-04 eta 0:19:15
epoch [22/50] batch [20/50] time 0.827 (0.812) data 0.000 (0.035) loss 0.0786 (0.0791) acc 100.0000 (98.9062) data_term 0.0785 (0.0790) raw_kl_rep 1864.4651 (1916.0299) raw_kl_proj_rep 0.0000 (0.0000) kl_rep_term 0.0001 (0.0001) kl_proj_rep_term 0.0000 (0.0000) kl_term 0.0001 (0.0001) kl_normalizer 50.0000 (50.0000) kl_beta 0.3488 (0.3488) lr 6.5451e-04 eta 0:19:21
epoch [22/50] batch [40/50] time 0.726 (0.812) data 0.000 (0.018) loss 0.0289 (0.0763) acc 100.0000 (98.9062) data_term 0.0288 (0.0761) raw_kl_rep 1838.7163 (1881.8570) raw_kl_proj_rep 0.0000 (0.0000) kl_rep_term 0.0001 (0.0001) kl_proj_rep_term 0.0000 (0.0000) kl_term 0.0001 (0.0001) kl_normalizer 50.0000 (50.0000) kl_beta 0.3488 (0.3488) lr 6.5451e-04 eta 0:19:05
epoch [23/50] batch [20/50] time 0.791 (0.803) data 0.000 (0.038) loss 0.0619 (0.0770) acc 100.0000 (99.2188) data_term 0.0618 (0.0769) raw_kl_rep 1843.0457 (1852.3203) raw_kl_proj_rep 0.0000 (0.0000) kl_rep_term 0.0001 (0.0001) kl_proj_rep_term 0.0000 (0.0000) kl_term 0.0001 (0.0001) kl_normalizer 50.0000 (50.0000) kl_beta 0.3721 (0.3721) lr 6.2434e-04 eta 0:18:28
epoch [23/50] batch [40/50] time 0.573 (0.768) data 0.000 (0.020) loss 0.0696 (0.0771) acc 100.0000 (99.2188) data_term 0.0694 (0.0770) raw_kl_rep 1859.7391 (1851.5171) raw_kl_proj_rep 0.0000 (0.0000) kl_rep_term 0.0001 (0.0001) kl_proj_rep_term 0.0000 (0.0000) kl_term 0.0001 (0.0001) kl_normalizer 50.0000 (50.0000) kl_beta 0.3721 (0.3721) lr 6.2434e-04 eta 0:17:25
epoch [24/50] batch [20/50] time 0.806 (0.787) data 0.000 (0.031) loss 0.0362 (0.0735) acc 100.0000 (99.3750) data_term 0.0360 (0.0734) raw_kl_rep 1898.9629 (1901.5945) raw_kl_proj_rep 0.0000 (0.0000) kl_rep_term 0.0002 (0.0002) kl_proj_rep_term 0.0000 (0.0000) kl_term 0.0002 (0.0002) kl_normalizer 50.0000 (50.0000) kl_beta 0.3953 (0.3953) lr 5.9369e-04 eta 0:17:26
epoch [24/50] batch [40/50] time 0.707 (0.776) data 0.000 (0.016) loss 0.0688 (0.0747) acc 100.0000 (99.2969) data_term 0.0687 (0.0746) raw_kl_rep 1934.3868 (1911.3738) raw_kl_proj_rep 0.0000 (0.0000) kl_rep_term 0.0002 (0.0002) kl_proj_rep_term 0.0000 (0.0000) kl_term 0.0002 (0.0002) kl_normalizer 50.0000 (50.0000) kl_beta 0.3953 (0.3953) lr 5.9369e-04 eta 0:16:56
epoch [25/50] batch [20/50] time 0.902 (0.797) data 0.000 (0.032) loss 0.0502 (0.0635) acc 100.0000 (99.6875) data_term 0.0500 (0.0633) raw_kl_rep 1946.5237 (1934.7169) raw_kl_proj_rep 0.0000 (0.0000) kl_rep_term 0.0002 (0.0002) kl_proj_rep_term 0.0000 (0.0000) kl_term 0.0002 (0.0002) kl_normalizer 50.0000 (50.0000) kl_beta 0.4186 (0.4186) lr 5.6267e-04 eta 0:16:59
epoch [25/50] batch [40/50] time 0.407 (0.773) data 0.000 (0.016) loss 0.0414 (0.0674) acc 100.0000 (99.5312) data_term 0.0412 (0.0673) raw_kl_rep 1937.7495 (1938.2367) raw_kl_proj_rep 0.0000 (0.0000) kl_rep_term 0.0002 (0.0002) kl_proj_rep_term 0.0000 (0.0000) kl_term 0.0002 (0.0002) kl_normalizer 50.0000 (50.0000) kl_beta 0.4186 (0.4186) lr 5.6267e-04 eta 0:16:13
epoch [26/50] batch [20/50] time 0.903 (0.822) data 0.000 (0.043) loss 0.0398 (0.0647) acc 100.0000 (99.3750) data_term 0.0396 (0.0645) raw_kl_rep 1891.9241 (1923.8050) raw_kl_proj_rep 0.0000 (0.0000) kl_rep_term 0.0002 (0.0002) kl_proj_rep_term 0.0000 (0.0000) kl_term 0.0002 (0.0002) kl_normalizer 50.0000 (50.0000) kl_beta 0.4419 (0.4419) lr 5.3140e-04 eta 0:16:50
epoch [26/50] batch [40/50] time 0.414 (0.806) data 0.000 (0.022) loss 0.0883 (0.0626) acc 100.0000 (99.6875) data_term 0.0882 (0.0624) raw_kl_rep 1920.9196 (1911.6333) raw_kl_proj_rep 0.0000 (0.0000) kl_rep_term 0.0002 (0.0002) kl_proj_rep_term 0.0000 (0.0000) kl_term 0.0002 (0.0002) kl_normalizer 50.0000 (50.0000) kl_beta 0.4419 (0.4419) lr 5.3140e-04 eta 0:16:15
epoch [27/50] batch [20/50] time 0.792 (0.778) data 0.007 (0.044) loss 0.0371 (0.0592) acc 100.0000 (99.5312) data_term 0.0369 (0.0591) raw_kl_rep 2016.4263 (1996.0080) raw_kl_proj_rep 0.0000 (0.0000) kl_rep_term 0.0002 (0.0002) kl_proj_rep_term 0.0000 (0.0000) kl_term 0.0002 (0.0002) kl_normalizer 50.0000 (50.0000) kl_beta 0.4651 (0.4651) lr 5.0000e-04 eta 0:15:17
epoch [27/50] batch [40/50] time 0.859 (0.773) data 0.000 (0.022) loss 0.1167 (0.0633) acc 96.8750 (99.5312) data_term 0.1165 (0.0631) raw_kl_rep 2011.3611 (2007.8716) raw_kl_proj_rep 0.0000 (0.0000) kl_rep_term 0.0002 (0.0002) kl_proj_rep_term 0.0000 (0.0000) kl_term 0.0002 (0.0002) kl_normalizer 50.0000 (50.0000) kl_beta 0.4651 (0.4651) lr 5.0000e-04 eta 0:14:56
epoch [28/50] batch [20/50] time 0.875 (0.811) data 0.007 (0.036) loss 0.0359 (0.0636) acc 100.0000 (99.3750) data_term 0.0357 (0.0634) raw_kl_rep 2030.0114 (2012.7247) raw_kl_proj_rep 0.0000 (0.0000) kl_rep_term 0.0002 (0.0002) kl_proj_rep_term 0.0000 (0.0000) kl_term 0.0002 (0.0002) kl_normalizer 50.0000 (50.0000) kl_beta 0.4884 (0.4884) lr 4.6860e-04 eta 0:15:16
epoch [28/50] batch [40/50] time 0.825 (0.806) data 0.000 (0.018) loss 0.0985 (0.0722) acc 96.8750 (98.9844) data_term 0.0983 (0.0720) raw_kl_rep 2020.0956 (2015.2830) raw_kl_proj_rep 0.0000 (0.0000) kl_rep_term 0.0002 (0.0002) kl_proj_rep_term 0.0000 (0.0000) kl_term 0.0002 (0.0002) kl_normalizer 50.0000 (50.0000) kl_beta 0.4884 (0.4884) lr 4.6860e-04 eta 0:14:54
epoch [29/50] batch [20/50] time 0.838 (0.820) data 0.000 (0.034) loss 0.0286 (0.0700) acc 100.0000 (99.5312) data_term 0.0284 (0.0698) raw_kl_rep 2040.1145 (2038.3237) raw_kl_proj_rep 0.0000 (0.0000) kl_rep_term 0.0002 (0.0002) kl_proj_rep_term 0.0000 (0.0000) kl_term 0.0002 (0.0002) kl_normalizer 50.0000 (50.0000) kl_beta 0.5116 (0.5116) lr 4.3733e-04 eta 0:14:45
epoch [29/50] batch [40/50] time 0.915 (0.787) data 0.000 (0.017) loss 0.0283 (0.0622) acc 100.0000 (99.6094) data_term 0.0281 (0.0620) raw_kl_rep 2048.8176 (2041.3344) raw_kl_proj_rep 0.0000 (0.0000) kl_rep_term 0.0002 (0.0002) kl_proj_rep_term 0.0000 (0.0000) kl_term 0.0002 (0.0002) kl_normalizer 50.0000 (50.0000) kl_beta 0.5116 (0.5116) lr 4.3733e-04 eta 0:13:53
epoch [30/50] batch [20/50] time 0.803 (0.820) data 0.005 (0.037) loss 0.0670 (0.0550) acc 100.0000 (99.5312) data_term 0.0668 (0.0548) raw_kl_rep 2034.7648 (2033.5007) raw_kl_proj_rep 0.0000 (0.0000) kl_rep_term 0.0002 (0.0002) kl_proj_rep_term 0.0000 (0.0000) kl_term 0.0002 (0.0002) kl_normalizer 50.0000 (50.0000) kl_beta 0.5349 (0.5349) lr 4.0631e-04 eta 0:14:04
epoch [30/50] batch [40/50] time 0.675 (0.787) data 0.000 (0.019) loss 0.0471 (0.0578) acc 100.0000 (99.6875) data_term 0.0469 (0.0576) raw_kl_rep 2047.2103 (2036.3314) raw_kl_proj_rep 0.0000 (0.0000) kl_rep_term 0.0002 (0.0002) kl_proj_rep_term 0.0000 (0.0000) kl_term 0.0002 (0.0002) kl_normalizer 50.0000 (50.0000) kl_beta 0.5349 (0.5349) lr 4.0631e-04 eta 0:13:15
epoch [31/50] batch [20/50] time 0.823 (0.785) data 0.000 (0.032) loss 0.1191 (0.0643) acc 96.8750 (99.5312) data_term 0.1188 (0.0641) raw_kl_rep 2065.9160 (2056.1597) raw_kl_proj_rep 0.0000 (0.0000) kl_rep_term 0.0002 (0.0002) kl_proj_rep_term 0.0000 (0.0000) kl_term 0.0002 (0.0002) kl_normalizer 50.0000 (50.0000) kl_beta 0.5581 (0.5581) lr 3.7566e-04 eta 0:12:49
epoch [31/50] batch [40/50] time 0.807 (0.757) data 0.000 (0.016) loss 0.0467 (0.0639) acc 100.0000 (99.5312) data_term 0.0464 (0.0637) raw_kl_rep 2108.9800 (2070.4749) raw_kl_proj_rep 0.0000 (0.0000) kl_rep_term 0.0002 (0.0002) kl_proj_rep_term 0.0000 (0.0000) kl_term 0.0002 (0.0002) kl_normalizer 50.0000 (50.0000) kl_beta 0.5581 (0.5581) lr 3.7566e-04 eta 0:12:07
epoch [32/50] batch [20/50] time 0.832 (0.780) data 0.000 (0.032) loss 0.0762 (0.0576) acc 96.8750 (99.5312) data_term 0.0760 (0.0574) raw_kl_rep 2109.0693 (2111.1394) raw_kl_proj_rep 0.0000 (0.0000) kl_rep_term 0.0002 (0.0002) kl_proj_rep_term 0.0000 (0.0000) kl_term 0.0002 (0.0002) kl_normalizer 50.0000 (50.0000) kl_beta 0.5814 (0.5814) lr 3.4549e-04 eta 0:12:05
epoch [32/50] batch [40/50] time 0.766 (0.746) data 0.000 (0.017) loss 0.0435 (0.0548) acc 100.0000 (99.6094) data_term 0.0433 (0.0546) raw_kl_rep 2077.8779 (2101.8673) raw_kl_proj_rep 0.0000 (0.0000) kl_rep_term 0.0002 (0.0002) kl_proj_rep_term 0.0000 (0.0000) kl_term 0.0002 (0.0002) kl_normalizer 50.0000 (50.0000) kl_beta 0.5814 (0.5814) lr 3.4549e-04 eta 0:11:18
epoch [33/50] batch [20/50] time 0.601 (0.815) data 0.000 (0.035) loss 0.0512 (0.0583) acc 100.0000 (99.6875) data_term 0.0510 (0.0581) raw_kl_rep 2088.0430 (2069.4387) raw_kl_proj_rep 0.0000 (0.0000) kl_rep_term 0.0003 (0.0003) kl_proj_rep_term 0.0000 (0.0000) kl_term 0.0003 (0.0003) kl_normalizer 50.0000 (50.0000) kl_beta 0.6047 (0.6047) lr 3.1594e-04 eta 0:11:57
epoch [33/50] batch [40/50] time 0.799 (0.781) data 0.000 (0.018) loss 0.0481 (0.0561) acc 100.0000 (99.6875) data_term 0.0478 (0.0558) raw_kl_rep 2119.8257 (2088.4502) raw_kl_proj_rep 0.0000 (0.0000) kl_rep_term 0.0003 (0.0003) kl_proj_rep_term 0.0000 (0.0000) kl_term 0.0003 (0.0003) kl_normalizer 50.0000 (50.0000) kl_beta 0.6047 (0.6047) lr 3.1594e-04 eta 0:11:11
epoch [34/50] batch [20/50] time 0.448 (0.784) data 0.005 (0.040) loss 0.0423 (0.0558) acc 100.0000 (99.6875) data_term 0.0420 (0.0555) raw_kl_rep 2162.9102 (2154.9342) raw_kl_proj_rep 0.0000 (0.0000) kl_rep_term 0.0003 (0.0003) kl_proj_rep_term 0.0000 (0.0000) kl_term 0.0003 (0.0003) kl_normalizer 50.0000 (50.0000) kl_beta 0.6279 (0.6279) lr 2.8711e-04 eta 0:10:51
epoch [34/50] batch [40/50] time 0.742 (0.768) data 0.000 (0.021) loss 0.0564 (0.0599) acc 100.0000 (99.6094) data_term 0.0562 (0.0597) raw_kl_rep 2172.0854 (2163.0716) raw_kl_proj_rep 0.0000 (0.0000) kl_rep_term 0.0003 (0.0003) kl_proj_rep_term 0.0000 (0.0000) kl_term 0.0003 (0.0003) kl_normalizer 50.0000 (50.0000) kl_beta 0.6279 (0.6279) lr 2.8711e-04 eta 0:10:21
epoch [35/50] batch [20/50] time 0.879 (0.807) data 0.000 (0.034) loss 0.0473 (0.0562) acc 100.0000 (99.5312) data_term 0.0470 (0.0559) raw_kl_rep 2160.2795 (2159.4934) raw_kl_proj_rep 0.0000 (0.0000) kl_rep_term 0.0003 (0.0003) kl_proj_rep_term 0.0000 (0.0000) kl_term 0.0003 (0.0003) kl_normalizer 50.0000 (50.0000) kl_beta 0.6512 (0.6512) lr 2.5912e-04 eta 0:10:29
epoch [35/50] batch [40/50] time 0.895 (0.778) data 0.000 (0.019) loss 0.0317 (0.0513) acc 100.0000 (99.7656) data_term 0.0314 (0.0510) raw_kl_rep 2173.4629 (2163.6190) raw_kl_proj_rep 0.0000 (0.0000) kl_rep_term 0.0003 (0.0003) kl_proj_rep_term 0.0000 (0.0000) kl_term 0.0003 (0.0003) kl_normalizer 50.0000 (50.0000) kl_beta 0.6512 (0.6512) lr 2.5912e-04 eta 0:09:51
epoch [36/50] batch [20/50] time 0.488 (0.726) data 0.000 (0.028) loss 0.0367 (0.0438) acc 100.0000 (100.0000) data_term 0.0364 (0.0435) raw_kl_rep 2185.1665 (2177.2176) raw_kl_proj_rep 0.0000 (0.0000) kl_rep_term 0.0003 (0.0003) kl_proj_rep_term 0.0000 (0.0000) kl_term 0.0003 (0.0003) kl_normalizer 50.0000 (50.0000) kl_beta 0.6744 (0.6744) lr 2.3209e-04 eta 0:08:49
epoch [36/50] batch [40/50] time 0.558 (0.744) data 0.000 (0.015) loss 0.0422 (0.0489) acc 100.0000 (100.0000) data_term 0.0419 (0.0486) raw_kl_rep 2194.3972 (2183.9773) raw_kl_proj_rep 0.0000 (0.0000) kl_rep_term 0.0003 (0.0003) kl_proj_rep_term 0.0000 (0.0000) kl_term 0.0003 (0.0003) kl_normalizer 50.0000 (50.0000) kl_beta 0.6744 (0.6744) lr 2.3209e-04 eta 0:08:48
epoch [37/50] batch [20/50] time 0.821 (0.828) data 0.000 (0.035) loss 0.0456 (0.0636) acc 100.0000 (99.5312) data_term 0.0453 (0.0632) raw_kl_rep 2198.8911 (2196.0707) raw_kl_proj_rep 0.0000 (0.0000) kl_rep_term 0.0003 (0.0003) kl_proj_rep_term 0.0000 (0.0000) kl_term 0.0003 (0.0003) kl_normalizer 50.0000 (50.0000) kl_beta 0.6977 (0.6977) lr 2.0611e-04 eta 0:09:22
epoch [37/50] batch [40/50] time 0.504 (0.799) data 0.000 (0.020) loss 0.0512 (0.0610) acc 100.0000 (99.6875) data_term 0.0509 (0.0607) raw_kl_rep 2216.1016 (2203.4091) raw_kl_proj_rep 0.0000 (0.0000) kl_rep_term 0.0003 (0.0003) kl_proj_rep_term 0.0000 (0.0000) kl_term 0.0003 (0.0003) kl_normalizer 50.0000 (50.0000) kl_beta 0.6977 (0.6977) lr 2.0611e-04 eta 0:08:47
epoch [38/50] batch [20/50] time 0.855 (0.824) data 0.003 (0.028) loss 0.0341 (0.0528) acc 100.0000 (99.6875) data_term 0.0338 (0.0525) raw_kl_rep 2230.0630 (2227.4216) raw_kl_proj_rep 0.0000 (0.0000) kl_rep_term 0.0003 (0.0003) kl_proj_rep_term 0.0000 (0.0000) kl_term 0.0003 (0.0003) kl_normalizer 50.0000 (50.0000) kl_beta 0.7209 (0.7209) lr 1.8129e-04 eta 0:08:39
epoch [38/50] batch [40/50] time 0.878 (0.789) data 0.000 (0.015) loss 0.0658 (0.0535) acc 96.8750 (99.7656) data_term 0.0655 (0.0532) raw_kl_rep 2234.8364 (2231.6181) raw_kl_proj_rep 0.0000 (0.0000) kl_rep_term 0.0003 (0.0003) kl_proj_rep_term 0.0000 (0.0000) kl_term 0.0003 (0.0003) kl_normalizer 50.0000 (50.0000) kl_beta 0.7209 (0.7209) lr 1.8129e-04 eta 0:08:01
epoch [39/50] batch [20/50] time 0.787 (0.748) data 0.000 (0.029) loss 0.0411 (0.0486) acc 100.0000 (100.0000) data_term 0.0408 (0.0483) raw_kl_rep 2232.7539 (2228.9273) raw_kl_proj_rep 0.0000 (0.0000) kl_rep_term 0.0003 (0.0003) kl_proj_rep_term 0.0000 (0.0000) kl_term 0.0003 (0.0003) kl_normalizer 50.0000 (50.0000) kl_beta 0.7442 (0.7442) lr 1.5773e-04 eta 0:07:13
epoch [39/50] batch [40/50] time 0.826 (0.741) data 0.000 (0.015) loss 0.0391 (0.0530) acc 100.0000 (99.8438) data_term 0.0387 (0.0526) raw_kl_rep 2230.8896 (2231.1593) raw_kl_proj_rep 0.0000 (0.0000) kl_rep_term 0.0003 (0.0003) kl_proj_rep_term 0.0000 (0.0000) kl_term 0.0003 (0.0003) kl_normalizer 50.0000 (50.0000) kl_beta 0.7442 (0.7442) lr 1.5773e-04 eta 0:06:54
epoch [40/50] batch [20/50] time 0.698 (0.777) data 0.000 (0.033) loss 0.2216 (0.0574) acc 96.8750 (99.8438) data_term 0.2213 (0.0571) raw_kl_rep 2225.5630 (2225.6695) raw_kl_proj_rep 0.0000 (0.0000) kl_rep_term 0.0003 (0.0003) kl_proj_rep_term 0.0000 (0.0000) kl_term 0.0003 (0.0003) kl_normalizer 50.0000 (50.0000) kl_beta 0.7674 (0.7674) lr 1.3552e-04 eta 0:06:51
epoch [40/50] batch [40/50] time 0.776 (0.752) data 0.000 (0.018) loss 0.0612 (0.0539) acc 100.0000 (99.9219) data_term 0.0609 (0.0536) raw_kl_rep 2226.4836 (2226.7910) raw_kl_proj_rep 0.0000 (0.0000) kl_rep_term 0.0003 (0.0003) kl_proj_rep_term 0.0000 (0.0000) kl_term 0.0003 (0.0003) kl_normalizer 50.0000 (50.0000) kl_beta 0.7674 (0.7674) lr 1.3552e-04 eta 0:06:23
epoch [41/50] batch [20/50] time 0.817 (0.828) data 0.001 (0.032) loss 0.0285 (0.0510) acc 100.0000 (99.3750) data_term 0.0282 (0.0507) raw_kl_rep 2236.2188 (2234.9471) raw_kl_proj_rep 0.0000 (0.0000) kl_rep_term 0.0004 (0.0004) kl_proj_rep_term 0.0000 (0.0000) kl_term 0.0004 (0.0004) kl_normalizer 50.0000 (50.0000) kl_beta 0.7907 (0.7907) lr 1.1474e-04 eta 0:06:37
epoch [41/50] batch [40/50] time 0.806 (0.772) data 0.000 (0.016) loss 0.0682 (0.0493) acc 100.0000 (99.6875) data_term 0.0678 (0.0490) raw_kl_rep 2246.4771 (2238.3555) raw_kl_proj_rep 0.0000 (0.0000) kl_rep_term 0.0004 (0.0004) kl_proj_rep_term 0.0000 (0.0000) kl_term 0.0004 (0.0004) kl_normalizer 50.0000 (50.0000) kl_beta 0.7907 (0.7907) lr 1.1474e-04 eta 0:05:54
epoch [42/50] batch [20/50] time 0.562 (0.777) data 0.003 (0.047) loss 0.0659 (0.0493) acc 100.0000 (100.0000) data_term 0.0656 (0.0489) raw_kl_rep 2257.7905 (2255.2544) raw_kl_proj_rep 0.0000 (0.0000) kl_rep_term 0.0004 (0.0004) kl_proj_rep_term 0.0000 (0.0000) kl_term 0.0004 (0.0004) kl_normalizer 50.0000 (50.0000) kl_beta 0.8140 (0.8140) lr 9.5492e-05 eta 0:05:34
epoch [42/50] batch [40/50] time 0.595 (0.768) data 0.000 (0.025) loss 0.0481 (0.0515) acc 100.0000 (99.9219) data_term 0.0478 (0.0511) raw_kl_rep 2263.9580 (2258.9787) raw_kl_proj_rep 0.0000 (0.0000) kl_rep_term 0.0004 (0.0004) kl_proj_rep_term 0.0000 (0.0000) kl_term 0.0004 (0.0004) kl_normalizer 50.0000 (50.0000) kl_beta 0.8140 (0.8140) lr 9.5492e-05 eta 0:05:14
epoch [43/50] batch [20/50] time 0.642 (0.786) data 0.000 (0.030) loss 0.0306 (0.0694) acc 100.0000 (99.3750) data_term 0.0302 (0.0691) raw_kl_rep 2267.9175 (2266.8901) raw_kl_proj_rep 0.0000 (0.0000) kl_rep_term 0.0004 (0.0004) kl_proj_rep_term 0.0000 (0.0000) kl_term 0.0004 (0.0004) kl_normalizer 50.0000 (50.0000) kl_beta 0.8372 (0.8372) lr 7.7836e-05 eta 0:04:58
epoch [43/50] batch [40/50] time 0.526 (0.770) data 0.000 (0.015) loss 0.0446 (0.0553) acc 100.0000 (99.6875) data_term 0.0443 (0.0549) raw_kl_rep 2266.4834 (2267.3285) raw_kl_proj_rep 0.0000 (0.0000) kl_rep_term 0.0004 (0.0004) kl_proj_rep_term 0.0000 (0.0000) kl_term 0.0004 (0.0004) kl_normalizer 50.0000 (50.0000) kl_beta 0.8372 (0.8372) lr 7.7836e-05 eta 0:04:37
epoch [44/50] batch [20/50] time 0.832 (0.800) data 0.008 (0.032) loss 0.0683 (0.0457) acc 100.0000 (100.0000) data_term 0.0679 (0.0453) raw_kl_rep 2261.6433 (2263.3080) raw_kl_proj_rep 0.0000 (0.0000) kl_rep_term 0.0004 (0.0004) kl_proj_rep_term 0.0000 (0.0000) kl_term 0.0004 (0.0004) kl_normalizer 50.0000 (50.0000) kl_beta 0.8605 (0.8605) lr 6.1847e-05 eta 0:04:24
epoch [44/50] batch [40/50] time 0.670 (0.776) data 0.000 (0.017) loss 0.0308 (0.0500) acc 100.0000 (99.8438) data_term 0.0304 (0.0496) raw_kl_rep 2263.3291 (2263.2696) raw_kl_proj_rep 0.0000 (0.0000) kl_rep_term 0.0004 (0.0004) kl_proj_rep_term 0.0000 (0.0000) kl_term 0.0004 (0.0004) kl_normalizer 50.0000 (50.0000) kl_beta 0.8605 (0.8605) lr 6.1847e-05 eta 0:04:00
epoch [45/50] batch [20/50] time 0.863 (0.799) data 0.000 (0.036) loss 0.0652 (0.0467) acc 100.0000 (100.0000) data_term 0.0648 (0.0463) raw_kl_rep 2263.4277 (2263.8586) raw_kl_proj_rep 0.0000 (0.0000) kl_rep_term 0.0004 (0.0004) kl_proj_rep_term 0.0000 (0.0000) kl_term 0.0004 (0.0004) kl_normalizer 50.0000 (50.0000) kl_beta 0.8837 (0.8837) lr 4.7586e-05 eta 0:03:43
epoch [45/50] batch [40/50] time 0.561 (0.772) data 0.000 (0.018) loss 0.0325 (0.0483) acc 100.0000 (99.9219) data_term 0.0321 (0.0479) raw_kl_rep 2264.5479 (2263.7899) raw_kl_proj_rep 0.0000 (0.0000) kl_rep_term 0.0004 (0.0004) kl_proj_rep_term 0.0000 (0.0000) kl_term 0.0004 (0.0004) kl_normalizer 50.0000 (50.0000) kl_beta 0.8837 (0.8837) lr 4.7586e-05 eta 0:03:20
epoch [46/50] batch [20/50] time 0.705 (0.791) data 0.000 (0.038) loss 0.0493 (0.0440) acc 100.0000 (100.0000) data_term 0.0489 (0.0436) raw_kl_rep 2266.9077 (2266.4730) raw_kl_proj_rep 0.0000 (0.0000) kl_rep_term 0.0004 (0.0004) kl_proj_rep_term 0.0000 (0.0000) kl_term 0.0004 (0.0004) kl_normalizer 50.0000 (50.0000) kl_beta 0.9070 (0.9070) lr 3.5112e-05 eta 0:03:02
epoch [46/50] batch [40/50] time 0.687 (0.770) data 0.000 (0.020) loss 0.0350 (0.0459) acc 100.0000 (100.0000) data_term 0.0346 (0.0455) raw_kl_rep 2269.5554 (2267.4148) raw_kl_proj_rep 0.0000 (0.0000) kl_rep_term 0.0004 (0.0004) kl_proj_rep_term 0.0000 (0.0000) kl_term 0.0004 (0.0004) kl_normalizer 50.0000 (50.0000) kl_beta 0.9070 (0.9070) lr 3.5112e-05 eta 0:02:41
epoch [47/50] batch [20/50] time 0.698 (0.675) data 0.000 (0.027) loss 0.0348 (0.0523) acc 100.0000 (99.8438) data_term 0.0344 (0.0518) raw_kl_rep 2269.5464 (2269.0564) raw_kl_proj_rep 0.0000 (0.0000) kl_rep_term 0.0004 (0.0004) kl_proj_rep_term 0.0000 (0.0000) kl_term 0.0004 (0.0004) kl_normalizer 50.0000 (50.0000) kl_beta 0.9302 (0.9302) lr 2.4472e-05 eta 0:02:01
epoch [47/50] batch [40/50] time 0.417 (0.661) data 0.000 (0.014) loss 0.0459 (0.0504) acc 100.0000 (99.8438) data_term 0.0455 (0.0500) raw_kl_rep 2272.0571 (2270.0213) raw_kl_proj_rep 0.0000 (0.0000) kl_rep_term 0.0004 (0.0004) kl_proj_rep_term 0.0000 (0.0000) kl_term 0.0004 (0.0004) kl_normalizer 50.0000 (50.0000) kl_beta 0.9302 (0.9302) lr 2.4472e-05 eta 0:01:45
epoch [48/50] batch [20/50] time 0.812 (0.709) data 0.000 (0.030) loss 0.0282 (0.0477) acc 100.0000 (99.8438) data_term 0.0277 (0.0473) raw_kl_rep 2270.9299 (2271.6312) raw_kl_proj_rep 0.0000 (0.0000) kl_rep_term 0.0004 (0.0004) kl_proj_rep_term 0.0000 (0.0000) kl_term 0.0004 (0.0004) kl_normalizer 50.0000 (50.0000) kl_beta 0.9535 (0.9535) lr 1.5708e-05 eta 0:01:32
epoch [48/50] batch [40/50] time 0.371 (0.666) data 0.000 (0.016) loss 0.0313 (0.0462) acc 100.0000 (99.9219) data_term 0.0309 (0.0458) raw_kl_rep 2270.4272 (2271.1406) raw_kl_proj_rep 0.0000 (0.0000) kl_rep_term 0.0004 (0.0004) kl_proj_rep_term 0.0000 (0.0000) kl_term 0.0004 (0.0004) kl_normalizer 50.0000 (50.0000) kl_beta 0.9535 (0.9535) lr 1.5708e-05 eta 0:01:13
epoch [49/50] batch [20/50] time 0.852 (0.704) data 0.001 (0.028) loss 0.0300 (0.0480) acc 100.0000 (99.6875) data_term 0.0296 (0.0476) raw_kl_rep 2269.4922 (2269.8205) raw_kl_proj_rep 0.0000 (0.0000) kl_rep_term 0.0004 (0.0004) kl_proj_rep_term 0.0000 (0.0000) kl_term 0.0004 (0.0004) kl_normalizer 50.0000 (50.0000) kl_beta 0.9767 (0.9767) lr 8.8564e-06 eta 0:00:56
epoch [49/50] batch [40/50] time 0.550 (0.659) data 0.000 (0.015) loss 0.2523 (0.0498) acc 96.8750 (99.7656) data_term 0.2519 (0.0493) raw_kl_rep 2268.9272 (2269.5206) raw_kl_proj_rep 0.0000 (0.0000) kl_rep_term 0.0004 (0.0004) kl_proj_rep_term 0.0000 (0.0000) kl_term 0.0004 (0.0004) kl_normalizer 50.0000 (50.0000) kl_beta 0.9767 (0.9767) lr 8.8564e-06 eta 0:00:39
epoch [50/50] batch [20/50] time 0.798 (0.830) data 0.001 (0.038) loss 0.0311 (0.0533) acc 100.0000 (99.8438) data_term 0.0307 (0.0529) raw_kl_rep 2268.4263 (2268.2883) raw_kl_proj_rep 0.0000 (0.0000) kl_rep_term 0.0005 (0.0005) kl_proj_rep_term 0.0000 (0.0000) kl_term 0.0005 (0.0005) kl_normalizer 50.0000 (50.0000) kl_beta 1.0000 (1.0000) lr 3.9426e-06 eta 0:00:24
epoch [50/50] batch [40/50] time 0.762 (0.794) data 0.000 (0.019) loss 0.0440 (0.0504) acc 100.0000 (99.9219) data_term 0.0435 (0.0499) raw_kl_rep 2268.3606 (2268.3538) raw_kl_proj_rep 0.0000 (0.0000) kl_rep_term 0.0005 (0.0005) kl_proj_rep_term 0.0000 (0.0000) kl_term 0.0005 (0.0005) kl_normalizer 50.0000 (50.0000) kl_beta 1.0000 (1.0000) lr 3.9426e-06 eta 0:00:07
Checkpoint saved to output_sweeps/bayes_mmrl_rep_tokens/coarse3/search_stage/BayesMMRL/FS/fewshot_train/caltech101/shots_16/ViT-B-16/rep_zero_sig-diagonal_pstd-0.01_kl-1e-5/seed1/refactor_model/model.pth.tar-50
Finish training
Deploy the last-epoch model
Evaluate on the *test* set
=> result
* total: 2,465
* correct: 2,382
* accuracy: 96.6%
* error: 3.4%
* macro_f1: 95.0%
=> structured result
* accuracy: 96.6329
* error: 3.3671
* macro_f1: 94.9582
* nll: 0.0990
* brier: 0.0498
* ece: 1.0988
Saved metrics JSON to output_sweeps/bayes_mmrl_rep_tokens/coarse3/search_stage/BayesMMRL/FS/fewshot_train/caltech101/shots_16/ViT-B-16/rep_zero_sig-diagonal_pstd-0.01_kl-1e-5/seed1/test_metrics.json
Saved metrics CSV to output_sweeps/bayes_mmrl_rep_tokens/coarse3/search_stage/BayesMMRL/FS/fewshot_train/caltech101/shots_16/ViT-B-16/rep_zero_sig-diagonal_pstd-0.01_kl-1e-5/seed1/test_metrics.csv
Saved calibration bins CSV to output_sweeps/bayes_mmrl_rep_tokens/coarse3/search_stage/BayesMMRL/FS/fewshot_train/caltech101/shots_16/ViT-B-16/rep_zero_sig-diagonal_pstd-0.01_kl-1e-5/seed1/test_calibration_bins.csv
Elapsed: 0:31:57
[cleanup] removed checkpoint dir: output_sweeps/bayes_mmrl_rep_tokens/coarse3/search_stage/BayesMMRL/FS/fewshot_train/caltech101/shots_16/ViT-B-16/rep_zero_sig-diagonal_pstd-0.01_kl-1e-5/seed1/refactor_model
