============================================================
开始时间: 2026-04-20 12:22:49
当前阶段: confirm00_baseline_mmrl_paper_fixed
GPU: 2
方法: MMRL
协议: FS
执行模式: online
数据集: oxford_pets
shots: 1
seed: 2
标签: confirm00_baseline_mmrl_paper_fixed
数据根目录: DATASETS
阶段输出根目录: output_sweeps/bayes_mmrl_search_seq_v3_two_stage/coarse3/confirm_stage
Backbone: ViT-B/16
============================================================
Setting fixed seed: 2
***************
** Arguments **
***************
dataset_config_file: configs/datasets/oxford_pets.yaml
eval_only: False
exec_mode: online
exp_config: 
load_epoch: None
method: MMRL
method_config_file: configs/methods/mmrl.yaml
model_dir: 
no_train: False
opts: ['DATASET.NUM_SHOTS', '1', 'DATASET.SUBSAMPLE_CLASSES', 'all', 'MODEL.BACKBONE.NAME', 'ViT-B/16', 'MMRL.ALPHA', '0.7', 'MMRL.REG_WEIGHT', '0.5', 'MMRL.N_REP_TOKENS', '5', 'MMRL.REP_LAYERS', '[6,7,8,9,10,11,12]', 'MMRL.REP_DIM', '512']
output_dir: output_sweeps/bayes_mmrl_search_seq_v3_two_stage/coarse3/confirm_stage/MMRL/FS/fewshot_train/oxford_pets/shots_1/ViT-B-16/confirm00_baseline_mmrl_paper_fixed/seed2
protocol: FS
protocol_config_file: configs/protocols/fs.yaml
root: DATASETS
runtime_config_file: configs/runtime/default.yaml
seed: 2
trainer: RefactorRunner
************
** Config **
************
BAYES_MMRL:
  ALPHA: 0.7
  BAYES_TARGET: rep_tokens
  CLIP_PRIOR_BLEND: 0.5
  CLIP_PRIOR_SCALE: 0.05
  EVAL_MODE: mc_predictive
  EVAL_USE_POSTERIOR_MEAN: False
  KL_WEIGHT: 0.0005
  N_MC_TEST: 5
  N_MC_TRAIN: 3
  N_REP_TOKENS: 5
  POSTERIOR_RHO_INIT: -3.9
  PREC: amp
  PRIOR_STD: 0.05
  PROJ_REP_INIT_MODE: pretrained_mean
  PROJ_REP_INIT_STD: 0.0
  PROJ_REP_KL_WEIGHT: 1e-06
  PROJ_REP_POSTERIOR_RHO_INIT: -5.5
  PROJ_REP_PRIOR_STD: 0.01
  PROJ_REP_SIGMA_MODE: row
  REG_WEIGHT: 1.0
  REP_DIM: 512
  REP_INIT_MODE: normal
  REP_INIT_STD: 0.02
  REP_KL_WEIGHT: 0.0005
  REP_LAYERS: [6, 7, 8, 9, 10, 11, 12]
  REP_POSTERIOR_RHO_INIT: -3.9
  REP_PRIOR_MODE: zero
  REP_PRIOR_STD: 0.05
  REP_SIGMA_MODE: per_token
  SIGMA_MODE: per_token
CLIP_ADAPTERS:
  ALLOW_CACHE: True
  CONSTRAINT: none
  ENHANCED_BASE: none
  INIT: ZS
  KL_WEIGHT: 0.0001
  N_SAMPLES: 3
  PREC: fp32
  TYPE: MP
DATALOADER:
  K_TRANSFORMS: 1
  NUM_WORKERS: 8
  RETURN_IMG0: False
  TEST:
    BATCH_SIZE: 250
    SAMPLER: SequentialSampler
  TRAIN_U:
    BATCH_SIZE: 32
    N_DOMAIN: 0
    N_INS: 16
    SAME_AS_X: True
    SAMPLER: RandomSampler
  TRAIN_X:
    BATCH_SIZE: 32
    N_DOMAIN: 0
    N_INS: 16
    SAMPLER: RandomSampler
DATASET:
  ALL_AS_UNLABELED: False
  CIFAR_C_LEVEL: 1
  CIFAR_C_TYPE: 
  NAME: OxfordPets
  NUM_LABELED: -1
  NUM_SHOTS: 1
  ROOT: DATASETS
  SOURCE_DOMAINS: ()
  STL10_FOLD: -1
  SUBSAMPLE_CLASSES: all
  TARGET_DOMAINS: ()
  VAL_PERCENT: 0.1
INPUT:
  COLORJITTER_B: 0.4
  COLORJITTER_C: 0.4
  COLORJITTER_H: 0.1
  COLORJITTER_S: 0.4
  CROP_PADDING: 4
  CUTOUT_LEN: 16
  CUTOUT_N: 1
  GB_K: 21
  GB_P: 0.5
  GN_MEAN: 0.0
  GN_STD: 0.15
  INTERPOLATION: bicubic
  NO_TRANSFORM: False
  PIXEL_MEAN: [0.48145466, 0.4578275, 0.40821073]
  PIXEL_STD: [0.26862954, 0.26130258, 0.27577711]
  RANDAUGMENT_M: 10
  RANDAUGMENT_N: 2
  RGS_P: 0.2
  RRCROP_SCALE: (0.5, 1)
  SIZE: (224, 224)
  TRANSFORMS: ('random_resized_crop', 'random_flip', 'normalize')
METHOD:
  EXEC_MODE: online
  FAMILY: internal_adaptation
  NAME: MMRL
  TAG: default
MMRL:
  ALPHA: 0.7
  N_REP_TOKENS: 5
  PREC: amp
  REG_WEIGHT: 0.2
  REP_DIM: 512
  REP_LAYERS: [6, 7, 8, 9, 10, 11, 12]
MMRLPP:
  ALPHA: 0.7
  BETA: 0.9
  N_REP_TOKENS: 5
  PREC: amp
  PROJ_LORA_DIM: 64
  REG_WEIGHT: 1.0
  REP_DIM: 512
  REP_LAYERS: [6, 7, 8, 9, 10, 11, 12]
  RES_LORA_DIM: 4
MMRL_MIX:
  ALPHA: 0.7
  LOSS_FUSE_WEIGHT: 0.2
  LOSS_MAIN_WEIGHT: 1.0
  LOSS_REP_WEIGHT: 1.0
  N_REP_TOKENS: 5
  PREC: amp
  REG_WEIGHT: 1.0
  REP_DIM: 512
  REP_LAYERS: [6, 7, 8, 9, 10, 11, 12]
MODEL:
  BACKBONE:
    NAME: ViT-B/16
    PRETRAINED: True
  HEAD:
    ACTIVATION: relu
    BN: True
    DROPOUT: 0.0
    HIDDEN_LAYERS: ()
    NAME: 
  INIT_WEIGHTS: 
OPTIM:
  ADAM_BETA1: 0.9
  ADAM_BETA2: 0.999
  BASE_LR_MULT: 0.1
  GAMMA: 0.1
  LR: 0.001
  LR_SCHEDULER: cosine
  MAX_EPOCH: 50
  MOMENTUM: 0.9
  NAME: adamw
  NEW_LAYERS: ()
  RMSPROP_ALPHA: 0.99
  SGD_DAMPNING: 0
  SGD_NESTEROV: False
  STAGED_LR: False
  STEPSIZE: (-1,)
  WARMUP_CONS_LR: 1e-05
  WARMUP_EPOCH: 1
  WARMUP_MIN_LR: 1e-05
  WARMUP_RECOUNT: True
  WARMUP_TYPE: constant
  WEIGHT_DECAY: 0.0005
OUTPUT_DIR: output_sweeps/bayes_mmrl_search_seq_v3_two_stage/coarse3/confirm_stage/MMRL/FS/fewshot_train/oxford_pets/shots_1/ViT-B-16/confirm00_baseline_mmrl_paper_fixed/seed2
PROTOCOL:
  NAME: FS
  PHASE: fewshot_train
RESUME: 
RUNTIME:
  OUTPUT_ROOT: output_refactor
  USE_DASSL_TRAINER_BRIDGE: True
SEED: 2
TASK: FS
TEST:
  COMPUTE_CMAT: False
  EVALUATOR: Classification
  FINAL_MODEL: last_step
  NO_TEST: False
  PER_CLASS_RESULT: False
  SPLIT: test
TRAIN:
  CHECKPOINT_FREQ: 0
  COUNT_ITER: train_x
  PRINT_FREQ: 20
TRAINER:
  BayesMMRL:
    ALPHA: 0.7
    BAYES_TARGET: rep_tokens
    CLIP_PRIOR_BLEND: 0.5
    CLIP_PRIOR_SCALE: 0.05
    EVAL_MODE: mc_predictive
    EVAL_USE_POSTERIOR_MEAN: False
    KL_WEIGHT: 0.0005
    N_MC_TEST: 5
    N_MC_TRAIN: 3
    N_REP_TOKENS: 5
    POSTERIOR_RHO_INIT: -3.9
    PREC: amp
    PRIOR_STD: 0.05
    PROJ_REP_INIT_MODE: pretrained_mean
    PROJ_REP_INIT_STD: 0.0
    PROJ_REP_KL_WEIGHT: 1e-06
    PROJ_REP_POSTERIOR_RHO_INIT: -5.5
    PROJ_REP_PRIOR_STD: 0.01
    PROJ_REP_SIGMA_MODE: row
    REG_WEIGHT: 1.0
    REP_DIM: 512
    REP_INIT_MODE: normal
    REP_INIT_STD: 0.02
    REP_KL_WEIGHT: 0.0005
    REP_LAYERS: [6, 7, 8, 9, 10, 11, 12]
    REP_POSTERIOR_RHO_INIT: -3.9
    REP_PRIOR_MODE: zero
    REP_PRIOR_STD: 0.05
    REP_SIGMA_MODE: per_token
    SIGMA_MODE: per_token
  CDAC:
    CLASS_LR_MULTI: 10
    P_THRESH: 0.95
    RAMPUP_COEF: 30
    RAMPUP_ITRS: 1000
    STRONG_TRANSFORMS: ()
    TOPK_MATCH: 5
  CROSSGRAD:
    ALPHA_D: 0.5
    ALPHA_F: 0.5
    EPS_D: 1.0
    EPS_F: 1.0
  ClipADAPTER:
    ALLOW_CACHE: True
    CONSTRAINT: none
    ENHANCED_BASE: none
    INIT: ZS
    PREC: fp32
    TYPE: MP
  DAEL:
    CONF_THRE: 0.95
    STRONG_TRANSFORMS: ()
    WEIGHT_U: 0.5
  DAELDG:
    CONF_THRE: 0.95
    STRONG_TRANSFORMS: ()
    WEIGHT_U: 0.5
  DDAIG:
    ALPHA: 0.5
    CLAMP: False
    CLAMP_MAX: 1.0
    CLAMP_MIN: -1.0
    G_ARCH: 
    LMDA: 0.3
    WARMUP: 0
  DOMAINMIX:
    ALPHA: 1.0
    BETA: 1.0
    TYPE: crossdomain
  ENTMIN:
    LMDA: 0.001
  FIXMATCH:
    CONF_THRE: 0.95
    STRONG_TRANSFORMS: ()
    WEIGHT_U: 1.0
  M3SDA:
    LMDA: 0.5
    N_STEP_F: 4
  MCD:
    N_STEP_F: 4
  MEANTEACHER:
    EMA_ALPHA: 0.999
    RAMPUP: 5
    WEIGHT_U: 1.0
  MIXMATCH:
    MIXUP_BETA: 0.75
    RAMPUP: 20000
    TEMP: 2.0
    WEIGHT_U: 100.0
  MME:
    LMDA: 0.1
  MMRL:
    ALPHA: 0.7
    N_REP_TOKENS: 5
    PREC: amp
    REG_WEIGHT: 0.2
    REP_DIM: 512
    REP_LAYERS: [6, 7, 8, 9, 10, 11, 12]
  MMRLMix:
    ALPHA: 0.7
    LOSS_FUSE_WEIGHT: 0.2
    LOSS_MAIN_WEIGHT: 1.0
    LOSS_REP_WEIGHT: 1.0
    N_REP_TOKENS: 5
    PREC: amp
    REG_WEIGHT: 1.0
    REP_DIM: 512
    REP_LAYERS: [6, 7, 8, 9, 10, 11, 12]
  MMRLpp:
    ALPHA: 0.7
    BETA: 0.9
    N_REP_TOKENS: 5
    PREC: amp
    PROJ_LORA_DIM: 64
    REG_WEIGHT: 1.0
    REP_DIM: 512
    REP_LAYERS: [6, 7, 8, 9, 10, 11, 12]
    RES_LORA_DIM: 4
  NAME: RefactorRunner
  SE:
    CONF_THRE: 0.95
    EMA_ALPHA: 0.999
    RAMPUP: 300
USE_CUDA: True
VERBOSE: True
VERSION: 1
Collecting env info ...
/root/miniconda3/envs/mmrl/lib/python3.10/site-packages/torch/optim/lr_scheduler.py:60: UserWarning: The verbose parameter is deprecated. Please use get_last_lr() to access the learning rate.
  warnings.warn(
/root/autodl-tmp/MMRL/trainers/refactor_runner.py:52: FutureWarning: `torch.cuda.amp.GradScaler(args...)` is deprecated. Please use `torch.amp.GradScaler('cuda', args...)` instead.
  self.scaler = GradScaler() if prec == "amp" else None
** System info **
PyTorch version: 2.4.0+cu121
Is debug build: False
CUDA used to build PyTorch: 12.1
ROCM used to build PyTorch: N/A

OS: Ubuntu 22.04.1 LTS (x86_64)
GCC version: (Ubuntu 11.3.0-1ubuntu1~22.04) 11.3.0
Clang version: Could not collect
CMake version: version 3.22.1
Libc version: glibc-2.35

Python version: 3.10.20 (main, Mar 11 2026, 17:46:40) [GCC 14.3.0] (64-bit runtime)
Python platform: Linux-5.15.0-153-generic-x86_64-with-glibc2.35
Is CUDA available: True
CUDA runtime version: 11.8.89
CUDA_MODULE_LOADING set to: LAZY
GPU models and configuration: 
GPU 0: NVIDIA vGPU-48GB
GPU 1: NVIDIA vGPU-48GB
GPU 2: NVIDIA vGPU-48GB

Nvidia driver version: 580.76.05
cuDNN version: Probably one of the following:
/usr/lib/x86_64-linux-gnu/libcudnn.so.8.6.0
/usr/lib/x86_64-linux-gnu/libcudnn_adv_infer.so.8.6.0
/usr/lib/x86_64-linux-gnu/libcudnn_adv_train.so.8.6.0
/usr/lib/x86_64-linux-gnu/libcudnn_cnn_infer.so.8.6.0
/usr/lib/x86_64-linux-gnu/libcudnn_cnn_train.so.8.6.0
/usr/lib/x86_64-linux-gnu/libcudnn_ops_infer.so.8.6.0
/usr/lib/x86_64-linux-gnu/libcudnn_ops_train.so.8.6.0
HIP runtime version: N/A
MIOpen runtime version: N/A
Is XNNPACK available: True

CPU:
Architecture:                            x86_64
CPU op-mode(s):                          32-bit, 64-bit
Address sizes:                           46 bits physical, 57 bits virtual
Byte Order:                              Little Endian
CPU(s):                                  128
On-line CPU(s) list:                     0-127
Vendor ID:                               GenuineIntel
Model name:                              Intel(R) Xeon(R) Gold 6459C
CPU family:                              6
Model:                                   143
Thread(s) per core:                      2
Core(s) per socket:                      32
Socket(s):                               2
Stepping:                                8
Frequency boost:                         enabled
CPU max MHz:                             3900.0000
CPU min MHz:                             800.0000
BogoMIPS:                                6000.00
Flags:                                   fpu vme de pse tsc msr pae mce cx8 apic sep mtrr pge mca cmov pat pse36 clflush dts acpi mmx fxsr sse sse2 ss ht tm pbe syscall nx pdpe1gb rdtscp lm constant_tsc art arch_perfmon pebs bts rep_good nopl xtopology nonstop_tsc cpuid aperfmperf tsc_known_freq pni pclmulqdq dtes64 monitor ds_cpl vmx smx est tm2 ssse3 sdbg fma cx16 xtpr pdcm pcid dca sse4_1 sse4_2 x2apic movbe popcnt tsc_deadline_timer aes xsave avx f16c rdrand lahf_lm abm 3dnowprefetch cpuid_fault epb cat_l3 cat_l2 cdp_l3 invpcid_single intel_ppin cdp_l2 ssbd mba ibrs ibpb stibp ibrs_enhanced tpr_shadow vnmi flexpriority ept vpid ept_ad fsgsbase tsc_adjust bmi1 avx2 smep bmi2 erms invpcid cqm rdt_a avx512f avx512dq rdseed adx smap avx512ifma clflushopt clwb intel_pt avx512cd sha_ni avx512bw avx512vl xsaveopt xsavec xgetbv1 xsaves cqm_llc cqm_occup_llc cqm_mbm_total cqm_mbm_local split_lock_detect avx_vnni avx512_bf16 wbnoinvd dtherm ida arat pln pts avx512vbmi umip pku ospke waitpkg avx512_vbmi2 gfni vaes vpclmulqdq avx512_vnni avx512_bitalg tme avx512_vpopcntdq la57 rdpid bus_lock_detect cldemote movdiri movdir64b enqcmd fsrm md_clear serialize tsxldtrk pconfig arch_lbr amx_bf16 avx512_fp16 amx_tile amx_int8 flush_l1d arch_capabilities
Virtualization:                          VT-x
L1d cache:                               3 MiB (64 instances)
L1i cache:                               2 MiB (64 instances)
L2 cache:                                128 MiB (64 instances)
L3 cache:                                120 MiB (2 instances)
NUMA node(s):                            2
NUMA node0 CPU(s):                       0-31,64-95
NUMA node1 CPU(s):                       32-63,96-127
Vulnerability Gather data sampling:      Not affected
Vulnerability Indirect target selection: Not affected
Vulnerability Itlb multihit:             Not affected
Vulnerability L1tf:                      Not affected
Vulnerability Mds:                       Not affected
Vulnerability Meltdown:                  Not affected
Vulnerability Mmio stale data:           Not affected
Vulnerability Reg file data sampling:    Not affected
Vulnerability Retbleed:                  Not affected
Vulnerability Spec rstack overflow:      Not affected
Vulnerability Spec store bypass:         Mitigation; Speculative Store Bypass disabled via prctl and seccomp
Vulnerability Spectre v1:                Mitigation; usercopy/swapgs barriers and __user pointer sanitization
Vulnerability Spectre v2:                Mitigation; Enhanced / Automatic IBRS; IBPB disabled; PBRSB-eIBRS SW sequence; BHI BHI_DIS_S
Vulnerability Srbds:                     Not affected
Vulnerability Tsx async abort:           Not affected

Versions of relevant libraries:
[pip3] flake8==3.7.9
[pip3] numpy==2.2.6
[pip3] torch==2.4.0
[pip3] torchaudio==2.4.0
[pip3] torchvision==0.19.0
[pip3] triton==3.0.0
[conda] numpy                     2.2.6                    pypi_0    pypi
[conda] torch                     2.4.0                    pypi_0    pypi
[conda] torchaudio                2.4.0                    pypi_0    pypi
[conda] torchvision               0.19.0                   pypi_0    pypi
[conda] triton                    3.0.0                    pypi_0    pypi
        Pillow (12.2.0)

Loading trainer: RefactorRunner
Loading dataset: OxfordPets
Reading split from /root/autodl-tmp/MMRL/DATASETS/oxford_pets/split_zhou_OxfordPets.json
Loading preprocessed few-shot data from /root/autodl-tmp/MMRL/DATASETS/oxford_pets/split_fewshot/shot_1-seed_2.pkl
Building transform_train
+ random resized crop (size=(224, 224), scale=(0.5, 1))
+ random flip
+ to torch tensor of range [0, 1]
+ normalization (mean=[0.48145466, 0.4578275, 0.40821073], std=[0.26862954, 0.26130258, 0.27577711])
Building transform_test
+ resize the smaller edge to 224
+ 224x224 center crop
+ to torch tensor of range [0, 1]
+ normalization (mean=[0.48145466, 0.4578275, 0.40821073], std=[0.26862954, 0.26130258, 0.27577711])
---------  ----------
Dataset    OxfordPets
# classes  37
# train_x  37
# val      37
# test     3,669
---------  ----------
[MMRL] trainable params: {'representation_learner.compound_rep_tokens_r2tproj.2.weight', 'representation_learner.compound_rep_tokens_r2tproj.6.weight', 'representation_learner.compound_rep_tokens_r2tproj.6.bias', 'representation_learner.compound_rep_tokens_r2vproj.2.weight', 'representation_learner.compound_rep_tokens_r2vproj.0.weight', 'representation_learner.compound_rep_tokens_r2tproj.1.weight', 'representation_learner.compound_rep_tokens_r2vproj.2.bias', 'representation_learner.compound_rep_tokens_r2tproj.3.bias', 'representation_learner.compound_rep_tokens_r2vproj.3.bias', 'representation_learner.compound_rep_tokens_r2vproj.5.weight', 'representation_learner.compound_rep_tokens_r2vproj.6.weight', 'representation_learner.compound_rep_tokens_r2tproj.4.weight', 'representation_learner.compound_rep_tokens_r2tproj.5.bias', 'representation_learner.compound_rep_tokens_r2tproj.5.weight', 'representation_learner.compound_rep_tokens_r2tproj.2.bias', 'representation_learner.compound_rep_tokens_r2tproj.0.bias', 'representation_learner.compound_rep_tokens_r2vproj.0.bias', 'representation_learner.compound_rep_tokens_r2vproj.4.weight', 'representation_learner.compound_rep_tokens_r2tproj.4.bias', 'representation_learner.compound_rep_tokens_r2vproj.6.bias', 'representation_learner.compound_rep_tokens_r2vproj.4.bias', 'representation_learner.compound_rep_tokens', 'representation_learner.compound_rep_tokens_r2vproj.3.weight', 'image_encoder.proj_rep', 'representation_learner.compound_rep_tokens_r2tproj.0.weight', 'representation_learner.compound_rep_tokens_r2vproj.1.bias', 'representation_learner.compound_rep_tokens_r2tproj.3.weight', 'representation_learner.compound_rep_tokens_r2vproj.1.weight', 'representation_learner.compound_rep_tokens_r2tproj.1.bias', 'representation_learner.compound_rep_tokens_r2vproj.5.bias'}
Loading evaluator: Classification
No checkpoint found, train from scratch
Initialize tensorboard (log_dir=output_sweeps/bayes_mmrl_search_seq_v3_two_stage/coarse3/confirm_stage/MMRL/FS/fewshot_train/oxford_pets/shots_1/ViT-B-16/confirm00_baseline_mmrl_paper_fixed/seed2/tensorboard)
/root/autodl-tmp/MMRL/executors/online_executor.py:24: FutureWarning: `torch.cuda.amp.autocast(args...)` is deprecated. Please use `torch.amp.autocast('cuda', args...)` instead.
  with autocast():
/root/miniconda3/envs/mmrl/lib/python3.10/site-packages/torch/optim/lr_scheduler.py:216: UserWarning: Detected call of `lr_scheduler.step()` before `optimizer.step()`. In PyTorch 1.1.0 and later, you should call them in the opposite order: `optimizer.step()` before `lr_scheduler.step()`.  Failure to do this will result in PyTorch skipping the first value of the learning rate schedule. See more details at https://pytorch.org/docs/stable/optim.html#how-to-adjust-learning-rate
  warnings.warn(
epoch [1/50] batch [1/1] time 0.962 (0.962) data 0.558 (0.558) loss 2.5848 (2.5848) acc 75.0000 (75.0000) lr 1.0000e-03 eta 0:00:47
epoch [2/50] batch [1/1] time 0.471 (0.471) data 0.412 (0.412) loss 2.4708 (2.4708) acc 68.7500 (68.7500) lr 9.9901e-04 eta 0:00:22
epoch [3/50] batch [1/1] time 0.599 (0.599) data 0.490 (0.490) loss 2.6563 (2.6563) acc 56.2500 (56.2500) lr 9.9606e-04 eta 0:00:28
epoch [4/50] batch [1/1] time 0.507 (0.507) data 0.439 (0.439) loss 2.4556 (2.4556) acc 59.3750 (59.3750) lr 9.9114e-04 eta 0:00:23
epoch [5/50] batch [1/1] time 0.494 (0.494) data 0.435 (0.435) loss 2.0472 (2.0472) acc 81.2500 (81.2500) lr 9.8429e-04 eta 0:00:22
epoch [6/50] batch [1/1] time 0.485 (0.485) data 0.425 (0.425) loss 1.9629 (1.9629) acc 75.0000 (75.0000) lr 9.7553e-04 eta 0:00:21
epoch [7/50] batch [1/1] time 0.500 (0.500) data 0.440 (0.440) loss 1.5206 (1.5206) acc 84.3750 (84.3750) lr 9.6489e-04 eta 0:00:21
epoch [8/50] batch [1/1] time 0.477 (0.477) data 0.417 (0.417) loss 1.1605 (1.1605) acc 90.6250 (90.6250) lr 9.5241e-04 eta 0:00:20
epoch [9/50] batch [1/1] time 0.504 (0.504) data 0.445 (0.445) loss 0.9224 (0.9224) acc 96.8750 (96.8750) lr 9.3815e-04 eta 0:00:20
epoch [10/50] batch [1/1] time 0.487 (0.487) data 0.426 (0.426) loss 0.9297 (0.9297) acc 87.5000 (87.5000) lr 9.2216e-04 eta 0:00:19
epoch [11/50] batch [1/1] time 0.477 (0.477) data 0.415 (0.415) loss 0.6309 (0.6309) acc 100.0000 (100.0000) lr 9.0451e-04 eta 0:00:18
epoch [12/50] batch [1/1] time 0.448 (0.448) data 0.388 (0.388) loss 0.5651 (0.5651) acc 93.7500 (93.7500) lr 8.8526e-04 eta 0:00:17
epoch [13/50] batch [1/1] time 0.477 (0.477) data 0.417 (0.417) loss 0.4154 (0.4154) acc 100.0000 (100.0000) lr 8.6448e-04 eta 0:00:17
epoch [14/50] batch [1/1] time 0.449 (0.449) data 0.389 (0.389) loss 0.2781 (0.2781) acc 100.0000 (100.0000) lr 8.4227e-04 eta 0:00:16
epoch [15/50] batch [1/1] time 0.486 (0.486) data 0.426 (0.426) loss 0.2732 (0.2732) acc 96.8750 (96.8750) lr 8.1871e-04 eta 0:00:16
epoch [16/50] batch [1/1] time 0.460 (0.460) data 0.401 (0.401) loss 0.1962 (0.1962) acc 100.0000 (100.0000) lr 7.9389e-04 eta 0:00:15
epoch [17/50] batch [1/1] time 0.522 (0.522) data 0.461 (0.461) loss 0.1627 (0.1627) acc 100.0000 (100.0000) lr 7.6791e-04 eta 0:00:17
epoch [18/50] batch [1/1] time 0.476 (0.476) data 0.414 (0.414) loss 0.1477 (0.1477) acc 100.0000 (100.0000) lr 7.4088e-04 eta 0:00:15
epoch [19/50] batch [1/1] time 0.482 (0.482) data 0.417 (0.417) loss 0.1371 (0.1371) acc 100.0000 (100.0000) lr 7.1289e-04 eta 0:00:14
epoch [20/50] batch [1/1] time 0.483 (0.483) data 0.423 (0.423) loss 0.1030 (0.1030) acc 100.0000 (100.0000) lr 6.8406e-04 eta 0:00:14
epoch [21/50] batch [1/1] time 0.463 (0.463) data 0.404 (0.404) loss 0.1057 (0.1057) acc 100.0000 (100.0000) lr 6.5451e-04 eta 0:00:13
epoch [22/50] batch [1/1] time 0.492 (0.492) data 0.432 (0.432) loss 0.1028 (0.1028) acc 100.0000 (100.0000) lr 6.2434e-04 eta 0:00:13
epoch [23/50] batch [1/1] time 0.501 (0.501) data 0.439 (0.439) loss 0.0845 (0.0845) acc 100.0000 (100.0000) lr 5.9369e-04 eta 0:00:13
epoch [24/50] batch [1/1] time 0.466 (0.466) data 0.406 (0.406) loss 0.0639 (0.0639) acc 100.0000 (100.0000) lr 5.6267e-04 eta 0:00:12
epoch [25/50] batch [1/1] time 0.475 (0.475) data 0.415 (0.415) loss 0.0680 (0.0680) acc 100.0000 (100.0000) lr 5.3140e-04 eta 0:00:11
epoch [26/50] batch [1/1] time 0.491 (0.491) data 0.431 (0.431) loss 0.0576 (0.0576) acc 100.0000 (100.0000) lr 5.0000e-04 eta 0:00:11
epoch [27/50] batch [1/1] time 0.489 (0.489) data 0.429 (0.429) loss 0.0629 (0.0629) acc 100.0000 (100.0000) lr 4.6860e-04 eta 0:00:11
epoch [28/50] batch [1/1] time 0.505 (0.505) data 0.445 (0.445) loss 0.0571 (0.0571) acc 100.0000 (100.0000) lr 4.3733e-04 eta 0:00:11
epoch [29/50] batch [1/1] time 0.488 (0.488) data 0.428 (0.428) loss 0.0552 (0.0552) acc 100.0000 (100.0000) lr 4.0631e-04 eta 0:00:10
epoch [30/50] batch [1/1] time 0.491 (0.491) data 0.430 (0.430) loss 0.0529 (0.0529) acc 100.0000 (100.0000) lr 3.7566e-04 eta 0:00:09
epoch [31/50] batch [1/1] time 0.556 (0.556) data 0.493 (0.493) loss 0.0504 (0.0504) acc 100.0000 (100.0000) lr 3.4549e-04 eta 0:00:10
epoch [32/50] batch [1/1] time 0.498 (0.498) data 0.438 (0.438) loss 0.0475 (0.0475) acc 100.0000 (100.0000) lr 3.1594e-04 eta 0:00:08
epoch [33/50] batch [1/1] time 0.464 (0.464) data 0.403 (0.403) loss 0.0444 (0.0444) acc 100.0000 (100.0000) lr 2.8711e-04 eta 0:00:07
epoch [34/50] batch [1/1] time 0.456 (0.456) data 0.395 (0.395) loss 0.0464 (0.0464) acc 100.0000 (100.0000) lr 2.5912e-04 eta 0:00:07
epoch [35/50] batch [1/1] time 0.443 (0.443) data 0.384 (0.384) loss 0.0456 (0.0456) acc 100.0000 (100.0000) lr 2.3209e-04 eta 0:00:06
epoch [36/50] batch [1/1] time 0.468 (0.468) data 0.408 (0.408) loss 0.0431 (0.0431) acc 100.0000 (100.0000) lr 2.0611e-04 eta 0:00:06
epoch [37/50] batch [1/1] time 0.468 (0.468) data 0.408 (0.408) loss 0.0447 (0.0447) acc 100.0000 (100.0000) lr 1.8129e-04 eta 0:00:06
epoch [38/50] batch [1/1] time 0.481 (0.481) data 0.420 (0.420) loss 0.0467 (0.0467) acc 100.0000 (100.0000) lr 1.5773e-04 eta 0:00:05
epoch [39/50] batch [1/1] time 0.472 (0.472) data 0.412 (0.412) loss 0.0401 (0.0401) acc 100.0000 (100.0000) lr 1.3552e-04 eta 0:00:05
epoch [40/50] batch [1/1] time 0.510 (0.510) data 0.448 (0.448) loss 0.0396 (0.0396) acc 100.0000 (100.0000) lr 1.1474e-04 eta 0:00:05
epoch [41/50] batch [1/1] time 0.507 (0.507) data 0.445 (0.445) loss 0.0410 (0.0410) acc 100.0000 (100.0000) lr 9.5492e-05 eta 0:00:04
epoch [42/50] batch [1/1] time 0.493 (0.493) data 0.430 (0.430) loss 0.0599 (0.0599) acc 100.0000 (100.0000) lr 7.7836e-05 eta 0:00:03
epoch [43/50] batch [1/1] time 0.506 (0.506) data 0.442 (0.442) loss 0.0397 (0.0397) acc 100.0000 (100.0000) lr 6.1847e-05 eta 0:00:03
epoch [44/50] batch [1/1] time 0.531 (0.531) data 0.468 (0.468) loss 0.0472 (0.0472) acc 100.0000 (100.0000) lr 4.7586e-05 eta 0:00:03
epoch [45/50] batch [1/1] time 0.526 (0.526) data 0.467 (0.467) loss 0.0514 (0.0514) acc 100.0000 (100.0000) lr 3.5112e-05 eta 0:00:02
epoch [46/50] batch [1/1] time 0.502 (0.502) data 0.440 (0.440) loss 0.0416 (0.0416) acc 100.0000 (100.0000) lr 2.4472e-05 eta 0:00:02
epoch [47/50] batch [1/1] time 0.527 (0.527) data 0.465 (0.465) loss 0.0385 (0.0385) acc 100.0000 (100.0000) lr 1.5708e-05 eta 0:00:01
epoch [48/50] batch [1/1] time 0.504 (0.504) data 0.441 (0.441) loss 0.0390 (0.0390) acc 100.0000 (100.0000) lr 8.8564e-06 eta 0:00:01
epoch [49/50] batch [1/1] time 0.511 (0.511) data 0.447 (0.447) loss 0.0409 (0.0409) acc 100.0000 (100.0000) lr 3.9426e-06 eta 0:00:00
epoch [50/50] batch [1/1] time 0.472 (0.472) data 0.412 (0.412) loss 0.0417 (0.0417) acc 100.0000 (100.0000) lr 9.8664e-07 eta 0:00:00
Checkpoint saved to output_sweeps/bayes_mmrl_search_seq_v3_two_stage/coarse3/confirm_stage/MMRL/FS/fewshot_train/oxford_pets/shots_1/ViT-B-16/confirm00_baseline_mmrl_paper_fixed/seed2/refactor_model/model.pth.tar-50
Finish training
Deploy the last-epoch model
Evaluate on the *test* set
=> result
* total: 3,669
* correct: 3,329
* accuracy: 90.7%
* error: 9.3%
* macro_f1: 90.6%
=> structured result
* accuracy: 90.7332
* error: 9.2668
* macro_f1: 90.6459
* nll: 0.2613
* brier: 0.1370
* ece: 0.9785
Saved metrics JSON to output_sweeps/bayes_mmrl_search_seq_v3_two_stage/coarse3/confirm_stage/MMRL/FS/fewshot_train/oxford_pets/shots_1/ViT-B-16/confirm00_baseline_mmrl_paper_fixed/seed2/test_metrics.json
Saved metrics CSV to output_sweeps/bayes_mmrl_search_seq_v3_two_stage/coarse3/confirm_stage/MMRL/FS/fewshot_train/oxford_pets/shots_1/ViT-B-16/confirm00_baseline_mmrl_paper_fixed/seed2/test_metrics.csv
Saved calibration bins CSV to output_sweeps/bayes_mmrl_search_seq_v3_two_stage/coarse3/confirm_stage/MMRL/FS/fewshot_train/oxford_pets/shots_1/ViT-B-16/confirm00_baseline_mmrl_paper_fixed/seed2/test_calibration_bins.csv
Elapsed: 0:00:36
[清理] 测试已完成，已删除 checkpoint 目录: output_sweeps/bayes_mmrl_search_seq_v3_two_stage/coarse3/confirm_stage/MMRL/FS/fewshot_train/oxford_pets/shots_1/ViT-B-16/confirm00_baseline_mmrl_paper_fixed/seed2/refactor_model
