============================================================
开始时间: 2026-04-21 06:06:03
当前阶段: stage50_schemeB_clip_joint_prior_after_alpha
GPU: 2
方法: BayesMMRL
协议: FS
执行模式: online
数据集: caltech101
shots: 16
seed: 1
标签: B_sig-global_pstd-0.05_kl-5e-4_blend-0.5_scale-0.05
数据根目录: DATASETS
阶段输出根目录: output_sweeps/bayes_mmrl_search_current/coarse3/search_stage
Backbone: ViT-B/16
============================================================
[当前执行] B | dataset=caltech101 | shot=16 | seed=1 | tag=B_sig-global_pstd-0.05_kl-5e-4_blend-0.5_scale-0.05
[说明] 当前使用固定 MMRL 主体超参，只搜索 Bayes 参数
[说明] EVAL_MODE=mc_predictive, EVAL_AGGREGATION=logit_mean
[说明] KL_WARMUP_EPOCHS=5
Setting fixed seed: 1
***************
** Arguments **
***************
dataset_config_file: configs/datasets/caltech101.yaml
eval_only: False
exec_mode: online
exp_config: 
load_epoch: None
method: BayesMMRL
method_config_file: configs/methods/bayesmmrl.yaml
model_dir: 
no_train: False
opts: ['DATASET.NUM_SHOTS', '16', 'DATASET.SUBSAMPLE_CLASSES', 'all', 'MODEL.BACKBONE.NAME', 'ViT-B/16', 'BAYES_MMRL.ALPHA', '0.7', 'BAYES_MMRL.REG_WEIGHT', '0.5', 'BAYES_MMRL.N_REP_TOKENS', '5', 'BAYES_MMRL.REP_LAYERS', '[6,7,8,9,10,11,12]', 'BAYES_MMRL.REP_DIM', '512', 'BAYES_MMRL.N_MC_TRAIN', '3', 'BAYES_MMRL.N_MC_TEST', '10', 'BAYES_MMRL.EVAL_MODE', 'mc_predictive', 'BAYES_MMRL.EVAL_USE_POSTERIOR_MEAN', 'False', 'BAYES_MMRL.EVAL_AGGREGATION', 'logit_mean', 'BAYES_MMRL.KL_WARMUP_EPOCHS', '5', 'BAYES_MMRL.BAYES_TARGET', 'rep_tokens', 'BAYES_MMRL.REP_PRIOR_MODE', 'clip_joint', 'BAYES_MMRL.REP_SIGMA_MODE', 'global', 'BAYES_MMRL.REP_PRIOR_STD', '0.05', 'BAYES_MMRL.REP_KL_WEIGHT', '5e-4', 'BAYES_MMRL.CLIP_PRIOR_BLEND', '0.5', 'BAYES_MMRL.CLIP_PRIOR_SCALE', '0.05', 'BAYES_MMRL.ALPHA', '0.7']
output_dir: output_sweeps/bayes_mmrl_search_current/coarse3/search_stage/BayesMMRL/FS/fewshot_train/caltech101/shots_16/ViT-B-16/B_sig-global_pstd-0.05_kl-5e-4_blend-0.5_scale-0.05/seed1
protocol: FS
protocol_config_file: configs/protocols/fs.yaml
root: DATASETS
runtime_config_file: configs/runtime/default.yaml
seed: 1
trainer: RefactorRunner
************
** Config **
************
BAYES_MMRL:
  ALPHA: 0.7
  BAYES_TARGET: rep_tokens
  CLIP_PRIOR_BLEND: 0.5
  CLIP_PRIOR_SCALE: 0.05
  EVAL_AGGREGATION: logit_mean
  EVAL_MODE: mc_predictive
  EVAL_USE_POSTERIOR_MEAN: False
  KL_WARMUP_EPOCHS: 5
  KL_WEIGHT: 0.0005
  N_MC_TEST: 10
  N_MC_TRAIN: 3
  N_REP_TOKENS: 5
  PREC: amp
  PRIOR_STD: 0.05
  PROJ_REP_KL_WEIGHT: 1e-06
  PROJ_REP_PRIOR_MODE: clip_proj
  PROJ_REP_PRIOR_STD: 0.01
  PROJ_REP_SIGMA_MODE: row
  REG_WEIGHT: 0.5
  REP_DIM: 512
  REP_KL_WEIGHT: 0.0005
  REP_LAYERS: [6, 7, 8, 9, 10, 11, 12]
  REP_PRIOR_MODE: clip_joint
  REP_PRIOR_STD: 0.05
  REP_SIGMA_MODE: global
  SIGMA_MODE: global
CLIP_ADAPTERS:
  ALLOW_CACHE: True
  CONSTRAINT: none
  ENHANCED_BASE: none
  INIT: ZS
  KL_WEIGHT: 0.0001
  N_SAMPLES: 3
  PREC: fp32
  TYPE: MP
DATALOADER:
  K_TRANSFORMS: 1
  NUM_WORKERS: 8
  RETURN_IMG0: False
  TEST:
    BATCH_SIZE: 250
    SAMPLER: SequentialSampler
  TRAIN_U:
    BATCH_SIZE: 32
    N_DOMAIN: 0
    N_INS: 16
    SAME_AS_X: True
    SAMPLER: RandomSampler
  TRAIN_X:
    BATCH_SIZE: 32
    N_DOMAIN: 0
    N_INS: 16
    SAMPLER: RandomSampler
DATASET:
  ALL_AS_UNLABELED: False
  CIFAR_C_LEVEL: 1
  CIFAR_C_TYPE: 
  NAME: Caltech101
  NUM_LABELED: -1
  NUM_SHOTS: 16
  ROOT: DATASETS
  SOURCE_DOMAINS: ()
  STL10_FOLD: -1
  SUBSAMPLE_CLASSES: all
  TARGET_DOMAINS: ()
  VAL_PERCENT: 0.1
INPUT:
  COLORJITTER_B: 0.4
  COLORJITTER_C: 0.4
  COLORJITTER_H: 0.1
  COLORJITTER_S: 0.4
  CROP_PADDING: 4
  CUTOUT_LEN: 16
  CUTOUT_N: 1
  GB_K: 21
  GB_P: 0.5
  GN_MEAN: 0.0
  GN_STD: 0.15
  INTERPOLATION: bicubic
  NO_TRANSFORM: False
  PIXEL_MEAN: [0.48145466, 0.4578275, 0.40821073]
  PIXEL_STD: [0.26862954, 0.26130258, 0.27577711]
  RANDAUGMENT_M: 10
  RANDAUGMENT_N: 2
  RGS_P: 0.2
  RRCROP_SCALE: (0.5, 1)
  SIZE: (224, 224)
  TRANSFORMS: ('random_resized_crop', 'random_flip', 'normalize')
METHOD:
  EXEC_MODE: online
  FAMILY: internal_adaptation
  NAME: BayesMMRL
  TAG: default
MMRL:
  ALPHA: 0.7
  N_REP_TOKENS: 5
  PREC: amp
  REG_WEIGHT: 1.0
  REP_DIM: 512
  REP_LAYERS: [6, 7, 8, 9, 10, 11, 12]
MMRLPP:
  ALPHA: 0.7
  BETA: 0.9
  N_REP_TOKENS: 5
  PREC: amp
  PROJ_LORA_DIM: 64
  REG_WEIGHT: 1.0
  REP_DIM: 512
  REP_LAYERS: [6, 7, 8, 9, 10, 11, 12]
  RES_LORA_DIM: 4
MMRL_MIX:
  ALPHA: 0.7
  LOSS_FUSE_WEIGHT: 0.2
  LOSS_MAIN_WEIGHT: 1.0
  LOSS_REP_WEIGHT: 1.0
  N_REP_TOKENS: 5
  PREC: amp
  REG_WEIGHT: 1.0
  REP_DIM: 512
  REP_LAYERS: [6, 7, 8, 9, 10, 11, 12]
MODEL:
  BACKBONE:
    NAME: ViT-B/16
    PRETRAINED: True
  HEAD:
    ACTIVATION: relu
    BN: True
    DROPOUT: 0.0
    HIDDEN_LAYERS: ()
    NAME: 
  INIT_WEIGHTS: 
OPTIM:
  ADAM_BETA1: 0.9
  ADAM_BETA2: 0.999
  BASE_LR_MULT: 0.1
  GAMMA: 0.1
  LR: 0.001
  LR_SCHEDULER: cosine
  MAX_EPOCH: 50
  MOMENTUM: 0.9
  NAME: adamw
  NEW_LAYERS: ()
  RMSPROP_ALPHA: 0.99
  SGD_DAMPNING: 0
  SGD_NESTEROV: False
  STAGED_LR: False
  STEPSIZE: (-1,)
  WARMUP_CONS_LR: 1e-05
  WARMUP_EPOCH: 1
  WARMUP_MIN_LR: 1e-05
  WARMUP_RECOUNT: True
  WARMUP_TYPE: constant
  WEIGHT_DECAY: 0.0005
OUTPUT_DIR: output_sweeps/bayes_mmrl_search_current/coarse3/search_stage/BayesMMRL/FS/fewshot_train/caltech101/shots_16/ViT-B-16/B_sig-global_pstd-0.05_kl-5e-4_blend-0.5_scale-0.05/seed1
PROTOCOL:
  NAME: FS
  PHASE: fewshot_train
RESUME: 
RUNTIME:
  OUTPUT_ROOT: output_refactor
  USE_DASSL_TRAINER_BRIDGE: True
SEED: 1
TASK: FS
TEST:
  COMPUTE_CMAT: False
  EVALUATOR: Classification
  FINAL_MODEL: last_step
  NO_TEST: False
  PER_CLASS_RESULT: False
  SPLIT: test
TRAIN:
  CHECKPOINT_FREQ: 0
  COUNT_ITER: train_x
  PRINT_FREQ: 20
TRAINER:
  BayesMMRL:
    ALPHA: 0.7
    BAYES_TARGET: rep_tokens
    CLIP_PRIOR_BLEND: 0.5
    CLIP_PRIOR_SCALE: 0.05
    EVAL_AGGREGATION: logit_mean
    EVAL_MODE: mc_predictive
    EVAL_USE_POSTERIOR_MEAN: False
    KL_WARMUP_EPOCHS: 5
    KL_WEIGHT: 0.0005
    N_MC_TEST: 10
    N_MC_TRAIN: 3
    N_REP_TOKENS: 5
    PREC: amp
    PRIOR_STD: 0.05
    PROJ_REP_KL_WEIGHT: 1e-06
    PROJ_REP_PRIOR_MODE: clip_proj
    PROJ_REP_PRIOR_STD: 0.01
    PROJ_REP_SIGMA_MODE: row
    REG_WEIGHT: 0.5
    REP_DIM: 512
    REP_KL_WEIGHT: 0.0005
    REP_LAYERS: [6, 7, 8, 9, 10, 11, 12]
    REP_PRIOR_MODE: clip_joint
    REP_PRIOR_STD: 0.05
    REP_SIGMA_MODE: global
    SIGMA_MODE: global
  CDAC:
    CLASS_LR_MULTI: 10
    P_THRESH: 0.95
    RAMPUP_COEF: 30
    RAMPUP_ITRS: 1000
    STRONG_TRANSFORMS: ()
    TOPK_MATCH: 5
  CROSSGRAD:
    ALPHA_D: 0.5
    ALPHA_F: 0.5
    EPS_D: 1.0
    EPS_F: 1.0
  ClipADAPTER:
    ALLOW_CACHE: True
    CONSTRAINT: none
    ENHANCED_BASE: none
    INIT: ZS
    PREC: fp32
    TYPE: MP
  DAEL:
    CONF_THRE: 0.95
    STRONG_TRANSFORMS: ()
    WEIGHT_U: 0.5
  DAELDG:
    CONF_THRE: 0.95
    STRONG_TRANSFORMS: ()
    WEIGHT_U: 0.5
  DDAIG:
    ALPHA: 0.5
    CLAMP: False
    CLAMP_MAX: 1.0
    CLAMP_MIN: -1.0
    G_ARCH: 
    LMDA: 0.3
    WARMUP: 0
  DOMAINMIX:
    ALPHA: 1.0
    BETA: 1.0
    TYPE: crossdomain
  ENTMIN:
    LMDA: 0.001
  FIXMATCH:
    CONF_THRE: 0.95
    STRONG_TRANSFORMS: ()
    WEIGHT_U: 1.0
  M3SDA:
    LMDA: 0.5
    N_STEP_F: 4
  MCD:
    N_STEP_F: 4
  MEANTEACHER:
    EMA_ALPHA: 0.999
    RAMPUP: 5
    WEIGHT_U: 1.0
  MIXMATCH:
    MIXUP_BETA: 0.75
    RAMPUP: 20000
    TEMP: 2.0
    WEIGHT_U: 100.0
  MME:
    LMDA: 0.1
  MMRL:
    ALPHA: 0.7
    N_REP_TOKENS: 5
    PREC: amp
    REG_WEIGHT: 1.0
    REP_DIM: 512
    REP_LAYERS: [6, 7, 8, 9, 10, 11, 12]
  MMRLMix:
    ALPHA: 0.7
    LOSS_FUSE_WEIGHT: 0.2
    LOSS_MAIN_WEIGHT: 1.0
    LOSS_REP_WEIGHT: 1.0
    N_REP_TOKENS: 5
    PREC: amp
    REG_WEIGHT: 1.0
    REP_DIM: 512
    REP_LAYERS: [6, 7, 8, 9, 10, 11, 12]
  MMRLpp:
    ALPHA: 0.7
    BETA: 0.9
    N_REP_TOKENS: 5
    PREC: amp
    PROJ_LORA_DIM: 64
    REG_WEIGHT: 1.0
    REP_DIM: 512
    REP_LAYERS: [6, 7, 8, 9, 10, 11, 12]
    RES_LORA_DIM: 4
  NAME: RefactorRunner
  SE:
    CONF_THRE: 0.95
    EMA_ALPHA: 0.999
    RAMPUP: 300
USE_CUDA: True
VERBOSE: True
VERSION: 1
Collecting env info ...
** System info **
PyTorch version: 2.4.0+cu121
Is debug build: False
CUDA used to build PyTorch: 12.1
ROCM used to build PyTorch: N/A

OS: Ubuntu 22.04.1 LTS (x86_64)
GCC version: (Ubuntu 11.3.0-1ubuntu1~22.04) 11.3.0
Clang version: Could not collect
CMake version: version 3.22.1
Libc version: glibc-2.35

Python version: 3.10.20 (main, Mar 11 2026, 17:46:40) [GCC 14.3.0] (64-bit runtime)
Python platform: Linux-5.15.0-170-generic-x86_64-with-glibc2.35
Is CUDA available: True
CUDA runtime version: 11.8.89
CUDA_MODULE_LOADING set to: LAZY
GPU models and configuration: 
GPU 0: NVIDIA GeForce RTX 4090
GPU 1: NVIDIA GeForce RTX 4090
GPU 2: NVIDIA GeForce RTX 4090

Nvidia driver version: 580.105.08
cuDNN version: Probably one of the following:
/usr/lib/x86_64-linux-gnu/libcudnn.so.8.6.0
/usr/lib/x86_64-linux-gnu/libcudnn_adv_infer.so.8.6.0
/usr/lib/x86_64-linux-gnu/libcudnn_adv_train.so.8.6.0
/usr/lib/x86_64-linux-gnu/libcudnn_cnn_infer.so.8.6.0
/usr/lib/x86_64-linux-gnu/libcudnn_cnn_train.so.8.6.0
/usr/lib/x86_64-linux-gnu/libcudnn_ops_infer.so.8.6.0
/usr/lib/x86_64-linux-gnu/libcudnn_ops_train.so.8.6.0
HIP runtime version: N/A
MIOpen runtime version: N/A
Is XNNPACK available: True

CPU:
Architecture:                            x86_64
CPU op-mode(s):                          32-bit, 64-bit
Address sizes:                           46 bits physical, 57 bits virtual
Byte Order:                              Little Endian
CPU(s):                                  128
On-line CPU(s) list:                     0-127
Vendor ID:                               GenuineIntel
Model name:                              Intel(R) Xeon(R) Platinum 8352V CPU @ 2.10GHz
CPU family:                              6
Model:                                   106
Thread(s) per core:                      2
Core(s) per socket:                      32
Socket(s):                               2
Stepping:                                6
CPU max MHz:                             3500.0000
CPU min MHz:                             800.0000
BogoMIPS:                                4000.00
Flags:                                   fpu vme de pse tsc msr pae mce cx8 apic sep mtrr pge mca cmov pat pse36 clflush dts acpi mmx fxsr sse sse2 ss ht tm pbe syscall nx pdpe1gb rdtscp lm constant_tsc art arch_perfmon pebs bts rep_good nopl xtopology nonstop_tsc cpuid aperfmperf pni pclmulqdq dtes64 monitor ds_cpl vmx smx est tm2 ssse3 sdbg fma cx16 xtpr pdcm pcid dca sse4_1 sse4_2 x2apic movbe popcnt tsc_deadline_timer aes xsave avx f16c rdrand lahf_lm abm 3dnowprefetch cpuid_fault epb cat_l3 invpcid_single intel_ppin ssbd mba ibrs ibpb stibp ibrs_enhanced tpr_shadow vnmi flexpriority ept vpid ept_ad fsgsbase tsc_adjust bmi1 avx2 smep bmi2 erms invpcid cqm rdt_a avx512f avx512dq rdseed adx smap avx512ifma clflushopt clwb intel_pt avx512cd sha_ni avx512bw avx512vl xsaveopt xsavec xgetbv1 xsaves cqm_llc cqm_occup_llc cqm_mbm_total cqm_mbm_local split_lock_detect wbnoinvd dtherm ida arat pln pts hwp hwp_act_window hwp_epp hwp_pkg_req avx512vbmi umip pku ospke avx512_vbmi2 gfni vaes vpclmulqdq avx512_vnni avx512_bitalg tme avx512_vpopcntdq la57 rdpid fsrm md_clear pconfig flush_l1d arch_capabilities
Virtualization:                          VT-x
L1d cache:                               3 MiB (64 instances)
L1i cache:                               2 MiB (64 instances)
L2 cache:                                80 MiB (64 instances)
L3 cache:                                108 MiB (2 instances)
NUMA node(s):                            2
NUMA node0 CPU(s):                       0-31,64-95
NUMA node1 CPU(s):                       32-63,96-127
Vulnerability Gather data sampling:      Mitigation; Microcode
Vulnerability Indirect target selection: Mitigation; Aligned branch/return thunks
Vulnerability Itlb multihit:             Not affected
Vulnerability L1tf:                      Not affected
Vulnerability Mds:                       Not affected
Vulnerability Meltdown:                  Not affected
Vulnerability Mmio stale data:           Mitigation; Clear CPU buffers; SMT vulnerable
Vulnerability Reg file data sampling:    Not affected
Vulnerability Retbleed:                  Not affected
Vulnerability Spec rstack overflow:      Not affected
Vulnerability Spec store bypass:         Mitigation; Speculative Store Bypass disabled via prctl and seccomp
Vulnerability Spectre v1:                Mitigation; usercopy/swapgs barriers and __user pointer sanitization
Vulnerability Spectre v2:                Mitigation; Enhanced / Automatic IBRS; IBPB conditional; PBRSB-eIBRS SW sequence; BHI SW loop, KVM SW loop
Vulnerability Srbds:                     Not affected
Vulnerability Tsa:                       Not affected
Vulnerability Tsx async abort:           Not affected
Vulnerability Vmscape:                   Not affected

Versions of relevant libraries:
[pip3] flake8==3.7.9
[pip3] numpy==2.2.6
[pip3] torch==2.4.0
[pip3] torchaudio==2.4.0
[pip3] torchvision==0.19.0
[pip3] triton==3.0.0
[conda] numpy                     2.2.6                    pypi_0    pypi
[conda] torch                     2.4.0                    pypi_0    pypi
[conda] torchaudio                2.4.0                    pypi_0    pypi
[conda] torchvision               0.19.0                   pypi_0    pypi
[conda] triton                    3.0.0                    pypi_0    pypi
        Pillow (12.2.0)

Loading trainer: RefactorRunner
Loading dataset: Caltech101
Reading split from /root/autodl-tmp/MMRL/DATASETS/caltech-101/split_zhou_Caltech101.json
Loading preprocessed few-shot data from /root/autodl-tmp/MMRL/DATASETS/caltech-101/split_fewshot/shot_16-seed_1.pkl
Building transform_train
+ random resized crop (size=(224, 224), scale=(0.5, 1))
+ random flip
+ to torch tensor of range [0, 1]
+ normalization (mean=[0.48145466, 0.4578275, 0.40821073], std=[0.26862954, 0.26130258, 0.27577711])
Building transform_test
+ resize the smaller edge to 224
+ 224x224 center crop
+ to torch tensor of range [0, 1]
+ normalization (mean=[0.48145466, 0.4578275, 0.40821073], std=[0.26862954, 0.26130258, 0.27577711])
---------  ----------
Dataset    Caltech101
# classes  100
# train_x  1,600
# val      400
# test     2,465
---------  ----------
Building transform_test
+ resize the smaller edge to 224
+ 224x224 center crop
+ to torch tensor of range [0, 1]
+ normalization (mean=[0.48145466, 0.4578275, 0.40821073], std=[0.26862954, 0.26130258, 0.27577711])
/root/miniconda3/envs/mmrl/lib/python3.10/site-packages/torch/optim/lr_scheduler.py:60: UserWarning: The verbose parameter is deprecated. Please use get_last_lr() to access the learning rate.
  warnings.warn(
/root/autodl-tmp/MMRL/trainers/refactor_runner.py:52: FutureWarning: `torch.cuda.amp.GradScaler(args...)` is deprecated. Please use `torch.amp.GradScaler('cuda', args...)` instead.
  self.scaler = GradScaler() if prec == "amp" else None
[BayesMMRLMethod] trainable params: {'representation_learner.compound_rep_tokens_r2tproj.4.bias', 'representation_learner.compound_rep_tokens_r2vproj.1.weight', 'representation_learner.compound_rep_tokens_r2vproj.2.weight', 'representation_learner.compound_rep_tokens_r2vproj.5.bias', 'representation_learner.compound_rep_tokens_r2vproj.1.bias', 'representation_learner.compound_rep_tokens_r2vproj.6.weight', 'representation_learner.compound_rep_tokens_r2vproj.6.bias', 'representation_learner.compound_rep_tokens_r2vproj.0.weight', 'image_encoder.proj_rep', 'representation_learner.compound_rep_tokens_r2tproj.0.bias', 'representation_learner.compound_rep_tokens_r2tproj.5.weight', 'representation_learner.compound_rep_tokens_r2tproj.4.weight', 'representation_learner.rep_posterior.posterior_mean', 'representation_learner.compound_rep_tokens_r2tproj.1.bias', 'representation_learner.compound_rep_tokens_r2tproj.3.weight', 'representation_learner.compound_rep_tokens_r2vproj.4.weight', 'representation_learner.rep_posterior.posterior_rho', 'representation_learner.compound_rep_tokens_r2vproj.3.weight', 'representation_learner.compound_rep_tokens_r2tproj.1.weight', 'representation_learner.compound_rep_tokens_r2tproj.0.weight', 'representation_learner.compound_rep_tokens_r2tproj.6.bias', 'representation_learner.compound_rep_tokens_r2vproj.4.bias', 'representation_learner.compound_rep_tokens_r2tproj.3.bias', 'representation_learner.compound_rep_tokens_r2vproj.2.bias', 'representation_learner.compound_rep_tokens_r2vproj.5.weight', 'representation_learner.compound_rep_tokens_r2tproj.6.weight', 'representation_learner.compound_rep_tokens_r2tproj.2.bias', 'representation_learner.compound_rep_tokens_r2vproj.3.bias', 'representation_learner.compound_rep_tokens_r2tproj.5.bias', 'representation_learner.compound_rep_tokens_r2tproj.2.weight', 'representation_learner.compound_rep_tokens_r2vproj.0.bias'}
Loading evaluator: Classification
No checkpoint found, train from scratch
Initialize tensorboard (log_dir=output_sweeps/bayes_mmrl_search_current/coarse3/search_stage/BayesMMRL/FS/fewshot_train/caltech101/shots_16/ViT-B-16/B_sig-global_pstd-0.05_kl-5e-4_blend-0.5_scale-0.05/seed1/tensorboard)
/root/autodl-tmp/MMRL/executors/online_executor.py:47: FutureWarning: `torch.cuda.amp.autocast(args...)` is deprecated. Please use `torch.amp.autocast('cuda', args...)` instead.
  with autocast():
epoch [1/50] batch [20/50] time 0.296 (0.280) data 0.000 (0.039) loss 2.1052 (2.2281) acc 87.5000 (88.9062) data_term 2.1052 (2.2281) raw_kl_rep 0.0061 (0.0023) raw_kl_proj_rep 0.0000 (0.0000) kl_rep_term 0.0000 (0.0000) kl_proj_rep_term 0.0000 (0.0000) kl_term 0.0000 (0.0000) kl_normalizer 50.0000 (50.0000) kl_beta 0.0000 (0.0000) lr 1.0000e-05 eta 0:11:34
epoch [1/50] batch [40/50] time 0.413 (0.330) data 0.000 (0.020) loss 2.1116 (2.1883) acc 87.5000 (87.8125) data_term 2.1116 (2.1883) raw_kl_rep 0.0210 (0.0078) raw_kl_proj_rep 0.0000 (0.0000) kl_rep_term 0.0000 (0.0000) kl_proj_rep_term 0.0000 (0.0000) kl_term 0.0000 (0.0000) kl_normalizer 50.0000 (50.0000) kl_beta 0.0000 (0.0000) lr 1.0000e-05 eta 0:13:31
epoch [2/50] batch [20/50] time 0.182 (0.419) data 0.000 (0.042) loss 0.4666 (1.2377) acc 90.6250 (90.0000) data_term 0.4666 (1.2377) raw_kl_rep 24.6708 (8.9716) raw_kl_proj_rep 0.0000 (0.0000) kl_rep_term 0.0000 (0.0000) kl_proj_rep_term 0.0000 (0.0000) kl_term 0.0000 (0.0000) kl_normalizer 50.0000 (50.0000) kl_beta 0.0000 (0.0000) lr 1.0000e-03 eta 0:16:57
epoch [2/50] batch [40/50] time 0.186 (0.315) data 0.000 (0.021) loss 0.2396 (0.8053) acc 93.7500 (91.0156) data_term 0.2396 (0.8053) raw_kl_rep 56.3550 (26.2837) raw_kl_proj_rep 0.0000 (0.0000) kl_rep_term 0.0000 (0.0000) kl_proj_rep_term 0.0000 (0.0000) kl_term 0.0000 (0.0000) kl_normalizer 50.0000 (50.0000) kl_beta 0.0000 (0.0000) lr 1.0000e-03 eta 0:12:38
epoch [3/50] batch [20/50] time 0.221 (0.262) data 0.000 (0.031) loss 0.2110 (0.2548) acc 93.7500 (93.7500) data_term 0.2110 (0.2548) raw_kl_rep 70.6167 (68.3286) raw_kl_proj_rep 0.0000 (0.0000) kl_rep_term 0.0000 (0.0000) kl_proj_rep_term 0.0000 (0.0000) kl_term 0.0000 (0.0000) kl_normalizer 50.0000 (50.0000) kl_beta 0.0000 (0.0000) lr 9.9901e-04 eta 0:10:22
epoch [3/50] batch [40/50] time 0.229 (0.236) data 0.000 (0.016) loss 0.1418 (0.2258) acc 100.0000 (94.2188) data_term 0.1418 (0.2258) raw_kl_rep 72.1136 (70.1013) raw_kl_proj_rep 0.0000 (0.0000) kl_rep_term 0.0000 (0.0000) kl_proj_rep_term 0.0000 (0.0000) kl_term 0.0000 (0.0000) kl_normalizer 50.0000 (50.0000) kl_beta 0.0000 (0.0000) lr 9.9901e-04 eta 0:09:16
epoch [4/50] batch [20/50] time 0.191 (0.256) data 0.000 (0.031) loss 0.0580 (0.1669) acc 100.0000 (95.9375) data_term 0.0580 (0.1669) raw_kl_rep 78.2353 (75.1086) raw_kl_proj_rep 0.0000 (0.0000) kl_rep_term 0.0000 (0.0000) kl_proj_rep_term 0.0000 (0.0000) kl_term 0.0000 (0.0000) kl_normalizer 50.0000 (50.0000) kl_beta 0.0000 (0.0000) lr 9.9606e-04 eta 0:09:56
epoch [4/50] batch [40/50] time 0.186 (0.265) data 0.000 (0.016) loss 0.0768 (0.1808) acc 100.0000 (95.6250) data_term 0.0768 (0.1808) raw_kl_rep 85.8415 (78.7897) raw_kl_proj_rep 0.0000 (0.0000) kl_rep_term 0.0000 (0.0000) kl_proj_rep_term 0.0000 (0.0000) kl_term 0.0000 (0.0000) kl_normalizer 50.0000 (50.0000) kl_beta 0.0000 (0.0000) lr 9.9606e-04 eta 0:10:11
epoch [5/50] batch [20/50] time 0.181 (0.312) data 0.000 (0.038) loss 0.3524 (0.1800) acc 84.3750 (95.3125) data_term 0.3524 (0.1800) raw_kl_rep 89.6169 (88.0611) raw_kl_proj_rep 0.0000 (0.0000) kl_rep_term 0.0000 (0.0000) kl_proj_rep_term 0.0000 (0.0000) kl_term 0.0000 (0.0000) kl_normalizer 50.0000 (50.0000) kl_beta 0.0000 (0.0000) lr 9.9114e-04 eta 0:11:51
epoch [5/50] batch [40/50] time 0.212 (0.261) data 0.001 (0.019) loss 0.1650 (0.1737) acc 96.8750 (95.7812) data_term 0.1650 (0.1737) raw_kl_rep 99.8720 (91.2702) raw_kl_proj_rep 0.0000 (0.0000) kl_rep_term 0.0000 (0.0000) kl_proj_rep_term 0.0000 (0.0000) kl_term 0.0000 (0.0000) kl_normalizer 50.0000 (50.0000) kl_beta 0.0000 (0.0000) lr 9.9114e-04 eta 0:09:49
epoch [6/50] batch [20/50] time 0.356 (0.272) data 0.001 (0.027) loss 0.1693 (0.1626) acc 100.0000 (96.0938) data_term 0.1693 (0.1626) raw_kl_rep 108.3046 (104.0838) raw_kl_proj_rep 0.0000 (0.0000) kl_rep_term 0.0000 (0.0000) kl_proj_rep_term 0.0000 (0.0000) kl_term 0.0000 (0.0000) kl_normalizer 50.0000 (50.0000) kl_beta 0.0000 (0.0000) lr 9.8429e-04 eta 0:10:07
epoch [6/50] batch [40/50] time 0.195 (0.260) data 0.000 (0.014) loss 0.1527 (0.1426) acc 96.8750 (97.1094) data_term 0.1527 (0.1426) raw_kl_rep 115.1946 (108.3063) raw_kl_proj_rep 0.0000 (0.0000) kl_rep_term 0.0000 (0.0000) kl_proj_rep_term 0.0000 (0.0000) kl_term 0.0000 (0.0000) kl_normalizer 50.0000 (50.0000) kl_beta 0.0000 (0.0000) lr 9.8429e-04 eta 0:09:35
epoch [7/50] batch [20/50] time 0.216 (0.260) data 0.000 (0.029) loss 0.1557 (0.1338) acc 96.8750 (97.8125) data_term 0.1557 (0.1337) raw_kl_rep 125.4626 (121.2631) raw_kl_proj_rep 0.0000 (0.0000) kl_rep_term 0.0000 (0.0000) kl_proj_rep_term 0.0000 (0.0000) kl_term 0.0000 (0.0000) kl_normalizer 50.0000 (50.0000) kl_beta 0.0227 (0.0227) lr 9.7553e-04 eta 0:09:27
epoch [7/50] batch [40/50] time 0.207 (0.235) data 0.000 (0.015) loss 0.1274 (0.1405) acc 96.8750 (97.3438) data_term 0.1274 (0.1405) raw_kl_rep 138.5004 (126.7109) raw_kl_proj_rep 0.0000 (0.0000) kl_rep_term 0.0000 (0.0000) kl_proj_rep_term 0.0000 (0.0000) kl_term 0.0000 (0.0000) kl_normalizer 50.0000 (50.0000) kl_beta 0.0227 (0.0227) lr 9.7553e-04 eta 0:08:26
epoch [8/50] batch [20/50] time 0.298 (0.311) data 0.000 (0.029) loss 0.0542 (0.1179) acc 100.0000 (98.4375) data_term 0.0542 (0.1178) raw_kl_rep 149.7535 (146.3549) raw_kl_proj_rep 0.0000 (0.0000) kl_rep_term 0.0001 (0.0001) kl_proj_rep_term 0.0000 (0.0000) kl_term 0.0001 (0.0001) kl_normalizer 50.0000 (50.0000) kl_beta 0.0455 (0.0455) lr 9.6489e-04 eta 0:11:02
epoch [8/50] batch [40/50] time 0.210 (0.270) data 0.000 (0.015) loss 0.0970 (0.1415) acc 100.0000 (97.5781) data_term 0.0969 (0.1415) raw_kl_rep 156.0966 (149.8785) raw_kl_proj_rep 0.0000 (0.0000) kl_rep_term 0.0001 (0.0001) kl_proj_rep_term 0.0000 (0.0000) kl_term 0.0001 (0.0001) kl_normalizer 50.0000 (50.0000) kl_beta 0.0455 (0.0455) lr 9.6489e-04 eta 0:09:28
epoch [9/50] batch [20/50] time 0.202 (0.270) data 0.000 (0.033) loss 0.2230 (0.1247) acc 96.8750 (98.4375) data_term 0.2229 (0.1246) raw_kl_rep 163.3096 (161.0800) raw_kl_proj_rep 0.0000 (0.0000) kl_rep_term 0.0001 (0.0001) kl_proj_rep_term 0.0000 (0.0000) kl_term 0.0001 (0.0001) kl_normalizer 50.0000 (50.0000) kl_beta 0.0682 (0.0682) lr 9.5241e-04 eta 0:09:22
epoch [9/50] batch [40/50] time 0.264 (0.251) data 0.000 (0.017) loss 0.0515 (0.1162) acc 100.0000 (98.5156) data_term 0.0514 (0.1161) raw_kl_rep 168.5111 (163.3642) raw_kl_proj_rep 0.0000 (0.0000) kl_rep_term 0.0001 (0.0001) kl_proj_rep_term 0.0000 (0.0000) kl_term 0.0001 (0.0001) kl_normalizer 50.0000 (50.0000) kl_beta 0.0682 (0.0682) lr 9.5241e-04 eta 0:08:37
epoch [10/50] batch [20/50] time 0.215 (0.272) data 0.000 (0.034) loss 0.0693 (0.1277) acc 100.0000 (98.1250) data_term 0.0691 (0.1276) raw_kl_rep 182.2444 (179.2442) raw_kl_proj_rep 0.0000 (0.0000) kl_rep_term 0.0002 (0.0002) kl_proj_rep_term 0.0000 (0.0000) kl_term 0.0002 (0.0002) kl_normalizer 50.0000 (50.0000) kl_beta 0.0909 (0.0909) lr 9.3815e-04 eta 0:09:12
epoch [10/50] batch [40/50] time 0.200 (0.257) data 0.001 (0.017) loss 0.0804 (0.1218) acc 100.0000 (98.2031) data_term 0.0802 (0.1216) raw_kl_rep 188.8302 (182.6558) raw_kl_proj_rep 0.0000 (0.0000) kl_rep_term 0.0002 (0.0002) kl_proj_rep_term 0.0000 (0.0000) kl_term 0.0002 (0.0002) kl_normalizer 50.0000 (50.0000) kl_beta 0.0909 (0.0909) lr 9.3815e-04 eta 0:08:35
epoch [11/50] batch [20/50] time 0.190 (0.249) data 0.000 (0.032) loss 0.1545 (0.1180) acc 100.0000 (98.9062) data_term 0.1543 (0.1178) raw_kl_rep 195.5063 (191.6766) raw_kl_proj_rep 0.0000 (0.0000) kl_rep_term 0.0002 (0.0002) kl_proj_rep_term 0.0000 (0.0000) kl_term 0.0002 (0.0002) kl_normalizer 50.0000 (50.0000) kl_beta 0.1136 (0.1136) lr 9.2216e-04 eta 0:08:13
epoch [11/50] batch [40/50] time 0.210 (0.237) data 0.001 (0.016) loss 0.0990 (0.1109) acc 100.0000 (98.4375) data_term 0.0988 (0.1107) raw_kl_rep 204.6266 (196.2362) raw_kl_proj_rep 0.0000 (0.0000) kl_rep_term 0.0002 (0.0002) kl_proj_rep_term 0.0000 (0.0000) kl_term 0.0002 (0.0002) kl_normalizer 50.0000 (50.0000) kl_beta 0.1136 (0.1136) lr 9.2216e-04 eta 0:07:44
epoch [12/50] batch [20/50] time 0.251 (0.269) data 0.000 (0.030) loss 0.2292 (0.1193) acc 96.8750 (97.6562) data_term 0.2289 (0.1190) raw_kl_rep 214.5830 (211.9647) raw_kl_proj_rep 0.0000 (0.0000) kl_rep_term 0.0003 (0.0003) kl_proj_rep_term 0.0000 (0.0000) kl_term 0.0003 (0.0003) kl_normalizer 50.0000 (50.0000) kl_beta 0.1364 (0.1364) lr 9.0451e-04 eta 0:08:38
epoch [12/50] batch [40/50] time 0.214 (0.255) data 0.000 (0.015) loss 0.0499 (0.1055) acc 100.0000 (98.5938) data_term 0.0496 (0.1052) raw_kl_rep 219.8636 (214.3421) raw_kl_proj_rep 0.0000 (0.0000) kl_rep_term 0.0003 (0.0003) kl_proj_rep_term 0.0000 (0.0000) kl_term 0.0003 (0.0003) kl_normalizer 50.0000 (50.0000) kl_beta 0.1364 (0.1364) lr 9.0451e-04 eta 0:08:07
epoch [13/50] batch [20/50] time 0.193 (0.241) data 0.000 (0.026) loss 0.0466 (0.0949) acc 100.0000 (98.7500) data_term 0.0462 (0.0946) raw_kl_rep 228.9080 (227.2965) raw_kl_proj_rep 0.0000 (0.0000) kl_rep_term 0.0004 (0.0004) kl_proj_rep_term 0.0000 (0.0000) kl_term 0.0004 (0.0004) kl_normalizer 50.0000 (50.0000) kl_beta 0.1591 (0.1591) lr 8.8526e-04 eta 0:07:32
epoch [13/50] batch [40/50] time 0.223 (0.225) data 0.000 (0.013) loss 0.0511 (0.0977) acc 100.0000 (98.5938) data_term 0.0507 (0.0973) raw_kl_rep 233.4935 (229.1966) raw_kl_proj_rep 0.0000 (0.0000) kl_rep_term 0.0004 (0.0004) kl_proj_rep_term 0.0000 (0.0000) kl_term 0.0004 (0.0004) kl_normalizer 50.0000 (50.0000) kl_beta 0.1591 (0.1591) lr 8.8526e-04 eta 0:06:58
epoch [14/50] batch [20/50] time 0.196 (0.246) data 0.000 (0.027) loss 0.1006 (0.1076) acc 100.0000 (98.2812) data_term 0.1002 (0.1071) raw_kl_rep 242.7707 (240.3214) raw_kl_proj_rep 0.0000 (0.0000) kl_rep_term 0.0004 (0.0004) kl_proj_rep_term 0.0000 (0.0000) kl_term 0.0004 (0.0004) kl_normalizer 50.0000 (50.0000) kl_beta 0.1818 (0.1818) lr 8.6448e-04 eta 0:07:30
epoch [14/50] batch [40/50] time 0.205 (0.226) data 0.000 (0.014) loss 0.0935 (0.1011) acc 100.0000 (98.5156) data_term 0.0930 (0.1006) raw_kl_rep 251.3137 (243.8494) raw_kl_proj_rep 0.0000 (0.0000) kl_rep_term 0.0005 (0.0004) kl_proj_rep_term 0.0000 (0.0000) kl_term 0.0005 (0.0004) kl_normalizer 50.0000 (50.0000) kl_beta 0.1818 (0.1818) lr 8.6448e-04 eta 0:06:48
epoch [15/50] batch [20/50] time 0.215 (0.271) data 0.001 (0.031) loss 0.1365 (0.1171) acc 96.8750 (98.1250) data_term 0.1359 (0.1166) raw_kl_rep 254.7137 (253.7456) raw_kl_proj_rep 0.0000 (0.0000) kl_rep_term 0.0005 (0.0005) kl_proj_rep_term 0.0000 (0.0000) kl_term 0.0005 (0.0005) kl_normalizer 50.0000 (50.0000) kl_beta 0.2045 (0.2045) lr 8.4227e-04 eta 0:08:02
epoch [15/50] batch [40/50] time 0.182 (0.238) data 0.001 (0.016) loss 0.0374 (0.1048) acc 100.0000 (98.0469) data_term 0.0369 (0.1042) raw_kl_rep 255.9169 (254.7749) raw_kl_proj_rep 0.0000 (0.0000) kl_rep_term 0.0005 (0.0005) kl_proj_rep_term 0.0000 (0.0000) kl_term 0.0005 (0.0005) kl_normalizer 50.0000 (50.0000) kl_beta 0.2045 (0.2045) lr 8.4227e-04 eta 0:06:59
epoch [16/50] batch [20/50] time 0.239 (0.291) data 0.000 (0.033) loss 0.0412 (0.0807) acc 100.0000 (99.2188) data_term 0.0406 (0.0801) raw_kl_rep 258.6008 (258.3511) raw_kl_proj_rep 0.0000 (0.0000) kl_rep_term 0.0006 (0.0006) kl_proj_rep_term 0.0000 (0.0000) kl_term 0.0006 (0.0006) kl_normalizer 50.0000 (50.0000) kl_beta 0.2273 (0.2273) lr 8.1871e-04 eta 0:08:23
epoch [16/50] batch [40/50] time 0.201 (0.272) data 0.000 (0.017) loss 0.0770 (0.0832) acc 100.0000 (99.1406) data_term 0.0764 (0.0826) raw_kl_rep 262.2828 (258.9567) raw_kl_proj_rep 0.0000 (0.0000) kl_rep_term 0.0006 (0.0006) kl_proj_rep_term 0.0000 (0.0000) kl_term 0.0006 (0.0006) kl_normalizer 50.0000 (50.0000) kl_beta 0.2273 (0.2273) lr 8.1871e-04 eta 0:07:45
epoch [17/50] batch [20/50] time 0.218 (0.253) data 0.001 (0.039) loss 0.1022 (0.0750) acc 100.0000 (99.3750) data_term 0.1015 (0.0744) raw_kl_rep 269.3720 (267.7167) raw_kl_proj_rep 0.0000 (0.0000) kl_rep_term 0.0007 (0.0007) kl_proj_rep_term 0.0000 (0.0000) kl_term 0.0007 (0.0007) kl_normalizer 50.0000 (50.0000) kl_beta 0.2500 (0.2500) lr 7.9389e-04 eta 0:07:05
epoch [17/50] batch [40/50] time 0.185 (0.230) data 0.000 (0.020) loss 0.1613 (0.0889) acc 93.7500 (98.8281) data_term 0.1606 (0.0882) raw_kl_rep 278.3700 (271.0371) raw_kl_proj_rep 0.0000 (0.0000) kl_rep_term 0.0007 (0.0007) kl_proj_rep_term 0.0000 (0.0000) kl_term 0.0007 (0.0007) kl_normalizer 50.0000 (50.0000) kl_beta 0.2500 (0.2500) lr 7.9389e-04 eta 0:06:21
epoch [18/50] batch [20/50] time 0.402 (0.351) data 0.001 (0.031) loss 0.0923 (0.0826) acc 100.0000 (99.0625) data_term 0.0915 (0.0819) raw_kl_rep 279.9877 (279.6195) raw_kl_proj_rep 0.0000 (0.0000) kl_rep_term 0.0008 (0.0008) kl_proj_rep_term 0.0000 (0.0000) kl_term 0.0008 (0.0008) kl_normalizer 50.0000 (50.0000) kl_beta 0.2727 (0.2727) lr 7.6791e-04 eta 0:09:32
epoch [18/50] batch [40/50] time 0.185 (0.292) data 0.000 (0.016) loss 0.0449 (0.0891) acc 100.0000 (98.8281) data_term 0.0441 (0.0883) raw_kl_rep 280.4481 (279.5491) raw_kl_proj_rep 0.0000 (0.0000) kl_rep_term 0.0008 (0.0008) kl_proj_rep_term 0.0000 (0.0000) kl_term 0.0008 (0.0008) kl_normalizer 50.0000 (50.0000) kl_beta 0.2727 (0.2727) lr 7.6791e-04 eta 0:07:50
epoch [19/50] batch [20/50] time 0.537 (0.328) data 0.001 (0.036) loss 0.0637 (0.0886) acc 100.0000 (99.0625) data_term 0.0629 (0.0877) raw_kl_rep 282.3429 (283.1019) raw_kl_proj_rep 0.0000 (0.0000) kl_rep_term 0.0008 (0.0008) kl_proj_rep_term 0.0000 (0.0000) kl_term 0.0008 (0.0008) kl_normalizer 50.0000 (50.0000) kl_beta 0.2955 (0.2955) lr 7.4088e-04 eta 0:08:37
epoch [19/50] batch [40/50] time 0.207 (0.280) data 0.001 (0.019) loss 0.0651 (0.0874) acc 100.0000 (98.9844) data_term 0.0643 (0.0866) raw_kl_rep 280.0481 (281.9396) raw_kl_proj_rep 0.0000 (0.0000) kl_rep_term 0.0008 (0.0008) kl_proj_rep_term 0.0000 (0.0000) kl_term 0.0008 (0.0008) kl_normalizer 50.0000 (50.0000) kl_beta 0.2955 (0.2955) lr 7.4088e-04 eta 0:07:16
epoch [20/50] batch [20/50] time 0.252 (0.318) data 0.001 (0.032) loss 0.0598 (0.0667) acc 100.0000 (99.8438) data_term 0.0589 (0.0658) raw_kl_rep 284.7294 (282.7075) raw_kl_proj_rep 0.0000 (0.0000) kl_rep_term 0.0009 (0.0009) kl_proj_rep_term 0.0000 (0.0000) kl_term 0.0009 (0.0009) kl_normalizer 50.0000 (50.0000) kl_beta 0.3182 (0.3182) lr 7.1289e-04 eta 0:08:05
epoch [20/50] batch [40/50] time 0.189 (0.270) data 0.000 (0.016) loss 0.1360 (0.0763) acc 100.0000 (99.4531) data_term 0.1351 (0.0753) raw_kl_rep 284.4879 (283.5640) raw_kl_proj_rep 0.0000 (0.0000) kl_rep_term 0.0009 (0.0009) kl_proj_rep_term 0.0000 (0.0000) kl_term 0.0009 (0.0009) kl_normalizer 50.0000 (50.0000) kl_beta 0.3182 (0.3182) lr 7.1289e-04 eta 0:06:47
epoch [21/50] batch [20/50] time 0.190 (0.266) data 0.000 (0.029) loss 0.0891 (0.0817) acc 100.0000 (99.0625) data_term 0.0881 (0.0807) raw_kl_rep 287.7046 (286.6709) raw_kl_proj_rep 0.0000 (0.0000) kl_rep_term 0.0010 (0.0010) kl_proj_rep_term 0.0000 (0.0000) kl_term 0.0010 (0.0010) kl_normalizer 50.0000 (50.0000) kl_beta 0.3409 (0.3409) lr 6.8406e-04 eta 0:06:33
epoch [21/50] batch [40/50] time 0.187 (0.230) data 0.001 (0.015) loss 0.1099 (0.0846) acc 96.8750 (99.1406) data_term 0.1089 (0.0837) raw_kl_rep 294.5321 (288.6690) raw_kl_proj_rep 0.0000 (0.0000) kl_rep_term 0.0010 (0.0010) kl_proj_rep_term 0.0000 (0.0000) kl_term 0.0010 (0.0010) kl_normalizer 50.0000 (50.0000) kl_beta 0.3409 (0.3409) lr 6.8406e-04 eta 0:05:35
epoch [22/50] batch [20/50] time 0.218 (0.282) data 0.000 (0.029) loss 0.0967 (0.0712) acc 100.0000 (99.8438) data_term 0.0956 (0.0701) raw_kl_rep 294.4632 (294.0394) raw_kl_proj_rep 0.0000 (0.0000) kl_rep_term 0.0011 (0.0011) kl_proj_rep_term 0.0000 (0.0000) kl_term 0.0011 (0.0011) kl_normalizer 50.0000 (50.0000) kl_beta 0.3636 (0.3636) lr 6.5451e-04 eta 0:06:42
epoch [22/50] batch [40/50] time 0.197 (0.241) data 0.000 (0.015) loss 0.1009 (0.0755) acc 100.0000 (99.5312) data_term 0.0998 (0.0745) raw_kl_rep 293.0534 (293.9322) raw_kl_proj_rep 0.0000 (0.0000) kl_rep_term 0.0011 (0.0011) kl_proj_rep_term 0.0000 (0.0000) kl_term 0.0011 (0.0011) kl_normalizer 50.0000 (50.0000) kl_beta 0.3636 (0.3636) lr 6.5451e-04 eta 0:05:39
epoch [23/50] batch [20/50] time 0.206 (0.235) data 0.000 (0.029) loss 0.0590 (0.0947) acc 100.0000 (99.2188) data_term 0.0579 (0.0936) raw_kl_rep 295.3802 (294.7062) raw_kl_proj_rep 0.0000 (0.0000) kl_rep_term 0.0011 (0.0011) kl_proj_rep_term 0.0000 (0.0000) kl_term 0.0011 (0.0011) kl_normalizer 50.0000 (50.0000) kl_beta 0.3864 (0.3864) lr 6.2434e-04 eta 0:05:23
epoch [23/50] batch [40/50] time 0.196 (0.227) data 0.000 (0.015) loss 0.0719 (0.0916) acc 100.0000 (99.0625) data_term 0.0708 (0.0905) raw_kl_rep 297.0319 (295.5762) raw_kl_proj_rep 0.0000 (0.0000) kl_rep_term 0.0011 (0.0011) kl_proj_rep_term 0.0000 (0.0000) kl_term 0.0011 (0.0011) kl_normalizer 50.0000 (50.0000) kl_beta 0.3864 (0.3864) lr 6.2434e-04 eta 0:05:08
epoch [24/50] batch [20/50] time 0.178 (0.305) data 0.000 (0.034) loss 0.0296 (0.0675) acc 100.0000 (99.6875) data_term 0.0283 (0.0663) raw_kl_rep 298.0642 (297.9923) raw_kl_proj_rep 0.0000 (0.0000) kl_rep_term 0.0012 (0.0012) kl_proj_rep_term 0.0000 (0.0000) kl_term 0.0012 (0.0012) kl_normalizer 50.0000 (50.0000) kl_beta 0.4091 (0.4091) lr 5.9369e-04 eta 0:06:46
epoch [24/50] batch [40/50] time 0.181 (0.252) data 0.000 (0.017) loss 0.0448 (0.0715) acc 100.0000 (99.6094) data_term 0.0436 (0.0703) raw_kl_rep 298.7350 (298.0728) raw_kl_proj_rep 0.0000 (0.0000) kl_rep_term 0.0012 (0.0012) kl_proj_rep_term 0.0000 (0.0000) kl_term 0.0012 (0.0012) kl_normalizer 50.0000 (50.0000) kl_beta 0.4091 (0.4091) lr 5.9369e-04 eta 0:05:30
epoch [25/50] batch [20/50] time 0.397 (0.282) data 0.001 (0.036) loss 0.0615 (0.0795) acc 100.0000 (99.0625) data_term 0.0602 (0.0782) raw_kl_rep 298.8636 (298.9231) raw_kl_proj_rep 0.0000 (0.0000) kl_rep_term 0.0013 (0.0013) kl_proj_rep_term 0.0000 (0.0000) kl_term 0.0013 (0.0013) kl_normalizer 50.0000 (50.0000) kl_beta 0.4318 (0.4318) lr 5.6267e-04 eta 0:06:00
epoch [25/50] batch [40/50] time 0.196 (0.245) data 0.000 (0.018) loss 0.0619 (0.0754) acc 100.0000 (99.1406) data_term 0.0606 (0.0741) raw_kl_rep 296.8851 (298.5383) raw_kl_proj_rep 0.0000 (0.0000) kl_rep_term 0.0013 (0.0013) kl_proj_rep_term 0.0000 (0.0000) kl_term 0.0013 (0.0013) kl_normalizer 50.0000 (50.0000) kl_beta 0.4318 (0.4318) lr 5.6267e-04 eta 0:05:09
epoch [26/50] batch [20/50] time 0.484 (0.263) data 0.000 (0.028) loss 0.0523 (0.0693) acc 100.0000 (99.5312) data_term 0.0510 (0.0679) raw_kl_rep 297.5400 (297.2865) raw_kl_proj_rep 0.0000 (0.0000) kl_rep_term 0.0014 (0.0014) kl_proj_rep_term 0.0000 (0.0000) kl_term 0.0014 (0.0014) kl_normalizer 50.0000 (50.0000) kl_beta 0.4545 (0.4545) lr 5.3140e-04 eta 0:05:23
epoch [26/50] batch [40/50] time 0.183 (0.276) data 0.000 (0.014) loss 0.0535 (0.0694) acc 100.0000 (99.4531) data_term 0.0521 (0.0680) raw_kl_rep 297.1869 (297.4302) raw_kl_proj_rep 0.0000 (0.0000) kl_rep_term 0.0014 (0.0014) kl_proj_rep_term 0.0000 (0.0000) kl_term 0.0014 (0.0014) kl_normalizer 50.0000 (50.0000) kl_beta 0.4545 (0.4545) lr 5.3140e-04 eta 0:05:33
epoch [27/50] batch [20/50] time 0.274 (0.290) data 0.001 (0.028) loss 0.0680 (0.0634) acc 100.0000 (99.3750) data_term 0.0665 (0.0620) raw_kl_rep 300.6447 (299.4860) raw_kl_proj_rep 0.0000 (0.0000) kl_rep_term 0.0014 (0.0014) kl_proj_rep_term 0.0000 (0.0000) kl_term 0.0014 (0.0014) kl_normalizer 50.0000 (50.0000) kl_beta 0.4773 (0.4773) lr 5.0000e-04 eta 0:05:41
epoch [27/50] batch [40/50] time 0.183 (0.260) data 0.000 (0.014) loss 0.0636 (0.0658) acc 100.0000 (99.4531) data_term 0.0621 (0.0644) raw_kl_rep 303.6421 (300.7280) raw_kl_proj_rep 0.0000 (0.0000) kl_rep_term 0.0014 (0.0014) kl_proj_rep_term 0.0000 (0.0000) kl_term 0.0014 (0.0014) kl_normalizer 50.0000 (50.0000) kl_beta 0.4773 (0.4773) lr 5.0000e-04 eta 0:05:01
epoch [28/50] batch [20/50] time 0.196 (0.294) data 0.001 (0.038) loss 0.0507 (0.0697) acc 100.0000 (99.3750) data_term 0.0492 (0.0682) raw_kl_rep 303.9398 (304.0100) raw_kl_proj_rep 0.0000 (0.0000) kl_rep_term 0.0015 (0.0015) kl_proj_rep_term 0.0000 (0.0000) kl_term 0.0015 (0.0015) kl_normalizer 50.0000 (50.0000) kl_beta 0.5000 (0.5000) lr 4.6860e-04 eta 0:05:32
epoch [28/50] batch [40/50] time 0.201 (0.253) data 0.000 (0.019) loss 0.0768 (0.0688) acc 100.0000 (99.5312) data_term 0.0753 (0.0673) raw_kl_rep 303.8390 (303.9419) raw_kl_proj_rep 0.0000 (0.0000) kl_rep_term 0.0015 (0.0015) kl_proj_rep_term 0.0000 (0.0000) kl_term 0.0015 (0.0015) kl_normalizer 50.0000 (50.0000) kl_beta 0.5000 (0.5000) lr 4.6860e-04 eta 0:04:40
epoch [29/50] batch [20/50] time 0.188 (0.259) data 0.001 (0.029) loss 0.0375 (0.0598) acc 100.0000 (99.8438) data_term 0.0359 (0.0582) raw_kl_rep 304.5484 (304.7207) raw_kl_proj_rep 0.0000 (0.0000) kl_rep_term 0.0016 (0.0016) kl_proj_rep_term 0.0000 (0.0000) kl_term 0.0016 (0.0016) kl_normalizer 50.0000 (50.0000) kl_beta 0.5227 (0.5227) lr 4.3733e-04 eta 0:04:40
epoch [29/50] batch [40/50] time 0.331 (0.248) data 0.000 (0.015) loss 0.0304 (0.0581) acc 100.0000 (99.7656) data_term 0.0288 (0.0565) raw_kl_rep 304.4874 (304.6862) raw_kl_proj_rep 0.0000 (0.0000) kl_rep_term 0.0016 (0.0016) kl_proj_rep_term 0.0000 (0.0000) kl_term 0.0016 (0.0016) kl_normalizer 50.0000 (50.0000) kl_beta 0.5227 (0.5227) lr 4.3733e-04 eta 0:04:22
epoch [30/50] batch [20/50] time 0.259 (0.250) data 0.001 (0.027) loss 0.0600 (0.0597) acc 100.0000 (99.8438) data_term 0.0583 (0.0580) raw_kl_rep 303.3188 (303.5904) raw_kl_proj_rep 0.0000 (0.0000) kl_rep_term 0.0017 (0.0017) kl_proj_rep_term 0.0000 (0.0000) kl_term 0.0017 (0.0017) kl_normalizer 50.0000 (50.0000) kl_beta 0.5455 (0.5455) lr 4.0631e-04 eta 0:04:17
epoch [30/50] batch [40/50] time 0.190 (0.271) data 0.000 (0.014) loss 0.0365 (0.0631) acc 100.0000 (99.7656) data_term 0.0349 (0.0615) raw_kl_rep 302.0638 (302.9429) raw_kl_proj_rep 0.0000 (0.0000) kl_rep_term 0.0016 (0.0017) kl_proj_rep_term 0.0000 (0.0000) kl_term 0.0016 (0.0017) kl_normalizer 50.0000 (50.0000) kl_beta 0.5455 (0.5455) lr 4.0631e-04 eta 0:04:33
epoch [31/50] batch [20/50] time 0.229 (0.296) data 0.000 (0.039) loss 0.1006 (0.0596) acc 96.8750 (99.6875) data_term 0.0989 (0.0578) raw_kl_rep 302.0975 (302.4036) raw_kl_proj_rep 0.0000 (0.0000) kl_rep_term 0.0017 (0.0017) kl_proj_rep_term 0.0000 (0.0000) kl_term 0.0017 (0.0017) kl_normalizer 50.0000 (50.0000) kl_beta 0.5682 (0.5682) lr 3.7566e-04 eta 0:04:50
epoch [31/50] batch [40/50] time 0.269 (0.280) data 0.001 (0.020) loss 0.0522 (0.0613) acc 100.0000 (99.7656) data_term 0.0505 (0.0596) raw_kl_rep 302.7620 (302.2220) raw_kl_proj_rep 0.0000 (0.0000) kl_rep_term 0.0017 (0.0017) kl_proj_rep_term 0.0000 (0.0000) kl_term 0.0017 (0.0017) kl_normalizer 50.0000 (50.0000) kl_beta 0.5682 (0.5682) lr 3.7566e-04 eta 0:04:28
epoch [32/50] batch [20/50] time 0.197 (0.270) data 0.000 (0.029) loss 0.0875 (0.0553) acc 100.0000 (99.6875) data_term 0.0858 (0.0535) raw_kl_rep 300.5443 (301.2755) raw_kl_proj_rep 0.0000 (0.0000) kl_rep_term 0.0018 (0.0018) kl_proj_rep_term 0.0000 (0.0000) kl_term 0.0018 (0.0018) kl_normalizer 50.0000 (50.0000) kl_beta 0.5909 (0.5909) lr 3.4549e-04 eta 0:04:11
epoch [32/50] batch [40/50] time 0.205 (0.248) data 0.000 (0.015) loss 0.0712 (0.0543) acc 100.0000 (99.7656) data_term 0.0695 (0.0525) raw_kl_rep 300.5364 (300.9190) raw_kl_proj_rep 0.0000 (0.0000) kl_rep_term 0.0018 (0.0018) kl_proj_rep_term 0.0000 (0.0000) kl_term 0.0018 (0.0018) kl_normalizer 50.0000 (50.0000) kl_beta 0.5909 (0.5909) lr 3.4549e-04 eta 0:03:45
epoch [33/50] batch [20/50] time 0.200 (0.285) data 0.000 (0.033) loss 0.0957 (0.0693) acc 100.0000 (99.3750) data_term 0.0939 (0.0675) raw_kl_rep 301.4880 (301.2348) raw_kl_proj_rep 0.0000 (0.0000) kl_rep_term 0.0019 (0.0018) kl_proj_rep_term 0.0000 (0.0000) kl_term 0.0019 (0.0018) kl_normalizer 50.0000 (50.0000) kl_beta 0.6136 (0.6136) lr 3.1594e-04 eta 0:04:10
epoch [33/50] batch [40/50] time 0.204 (0.256) data 0.000 (0.017) loss 0.0472 (0.0635) acc 100.0000 (99.5312) data_term 0.0454 (0.0616) raw_kl_rep 301.7300 (301.6630) raw_kl_proj_rep 0.0000 (0.0000) kl_rep_term 0.0019 (0.0019) kl_proj_rep_term 0.0000 (0.0000) kl_term 0.0019 (0.0019) kl_normalizer 50.0000 (50.0000) kl_beta 0.6136 (0.6136) lr 3.1594e-04 eta 0:03:40
epoch [34/50] batch [20/50] time 0.185 (0.295) data 0.000 (0.029) loss 0.0805 (0.0637) acc 96.8750 (99.5312) data_term 0.0786 (0.0618) raw_kl_rep 299.3671 (299.8272) raw_kl_proj_rep 0.0000 (0.0000) kl_rep_term 0.0019 (0.0019) kl_proj_rep_term 0.0000 (0.0000) kl_term 0.0019 (0.0019) kl_normalizer 50.0000 (50.0000) kl_beta 0.6364 (0.6364) lr 2.8711e-04 eta 0:04:04
epoch [34/50] batch [40/50] time 0.208 (0.272) data 0.000 (0.015) loss 0.0579 (0.0595) acc 100.0000 (99.6875) data_term 0.0560 (0.0576) raw_kl_rep 298.5890 (299.4156) raw_kl_proj_rep 0.0000 (0.0000) kl_rep_term 0.0019 (0.0019) kl_proj_rep_term 0.0000 (0.0000) kl_term 0.0019 (0.0019) kl_normalizer 50.0000 (50.0000) kl_beta 0.6364 (0.6364) lr 2.8711e-04 eta 0:03:40
epoch [35/50] batch [20/50] time 0.209 (0.269) data 0.001 (0.029) loss 0.0597 (0.0675) acc 100.0000 (99.5312) data_term 0.0577 (0.0655) raw_kl_rep 295.7088 (296.0849) raw_kl_proj_rep 0.0000 (0.0000) kl_rep_term 0.0019 (0.0020) kl_proj_rep_term 0.0000 (0.0000) kl_term 0.0019 (0.0020) kl_normalizer 50.0000 (50.0000) kl_beta 0.6591 (0.6591) lr 2.5912e-04 eta 0:03:30
epoch [35/50] batch [40/50] time 0.298 (0.254) data 0.000 (0.015) loss 0.0409 (0.0614) acc 100.0000 (99.6094) data_term 0.0389 (0.0594) raw_kl_rep 296.9518 (296.3622) raw_kl_proj_rep 0.0000 (0.0000) kl_rep_term 0.0020 (0.0020) kl_proj_rep_term 0.0000 (0.0000) kl_term 0.0020 (0.0020) kl_normalizer 50.0000 (50.0000) kl_beta 0.6591 (0.6591) lr 2.5912e-04 eta 0:03:13
epoch [36/50] batch [20/50] time 0.225 (0.327) data 0.001 (0.033) loss 0.0529 (0.0561) acc 100.0000 (99.5312) data_term 0.0509 (0.0541) raw_kl_rep 295.4263 (295.7499) raw_kl_proj_rep 0.0000 (0.0000) kl_rep_term 0.0020 (0.0020) kl_proj_rep_term 0.0000 (0.0000) kl_term 0.0020 (0.0020) kl_normalizer 50.0000 (50.0000) kl_beta 0.6818 (0.6818) lr 2.3209e-04 eta 0:03:58
epoch [36/50] batch [40/50] time 0.196 (0.291) data 0.001 (0.017) loss 0.0356 (0.0545) acc 100.0000 (99.6875) data_term 0.0336 (0.0525) raw_kl_rep 294.3592 (295.3679) raw_kl_proj_rep 0.0000 (0.0000) kl_rep_term 0.0020 (0.0020) kl_proj_rep_term 0.0000 (0.0000) kl_term 0.0020 (0.0020) kl_normalizer 50.0000 (50.0000) kl_beta 0.6818 (0.6818) lr 2.3209e-04 eta 0:03:26
epoch [37/50] batch [20/50] time 0.224 (0.270) data 0.000 (0.030) loss 0.0424 (0.0465) acc 100.0000 (100.0000) data_term 0.0403 (0.0444) raw_kl_rep 295.3453 (295.3935) raw_kl_proj_rep 0.0000 (0.0000) kl_rep_term 0.0021 (0.0021) kl_proj_rep_term 0.0000 (0.0000) kl_term 0.0021 (0.0021) kl_normalizer 50.0000 (50.0000) kl_beta 0.7045 (0.7045) lr 2.0611e-04 eta 0:03:03
epoch [37/50] batch [40/50] time 0.189 (0.252) data 0.000 (0.016) loss 0.0457 (0.0532) acc 100.0000 (99.8438) data_term 0.0437 (0.0512) raw_kl_rep 295.1921 (295.2704) raw_kl_proj_rep 0.0000 (0.0000) kl_rep_term 0.0021 (0.0021) kl_proj_rep_term 0.0000 (0.0000) kl_term 0.0021 (0.0021) kl_normalizer 50.0000 (50.0000) kl_beta 0.7045 (0.7045) lr 2.0611e-04 eta 0:02:46
epoch [38/50] batch [20/50] time 0.293 (0.348) data 0.001 (0.031) loss 0.0582 (0.0640) acc 100.0000 (99.8438) data_term 0.0561 (0.0619) raw_kl_rep 294.3577 (294.8166) raw_kl_proj_rep 0.0000 (0.0000) kl_rep_term 0.0021 (0.0021) kl_proj_rep_term 0.0000 (0.0000) kl_term 0.0021 (0.0021) kl_normalizer 50.0000 (50.0000) kl_beta 0.7273 (0.7273) lr 1.8129e-04 eta 0:03:39
epoch [38/50] batch [40/50] time 0.193 (0.283) data 0.001 (0.016) loss 0.0746 (0.0587) acc 96.8750 (99.8438) data_term 0.0724 (0.0565) raw_kl_rep 292.9618 (294.1780) raw_kl_proj_rep 0.0000 (0.0000) kl_rep_term 0.0021 (0.0021) kl_proj_rep_term 0.0000 (0.0000) kl_term 0.0021 (0.0021) kl_normalizer 50.0000 (50.0000) kl_beta 0.7273 (0.7273) lr 1.8129e-04 eta 0:02:52
epoch [39/50] batch [20/50] time 0.188 (0.303) data 0.000 (0.032) loss 0.0584 (0.0668) acc 100.0000 (99.5312) data_term 0.0563 (0.0646) raw_kl_rep 292.7761 (292.5875) raw_kl_proj_rep 0.0000 (0.0000) kl_rep_term 0.0022 (0.0022) kl_proj_rep_term 0.0000 (0.0000) kl_term 0.0022 (0.0022) kl_normalizer 50.0000 (50.0000) kl_beta 0.7500 (0.7500) lr 1.5773e-04 eta 0:02:55
epoch [39/50] batch [40/50] time 0.232 (0.256) data 0.000 (0.016) loss 0.0540 (0.0662) acc 100.0000 (99.4531) data_term 0.0518 (0.0640) raw_kl_rep 292.1607 (292.5631) raw_kl_proj_rep 0.0000 (0.0000) kl_rep_term 0.0022 (0.0022) kl_proj_rep_term 0.0000 (0.0000) kl_term 0.0022 (0.0022) kl_normalizer 50.0000 (50.0000) kl_beta 0.7500 (0.7500) lr 1.5773e-04 eta 0:02:23
epoch [40/50] batch [20/50] time 0.195 (0.234) data 0.001 (0.028) loss 0.0370 (0.0465) acc 100.0000 (99.8438) data_term 0.0347 (0.0443) raw_kl_rep 290.3236 (290.9362) raw_kl_proj_rep 0.0000 (0.0000) kl_rep_term 0.0022 (0.0022) kl_proj_rep_term 0.0000 (0.0000) kl_term 0.0022 (0.0022) kl_normalizer 50.0000 (50.0000) kl_beta 0.7727 (0.7727) lr 1.3552e-04 eta 0:02:03
epoch [40/50] batch [40/50] time 0.289 (0.249) data 0.000 (0.014) loss 0.0764 (0.0572) acc 100.0000 (99.6094) data_term 0.0741 (0.0549) raw_kl_rep 289.6513 (290.3296) raw_kl_proj_rep 0.0000 (0.0000) kl_rep_term 0.0022 (0.0022) kl_proj_rep_term 0.0000 (0.0000) kl_term 0.0022 (0.0022) kl_normalizer 50.0000 (50.0000) kl_beta 0.7727 (0.7727) lr 1.3552e-04 eta 0:02:06
epoch [41/50] batch [20/50] time 0.238 (0.243) data 0.000 (0.030) loss 0.0680 (0.0530) acc 100.0000 (99.8438) data_term 0.0657 (0.0507) raw_kl_rep 288.8617 (289.2379) raw_kl_proj_rep 0.0000 (0.0000) kl_rep_term 0.0023 (0.0023) kl_proj_rep_term 0.0000 (0.0000) kl_term 0.0023 (0.0023) kl_normalizer 50.0000 (50.0000) kl_beta 0.7955 (0.7955) lr 1.1474e-04 eta 0:01:56
epoch [41/50] batch [40/50] time 0.199 (0.226) data 0.000 (0.015) loss 0.0518 (0.0532) acc 100.0000 (99.8438) data_term 0.0495 (0.0509) raw_kl_rep 288.3347 (288.9581) raw_kl_proj_rep 0.0000 (0.0000) kl_rep_term 0.0023 (0.0023) kl_proj_rep_term 0.0000 (0.0000) kl_term 0.0023 (0.0023) kl_normalizer 50.0000 (50.0000) kl_beta 0.7955 (0.7955) lr 1.1474e-04 eta 0:01:43
epoch [42/50] batch [20/50] time 0.354 (0.282) data 0.001 (0.029) loss 0.0390 (0.0600) acc 100.0000 (99.8438) data_term 0.0367 (0.0576) raw_kl_rep 287.3450 (287.6199) raw_kl_proj_rep 0.0000 (0.0000) kl_rep_term 0.0024 (0.0024) kl_proj_rep_term 0.0000 (0.0000) kl_term 0.0024 (0.0024) kl_normalizer 50.0000 (50.0000) kl_beta 0.8182 (0.8182) lr 9.5492e-05 eta 0:02:01
epoch [42/50] batch [40/50] time 0.197 (0.260) data 0.000 (0.015) loss 0.0400 (0.0545) acc 100.0000 (99.8438) data_term 0.0377 (0.0522) raw_kl_rep 286.8941 (287.3793) raw_kl_proj_rep 0.0000 (0.0000) kl_rep_term 0.0023 (0.0024) kl_proj_rep_term 0.0000 (0.0000) kl_term 0.0023 (0.0024) kl_normalizer 50.0000 (50.0000) kl_beta 0.8182 (0.8182) lr 9.5492e-05 eta 0:01:46
epoch [43/50] batch [20/50] time 0.217 (0.291) data 0.000 (0.035) loss 0.0771 (0.0609) acc 100.0000 (99.6875) data_term 0.0747 (0.0585) raw_kl_rep 286.0112 (286.1785) raw_kl_proj_rep 0.0000 (0.0000) kl_rep_term 0.0024 (0.0024) kl_proj_rep_term 0.0000 (0.0000) kl_term 0.0024 (0.0024) kl_normalizer 50.0000 (50.0000) kl_beta 0.8409 (0.8409) lr 7.7836e-05 eta 0:01:50
epoch [43/50] batch [40/50] time 0.257 (0.254) data 0.000 (0.018) loss 0.0521 (0.0559) acc 100.0000 (99.7656) data_term 0.0497 (0.0535) raw_kl_rep 285.9471 (286.0738) raw_kl_proj_rep 0.0000 (0.0000) kl_rep_term 0.0024 (0.0024) kl_proj_rep_term 0.0000 (0.0000) kl_term 0.0024 (0.0024) kl_normalizer 50.0000 (50.0000) kl_beta 0.8409 (0.8409) lr 7.7836e-05 eta 0:01:31
epoch [44/50] batch [20/50] time 0.240 (0.244) data 0.001 (0.027) loss 0.0410 (0.0538) acc 100.0000 (99.6875) data_term 0.0386 (0.0513) raw_kl_rep 285.1773 (285.4300) raw_kl_proj_rep 0.0000 (0.0000) kl_rep_term 0.0025 (0.0025) kl_proj_rep_term 0.0000 (0.0000) kl_term 0.0025 (0.0025) kl_normalizer 50.0000 (50.0000) kl_beta 0.8636 (0.8636) lr 6.1847e-05 eta 0:01:20
epoch [44/50] batch [40/50] time 0.187 (0.244) data 0.000 (0.014) loss 0.0521 (0.0542) acc 100.0000 (99.7656) data_term 0.0497 (0.0517) raw_kl_rep 284.9126 (285.2430) raw_kl_proj_rep 0.0000 (0.0000) kl_rep_term 0.0025 (0.0025) kl_proj_rep_term 0.0000 (0.0000) kl_term 0.0025 (0.0025) kl_normalizer 50.0000 (50.0000) kl_beta 0.8636 (0.8636) lr 6.1847e-05 eta 0:01:15
epoch [45/50] batch [20/50] time 0.178 (0.275) data 0.000 (0.035) loss 0.0504 (0.0658) acc 100.0000 (99.3750) data_term 0.0479 (0.0633) raw_kl_rep 284.3905 (284.5013) raw_kl_proj_rep 0.0000 (0.0000) kl_rep_term 0.0025 (0.0025) kl_proj_rep_term 0.0000 (0.0000) kl_term 0.0025 (0.0025) kl_normalizer 50.0000 (50.0000) kl_beta 0.8864 (0.8864) lr 4.7586e-05 eta 0:01:16
epoch [45/50] batch [40/50] time 0.196 (0.245) data 0.000 (0.018) loss 0.0418 (0.0605) acc 100.0000 (99.5312) data_term 0.0393 (0.0580) raw_kl_rep 284.3607 (284.4484) raw_kl_proj_rep 0.0000 (0.0000) kl_rep_term 0.0025 (0.0025) kl_proj_rep_term 0.0000 (0.0000) kl_term 0.0025 (0.0025) kl_normalizer 50.0000 (50.0000) kl_beta 0.8864 (0.8864) lr 4.7586e-05 eta 0:01:03
epoch [46/50] batch [20/50] time 0.188 (0.290) data 0.001 (0.029) loss 0.0318 (0.0548) acc 100.0000 (99.6875) data_term 0.0292 (0.0522) raw_kl_rep 284.1000 (284.2004) raw_kl_proj_rep 0.0000 (0.0000) kl_rep_term 0.0026 (0.0026) kl_proj_rep_term 0.0000 (0.0000) kl_term 0.0026 (0.0026) kl_normalizer 50.0000 (50.0000) kl_beta 0.9091 (0.9091) lr 3.5112e-05 eta 0:01:06
epoch [46/50] batch [40/50] time 0.213 (0.284) data 0.000 (0.015) loss 0.0496 (0.0554) acc 100.0000 (99.7656) data_term 0.0470 (0.0528) raw_kl_rep 283.8505 (284.0752) raw_kl_proj_rep 0.0000 (0.0000) kl_rep_term 0.0026 (0.0026) kl_proj_rep_term 0.0000 (0.0000) kl_term 0.0026 (0.0026) kl_normalizer 50.0000 (50.0000) kl_beta 0.9091 (0.9091) lr 3.5112e-05 eta 0:00:59
epoch [47/50] batch [20/50] time 0.289 (0.287) data 0.001 (0.037) loss 0.0348 (0.0471) acc 100.0000 (100.0000) data_term 0.0321 (0.0444) raw_kl_rep 283.5052 (283.6399) raw_kl_proj_rep 0.0000 (0.0000) kl_rep_term 0.0026 (0.0026) kl_proj_rep_term 0.0000 (0.0000) kl_term 0.0026 (0.0026) kl_normalizer 50.0000 (50.0000) kl_beta 0.9318 (0.9318) lr 2.4472e-05 eta 0:00:51
epoch [47/50] batch [40/50] time 0.186 (0.264) data 0.000 (0.019) loss 0.0349 (0.0505) acc 100.0000 (100.0000) data_term 0.0322 (0.0478) raw_kl_rep 283.2054 (283.4911) raw_kl_proj_rep 0.0000 (0.0000) kl_rep_term 0.0026 (0.0026) kl_proj_rep_term 0.0000 (0.0000) kl_term 0.0026 (0.0026) kl_normalizer 50.0000 (50.0000) kl_beta 0.9318 (0.9318) lr 2.4472e-05 eta 0:00:42
epoch [48/50] batch [20/50] time 0.216 (0.215) data 0.000 (0.029) loss 0.0361 (0.0532) acc 100.0000 (99.8438) data_term 0.0334 (0.0505) raw_kl_rep 282.9150 (282.9787) raw_kl_proj_rep 0.0000 (0.0000) kl_rep_term 0.0027 (0.0027) kl_proj_rep_term 0.0000 (0.0000) kl_term 0.0027 (0.0027) kl_normalizer 50.0000 (50.0000) kl_beta 0.9545 (0.9545) lr 1.5708e-05 eta 0:00:27
epoch [48/50] batch [40/50] time 0.196 (0.210) data 0.000 (0.015) loss 0.0414 (0.0494) acc 100.0000 (99.9219) data_term 0.0387 (0.0467) raw_kl_rep 282.6529 (282.8770) raw_kl_proj_rep 0.0000 (0.0000) kl_rep_term 0.0027 (0.0027) kl_proj_rep_term 0.0000 (0.0000) kl_term 0.0027 (0.0027) kl_normalizer 50.0000 (50.0000) kl_beta 0.9545 (0.9545) lr 1.5708e-05 eta 0:00:23
epoch [49/50] batch [20/50] time 0.183 (0.248) data 0.001 (0.038) loss 0.0429 (0.0511) acc 100.0000 (99.8438) data_term 0.0402 (0.0483) raw_kl_rep 282.5143 (282.5430) raw_kl_proj_rep 0.0000 (0.0000) kl_rep_term 0.0028 (0.0028) kl_proj_rep_term 0.0000 (0.0000) kl_term 0.0028 (0.0028) kl_normalizer 50.0000 (50.0000) kl_beta 0.9773 (0.9773) lr 8.8564e-06 eta 0:00:19
epoch [49/50] batch [40/50] time 0.218 (0.222) data 0.000 (0.019) loss 0.0654 (0.0506) acc 100.0000 (99.9219) data_term 0.0627 (0.0479) raw_kl_rep 282.4326 (282.5103) raw_kl_proj_rep 0.0000 (0.0000) kl_rep_term 0.0028 (0.0028) kl_proj_rep_term 0.0000 (0.0000) kl_term 0.0028 (0.0028) kl_normalizer 50.0000 (50.0000) kl_beta 0.9773 (0.9773) lr 8.8564e-06 eta 0:00:13
epoch [50/50] batch [20/50] time 0.182 (0.240) data 0.000 (0.035) loss 0.0336 (0.0526) acc 100.0000 (99.5312) data_term 0.0308 (0.0497) raw_kl_rep 282.3069 (282.3377) raw_kl_proj_rep 0.0000 (0.0000) kl_rep_term 0.0028 (0.0028) kl_proj_rep_term 0.0000 (0.0000) kl_term 0.0028 (0.0028) kl_normalizer 50.0000 (50.0000) kl_beta 1.0000 (1.0000) lr 3.9426e-06 eta 0:00:07
epoch [50/50] batch [40/50] time 0.206 (0.219) data 0.000 (0.018) loss 0.1046 (0.0529) acc 100.0000 (99.7656) data_term 0.1018 (0.0501) raw_kl_rep 282.2570 (282.3078) raw_kl_proj_rep 0.0000 (0.0000) kl_rep_term 0.0028 (0.0028) kl_proj_rep_term 0.0000 (0.0000) kl_term 0.0028 (0.0028) kl_normalizer 50.0000 (50.0000) kl_beta 1.0000 (1.0000) lr 3.9426e-06 eta 0:00:02
Checkpoint saved to output_sweeps/bayes_mmrl_search_current/coarse3/search_stage/BayesMMRL/FS/fewshot_train/caltech101/shots_16/ViT-B-16/B_sig-global_pstd-0.05_kl-5e-4_blend-0.5_scale-0.05/seed1/refactor_model/model.pth.tar-50
Finish training
Deploy the last-epoch model
Evaluate on the *test* set
=> result
* total: 2,465
* correct: 2,380
* accuracy: 96.6%
* error: 3.4%
* macro_f1: 94.9%
=> structured result
* accuracy: 96.5517
* error: 3.4483
* macro_f1: 94.8567
* nll: 0.1019
* brier: 0.0511
* ece: 1.1278
Saved metrics JSON to output_sweeps/bayes_mmrl_search_current/coarse3/search_stage/BayesMMRL/FS/fewshot_train/caltech101/shots_16/ViT-B-16/B_sig-global_pstd-0.05_kl-5e-4_blend-0.5_scale-0.05/seed1/test_metrics.json
Saved metrics CSV to output_sweeps/bayes_mmrl_search_current/coarse3/search_stage/BayesMMRL/FS/fewshot_train/caltech101/shots_16/ViT-B-16/B_sig-global_pstd-0.05_kl-5e-4_blend-0.5_scale-0.05/seed1/test_metrics.csv
Saved calibration bins CSV to output_sweeps/bayes_mmrl_search_current/coarse3/search_stage/BayesMMRL/FS/fewshot_train/caltech101/shots_16/ViT-B-16/B_sig-global_pstd-0.05_kl-5e-4_blend-0.5_scale-0.05/seed1/test_calibration_bins.csv
Elapsed: 0:11:17
[清理] 测试完成，已删除 checkpoint 目录: output_sweeps/bayes_mmrl_search_current/coarse3/search_stage/BayesMMRL/FS/fewshot_train/caltech101/shots_16/ViT-B-16/B_sig-global_pstd-0.05_kl-5e-4_blend-0.5_scale-0.05/seed1/refactor_model
