============================================================
START: 2026-04-24 12:35:26
STAGE: search_stage
GPU: 2
METHOD: BayesMMRL
PROTOCOL: FS
EXEC_MODE: online
DATASET: ucf101
SHOTS: 16
SEED: 1
TAG: rep_zero_sig-global_pstd-0.1_kl-1e-5
DATA_ROOT: DATASETS
OUTPUT_ROOT: output_sweeps/bayes_mmrl_rep_tokens_only/coarse3/search_stage
BACKBONE: ViT-B/16
============================================================
[run] REP_TOKENS_SEARCH | dataset=ucf101 | shot=16 | seed=1 | tag=rep_zero_sig-global_pstd-0.1_kl-1e-5
[info] rep_tokens-only stage
[info] EVAL_MODE=mc_predictive, EVAL_AGGREGATION=logit_mean
[info] KL_WARMUP_EPOCHS=8
Setting fixed seed: 1
***************
** Arguments **
***************
dataset_config_file: configs/datasets/ucf101.yaml
eval_only: False
exec_mode: online
exp_config: 
load_epoch: None
method: BayesMMRL
method_config_file: configs/methods/bayesmmrl.yaml
model_dir: 
no_train: False
opts: ['DATASET.NUM_SHOTS', '16', 'DATASET.SUBSAMPLE_CLASSES', 'all', 'MODEL.BACKBONE.NAME', 'ViT-B/16', 'BAYES_MMRL.ALPHA', '0.7', 'BAYES_MMRL.REG_WEIGHT', '0.5', 'BAYES_MMRL.N_REP_TOKENS', '5', 'BAYES_MMRL.REP_LAYERS', '[6,7,8,9,10,11,12]', 'BAYES_MMRL.REP_DIM', '512', 'BAYES_MMRL.N_MC_TRAIN', '3', 'BAYES_MMRL.N_MC_TEST', '10', 'BAYES_MMRL.EVAL_MODE', 'mc_predictive', 'BAYES_MMRL.EVAL_USE_POSTERIOR_MEAN', 'False', 'BAYES_MMRL.EVAL_AGGREGATION', 'logit_mean', 'BAYES_MMRL.KL_WARMUP_EPOCHS', '8', 'BAYES_MMRL.BAYES_TARGET', 'rep_tokens', 'BAYES_MMRL.REP_PRIOR_MODE', 'zero', 'BAYES_MMRL.REP_SIGMA_MODE', 'global', 'BAYES_MMRL.REP_PRIOR_STD', '0.1', 'BAYES_MMRL.REP_KL_WEIGHT', '1e-5']
output_dir: output_sweeps/bayes_mmrl_rep_tokens_only/coarse3/search_stage/BayesMMRL/FS/fewshot_train/ucf101/shots_16/ViT-B-16/rep_zero_sig-global_pstd-0.1_kl-1e-5/seed1
protocol: FS
protocol_config_file: configs/protocols/fs.yaml
root: DATASETS
runtime_config_file: configs/runtime/default.yaml
seed: 1
trainer: RefactorRunner
************
** Config **
************
BAYES_MMRL:
  ALPHA: 0.7
  BAYES_TARGET: rep_tokens
  CLIP_PRIOR_BLEND: 0.5
  CLIP_PRIOR_SCALE: 0.05
  EVAL_AGGREGATION: logit_mean
  EVAL_MODE: mc_predictive
  EVAL_USE_POSTERIOR_MEAN: False
  KL_WARMUP_EPOCHS: 8
  KL_WEIGHT: 0.0005
  N_MC_TEST: 10
  N_MC_TRAIN: 3
  N_REP_TOKENS: 5
  PREC: amp
  PRIOR_STD: 0.05
  PROJ_REP_KL_WEIGHT: 1e-06
  PROJ_REP_PRIOR_MODE: clip_proj
  PROJ_REP_PRIOR_STD: 0.01
  PROJ_REP_SIGMA_MODE: row
  REG_WEIGHT: 0.5
  REP_DIM: 512
  REP_KL_WEIGHT: 1e-05
  REP_LAYERS: [6, 7, 8, 9, 10, 11, 12]
  REP_MN_ENFORCE_TRACE: True
  REP_MN_LOWRANK_RANK: 8
  REP_PRIOR_MODE: zero
  REP_PRIOR_STD: 0.1
  REP_SIGMA_MODE: global
  SIGMA_MODE: global
CLIP_ADAPTERS:
  ALLOW_CACHE: True
  BAYES_KL_SCALE: 1.0
  BAYES_PRIOR_STD: 0.01
  CONSTRAINT: none
  ENHANCED_BASE: none
  INIT: ZS
  KL_WEIGHT: 0.0001
  N_SAMPLES: 3
  N_TEST_SAMPLES: 10
  PREC: fp32
  TYPE: MP
DATALOADER:
  K_TRANSFORMS: 1
  NUM_WORKERS: 8
  RETURN_IMG0: False
  TEST:
    BATCH_SIZE: 250
    SAMPLER: SequentialSampler
  TRAIN_U:
    BATCH_SIZE: 32
    N_DOMAIN: 0
    N_INS: 16
    SAME_AS_X: True
    SAMPLER: RandomSampler
  TRAIN_X:
    BATCH_SIZE: 32
    N_DOMAIN: 0
    N_INS: 16
    SAMPLER: RandomSampler
DATASET:
  ALL_AS_UNLABELED: False
  CIFAR_C_LEVEL: 1
  CIFAR_C_TYPE: 
  NAME: UCF101
  NUM_LABELED: -1
  NUM_SHOTS: 16
  ROOT: DATASETS
  SOURCE_DOMAINS: ()
  STL10_FOLD: -1
  SUBSAMPLE_CLASSES: all
  TARGET_DOMAINS: ()
  VAL_PERCENT: 0.1
INPUT:
  COLORJITTER_B: 0.4
  COLORJITTER_C: 0.4
  COLORJITTER_H: 0.1
  COLORJITTER_S: 0.4
  CROP_PADDING: 4
  CUTOUT_LEN: 16
  CUTOUT_N: 1
  GB_K: 21
  GB_P: 0.5
  GN_MEAN: 0.0
  GN_STD: 0.15
  INTERPOLATION: bicubic
  NO_TRANSFORM: False
  PIXEL_MEAN: [0.48145466, 0.4578275, 0.40821073]
  PIXEL_STD: [0.26862954, 0.26130258, 0.27577711]
  RANDAUGMENT_M: 10
  RANDAUGMENT_N: 2
  RGS_P: 0.2
  RRCROP_SCALE: (0.5, 1)
  SIZE: (224, 224)
  TRANSFORMS: ('random_resized_crop', 'random_flip', 'normalize')
METHOD:
  EXEC_MODE: online
  FAMILY: internal_adaptation
  NAME: BayesMMRL
  TAG: default
MMRL:
  ALPHA: 0.7
  N_REP_TOKENS: 5
  PREC: amp
  REG_WEIGHT: 1.0
  REP_DIM: 512
  REP_LAYERS: [6, 7, 8, 9, 10, 11, 12]
MMRLPP:
  ALPHA: 0.7
  BETA: 0.9
  N_REP_TOKENS: 5
  PREC: amp
  PROJ_LORA_DIM: 64
  REG_WEIGHT: 1.0
  REP_DIM: 512
  REP_LAYERS: [6, 7, 8, 9, 10, 11, 12]
  RES_LORA_DIM: 4
MMRL_MIX:
  ALPHA: 0.7
  LOSS_FUSE_WEIGHT: 0.2
  LOSS_MAIN_WEIGHT: 1.0
  LOSS_REP_WEIGHT: 1.0
  N_REP_TOKENS: 5
  PREC: amp
  REG_WEIGHT: 1.0
  REP_DIM: 512
  REP_LAYERS: [6, 7, 8, 9, 10, 11, 12]
MODEL:
  BACKBONE:
    NAME: ViT-B/16
    PRETRAINED: True
  HEAD:
    ACTIVATION: relu
    BN: True
    DROPOUT: 0.0
    HIDDEN_LAYERS: ()
    NAME: 
  INIT_WEIGHTS: 
OPTIM:
  ADAM_BETA1: 0.9
  ADAM_BETA2: 0.999
  BASE_LR_MULT: 0.1
  GAMMA: 0.1
  LR: 0.001
  LR_SCHEDULER: cosine
  MAX_EPOCH: 50
  MOMENTUM: 0.9
  NAME: adamw
  NEW_LAYERS: ()
  RMSPROP_ALPHA: 0.99
  SGD_DAMPNING: 0
  SGD_NESTEROV: False
  STAGED_LR: False
  STEPSIZE: (-1,)
  WARMUP_CONS_LR: 1e-05
  WARMUP_EPOCH: 1
  WARMUP_MIN_LR: 1e-05
  WARMUP_RECOUNT: True
  WARMUP_TYPE: constant
  WEIGHT_DECAY: 0.0005
OUTPUT_DIR: output_sweeps/bayes_mmrl_rep_tokens_only/coarse3/search_stage/BayesMMRL/FS/fewshot_train/ucf101/shots_16/ViT-B-16/rep_zero_sig-global_pstd-0.1_kl-1e-5/seed1
PROTOCOL:
  NAME: FS
  PHASE: fewshot_train
RESUME: 
RUNTIME:
  OUTPUT_ROOT: output_refactor
  USE_DASSL_TRAINER_BRIDGE: True
SEED: 1
TASK: FS
TEST:
  COMPUTE_CMAT: False
  EVALUATOR: Classification
  FINAL_MODEL: last_step
  NO_TEST: False
  PER_CLASS_RESULT: False
  SPLIT: test
TRAIN:
  CHECKPOINT_FREQ: 0
  COUNT_ITER: train_x
  PRINT_FREQ: 20
TRAINER:
  BayesMMRL:
    ALPHA: 0.7
    BAYES_TARGET: rep_tokens
    CLIP_PRIOR_BLEND: 0.5
    CLIP_PRIOR_SCALE: 0.05
    EVAL_AGGREGATION: logit_mean
    EVAL_MODE: mc_predictive
    EVAL_USE_POSTERIOR_MEAN: False
    KL_WARMUP_EPOCHS: 8
    KL_WEIGHT: 1e-05
    N_MC_TEST: 10
    N_MC_TRAIN: 3
    N_REP_TOKENS: 5
    PREC: amp
    PRIOR_STD: 0.1
    PROJ_REP_KL_WEIGHT: 1e-06
    PROJ_REP_PRIOR_MODE: clip_proj
    PROJ_REP_PRIOR_STD: 0.01
    PROJ_REP_SIGMA_MODE: row
    REG_WEIGHT: 0.5
    REP_DIM: 512
    REP_KL_WEIGHT: 1e-05
    REP_LAYERS: [6, 7, 8, 9, 10, 11, 12]
    REP_MN_ENFORCE_TRACE: True
    REP_MN_LOWRANK_RANK: 8
    REP_PRIOR_MODE: zero
    REP_PRIOR_STD: 0.1
    REP_SIGMA_MODE: global
    SIGMA_MODE: global
  CDAC:
    CLASS_LR_MULTI: 10
    P_THRESH: 0.95
    RAMPUP_COEF: 30
    RAMPUP_ITRS: 1000
    STRONG_TRANSFORMS: ()
    TOPK_MATCH: 5
  CROSSGRAD:
    ALPHA_D: 0.5
    ALPHA_F: 0.5
    EPS_D: 1.0
    EPS_F: 1.0
  ClipADAPTER:
    ALLOW_CACHE: True
    CONSTRAINT: none
    ENHANCED_BASE: none
    INIT: ZS
    PREC: fp32
    TYPE: MP
  DAEL:
    CONF_THRE: 0.95
    STRONG_TRANSFORMS: ()
    WEIGHT_U: 0.5
  DAELDG:
    CONF_THRE: 0.95
    STRONG_TRANSFORMS: ()
    WEIGHT_U: 0.5
  DDAIG:
    ALPHA: 0.5
    CLAMP: False
    CLAMP_MAX: 1.0
    CLAMP_MIN: -1.0
    G_ARCH: 
    LMDA: 0.3
    WARMUP: 0
  DOMAINMIX:
    ALPHA: 1.0
    BETA: 1.0
    TYPE: crossdomain
  ENTMIN:
    LMDA: 0.001
  FIXMATCH:
    CONF_THRE: 0.95
    STRONG_TRANSFORMS: ()
    WEIGHT_U: 1.0
  M3SDA:
    LMDA: 0.5
    N_STEP_F: 4
  MCD:
    N_STEP_F: 4
  MEANTEACHER:
    EMA_ALPHA: 0.999
    RAMPUP: 5
    WEIGHT_U: 1.0
  MIXMATCH:
    MIXUP_BETA: 0.75
    RAMPUP: 20000
    TEMP: 2.0
    WEIGHT_U: 100.0
  MME:
    LMDA: 0.1
  MMRL:
    ALPHA: 0.7
    N_REP_TOKENS: 5
    PREC: amp
    REG_WEIGHT: 1.0
    REP_DIM: 512
    REP_LAYERS: [6, 7, 8, 9, 10, 11, 12]
  MMRLMix:
    ALPHA: 0.7
    LOSS_FUSE_WEIGHT: 0.2
    LOSS_MAIN_WEIGHT: 1.0
    LOSS_REP_WEIGHT: 1.0
    N_REP_TOKENS: 5
    PREC: amp
    REG_WEIGHT: 1.0
    REP_DIM: 512
    REP_LAYERS: [6, 7, 8, 9, 10, 11, 12]
  MMRLpp:
    ALPHA: 0.7
    BETA: 0.9
    N_REP_TOKENS: 5
    PREC: amp
    PROJ_LORA_DIM: 64
    REG_WEIGHT: 1.0
    REP_DIM: 512
    REP_LAYERS: [6, 7, 8, 9, 10, 11, 12]
    RES_LORA_DIM: 4
  NAME: RefactorRunner
  SE:
    CONF_THRE: 0.95
    EMA_ALPHA: 0.999
    RAMPUP: 300
USE_CUDA: True
VERBOSE: True
VERSION: 1
Collecting env info ...
** System info **
PyTorch version: 2.11.0+cu128
Is debug build: False
CUDA used to build PyTorch: 12.8
ROCM used to build PyTorch: N/A

OS: Ubuntu 22.04.1 LTS (x86_64)
GCC version: (Ubuntu 11.3.0-1ubuntu1~22.04) 11.3.0
Clang version: Could not collect
CMake version: version 3.22.1
Libc version: glibc-2.35

Python version: 3.10.20 (main, Mar 11 2026, 17:46:40) [GCC 14.3.0] (64-bit runtime)
Python platform: Linux-5.15.0-78-generic-x86_64-with-glibc2.35
Is CUDA available: True
CUDA runtime version: 11.8.89
CUDA_MODULE_LOADING set to: 
GPU models and configuration: 
GPU 0: NVIDIA GeForce RTX 5090
GPU 1: NVIDIA GeForce RTX 5090
GPU 2: NVIDIA GeForce RTX 5090

Nvidia driver version: 595.58.03
cuDNN version: Probably one of the following:
/usr/lib/x86_64-linux-gnu/libcudnn.so.8.6.0
/usr/lib/x86_64-linux-gnu/libcudnn_adv_infer.so.8.6.0
/usr/lib/x86_64-linux-gnu/libcudnn_adv_train.so.8.6.0
/usr/lib/x86_64-linux-gnu/libcudnn_cnn_infer.so.8.6.0
/usr/lib/x86_64-linux-gnu/libcudnn_cnn_train.so.8.6.0
/usr/lib/x86_64-linux-gnu/libcudnn_ops_infer.so.8.6.0
/usr/lib/x86_64-linux-gnu/libcudnn_ops_train.so.8.6.0
Is XPU available: False
HIP runtime version: N/A
MIOpen runtime version: N/A
Is XNNPACK available: True
Caching allocator config: N/A

CPU:
Architecture:                    x86_64
CPU op-mode(s):                  32-bit, 64-bit
Address sizes:                   52 bits physical, 57 bits virtual
Byte Order:                      Little Endian
CPU(s):                          208
On-line CPU(s) list:             0-207
Vendor ID:                       GenuineIntel
Model name:                      Intel(R) Xeon(R) Platinum 8470Q
CPU family:                      6
Model:                           143
Thread(s) per core:              2
Core(s) per socket:              52
Socket(s):                       2
Stepping:                        8
Frequency boost:                 enabled
CPU max MHz:                     2101.0000
CPU min MHz:                     800.0000
BogoMIPS:                        4200.00
Flags:                           fpu vme de pse tsc msr pae mce cx8 apic sep mtrr pge mca cmov pat pse36 clflush dts acpi mmx fxsr sse sse2 ss ht tm pbe syscall nx pdpe1gb rdtscp lm constant_tsc art arch_perfmon pebs bts rep_good nopl xtopology nonstop_tsc cpuid aperfmperf tsc_known_freq pni pclmulqdq dtes64 ds_cpl vmx smx est tm2 ssse3 sdbg fma cx16 xtpr pdcm pcid dca sse4_1 sse4_2 x2apic movbe popcnt tsc_deadline_timer aes xsave avx f16c rdrand lahf_lm abm 3dnowprefetch cpuid_fault epb cat_l3 cat_l2 cdp_l3 invpcid_single intel_ppin cdp_l2 ssbd mba ibrs ibpb stibp ibrs_enhanced tpr_shadow vnmi flexpriority ept vpid ept_ad fsgsbase tsc_adjust bmi1 avx2 smep bmi2 erms invpcid cqm rdt_a avx512f avx512dq rdseed adx smap avx512ifma clflushopt clwb intel_pt avx512cd sha_ni avx512bw avx512vl xsaveopt xsavec xgetbv1 xsaves cqm_llc cqm_occup_llc cqm_mbm_total cqm_mbm_local split_lock_detect avx_vnni avx512_bf16 wbnoinvd dtherm ida arat pln pts avx512vbmi umip pku ospke waitpkg avx512_vbmi2 gfni vaes vpclmulqdq avx512_vnni avx512_bitalg tme avx512_vpopcntdq la57 rdpid bus_lock_detect cldemote movdiri movdir64b enqcmd fsrm md_clear serialize tsxldtrk pconfig arch_lbr amx_bf16 avx512_fp16 amx_tile amx_int8 flush_l1d arch_capabilities
Virtualization:                  VT-x
L1d cache:                       4.9 MiB (104 instances)
L1i cache:                       3.3 MiB (104 instances)
L2 cache:                        208 MiB (104 instances)
L3 cache:                        210 MiB (2 instances)
NUMA node(s):                    2
NUMA node0 CPU(s):               0-51,104-155
NUMA node1 CPU(s):               52-103,156-207
Vulnerability Itlb multihit:     Not affected
Vulnerability L1tf:              Not affected
Vulnerability Mds:               Not affected
Vulnerability Meltdown:          Not affected
Vulnerability Mmio stale data:   Not affected
Vulnerability Retbleed:          Not affected
Vulnerability Spec store bypass: Mitigation; Speculative Store Bypass disabled via prctl and seccomp
Vulnerability Spectre v1:        Mitigation; usercopy/swapgs barriers and __user pointer sanitization
Vulnerability Spectre v2:        Mitigation; Enhanced IBRS, IBPB conditional, RSB filling, PBRSB-eIBRS SW sequence
Vulnerability Srbds:             Not affected
Vulnerability Tsx async abort:   Not affected

Versions of relevant libraries:
[pip3] flake8==3.7.9
[pip3] numpy==2.2.6
[pip3] nvidia-cublas-cu12==12.8.4.1
[pip3] nvidia-cuda-cupti-cu12==12.8.90
[pip3] nvidia-cuda-nvrtc-cu12==12.8.93
[pip3] nvidia-cuda-runtime-cu12==12.8.90
[pip3] nvidia-cudnn-cu12==9.19.0.56
[pip3] nvidia-cufft-cu12==11.3.3.83
[pip3] nvidia-curand-cu12==10.3.9.90
[pip3] nvidia-cusolver-cu12==11.7.3.90
[pip3] nvidia-cusparse-cu12==12.5.8.93
[pip3] nvidia-cusparselt-cu12==0.7.1
[pip3] nvidia-nccl-cu12==2.28.9
[pip3] nvidia-nvjitlink-cu12==12.8.93
[pip3] nvidia-nvtx-cu12==12.8.90
[pip3] torch==2.11.0+cu128
[pip3] torchaudio==2.11.0+cu128
[pip3] torchvision==0.26.0+cu128
[pip3] triton==3.6.0
[conda] numpy                     2.2.6                    pypi_0    pypi
[conda] nvidia-cublas-cu12        12.8.4.1                 pypi_0    pypi
[conda] nvidia-cuda-cupti-cu12    12.8.90                  pypi_0    pypi
[conda] nvidia-cuda-nvrtc-cu12    12.8.93                  pypi_0    pypi
[conda] nvidia-cuda-runtime-cu12  12.8.90                  pypi_0    pypi
[conda] nvidia-cudnn-cu12         9.19.0.56                pypi_0    pypi
[conda] nvidia-cufft-cu12         11.3.3.83                pypi_0    pypi
[conda] nvidia-curand-cu12        10.3.9.90                pypi_0    pypi
[conda] nvidia-cusolver-cu12      11.7.3.90                pypi_0    pypi
[conda] nvidia-cusparse-cu12      12.5.8.93                pypi_0    pypi
[conda] nvidia-cusparselt-cu12    0.7.1                    pypi_0    pypi
[conda] nvidia-nccl-cu12          2.28.9                   pypi_0    pypi
[conda] nvidia-nvjitlink-cu12     12.8.93                  pypi_0    pypi
[conda] nvidia-nvtx-cu12          12.8.90                  pypi_0    pypi
[conda] torch                     2.11.0+cu128             pypi_0    pypi
[conda] torchaudio                2.11.0+cu128             pypi_0    pypi
[conda] torchvision               0.26.0+cu128             pypi_0    pypi
[conda] triton                    3.6.0                    pypi_0    pypi
        Pillow (12.1.1)

Loading trainer: RefactorRunner
Loading dataset: UCF101
Reading split from /root/autodl-tmp/MMRL/DATASETS/ucf101/split_zhou_UCF101.json
Loading preprocessed few-shot data from /root/autodl-tmp/MMRL/DATASETS/ucf101/split_fewshot/shot_16-seed_1.pkl
Building transform_train
+ random resized crop (size=(224, 224), scale=(0.5, 1))
+ random flip
+ to torch tensor of range [0, 1]
+ normalization (mean=[0.48145466, 0.4578275, 0.40821073], std=[0.26862954, 0.26130258, 0.27577711])
Building transform_test
+ resize the smaller edge to 224
+ 224x224 center crop
+ to torch tensor of range [0, 1]
+ normalization (mean=[0.48145466, 0.4578275, 0.40821073], std=[0.26862954, 0.26130258, 0.27577711])
---------  ------
Dataset    UCF101
# classes  101
# train_x  1,616
# val      404
# test     3,783
---------  ------
/root/autodl-tmp/MMRL/trainers/refactor_runner.py:61: FutureWarning: `torch.cuda.amp.GradScaler(args...)` is deprecated. Please use `torch.amp.GradScaler('cuda', args...)` instead.
  self.scaler = GradScaler() if prec == "amp" else None
[BayesMMRLMethod] trainable params: {'representation_learner.compound_rep_tokens_r2tproj.0.weight', 'representation_learner.compound_rep_tokens_r2tproj.1.bias', 'representation_learner.compound_rep_tokens_r2vproj.6.weight', 'representation_learner.compound_rep_tokens_r2tproj.2.weight', 'representation_learner.compound_rep_tokens_r2vproj.3.weight', 'representation_learner.compound_rep_tokens_r2vproj.4.bias', 'representation_learner.compound_rep_tokens_r2tproj.3.weight', 'image_encoder.proj_rep', 'representation_learner.compound_rep_tokens_r2tproj.0.bias', 'representation_learner.compound_rep_tokens_r2vproj.5.bias', 'representation_learner.compound_rep_tokens_r2vproj.4.weight', 'representation_learner.compound_rep_tokens_r2vproj.0.bias', 'representation_learner.compound_rep_tokens_r2tproj.6.weight', 'representation_learner.compound_rep_tokens_r2tproj.4.bias', 'representation_learner.rep_posterior.posterior_mean', 'representation_learner.compound_rep_tokens_r2vproj.5.weight', 'representation_learner.compound_rep_tokens_r2tproj.4.weight', 'representation_learner.compound_rep_tokens_r2vproj.6.bias', 'representation_learner.compound_rep_tokens_r2tproj.5.bias', 'representation_learner.compound_rep_tokens_r2vproj.3.bias', 'representation_learner.compound_rep_tokens_r2tproj.5.weight', 'representation_learner.compound_rep_tokens_r2vproj.2.bias', 'representation_learner.compound_rep_tokens_r2vproj.2.weight', 'representation_learner.compound_rep_tokens_r2tproj.2.bias', 'representation_learner.compound_rep_tokens_r2tproj.3.bias', 'representation_learner.compound_rep_tokens_r2vproj.1.bias', 'representation_learner.rep_posterior.posterior_rho', 'representation_learner.compound_rep_tokens_r2vproj.0.weight', 'representation_learner.compound_rep_tokens_r2vproj.1.weight', 'representation_learner.compound_rep_tokens_r2tproj.1.weight', 'representation_learner.compound_rep_tokens_r2tproj.6.bias'}
Loading evaluator: Classification
No checkpoint found, train from scratch
Initialize tensorboard (log_dir=output_sweeps/bayes_mmrl_rep_tokens_only/coarse3/search_stage/BayesMMRL/FS/fewshot_train/ucf101/shots_16/ViT-B-16/rep_zero_sig-global_pstd-0.1_kl-1e-5/seed1/tensorboard)
/root/autodl-tmp/MMRL/executors/online_executor.py:48: FutureWarning: `torch.cuda.amp.autocast(args...)` is deprecated. Please use `torch.amp.autocast('cuda', args...)` instead.
  with autocast():
epoch [1/50] batch [20/50] time 0.164 (0.302) data 0.000 (0.047) loss 2.8763 (2.8321) acc 59.3750 (64.0625) data_term 2.8763 (2.8321) raw_kl_rep 0.0012 (0.0004) raw_kl_proj_rep 0.0000 (0.0000) kl_rep_term 0.0000 (0.0000) kl_proj_rep_term 0.0000 (0.0000) kl_term 0.0000 (0.0000) kl_normalizer 50.0000 (50.0000) kl_beta 0.0000 (0.0000) lr 1.0000e-05 eta 0:12:29
epoch [1/50] batch [40/50] time 0.276 (0.257) data 0.000 (0.023) loss 2.8548 (2.7686) acc 56.2500 (63.4375) data_term 2.8548 (2.7686) raw_kl_rep 0.0042 (0.0015) raw_kl_proj_rep 0.0000 (0.0000) kl_rep_term 0.0000 (0.0000) kl_proj_rep_term 0.0000 (0.0000) kl_term 0.0000 (0.0000) kl_normalizer 50.0000 (50.0000) kl_beta 0.0000 (0.0000) lr 1.0000e-05 eta 0:10:31
epoch [2/50] batch [20/50] time 0.199 (0.291) data 0.000 (0.062) loss 1.9088 (2.0819) acc 62.5000 (67.5000) data_term 1.9088 (2.0819) raw_kl_rep 6.7811 (2.5466) raw_kl_proj_rep 0.0000 (0.0000) kl_rep_term 0.0000 (0.0000) kl_proj_rep_term 0.0000 (0.0000) kl_term 0.0000 (0.0000) kl_normalizer 50.0000 (50.0000) kl_beta 0.0000 (0.0000) lr 1.0000e-03 eta 0:11:46
epoch [2/50] batch [40/50] time 0.137 (0.255) data 0.000 (0.031) loss 1.2699 (1.7104) acc 75.0000 (68.7500) data_term 1.2699 (1.7104) raw_kl_rep 23.6251 (8.9788) raw_kl_proj_rep 0.0000 (0.0000) kl_rep_term 0.0000 (0.0000) kl_proj_rep_term 0.0000 (0.0000) kl_term 0.0000 (0.0000) kl_normalizer 50.0000 (50.0000) kl_beta 0.0000 (0.0000) lr 1.0000e-03 eta 0:10:15
epoch [3/50] batch [20/50] time 0.313 (0.266) data 0.000 (0.033) loss 0.7576 (0.8623) acc 87.5000 (81.5625) data_term 0.7576 (0.8623) raw_kl_rep 39.4269 (34.3653) raw_kl_proj_rep 0.0000 (0.0000) kl_rep_term 0.0000 (0.0000) kl_proj_rep_term 0.0000 (0.0000) kl_term 0.0000 (0.0000) kl_normalizer 50.0000 (50.0000) kl_beta 0.0000 (0.0000) lr 9.9901e-04 eta 0:10:34
epoch [3/50] batch [40/50] time 0.362 (0.246) data 0.000 (0.017) loss 0.7627 (0.8654) acc 75.0000 (79.0625) data_term 0.7627 (0.8654) raw_kl_rep 52.0107 (40.0774) raw_kl_proj_rep 0.0000 (0.0000) kl_rep_term 0.0000 (0.0000) kl_proj_rep_term 0.0000 (0.0000) kl_term 0.0000 (0.0000) kl_normalizer 50.0000 (50.0000) kl_beta 0.0000 (0.0000) lr 9.9901e-04 eta 0:09:40
epoch [4/50] batch [20/50] time 0.178 (0.240) data 0.000 (0.032) loss 0.6048 (0.6604) acc 84.3750 (87.5000) data_term 0.6048 (0.6604) raw_kl_rep 70.0106 (63.6953) raw_kl_proj_rep 0.0000 (0.0000) kl_rep_term 0.0000 (0.0000) kl_proj_rep_term 0.0000 (0.0000) kl_term 0.0000 (0.0000) kl_normalizer 50.0000 (50.0000) kl_beta 0.0000 (0.0000) lr 9.9606e-04 eta 0:09:18
epoch [4/50] batch [40/50] time 0.384 (0.228) data 0.000 (0.016) loss 0.6334 (0.6978) acc 90.6250 (85.7812) data_term 0.6334 (0.6978) raw_kl_rep 85.2247 (70.9692) raw_kl_proj_rep 0.0000 (0.0000) kl_rep_term 0.0000 (0.0000) kl_proj_rep_term 0.0000 (0.0000) kl_term 0.0000 (0.0000) kl_normalizer 50.0000 (50.0000) kl_beta 0.0000 (0.0000) lr 9.9606e-04 eta 0:08:46
epoch [5/50] batch [20/50] time 0.239 (0.285) data 0.000 (0.031) loss 0.5064 (0.5984) acc 90.6250 (87.5000) data_term 0.5064 (0.5984) raw_kl_rep 104.9437 (98.5771) raw_kl_proj_rep 0.0000 (0.0000) kl_rep_term 0.0000 (0.0000) kl_proj_rep_term 0.0000 (0.0000) kl_term 0.0000 (0.0000) kl_normalizer 50.0000 (50.0000) kl_beta 0.0000 (0.0000) lr 9.9114e-04 eta 0:10:50
epoch [5/50] batch [40/50] time 0.651 (0.256) data 0.000 (0.016) loss 0.4601 (0.6073) acc 90.6250 (88.1250) data_term 0.4601 (0.6073) raw_kl_rep 122.0077 (106.2644) raw_kl_proj_rep 0.0000 (0.0000) kl_rep_term 0.0000 (0.0000) kl_proj_rep_term 0.0000 (0.0000) kl_term 0.0000 (0.0000) kl_normalizer 50.0000 (50.0000) kl_beta 0.0000 (0.0000) lr 9.9114e-04 eta 0:09:38
epoch [6/50] batch [20/50] time 0.306 (0.288) data 0.001 (0.037) loss 0.7318 (0.5452) acc 84.3750 (90.0000) data_term 0.7318 (0.5452) raw_kl_rep 143.9316 (137.6829) raw_kl_proj_rep 0.0000 (0.0000) kl_rep_term 0.0000 (0.0000) kl_proj_rep_term 0.0000 (0.0000) kl_term 0.0000 (0.0000) kl_normalizer 50.0000 (50.0000) kl_beta 0.0000 (0.0000) lr 9.8429e-04 eta 0:10:41
epoch [6/50] batch [40/50] time 0.212 (0.260) data 0.000 (0.019) loss 0.5646 (0.5450) acc 93.7500 (90.4688) data_term 0.5646 (0.5450) raw_kl_rep 159.2942 (144.5886) raw_kl_proj_rep 0.0000 (0.0000) kl_rep_term 0.0000 (0.0000) kl_proj_rep_term 0.0000 (0.0000) kl_term 0.0000 (0.0000) kl_normalizer 50.0000 (50.0000) kl_beta 0.0000 (0.0000) lr 9.8429e-04 eta 0:09:34
epoch [7/50] batch [20/50] time 0.197 (0.269) data 0.000 (0.033) loss 0.5365 (0.4284) acc 90.6250 (93.9062) data_term 0.5365 (0.4284) raw_kl_rep 183.2353 (174.7942) raw_kl_proj_rep 0.0000 (0.0000) kl_rep_term 0.0000 (0.0000) kl_proj_rep_term 0.0000 (0.0000) kl_term 0.0000 (0.0000) kl_normalizer 50.0000 (50.0000) kl_beta 0.0000 (0.0000) lr 9.7553e-04 eta 0:09:45
epoch [7/50] batch [40/50] time 0.404 (0.255) data 0.000 (0.017) loss 0.3988 (0.4742) acc 90.6250 (92.8125) data_term 0.3988 (0.4742) raw_kl_rep 197.2178 (182.4741) raw_kl_proj_rep 0.0000 (0.0000) kl_rep_term 0.0000 (0.0000) kl_proj_rep_term 0.0000 (0.0000) kl_term 0.0000 (0.0000) kl_normalizer 50.0000 (50.0000) kl_beta 0.0000 (0.0000) lr 9.7553e-04 eta 0:09:11
epoch [8/50] batch [20/50] time 0.220 (0.258) data 0.000 (0.028) loss 0.3933 (0.4562) acc 93.7500 (94.0625) data_term 0.3933 (0.4562) raw_kl_rep 215.2812 (209.5381) raw_kl_proj_rep 0.0000 (0.0000) kl_rep_term 0.0000 (0.0000) kl_proj_rep_term 0.0000 (0.0000) kl_term 0.0000 (0.0000) kl_normalizer 50.0000 (50.0000) kl_beta 0.0000 (0.0000) lr 9.6489e-04 eta 0:09:08
epoch [8/50] batch [40/50] time 0.129 (0.231) data 0.000 (0.014) loss 0.4522 (0.4454) acc 93.7500 (93.8281) data_term 0.4522 (0.4454) raw_kl_rep 228.3871 (215.7089) raw_kl_proj_rep 0.0000 (0.0000) kl_rep_term 0.0000 (0.0000) kl_proj_rep_term 0.0000 (0.0000) kl_term 0.0000 (0.0000) kl_normalizer 50.0000 (50.0000) kl_beta 0.0000 (0.0000) lr 9.6489e-04 eta 0:08:08
epoch [9/50] batch [20/50] time 0.288 (0.299) data 0.000 (0.037) loss 0.2778 (0.3886) acc 93.7500 (95.4688) data_term 0.2778 (0.3886) raw_kl_rep 252.7955 (246.1522) raw_kl_proj_rep 0.0000 (0.0000) kl_rep_term 0.0000 (0.0000) kl_proj_rep_term 0.0000 (0.0000) kl_term 0.0000 (0.0000) kl_normalizer 50.0000 (50.0000) kl_beta 0.0000 (0.0000) lr 9.5241e-04 eta 0:10:21
epoch [9/50] batch [40/50] time 0.350 (0.285) data 0.000 (0.019) loss 0.3548 (0.3900) acc 100.0000 (95.6250) data_term 0.3548 (0.3900) raw_kl_rep 267.0513 (253.0346) raw_kl_proj_rep 0.0000 (0.0000) kl_rep_term 0.0000 (0.0000) kl_proj_rep_term 0.0000 (0.0000) kl_term 0.0000 (0.0000) kl_normalizer 50.0000 (50.0000) kl_beta 0.0000 (0.0000) lr 9.5241e-04 eta 0:09:46
epoch [10/50] batch [20/50] time 0.516 (0.297) data 0.000 (0.033) loss 0.2547 (0.3702) acc 96.8750 (96.8750) data_term 0.2547 (0.3702) raw_kl_rep 285.8006 (279.0107) raw_kl_proj_rep 0.0000 (0.0000) kl_rep_term 0.0000 (0.0000) kl_proj_rep_term 0.0000 (0.0000) kl_term 0.0000 (0.0000) kl_normalizer 50.0000 (50.0000) kl_beta 0.0244 (0.0244) lr 9.3815e-04 eta 0:10:03
epoch [10/50] batch [40/50] time 0.322 (0.275) data 0.000 (0.017) loss 0.2669 (0.3611) acc 100.0000 (96.4844) data_term 0.2669 (0.3611) raw_kl_rep 299.5932 (285.7832) raw_kl_proj_rep 0.0000 (0.0000) kl_rep_term 0.0000 (0.0000) kl_proj_rep_term 0.0000 (0.0000) kl_term 0.0000 (0.0000) kl_normalizer 50.0000 (50.0000) kl_beta 0.0244 (0.0244) lr 9.3815e-04 eta 0:09:13
epoch [11/50] batch [20/50] time 0.160 (0.304) data 0.000 (0.032) loss 0.5006 (0.3613) acc 90.6250 (96.7188) data_term 0.5006 (0.3613) raw_kl_rep 317.1947 (312.0988) raw_kl_proj_rep 0.0000 (0.0000) kl_rep_term 0.0000 (0.0000) kl_proj_rep_term 0.0000 (0.0000) kl_term 0.0000 (0.0000) kl_normalizer 50.0000 (50.0000) kl_beta 0.0488 (0.0488) lr 9.2216e-04 eta 0:10:01
epoch [11/50] batch [40/50] time 0.193 (0.274) data 0.000 (0.016) loss 0.6157 (0.3715) acc 96.8750 (96.5625) data_term 0.6157 (0.3715) raw_kl_rep 327.2619 (317.0716) raw_kl_proj_rep 0.0000 (0.0000) kl_rep_term 0.0000 (0.0000) kl_proj_rep_term 0.0000 (0.0000) kl_term 0.0000 (0.0000) kl_normalizer 50.0000 (50.0000) kl_beta 0.0488 (0.0488) lr 9.2216e-04 eta 0:08:56
epoch [12/50] batch [20/50] time 0.329 (0.250) data 0.000 (0.027) loss 0.2382 (0.3269) acc 100.0000 (97.0312) data_term 0.2382 (0.3269) raw_kl_rep 341.8954 (337.0002) raw_kl_proj_rep 0.0000 (0.0000) kl_rep_term 0.0000 (0.0000) kl_proj_rep_term 0.0000 (0.0000) kl_term 0.0000 (0.0000) kl_normalizer 50.0000 (50.0000) kl_beta 0.0732 (0.0732) lr 9.0451e-04 eta 0:08:02
epoch [12/50] batch [40/50] time 0.219 (0.242) data 0.000 (0.014) loss 0.1593 (0.3288) acc 100.0000 (96.7969) data_term 0.1593 (0.3288) raw_kl_rep 352.0100 (342.0883) raw_kl_proj_rep 0.0000 (0.0000) kl_rep_term 0.0000 (0.0000) kl_proj_rep_term 0.0000 (0.0000) kl_term 0.0000 (0.0000) kl_normalizer 50.0000 (50.0000) kl_beta 0.0732 (0.0732) lr 9.0451e-04 eta 0:07:42
epoch [13/50] batch [20/50] time 0.222 (0.340) data 0.000 (0.036) loss 0.3550 (0.3486) acc 96.8750 (96.4062) data_term 0.3550 (0.3486) raw_kl_rep 368.6261 (363.3044) raw_kl_proj_rep 0.0000 (0.0000) kl_rep_term 0.0000 (0.0000) kl_proj_rep_term 0.0000 (0.0000) kl_term 0.0000 (0.0000) kl_normalizer 50.0000 (50.0000) kl_beta 0.0976 (0.0976) lr 8.8526e-04 eta 0:10:39
epoch [13/50] batch [40/50] time 0.360 (0.267) data 0.000 (0.018) loss 0.3191 (0.3272) acc 96.8750 (96.7188) data_term 0.3191 (0.3272) raw_kl_rep 377.8255 (368.5571) raw_kl_proj_rep 0.0000 (0.0000) kl_rep_term 0.0000 (0.0000) kl_proj_rep_term 0.0000 (0.0000) kl_term 0.0000 (0.0000) kl_normalizer 50.0000 (50.0000) kl_beta 0.0976 (0.0976) lr 8.8526e-04 eta 0:08:16
epoch [14/50] batch [20/50] time 0.274 (0.284) data 0.000 (0.032) loss 0.3300 (0.3113) acc 93.7500 (96.5625) data_term 0.3300 (0.3113) raw_kl_rep 395.4859 (389.4459) raw_kl_proj_rep 0.0000 (0.0000) kl_rep_term 0.0000 (0.0000) kl_proj_rep_term 0.0000 (0.0000) kl_term 0.0000 (0.0000) kl_normalizer 50.0000 (50.0000) kl_beta 0.1220 (0.1220) lr 8.6448e-04 eta 0:08:38
epoch [14/50] batch [40/50] time 0.238 (0.282) data 0.000 (0.016) loss 0.4688 (0.3365) acc 93.7500 (96.4844) data_term 0.4688 (0.3365) raw_kl_rep 408.7241 (395.9389) raw_kl_proj_rep 0.0000 (0.0000) kl_rep_term 0.0000 (0.0000) kl_proj_rep_term 0.0000 (0.0000) kl_term 0.0000 (0.0000) kl_normalizer 50.0000 (50.0000) kl_beta 0.1220 (0.1220) lr 8.6448e-04 eta 0:08:30
epoch [15/50] batch [20/50] time 0.446 (0.267) data 0.000 (0.028) loss 0.3322 (0.3086) acc 93.7500 (97.0312) data_term 0.3322 (0.3086) raw_kl_rep 420.0210 (416.8288) raw_kl_proj_rep 0.0000 (0.0000) kl_rep_term 0.0000 (0.0000) kl_proj_rep_term 0.0000 (0.0000) kl_term 0.0000 (0.0000) kl_normalizer 50.0000 (50.0000) kl_beta 0.1463 (0.1463) lr 8.4227e-04 eta 0:07:54
epoch [15/50] batch [40/50] time 0.171 (0.260) data 0.000 (0.014) loss 0.2004 (0.3301) acc 100.0000 (96.5625) data_term 0.2004 (0.3301) raw_kl_rep 429.3323 (420.9627) raw_kl_proj_rep 0.0000 (0.0000) kl_rep_term 0.0000 (0.0000) kl_proj_rep_term 0.0000 (0.0000) kl_term 0.0000 (0.0000) kl_normalizer 50.0000 (50.0000) kl_beta 0.1463 (0.1463) lr 8.4227e-04 eta 0:07:38
epoch [16/50] batch [20/50] time 0.313 (0.285) data 0.000 (0.027) loss 0.1596 (0.2719) acc 100.0000 (97.8125) data_term 0.1596 (0.2718) raw_kl_rep 443.3884 (437.4226) raw_kl_proj_rep 0.0000 (0.0000) kl_rep_term 0.0000 (0.0000) kl_proj_rep_term 0.0000 (0.0000) kl_term 0.0000 (0.0000) kl_normalizer 50.0000 (50.0000) kl_beta 0.1707 (0.1707) lr 8.1871e-04 eta 0:08:12
epoch [16/50] batch [40/50] time 0.180 (0.259) data 0.000 (0.014) loss 0.2047 (0.2692) acc 100.0000 (98.3594) data_term 0.2047 (0.2692) raw_kl_rep 455.6060 (443.7122) raw_kl_proj_rep 0.0000 (0.0000) kl_rep_term 0.0000 (0.0000) kl_proj_rep_term 0.0000 (0.0000) kl_term 0.0000 (0.0000) kl_normalizer 50.0000 (50.0000) kl_beta 0.1707 (0.1707) lr 8.1871e-04 eta 0:07:23
epoch [17/50] batch [20/50] time 0.169 (0.237) data 0.000 (0.027) loss 0.1946 (0.2767) acc 100.0000 (99.2188) data_term 0.1946 (0.2767) raw_kl_rep 475.0092 (468.9290) raw_kl_proj_rep 0.0000 (0.0000) kl_rep_term 0.0000 (0.0000) kl_proj_rep_term 0.0000 (0.0000) kl_term 0.0000 (0.0000) kl_normalizer 50.0000 (50.0000) kl_beta 0.1951 (0.1951) lr 7.9389e-04 eta 0:06:38
epoch [17/50] batch [40/50] time 0.280 (0.242) data 0.000 (0.014) loss 0.2325 (0.2708) acc 96.8750 (98.7500) data_term 0.2325 (0.2708) raw_kl_rep 485.0211 (474.8673) raw_kl_proj_rep 0.0000 (0.0000) kl_rep_term 0.0000 (0.0000) kl_proj_rep_term 0.0000 (0.0000) kl_term 0.0000 (0.0000) kl_normalizer 50.0000 (50.0000) kl_beta 0.1951 (0.1951) lr 7.9389e-04 eta 0:06:41
epoch [18/50] batch [20/50] time 0.185 (0.249) data 0.000 (0.029) loss 0.1447 (0.2811) acc 100.0000 (98.5938) data_term 0.1447 (0.2811) raw_kl_rep 502.1099 (496.4579) raw_kl_proj_rep 0.0000 (0.0000) kl_rep_term 0.0000 (0.0000) kl_proj_rep_term 0.0000 (0.0000) kl_term 0.0000 (0.0000) kl_normalizer 50.0000 (50.0000) kl_beta 0.2195 (0.2195) lr 7.6791e-04 eta 0:06:45
epoch [18/50] batch [40/50] time 0.322 (0.238) data 0.000 (0.015) loss 0.1521 (0.2805) acc 100.0000 (98.5156) data_term 0.1521 (0.2805) raw_kl_rep 510.7714 (501.5827) raw_kl_proj_rep 0.0000 (0.0000) kl_rep_term 0.0000 (0.0000) kl_proj_rep_term 0.0000 (0.0000) kl_term 0.0000 (0.0000) kl_normalizer 50.0000 (50.0000) kl_beta 0.2195 (0.2195) lr 7.6791e-04 eta 0:06:23
epoch [19/50] batch [20/50] time 0.289 (0.268) data 0.000 (0.034) loss 0.2229 (0.2524) acc 100.0000 (98.2812) data_term 0.2229 (0.2524) raw_kl_rep 528.7661 (522.3082) raw_kl_proj_rep 0.0000 (0.0000) kl_rep_term 0.0000 (0.0000) kl_proj_rep_term 0.0000 (0.0000) kl_term 0.0000 (0.0000) kl_normalizer 50.0000 (50.0000) kl_beta 0.2439 (0.2439) lr 7.4088e-04 eta 0:07:02
epoch [19/50] batch [40/50] time 0.171 (0.256) data 0.000 (0.017) loss 0.1724 (0.2755) acc 100.0000 (97.8906) data_term 0.1724 (0.2754) raw_kl_rep 535.7552 (527.4360) raw_kl_proj_rep 0.0000 (0.0000) kl_rep_term 0.0000 (0.0000) kl_proj_rep_term 0.0000 (0.0000) kl_term 0.0000 (0.0000) kl_normalizer 50.0000 (50.0000) kl_beta 0.2439 (0.2439) lr 7.4088e-04 eta 0:06:39
epoch [20/50] batch [20/50] time 0.236 (0.269) data 0.000 (0.030) loss 0.2120 (0.2414) acc 96.8750 (98.5938) data_term 0.2120 (0.2413) raw_kl_rep 544.1301 (541.5785) raw_kl_proj_rep 0.0000 (0.0000) kl_rep_term 0.0000 (0.0000) kl_proj_rep_term 0.0000 (0.0000) kl_term 0.0000 (0.0000) kl_normalizer 50.0000 (50.0000) kl_beta 0.2683 (0.2683) lr 7.1289e-04 eta 0:06:50
epoch [20/50] batch [40/50] time 0.417 (0.235) data 0.000 (0.015) loss 0.2758 (0.2528) acc 100.0000 (98.2812) data_term 0.2758 (0.2528) raw_kl_rep 554.4861 (545.4362) raw_kl_proj_rep 0.0000 (0.0000) kl_rep_term 0.0000 (0.0000) kl_proj_rep_term 0.0000 (0.0000) kl_term 0.0000 (0.0000) kl_normalizer 50.0000 (50.0000) kl_beta 0.2683 (0.2683) lr 7.1289e-04 eta 0:05:54
epoch [21/50] batch [20/50] time 0.174 (0.246) data 0.000 (0.027) loss 0.1955 (0.2382) acc 100.0000 (98.9062) data_term 0.1955 (0.2381) raw_kl_rep 567.3485 (563.0847) raw_kl_proj_rep 0.0000 (0.0000) kl_rep_term 0.0000 (0.0000) kl_proj_rep_term 0.0000 (0.0000) kl_term 0.0000 (0.0000) kl_normalizer 50.0000 (50.0000) kl_beta 0.2927 (0.2927) lr 6.8406e-04 eta 0:06:03
epoch [21/50] batch [40/50] time 0.152 (0.232) data 0.000 (0.014) loss 0.1769 (0.2357) acc 100.0000 (98.7500) data_term 0.1769 (0.2356) raw_kl_rep 574.7855 (567.3532) raw_kl_proj_rep 0.0000 (0.0000) kl_rep_term 0.0000 (0.0000) kl_proj_rep_term 0.0000 (0.0000) kl_term 0.0000 (0.0000) kl_normalizer 50.0000 (50.0000) kl_beta 0.2927 (0.2927) lr 6.8406e-04 eta 0:05:38
epoch [22/50] batch [20/50] time 0.221 (0.251) data 0.000 (0.026) loss 0.4620 (0.2392) acc 96.8750 (98.7500) data_term 0.4620 (0.2392) raw_kl_rep 583.9293 (581.1454) raw_kl_proj_rep 0.0000 (0.0000) kl_rep_term 0.0000 (0.0000) kl_proj_rep_term 0.0000 (0.0000) kl_term 0.0000 (0.0000) kl_normalizer 50.0000 (50.0000) kl_beta 0.3171 (0.3171) lr 6.5451e-04 eta 0:05:58
epoch [22/50] batch [40/50] time 0.145 (0.252) data 0.000 (0.013) loss 0.3038 (0.2370) acc 96.8750 (98.7500) data_term 0.3038 (0.2370) raw_kl_rep 591.2270 (584.3119) raw_kl_proj_rep 0.0000 (0.0000) kl_rep_term 0.0000 (0.0000) kl_proj_rep_term 0.0000 (0.0000) kl_term 0.0000 (0.0000) kl_normalizer 50.0000 (50.0000) kl_beta 0.3171 (0.3171) lr 6.5451e-04 eta 0:05:54
epoch [23/50] batch [20/50] time 0.216 (0.281) data 0.000 (0.036) loss 0.2542 (0.2063) acc 96.8750 (99.3750) data_term 0.2542 (0.2062) raw_kl_rep 603.7449 (599.7719) raw_kl_proj_rep 0.0000 (0.0000) kl_rep_term 0.0000 (0.0000) kl_proj_rep_term 0.0000 (0.0000) kl_term 0.0000 (0.0000) kl_normalizer 50.0000 (50.0000) kl_beta 0.3415 (0.3415) lr 6.2434e-04 eta 0:06:27
epoch [23/50] batch [40/50] time 0.125 (0.255) data 0.000 (0.018) loss 0.2686 (0.2235) acc 100.0000 (99.1406) data_term 0.2686 (0.2235) raw_kl_rep 610.8545 (603.5691) raw_kl_proj_rep 0.0000 (0.0000) kl_rep_term 0.0000 (0.0000) kl_proj_rep_term 0.0000 (0.0000) kl_term 0.0000 (0.0000) kl_normalizer 50.0000 (50.0000) kl_beta 0.3415 (0.3415) lr 6.2434e-04 eta 0:05:46
epoch [24/50] batch [20/50] time 0.294 (0.312) data 0.000 (0.035) loss 0.1446 (0.2192) acc 100.0000 (99.2188) data_term 0.1446 (0.2192) raw_kl_rep 621.3060 (618.3474) raw_kl_proj_rep 0.0000 (0.0000) kl_rep_term 0.0000 (0.0000) kl_proj_rep_term 0.0000 (0.0000) kl_term 0.0000 (0.0000) kl_normalizer 50.0000 (50.0000) kl_beta 0.3659 (0.3659) lr 5.9369e-04 eta 0:06:55
epoch [24/50] batch [40/50] time 0.133 (0.277) data 0.000 (0.018) loss 0.2299 (0.2215) acc 100.0000 (98.9844) data_term 0.2299 (0.2215) raw_kl_rep 630.7057 (622.2634) raw_kl_proj_rep 0.0000 (0.0000) kl_rep_term 0.0000 (0.0000) kl_proj_rep_term 0.0000 (0.0000) kl_term 0.0000 (0.0000) kl_normalizer 50.0000 (50.0000) kl_beta 0.3659 (0.3659) lr 5.9369e-04 eta 0:06:02
epoch [25/50] batch [20/50] time 0.199 (0.315) data 0.000 (0.029) loss 0.2236 (0.1867) acc 100.0000 (99.6875) data_term 0.2235 (0.1867) raw_kl_rep 641.1802 (638.1171) raw_kl_proj_rep 0.0000 (0.0000) kl_rep_term 0.0001 (0.0000) kl_proj_rep_term 0.0000 (0.0000) kl_term 0.0001 (0.0000) kl_normalizer 50.0000 (50.0000) kl_beta 0.3902 (0.3902) lr 5.6267e-04 eta 0:06:43
epoch [25/50] batch [40/50] time 0.257 (0.292) data 0.000 (0.015) loss 0.2652 (0.2159) acc 100.0000 (99.1406) data_term 0.2652 (0.2158) raw_kl_rep 648.1646 (641.4416) raw_kl_proj_rep 0.0000 (0.0000) kl_rep_term 0.0001 (0.0001) kl_proj_rep_term 0.0000 (0.0000) kl_term 0.0001 (0.0001) kl_normalizer 50.0000 (50.0000) kl_beta 0.3902 (0.3902) lr 5.6267e-04 eta 0:06:08
epoch [26/50] batch [20/50] time 0.211 (0.293) data 0.000 (0.028) loss 0.2161 (0.1879) acc 100.0000 (99.3750) data_term 0.2160 (0.1878) raw_kl_rep 660.1466 (656.5573) raw_kl_proj_rep 0.0000 (0.0000) kl_rep_term 0.0001 (0.0001) kl_proj_rep_term 0.0000 (0.0000) kl_term 0.0001 (0.0001) kl_normalizer 50.0000 (50.0000) kl_beta 0.4146 (0.4146) lr 5.3140e-04 eta 0:06:00
epoch [26/50] batch [40/50] time 0.303 (0.243) data 0.000 (0.014) loss 0.2113 (0.1888) acc 96.8750 (99.2188) data_term 0.2113 (0.1888) raw_kl_rep 665.9315 (659.7749) raw_kl_proj_rep 0.0000 (0.0000) kl_rep_term 0.0001 (0.0001) kl_proj_rep_term 0.0000 (0.0000) kl_term 0.0001 (0.0001) kl_normalizer 50.0000 (50.0000) kl_beta 0.4146 (0.4146) lr 5.3140e-04 eta 0:04:53
epoch [27/50] batch [20/50] time 0.250 (0.301) data 0.000 (0.025) loss 0.1812 (0.1954) acc 100.0000 (99.3750) data_term 0.1811 (0.1953) raw_kl_rep 674.7809 (671.9479) raw_kl_proj_rep 0.0000 (0.0000) kl_rep_term 0.0001 (0.0001) kl_proj_rep_term 0.0000 (0.0000) kl_term 0.0001 (0.0001) kl_normalizer 50.0000 (50.0000) kl_beta 0.4390 (0.4390) lr 5.0000e-04 eta 0:05:55
epoch [27/50] batch [40/50] time 0.146 (0.259) data 0.000 (0.013) loss 0.1367 (0.2051) acc 100.0000 (99.3750) data_term 0.1366 (0.2050) raw_kl_rep 682.7561 (675.3862) raw_kl_proj_rep 0.0000 (0.0000) kl_rep_term 0.0001 (0.0001) kl_proj_rep_term 0.0000 (0.0000) kl_term 0.0001 (0.0001) kl_normalizer 50.0000 (50.0000) kl_beta 0.4390 (0.4390) lr 5.0000e-04 eta 0:05:00
epoch [28/50] batch [20/50] time 0.165 (0.276) data 0.000 (0.042) loss 0.1783 (0.1938) acc 96.8750 (99.5312) data_term 0.1782 (0.1938) raw_kl_rep 692.3841 (689.7193) raw_kl_proj_rep 0.0000 (0.0000) kl_rep_term 0.0001 (0.0001) kl_proj_rep_term 0.0000 (0.0000) kl_term 0.0001 (0.0001) kl_normalizer 50.0000 (50.0000) kl_beta 0.4634 (0.4634) lr 4.6860e-04 eta 0:05:12
epoch [28/50] batch [40/50] time 0.210 (0.244) data 0.000 (0.021) loss 0.1997 (0.2047) acc 100.0000 (99.2969) data_term 0.1996 (0.2047) raw_kl_rep 698.8318 (692.6832) raw_kl_proj_rep 0.0000 (0.0000) kl_rep_term 0.0001 (0.0001) kl_proj_rep_term 0.0000 (0.0000) kl_term 0.0001 (0.0001) kl_normalizer 50.0000 (50.0000) kl_beta 0.4634 (0.4634) lr 4.6860e-04 eta 0:04:31
epoch [29/50] batch [20/50] time 0.198 (0.287) data 0.000 (0.037) loss 0.1339 (0.1763) acc 100.0000 (99.3750) data_term 0.1339 (0.1763) raw_kl_rep 707.2456 (704.9624) raw_kl_proj_rep 0.0000 (0.0000) kl_rep_term 0.0001 (0.0001) kl_proj_rep_term 0.0000 (0.0000) kl_term 0.0001 (0.0001) kl_normalizer 50.0000 (50.0000) kl_beta 0.4878 (0.4878) lr 4.3733e-04 eta 0:05:09
epoch [29/50] batch [40/50] time 0.237 (0.254) data 0.000 (0.018) loss 0.2318 (0.1897) acc 96.8750 (99.2188) data_term 0.2318 (0.1896) raw_kl_rep 713.3198 (707.5588) raw_kl_proj_rep 0.0000 (0.0000) kl_rep_term 0.0001 (0.0001) kl_proj_rep_term 0.0000 (0.0000) kl_term 0.0001 (0.0001) kl_normalizer 50.0000 (50.0000) kl_beta 0.4878 (0.4878) lr 4.3733e-04 eta 0:04:29
epoch [30/50] batch [20/50] time 0.128 (0.233) data 0.000 (0.031) loss 0.1243 (0.1826) acc 100.0000 (99.8438) data_term 0.1242 (0.1825) raw_kl_rep 721.6293 (719.1170) raw_kl_proj_rep 0.0000 (0.0000) kl_rep_term 0.0001 (0.0001) kl_proj_rep_term 0.0000 (0.0000) kl_term 0.0001 (0.0001) kl_normalizer 50.0000 (50.0000) kl_beta 0.5122 (0.5122) lr 4.0631e-04 eta 0:04:00
epoch [30/50] batch [40/50] time 0.194 (0.222) data 0.000 (0.015) loss 0.1415 (0.1762) acc 100.0000 (99.6875) data_term 0.1414 (0.1762) raw_kl_rep 727.0542 (721.7530) raw_kl_proj_rep 0.0000 (0.0000) kl_rep_term 0.0001 (0.0001) kl_proj_rep_term 0.0000 (0.0000) kl_term 0.0001 (0.0001) kl_normalizer 50.0000 (50.0000) kl_beta 0.5122 (0.5122) lr 4.0631e-04 eta 0:03:44
epoch [31/50] batch [20/50] time 0.154 (0.298) data 0.000 (0.047) loss 0.2124 (0.1684) acc 100.0000 (100.0000) data_term 0.2123 (0.1684) raw_kl_rep 735.4934 (732.7235) raw_kl_proj_rep 0.0000 (0.0000) kl_rep_term 0.0001 (0.0001) kl_proj_rep_term 0.0000 (0.0000) kl_term 0.0001 (0.0001) kl_normalizer 50.0000 (50.0000) kl_beta 0.5366 (0.5366) lr 3.7566e-04 eta 0:04:52
epoch [31/50] batch [40/50] time 0.176 (0.259) data 0.000 (0.024) loss 0.1871 (0.1766) acc 100.0000 (99.6875) data_term 0.1870 (0.1765) raw_kl_rep 740.2812 (735.3796) raw_kl_proj_rep 0.0000 (0.0000) kl_rep_term 0.0001 (0.0001) kl_proj_rep_term 0.0000 (0.0000) kl_term 0.0001 (0.0001) kl_normalizer 50.0000 (50.0000) kl_beta 0.5366 (0.5366) lr 3.7566e-04 eta 0:04:08
epoch [32/50] batch [20/50] time 0.390 (0.283) data 0.000 (0.025) loss 0.2140 (0.1920) acc 100.0000 (99.0625) data_term 0.2139 (0.1920) raw_kl_rep 747.1058 (744.8450) raw_kl_proj_rep 0.0000 (0.0000) kl_rep_term 0.0001 (0.0001) kl_proj_rep_term 0.0000 (0.0000) kl_term 0.0001 (0.0001) kl_normalizer 50.0000 (50.0000) kl_beta 0.5610 (0.5610) lr 3.4549e-04 eta 0:04:23
epoch [32/50] batch [40/50] time 0.204 (0.240) data 0.000 (0.013) loss 0.2584 (0.1925) acc 96.8750 (99.0625) data_term 0.2583 (0.1924) raw_kl_rep 751.8707 (747.3073) raw_kl_proj_rep 0.0000 (0.0000) kl_rep_term 0.0001 (0.0001) kl_proj_rep_term 0.0000 (0.0000) kl_term 0.0001 (0.0001) kl_normalizer 50.0000 (50.0000) kl_beta 0.5610 (0.5610) lr 3.4549e-04 eta 0:03:38
epoch [33/50] batch [20/50] time 0.306 (0.254) data 0.000 (0.032) loss 0.2000 (0.1840) acc 100.0000 (99.3750) data_term 0.1999 (0.1839) raw_kl_rep 758.8718 (756.6649) raw_kl_proj_rep 0.0000 (0.0000) kl_rep_term 0.0001 (0.0001) kl_proj_rep_term 0.0000 (0.0000) kl_term 0.0001 (0.0001) kl_normalizer 50.0000 (50.0000) kl_beta 0.5854 (0.5854) lr 3.1594e-04 eta 0:03:43
epoch [33/50] batch [40/50] time 0.147 (0.245) data 0.000 (0.016) loss 0.1572 (0.1826) acc 96.8750 (99.4531) data_term 0.1571 (0.1825) raw_kl_rep 763.1045 (758.8174) raw_kl_proj_rep 0.0000 (0.0000) kl_rep_term 0.0001 (0.0001) kl_proj_rep_term 0.0000 (0.0000) kl_term 0.0001 (0.0001) kl_normalizer 50.0000 (50.0000) kl_beta 0.5854 (0.5854) lr 3.1594e-04 eta 0:03:30
epoch [34/50] batch [20/50] time 0.179 (0.251) data 0.000 (0.031) loss 0.2051 (0.1725) acc 100.0000 (99.3750) data_term 0.2050 (0.1725) raw_kl_rep 769.6666 (767.5000) raw_kl_proj_rep 0.0000 (0.0000) kl_rep_term 0.0001 (0.0001) kl_proj_rep_term 0.0000 (0.0000) kl_term 0.0001 (0.0001) kl_normalizer 50.0000 (50.0000) kl_beta 0.6098 (0.6098) lr 2.8711e-04 eta 0:03:28
epoch [34/50] batch [40/50] time 0.449 (0.250) data 0.000 (0.015) loss 0.2807 (0.1753) acc 100.0000 (99.6094) data_term 0.2806 (0.1752) raw_kl_rep 773.2812 (769.5007) raw_kl_proj_rep 0.0000 (0.0000) kl_rep_term 0.0001 (0.0001) kl_proj_rep_term 0.0000 (0.0000) kl_term 0.0001 (0.0001) kl_normalizer 50.0000 (50.0000) kl_beta 0.6098 (0.6098) lr 2.8711e-04 eta 0:03:22
epoch [35/50] batch [20/50] time 0.292 (0.286) data 0.000 (0.029) loss 0.1197 (0.1778) acc 100.0000 (99.5312) data_term 0.1196 (0.1777) raw_kl_rep 779.1501 (777.2647) raw_kl_proj_rep 0.0000 (0.0000) kl_rep_term 0.0001 (0.0001) kl_proj_rep_term 0.0000 (0.0000) kl_term 0.0001 (0.0001) kl_normalizer 50.0000 (50.0000) kl_beta 0.6341 (0.6341) lr 2.5912e-04 eta 0:03:42
epoch [35/50] batch [40/50] time 0.114 (0.255) data 0.000 (0.014) loss 0.1462 (0.1831) acc 100.0000 (99.3750) data_term 0.1461 (0.1830) raw_kl_rep 783.0270 (779.2582) raw_kl_proj_rep 0.0000 (0.0000) kl_rep_term 0.0001 (0.0001) kl_proj_rep_term 0.0000 (0.0000) kl_term 0.0001 (0.0001) kl_normalizer 50.0000 (50.0000) kl_beta 0.6341 (0.6341) lr 2.5912e-04 eta 0:03:13
epoch [36/50] batch [20/50] time 0.175 (0.224) data 0.000 (0.029) loss 0.1810 (0.1746) acc 100.0000 (99.8438) data_term 0.1809 (0.1745) raw_kl_rep 787.4567 (786.1551) raw_kl_proj_rep 0.0000 (0.0000) kl_rep_term 0.0001 (0.0001) kl_proj_rep_term 0.0000 (0.0000) kl_term 0.0001 (0.0001) kl_normalizer 50.0000 (50.0000) kl_beta 0.6585 (0.6585) lr 2.3209e-04 eta 0:02:43
epoch [36/50] batch [40/50] time 0.130 (0.192) data 0.000 (0.015) loss 0.2019 (0.1737) acc 100.0000 (99.7656) data_term 0.2018 (0.1736) raw_kl_rep 790.6573 (787.6638) raw_kl_proj_rep 0.0000 (0.0000) kl_rep_term 0.0001 (0.0001) kl_proj_rep_term 0.0000 (0.0000) kl_term 0.0001 (0.0001) kl_normalizer 50.0000 (50.0000) kl_beta 0.6585 (0.6585) lr 2.3209e-04 eta 0:02:16
epoch [37/50] batch [20/50] time 0.189 (0.246) data 0.000 (0.036) loss 0.4758 (0.1698) acc 93.7500 (99.2188) data_term 0.4757 (0.1697) raw_kl_rep 794.7980 (793.4493) raw_kl_proj_rep 0.0000 (0.0000) kl_rep_term 0.0001 (0.0001) kl_proj_rep_term 0.0000 (0.0000) kl_term 0.0001 (0.0001) kl_normalizer 50.0000 (50.0000) kl_beta 0.6829 (0.6829) lr 2.0611e-04 eta 0:02:47
epoch [37/50] batch [40/50] time 0.193 (0.218) data 0.000 (0.018) loss 0.1344 (0.1659) acc 100.0000 (99.4531) data_term 0.1343 (0.1658) raw_kl_rep 797.1475 (794.7639) raw_kl_proj_rep 0.0000 (0.0000) kl_rep_term 0.0001 (0.0001) kl_proj_rep_term 0.0000 (0.0000) kl_term 0.0001 (0.0001) kl_normalizer 50.0000 (50.0000) kl_beta 0.6829 (0.6829) lr 2.0611e-04 eta 0:02:23
epoch [38/50] batch [20/50] time 0.137 (0.186) data 0.001 (0.030) loss 0.2964 (0.1781) acc 96.8750 (99.6875) data_term 0.2963 (0.1780) raw_kl_rep 801.4712 (800.0638) raw_kl_proj_rep 0.0000 (0.0000) kl_rep_term 0.0001 (0.0001) kl_proj_rep_term 0.0000 (0.0000) kl_term 0.0001 (0.0001) kl_normalizer 50.0000 (50.0000) kl_beta 0.7073 (0.7073) lr 1.8129e-04 eta 0:01:57
epoch [38/50] batch [40/50] time 0.179 (0.170) data 0.000 (0.015) loss 0.1551 (0.1772) acc 100.0000 (99.6094) data_term 0.1550 (0.1771) raw_kl_rep 804.4078 (801.4960) raw_kl_proj_rep 0.0000 (0.0000) kl_rep_term 0.0001 (0.0001) kl_proj_rep_term 0.0000 (0.0000) kl_term 0.0001 (0.0001) kl_normalizer 50.0000 (50.0000) kl_beta 0.7073 (0.7073) lr 1.8129e-04 eta 0:01:43
epoch [39/50] batch [20/50] time 0.159 (0.248) data 0.000 (0.028) loss 0.2522 (0.1699) acc 96.8750 (99.5312) data_term 0.2521 (0.1698) raw_kl_rep 807.6203 (806.7756) raw_kl_proj_rep 0.0000 (0.0000) kl_rep_term 0.0001 (0.0001) kl_proj_rep_term 0.0000 (0.0000) kl_term 0.0001 (0.0001) kl_normalizer 50.0000 (50.0000) kl_beta 0.7317 (0.7317) lr 1.5773e-04 eta 0:02:23
epoch [39/50] batch [40/50] time 0.141 (0.206) data 0.000 (0.014) loss 0.1317 (0.1634) acc 100.0000 (99.6875) data_term 0.1316 (0.1633) raw_kl_rep 809.5950 (807.6948) raw_kl_proj_rep 0.0000 (0.0000) kl_rep_term 0.0001 (0.0001) kl_proj_rep_term 0.0000 (0.0000) kl_term 0.0001 (0.0001) kl_normalizer 50.0000 (50.0000) kl_beta 0.7317 (0.7317) lr 1.5773e-04 eta 0:01:55
epoch [40/50] batch [20/50] time 0.140 (0.220) data 0.000 (0.029) loss 0.1712 (0.1640) acc 100.0000 (99.2188) data_term 0.1710 (0.1639) raw_kl_rep 812.7455 (811.8759) raw_kl_proj_rep 0.0000 (0.0000) kl_rep_term 0.0001 (0.0001) kl_proj_rep_term 0.0000 (0.0000) kl_term 0.0001 (0.0001) kl_normalizer 50.0000 (50.0000) kl_beta 0.7561 (0.7561) lr 1.3552e-04 eta 0:01:56
epoch [40/50] batch [40/50] time 0.140 (0.198) data 0.000 (0.014) loss 0.1747 (0.1620) acc 100.0000 (99.5312) data_term 0.1746 (0.1619) raw_kl_rep 814.9249 (812.8945) raw_kl_proj_rep 0.0000 (0.0000) kl_rep_term 0.0001 (0.0001) kl_proj_rep_term 0.0000 (0.0000) kl_term 0.0001 (0.0001) kl_normalizer 50.0000 (50.0000) kl_beta 0.7561 (0.7561) lr 1.3552e-04 eta 0:01:40
epoch [41/50] batch [20/50] time 0.155 (0.194) data 0.000 (0.028) loss 0.1349 (0.1578) acc 100.0000 (99.8438) data_term 0.1347 (0.1577) raw_kl_rep 817.2797 (816.5643) raw_kl_proj_rep 0.0000 (0.0000) kl_rep_term 0.0001 (0.0001) kl_proj_rep_term 0.0000 (0.0000) kl_term 0.0001 (0.0001) kl_normalizer 50.0000 (50.0000) kl_beta 0.7805 (0.7805) lr 1.1474e-04 eta 0:01:33
epoch [41/50] batch [40/50] time 0.134 (0.182) data 0.000 (0.014) loss 0.1490 (0.1550) acc 100.0000 (99.7656) data_term 0.1488 (0.1548) raw_kl_rep 818.6328 (817.2624) raw_kl_proj_rep 0.0000 (0.0000) kl_rep_term 0.0001 (0.0001) kl_proj_rep_term 0.0000 (0.0000) kl_term 0.0001 (0.0001) kl_normalizer 50.0000 (50.0000) kl_beta 0.7805 (0.7805) lr 1.1474e-04 eta 0:01:23
epoch [42/50] batch [20/50] time 0.149 (0.245) data 0.000 (0.026) loss 0.2243 (0.1733) acc 100.0000 (99.2188) data_term 0.2242 (0.1732) raw_kl_rep 820.9589 (820.2434) raw_kl_proj_rep 0.0000 (0.0000) kl_rep_term 0.0001 (0.0001) kl_proj_rep_term 0.0000 (0.0000) kl_term 0.0001 (0.0001) kl_normalizer 50.0000 (50.0000) kl_beta 0.8049 (0.8049) lr 9.5492e-05 eta 0:01:45
epoch [42/50] batch [40/50] time 0.218 (0.231) data 0.000 (0.013) loss 0.1446 (0.1610) acc 100.0000 (99.3750) data_term 0.1444 (0.1609) raw_kl_rep 822.5157 (821.0181) raw_kl_proj_rep 0.0000 (0.0000) kl_rep_term 0.0001 (0.0001) kl_proj_rep_term 0.0000 (0.0000) kl_term 0.0001 (0.0001) kl_normalizer 50.0000 (50.0000) kl_beta 0.8049 (0.8049) lr 9.5492e-05 eta 0:01:34
epoch [43/50] batch [20/50] time 0.166 (0.237) data 0.000 (0.034) loss 0.1716 (0.1690) acc 96.8750 (99.6875) data_term 0.1715 (0.1689) raw_kl_rep 824.8591 (824.1437) raw_kl_proj_rep 0.0000 (0.0000) kl_rep_term 0.0001 (0.0001) kl_proj_rep_term 0.0000 (0.0000) kl_term 0.0001 (0.0001) kl_normalizer 50.0000 (50.0000) kl_beta 0.8293 (0.8293) lr 7.7836e-05 eta 0:01:30
epoch [43/50] batch [40/50] time 0.307 (0.235) data 0.000 (0.017) loss 0.1483 (0.1698) acc 100.0000 (99.6094) data_term 0.1482 (0.1697) raw_kl_rep 825.9484 (824.8072) raw_kl_proj_rep 0.0000 (0.0000) kl_rep_term 0.0001 (0.0001) kl_proj_rep_term 0.0000 (0.0000) kl_term 0.0001 (0.0001) kl_normalizer 50.0000 (50.0000) kl_beta 0.8293 (0.8293) lr 7.7836e-05 eta 0:01:24
epoch [44/50] batch [20/50] time 0.129 (0.239) data 0.000 (0.026) loss 0.1218 (0.1454) acc 100.0000 (99.8438) data_term 0.1216 (0.1453) raw_kl_rep 827.5310 (827.0668) raw_kl_proj_rep 0.0000 (0.0000) kl_rep_term 0.0001 (0.0001) kl_proj_rep_term 0.0000 (0.0000) kl_term 0.0001 (0.0001) kl_normalizer 50.0000 (50.0000) kl_beta 0.8537 (0.8537) lr 6.1847e-05 eta 0:01:18
epoch [44/50] batch [40/50] time 0.176 (0.238) data 0.000 (0.013) loss 0.1036 (0.1533) acc 100.0000 (99.6875) data_term 0.1034 (0.1532) raw_kl_rep 828.5925 (827.5717) raw_kl_proj_rep 0.0000 (0.0000) kl_rep_term 0.0001 (0.0001) kl_proj_rep_term 0.0000 (0.0000) kl_term 0.0001 (0.0001) kl_normalizer 50.0000 (50.0000) kl_beta 0.8537 (0.8537) lr 6.1847e-05 eta 0:01:13
epoch [45/50] batch [20/50] time 0.150 (0.249) data 0.000 (0.029) loss 0.2510 (0.1535) acc 100.0000 (99.8438) data_term 0.2508 (0.1533) raw_kl_rep 829.9882 (829.6087) raw_kl_proj_rep 0.0000 (0.0000) kl_rep_term 0.0001 (0.0001) kl_proj_rep_term 0.0000 (0.0000) kl_term 0.0001 (0.0001) kl_normalizer 50.0000 (50.0000) kl_beta 0.8780 (0.8780) lr 4.7586e-05 eta 0:01:09
epoch [45/50] batch [40/50] time 0.358 (0.243) data 0.000 (0.015) loss 0.2915 (0.1674) acc 96.8750 (99.5312) data_term 0.2914 (0.1673) raw_kl_rep 830.8712 (830.0306) raw_kl_proj_rep 0.0000 (0.0000) kl_rep_term 0.0001 (0.0001) kl_proj_rep_term 0.0000 (0.0000) kl_term 0.0001 (0.0001) kl_normalizer 50.0000 (50.0000) kl_beta 0.8780 (0.8780) lr 4.7586e-05 eta 0:01:03
epoch [46/50] batch [20/50] time 0.120 (0.238) data 0.000 (0.029) loss 0.1359 (0.1462) acc 100.0000 (99.8438) data_term 0.1357 (0.1461) raw_kl_rep 831.7155 (831.4756) raw_kl_proj_rep 0.0000 (0.0000) kl_rep_term 0.0002 (0.0002) kl_proj_rep_term 0.0000 (0.0000) kl_term 0.0002 (0.0002) kl_normalizer 50.0000 (50.0000) kl_beta 0.9024 (0.9024) lr 3.5112e-05 eta 0:00:54
epoch [46/50] batch [40/50] time 0.174 (0.207) data 0.000 (0.014) loss 0.2128 (0.1512) acc 96.8750 (99.6875) data_term 0.2126 (0.1510) raw_kl_rep 832.3618 (831.7700) raw_kl_proj_rep 0.0000 (0.0000) kl_rep_term 0.0002 (0.0002) kl_proj_rep_term 0.0000 (0.0000) kl_term 0.0002 (0.0002) kl_normalizer 50.0000 (50.0000) kl_beta 0.9024 (0.9024) lr 3.5112e-05 eta 0:00:43
epoch [47/50] batch [20/50] time 0.266 (0.209) data 0.000 (0.025) loss 0.2825 (0.1640) acc 96.8750 (99.8438) data_term 0.2823 (0.1639) raw_kl_rep 833.0759 (832.8402) raw_kl_proj_rep 0.0000 (0.0000) kl_rep_term 0.0002 (0.0002) kl_proj_rep_term 0.0000 (0.0000) kl_term 0.0002 (0.0002) kl_normalizer 50.0000 (50.0000) kl_beta 0.9268 (0.9268) lr 2.4472e-05 eta 0:00:37
epoch [47/50] batch [40/50] time 0.109 (0.193) data 0.000 (0.013) loss 0.1686 (0.1556) acc 100.0000 (99.7656) data_term 0.1684 (0.1555) raw_kl_rep 833.5573 (833.0925) raw_kl_proj_rep 0.0000 (0.0000) kl_rep_term 0.0002 (0.0002) kl_proj_rep_term 0.0000 (0.0000) kl_term 0.0002 (0.0002) kl_normalizer 50.0000 (50.0000) kl_beta 0.9268 (0.9268) lr 2.4472e-05 eta 0:00:30
epoch [48/50] batch [20/50] time 0.295 (0.215) data 0.000 (0.030) loss 0.1536 (0.1510) acc 100.0000 (99.6875) data_term 0.1535 (0.1508) raw_kl_rep 834.0775 (833.9407) raw_kl_proj_rep 0.0000 (0.0000) kl_rep_term 0.0002 (0.0002) kl_proj_rep_term 0.0000 (0.0000) kl_term 0.0002 (0.0002) kl_normalizer 50.0000 (50.0000) kl_beta 0.9512 (0.9512) lr 1.5708e-05 eta 0:00:27
epoch [48/50] batch [40/50] time 0.146 (0.203) data 0.000 (0.015) loss 0.2158 (0.1550) acc 100.0000 (99.6875) data_term 0.2156 (0.1548) raw_kl_rep 834.3867 (834.0922) raw_kl_proj_rep 0.0000 (0.0000) kl_rep_term 0.0002 (0.0002) kl_proj_rep_term 0.0000 (0.0000) kl_term 0.0002 (0.0002) kl_normalizer 50.0000 (50.0000) kl_beta 0.9512 (0.9512) lr 1.5708e-05 eta 0:00:22
epoch [49/50] batch [20/50] time 0.218 (0.214) data 0.000 (0.025) loss 0.1583 (0.1424) acc 100.0000 (100.0000) data_term 0.1581 (0.1423) raw_kl_rep 834.6578 (834.5875) raw_kl_proj_rep 0.0000 (0.0000) kl_rep_term 0.0002 (0.0002) kl_proj_rep_term 0.0000 (0.0000) kl_term 0.0002 (0.0002) kl_normalizer 50.0000 (50.0000) kl_beta 0.9756 (0.9756) lr 8.8564e-06 eta 0:00:17
epoch [49/50] batch [40/50] time 0.132 (0.192) data 0.000 (0.013) loss 0.1420 (0.1440) acc 100.0000 (99.8438) data_term 0.1418 (0.1438) raw_kl_rep 834.7970 (834.6603) raw_kl_proj_rep 0.0000 (0.0000) kl_rep_term 0.0002 (0.0002) kl_proj_rep_term 0.0000 (0.0000) kl_term 0.0002 (0.0002) kl_normalizer 50.0000 (50.0000) kl_beta 0.9756 (0.9756) lr 8.8564e-06 eta 0:00:11
epoch [50/50] batch [20/50] time 0.207 (0.209) data 0.000 (0.026) loss 0.1332 (0.1477) acc 100.0000 (99.6875) data_term 0.1330 (0.1475) raw_kl_rep 834.9769 (834.9385) raw_kl_proj_rep 0.0000 (0.0000) kl_rep_term 0.0002 (0.0002) kl_proj_rep_term 0.0000 (0.0000) kl_term 0.0002 (0.0002) kl_normalizer 50.0000 (50.0000) kl_beta 1.0000 (1.0000) lr 3.9426e-06 eta 0:00:06
epoch [50/50] batch [40/50] time 0.129 (0.191) data 0.000 (0.013) loss 0.1123 (0.1491) acc 100.0000 (99.6875) data_term 0.1121 (0.1489) raw_kl_rep 835.0538 (834.9773) raw_kl_proj_rep 0.0000 (0.0000) kl_rep_term 0.0002 (0.0002) kl_proj_rep_term 0.0000 (0.0000) kl_term 0.0002 (0.0002) kl_normalizer 50.0000 (50.0000) kl_beta 1.0000 (1.0000) lr 3.9426e-06 eta 0:00:01
Checkpoint saved to output_sweeps/bayes_mmrl_rep_tokens_only/coarse3/search_stage/BayesMMRL/FS/fewshot_train/ucf101/shots_16/ViT-B-16/rep_zero_sig-global_pstd-0.1_kl-1e-5/seed1/refactor_model/model.pth.tar-50
Finish training
Deploy the last-epoch model
Evaluate on the *test* set
=> result
* total: 3,783
* correct: 3,275
* accuracy: 86.6%
* error: 13.4%
* macro_f1: 86.1%
=> structured result
* accuracy: 86.5715
* error: 13.4285
* macro_f1: 86.1374
* nll: 0.4725
* brier: 0.1937
* ece: 3.2501
Saved metrics JSON to output_sweeps/bayes_mmrl_rep_tokens_only/coarse3/search_stage/BayesMMRL/FS/fewshot_train/ucf101/shots_16/ViT-B-16/rep_zero_sig-global_pstd-0.1_kl-1e-5/seed1/test_metrics.json
Saved metrics CSV to output_sweeps/bayes_mmrl_rep_tokens_only/coarse3/search_stage/BayesMMRL/FS/fewshot_train/ucf101/shots_16/ViT-B-16/rep_zero_sig-global_pstd-0.1_kl-1e-5/seed1/test_metrics.csv
Saved calibration bins CSV to output_sweeps/bayes_mmrl_rep_tokens_only/coarse3/search_stage/BayesMMRL/FS/fewshot_train/ucf101/shots_16/ViT-B-16/rep_zero_sig-global_pstd-0.1_kl-1e-5/seed1/test_calibration_bins.csv
Elapsed: 0:10:28
[cleanup] removed checkpoint dir: output_sweeps/bayes_mmrl_rep_tokens_only/coarse3/search_stage/BayesMMRL/FS/fewshot_train/ucf101/shots_16/ViT-B-16/rep_zero_sig-global_pstd-0.1_kl-1e-5/seed1/refactor_model
