============================================================
开始时间: 2026-04-21 00:24:41
当前阶段: stage10_schemeC_alpha_first
GPU: 0
方法: BayesMMRL
协议: FS
执行模式: online
数据集: ucf101
shots: 16
seed: 1
标签: C_anchor_sig-row_pmode-self_proj_rep_pstd-0.01_kl-1e-5_alpha-1.0
数据根目录: DATASETS
阶段输出根目录: output_sweeps/bayes_mmrl_search_current/coarse3/alpha_stage
Backbone: ViT-B/16
============================================================
[当前执行] C | dataset=ucf101 | shot=16 | seed=1 | tag=C_anchor_sig-row_pmode-self_proj_rep_pstd-0.01_kl-1e-5_alpha-1.0
[说明] 当前使用固定 MMRL 主体超参，只搜索 Bayes 参数
[说明] EVAL_MODE=mc_predictive, EVAL_AGGREGATION=logit_mean
[说明] KL_WARMUP_EPOCHS=5
Setting fixed seed: 1
***************
** Arguments **
***************
dataset_config_file: configs/datasets/ucf101.yaml
eval_only: False
exec_mode: online
exp_config: 
load_epoch: None
method: BayesMMRL
method_config_file: configs/methods/bayesmmrl.yaml
model_dir: 
no_train: False
opts: ['DATASET.NUM_SHOTS', '16', 'DATASET.SUBSAMPLE_CLASSES', 'all', 'MODEL.BACKBONE.NAME', 'ViT-B/16', 'BAYES_MMRL.ALPHA', '0.7', 'BAYES_MMRL.REG_WEIGHT', '0.5', 'BAYES_MMRL.N_REP_TOKENS', '5', 'BAYES_MMRL.REP_LAYERS', '[6,7,8,9,10,11,12]', 'BAYES_MMRL.REP_DIM', '512', 'BAYES_MMRL.N_MC_TRAIN', '3', 'BAYES_MMRL.N_MC_TEST', '10', 'BAYES_MMRL.EVAL_MODE', 'mc_predictive', 'BAYES_MMRL.EVAL_USE_POSTERIOR_MEAN', 'False', 'BAYES_MMRL.EVAL_AGGREGATION', 'logit_mean', 'BAYES_MMRL.KL_WARMUP_EPOCHS', '5', 'BAYES_MMRL.BAYES_TARGET', 'proj_rep', 'BAYES_MMRL.PROJ_REP_SIGMA_MODE', 'row', 'BAYES_MMRL.PROJ_REP_PRIOR_MODE', 'self_proj_rep', 'BAYES_MMRL.PROJ_REP_PRIOR_STD', '0.01', 'BAYES_MMRL.PROJ_REP_KL_WEIGHT', '1e-5', 'BAYES_MMRL.ALPHA', '1.0']
output_dir: output_sweeps/bayes_mmrl_search_current/coarse3/alpha_stage/BayesMMRL/FS/fewshot_train/ucf101/shots_16/ViT-B-16/C_anchor_sig-row_pmode-self_proj_rep_pstd-0.01_kl-1e-5_alpha-1.0/seed1
protocol: FS
protocol_config_file: configs/protocols/fs.yaml
root: DATASETS
runtime_config_file: configs/runtime/default.yaml
seed: 1
trainer: RefactorRunner
************
** Config **
************
BAYES_MMRL:
  ALPHA: 1.0
  BAYES_TARGET: proj_rep
  CLIP_PRIOR_BLEND: 0.5
  CLIP_PRIOR_SCALE: 0.05
  EVAL_AGGREGATION: logit_mean
  EVAL_MODE: mc_predictive
  EVAL_USE_POSTERIOR_MEAN: False
  KL_WARMUP_EPOCHS: 5
  KL_WEIGHT: 0.0005
  N_MC_TEST: 10
  N_MC_TRAIN: 3
  N_REP_TOKENS: 5
  PREC: amp
  PRIOR_STD: 0.05
  PROJ_REP_KL_WEIGHT: 1e-05
  PROJ_REP_PRIOR_MODE: self_proj_rep
  PROJ_REP_PRIOR_STD: 0.01
  PROJ_REP_SIGMA_MODE: row
  REG_WEIGHT: 0.5
  REP_DIM: 512
  REP_KL_WEIGHT: 0.0001
  REP_LAYERS: [6, 7, 8, 9, 10, 11, 12]
  REP_PRIOR_MODE: zero
  REP_PRIOR_STD: 0.05
  REP_SIGMA_MODE: global
  SIGMA_MODE: global
CLIP_ADAPTERS:
  ALLOW_CACHE: True
  CONSTRAINT: none
  ENHANCED_BASE: none
  INIT: ZS
  KL_WEIGHT: 0.0001
  N_SAMPLES: 3
  PREC: fp32
  TYPE: MP
DATALOADER:
  K_TRANSFORMS: 1
  NUM_WORKERS: 8
  RETURN_IMG0: False
  TEST:
    BATCH_SIZE: 250
    SAMPLER: SequentialSampler
  TRAIN_U:
    BATCH_SIZE: 32
    N_DOMAIN: 0
    N_INS: 16
    SAME_AS_X: True
    SAMPLER: RandomSampler
  TRAIN_X:
    BATCH_SIZE: 32
    N_DOMAIN: 0
    N_INS: 16
    SAMPLER: RandomSampler
DATASET:
  ALL_AS_UNLABELED: False
  CIFAR_C_LEVEL: 1
  CIFAR_C_TYPE: 
  NAME: UCF101
  NUM_LABELED: -1
  NUM_SHOTS: 16
  ROOT: DATASETS
  SOURCE_DOMAINS: ()
  STL10_FOLD: -1
  SUBSAMPLE_CLASSES: all
  TARGET_DOMAINS: ()
  VAL_PERCENT: 0.1
INPUT:
  COLORJITTER_B: 0.4
  COLORJITTER_C: 0.4
  COLORJITTER_H: 0.1
  COLORJITTER_S: 0.4
  CROP_PADDING: 4
  CUTOUT_LEN: 16
  CUTOUT_N: 1
  GB_K: 21
  GB_P: 0.5
  GN_MEAN: 0.0
  GN_STD: 0.15
  INTERPOLATION: bicubic
  NO_TRANSFORM: False
  PIXEL_MEAN: [0.48145466, 0.4578275, 0.40821073]
  PIXEL_STD: [0.26862954, 0.26130258, 0.27577711]
  RANDAUGMENT_M: 10
  RANDAUGMENT_N: 2
  RGS_P: 0.2
  RRCROP_SCALE: (0.5, 1)
  SIZE: (224, 224)
  TRANSFORMS: ('random_resized_crop', 'random_flip', 'normalize')
METHOD:
  EXEC_MODE: online
  FAMILY: internal_adaptation
  NAME: BayesMMRL
  TAG: default
MMRL:
  ALPHA: 0.7
  N_REP_TOKENS: 5
  PREC: amp
  REG_WEIGHT: 1.0
  REP_DIM: 512
  REP_LAYERS: [6, 7, 8, 9, 10, 11, 12]
MMRLPP:
  ALPHA: 0.7
  BETA: 0.9
  N_REP_TOKENS: 5
  PREC: amp
  PROJ_LORA_DIM: 64
  REG_WEIGHT: 1.0
  REP_DIM: 512
  REP_LAYERS: [6, 7, 8, 9, 10, 11, 12]
  RES_LORA_DIM: 4
MMRL_MIX:
  ALPHA: 0.7
  LOSS_FUSE_WEIGHT: 0.2
  LOSS_MAIN_WEIGHT: 1.0
  LOSS_REP_WEIGHT: 1.0
  N_REP_TOKENS: 5
  PREC: amp
  REG_WEIGHT: 1.0
  REP_DIM: 512
  REP_LAYERS: [6, 7, 8, 9, 10, 11, 12]
MODEL:
  BACKBONE:
    NAME: ViT-B/16
    PRETRAINED: True
  HEAD:
    ACTIVATION: relu
    BN: True
    DROPOUT: 0.0
    HIDDEN_LAYERS: ()
    NAME: 
  INIT_WEIGHTS: 
OPTIM:
  ADAM_BETA1: 0.9
  ADAM_BETA2: 0.999
  BASE_LR_MULT: 0.1
  GAMMA: 0.1
  LR: 0.001
  LR_SCHEDULER: cosine
  MAX_EPOCH: 50
  MOMENTUM: 0.9
  NAME: adamw
  NEW_LAYERS: ()
  RMSPROP_ALPHA: 0.99
  SGD_DAMPNING: 0
  SGD_NESTEROV: False
  STAGED_LR: False
  STEPSIZE: (-1,)
  WARMUP_CONS_LR: 1e-05
  WARMUP_EPOCH: 1
  WARMUP_MIN_LR: 1e-05
  WARMUP_RECOUNT: True
  WARMUP_TYPE: constant
  WEIGHT_DECAY: 0.0005
OUTPUT_DIR: output_sweeps/bayes_mmrl_search_current/coarse3/alpha_stage/BayesMMRL/FS/fewshot_train/ucf101/shots_16/ViT-B-16/C_anchor_sig-row_pmode-self_proj_rep_pstd-0.01_kl-1e-5_alpha-1.0/seed1
PROTOCOL:
  NAME: FS
  PHASE: fewshot_train
RESUME: 
RUNTIME:
  OUTPUT_ROOT: output_refactor
  USE_DASSL_TRAINER_BRIDGE: True
SEED: 1
TASK: FS
TEST:
  COMPUTE_CMAT: False
  EVALUATOR: Classification
  FINAL_MODEL: last_step
  NO_TEST: False
  PER_CLASS_RESULT: False
  SPLIT: test
TRAIN:
  CHECKPOINT_FREQ: 0
  COUNT_ITER: train_x
  PRINT_FREQ: 20
TRAINER:
  BayesMMRL:
    ALPHA: 1.0
    BAYES_TARGET: proj_rep
    CLIP_PRIOR_BLEND: 0.5
    CLIP_PRIOR_SCALE: 0.05
    EVAL_AGGREGATION: logit_mean
    EVAL_MODE: mc_predictive
    EVAL_USE_POSTERIOR_MEAN: False
    KL_WARMUP_EPOCHS: 5
    KL_WEIGHT: 0.0001
    N_MC_TEST: 10
    N_MC_TRAIN: 3
    N_REP_TOKENS: 5
    PREC: amp
    PRIOR_STD: 0.05
    PROJ_REP_KL_WEIGHT: 1e-05
    PROJ_REP_PRIOR_MODE: self_proj_rep
    PROJ_REP_PRIOR_STD: 0.01
    PROJ_REP_SIGMA_MODE: row
    REG_WEIGHT: 0.5
    REP_DIM: 512
    REP_KL_WEIGHT: 0.0001
    REP_LAYERS: [6, 7, 8, 9, 10, 11, 12]
    REP_PRIOR_MODE: zero
    REP_PRIOR_STD: 0.05
    REP_SIGMA_MODE: global
    SIGMA_MODE: global
  CDAC:
    CLASS_LR_MULTI: 10
    P_THRESH: 0.95
    RAMPUP_COEF: 30
    RAMPUP_ITRS: 1000
    STRONG_TRANSFORMS: ()
    TOPK_MATCH: 5
  CROSSGRAD:
    ALPHA_D: 0.5
    ALPHA_F: 0.5
    EPS_D: 1.0
    EPS_F: 1.0
  ClipADAPTER:
    ALLOW_CACHE: True
    CONSTRAINT: none
    ENHANCED_BASE: none
    INIT: ZS
    PREC: fp32
    TYPE: MP
  DAEL:
    CONF_THRE: 0.95
    STRONG_TRANSFORMS: ()
    WEIGHT_U: 0.5
  DAELDG:
    CONF_THRE: 0.95
    STRONG_TRANSFORMS: ()
    WEIGHT_U: 0.5
  DDAIG:
    ALPHA: 0.5
    CLAMP: False
    CLAMP_MAX: 1.0
    CLAMP_MIN: -1.0
    G_ARCH: 
    LMDA: 0.3
    WARMUP: 0
  DOMAINMIX:
    ALPHA: 1.0
    BETA: 1.0
    TYPE: crossdomain
  ENTMIN:
    LMDA: 0.001
  FIXMATCH:
    CONF_THRE: 0.95
    STRONG_TRANSFORMS: ()
    WEIGHT_U: 1.0
  M3SDA:
    LMDA: 0.5
    N_STEP_F: 4
  MCD:
    N_STEP_F: 4
  MEANTEACHER:
    EMA_ALPHA: 0.999
    RAMPUP: 5
    WEIGHT_U: 1.0
  MIXMATCH:
    MIXUP_BETA: 0.75
    RAMPUP: 20000
    TEMP: 2.0
    WEIGHT_U: 100.0
  MME:
    LMDA: 0.1
  MMRL:
    ALPHA: 0.7
    N_REP_TOKENS: 5
    PREC: amp
    REG_WEIGHT: 1.0
    REP_DIM: 512
    REP_LAYERS: [6, 7, 8, 9, 10, 11, 12]
  MMRLMix:
    ALPHA: 0.7
    LOSS_FUSE_WEIGHT: 0.2
    LOSS_MAIN_WEIGHT: 1.0
    LOSS_REP_WEIGHT: 1.0
    N_REP_TOKENS: 5
    PREC: amp
    REG_WEIGHT: 1.0
    REP_DIM: 512
    REP_LAYERS: [6, 7, 8, 9, 10, 11, 12]
  MMRLpp:
    ALPHA: 0.7
    BETA: 0.9
    N_REP_TOKENS: 5
    PREC: amp
    PROJ_LORA_DIM: 64
    REG_WEIGHT: 1.0
    REP_DIM: 512
    REP_LAYERS: [6, 7, 8, 9, 10, 11, 12]
    RES_LORA_DIM: 4
  NAME: RefactorRunner
  SE:
    CONF_THRE: 0.95
    EMA_ALPHA: 0.999
    RAMPUP: 300
USE_CUDA: True
VERBOSE: True
VERSION: 1
Collecting env info ...
epoch [38/50] batch [20/50] time 0.289 (0.318) data 0.000 (0.024) loss 0.0811 (0.0860) acc 100.0000 (99.8438) data_term 0.0811 (0.0860) raw_kl_rep 0.0000 (0.0000) raw_kl_proj_rep 0.0000 (0.0000) kl_rep_term 0.0000 (0.0000) kl_proj_rep_term 0.0000 (0.0000) kl_term 0.0000 (0.0000) kl_normalizer 50.0000 (50.0000) kl_beta 0.7273 (0.7273) lr 1.8129e-04 eta 0:03:20
epoch [38/50] batch [40/50] time 0.290 (0.306) data 0.000 (0.012) loss 0.1216 (0.0912) acc 96.8750 (99.6875) data_term 0.1216 (0.0912) raw_kl_rep 0.0000 (0.0000) raw_kl_proj_rep 0.0000 (0.0000) kl_rep_term 0.0000 (0.0000) kl_proj_rep_term 0.0000 (0.0000) kl_term 0.0000 (0.0000) kl_normalizer 50.0000 (50.0000) kl_beta 0.7273 (0.7273) lr 1.8129e-04 eta 0:03:06
** System info **
PyTorch version: 2.4.0+cu121
Is debug build: False
CUDA used to build PyTorch: 12.1
ROCM used to build PyTorch: N/A

OS: Ubuntu 22.04.1 LTS (x86_64)
GCC version: (Ubuntu 11.3.0-1ubuntu1~22.04) 11.3.0
Clang version: Could not collect
CMake version: version 3.22.1
Libc version: glibc-2.35

Python version: 3.10.20 (main, Mar 11 2026, 17:46:40) [GCC 14.3.0] (64-bit runtime)
Python platform: Linux-5.15.0-170-generic-x86_64-with-glibc2.35
Is CUDA available: True
CUDA runtime version: 11.8.89
CUDA_MODULE_LOADING set to: LAZY
GPU models and configuration: 
GPU 0: NVIDIA GeForce RTX 4090
GPU 1: NVIDIA GeForce RTX 4090
GPU 2: NVIDIA GeForce RTX 4090

Nvidia driver version: 580.105.08
cuDNN version: Probably one of the following:
/usr/lib/x86_64-linux-gnu/libcudnn.so.8.6.0
/usr/lib/x86_64-linux-gnu/libcudnn_adv_infer.so.8.6.0
/usr/lib/x86_64-linux-gnu/libcudnn_adv_train.so.8.6.0
/usr/lib/x86_64-linux-gnu/libcudnn_cnn_infer.so.8.6.0
/usr/lib/x86_64-linux-gnu/libcudnn_cnn_train.so.8.6.0
/usr/lib/x86_64-linux-gnu/libcudnn_ops_infer.so.8.6.0
/usr/lib/x86_64-linux-gnu/libcudnn_ops_train.so.8.6.0
HIP runtime version: N/A
MIOpen runtime version: N/A
Is XNNPACK available: True

CPU:
Architecture:                            x86_64
CPU op-mode(s):                          32-bit, 64-bit
Address sizes:                           46 bits physical, 57 bits virtual
Byte Order:                              Little Endian
CPU(s):                                  128
On-line CPU(s) list:                     0-127
Vendor ID:                               GenuineIntel
Model name:                              Intel(R) Xeon(R) Platinum 8352V CPU @ 2.10GHz
CPU family:                              6
Model:                                   106
Thread(s) per core:                      2
Core(s) per socket:                      32
Socket(s):                               2
Stepping:                                6
CPU max MHz:                             3500.0000
CPU min MHz:                             800.0000
BogoMIPS:                                4000.00
Flags:                                   fpu vme de pse tsc msr pae mce cx8 apic sep mtrr pge mca cmov pat pse36 clflush dts acpi mmx fxsr sse sse2 ss ht tm pbe syscall nx pdpe1gb rdtscp lm constant_tsc art arch_perfmon pebs bts rep_good nopl xtopology nonstop_tsc cpuid aperfmperf pni pclmulqdq dtes64 monitor ds_cpl vmx smx est tm2 ssse3 sdbg fma cx16 xtpr pdcm pcid dca sse4_1 sse4_2 x2apic movbe popcnt tsc_deadline_timer aes xsave avx f16c rdrand lahf_lm abm 3dnowprefetch cpuid_fault epb cat_l3 invpcid_single intel_ppin ssbd mba ibrs ibpb stibp ibrs_enhanced tpr_shadow vnmi flexpriority ept vpid ept_ad fsgsbase tsc_adjust bmi1 avx2 smep bmi2 erms invpcid cqm rdt_a avx512f avx512dq rdseed adx smap avx512ifma clflushopt clwb intel_pt avx512cd sha_ni avx512bw avx512vl xsaveopt xsavec xgetbv1 xsaves cqm_llc cqm_occup_llc cqm_mbm_total cqm_mbm_local split_lock_detect wbnoinvd dtherm ida arat pln pts hwp hwp_act_window hwp_epp hwp_pkg_req avx512vbmi umip pku ospke avx512_vbmi2 gfni vaes vpclmulqdq avx512_vnni avx512_bitalg tme avx512_vpopcntdq la57 rdpid fsrm md_clear pconfig flush_l1d arch_capabilities
Virtualization:                          VT-x
L1d cache:                               3 MiB (64 instances)
L1i cache:                               2 MiB (64 instances)
L2 cache:                                80 MiB (64 instances)
L3 cache:                                108 MiB (2 instances)
NUMA node(s):                            2
NUMA node0 CPU(s):                       0-31,64-95
NUMA node1 CPU(s):                       32-63,96-127
Vulnerability Gather data sampling:      Mitigation; Microcode
Vulnerability Indirect target selection: Mitigation; Aligned branch/return thunks
Vulnerability Itlb multihit:             Not affected
Vulnerability L1tf:                      Not affected
Vulnerability Mds:                       Not affected
Vulnerability Meltdown:                  Not affected
Vulnerability Mmio stale data:           Mitigation; Clear CPU buffers; SMT vulnerable
Vulnerability Reg file data sampling:    Not affected
Vulnerability Retbleed:                  Not affected
Vulnerability Spec rstack overflow:      Not affected
Vulnerability Spec store bypass:         Mitigation; Speculative Store Bypass disabled via prctl and seccomp
Vulnerability Spectre v1:                Mitigation; usercopy/swapgs barriers and __user pointer sanitization
Vulnerability Spectre v2:                Mitigation; Enhanced / Automatic IBRS; IBPB conditional; PBRSB-eIBRS SW sequence; BHI SW loop, KVM SW loop
Vulnerability Srbds:                     Not affected
Vulnerability Tsa:                       Not affected
Vulnerability Tsx async abort:           Not affected
Vulnerability Vmscape:                   Not affected

Versions of relevant libraries:
[pip3] flake8==3.7.9
[pip3] numpy==2.2.6
[pip3] torch==2.4.0
[pip3] torchaudio==2.4.0
[pip3] torchvision==0.19.0
[pip3] triton==3.0.0
[conda] numpy                     2.2.6                    pypi_0    pypi
[conda] torch                     2.4.0                    pypi_0    pypi
[conda] torchaudio                2.4.0                    pypi_0    pypi
[conda] torchvision               0.19.0                   pypi_0    pypi
[conda] triton                    3.0.0                    pypi_0    pypi
        Pillow (12.2.0)

Loading trainer: RefactorRunner
Loading dataset: UCF101
Reading split from /root/autodl-tmp/MMRL/DATASETS/ucf101/split_zhou_UCF101.json
Loading preprocessed few-shot data from /root/autodl-tmp/MMRL/DATASETS/ucf101/split_fewshot/shot_16-seed_1.pkl
Building transform_train
+ random resized crop (size=(224, 224), scale=(0.5, 1))
+ random flip
+ to torch tensor of range [0, 1]
+ normalization (mean=[0.48145466, 0.4578275, 0.40821073], std=[0.26862954, 0.26130258, 0.27577711])
Building transform_test
+ resize the smaller edge to 224
+ 224x224 center crop
+ to torch tensor of range [0, 1]
+ normalization (mean=[0.48145466, 0.4578275, 0.40821073], std=[0.26862954, 0.26130258, 0.27577711])
---------  ------
Dataset    UCF101
# classes  101
# train_x  1,616
# val      404
# test     3,783
---------  ------
/root/miniconda3/envs/mmrl/lib/python3.10/site-packages/torch/optim/lr_scheduler.py:60: UserWarning: The verbose parameter is deprecated. Please use get_last_lr() to access the learning rate.
  warnings.warn(
/root/autodl-tmp/MMRL/trainers/refactor_runner.py:52: FutureWarning: `torch.cuda.amp.GradScaler(args...)` is deprecated. Please use `torch.amp.GradScaler('cuda', args...)` instead.
  self.scaler = GradScaler() if prec == "amp" else None
[BayesMMRLMethod] trainable params: {'representation_learner.base.compound_rep_tokens_r2vproj.6.weight', 'representation_learner.base.compound_rep_tokens_r2vproj.2.bias', 'image_encoder.bayes_proj_rep.posterior_rho', 'representation_learner.base.compound_rep_tokens_r2tproj.5.weight', 'representation_learner.base.compound_rep_tokens_r2vproj.1.bias', 'representation_learner.base.compound_rep_tokens_r2tproj.3.bias', 'representation_learner.base.compound_rep_tokens_r2tproj.3.weight', 'representation_learner.base.compound_rep_tokens_r2vproj.6.bias', 'representation_learner.base.compound_rep_tokens_r2tproj.0.weight', 'representation_learner.base.compound_rep_tokens_r2vproj.3.weight', 'representation_learner.base.compound_rep_tokens_r2vproj.5.weight', 'representation_learner.base.compound_rep_tokens_r2vproj.3.bias', 'representation_learner.base.compound_rep_tokens_r2tproj.4.bias', 'representation_learner.base.compound_rep_tokens_r2vproj.0.bias', 'representation_learner.base.compound_rep_tokens_r2tproj.6.bias', 'representation_learner.base.compound_rep_tokens_r2vproj.4.weight', 'representation_learner.base.compound_rep_tokens_r2vproj.0.weight', 'representation_learner.base.compound_rep_tokens_r2vproj.5.bias', 'representation_learner.base.compound_rep_tokens_r2tproj.1.bias', 'representation_learner.base.compound_rep_tokens_r2tproj.6.weight', 'representation_learner.base.compound_rep_tokens_r2tproj.1.weight', 'representation_learner.base.compound_rep_tokens_r2tproj.2.weight', 'representation_learner.base.compound_rep_tokens', 'representation_learner.base.compound_rep_tokens_r2tproj.4.weight', 'representation_learner.base.compound_rep_tokens_r2vproj.4.bias', 'representation_learner.base.compound_rep_tokens_r2tproj.2.bias', 'image_encoder.bayes_proj_rep.posterior_mean', 'representation_learner.base.compound_rep_tokens_r2vproj.1.weight', 'representation_learner.base.compound_rep_tokens_r2tproj.0.bias', 'representation_learner.base.compound_rep_tokens_r2vproj.2.weight', 'representation_learner.base.compound_rep_tokens_r2tproj.5.bias'}
Loading evaluator: Classification
No checkpoint found, train from scratch
Initialize tensorboard (log_dir=output_sweeps/bayes_mmrl_search_current/coarse3/alpha_stage/BayesMMRL/FS/fewshot_train/ucf101/shots_16/ViT-B-16/C_anchor_sig-row_pmode-self_proj_rep_pstd-0.01_kl-1e-5_alpha-1.0/seed1/tensorboard)
/root/autodl-tmp/MMRL/executors/online_executor.py:47: FutureWarning: `torch.cuda.amp.autocast(args...)` is deprecated. Please use `torch.amp.autocast('cuda', args...)` instead.
  with autocast():
epoch [39/50] batch [20/50] time 0.405 (0.344) data 0.000 (0.025) loss 0.0867 (0.0959) acc 100.0000 (99.3750) data_term 0.0867 (0.0959) raw_kl_rep 0.0000 (0.0000) raw_kl_proj_rep 0.0000 (0.0000) kl_rep_term 0.0000 (0.0000) kl_proj_rep_term 0.0000 (0.0000) kl_term 0.0000 (0.0000) kl_normalizer 50.0000 (50.0000) kl_beta 0.7500 (0.7500) lr 1.5773e-04 eta 0:03:19
epoch [39/50] batch [40/50] time 0.606 (0.457) data 0.000 (0.013) loss 0.0723 (0.0916) acc 100.0000 (99.5312) data_term 0.0723 (0.0916) raw_kl_rep 0.0000 (0.0000) raw_kl_proj_rep 0.0000 (0.0000) kl_rep_term 0.0000 (0.0000) kl_proj_rep_term 0.0000 (0.0000) kl_term 0.0000 (0.0000) kl_normalizer 50.0000 (50.0000) kl_beta 0.7500 (0.7500) lr 1.5773e-04 eta 0:04:16
epoch [1/50] batch [20/50] time 0.400 (0.451) data 0.001 (0.037) loss 1.0180 (1.5512) acc 65.6250 (61.7188) data_term 1.0180 (1.5512) raw_kl_rep 0.0000 (0.0000) raw_kl_proj_rep 0.0000 (0.0000) kl_rep_term 0.0000 (0.0000) kl_proj_rep_term 0.0000 (0.0000) kl_term 0.0000 (0.0000) kl_normalizer 50.0000 (50.0000) kl_beta 0.0000 (0.0000) lr 1.0000e-05 eta 0:18:39
epoch [1/50] batch [40/50] time 0.388 (0.415) data 0.000 (0.019) loss 1.2012 (1.5160) acc 62.5000 (60.7812) data_term 1.2012 (1.5160) raw_kl_rep 0.0000 (0.0000) raw_kl_proj_rep 0.0000 (0.0000) kl_rep_term 0.0000 (0.0000) kl_proj_rep_term 0.0000 (0.0000) kl_term 0.0000 (0.0000) kl_normalizer 50.0000 (50.0000) kl_beta 0.0000 (0.0000) lr 1.0000e-05 eta 0:17:01
epoch [2/50] batch [20/50] time 0.352 (0.411) data 0.000 (0.034) loss 0.5041 (1.0367) acc 84.3750 (70.0000) data_term 0.5041 (1.0367) raw_kl_rep 0.0000 (0.0000) raw_kl_proj_rep 0.0008 (0.0003) kl_rep_term 0.0000 (0.0000) kl_proj_rep_term 0.0000 (0.0000) kl_term 0.0000 (0.0000) kl_normalizer 50.0000 (50.0000) kl_beta 0.0000 (0.0000) lr 1.0000e-03 eta 0:16:38
epoch [2/50] batch [40/50] time 0.352 (0.392) data 0.000 (0.017) loss 0.7513 (0.9647) acc 78.1250 (71.7969) data_term 0.7513 (0.9647) raw_kl_rep 0.0000 (0.0000) raw_kl_proj_rep 0.0034 (0.0011) kl_rep_term 0.0000 (0.0000) kl_proj_rep_term 0.0000 (0.0000) kl_term 0.0000 (0.0000) kl_normalizer 50.0000 (50.0000) kl_beta 0.0000 (0.0000) lr 1.0000e-03 eta 0:15:44
epoch [40/50] batch [20/50] time 0.595 (0.580) data 0.000 (0.026) loss 0.0822 (0.0926) acc 100.0000 (99.3750) data_term 0.0822 (0.0926) raw_kl_rep 0.0000 (0.0000) raw_kl_proj_rep 0.0000 (0.0000) kl_rep_term 0.0000 (0.0000) kl_proj_rep_term 0.0000 (0.0000) kl_term 0.0000 (0.0000) kl_normalizer 50.0000 (50.0000) kl_beta 0.7727 (0.7727) lr 1.3552e-04 eta 0:05:07
epoch [40/50] batch [40/50] time 0.584 (0.560) data 0.000 (0.013) loss 0.0883 (0.0929) acc 100.0000 (99.3750) data_term 0.0883 (0.0929) raw_kl_rep 0.0000 (0.0000) raw_kl_proj_rep 0.0000 (0.0000) kl_rep_term 0.0000 (0.0000) kl_proj_rep_term 0.0000 (0.0000) kl_term 0.0000 (0.0000) kl_normalizer 50.0000 (50.0000) kl_beta 0.7727 (0.7727) lr 1.3552e-04 eta 0:04:45
epoch [3/50] batch [20/50] time 0.192 (0.394) data 0.001 (0.030) loss 0.6000 (0.7116) acc 87.5000 (78.7500) data_term 0.6000 (0.7116) raw_kl_rep 0.0000 (0.0000) raw_kl_proj_rep 0.0117 (0.0084) kl_rep_term 0.0000 (0.0000) kl_proj_rep_term 0.0000 (0.0000) kl_term 0.0000 (0.0000) kl_normalizer 50.0000 (50.0000) kl_beta 0.0000 (0.0000) lr 9.9901e-04 eta 0:15:37
epoch [3/50] batch [40/50] time 0.360 (0.378) data 0.000 (0.015) loss 0.7782 (0.7286) acc 81.2500 (78.3594) data_term 0.7782 (0.7286) raw_kl_rep 0.0000 (0.0000) raw_kl_proj_rep 0.0201 (0.0121) kl_rep_term 0.0000 (0.0000) kl_proj_rep_term 0.0000 (0.0000) kl_term 0.0000 (0.0000) kl_normalizer 50.0000 (50.0000) kl_beta 0.0000 (0.0000) lr 9.9901e-04 eta 0:14:52
epoch [41/50] batch [20/50] time 0.295 (0.582) data 0.000 (0.028) loss 0.1264 (0.0878) acc 96.8750 (99.5312) data_term 0.1264 (0.0878) raw_kl_rep 0.0000 (0.0000) raw_kl_proj_rep 0.0000 (0.0000) kl_rep_term 0.0000 (0.0000) kl_proj_rep_term 0.0000 (0.0000) kl_term 0.0000 (0.0000) kl_normalizer 50.0000 (50.0000) kl_beta 0.7955 (0.7955) lr 1.1474e-04 eta 0:04:39
epoch [41/50] batch [40/50] time 0.568 (0.574) data 0.000 (0.014) loss 0.0966 (0.0882) acc 100.0000 (99.5312) data_term 0.0966 (0.0882) raw_kl_rep 0.0000 (0.0000) raw_kl_proj_rep 0.0000 (0.0000) kl_rep_term 0.0000 (0.0000) kl_proj_rep_term 0.0000 (0.0000) kl_term 0.0000 (0.0000) kl_normalizer 50.0000 (50.0000) kl_beta 0.7955 (0.7955) lr 1.1474e-04 eta 0:04:24
epoch [4/50] batch [20/50] time 0.372 (0.395) data 0.000 (0.028) loss 0.7429 (0.6742) acc 81.2500 (81.4062) data_term 0.7429 (0.6742) raw_kl_rep 0.0000 (0.0000) raw_kl_proj_rep 0.0382 (0.0320) kl_rep_term 0.0000 (0.0000) kl_proj_rep_term 0.0000 (0.0000) kl_term 0.0000 (0.0000) kl_normalizer 50.0000 (50.0000) kl_beta 0.0000 (0.0000) lr 9.9606e-04 eta 0:15:19
epoch [4/50] batch [40/50] time 0.357 (0.380) data 0.000 (0.014) loss 0.4026 (0.6244) acc 90.6250 (82.5781) data_term 0.4026 (0.6244) raw_kl_rep 0.0000 (0.0000) raw_kl_proj_rep 0.0523 (0.0386) kl_rep_term 0.0000 (0.0000) kl_proj_rep_term 0.0000 (0.0000) kl_term 0.0000 (0.0000) kl_normalizer 50.0000 (50.0000) kl_beta 0.0000 (0.0000) lr 9.9606e-04 eta 0:14:38
epoch [5/50] batch [20/50] time 0.352 (0.403) data 0.000 (0.031) loss 0.7430 (0.6067) acc 75.0000 (82.8125) data_term 0.7430 (0.6067) raw_kl_rep 0.0000 (0.0000) raw_kl_proj_rep 0.0791 (0.0696) kl_rep_term 0.0000 (0.0000) kl_proj_rep_term 0.0000 (0.0000) kl_term 0.0000 (0.0000) kl_normalizer 50.0000 (50.0000) kl_beta 0.0000 (0.0000) lr 9.9114e-04 eta 0:15:18
epoch [5/50] batch [40/50] time 0.354 (0.385) data 0.000 (0.016) loss 0.3586 (0.5686) acc 87.5000 (83.8281) data_term 0.3586 (0.5686) raw_kl_rep 0.0000 (0.0000) raw_kl_proj_rep 0.0989 (0.0791) kl_rep_term 0.0000 (0.0000) kl_proj_rep_term 0.0000 (0.0000) kl_term 0.0000 (0.0000) kl_normalizer 50.0000 (50.0000) kl_beta 0.0000 (0.0000) lr 9.9114e-04 eta 0:14:30
epoch [42/50] batch [20/50] time 0.590 (0.579) data 0.000 (0.029) loss 0.0928 (0.0912) acc 100.0000 (99.5312) data_term 0.0928 (0.0912) raw_kl_rep 0.0000 (0.0000) raw_kl_proj_rep 0.0000 (0.0000) kl_rep_term 0.0000 (0.0000) kl_proj_rep_term 0.0000 (0.0000) kl_term 0.0000 (0.0000) kl_normalizer 50.0000 (50.0000) kl_beta 0.8182 (0.8182) lr 9.5492e-05 eta 0:04:09
epoch [42/50] batch [40/50] time 0.584 (0.564) data 0.000 (0.015) loss 0.0814 (0.0939) acc 100.0000 (99.5312) data_term 0.0814 (0.0939) raw_kl_rep 0.0000 (0.0000) raw_kl_proj_rep 0.0000 (0.0000) kl_rep_term 0.0000 (0.0000) kl_proj_rep_term 0.0000 (0.0000) kl_term 0.0000 (0.0000) kl_normalizer 50.0000 (50.0000) kl_beta 0.8182 (0.8182) lr 9.5492e-05 eta 0:03:51
epoch [6/50] batch [20/50] time 0.360 (0.396) data 0.000 (0.030) loss 0.6113 (0.5078) acc 84.3750 (86.0938) data_term 0.6113 (0.5078) raw_kl_rep 0.0000 (0.0000) raw_kl_proj_rep 0.1344 (0.1212) kl_rep_term 0.0000 (0.0000) kl_proj_rep_term 0.0000 (0.0000) kl_term 0.0000 (0.0000) kl_normalizer 50.0000 (50.0000) kl_beta 0.0000 (0.0000) lr 9.8429e-04 eta 0:14:42
epoch [6/50] batch [40/50] time 0.369 (0.369) data 0.000 (0.015) loss 0.6366 (0.4955) acc 84.3750 (86.1719) data_term 0.6366 (0.4955) raw_kl_rep 0.0000 (0.0000) raw_kl_proj_rep 0.1585 (0.1340) kl_rep_term 0.0000 (0.0000) kl_proj_rep_term 0.0000 (0.0000) kl_term 0.0000 (0.0000) kl_normalizer 50.0000 (50.0000) kl_beta 0.0000 (0.0000) lr 9.8429e-04 eta 0:13:35
epoch [43/50] batch [20/50] time 0.575 (0.581) data 0.000 (0.029) loss 0.0968 (0.0948) acc 100.0000 (99.8438) data_term 0.0968 (0.0948) raw_kl_rep 0.0000 (0.0000) raw_kl_proj_rep 0.0000 (0.0000) kl_rep_term 0.0000 (0.0000) kl_proj_rep_term 0.0000 (0.0000) kl_term 0.0000 (0.0000) kl_normalizer 50.0000 (50.0000) kl_beta 0.8409 (0.8409) lr 7.7836e-05 eta 0:03:40
epoch [43/50] batch [40/50] time 0.549 (0.585) data 0.000 (0.015) loss 0.0793 (0.0887) acc 100.0000 (99.8438) data_term 0.0793 (0.0887) raw_kl_rep 0.0000 (0.0000) raw_kl_proj_rep 0.0000 (0.0000) kl_rep_term 0.0000 (0.0000) kl_proj_rep_term 0.0000 (0.0000) kl_term 0.0000 (0.0000) kl_normalizer 50.0000 (50.0000) kl_beta 0.8409 (0.8409) lr 7.7836e-05 eta 0:03:30
epoch [7/50] batch [20/50] time 0.357 (0.406) data 0.000 (0.025) loss 0.3611 (0.4852) acc 93.7500 (88.5938) data_term 0.3611 (0.4852) raw_kl_rep 0.0000 (0.0000) raw_kl_proj_rep 0.0125 (0.0455) kl_rep_term 0.0000 (0.0000) kl_proj_rep_term 0.0000 (0.0000) kl_term 0.0000 (0.0000) kl_normalizer 50.0000 (50.0000) kl_beta 0.0227 (0.0227) lr 9.7553e-04 eta 0:14:44
epoch [7/50] batch [40/50] time 0.351 (0.389) data 0.000 (0.013) loss 0.3599 (0.4800) acc 90.6250 (88.0469) data_term 0.3599 (0.4800) raw_kl_rep 0.0000 (0.0000) raw_kl_proj_rep 0.0000 (0.0244) kl_rep_term 0.0000 (0.0000) kl_proj_rep_term 0.0000 (0.0000) kl_term 0.0000 (0.0000) kl_normalizer 50.0000 (50.0000) kl_beta 0.0227 (0.0227) lr 9.7553e-04 eta 0:14:01
epoch [8/50] batch [20/50] time 0.397 (0.401) data 0.000 (0.024) loss 0.2703 (0.3631) acc 90.6250 (90.4688) data_term 0.2703 (0.3631) raw_kl_rep 0.0000 (0.0000) raw_kl_proj_rep 0.0000 (0.0001) kl_rep_term 0.0000 (0.0000) kl_proj_rep_term 0.0000 (0.0000) kl_term 0.0000 (0.0000) kl_normalizer 50.0000 (50.0000) kl_beta 0.0455 (0.0455) lr 9.6489e-04 eta 0:14:13
epoch [8/50] batch [40/50] time 0.386 (0.386) data 0.000 (0.012) loss 0.4659 (0.3932) acc 87.5000 (89.7656) data_term 0.4659 (0.3932) raw_kl_rep 0.0000 (0.0000) raw_kl_proj_rep 0.0000 (0.0001) kl_rep_term 0.0000 (0.0000) kl_proj_rep_term 0.0000 (0.0000) kl_term 0.0000 (0.0000) kl_normalizer 50.0000 (50.0000) kl_beta 0.0455 (0.0455) lr 9.6489e-04 eta 0:13:35
epoch [44/50] batch [20/50] time 0.598 (0.618) data 0.001 (0.026) loss 0.0667 (0.0825) acc 100.0000 (99.6875) data_term 0.0667 (0.0825) raw_kl_rep 0.0000 (0.0000) raw_kl_proj_rep 0.0000 (0.0000) kl_rep_term 0.0000 (0.0000) kl_proj_rep_term 0.0000 (0.0000) kl_term 0.0000 (0.0000) kl_normalizer 50.0000 (50.0000) kl_beta 0.8636 (0.8636) lr 6.1847e-05 eta 0:03:23
epoch [44/50] batch [40/50] time 0.613 (0.588) data 0.000 (0.013) loss 0.0973 (0.0854) acc 100.0000 (99.5312) data_term 0.0973 (0.0854) raw_kl_rep 0.0000 (0.0000) raw_kl_proj_rep 0.0000 (0.0000) kl_rep_term 0.0000 (0.0000) kl_proj_rep_term 0.0000 (0.0000) kl_term 0.0000 (0.0000) kl_normalizer 50.0000 (50.0000) kl_beta 0.8636 (0.8636) lr 6.1847e-05 eta 0:03:02
epoch [9/50] batch [20/50] time 0.372 (0.406) data 0.000 (0.025) loss 0.4126 (0.3566) acc 87.5000 (91.0938) data_term 0.4126 (0.3566) raw_kl_rep 0.0000 (0.0000) raw_kl_proj_rep 0.0000 (0.0000) kl_rep_term 0.0000 (0.0000) kl_proj_rep_term 0.0000 (0.0000) kl_term 0.0000 (0.0000) kl_normalizer 50.0000 (50.0000) kl_beta 0.0682 (0.0682) lr 9.5241e-04 eta 0:14:04
epoch [9/50] batch [40/50] time 0.427 (0.380) data 0.000 (0.013) loss 0.3478 (0.3528) acc 96.8750 (90.8594) data_term 0.3478 (0.3528) raw_kl_rep 0.0000 (0.0000) raw_kl_proj_rep 0.0000 (0.0000) kl_rep_term 0.0000 (0.0000) kl_proj_rep_term 0.0000 (0.0000) kl_term 0.0000 (0.0000) kl_normalizer 50.0000 (50.0000) kl_beta 0.0682 (0.0682) lr 9.5241e-04 eta 0:13:02
epoch [10/50] batch [20/50] time 0.374 (0.393) data 0.000 (0.022) loss 0.3067 (0.2850) acc 93.7500 (94.0625) data_term 0.3067 (0.2850) raw_kl_rep 0.0000 (0.0000) raw_kl_proj_rep 0.0000 (0.0000) kl_rep_term 0.0000 (0.0000) kl_proj_rep_term 0.0000 (0.0000) kl_term 0.0000 (0.0000) kl_normalizer 50.0000 (50.0000) kl_beta 0.0909 (0.0909) lr 9.3815e-04 eta 0:13:18
epoch [10/50] batch [40/50] time 0.360 (0.380) data 0.000 (0.011) loss 0.2463 (0.3287) acc 100.0000 (92.0312) data_term 0.2463 (0.3287) raw_kl_rep 0.0000 (0.0000) raw_kl_proj_rep 0.0000 (0.0000) kl_rep_term 0.0000 (0.0000) kl_proj_rep_term 0.0000 (0.0000) kl_term 0.0000 (0.0000) kl_normalizer 50.0000 (50.0000) kl_beta 0.0909 (0.0909) lr 9.3815e-04 eta 0:12:43
epoch [45/50] batch [20/50] time 0.600 (0.578) data 0.000 (0.025) loss 0.0843 (0.0873) acc 100.0000 (99.5312) data_term 0.0843 (0.0873) raw_kl_rep 0.0000 (0.0000) raw_kl_proj_rep 0.0000 (0.0000) kl_rep_term 0.0000 (0.0000) kl_proj_rep_term 0.0000 (0.0000) kl_term 0.0000 (0.0000) kl_normalizer 50.0000 (50.0000) kl_beta 0.8864 (0.8864) lr 4.7586e-05 eta 0:02:41
epoch [45/50] batch [40/50] time 0.572 (0.580) data 0.000 (0.013) loss 0.0656 (0.0864) acc 100.0000 (99.6094) data_term 0.0656 (0.0864) raw_kl_rep 0.0000 (0.0000) raw_kl_proj_rep 0.0000 (0.0000) kl_rep_term 0.0000 (0.0000) kl_proj_rep_term 0.0000 (0.0000) kl_term 0.0000 (0.0000) kl_normalizer 50.0000 (50.0000) kl_beta 0.8864 (0.8864) lr 4.7586e-05 eta 0:02:30
epoch [11/50] batch [20/50] time 0.362 (0.369) data 0.000 (0.025) loss 0.2991 (0.3083) acc 93.7500 (93.4375) data_term 0.2991 (0.3083) raw_kl_rep 0.0000 (0.0000) raw_kl_proj_rep 0.0000 (0.0000) kl_rep_term 0.0000 (0.0000) kl_proj_rep_term 0.0000 (0.0000) kl_term 0.0000 (0.0000) kl_normalizer 50.0000 (50.0000) kl_beta 0.1136 (0.1136) lr 9.2216e-04 eta 0:12:09
epoch [11/50] batch [40/50] time 0.358 (0.368) data 0.000 (0.013) loss 0.3049 (0.2944) acc 90.6250 (93.4375) data_term 0.3049 (0.2944) raw_kl_rep 0.0000 (0.0000) raw_kl_proj_rep 0.0000 (0.0000) kl_rep_term 0.0000 (0.0000) kl_proj_rep_term 0.0000 (0.0000) kl_term 0.0000 (0.0000) kl_normalizer 50.0000 (50.0000) kl_beta 0.1136 (0.1136) lr 9.2216e-04 eta 0:12:00
epoch [46/50] batch [20/50] time 0.596 (0.607) data 0.000 (0.023) loss 0.0870 (0.0913) acc 100.0000 (99.3750) data_term 0.0870 (0.0913) raw_kl_rep 0.0000 (0.0000) raw_kl_proj_rep 0.0000 (0.0000) kl_rep_term 0.0000 (0.0000) kl_proj_rep_term 0.0000 (0.0000) kl_term 0.0000 (0.0000) kl_normalizer 50.0000 (50.0000) kl_beta 0.9091 (0.9091) lr 3.5112e-05 eta 0:02:19
epoch [46/50] batch [40/50] time 0.586 (0.585) data 0.000 (0.012) loss 0.0864 (0.0868) acc 100.0000 (99.6094) data_term 0.0864 (0.0868) raw_kl_rep 0.0000 (0.0000) raw_kl_proj_rep 0.0000 (0.0000) kl_rep_term 0.0000 (0.0000) kl_proj_rep_term 0.0000 (0.0000) kl_term 0.0000 (0.0000) kl_normalizer 50.0000 (50.0000) kl_beta 0.9091 (0.9091) lr 3.5112e-05 eta 0:02:02
epoch [12/50] batch [20/50] time 0.377 (0.395) data 0.000 (0.026) loss 0.1808 (0.2797) acc 96.8750 (94.0625) data_term 0.1808 (0.2797) raw_kl_rep 0.0000 (0.0000) raw_kl_proj_rep 0.0000 (0.0000) kl_rep_term 0.0000 (0.0000) kl_proj_rep_term 0.0000 (0.0000) kl_term 0.0000 (0.0000) kl_normalizer 50.0000 (50.0000) kl_beta 0.1364 (0.1364) lr 9.0451e-04 eta 0:12:42
epoch [12/50] batch [40/50] time 0.390 (0.369) data 0.000 (0.013) loss 0.1795 (0.2740) acc 100.0000 (94.2188) data_term 0.1795 (0.2740) raw_kl_rep 0.0000 (0.0000) raw_kl_proj_rep 0.0000 (0.0000) kl_rep_term 0.0000 (0.0000) kl_proj_rep_term 0.0000 (0.0000) kl_term 0.0000 (0.0000) kl_normalizer 50.0000 (50.0000) kl_beta 0.1364 (0.1364) lr 9.0451e-04 eta 0:11:44
epoch [13/50] batch [20/50] time 0.409 (0.409) data 0.000 (0.026) loss 0.5849 (0.2547) acc 87.5000 (95.0000) data_term 0.5849 (0.2547) raw_kl_rep 0.0000 (0.0000) raw_kl_proj_rep 0.0000 (0.0000) kl_rep_term 0.0000 (0.0000) kl_proj_rep_term 0.0000 (0.0000) kl_term 0.0000 (0.0000) kl_normalizer 50.0000 (50.0000) kl_beta 0.1591 (0.1591) lr 8.8526e-04 eta 0:12:48
epoch [13/50] batch [40/50] time 0.366 (0.390) data 0.000 (0.013) loss 0.2861 (0.2630) acc 93.7500 (94.6875) data_term 0.2861 (0.2630) raw_kl_rep 0.0000 (0.0000) raw_kl_proj_rep 0.0000 (0.0000) kl_rep_term 0.0000 (0.0000) kl_proj_rep_term 0.0000 (0.0000) kl_term 0.0000 (0.0000) kl_normalizer 50.0000 (50.0000) kl_beta 0.1591 (0.1591) lr 8.8526e-04 eta 0:12:04
epoch [47/50] batch [20/50] time 0.598 (0.587) data 0.000 (0.024) loss 0.0664 (0.0922) acc 100.0000 (99.5312) data_term 0.0664 (0.0922) raw_kl_rep 0.0000 (0.0000) raw_kl_proj_rep 0.0000 (0.0000) kl_rep_term 0.0000 (0.0000) kl_proj_rep_term 0.0000 (0.0000) kl_term 0.0000 (0.0000) kl_normalizer 50.0000 (50.0000) kl_beta 0.9318 (0.9318) lr 2.4472e-05 eta 0:01:45
epoch [47/50] batch [40/50] time 0.561 (0.584) data 0.000 (0.012) loss 0.0805 (0.0902) acc 100.0000 (99.6094) data_term 0.0805 (0.0902) raw_kl_rep 0.0000 (0.0000) raw_kl_proj_rep 0.0000 (0.0000) kl_rep_term 0.0000 (0.0000) kl_proj_rep_term 0.0000 (0.0000) kl_term 0.0000 (0.0000) kl_normalizer 50.0000 (50.0000) kl_beta 0.9318 (0.9318) lr 2.4472e-05 eta 0:01:33
epoch [14/50] batch [20/50] time 0.359 (0.363) data 0.001 (0.027) loss 0.2227 (0.2183) acc 93.7500 (95.7812) data_term 0.2227 (0.2183) raw_kl_rep 0.0000 (0.0000) raw_kl_proj_rep 0.0000 (0.0000) kl_rep_term 0.0000 (0.0000) kl_proj_rep_term 0.0000 (0.0000) kl_term 0.0000 (0.0000) kl_normalizer 50.0000 (50.0000) kl_beta 0.1818 (0.1818) lr 8.6448e-04 eta 0:11:04
epoch [14/50] batch [40/50] time 0.361 (0.369) data 0.000 (0.013) loss 0.2486 (0.2352) acc 93.7500 (95.8594) data_term 0.2486 (0.2352) raw_kl_rep 0.0000 (0.0000) raw_kl_proj_rep 0.0000 (0.0000) kl_rep_term 0.0000 (0.0000) kl_proj_rep_term 0.0000 (0.0000) kl_term 0.0000 (0.0000) kl_normalizer 50.0000 (50.0000) kl_beta 0.1818 (0.1818) lr 8.6448e-04 eta 0:11:08
epoch [48/50] batch [20/50] time 0.553 (0.614) data 0.001 (0.029) loss 0.1328 (0.0863) acc 96.8750 (99.8438) data_term 0.1328 (0.0863) raw_kl_rep 0.0000 (0.0000) raw_kl_proj_rep 0.0000 (0.0000) kl_rep_term 0.0000 (0.0000) kl_proj_rep_term 0.0000 (0.0000) kl_term 0.0000 (0.0000) kl_normalizer 50.0000 (50.0000) kl_beta 0.9545 (0.9545) lr 1.5708e-05 eta 0:01:19
epoch [48/50] batch [40/50] time 0.582 (0.583) data 0.000 (0.015) loss 0.0677 (0.0894) acc 100.0000 (99.6875) data_term 0.0677 (0.0894) raw_kl_rep 0.0000 (0.0000) raw_kl_proj_rep 0.0000 (0.0000) kl_rep_term 0.0000 (0.0000) kl_proj_rep_term 0.0000 (0.0000) kl_term 0.0000 (0.0000) kl_normalizer 50.0000 (50.0000) kl_beta 0.9545 (0.9545) lr 1.5708e-05 eta 0:01:04
epoch [15/50] batch [20/50] time 0.363 (0.404) data 0.000 (0.026) loss 0.2674 (0.2354) acc 93.7500 (95.3125) data_term 0.2674 (0.2354) raw_kl_rep 0.0000 (0.0000) raw_kl_proj_rep 0.0000 (0.0000) kl_rep_term 0.0000 (0.0000) kl_proj_rep_term 0.0000 (0.0000) kl_term 0.0000 (0.0000) kl_normalizer 50.0000 (50.0000) kl_beta 0.2045 (0.2045) lr 8.4227e-04 eta 0:11:58
epoch [15/50] batch [40/50] time 0.378 (0.377) data 0.000 (0.013) loss 0.1913 (0.2256) acc 96.8750 (95.8594) data_term 0.1913 (0.2256) raw_kl_rep 0.0000 (0.0000) raw_kl_proj_rep 0.0000 (0.0000) kl_rep_term 0.0000 (0.0000) kl_proj_rep_term 0.0000 (0.0000) kl_term 0.0000 (0.0000) kl_normalizer 50.0000 (50.0000) kl_beta 0.2045 (0.2045) lr 8.4227e-04 eta 0:11:04
epoch [16/50] batch [20/50] time 0.244 (0.385) data 0.001 (0.024) loss 0.1293 (0.1967) acc 100.0000 (97.6562) data_term 0.1293 (0.1967) raw_kl_rep 0.0000 (0.0000) raw_kl_proj_rep 0.0000 (0.0000) kl_rep_term 0.0000 (0.0000) kl_proj_rep_term 0.0000 (0.0000) kl_term 0.0000 (0.0000) kl_normalizer 50.0000 (50.0000) kl_beta 0.2273 (0.2273) lr 8.1871e-04 eta 0:11:06
epoch [16/50] batch [40/50] time 0.363 (0.379) data 0.000 (0.012) loss 0.2405 (0.2037) acc 100.0000 (96.9531) data_term 0.2405 (0.2037) raw_kl_rep 0.0000 (0.0000) raw_kl_proj_rep 0.0000 (0.0000) kl_rep_term 0.0000 (0.0000) kl_proj_rep_term 0.0000 (0.0000) kl_term 0.0000 (0.0000) kl_normalizer 50.0000 (50.0000) kl_beta 0.2273 (0.2273) lr 8.1871e-04 eta 0:10:48
epoch [49/50] batch [20/50] time 0.651 (0.588) data 0.000 (0.023) loss 0.0724 (0.0837) acc 100.0000 (99.8438) data_term 0.0724 (0.0837) raw_kl_rep 0.0000 (0.0000) raw_kl_proj_rep 0.0000 (0.0000) kl_rep_term 0.0000 (0.0000) kl_proj_rep_term 0.0000 (0.0000) kl_term 0.0000 (0.0000) kl_normalizer 50.0000 (50.0000) kl_beta 0.9773 (0.9773) lr 8.8564e-06 eta 0:00:47
epoch [49/50] batch [40/50] time 0.579 (0.593) data 0.000 (0.012) loss 0.0760 (0.0826) acc 100.0000 (99.8438) data_term 0.0760 (0.0826) raw_kl_rep 0.0000 (0.0000) raw_kl_proj_rep 0.0000 (0.0000) kl_rep_term 0.0000 (0.0000) kl_proj_rep_term 0.0000 (0.0000) kl_term 0.0000 (0.0000) kl_normalizer 50.0000 (50.0000) kl_beta 0.9773 (0.9773) lr 8.8564e-06 eta 0:00:35
epoch [17/50] batch [20/50] time 0.378 (0.377) data 0.000 (0.027) loss 0.2251 (0.1854) acc 100.0000 (97.9688) data_term 0.2251 (0.1854) raw_kl_rep 0.0000 (0.0000) raw_kl_proj_rep 0.0759 (0.0081) kl_rep_term 0.0000 (0.0000) kl_proj_rep_term 0.0000 (0.0000) kl_term 0.0000 (0.0000) kl_normalizer 50.0000 (50.0000) kl_beta 0.2500 (0.2500) lr 7.9389e-04 eta 0:10:32
epoch [17/50] batch [40/50] time 0.407 (0.376) data 0.000 (0.014) loss 0.2470 (0.1929) acc 93.7500 (97.6562) data_term 0.2470 (0.1929) raw_kl_rep 0.0000 (0.0000) raw_kl_proj_rep 0.0819 (0.1250) kl_rep_term 0.0000 (0.0000) kl_proj_rep_term 0.0000 (0.0000) kl_term 0.0000 (0.0000) kl_normalizer 50.0000 (50.0000) kl_beta 0.2500 (0.2500) lr 7.9389e-04 eta 0:10:23
epoch [50/50] batch [20/50] time 0.597 (0.621) data 0.001 (0.026) loss 0.1261 (0.0867) acc 96.8750 (99.6875) data_term 0.1261 (0.0867) raw_kl_rep 0.0000 (0.0000) raw_kl_proj_rep 0.0000 (0.0000) kl_rep_term 0.0000 (0.0000) kl_proj_rep_term 0.0000 (0.0000) kl_term 0.0000 (0.0000) kl_normalizer 50.0000 (50.0000) kl_beta 1.0000 (1.0000) lr 3.9426e-06 eta 0:00:18
epoch [50/50] batch [40/50] time 0.567 (0.585) data 0.000 (0.013) loss 0.0747 (0.0843) acc 100.0000 (99.7656) data_term 0.0747 (0.0843) raw_kl_rep 0.0000 (0.0000) raw_kl_proj_rep 0.0000 (0.0000) kl_rep_term 0.0000 (0.0000) kl_proj_rep_term 0.0000 (0.0000) kl_term 0.0000 (0.0000) kl_normalizer 50.0000 (50.0000) kl_beta 1.0000 (1.0000) lr 3.9426e-06 eta 0:00:05
Checkpoint saved to output_sweeps/bayes_mmrl_search_current/coarse3/alpha_stage/BayesMMRL/FS/fewshot_train/ucf101/shots_16/ViT-B-16/C_anchor_sig-row_pmode-self_proj_rep_pstd-0.01_kl-1e-5_alpha-1.0/seed1/refactor_model/model.pth.tar-50
Finish training
Deploy the last-epoch model
Evaluate on the *test* set
epoch [18/50] batch [20/50] time 0.400 (0.399) data 0.000 (0.028) loss 0.1474 (0.1917) acc 100.0000 (96.8750) data_term 0.1474 (0.1917) raw_kl_rep 0.0000 (0.0000) raw_kl_proj_rep 0.0136 (0.0407) kl_rep_term 0.0000 (0.0000) kl_proj_rep_term 0.0000 (0.0000) kl_term 0.0000 (0.0000) kl_normalizer 50.0000 (50.0000) kl_beta 0.2727 (0.2727) lr 7.6791e-04 eta 0:10:50
epoch [18/50] batch [40/50] time 0.186 (0.373) data 0.000 (0.014) loss 0.2049 (0.2005) acc 96.8750 (96.4844) data_term 0.2049 (0.2005) raw_kl_rep 0.0000 (0.0000) raw_kl_proj_rep 0.0003 (0.0220) kl_rep_term 0.0000 (0.0000) kl_proj_rep_term 0.0000 (0.0000) kl_term 0.0000 (0.0000) kl_normalizer 50.0000 (50.0000) kl_beta 0.2727 (0.2727) lr 7.6791e-04 eta 0:10:00
epoch [19/50] batch [20/50] time 0.394 (0.382) data 0.001 (0.027) loss 0.1267 (0.1666) acc 100.0000 (98.1250) data_term 0.1267 (0.1666) raw_kl_rep 0.0000 (0.0000) raw_kl_proj_rep 1.0108 (0.5684) kl_rep_term 0.0000 (0.0000) kl_proj_rep_term 0.0000 (0.0000) kl_term 0.0000 (0.0000) kl_normalizer 50.0000 (50.0000) kl_beta 0.2955 (0.2955) lr 7.4088e-04 eta 0:10:03
epoch [19/50] batch [40/50] time 0.399 (0.389) data 0.000 (0.014) loss 0.1754 (0.1601) acc 96.8750 (98.3594) data_term 0.1754 (0.1601) raw_kl_rep 0.0000 (0.0000) raw_kl_proj_rep 0.1660 (0.4877) kl_rep_term 0.0000 (0.0000) kl_proj_rep_term 0.0000 (0.0000) kl_term 0.0000 (0.0000) kl_normalizer 50.0000 (50.0000) kl_beta 0.2955 (0.2955) lr 7.4088e-04 eta 0:10:06
epoch [20/50] batch [20/50] time 0.397 (0.418) data 0.000 (0.024) loss 0.1175 (0.1881) acc 100.0000 (97.6562) data_term 0.1175 (0.1881) raw_kl_rep 0.0000 (0.0000) raw_kl_proj_rep 0.0138 (0.0263) kl_rep_term 0.0000 (0.0000) kl_proj_rep_term 0.0000 (0.0000) kl_term 0.0000 (0.0000) kl_normalizer 50.0000 (50.0000) kl_beta 0.3182 (0.3182) lr 7.1289e-04 eta 0:10:39
epoch [20/50] batch [40/50] time 0.380 (0.407) data 0.000 (0.012) loss 0.2095 (0.1898) acc 93.7500 (97.2656) data_term 0.2095 (0.1898) raw_kl_rep 0.0000 (0.0000) raw_kl_proj_rep 0.0014 (0.0156) kl_rep_term 0.0000 (0.0000) kl_proj_rep_term 0.0000 (0.0000) kl_term 0.0000 (0.0000) kl_normalizer 50.0000 (50.0000) kl_beta 0.3182 (0.3182) lr 7.1289e-04 eta 0:10:13
epoch [21/50] batch [20/50] time 0.379 (0.419) data 0.000 (0.024) loss 0.1170 (0.1491) acc 100.0000 (98.5938) data_term 0.1170 (0.1491) raw_kl_rep 0.0000 (0.0000) raw_kl_proj_rep 0.0175 (0.0031) kl_rep_term 0.0000 (0.0000) kl_proj_rep_term 0.0000 (0.0000) kl_term 0.0000 (0.0000) kl_normalizer 50.0000 (50.0000) kl_beta 0.3409 (0.3409) lr 6.8406e-04 eta 0:10:20
epoch [21/50] batch [40/50] time 0.398 (0.410) data 0.000 (0.012) loss 0.1187 (0.1495) acc 100.0000 (98.4375) data_term 0.1187 (0.1495) raw_kl_rep 0.0000 (0.0000) raw_kl_proj_rep 0.0135 (0.0121) kl_rep_term 0.0000 (0.0000) kl_proj_rep_term 0.0000 (0.0000) kl_term 0.0000 (0.0000) kl_normalizer 50.0000 (50.0000) kl_beta 0.3409 (0.3409) lr 6.8406e-04 eta 0:09:57
epoch [22/50] batch [20/50] time 0.398 (0.421) data 0.000 (0.026) loss 0.1402 (0.1445) acc 96.8750 (98.5938) data_term 0.1402 (0.1445) raw_kl_rep 0.0000 (0.0000) raw_kl_proj_rep 0.0288 (0.0207) kl_rep_term 0.0000 (0.0000) kl_proj_rep_term 0.0000 (0.0000) kl_term 0.0000 (0.0000) kl_normalizer 50.0000 (50.0000) kl_beta 0.3636 (0.3636) lr 6.5451e-04 eta 0:10:02
epoch [22/50] batch [40/50] time 0.390 (0.410) data 0.000 (0.013) loss 0.1942 (0.1419) acc 93.7500 (98.5156) data_term 0.1942 (0.1419) raw_kl_rep 0.0000 (0.0000) raw_kl_proj_rep 0.1927 (0.0541) kl_rep_term 0.0000 (0.0000) kl_proj_rep_term 0.0000 (0.0000) kl_term 0.0000 (0.0000) kl_normalizer 50.0000 (50.0000) kl_beta 0.3636 (0.3636) lr 6.5451e-04 eta 0:09:37
epoch [23/50] batch [20/50] time 0.441 (0.422) data 0.000 (0.023) loss 0.1572 (0.1417) acc 100.0000 (98.9062) data_term 0.1572 (0.1417) raw_kl_rep 0.0000 (0.0000) raw_kl_proj_rep 0.1980 (0.2007) kl_rep_term 0.0000 (0.0000) kl_proj_rep_term 0.0000 (0.0000) kl_term 0.0000 (0.0000) kl_normalizer 50.0000 (50.0000) kl_beta 0.3864 (0.3864) lr 6.2434e-04 eta 0:09:42
epoch [23/50] batch [40/50] time 0.383 (0.409) data 0.000 (0.011) loss 0.1295 (0.1440) acc 96.8750 (98.5156) data_term 0.1295 (0.1440) raw_kl_rep 0.0000 (0.0000) raw_kl_proj_rep 0.1495 (0.1830) kl_rep_term 0.0000 (0.0000) kl_proj_rep_term 0.0000 (0.0000) kl_term 0.0000 (0.0000) kl_normalizer 50.0000 (50.0000) kl_beta 0.3864 (0.3864) lr 6.2434e-04 eta 0:09:16
=> result
* total: 3,783
* correct: 3,286
* accuracy: 86.9%
* error: 13.1%
* macro_f1: 86.4%
=> structured result
* accuracy: 86.8623
* error: 13.1377
* macro_f1: 86.3770
* nll: 0.4556
* brier: 0.1855
* ece: 2.0914
Saved metrics JSON to output_sweeps/bayes_mmrl_search_current/coarse3/alpha_stage/BayesMMRL/FS/fewshot_train/ucf101/shots_16/ViT-B-16/C_anchor_sig-row_pmode-self_proj_rep_pstd-0.01_kl-1e-5_alpha-1.0/seed1/test_metrics.json
Saved metrics CSV to output_sweeps/bayes_mmrl_search_current/coarse3/alpha_stage/BayesMMRL/FS/fewshot_train/ucf101/shots_16/ViT-B-16/C_anchor_sig-row_pmode-self_proj_rep_pstd-0.01_kl-1e-5_alpha-1.0/seed1/test_metrics.csv
Saved calibration bins CSV to output_sweeps/bayes_mmrl_search_current/coarse3/alpha_stage/BayesMMRL/FS/fewshot_train/ucf101/shots_16/ViT-B-16/C_anchor_sig-row_pmode-self_proj_rep_pstd-0.01_kl-1e-5_alpha-1.0/seed1/test_calibration_bins.csv
Elapsed: 0:25:04
epoch [24/50] batch [20/50] time 0.188 (0.241) data 0.001 (0.023) loss 0.1387 (0.1349) acc 100.0000 (98.4375) data_term 0.1387 (0.1349) raw_kl_rep 0.0000 (0.0000) raw_kl_proj_rep 0.0082 (0.0408) kl_rep_term 0.0000 (0.0000) kl_proj_rep_term 0.0000 (0.0000) kl_term 0.0000 (0.0000) kl_normalizer 50.0000 (50.0000) kl_beta 0.4091 (0.4091) lr 5.9369e-04 eta 0:05:20
epoch [24/50] batch [40/50] time 0.191 (0.216) data 0.000 (0.012) loss 0.1900 (0.1495) acc 93.7500 (98.2812) data_term 0.1900 (0.1495) raw_kl_rep 0.0000 (0.0000) raw_kl_proj_rep 0.0053 (0.0232) kl_rep_term 0.0000 (0.0000) kl_proj_rep_term 0.0000 (0.0000) kl_term 0.0000 (0.0000) kl_normalizer 50.0000 (50.0000) kl_beta 0.4091 (0.4091) lr 5.9369e-04 eta 0:04:43
epoch [25/50] batch [20/50] time 0.187 (0.211) data 0.000 (0.025) loss 0.1068 (0.1430) acc 100.0000 (98.2812) data_term 0.1068 (0.1430) raw_kl_rep 0.0000 (0.0000) raw_kl_proj_rep 0.0011 (0.0030) kl_rep_term 0.0000 (0.0000) kl_proj_rep_term 0.0000 (0.0000) kl_term 0.0000 (0.0000) kl_normalizer 50.0000 (50.0000) kl_beta 0.4318 (0.4318) lr 5.6267e-04 eta 0:04:30
epoch [25/50] batch [40/50] time 0.189 (0.201) data 0.000 (0.013) loss 0.1623 (0.1480) acc 100.0000 (98.5938) data_term 0.1623 (0.1480) raw_kl_rep 0.0000 (0.0000) raw_kl_proj_rep 0.0006 (0.0021) kl_rep_term 0.0000 (0.0000) kl_proj_rep_term 0.0000 (0.0000) kl_term 0.0000 (0.0000) kl_normalizer 50.0000 (50.0000) kl_beta 0.4318 (0.4318) lr 5.6267e-04 eta 0:04:13
epoch [26/50] batch [20/50] time 0.192 (0.219) data 0.001 (0.026) loss 0.0950 (0.1418) acc 100.0000 (98.4375) data_term 0.0950 (0.1418) raw_kl_rep 0.0000 (0.0000) raw_kl_proj_rep 0.0002 (0.0002) kl_rep_term 0.0000 (0.0000) kl_proj_rep_term 0.0000 (0.0000) kl_term 0.0000 (0.0000) kl_normalizer 50.0000 (50.0000) kl_beta 0.4545 (0.4545) lr 5.3140e-04 eta 0:04:28
epoch [26/50] batch [40/50] time 0.196 (0.207) data 0.000 (0.013) loss 0.1080 (0.1392) acc 100.0000 (98.6719) data_term 0.1080 (0.1392) raw_kl_rep 0.0000 (0.0000) raw_kl_proj_rep 0.0003 (0.0003) kl_rep_term 0.0000 (0.0000) kl_proj_rep_term 0.0000 (0.0000) kl_term 0.0000 (0.0000) kl_normalizer 50.0000 (50.0000) kl_beta 0.4545 (0.4545) lr 5.3140e-04 eta 0:04:10
epoch [27/50] batch [20/50] time 0.189 (0.215) data 0.000 (0.025) loss 0.1678 (0.1134) acc 96.8750 (99.3750) data_term 0.1678 (0.1134) raw_kl_rep 0.0000 (0.0000) raw_kl_proj_rep 0.0000 (0.0001) kl_rep_term 0.0000 (0.0000) kl_proj_rep_term 0.0000 (0.0000) kl_term 0.0000 (0.0000) kl_normalizer 50.0000 (50.0000) kl_beta 0.4773 (0.4773) lr 5.0000e-04 eta 0:04:13
epoch [27/50] batch [40/50] time 0.189 (0.202) data 0.000 (0.013) loss 0.1176 (0.1212) acc 100.0000 (98.9062) data_term 0.1176 (0.1212) raw_kl_rep 0.0000 (0.0000) raw_kl_proj_rep 0.0000 (0.0000) kl_rep_term 0.0000 (0.0000) kl_proj_rep_term 0.0000 (0.0000) kl_term 0.0000 (0.0000) kl_normalizer 50.0000 (50.0000) kl_beta 0.4773 (0.4773) lr 5.0000e-04 eta 0:03:54
epoch [28/50] batch [20/50] time 0.186 (0.216) data 0.000 (0.024) loss 0.0826 (0.1077) acc 100.0000 (99.6875) data_term 0.0826 (0.1077) raw_kl_rep 0.0000 (0.0000) raw_kl_proj_rep 0.0000 (0.0000) kl_rep_term 0.0000 (0.0000) kl_proj_rep_term 0.0000 (0.0000) kl_term 0.0000 (0.0000) kl_normalizer 50.0000 (50.0000) kl_beta 0.5000 (0.5000) lr 4.6860e-04 eta 0:04:04
epoch [28/50] batch [40/50] time 0.187 (0.202) data 0.000 (0.012) loss 0.1096 (0.1184) acc 100.0000 (99.1406) data_term 0.1096 (0.1184) raw_kl_rep 0.0000 (0.0000) raw_kl_proj_rep 0.0000 (0.0000) kl_rep_term 0.0000 (0.0000) kl_proj_rep_term 0.0000 (0.0000) kl_term 0.0000 (0.0000) kl_normalizer 50.0000 (50.0000) kl_beta 0.5000 (0.5000) lr 4.6860e-04 eta 0:03:44
epoch [29/50] batch [20/50] time 0.183 (0.215) data 0.000 (0.025) loss 0.0932 (0.1225) acc 100.0000 (98.9062) data_term 0.0932 (0.1225) raw_kl_rep 0.0000 (0.0000) raw_kl_proj_rep 0.0000 (0.0000) kl_rep_term 0.0000 (0.0000) kl_proj_rep_term 0.0000 (0.0000) kl_term 0.0000 (0.0000) kl_normalizer 50.0000 (50.0000) kl_beta 0.5227 (0.5227) lr 4.3733e-04 eta 0:03:52
epoch [29/50] batch [40/50] time 0.188 (0.202) data 0.000 (0.013) loss 0.1993 (0.1232) acc 96.8750 (98.8281) data_term 0.1993 (0.1232) raw_kl_rep 0.0000 (0.0000) raw_kl_proj_rep 0.0000 (0.0000) kl_rep_term 0.0000 (0.0000) kl_proj_rep_term 0.0000 (0.0000) kl_term 0.0000 (0.0000) kl_normalizer 50.0000 (50.0000) kl_beta 0.5227 (0.5227) lr 4.3733e-04 eta 0:03:34
epoch [30/50] batch [20/50] time 0.188 (0.214) data 0.000 (0.025) loss 0.1036 (0.1260) acc 100.0000 (99.0625) data_term 0.1036 (0.1260) raw_kl_rep 0.0000 (0.0000) raw_kl_proj_rep 0.0000 (0.0000) kl_rep_term 0.0000 (0.0000) kl_proj_rep_term 0.0000 (0.0000) kl_term 0.0000 (0.0000) kl_normalizer 50.0000 (50.0000) kl_beta 0.5455 (0.5455) lr 4.0631e-04 eta 0:03:40
epoch [30/50] batch [40/50] time 0.188 (0.202) data 0.000 (0.013) loss 0.1243 (0.1178) acc 100.0000 (99.2188) data_term 0.1243 (0.1178) raw_kl_rep 0.0000 (0.0000) raw_kl_proj_rep 0.0000 (0.0000) kl_rep_term 0.0000 (0.0000) kl_proj_rep_term 0.0000 (0.0000) kl_term 0.0000 (0.0000) kl_normalizer 50.0000 (50.0000) kl_beta 0.5455 (0.5455) lr 4.0631e-04 eta 0:03:23
epoch [31/50] batch [20/50] time 0.187 (0.213) data 0.001 (0.024) loss 0.1338 (0.1066) acc 96.8750 (99.2188) data_term 0.1338 (0.1066) raw_kl_rep 0.0000 (0.0000) raw_kl_proj_rep 0.0000 (0.0000) kl_rep_term 0.0000 (0.0000) kl_proj_rep_term 0.0000 (0.0000) kl_term 0.0000 (0.0000) kl_normalizer 50.0000 (50.0000) kl_beta 0.5682 (0.5682) lr 3.7566e-04 eta 0:03:28
epoch [31/50] batch [40/50] time 0.193 (0.200) data 0.000 (0.012) loss 0.0820 (0.1082) acc 100.0000 (99.3750) data_term 0.0820 (0.1082) raw_kl_rep 0.0000 (0.0000) raw_kl_proj_rep 0.0000 (0.0000) kl_rep_term 0.0000 (0.0000) kl_proj_rep_term 0.0000 (0.0000) kl_term 0.0000 (0.0000) kl_normalizer 50.0000 (50.0000) kl_beta 0.5682 (0.5682) lr 3.7566e-04 eta 0:03:11
epoch [32/50] batch [20/50] time 0.183 (0.214) data 0.001 (0.024) loss 0.1235 (0.1126) acc 96.8750 (99.3750) data_term 0.1235 (0.1126) raw_kl_rep 0.0000 (0.0000) raw_kl_proj_rep 0.0000 (0.0000) kl_rep_term 0.0000 (0.0000) kl_proj_rep_term 0.0000 (0.0000) kl_term 0.0000 (0.0000) kl_normalizer 50.0000 (50.0000) kl_beta 0.5909 (0.5909) lr 3.4549e-04 eta 0:03:19
epoch [32/50] batch [40/50] time 0.194 (0.203) data 0.001 (0.012) loss 0.1093 (0.1100) acc 100.0000 (99.3750) data_term 0.1093 (0.1100) raw_kl_rep 0.0000 (0.0000) raw_kl_proj_rep 0.0000 (0.0000) kl_rep_term 0.0000 (0.0000) kl_proj_rep_term 0.0000 (0.0000) kl_term 0.0000 (0.0000) kl_normalizer 50.0000 (50.0000) kl_beta 0.5909 (0.5909) lr 3.4549e-04 eta 0:03:05
epoch [33/50] batch [20/50] time 0.187 (0.212) data 0.001 (0.024) loss 0.0798 (0.1046) acc 100.0000 (99.3750) data_term 0.0798 (0.1046) raw_kl_rep 0.0000 (0.0000) raw_kl_proj_rep 0.0000 (0.0000) kl_rep_term 0.0000 (0.0000) kl_proj_rep_term 0.0000 (0.0000) kl_term 0.0000 (0.0000) kl_normalizer 50.0000 (50.0000) kl_beta 0.6136 (0.6136) lr 3.1594e-04 eta 0:03:06
epoch [33/50] batch [40/50] time 0.186 (0.200) data 0.000 (0.013) loss 0.0811 (0.1071) acc 100.0000 (99.4531) data_term 0.0811 (0.1071) raw_kl_rep 0.0000 (0.0000) raw_kl_proj_rep 0.0000 (0.0000) kl_rep_term 0.0000 (0.0000) kl_proj_rep_term 0.0000 (0.0000) kl_term 0.0000 (0.0000) kl_normalizer 50.0000 (50.0000) kl_beta 0.6136 (0.6136) lr 3.1594e-04 eta 0:02:51
epoch [34/50] batch [20/50] time 0.187 (0.215) data 0.000 (0.024) loss 0.0821 (0.1009) acc 100.0000 (99.3750) data_term 0.0821 (0.1009) raw_kl_rep 0.0000 (0.0000) raw_kl_proj_rep 0.0000 (0.0000) kl_rep_term 0.0000 (0.0000) kl_proj_rep_term 0.0000 (0.0000) kl_term 0.0000 (0.0000) kl_normalizer 50.0000 (50.0000) kl_beta 0.6364 (0.6364) lr 2.8711e-04 eta 0:02:58
epoch [34/50] batch [40/50] time 0.187 (0.202) data 0.000 (0.013) loss 0.2268 (0.1074) acc 93.7500 (99.0625) data_term 0.2268 (0.1074) raw_kl_rep 0.0000 (0.0000) raw_kl_proj_rep 0.0000 (0.0000) kl_rep_term 0.0000 (0.0000) kl_proj_rep_term 0.0000 (0.0000) kl_term 0.0000 (0.0000) kl_normalizer 50.0000 (50.0000) kl_beta 0.6364 (0.6364) lr 2.8711e-04 eta 0:02:43
epoch [35/50] batch [20/50] time 0.193 (0.218) data 0.001 (0.026) loss 0.1202 (0.1032) acc 100.0000 (99.8438) data_term 0.1202 (0.1032) raw_kl_rep 0.0000 (0.0000) raw_kl_proj_rep 0.0000 (0.0000) kl_rep_term 0.0000 (0.0000) kl_proj_rep_term 0.0000 (0.0000) kl_term 0.0000 (0.0000) kl_normalizer 50.0000 (50.0000) kl_beta 0.6591 (0.6591) lr 2.5912e-04 eta 0:02:50
epoch [35/50] batch [40/50] time 0.182 (0.203) data 0.000 (0.013) loss 0.0857 (0.1107) acc 100.0000 (99.2188) data_term 0.0857 (0.1107) raw_kl_rep 0.0000 (0.0000) raw_kl_proj_rep 0.0000 (0.0000) kl_rep_term 0.0000 (0.0000) kl_proj_rep_term 0.0000 (0.0000) kl_term 0.0000 (0.0000) kl_normalizer 50.0000 (50.0000) kl_beta 0.6591 (0.6591) lr 2.5912e-04 eta 0:02:34
epoch [36/50] batch [20/50] time 0.183 (0.215) data 0.000 (0.025) loss 0.1041 (0.1051) acc 100.0000 (99.3750) data_term 0.1041 (0.1051) raw_kl_rep 0.0000 (0.0000) raw_kl_proj_rep 0.0000 (0.0000) kl_rep_term 0.0000 (0.0000) kl_proj_rep_term 0.0000 (0.0000) kl_term 0.0000 (0.0000) kl_normalizer 50.0000 (50.0000) kl_beta 0.6818 (0.6818) lr 2.3209e-04 eta 0:02:37
epoch [36/50] batch [40/50] time 0.182 (0.202) data 0.000 (0.013) loss 0.0828 (0.1036) acc 100.0000 (99.2969) data_term 0.0828 (0.1036) raw_kl_rep 0.0000 (0.0000) raw_kl_proj_rep 0.0000 (0.0000) kl_rep_term 0.0000 (0.0000) kl_proj_rep_term 0.0000 (0.0000) kl_term 0.0000 (0.0000) kl_normalizer 50.0000 (50.0000) kl_beta 0.6818 (0.6818) lr 2.3209e-04 eta 0:02:23
epoch [37/50] batch [20/50] time 0.189 (0.218) data 0.000 (0.025) loss 0.0912 (0.1045) acc 100.0000 (99.5312) data_term 0.0912 (0.1045) raw_kl_rep 0.0000 (0.0000) raw_kl_proj_rep 0.0000 (0.0000) kl_rep_term 0.0000 (0.0000) kl_proj_rep_term 0.0000 (0.0000) kl_term 0.0000 (0.0000) kl_normalizer 50.0000 (50.0000) kl_beta 0.7045 (0.7045) lr 2.0611e-04 eta 0:02:28
epoch [37/50] batch [40/50] time 0.186 (0.204) data 0.000 (0.013) loss 0.0979 (0.0985) acc 100.0000 (99.5312) data_term 0.0979 (0.0985) raw_kl_rep 0.0000 (0.0000) raw_kl_proj_rep 0.0000 (0.0000) kl_rep_term 0.0000 (0.0000) kl_proj_rep_term 0.0000 (0.0000) kl_term 0.0000 (0.0000) kl_normalizer 50.0000 (50.0000) kl_beta 0.7045 (0.7045) lr 2.0611e-04 eta 0:02:14
epoch [38/50] batch [20/50] time 0.191 (0.216) data 0.001 (0.025) loss 0.0776 (0.0894) acc 100.0000 (99.8438) data_term 0.0776 (0.0894) raw_kl_rep 0.0000 (0.0000) raw_kl_proj_rep 0.0000 (0.0000) kl_rep_term 0.0000 (0.0000) kl_proj_rep_term 0.0000 (0.0000) kl_term 0.0000 (0.0000) kl_normalizer 50.0000 (50.0000) kl_beta 0.7273 (0.7273) lr 1.8129e-04 eta 0:02:16
epoch [38/50] batch [40/50] time 0.188 (0.202) data 0.000 (0.013) loss 0.1240 (0.0922) acc 100.0000 (99.7656) data_term 0.1240 (0.0922) raw_kl_rep 0.0000 (0.0000) raw_kl_proj_rep 0.0000 (0.0000) kl_rep_term 0.0000 (0.0000) kl_proj_rep_term 0.0000 (0.0000) kl_term 0.0000 (0.0000) kl_normalizer 50.0000 (50.0000) kl_beta 0.7273 (0.7273) lr 1.8129e-04 eta 0:02:03
epoch [39/50] batch [20/50] time 0.188 (0.216) data 0.001 (0.027) loss 0.0856 (0.0946) acc 100.0000 (99.5312) data_term 0.0856 (0.0946) raw_kl_rep 0.0000 (0.0000) raw_kl_proj_rep 0.0000 (0.0000) kl_rep_term 0.0000 (0.0000) kl_proj_rep_term 0.0000 (0.0000) kl_term 0.0000 (0.0000) kl_normalizer 50.0000 (50.0000) kl_beta 0.7500 (0.7500) lr 1.5773e-04 eta 0:02:05
epoch [39/50] batch [40/50] time 0.188 (0.202) data 0.000 (0.014) loss 0.0740 (0.0916) acc 100.0000 (99.6094) data_term 0.0740 (0.0916) raw_kl_rep 0.0000 (0.0000) raw_kl_proj_rep 0.0000 (0.0000) kl_rep_term 0.0000 (0.0000) kl_proj_rep_term 0.0000 (0.0000) kl_term 0.0000 (0.0000) kl_normalizer 50.0000 (50.0000) kl_beta 0.7500 (0.7500) lr 1.5773e-04 eta 0:01:53
epoch [40/50] batch [20/50] time 0.188 (0.223) data 0.000 (0.032) loss 0.0861 (0.0940) acc 100.0000 (99.5312) data_term 0.0861 (0.0940) raw_kl_rep 0.0000 (0.0000) raw_kl_proj_rep 0.0000 (0.0000) kl_rep_term 0.0000 (0.0000) kl_proj_rep_term 0.0000 (0.0000) kl_term 0.0000 (0.0000) kl_normalizer 50.0000 (50.0000) kl_beta 0.7727 (0.7727) lr 1.3552e-04 eta 0:01:58
epoch [40/50] batch [40/50] time 0.194 (0.206) data 0.000 (0.016) loss 0.1004 (0.0949) acc 100.0000 (99.4531) data_term 0.1004 (0.0949) raw_kl_rep 0.0000 (0.0000) raw_kl_proj_rep 0.0000 (0.0000) kl_rep_term 0.0000 (0.0000) kl_proj_rep_term 0.0000 (0.0000) kl_term 0.0000 (0.0000) kl_normalizer 50.0000 (50.0000) kl_beta 0.7727 (0.7727) lr 1.3552e-04 eta 0:01:45
epoch [41/50] batch [20/50] time 0.190 (0.214) data 0.001 (0.026) loss 0.1151 (0.0885) acc 100.0000 (99.8438) data_term 0.1151 (0.0885) raw_kl_rep 0.0000 (0.0000) raw_kl_proj_rep 0.0000 (0.0000) kl_rep_term 0.0000 (0.0000) kl_proj_rep_term 0.0000 (0.0000) kl_term 0.0000 (0.0000) kl_normalizer 50.0000 (50.0000) kl_beta 0.7955 (0.7955) lr 1.1474e-04 eta 0:01:42
epoch [41/50] batch [40/50] time 0.185 (0.202) data 0.000 (0.013) loss 0.1105 (0.0903) acc 100.0000 (99.6875) data_term 0.1105 (0.0903) raw_kl_rep 0.0000 (0.0000) raw_kl_proj_rep 0.0000 (0.0000) kl_rep_term 0.0000 (0.0000) kl_proj_rep_term 0.0000 (0.0000) kl_term 0.0000 (0.0000) kl_normalizer 50.0000 (50.0000) kl_beta 0.7955 (0.7955) lr 1.1474e-04 eta 0:01:33
epoch [42/50] batch [20/50] time 0.183 (0.215) data 0.000 (0.028) loss 0.0930 (0.0919) acc 100.0000 (99.3750) data_term 0.0930 (0.0919) raw_kl_rep 0.0000 (0.0000) raw_kl_proj_rep 0.0000 (0.0000) kl_rep_term 0.0000 (0.0000) kl_proj_rep_term 0.0000 (0.0000) kl_term 0.0000 (0.0000) kl_normalizer 50.0000 (50.0000) kl_beta 0.8182 (0.8182) lr 9.5492e-05 eta 0:01:32
epoch [42/50] batch [40/50] time 0.186 (0.200) data 0.000 (0.014) loss 0.0783 (0.0949) acc 100.0000 (99.3750) data_term 0.0783 (0.0949) raw_kl_rep 0.0000 (0.0000) raw_kl_proj_rep 0.0000 (0.0000) kl_rep_term 0.0000 (0.0000) kl_proj_rep_term 0.0000 (0.0000) kl_term 0.0000 (0.0000) kl_normalizer 50.0000 (50.0000) kl_beta 0.8182 (0.8182) lr 9.5492e-05 eta 0:01:22
epoch [43/50] batch [20/50] time 0.189 (0.214) data 0.001 (0.025) loss 0.0919 (0.0970) acc 100.0000 (99.6875) data_term 0.0919 (0.0970) raw_kl_rep 0.0000 (0.0000) raw_kl_proj_rep 0.0000 (0.0000) kl_rep_term 0.0000 (0.0000) kl_proj_rep_term 0.0000 (0.0000) kl_term 0.0000 (0.0000) kl_normalizer 50.0000 (50.0000) kl_beta 0.8409 (0.8409) lr 7.7836e-05 eta 0:01:21
epoch [43/50] batch [40/50] time 0.188 (0.201) data 0.000 (0.013) loss 0.0809 (0.0902) acc 100.0000 (99.7656) data_term 0.0809 (0.0902) raw_kl_rep 0.0000 (0.0000) raw_kl_proj_rep 0.0000 (0.0000) kl_rep_term 0.0000 (0.0000) kl_proj_rep_term 0.0000 (0.0000) kl_term 0.0000 (0.0000) kl_normalizer 50.0000 (50.0000) kl_beta 0.8409 (0.8409) lr 7.7836e-05 eta 0:01:12
epoch [44/50] batch [20/50] time 0.187 (0.214) data 0.001 (0.025) loss 0.0669 (0.0841) acc 100.0000 (99.6875) data_term 0.0669 (0.0841) raw_kl_rep 0.0000 (0.0000) raw_kl_proj_rep 0.0000 (0.0000) kl_rep_term 0.0000 (0.0000) kl_proj_rep_term 0.0000 (0.0000) kl_term 0.0000 (0.0000) kl_normalizer 50.0000 (50.0000) kl_beta 0.8636 (0.8636) lr 6.1847e-05 eta 0:01:10
epoch [44/50] batch [40/50] time 0.197 (0.205) data 0.000 (0.013) loss 0.0955 (0.0868) acc 100.0000 (99.6094) data_term 0.0955 (0.0868) raw_kl_rep 0.0000 (0.0000) raw_kl_proj_rep 0.0000 (0.0000) kl_rep_term 0.0000 (0.0000) kl_proj_rep_term 0.0000 (0.0000) kl_term 0.0000 (0.0000) kl_normalizer 50.0000 (50.0000) kl_beta 0.8636 (0.8636) lr 6.1847e-05 eta 0:01:03
epoch [45/50] batch [20/50] time 0.188 (0.221) data 0.000 (0.024) loss 0.0818 (0.0886) acc 100.0000 (99.6875) data_term 0.0818 (0.0886) raw_kl_rep 0.0000 (0.0000) raw_kl_proj_rep 0.0000 (0.0000) kl_rep_term 0.0000 (0.0000) kl_proj_rep_term 0.0000 (0.0000) kl_term 0.0000 (0.0000) kl_normalizer 50.0000 (50.0000) kl_beta 0.8864 (0.8864) lr 4.7586e-05 eta 0:01:02
epoch [45/50] batch [40/50] time 0.190 (0.206) data 0.000 (0.012) loss 0.0673 (0.0872) acc 100.0000 (99.6094) data_term 0.0673 (0.0872) raw_kl_rep 0.0000 (0.0000) raw_kl_proj_rep 0.0000 (0.0000) kl_rep_term 0.0000 (0.0000) kl_proj_rep_term 0.0000 (0.0000) kl_term 0.0000 (0.0000) kl_normalizer 50.0000 (50.0000) kl_beta 0.8864 (0.8864) lr 4.7586e-05 eta 0:00:53
epoch [46/50] batch [20/50] time 0.203 (0.226) data 0.001 (0.028) loss 0.0807 (0.0899) acc 100.0000 (99.6875) data_term 0.0807 (0.0899) raw_kl_rep 0.0000 (0.0000) raw_kl_proj_rep 0.0000 (0.0000) kl_rep_term 0.0000 (0.0000) kl_proj_rep_term 0.0000 (0.0000) kl_term 0.0000 (0.0000) kl_normalizer 50.0000 (50.0000) kl_beta 0.9091 (0.9091) lr 3.5112e-05 eta 0:00:51
epoch [46/50] batch [40/50] time 0.199 (0.211) data 0.000 (0.014) loss 0.0891 (0.0866) acc 100.0000 (99.7656) data_term 0.0891 (0.0866) raw_kl_rep 0.0000 (0.0000) raw_kl_proj_rep 0.0000 (0.0000) kl_rep_term 0.0000 (0.0000) kl_proj_rep_term 0.0000 (0.0000) kl_term 0.0000 (0.0000) kl_normalizer 50.0000 (50.0000) kl_beta 0.9091 (0.9091) lr 3.5112e-05 eta 0:00:44
epoch [47/50] batch [20/50] time 0.192 (0.211) data 0.001 (0.025) loss 0.0653 (0.0922) acc 100.0000 (99.5312) data_term 0.0653 (0.0922) raw_kl_rep 0.0000 (0.0000) raw_kl_proj_rep 0.0000 (0.0000) kl_rep_term 0.0000 (0.0000) kl_proj_rep_term 0.0000 (0.0000) kl_term 0.0000 (0.0000) kl_normalizer 50.0000 (50.0000) kl_beta 0.9318 (0.9318) lr 2.4472e-05 eta 0:00:38
epoch [47/50] batch [40/50] time 0.189 (0.199) data 0.000 (0.013) loss 0.0826 (0.0911) acc 100.0000 (99.5312) data_term 0.0826 (0.0911) raw_kl_rep 0.0000 (0.0000) raw_kl_proj_rep 0.0000 (0.0000) kl_rep_term 0.0000 (0.0000) kl_proj_rep_term 0.0000 (0.0000) kl_term 0.0000 (0.0000) kl_normalizer 50.0000 (50.0000) kl_beta 0.9318 (0.9318) lr 2.4472e-05 eta 0:00:31
epoch [48/50] batch [20/50] time 0.189 (0.224) data 0.000 (0.025) loss 0.1419 (0.0868) acc 96.8750 (99.8438) data_term 0.1419 (0.0868) raw_kl_rep 0.0000 (0.0000) raw_kl_proj_rep 0.0000 (0.0000) kl_rep_term 0.0000 (0.0000) kl_proj_rep_term 0.0000 (0.0000) kl_term 0.0000 (0.0000) kl_normalizer 50.0000 (50.0000) kl_beta 0.9545 (0.9545) lr 1.5708e-05 eta 0:00:29
epoch [48/50] batch [40/50] time 0.184 (0.205) data 0.000 (0.013) loss 0.0666 (0.0899) acc 100.0000 (99.7656) data_term 0.0666 (0.0899) raw_kl_rep 0.0000 (0.0000) raw_kl_proj_rep 0.0000 (0.0000) kl_rep_term 0.0000 (0.0000) kl_proj_rep_term 0.0000 (0.0000) kl_term 0.0000 (0.0000) kl_normalizer 50.0000 (50.0000) kl_beta 0.9545 (0.9545) lr 1.5708e-05 eta 0:00:22
epoch [49/50] batch [20/50] time 0.206 (0.218) data 0.001 (0.027) loss 0.0772 (0.0873) acc 100.0000 (99.5312) data_term 0.0772 (0.0873) raw_kl_rep 0.0000 (0.0000) raw_kl_proj_rep 0.0000 (0.0000) kl_rep_term 0.0000 (0.0000) kl_proj_rep_term 0.0000 (0.0000) kl_term 0.0000 (0.0000) kl_normalizer 50.0000 (50.0000) kl_beta 0.9773 (0.9773) lr 8.8564e-06 eta 0:00:17
epoch [49/50] batch [40/50] time 0.187 (0.207) data 0.000 (0.014) loss 0.0779 (0.0853) acc 100.0000 (99.6875) data_term 0.0779 (0.0853) raw_kl_rep 0.0000 (0.0000) raw_kl_proj_rep 0.0000 (0.0000) kl_rep_term 0.0000 (0.0000) kl_proj_rep_term 0.0000 (0.0000) kl_term 0.0000 (0.0000) kl_normalizer 50.0000 (50.0000) kl_beta 0.9773 (0.9773) lr 8.8564e-06 eta 0:00:12
epoch [50/50] batch [20/50] time 0.192 (0.224) data 0.001 (0.026) loss 0.1235 (0.0868) acc 96.8750 (99.6875) data_term 0.1235 (0.0868) raw_kl_rep 0.0000 (0.0000) raw_kl_proj_rep 0.0000 (0.0000) kl_rep_term 0.0000 (0.0000) kl_proj_rep_term 0.0000 (0.0000) kl_term 0.0000 (0.0000) kl_normalizer 50.0000 (50.0000) kl_beta 1.0000 (1.0000) lr 3.9426e-06 eta 0:00:06
epoch [50/50] batch [40/50] time 0.203 (0.208) data 0.001 (0.013) loss 0.0773 (0.0850) acc 100.0000 (99.7656) data_term 0.0773 (0.0850) raw_kl_rep 0.0000 (0.0000) raw_kl_proj_rep 0.0000 (0.0000) kl_rep_term 0.0000 (0.0000) kl_proj_rep_term 0.0000 (0.0000) kl_term 0.0000 (0.0000) kl_normalizer 50.0000 (50.0000) kl_beta 1.0000 (1.0000) lr 3.9426e-06 eta 0:00:02
Checkpoint saved to output_sweeps/bayes_mmrl_search_current/coarse3/alpha_stage/BayesMMRL/FS/fewshot_train/ucf101/shots_16/ViT-B-16/C_anchor_sig-row_pmode-self_proj_rep_pstd-0.01_kl-1e-5_alpha-1.0/seed1/refactor_model/model.pth.tar-50
Finish training
Deploy the last-epoch model
Evaluate on the *test* set
=> result
* total: 3,783
* correct: 3,291
* accuracy: 87.0%
* error: 13.0%
* macro_f1: 86.5%
=> structured result
* accuracy: 86.9945
* error: 13.0055
* macro_f1: 86.5448
* nll: 0.4543
* brier: 0.1864
* ece: 2.1507
Saved metrics JSON to output_sweeps/bayes_mmrl_search_current/coarse3/alpha_stage/BayesMMRL/FS/fewshot_train/ucf101/shots_16/ViT-B-16/C_anchor_sig-row_pmode-self_proj_rep_pstd-0.01_kl-1e-5_alpha-1.0/seed1/test_metrics.json
Saved metrics CSV to output_sweeps/bayes_mmrl_search_current/coarse3/alpha_stage/BayesMMRL/FS/fewshot_train/ucf101/shots_16/ViT-B-16/C_anchor_sig-row_pmode-self_proj_rep_pstd-0.01_kl-1e-5_alpha-1.0/seed1/test_metrics.csv
Saved calibration bins CSV to output_sweeps/bayes_mmrl_search_current/coarse3/alpha_stage/BayesMMRL/FS/fewshot_train/ucf101/shots_16/ViT-B-16/C_anchor_sig-row_pmode-self_proj_rep_pstd-0.01_kl-1e-5_alpha-1.0/seed1/test_calibration_bins.csv
Elapsed: 0:12:53
[清理] 测试完成，已删除 checkpoint 目录: output_sweeps/bayes_mmrl_search_current/coarse3/alpha_stage/BayesMMRL/FS/fewshot_train/ucf101/shots_16/ViT-B-16/C_anchor_sig-row_pmode-self_proj_rep_pstd-0.01_kl-1e-5_alpha-1.0/seed1/refactor_model
