============================================================
START: 2026-05-02 20:30:38
GPU: 0
REQUESTED_METHOD: MMRL
LAUNCH_METHOD: MMRL
RUN_TAG: default
PROTOCOL: FS
EXEC_MODE: online
DATASET: ucf101
SHOTS: 16
SEED: 2
DATA_ROOT: DATASETS
OUTPUT_ROOT: output_refactor
BACKBONE: ViT-B/16
METHOD_CONFIG: configs/methods/mmrl.yaml
PROTOCOL_CONFIG: configs/protocols/fs.yaml
RUNTIME_CONFIG: configs/runtime/mmrl_family.yaml
============================================================
Setting fixed seed: 2
***************
** Arguments **
***************
dataset_config_file: configs/datasets/ucf101.yaml
eval_only: False
exec_mode: online
exp_config: 
load_epoch: None
method: MMRL
method_config_file: configs/methods/mmrl.yaml
model_dir: 
no_train: False
opts: ['DATASET.NUM_SHOTS', '16', 'DATASET.SUBSAMPLE_CLASSES', 'all', 'MODEL.BACKBONE.NAME', 'ViT-B/16']
output_dir: output_refactor/MMRL/FS/fewshot_train/ucf101/shots_16/ViT-B-16/default/seed2
protocol: FS
protocol_config_file: configs/protocols/fs.yaml
root: DATASETS
runtime_config_file: configs/runtime/mmrl_family.yaml
seed: 2
trainer: RefactorRunner
************
** Config **
************
BAYES_MMRL:
  ALPHA: 0.7
  BAYES_TARGET: rep_tokens
  CLIP_PRIOR_BLEND: 0.5
  CLIP_PRIOR_SCALE: 0.05
  EVAL_AGGREGATION: prob_mean
  EVAL_MODE: mc_predictive
  EVAL_USE_POSTERIOR_MEAN: False
  KL_WARMUP_EPOCHS: 5
  KL_WEIGHT: 0.0005
  MAIN_CONSISTENCY_MODE: prob
  MAIN_CONSISTENCY_WEIGHT: 0.0
  N_MC_TEST: 5
  N_MC_TRAIN: 3
  N_REP_TOKENS: 5
  PREC: amp
  PRIOR_STD: 0.05
  PROJ_REP_KL_WEIGHT: 1e-06
  PROJ_REP_PRIOR_MODE: clip_proj
  PROJ_REP_PRIOR_STD: 0.01
  PROJ_REP_SIGMA_MODE: row
  REG_WEIGHT: 1.0
  REP_DIM: 512
  REP_KL_WEIGHT: 0.0005
  REP_LAYERS: [6, 7, 8, 9, 10, 11, 12]
  REP_MN_ENFORCE_TRACE: True
  REP_MN_LOWRANK_RANK: 8
  REP_PRIOR_MODE: zero
  REP_PRIOR_STD: 0.05
  REP_SIGMA_MODE: global
  SIGMA_MODE: global
  USE_MEAN_MAIN_MC_REP: True
CALIBRATION:
  USE_FULL_VAL: False
CLIP_ADAPTERS:
  ALLOW_CACHE: True
  BAYES_KL_SCALE: 1.0
  BAYES_PRIOR_STD: 0.01
  CACHE_AGGREGATION: pool
  CACHE_FEATURE_ONLY_KEY: True
  CACHE_POOL_EPOCH_SUBSAMPLE: True
  CACHE_REPS: 1
  CACHE_TRAIN_AUG: True
  CAPEL_FALLBACK_ORDER: False
  CAPEL_FEATURE_CACHE_DIR: /root/autodl-tmp/MMRL/prompts/capel_feature_cache
  CAPEL_PC_LAMBDA: 3.0
  CAPEL_PROMPTS_PER_CLASS: 50
  CAPEL_PROMPT_BANK: /root/autodl-tmp/MMRL/prompts/capel_prompt_bank_all.json
  CAPEL_REBUILD_FEATURE_CACHE: False
  CAPEL_STRICT_PROMPT_BANK: True
  CAPEL_USE_FEATURE_CACHE: True
  CLAP_TIPA_ONE_EPOCH: True
  CLAP_TIPA_RAW_AFFINITY: True
  CLAP_TIPA_TRAINABLE_CACHE: True
  CONSTRAINT: none
  CROSS_MODAL_EPOCH_SUBSAMPLE: True
  CROSS_MODAL_RESAMPLE_TEXT: True
  DREAM_APPLY_GATE: True
  DREAM_CHUNK_CLASSES: 64
  DREAM_COV_PRIOR_STRENGTH: 16.0
  DREAM_DEBUG: True
  DREAM_DENSITY_CLIP: 3.0
  DREAM_DENSITY_ON_TRAIN: False
  DREAM_ENABLED: True
  DREAM_EPS: 0.0001
  DREAM_GATE_A: 5.0
  DREAM_GATE_ON_TRAIN: False
  DREAM_GATE_QUANTILE: 0.05
  DREAM_GATE_REQUIRES_POSITIVE_LAMBDA: True
  DREAM_GATE_STRENGTH: 1.0
  DREAM_LAMBDA: -1.0
  DREAM_LAMBDA_BETA: 0.01
  DREAM_LAMBDA_GRID: [0.0, 0.1, 0.25, 0.5, 1.0]
  DREAM_MEAN_PRIOR_STRENGTH: 4.0
  DREAM_ORTHOGONAL_GAMMA: 0.05
  DREAM_RANK: 32
  DREAM_TEXT_PRIOR_STRENGTH: 4.0
  DREAM_USE_LOO: True
  ECKA_CALIBRATE: False
  ECKA_COV_SHRINK: 0.95
  ECKA_KAPPA0: 2.0
  ECKA_KERNEL_BETA_SCALE: 1.0
  ECKA_KERNEL_LAMBDA: -1.0
  ECKA_MIN_W0: 0.6
  ECKA_RANGE_DELTA: -1.0
  ECKA_REPLACE_ZS: False
  ECKA_RESIDUAL_ALPHA: 0.1
  ECKA_TEMPERATURE: 1.0
  ECKA_UNCERTAINTY_BETA: 0.0
  ECKA_USE_FUSION_GRID: True
  ECKA_USE_GDA: True
  ECKA_USE_KERNEL: True
  ECKA_W0: 0.3333333333
  ECKA_WG: 0.3333333333
  ECKA_WK: 0.3333333333
  ENHANCED_BASE: none
  GRID_SEARCH: False
  GRID_SEARCH_SPLIT: val
  INIT: ZS
  KL_WEIGHT: 0.0001
  N_SAMPLES: 3
  N_TEST_SAMPLES: 10
  ONLINE_PREFIT_REPS: 1
  ONLINE_PREFIT_TRAIN_AUG: True
  PP_PROKER_BETA: 1.0
  PP_PROKER_GP_DELTA: -1.0
  PP_PROKER_LAMBDA: 1.0
  PP_PROKER_MC_SAMPLES: 64
  PP_PROKER_MEAN_RESIDUAL_SCALE: 1.0
  PP_PROKER_RETURN_LOG_PROBS: True
  PP_PROKER_RHO: 1.0
  PP_PROKER_TAU: 1.0
  PP_PROKER_USE_MC: True
  PP_PROKER_VARIANCE_JITTER: 1e-06
  PREC: fp32
  TIPA_F_GRID_EPOCHS: 20
  TYPE: MP
  VNC_CAPEL_VNC_LAMBDA: 0.2
DATALOADER:
  K_TRANSFORMS: 1
  NUM_WORKERS: 2
  RETURN_IMG0: False
  TEST:
    BATCH_SIZE: 250
    SAMPLER: SequentialSampler
  TRAIN_U:
    BATCH_SIZE: 32
    N_DOMAIN: 0
    N_INS: 16
    SAME_AS_X: True
    SAMPLER: RandomSampler
  TRAIN_X:
    BATCH_SIZE: 32
    N_DOMAIN: 0
    N_INS: 16
    SAMPLER: RandomSampler
DATASET:
  ALL_AS_UNLABELED: False
  CIFAR_C_LEVEL: 1
  CIFAR_C_TYPE: 
  NAME: UCF101
  NUM_LABELED: -1
  NUM_SHOTS: 16
  ROOT: DATASETS
  SOURCE_DOMAINS: ()
  STL10_FOLD: -1
  SUBSAMPLE_CLASSES: all
  TARGET_DOMAINS: ()
  VAL_PERCENT: 0.1
INPUT:
  COLORJITTER_B: 0.4
  COLORJITTER_C: 0.4
  COLORJITTER_H: 0.1
  COLORJITTER_S: 0.4
  CROP_PADDING: 4
  CUTOUT_LEN: 16
  CUTOUT_N: 1
  GB_K: 21
  GB_P: 0.5
  GN_MEAN: 0.0
  GN_STD: 0.15
  INTERPOLATION: bicubic
  NO_TRANSFORM: False
  PIXEL_MEAN: [0.48145466, 0.4578275, 0.40821073]
  PIXEL_STD: [0.26862954, 0.26130258, 0.27577711]
  RANDAUGMENT_M: 10
  RANDAUGMENT_N: 2
  RGS_P: 0.2
  RRCROP_SCALE: (0.5, 1)
  SIZE: (224, 224)
  TRANSFORMS: ('random_resized_crop', 'random_flip', 'normalize')
METHOD:
  EXEC_MODE: online
  FAMILY: internal_adaptation
  NAME: MMRL
  TAG: default
MMRL:
  ALPHA: 0.7
  N_REP_TOKENS: 5
  PREC: amp
  REG_WEIGHT: 3.0
  REP_DIM: 512
  REP_LAYERS: [6, 7, 8, 9, 10, 11, 12]
MMRLPP:
  ALPHA: 0.7
  BETA: 0.9
  N_REP_TOKENS: 5
  PREC: amp
  PROJ_LORA_DIM: 64
  REG_WEIGHT: 1.0
  REP_DIM: 512
  REP_LAYERS: [6, 7, 8, 9, 10, 11, 12]
  RES_LORA_DIM: 4
MMRL_MIX:
  ALPHA: 0.7
  LOSS_FUSE_WEIGHT: 0.2
  LOSS_MAIN_WEIGHT: 1.0
  LOSS_REP_WEIGHT: 1.0
  N_REP_TOKENS: 5
  PREC: amp
  REG_WEIGHT: 1.0
  REP_DIM: 512
  REP_LAYERS: [6, 7, 8, 9, 10, 11, 12]
MODEL:
  BACKBONE:
    NAME: ViT-B/16
    PRETRAINED: True
  HEAD:
    ACTIVATION: relu
    BN: True
    DROPOUT: 0.0
    HIDDEN_LAYERS: ()
    NAME: 
  INIT_WEIGHTS: 
OPTIM:
  ADAM_BETA1: 0.9
  ADAM_BETA2: 0.999
  BASE_LR_MULT: 0.1
  GAMMA: 0.1
  LR: 0.001
  LR_SCHEDULER: cosine
  MAX_EPOCH: 50
  MOMENTUM: 0.9
  NAME: adamw
  NEW_LAYERS: ()
  RMSPROP_ALPHA: 0.99
  SGD_DAMPNING: 0
  SGD_NESTEROV: False
  STAGED_LR: False
  STEPSIZE: (-1,)
  WARMUP_CONS_LR: 1e-05
  WARMUP_EPOCH: 1
  WARMUP_MIN_LR: 1e-05
  WARMUP_RECOUNT: True
  WARMUP_TYPE: constant
  WEIGHT_DECAY: 0.0005
OUTPUT_DIR: output_refactor/MMRL/FS/fewshot_train/ucf101/shots_16/ViT-B-16/default/seed2
PROTOCOL:
  NAME: FS
  PHASE: fewshot_train
RESUME: 
RUNTIME:
  OUTPUT_ROOT: output_refactor
  USE_DASSL_TRAINER_BRIDGE: True
SEED: 2
TASK: FS
TEST:
  COMPUTE_CMAT: False
  EVALUATOR: Classification
  FINAL_MODEL: last_step
  NO_TEST: False
  PER_CLASS_RESULT: False
  SPLIT: test
TRAIN:
  CHECKPOINT_FREQ: 0
  COUNT_ITER: train_x
  PRINT_FREQ: 20
TRAINER:
  BayesMMRL:
    ALPHA: 0.7
    BAYES_TARGET: rep_tokens
    CLIP_PRIOR_BLEND: 0.5
    CLIP_PRIOR_SCALE: 0.05
    EVAL_AGGREGATION: prob_mean
    EVAL_MODE: mc_predictive
    EVAL_USE_POSTERIOR_MEAN: False
    KL_WARMUP_EPOCHS: 5
    KL_WEIGHT: 0.0005
    MAIN_CONSISTENCY_MODE: prob
    MAIN_CONSISTENCY_WEIGHT: 0.0
    N_MC_TEST: 5
    N_MC_TRAIN: 3
    N_REP_TOKENS: 5
    PREC: amp
    PRIOR_STD: 0.05
    PROJ_REP_KL_WEIGHT: 1e-06
    PROJ_REP_PRIOR_MODE: clip_proj
    PROJ_REP_PRIOR_STD: 0.01
    PROJ_REP_SIGMA_MODE: row
    REG_WEIGHT: 1.0
    REP_DIM: 512
    REP_KL_WEIGHT: 0.0005
    REP_LAYERS: [6, 7, 8, 9, 10, 11, 12]
    REP_MN_ENFORCE_TRACE: True
    REP_MN_LOWRANK_RANK: 8
    REP_PRIOR_MODE: zero
    REP_PRIOR_STD: 0.05
    REP_SIGMA_MODE: global
    SIGMA_MODE: global
    USE_MEAN_MAIN_MC_REP: True
  CDAC:
    CLASS_LR_MULTI: 10
    P_THRESH: 0.95
    RAMPUP_COEF: 30
    RAMPUP_ITRS: 1000
    STRONG_TRANSFORMS: ()
    TOPK_MATCH: 5
  CROSSGRAD:
    ALPHA_D: 0.5
    ALPHA_F: 0.5
    EPS_D: 1.0
    EPS_F: 1.0
  ClipADAPTER:
    ALLOW_CACHE: True
    BAYES_KL_SCALE: 1.0
    BAYES_PRIOR_STD: 0.01
    CACHE_AGGREGATION: pool
    CACHE_FEATURE_ONLY_KEY: True
    CACHE_POOL_EPOCH_SUBSAMPLE: True
    CACHE_REPS: 1
    CACHE_TRAIN_AUG: True
    CAPEL_FALLBACK_ORDER: False
    CAPEL_FEATURE_CACHE_DIR: /root/autodl-tmp/MMRL/prompts/capel_feature_cache
    CAPEL_PC_LAMBDA: 3.0
    CAPEL_PROMPTS_PER_CLASS: 50
    CAPEL_PROMPT_BANK: /root/autodl-tmp/MMRL/prompts/capel_prompt_bank_all.json
    CAPEL_REBUILD_FEATURE_CACHE: False
    CAPEL_STRICT_PROMPT_BANK: True
    CAPEL_USE_FEATURE_CACHE: True
    CLAP_TIPA_ONE_EPOCH: True
    CLAP_TIPA_RAW_AFFINITY: True
    CLAP_TIPA_TRAINABLE_CACHE: True
    CONSTRAINT: none
    CROSS_MODAL_EPOCH_SUBSAMPLE: True
    CROSS_MODAL_RESAMPLE_TEXT: True
    DREAM_APPLY_GATE: True
    DREAM_CHUNK_CLASSES: 64
    DREAM_COV_PRIOR_STRENGTH: 16.0
    DREAM_DEBUG: True
    DREAM_DENSITY_CLIP: 3.0
    DREAM_DENSITY_ON_TRAIN: False
    DREAM_ENABLED: True
    DREAM_EPS: 0.0001
    DREAM_GATE_A: 5.0
    DREAM_GATE_ON_TRAIN: False
    DREAM_GATE_QUANTILE: 0.05
    DREAM_GATE_REQUIRES_POSITIVE_LAMBDA: True
    DREAM_GATE_STRENGTH: 1.0
    DREAM_LAMBDA: -1.0
    DREAM_LAMBDA_BETA: 0.01
    DREAM_LAMBDA_GRID: [0.0, 0.1, 0.25, 0.5, 1.0]
    DREAM_MEAN_PRIOR_STRENGTH: 4.0
    DREAM_ORTHOGONAL_GAMMA: 0.05
    DREAM_RANK: 32
    DREAM_TEXT_PRIOR_STRENGTH: 4.0
    DREAM_USE_LOO: True
    ECKA_CALIBRATE: False
    ECKA_COV_SHRINK: 0.95
    ECKA_KAPPA0: 2.0
    ECKA_KERNEL_BETA_SCALE: 1.0
    ECKA_KERNEL_LAMBDA: -1.0
    ECKA_MIN_W0: 0.6
    ECKA_RANGE_DELTA: -1.0
    ECKA_REPLACE_ZS: False
    ECKA_RESIDUAL_ALPHA: 0.1
    ECKA_TEMPERATURE: 1.0
    ECKA_UNCERTAINTY_BETA: 0.0
    ECKA_USE_FUSION_GRID: True
    ECKA_USE_GDA: True
    ECKA_USE_KERNEL: True
    ECKA_W0: 0.3333333333
    ECKA_WG: 0.3333333333
    ECKA_WK: 0.3333333333
    ENHANCED_BASE: none
    GRID_SEARCH: False
    GRID_SEARCH_SPLIT: val
    INIT: ZS
    KL_WEIGHT: 0.0001
    N_SAMPLES: 3
    N_TEST_SAMPLES: 10
    ONLINE_PREFIT_REPS: 1
    ONLINE_PREFIT_TRAIN_AUG: True
    PP_PROKER_BETA: 1.0
    PP_PROKER_GP_DELTA: -1.0
    PP_PROKER_LAMBDA: 1.0
    PP_PROKER_MC_SAMPLES: 64
    PP_PROKER_MEAN_RESIDUAL_SCALE: 1.0
    PP_PROKER_RETURN_LOG_PROBS: True
    PP_PROKER_RHO: 1.0
    PP_PROKER_TAU: 1.0
    PP_PROKER_USE_MC: True
    PP_PROKER_VARIANCE_JITTER: 1e-06
    PREC: fp32
    TIPA_F_GRID_EPOCHS: 20
    TYPE: MP
    VNC_CAPEL_VNC_LAMBDA: 0.2
  DAEL:
    CONF_THRE: 0.95
    STRONG_TRANSFORMS: ()
    WEIGHT_U: 0.5
  DAELDG:
    CONF_THRE: 0.95
    STRONG_TRANSFORMS: ()
    WEIGHT_U: 0.5
  DDAIG:
    ALPHA: 0.5
    CLAMP: False
    CLAMP_MAX: 1.0
    CLAMP_MIN: -1.0
    G_ARCH: 
    LMDA: 0.3
    WARMUP: 0
  DOMAINMIX:
    ALPHA: 1.0
    BETA: 1.0
    TYPE: crossdomain
  ENTMIN:
    LMDA: 0.001
  FIXMATCH:
    CONF_THRE: 0.95
    STRONG_TRANSFORMS: ()
    WEIGHT_U: 1.0
  M3SDA:
    LMDA: 0.5
    N_STEP_F: 4
  MCD:
    N_STEP_F: 4
  MEANTEACHER:
    EMA_ALPHA: 0.999
    RAMPUP: 5
    WEIGHT_U: 1.0
  MIXMATCH:
    MIXUP_BETA: 0.75
    RAMPUP: 20000
    TEMP: 2.0
    WEIGHT_U: 100.0
  MME:
    LMDA: 0.1
  MMRL:
    ALPHA: 0.7
    N_REP_TOKENS: 5
    PREC: amp
    REG_WEIGHT: 3.0
    REP_DIM: 512
    REP_LAYERS: [6, 7, 8, 9, 10, 11, 12]
  MMRLMix:
    ALPHA: 0.7
    LOSS_FUSE_WEIGHT: 0.2
    LOSS_MAIN_WEIGHT: 1.0
    LOSS_REP_WEIGHT: 1.0
    N_REP_TOKENS: 5
    PREC: amp
    REG_WEIGHT: 1.0
    REP_DIM: 512
    REP_LAYERS: [6, 7, 8, 9, 10, 11, 12]
  MMRLpp:
    ALPHA: 0.7
    BETA: 0.9
    N_REP_TOKENS: 5
    PREC: amp
    PROJ_LORA_DIM: 64
    REG_WEIGHT: 1.0
    REP_DIM: 512
    REP_LAYERS: [6, 7, 8, 9, 10, 11, 12]
    RES_LORA_DIM: 4
  NAME: RefactorRunner
  SE:
    CONF_THRE: 0.95
    EMA_ALPHA: 0.999
    RAMPUP: 300
  VCRMMMRL:
    ALPHA: 0.7
    N_REP_TOKENS: 5
    PREC: amp
    REG_WEIGHT: 0.5
    REP_DIM: 512
    REP_LAYERS: [6, 7, 8, 9, 10, 11, 12]
    VCRM_CONTEXT_LAYER: 3
    VCRM_DETACH_CONTEXT: True
    VCRM_ETA: 0.1
    VCRM_HIDDEN_DIM: 512
    VCRM_MOD_WEIGHT: 0.0
USE_CUDA: True
VCRM_MMRL:
  ALPHA: 0.7
  N_REP_TOKENS: 5
  PREC: amp
  REG_WEIGHT: 0.5
  REP_DIM: 512
  REP_LAYERS: [6, 7, 8, 9, 10, 11, 12]
  VCRM_CONTEXT_LAYER: 3
  VCRM_DETACH_CONTEXT: True
  VCRM_ETA: 0.1
  VCRM_HIDDEN_DIM: 512
  VCRM_MOD_WEIGHT: 0.0
VERBOSE: True
VERSION: 1
Collecting env info ...
** System info **
PyTorch version: 2.11.0+cu128
Is debug build: False
CUDA used to build PyTorch: 12.8
ROCM used to build PyTorch: N/A

OS: Ubuntu 22.04.1 LTS (x86_64)
GCC version: (Ubuntu 11.3.0-1ubuntu1~22.04) 11.3.0
Clang version: Could not collect
CMake version: version 3.22.1
Libc version: glibc-2.35

Python version: 3.10.20 (main, Mar 11 2026, 17:46:40) [GCC 14.3.0] (64-bit runtime)
Python platform: Linux-5.15.0-78-generic-x86_64-with-glibc2.35
Is CUDA available: True
CUDA runtime version: 11.8.89
CUDA_MODULE_LOADING set to: 
GPU models and configuration: GPU 0: NVIDIA GeForce RTX 5090
Nvidia driver version: 595.58.03
cuDNN version: Probably one of the following:
/usr/lib/x86_64-linux-gnu/libcudnn.so.8.6.0
/usr/lib/x86_64-linux-gnu/libcudnn_adv_infer.so.8.6.0
/usr/lib/x86_64-linux-gnu/libcudnn_adv_train.so.8.6.0
/usr/lib/x86_64-linux-gnu/libcudnn_cnn_infer.so.8.6.0
/usr/lib/x86_64-linux-gnu/libcudnn_cnn_train.so.8.6.0
/usr/lib/x86_64-linux-gnu/libcudnn_ops_infer.so.8.6.0
/usr/lib/x86_64-linux-gnu/libcudnn_ops_train.so.8.6.0
Is XPU available: False
HIP runtime version: N/A
MIOpen runtime version: N/A
Is XNNPACK available: True
Caching allocator config: N/A

CPU:
Architecture:                    x86_64
CPU op-mode(s):                  32-bit, 64-bit
Address sizes:                   52 bits physical, 57 bits virtual
Byte Order:                      Little Endian
CPU(s):                          208
On-line CPU(s) list:             0-207
Vendor ID:                       GenuineIntel
Model name:                      Intel(R) Xeon(R) Platinum 8470Q
CPU family:                      6
Model:                           143
Thread(s) per core:              2
Core(s) per socket:              52
Socket(s):                       2
Stepping:                        8
Frequency boost:                 enabled
CPU max MHz:                     2101.0000
CPU min MHz:                     800.0000
BogoMIPS:                        4200.00
Flags:                           fpu vme de pse tsc msr pae mce cx8 apic sep mtrr pge mca cmov pat pse36 clflush dts acpi mmx fxsr sse sse2 ss ht tm pbe syscall nx pdpe1gb rdtscp lm constant_tsc art arch_perfmon pebs bts rep_good nopl xtopology nonstop_tsc cpuid aperfmperf tsc_known_freq pni pclmulqdq dtes64 ds_cpl vmx smx est tm2 ssse3 sdbg fma cx16 xtpr pdcm pcid dca sse4_1 sse4_2 x2apic movbe popcnt tsc_deadline_timer aes xsave avx f16c rdrand lahf_lm abm 3dnowprefetch cpuid_fault epb cat_l3 cat_l2 cdp_l3 invpcid_single intel_ppin cdp_l2 ssbd mba ibrs ibpb stibp ibrs_enhanced tpr_shadow vnmi flexpriority ept vpid ept_ad fsgsbase tsc_adjust bmi1 avx2 smep bmi2 erms invpcid cqm rdt_a avx512f avx512dq rdseed adx smap avx512ifma clflushopt clwb intel_pt avx512cd sha_ni avx512bw avx512vl xsaveopt xsavec xgetbv1 xsaves cqm_llc cqm_occup_llc cqm_mbm_total cqm_mbm_local split_lock_detect avx_vnni avx512_bf16 wbnoinvd dtherm ida arat pln pts avx512vbmi umip pku ospke waitpkg avx512_vbmi2 gfni vaes vpclmulqdq avx512_vnni avx512_bitalg tme avx512_vpopcntdq la57 rdpid bus_lock_detect cldemote movdiri movdir64b enqcmd fsrm md_clear serialize tsxldtrk pconfig arch_lbr amx_bf16 avx512_fp16 amx_tile amx_int8 flush_l1d arch_capabilities
Virtualization:                  VT-x
L1d cache:                       4.9 MiB (104 instances)
L1i cache:                       3.3 MiB (104 instances)
L2 cache:                        208 MiB (104 instances)
L3 cache:                        210 MiB (2 instances)
NUMA node(s):                    2
NUMA node0 CPU(s):               0-51,104-155
NUMA node1 CPU(s):               52-103,156-207
Vulnerability Itlb multihit:     Not affected
Vulnerability L1tf:              Not affected
Vulnerability Mds:               Not affected
Vulnerability Meltdown:          Not affected
Vulnerability Mmio stale data:   Not affected
Vulnerability Retbleed:          Not affected
Vulnerability Spec store bypass: Mitigation; Speculative Store Bypass disabled via prctl and seccomp
Vulnerability Spectre v1:        Mitigation; usercopy/swapgs barriers and __user pointer sanitization
Vulnerability Spectre v2:        Mitigation; Enhanced IBRS, IBPB conditional, RSB filling, PBRSB-eIBRS SW sequence
Vulnerability Srbds:             Not affected
Vulnerability Tsx async abort:   Not affected

Versions of relevant libraries:
[pip3] flake8==3.7.9
[pip3] numpy==2.2.6
[pip3] nvidia-cublas-cu12==12.8.4.1
[pip3] nvidia-cuda-cupti-cu12==12.8.90
[pip3] nvidia-cuda-nvrtc-cu12==12.8.93
[pip3] nvidia-cuda-runtime-cu12==12.8.90
[pip3] nvidia-cudnn-cu12==9.19.0.56
[pip3] nvidia-cufft-cu12==11.3.3.83
[pip3] nvidia-curand-cu12==10.3.9.90
[pip3] nvidia-cusolver-cu12==11.7.3.90
[pip3] nvidia-cusparse-cu12==12.5.8.93
[pip3] nvidia-cusparselt-cu12==0.7.1
[pip3] nvidia-nccl-cu12==2.28.9
[pip3] nvidia-nvjitlink-cu12==12.8.93
[pip3] nvidia-nvtx-cu12==12.8.90
[pip3] torch==2.11.0+cu128
[pip3] torchaudio==2.11.0+cu128
[pip3] torchvision==0.26.0+cu128
[pip3] triton==3.6.0
[conda] numpy                     2.2.6                    pypi_0    pypi
[conda] nvidia-cublas-cu12        12.8.4.1                 pypi_0    pypi
[conda] nvidia-cuda-cupti-cu12    12.8.90                  pypi_0    pypi
[conda] nvidia-cuda-nvrtc-cu12    12.8.93                  pypi_0    pypi
[conda] nvidia-cuda-runtime-cu12  12.8.90                  pypi_0    pypi
[conda] nvidia-cudnn-cu12         9.19.0.56                pypi_0    pypi
[conda] nvidia-cufft-cu12         11.3.3.83                pypi_0    pypi
[conda] nvidia-curand-cu12        10.3.9.90                pypi_0    pypi
[conda] nvidia-cusolver-cu12      11.7.3.90                pypi_0    pypi
[conda] nvidia-cusparse-cu12      12.5.8.93                pypi_0    pypi
[conda] nvidia-cusparselt-cu12    0.7.1                    pypi_0    pypi
[conda] nvidia-nccl-cu12          2.28.9                   pypi_0    pypi
[conda] nvidia-nvjitlink-cu12     12.8.93                  pypi_0    pypi
[conda] nvidia-nvtx-cu12          12.8.90                  pypi_0    pypi
[conda] torch                     2.11.0+cu128             pypi_0    pypi
[conda] torchaudio                2.11.0+cu128             pypi_0    pypi
[conda] torchvision               0.26.0+cu128             pypi_0    pypi
[conda] triton                    3.6.0                    pypi_0    pypi
        Pillow (12.1.1)

Loading trainer: RefactorRunner
Loading dataset: UCF101
Reading split from /root/autodl-tmp/MMRL/DATASETS/ucf101/split_zhou_UCF101.json
Loading preprocessed few-shot data from /root/autodl-tmp/MMRL/DATASETS/ucf101/split_fewshot/shot_16-seed_2.pkl
Building transform_train
+ random resized crop (size=(224, 224), scale=(0.5, 1))
+ random flip
+ to torch tensor of range [0, 1]
+ normalization (mean=[0.48145466, 0.4578275, 0.40821073], std=[0.26862954, 0.26130258, 0.27577711])
Building transform_test
+ resize the smaller edge to 224
+ 224x224 center crop
+ to torch tensor of range [0, 1]
+ normalization (mean=[0.48145466, 0.4578275, 0.40821073], std=[0.26862954, 0.26130258, 0.27577711])
---------  ------
Dataset    UCF101
# classes  101
# train_x  1,616
# val      404
# test     3,783
---------  ------
/root/autodl-tmp/MMRL/trainers/refactor_runner.py:72: FutureWarning: `torch.cuda.amp.GradScaler(args...)` is deprecated. Please use `torch.amp.GradScaler('cuda', args...)` instead.
  self.scaler = GradScaler() if prec == "amp" else None
[MMRL] trainable params: {'representation_learner.compound_rep_tokens', 'representation_learner.compound_rep_tokens_r2vproj.4.weight', 'representation_learner.compound_rep_tokens_r2tproj.2.bias', 'representation_learner.compound_rep_tokens_r2vproj.6.bias', 'representation_learner.compound_rep_tokens_r2tproj.2.weight', 'image_encoder.proj_rep', 'representation_learner.compound_rep_tokens_r2vproj.1.weight', 'representation_learner.compound_rep_tokens_r2vproj.0.bias', 'representation_learner.compound_rep_tokens_r2vproj.5.bias', 'representation_learner.compound_rep_tokens_r2vproj.4.bias', 'representation_learner.compound_rep_tokens_r2tproj.6.bias', 'representation_learner.compound_rep_tokens_r2tproj.4.weight', 'representation_learner.compound_rep_tokens_r2vproj.2.bias', 'representation_learner.compound_rep_tokens_r2vproj.1.bias', 'representation_learner.compound_rep_tokens_r2tproj.0.bias', 'representation_learner.compound_rep_tokens_r2tproj.1.weight', 'representation_learner.compound_rep_tokens_r2tproj.5.weight', 'representation_learner.compound_rep_tokens_r2tproj.4.bias', 'representation_learner.compound_rep_tokens_r2tproj.6.weight', 'representation_learner.compound_rep_tokens_r2vproj.3.weight', 'representation_learner.compound_rep_tokens_r2tproj.0.weight', 'representation_learner.compound_rep_tokens_r2tproj.5.bias', 'representation_learner.compound_rep_tokens_r2tproj.3.bias', 'representation_learner.compound_rep_tokens_r2tproj.3.weight', 'representation_learner.compound_rep_tokens_r2vproj.0.weight', 'representation_learner.compound_rep_tokens_r2vproj.5.weight', 'representation_learner.compound_rep_tokens_r2vproj.3.bias', 'representation_learner.compound_rep_tokens_r2vproj.2.weight', 'representation_learner.compound_rep_tokens_r2vproj.6.weight', 'representation_learner.compound_rep_tokens_r2tproj.1.bias'}
Loading evaluator: Classification
No checkpoint found, train from scratch
Initialize tensorboard (log_dir=output_refactor/MMRL/FS/fewshot_train/ucf101/shots_16/ViT-B-16/default/seed2/tensorboard)
/root/autodl-tmp/MMRL/executors/online_executor.py:46: FutureWarning: `torch.cuda.amp.autocast(args...)` is deprecated. Please use `torch.amp.autocast('cuda', args...)` instead.
  with autocast():
epoch [1/50] batch [20/50] time 0.086 (0.114) data 0.000 (0.013) loss 2.9007 (3.0032) acc 62.5000 (61.8750) lr 1.0000e-05 eta 0:04:43
epoch [1/50] batch [40/50] time 0.087 (0.097) data 0.000 (0.006) loss 2.9412 (2.8992) acc 43.7500 (60.7812) lr 1.0000e-05 eta 0:03:59
epoch [2/50] batch [20/50] time 0.100 (0.100) data 0.000 (0.011) loss 1.2205 (1.8484) acc 71.8750 (70.6250) lr 1.0000e-03 eta 0:04:02
epoch [2/50] batch [40/50] time 0.093 (0.093) data 0.000 (0.006) loss 0.9950 (1.5072) acc 78.1250 (71.5625) lr 1.0000e-03 eta 0:03:43
epoch [3/50] batch [20/50] time 0.077 (0.099) data 0.000 (0.010) loss 0.7306 (0.7889) acc 78.1250 (82.3438) lr 9.9901e-04 eta 0:03:55
epoch [3/50] batch [40/50] time 0.072 (0.091) data 0.000 (0.005) loss 0.6701 (0.7793) acc 84.3750 (82.9688) lr 9.9901e-04 eta 0:03:35
epoch [4/50] batch [20/50] time 0.090 (0.104) data 0.000 (0.012) loss 0.7564 (0.6790) acc 84.3750 (85.7812) lr 9.9606e-04 eta 0:04:01
epoch [4/50] batch [40/50] time 0.092 (0.091) data 0.000 (0.006) loss 0.6213 (0.6663) acc 90.6250 (86.9531) lr 9.9606e-04 eta 0:03:29
epoch [5/50] batch [20/50] time 0.086 (0.096) data 0.000 (0.010) loss 0.7661 (0.5919) acc 81.2500 (90.0000) lr 9.9114e-04 eta 0:03:38
epoch [5/50] batch [40/50] time 0.085 (0.089) data 0.000 (0.005) loss 0.4802 (0.6099) acc 96.8750 (89.6094) lr 9.9114e-04 eta 0:03:22
epoch [6/50] batch [20/50] time 0.076 (0.096) data 0.000 (0.010) loss 0.5448 (0.5098) acc 100.0000 (91.7188) lr 9.8429e-04 eta 0:03:34
epoch [6/50] batch [40/50] time 0.098 (0.090) data 0.000 (0.005) loss 0.5922 (0.5444) acc 96.8750 (91.5625) lr 9.8429e-04 eta 0:03:18
epoch [7/50] batch [20/50] time 0.088 (0.102) data 0.000 (0.011) loss 0.6327 (0.4648) acc 87.5000 (95.0000) lr 9.7553e-04 eta 0:03:42
epoch [7/50] batch [40/50] time 0.048 (0.089) data 0.000 (0.006) loss 0.4829 (0.4834) acc 93.7500 (93.8281) lr 9.7553e-04 eta 0:03:11
epoch [8/50] batch [20/50] time 0.095 (0.100) data 0.000 (0.013) loss 0.4391 (0.3947) acc 96.8750 (98.1250) lr 9.6489e-04 eta 0:03:33
epoch [8/50] batch [40/50] time 0.071 (0.093) data 0.000 (0.007) loss 0.3459 (0.4382) acc 100.0000 (96.1719) lr 9.6489e-04 eta 0:03:17
epoch [9/50] batch [20/50] time 0.084 (0.095) data 0.000 (0.009) loss 0.3367 (0.3872) acc 100.0000 (96.4062) lr 9.5241e-04 eta 0:03:18
epoch [9/50] batch [40/50] time 0.060 (0.089) data 0.000 (0.005) loss 0.4139 (0.4175) acc 96.8750 (95.5469) lr 9.5241e-04 eta 0:03:03
epoch [10/50] batch [20/50] time 0.096 (0.103) data 0.000 (0.011) loss 0.4031 (0.3953) acc 96.8750 (96.2500) lr 9.3815e-04 eta 0:03:29
epoch [10/50] batch [40/50] time 0.078 (0.097) data 0.001 (0.006) loss 0.4903 (0.4028) acc 93.7500 (96.0938) lr 9.3815e-04 eta 0:03:14
epoch [11/50] batch [20/50] time 0.086 (0.091) data 0.000 (0.010) loss 0.4983 (0.3536) acc 93.7500 (97.6562) lr 9.2216e-04 eta 0:03:00
epoch [11/50] batch [40/50] time 0.069 (0.090) data 0.000 (0.005) loss 0.5663 (0.3762) acc 96.8750 (97.0312) lr 9.2216e-04 eta 0:02:55
epoch [12/50] batch [20/50] time 0.090 (0.099) data 0.001 (0.011) loss 0.2818 (0.3675) acc 100.0000 (97.5000) lr 9.0451e-04 eta 0:03:10
epoch [12/50] batch [40/50] time 0.086 (0.092) data 0.000 (0.006) loss 0.3637 (0.3583) acc 96.8750 (97.1094) lr 9.0451e-04 eta 0:02:56
epoch [13/50] batch [20/50] time 0.098 (0.100) data 0.000 (0.011) loss 0.2142 (0.3226) acc 100.0000 (98.4375) lr 8.8526e-04 eta 0:03:07
epoch [13/50] batch [40/50] time 0.087 (0.095) data 0.000 (0.005) loss 0.3542 (0.3319) acc 100.0000 (97.8125) lr 8.8526e-04 eta 0:02:56
epoch [14/50] batch [20/50] time 0.085 (0.104) data 0.000 (0.013) loss 0.2653 (0.3294) acc 100.0000 (97.8125) lr 8.6448e-04 eta 0:03:10
epoch [14/50] batch [40/50] time 0.087 (0.098) data 0.000 (0.007) loss 0.5534 (0.3363) acc 87.5000 (97.6562) lr 8.6448e-04 eta 0:02:57
epoch [15/50] batch [20/50] time 0.086 (0.098) data 0.000 (0.012) loss 0.3757 (0.3242) acc 100.0000 (97.6562) lr 8.4227e-04 eta 0:02:55
epoch [15/50] batch [40/50] time 0.072 (0.092) data 0.000 (0.006) loss 0.2170 (0.3117) acc 100.0000 (97.9688) lr 8.4227e-04 eta 0:02:41
epoch [16/50] batch [20/50] time 0.097 (0.098) data 0.000 (0.012) loss 0.2571 (0.2888) acc 96.8750 (98.1250) lr 8.1871e-04 eta 0:02:49
epoch [16/50] batch [40/50] time 0.086 (0.094) data 0.000 (0.006) loss 0.3629 (0.2893) acc 100.0000 (98.5156) lr 8.1871e-04 eta 0:02:40
epoch [17/50] batch [20/50] time 0.091 (0.099) data 0.000 (0.012) loss 0.2698 (0.2874) acc 96.8750 (98.4375) lr 7.9389e-04 eta 0:02:45
epoch [17/50] batch [40/50] time 0.083 (0.092) data 0.000 (0.006) loss 0.2361 (0.2977) acc 100.0000 (98.6719) lr 7.9389e-04 eta 0:02:33
epoch [18/50] batch [20/50] time 0.107 (0.099) data 0.000 (0.009) loss 0.2646 (0.2801) acc 100.0000 (98.9062) lr 7.6791e-04 eta 0:02:41
epoch [18/50] batch [40/50] time 0.072 (0.092) data 0.000 (0.005) loss 0.2561 (0.2796) acc 100.0000 (98.8281) lr 7.6791e-04 eta 0:02:28
epoch [19/50] batch [20/50] time 0.082 (0.100) data 0.000 (0.010) loss 0.3450 (0.2719) acc 100.0000 (99.2188) lr 7.4088e-04 eta 0:02:38
epoch [19/50] batch [40/50] time 0.087 (0.094) data 0.000 (0.005) loss 0.2055 (0.2626) acc 100.0000 (98.9844) lr 7.4088e-04 eta 0:02:25
epoch [20/50] batch [20/50] time 0.082 (0.096) data 0.000 (0.011) loss 0.2299 (0.2697) acc 100.0000 (98.9062) lr 7.1289e-04 eta 0:02:27
epoch [20/50] batch [40/50] time 0.090 (0.090) data 0.000 (0.005) loss 0.4152 (0.2769) acc 96.8750 (98.6719) lr 7.1289e-04 eta 0:02:15
epoch [21/50] batch [20/50] time 0.095 (0.100) data 0.000 (0.008) loss 0.2356 (0.2693) acc 100.0000 (98.9062) lr 6.8406e-04 eta 0:02:28
epoch [21/50] batch [40/50] time 0.091 (0.093) data 0.000 (0.004) loss 0.2214 (0.2574) acc 100.0000 (99.0625) lr 6.8406e-04 eta 0:02:15
epoch [22/50] batch [20/50] time 0.077 (0.100) data 0.000 (0.010) loss 0.2382 (0.2370) acc 100.0000 (99.2188) lr 6.5451e-04 eta 0:02:22
epoch [22/50] batch [40/50] time 0.093 (0.094) data 0.000 (0.005) loss 0.3250 (0.2422) acc 96.8750 (99.2188) lr 6.5451e-04 eta 0:02:11
epoch [23/50] batch [20/50] time 0.082 (0.098) data 0.000 (0.010) loss 0.2323 (0.2176) acc 100.0000 (99.8438) lr 6.2434e-04 eta 0:02:15
epoch [23/50] batch [40/50] time 0.083 (0.093) data 0.000 (0.005) loss 0.2082 (0.2284) acc 100.0000 (99.5312) lr 6.2434e-04 eta 0:02:06
epoch [24/50] batch [20/50] time 0.086 (0.096) data 0.000 (0.011) loss 0.2559 (0.2415) acc 100.0000 (99.6875) lr 5.9369e-04 eta 0:02:07
epoch [24/50] batch [40/50] time 0.075 (0.093) data 0.000 (0.006) loss 0.1740 (0.2295) acc 100.0000 (99.6094) lr 5.9369e-04 eta 0:02:01
epoch [25/50] batch [20/50] time 0.075 (0.090) data 0.000 (0.010) loss 0.2058 (0.2213) acc 100.0000 (98.7500) lr 5.6267e-04 eta 0:01:55
epoch [25/50] batch [40/50] time 0.067 (0.086) data 0.000 (0.005) loss 0.1819 (0.2260) acc 100.0000 (99.0625) lr 5.6267e-04 eta 0:01:48
epoch [26/50] batch [20/50] time 0.075 (0.086) data 0.000 (0.010) loss 0.1762 (0.2264) acc 100.0000 (99.5312) lr 5.3140e-04 eta 0:01:45
epoch [26/50] batch [40/50] time 0.085 (0.087) data 0.000 (0.005) loss 0.2644 (0.2277) acc 100.0000 (99.4531) lr 5.3140e-04 eta 0:01:45
epoch [27/50] batch [20/50] time 0.089 (0.096) data 0.000 (0.010) loss 0.2039 (0.2142) acc 100.0000 (99.8438) lr 5.0000e-04 eta 0:01:52
epoch [27/50] batch [40/50] time 0.090 (0.093) data 0.000 (0.005) loss 0.2198 (0.2211) acc 100.0000 (99.7656) lr 5.0000e-04 eta 0:01:48
epoch [28/50] batch [20/50] time 0.087 (0.095) data 0.000 (0.012) loss 0.2106 (0.2167) acc 100.0000 (99.6875) lr 4.6860e-04 eta 0:01:47
epoch [28/50] batch [40/50] time 0.087 (0.092) data 0.000 (0.006) loss 0.1934 (0.2090) acc 100.0000 (99.6875) lr 4.6860e-04 eta 0:01:42
epoch [29/50] batch [20/50] time 0.089 (0.091) data 0.000 (0.009) loss 0.2234 (0.2063) acc 100.0000 (99.8438) lr 4.3733e-04 eta 0:01:37
epoch [29/50] batch [40/50] time 0.089 (0.090) data 0.000 (0.005) loss 0.1672 (0.2150) acc 100.0000 (99.5312) lr 4.3733e-04 eta 0:01:34
epoch [30/50] batch [20/50] time 0.080 (0.097) data 0.000 (0.010) loss 0.1841 (0.2157) acc 100.0000 (99.3750) lr 4.0631e-04 eta 0:01:39
epoch [30/50] batch [40/50] time 0.084 (0.093) data 0.000 (0.005) loss 0.2072 (0.2104) acc 100.0000 (99.6094) lr 4.0631e-04 eta 0:01:34
epoch [31/50] batch [20/50] time 0.097 (0.099) data 0.000 (0.012) loss 0.1965 (0.2033) acc 100.0000 (99.6875) lr 3.7566e-04 eta 0:01:37
epoch [31/50] batch [40/50] time 0.093 (0.093) data 0.000 (0.006) loss 0.2105 (0.1985) acc 100.0000 (99.7656) lr 3.7566e-04 eta 0:01:28
epoch [32/50] batch [20/50] time 0.091 (0.092) data 0.000 (0.011) loss 0.3094 (0.2029) acc 100.0000 (99.5312) lr 3.4549e-04 eta 0:01:25
epoch [32/50] batch [40/50] time 0.084 (0.089) data 0.000 (0.006) loss 0.1825 (0.1930) acc 100.0000 (99.7656) lr 3.4549e-04 eta 0:01:20
epoch [33/50] batch [20/50] time 0.088 (0.098) data 0.000 (0.009) loss 0.2653 (0.2118) acc 96.8750 (99.5312) lr 3.1594e-04 eta 0:01:26
epoch [33/50] batch [40/50] time 0.094 (0.095) data 0.000 (0.005) loss 0.2265 (0.2003) acc 100.0000 (99.6094) lr 3.1594e-04 eta 0:01:21
epoch [34/50] batch [20/50] time 0.093 (0.099) data 0.000 (0.010) loss 0.1942 (0.1957) acc 100.0000 (99.8438) lr 2.8711e-04 eta 0:01:21
epoch [34/50] batch [40/50] time 0.084 (0.091) data 0.000 (0.005) loss 0.2187 (0.2010) acc 100.0000 (99.7656) lr 2.8711e-04 eta 0:01:13
epoch [35/50] batch [20/50] time 0.102 (0.097) data 0.000 (0.010) loss 0.2029 (0.2059) acc 100.0000 (99.6875) lr 2.5912e-04 eta 0:01:15
epoch [35/50] batch [40/50] time 0.087 (0.092) data 0.000 (0.005) loss 0.1645 (0.1902) acc 100.0000 (99.7656) lr 2.5912e-04 eta 0:01:09
epoch [36/50] batch [20/50] time 0.078 (0.091) data 0.000 (0.011) loss 0.1691 (0.1919) acc 100.0000 (99.5312) lr 2.3209e-04 eta 0:01:06
epoch [36/50] batch [40/50] time 0.086 (0.088) data 0.000 (0.006) loss 0.2631 (0.1897) acc 100.0000 (99.6875) lr 2.3209e-04 eta 0:01:02
epoch [37/50] batch [20/50] time 0.083 (0.091) data 0.000 (0.011) loss 0.1737 (0.1858) acc 100.0000 (99.8438) lr 2.0611e-04 eta 0:01:02
epoch [37/50] batch [40/50] time 0.082 (0.090) data 0.000 (0.006) loss 0.1705 (0.1882) acc 100.0000 (99.6875) lr 2.0611e-04 eta 0:00:59
epoch [38/50] batch [20/50] time 0.081 (0.087) data 0.000 (0.010) loss 0.1442 (0.1763) acc 100.0000 (99.8438) lr 1.8129e-04 eta 0:00:54
epoch [38/50] batch [40/50] time 0.099 (0.087) data 0.000 (0.005) loss 0.1391 (0.1845) acc 100.0000 (99.9219) lr 1.8129e-04 eta 0:00:52
epoch [39/50] batch [20/50] time 0.095 (0.094) data 0.000 (0.010) loss 0.1303 (0.1868) acc 100.0000 (99.6875) lr 1.5773e-04 eta 0:00:54
epoch [39/50] batch [40/50] time 0.083 (0.090) data 0.000 (0.005) loss 0.2031 (0.1805) acc 100.0000 (99.8438) lr 1.5773e-04 eta 0:00:50
epoch [40/50] batch [20/50] time 0.088 (0.101) data 0.000 (0.011) loss 0.1740 (0.1667) acc 100.0000 (100.0000) lr 1.3552e-04 eta 0:00:53
epoch [40/50] batch [40/50] time 0.083 (0.094) data 0.000 (0.006) loss 0.2566 (0.1710) acc 100.0000 (100.0000) lr 1.3552e-04 eta 0:00:47
epoch [41/50] batch [20/50] time 0.084 (0.098) data 0.000 (0.011) loss 0.1791 (0.1769) acc 100.0000 (99.8438) lr 1.1474e-04 eta 0:00:47
epoch [41/50] batch [40/50] time 0.095 (0.094) data 0.000 (0.005) loss 0.1555 (0.1714) acc 100.0000 (99.8438) lr 1.1474e-04 eta 0:00:43
epoch [42/50] batch [20/50] time 0.077 (0.094) data 0.000 (0.009) loss 0.1473 (0.1875) acc 100.0000 (99.5312) lr 9.5492e-05 eta 0:00:40
epoch [42/50] batch [40/50] time 0.084 (0.084) data 0.000 (0.005) loss 0.1568 (0.1867) acc 100.0000 (99.3750) lr 9.5492e-05 eta 0:00:34
epoch [43/50] batch [20/50] time 0.077 (0.094) data 0.000 (0.010) loss 0.1600 (0.1634) acc 100.0000 (99.8438) lr 7.7836e-05 eta 0:00:35
epoch [43/50] batch [40/50] time 0.086 (0.083) data 0.000 (0.005) loss 0.1442 (0.1719) acc 100.0000 (99.7656) lr 7.7836e-05 eta 0:00:29
epoch [44/50] batch [20/50] time 0.091 (0.097) data 0.000 (0.009) loss 0.1666 (0.1876) acc 100.0000 (99.8438) lr 6.1847e-05 eta 0:00:31
epoch [44/50] batch [40/50] time 0.083 (0.086) data 0.000 (0.005) loss 0.1209 (0.1811) acc 100.0000 (99.8438) lr 6.1847e-05 eta 0:00:26
epoch [45/50] batch [20/50] time 0.097 (0.097) data 0.000 (0.009) loss 0.1740 (0.1679) acc 100.0000 (100.0000) lr 4.7586e-05 eta 0:00:27
epoch [45/50] batch [40/50] time 0.054 (0.091) data 0.000 (0.004) loss 0.2376 (0.1709) acc 100.0000 (99.8438) lr 4.7586e-05 eta 0:00:23
epoch [46/50] batch [20/50] time 0.085 (0.101) data 0.000 (0.011) loss 0.2574 (0.1766) acc 100.0000 (99.8438) lr 3.5112e-05 eta 0:00:23
epoch [46/50] batch [40/50] time 0.050 (0.091) data 0.000 (0.005) loss 0.2362 (0.1685) acc 100.0000 (99.9219) lr 3.5112e-05 eta 0:00:19
epoch [47/50] batch [20/50] time 0.099 (0.101) data 0.000 (0.011) loss 0.1855 (0.1721) acc 100.0000 (99.6875) lr 2.4472e-05 eta 0:00:18
epoch [47/50] batch [40/50] time 0.045 (0.091) data 0.000 (0.005) loss 0.1539 (0.1677) acc 100.0000 (99.8438) lr 2.4472e-05 eta 0:00:14
epoch [48/50] batch [20/50] time 0.102 (0.104) data 0.000 (0.009) loss 0.1459 (0.1883) acc 100.0000 (99.6875) lr 1.5708e-05 eta 0:00:13
epoch [48/50] batch [40/50] time 0.096 (0.097) data 0.000 (0.005) loss 0.1451 (0.1801) acc 100.0000 (99.6875) lr 1.5708e-05 eta 0:00:10
epoch [49/50] batch [20/50] time 0.087 (0.102) data 0.000 (0.014) loss 0.2698 (0.1772) acc 96.8750 (99.8438) lr 8.8564e-06 eta 0:00:08
epoch [49/50] batch [40/50] time 0.041 (0.089) data 0.000 (0.007) loss 0.1531 (0.1771) acc 100.0000 (99.9219) lr 8.8564e-06 eta 0:00:05
epoch [50/50] batch [20/50] time 0.098 (0.099) data 0.000 (0.009) loss 0.2049 (0.1706) acc 100.0000 (99.8438) lr 3.9426e-06 eta 0:00:02
epoch [50/50] batch [40/50] time 0.070 (0.093) data 0.000 (0.005) loss 0.1948 (0.1778) acc 100.0000 (99.7656) lr 3.9426e-06 eta 0:00:00
[LightweightCheckpoint] filtered state_dict: 31/334 tensors, 32.76 MB / 523.74 MB
[LightweightCheckpoint] saved to output_refactor/MMRL/FS/fewshot_train/ucf101/shots_16/ViT-B-16/default/seed2/refactor_model/model.pth.tar-50
Finish training
Deploy the last-epoch model
Evaluate on the *test* set
=> result
* total: 3,783
* correct: 3,318
* accuracy: 87.7%
* error: 12.3%
* macro_f1: 87.3%
=> structured result
* accuracy: 87.7082
* error: 12.2918
* macro_f1: 87.2563
* nll: 0.4322
* brier: 0.1787
* ece: 1.4744
* least_confidence_aurc: 0.0207
* least_confidence_eaurc: 0.0128
* least_confidence_error_auroc: 0.9078
* entropy_aurc: 0.0207
* entropy_eaurc: 0.0128
* entropy_error_auroc: 0.9081
* margin_uncertainty_aurc: 0.0213
* margin_uncertainty_eaurc: 0.0134
* margin_uncertainty_error_auroc: 0.9032
=> temperature scaling: T = 1.028488
* accuracy_calibrated: 87.7082
* error_calibrated: 12.2918
* macro_f1_calibrated: 87.2563
* nll_calibrated: 0.4301
* brier_calibrated: 0.1784
* ece_calibrated: 1.0349
* least_confidence_aurc_calibrated: 0.0207
* least_confidence_eaurc_calibrated: 0.0128
* least_confidence_error_auroc_calibrated: 0.9080
* entropy_aurc_calibrated: 0.0207
* entropy_eaurc_calibrated: 0.0128
* entropy_error_auroc_calibrated: 0.9077
* margin_uncertainty_aurc_calibrated: 0.0213
* margin_uncertainty_eaurc_calibrated: 0.0134
* margin_uncertainty_error_auroc_calibrated: 0.9034
Saved metrics JSON to output_refactor/MMRL/FS/fewshot_train/ucf101/shots_16/ViT-B-16/default/seed2/test_metrics.json
Saved metrics CSV to output_refactor/MMRL/FS/fewshot_train/ucf101/shots_16/ViT-B-16/default/seed2/test_metrics.csv
Saved calibration bins CSV to output_refactor/MMRL/FS/fewshot_train/ucf101/shots_16/ViT-B-16/default/seed2/test_calibration_bins.csv
Saved calibrated metrics CSV to output_refactor/MMRL/FS/fewshot_train/ucf101/shots_16/ViT-B-16/default/seed2/test_metrics_calibrated.csv
Saved calibrated calibration bins CSV to output_refactor/MMRL/FS/fewshot_train/ucf101/shots_16/ViT-B-16/default/seed2/test_calibration_bins_calibrated.csv
Elapsed: 0:03:59

============================================================
END: 2026-05-02 20:34:48
STATUS: SUCCESS
============================================================
