============================================================
开始时间: 2026-04-21 06:29:21
当前阶段: stage50_schemeB_clip_joint_prior_after_alpha
GPU: 2
方法: BayesMMRL
协议: FS
执行模式: online
数据集: caltech101
shots: 16
seed: 1
标签: B_sig-per_token_pstd-0.05_kl-2e-4_blend-0.2_scale-0.05
数据根目录: DATASETS
阶段输出根目录: output_sweeps/bayes_mmrl_search_current/coarse3/search_stage
Backbone: ViT-B/16
============================================================
[当前执行] B | dataset=caltech101 | shot=16 | seed=1 | tag=B_sig-per_token_pstd-0.05_kl-2e-4_blend-0.2_scale-0.05
[说明] 当前使用固定 MMRL 主体超参，只搜索 Bayes 参数
[说明] EVAL_MODE=mc_predictive, EVAL_AGGREGATION=logit_mean
[说明] KL_WARMUP_EPOCHS=5
Setting fixed seed: 1
***************
** Arguments **
***************
dataset_config_file: configs/datasets/caltech101.yaml
eval_only: False
exec_mode: online
exp_config: 
load_epoch: None
method: BayesMMRL
method_config_file: configs/methods/bayesmmrl.yaml
model_dir: 
no_train: False
opts: ['DATASET.NUM_SHOTS', '16', 'DATASET.SUBSAMPLE_CLASSES', 'all', 'MODEL.BACKBONE.NAME', 'ViT-B/16', 'BAYES_MMRL.ALPHA', '0.7', 'BAYES_MMRL.REG_WEIGHT', '0.5', 'BAYES_MMRL.N_REP_TOKENS', '5', 'BAYES_MMRL.REP_LAYERS', '[6,7,8,9,10,11,12]', 'BAYES_MMRL.REP_DIM', '512', 'BAYES_MMRL.N_MC_TRAIN', '3', 'BAYES_MMRL.N_MC_TEST', '10', 'BAYES_MMRL.EVAL_MODE', 'mc_predictive', 'BAYES_MMRL.EVAL_USE_POSTERIOR_MEAN', 'False', 'BAYES_MMRL.EVAL_AGGREGATION', 'logit_mean', 'BAYES_MMRL.KL_WARMUP_EPOCHS', '5', 'BAYES_MMRL.BAYES_TARGET', 'rep_tokens', 'BAYES_MMRL.REP_PRIOR_MODE', 'clip_joint', 'BAYES_MMRL.REP_SIGMA_MODE', 'per_token', 'BAYES_MMRL.REP_PRIOR_STD', '0.05', 'BAYES_MMRL.REP_KL_WEIGHT', '2e-4', 'BAYES_MMRL.CLIP_PRIOR_BLEND', '0.2', 'BAYES_MMRL.CLIP_PRIOR_SCALE', '0.05', 'BAYES_MMRL.ALPHA', '0.7']
output_dir: output_sweeps/bayes_mmrl_search_current/coarse3/search_stage/BayesMMRL/FS/fewshot_train/caltech101/shots_16/ViT-B-16/B_sig-per_token_pstd-0.05_kl-2e-4_blend-0.2_scale-0.05/seed1
protocol: FS
protocol_config_file: configs/protocols/fs.yaml
root: DATASETS
runtime_config_file: configs/runtime/default.yaml
seed: 1
trainer: RefactorRunner
************
** Config **
************
BAYES_MMRL:
  ALPHA: 0.7
  BAYES_TARGET: rep_tokens
  CLIP_PRIOR_BLEND: 0.2
  CLIP_PRIOR_SCALE: 0.05
  EVAL_AGGREGATION: logit_mean
  EVAL_MODE: mc_predictive
  EVAL_USE_POSTERIOR_MEAN: False
  KL_WARMUP_EPOCHS: 5
  KL_WEIGHT: 0.0005
  N_MC_TEST: 10
  N_MC_TRAIN: 3
  N_REP_TOKENS: 5
  PREC: amp
  PRIOR_STD: 0.05
  PROJ_REP_KL_WEIGHT: 1e-06
  PROJ_REP_PRIOR_MODE: clip_proj
  PROJ_REP_PRIOR_STD: 0.01
  PROJ_REP_SIGMA_MODE: row
  REG_WEIGHT: 0.5
  REP_DIM: 512
  REP_KL_WEIGHT: 0.0002
  REP_LAYERS: [6, 7, 8, 9, 10, 11, 12]
  REP_PRIOR_MODE: clip_joint
  REP_PRIOR_STD: 0.05
  REP_SIGMA_MODE: per_token
  SIGMA_MODE: global
CLIP_ADAPTERS:
  ALLOW_CACHE: True
  CONSTRAINT: none
  ENHANCED_BASE: none
  INIT: ZS
  KL_WEIGHT: 0.0001
  N_SAMPLES: 3
  PREC: fp32
  TYPE: MP
DATALOADER:
  K_TRANSFORMS: 1
  NUM_WORKERS: 8
  RETURN_IMG0: False
  TEST:
    BATCH_SIZE: 250
    SAMPLER: SequentialSampler
  TRAIN_U:
    BATCH_SIZE: 32
    N_DOMAIN: 0
    N_INS: 16
    SAME_AS_X: True
    SAMPLER: RandomSampler
  TRAIN_X:
    BATCH_SIZE: 32
    N_DOMAIN: 0
    N_INS: 16
    SAMPLER: RandomSampler
DATASET:
  ALL_AS_UNLABELED: False
  CIFAR_C_LEVEL: 1
  CIFAR_C_TYPE: 
  NAME: Caltech101
  NUM_LABELED: -1
  NUM_SHOTS: 16
  ROOT: DATASETS
  SOURCE_DOMAINS: ()
  STL10_FOLD: -1
  SUBSAMPLE_CLASSES: all
  TARGET_DOMAINS: ()
  VAL_PERCENT: 0.1
INPUT:
  COLORJITTER_B: 0.4
  COLORJITTER_C: 0.4
  COLORJITTER_H: 0.1
  COLORJITTER_S: 0.4
  CROP_PADDING: 4
  CUTOUT_LEN: 16
  CUTOUT_N: 1
  GB_K: 21
  GB_P: 0.5
  GN_MEAN: 0.0
  GN_STD: 0.15
  INTERPOLATION: bicubic
  NO_TRANSFORM: False
  PIXEL_MEAN: [0.48145466, 0.4578275, 0.40821073]
  PIXEL_STD: [0.26862954, 0.26130258, 0.27577711]
  RANDAUGMENT_M: 10
  RANDAUGMENT_N: 2
  RGS_P: 0.2
  RRCROP_SCALE: (0.5, 1)
  SIZE: (224, 224)
  TRANSFORMS: ('random_resized_crop', 'random_flip', 'normalize')
METHOD:
  EXEC_MODE: online
  FAMILY: internal_adaptation
  NAME: BayesMMRL
  TAG: default
MMRL:
  ALPHA: 0.7
  N_REP_TOKENS: 5
  PREC: amp
  REG_WEIGHT: 1.0
  REP_DIM: 512
  REP_LAYERS: [6, 7, 8, 9, 10, 11, 12]
MMRLPP:
  ALPHA: 0.7
  BETA: 0.9
  N_REP_TOKENS: 5
  PREC: amp
  PROJ_LORA_DIM: 64
  REG_WEIGHT: 1.0
  REP_DIM: 512
  REP_LAYERS: [6, 7, 8, 9, 10, 11, 12]
  RES_LORA_DIM: 4
MMRL_MIX:
  ALPHA: 0.7
  LOSS_FUSE_WEIGHT: 0.2
  LOSS_MAIN_WEIGHT: 1.0
  LOSS_REP_WEIGHT: 1.0
  N_REP_TOKENS: 5
  PREC: amp
  REG_WEIGHT: 1.0
  REP_DIM: 512
  REP_LAYERS: [6, 7, 8, 9, 10, 11, 12]
MODEL:
  BACKBONE:
    NAME: ViT-B/16
    PRETRAINED: True
  HEAD:
    ACTIVATION: relu
    BN: True
    DROPOUT: 0.0
    HIDDEN_LAYERS: ()
    NAME: 
  INIT_WEIGHTS: 
OPTIM:
  ADAM_BETA1: 0.9
  ADAM_BETA2: 0.999
  BASE_LR_MULT: 0.1
  GAMMA: 0.1
  LR: 0.001
  LR_SCHEDULER: cosine
  MAX_EPOCH: 50
  MOMENTUM: 0.9
  NAME: adamw
  NEW_LAYERS: ()
  RMSPROP_ALPHA: 0.99
  SGD_DAMPNING: 0
  SGD_NESTEROV: False
  STAGED_LR: False
  STEPSIZE: (-1,)
  WARMUP_CONS_LR: 1e-05
  WARMUP_EPOCH: 1
  WARMUP_MIN_LR: 1e-05
  WARMUP_RECOUNT: True
  WARMUP_TYPE: constant
  WEIGHT_DECAY: 0.0005
OUTPUT_DIR: output_sweeps/bayes_mmrl_search_current/coarse3/search_stage/BayesMMRL/FS/fewshot_train/caltech101/shots_16/ViT-B-16/B_sig-per_token_pstd-0.05_kl-2e-4_blend-0.2_scale-0.05/seed1
PROTOCOL:
  NAME: FS
  PHASE: fewshot_train
RESUME: 
RUNTIME:
  OUTPUT_ROOT: output_refactor
  USE_DASSL_TRAINER_BRIDGE: True
SEED: 1
TASK: FS
TEST:
  COMPUTE_CMAT: False
  EVALUATOR: Classification
  FINAL_MODEL: last_step
  NO_TEST: False
  PER_CLASS_RESULT: False
  SPLIT: test
TRAIN:
  CHECKPOINT_FREQ: 0
  COUNT_ITER: train_x
  PRINT_FREQ: 20
TRAINER:
  BayesMMRL:
    ALPHA: 0.7
    BAYES_TARGET: rep_tokens
    CLIP_PRIOR_BLEND: 0.2
    CLIP_PRIOR_SCALE: 0.05
    EVAL_AGGREGATION: logit_mean
    EVAL_MODE: mc_predictive
    EVAL_USE_POSTERIOR_MEAN: False
    KL_WARMUP_EPOCHS: 5
    KL_WEIGHT: 0.0002
    N_MC_TEST: 10
    N_MC_TRAIN: 3
    N_REP_TOKENS: 5
    PREC: amp
    PRIOR_STD: 0.05
    PROJ_REP_KL_WEIGHT: 1e-06
    PROJ_REP_PRIOR_MODE: clip_proj
    PROJ_REP_PRIOR_STD: 0.01
    PROJ_REP_SIGMA_MODE: row
    REG_WEIGHT: 0.5
    REP_DIM: 512
    REP_KL_WEIGHT: 0.0002
    REP_LAYERS: [6, 7, 8, 9, 10, 11, 12]
    REP_PRIOR_MODE: clip_joint
    REP_PRIOR_STD: 0.05
    REP_SIGMA_MODE: per_token
    SIGMA_MODE: per_token
  CDAC:
    CLASS_LR_MULTI: 10
    P_THRESH: 0.95
    RAMPUP_COEF: 30
    RAMPUP_ITRS: 1000
    STRONG_TRANSFORMS: ()
    TOPK_MATCH: 5
  CROSSGRAD:
    ALPHA_D: 0.5
    ALPHA_F: 0.5
    EPS_D: 1.0
    EPS_F: 1.0
  ClipADAPTER:
    ALLOW_CACHE: True
    CONSTRAINT: none
    ENHANCED_BASE: none
    INIT: ZS
    PREC: fp32
    TYPE: MP
  DAEL:
    CONF_THRE: 0.95
    STRONG_TRANSFORMS: ()
    WEIGHT_U: 0.5
  DAELDG:
    CONF_THRE: 0.95
    STRONG_TRANSFORMS: ()
    WEIGHT_U: 0.5
  DDAIG:
    ALPHA: 0.5
    CLAMP: False
    CLAMP_MAX: 1.0
    CLAMP_MIN: -1.0
    G_ARCH: 
    LMDA: 0.3
    WARMUP: 0
  DOMAINMIX:
    ALPHA: 1.0
    BETA: 1.0
    TYPE: crossdomain
  ENTMIN:
    LMDA: 0.001
  FIXMATCH:
    CONF_THRE: 0.95
    STRONG_TRANSFORMS: ()
    WEIGHT_U: 1.0
  M3SDA:
    LMDA: 0.5
    N_STEP_F: 4
  MCD:
    N_STEP_F: 4
  MEANTEACHER:
    EMA_ALPHA: 0.999
    RAMPUP: 5
    WEIGHT_U: 1.0
  MIXMATCH:
    MIXUP_BETA: 0.75
    RAMPUP: 20000
    TEMP: 2.0
    WEIGHT_U: 100.0
  MME:
    LMDA: 0.1
  MMRL:
    ALPHA: 0.7
    N_REP_TOKENS: 5
    PREC: amp
    REG_WEIGHT: 1.0
    REP_DIM: 512
    REP_LAYERS: [6, 7, 8, 9, 10, 11, 12]
  MMRLMix:
    ALPHA: 0.7
    LOSS_FUSE_WEIGHT: 0.2
    LOSS_MAIN_WEIGHT: 1.0
    LOSS_REP_WEIGHT: 1.0
    N_REP_TOKENS: 5
    PREC: amp
    REG_WEIGHT: 1.0
    REP_DIM: 512
    REP_LAYERS: [6, 7, 8, 9, 10, 11, 12]
  MMRLpp:
    ALPHA: 0.7
    BETA: 0.9
    N_REP_TOKENS: 5
    PREC: amp
    PROJ_LORA_DIM: 64
    REG_WEIGHT: 1.0
    REP_DIM: 512
    REP_LAYERS: [6, 7, 8, 9, 10, 11, 12]
    RES_LORA_DIM: 4
  NAME: RefactorRunner
  SE:
    CONF_THRE: 0.95
    EMA_ALPHA: 0.999
    RAMPUP: 300
USE_CUDA: True
VERBOSE: True
VERSION: 1
Collecting env info ...
** System info **
PyTorch version: 2.4.0+cu121
Is debug build: False
CUDA used to build PyTorch: 12.1
ROCM used to build PyTorch: N/A

OS: Ubuntu 22.04.1 LTS (x86_64)
GCC version: (Ubuntu 11.3.0-1ubuntu1~22.04) 11.3.0
Clang version: Could not collect
CMake version: version 3.22.1
Libc version: glibc-2.35

Python version: 3.10.20 (main, Mar 11 2026, 17:46:40) [GCC 14.3.0] (64-bit runtime)
Python platform: Linux-5.15.0-170-generic-x86_64-with-glibc2.35
Is CUDA available: True
CUDA runtime version: 11.8.89
CUDA_MODULE_LOADING set to: LAZY
GPU models and configuration: 
GPU 0: NVIDIA GeForce RTX 4090
GPU 1: NVIDIA GeForce RTX 4090
GPU 2: NVIDIA GeForce RTX 4090

Nvidia driver version: 580.105.08
cuDNN version: Probably one of the following:
/usr/lib/x86_64-linux-gnu/libcudnn.so.8.6.0
/usr/lib/x86_64-linux-gnu/libcudnn_adv_infer.so.8.6.0
/usr/lib/x86_64-linux-gnu/libcudnn_adv_train.so.8.6.0
/usr/lib/x86_64-linux-gnu/libcudnn_cnn_infer.so.8.6.0
/usr/lib/x86_64-linux-gnu/libcudnn_cnn_train.so.8.6.0
/usr/lib/x86_64-linux-gnu/libcudnn_ops_infer.so.8.6.0
/usr/lib/x86_64-linux-gnu/libcudnn_ops_train.so.8.6.0
HIP runtime version: N/A
MIOpen runtime version: N/A
Is XNNPACK available: True

CPU:
Architecture:                            x86_64
CPU op-mode(s):                          32-bit, 64-bit
Address sizes:                           46 bits physical, 57 bits virtual
Byte Order:                              Little Endian
CPU(s):                                  128
On-line CPU(s) list:                     0-127
Vendor ID:                               GenuineIntel
Model name:                              Intel(R) Xeon(R) Platinum 8352V CPU @ 2.10GHz
CPU family:                              6
Model:                                   106
Thread(s) per core:                      2
Core(s) per socket:                      32
Socket(s):                               2
Stepping:                                6
CPU max MHz:                             3500.0000
CPU min MHz:                             800.0000
BogoMIPS:                                4000.00
Flags:                                   fpu vme de pse tsc msr pae mce cx8 apic sep mtrr pge mca cmov pat pse36 clflush dts acpi mmx fxsr sse sse2 ss ht tm pbe syscall nx pdpe1gb rdtscp lm constant_tsc art arch_perfmon pebs bts rep_good nopl xtopology nonstop_tsc cpuid aperfmperf pni pclmulqdq dtes64 monitor ds_cpl vmx smx est tm2 ssse3 sdbg fma cx16 xtpr pdcm pcid dca sse4_1 sse4_2 x2apic movbe popcnt tsc_deadline_timer aes xsave avx f16c rdrand lahf_lm abm 3dnowprefetch cpuid_fault epb cat_l3 invpcid_single intel_ppin ssbd mba ibrs ibpb stibp ibrs_enhanced tpr_shadow vnmi flexpriority ept vpid ept_ad fsgsbase tsc_adjust bmi1 avx2 smep bmi2 erms invpcid cqm rdt_a avx512f avx512dq rdseed adx smap avx512ifma clflushopt clwb intel_pt avx512cd sha_ni avx512bw avx512vl xsaveopt xsavec xgetbv1 xsaves cqm_llc cqm_occup_llc cqm_mbm_total cqm_mbm_local split_lock_detect wbnoinvd dtherm ida arat pln pts hwp hwp_act_window hwp_epp hwp_pkg_req avx512vbmi umip pku ospke avx512_vbmi2 gfni vaes vpclmulqdq avx512_vnni avx512_bitalg tme avx512_vpopcntdq la57 rdpid fsrm md_clear pconfig flush_l1d arch_capabilities
Virtualization:                          VT-x
L1d cache:                               3 MiB (64 instances)
L1i cache:                               2 MiB (64 instances)
L2 cache:                                80 MiB (64 instances)
L3 cache:                                108 MiB (2 instances)
NUMA node(s):                            2
NUMA node0 CPU(s):                       0-31,64-95
NUMA node1 CPU(s):                       32-63,96-127
Vulnerability Gather data sampling:      Mitigation; Microcode
Vulnerability Indirect target selection: Mitigation; Aligned branch/return thunks
Vulnerability Itlb multihit:             Not affected
Vulnerability L1tf:                      Not affected
Vulnerability Mds:                       Not affected
Vulnerability Meltdown:                  Not affected
Vulnerability Mmio stale data:           Mitigation; Clear CPU buffers; SMT vulnerable
Vulnerability Reg file data sampling:    Not affected
Vulnerability Retbleed:                  Not affected
Vulnerability Spec rstack overflow:      Not affected
Vulnerability Spec store bypass:         Mitigation; Speculative Store Bypass disabled via prctl and seccomp
Vulnerability Spectre v1:                Mitigation; usercopy/swapgs barriers and __user pointer sanitization
Vulnerability Spectre v2:                Mitigation; Enhanced / Automatic IBRS; IBPB conditional; PBRSB-eIBRS SW sequence; BHI SW loop, KVM SW loop
Vulnerability Srbds:                     Not affected
Vulnerability Tsa:                       Not affected
Vulnerability Tsx async abort:           Not affected
Vulnerability Vmscape:                   Not affected

Versions of relevant libraries:
[pip3] flake8==3.7.9
[pip3] numpy==2.2.6
[pip3] torch==2.4.0
[pip3] torchaudio==2.4.0
[pip3] torchvision==0.19.0
[pip3] triton==3.0.0
[conda] numpy                     2.2.6                    pypi_0    pypi
[conda] torch                     2.4.0                    pypi_0    pypi
[conda] torchaudio                2.4.0                    pypi_0    pypi
[conda] torchvision               0.19.0                   pypi_0    pypi
[conda] triton                    3.0.0                    pypi_0    pypi
        Pillow (12.2.0)

Loading trainer: RefactorRunner
Loading dataset: Caltech101
Reading split from /root/autodl-tmp/MMRL/DATASETS/caltech-101/split_zhou_Caltech101.json
Loading preprocessed few-shot data from /root/autodl-tmp/MMRL/DATASETS/caltech-101/split_fewshot/shot_16-seed_1.pkl
Building transform_train
+ random resized crop (size=(224, 224), scale=(0.5, 1))
+ random flip
+ to torch tensor of range [0, 1]
+ normalization (mean=[0.48145466, 0.4578275, 0.40821073], std=[0.26862954, 0.26130258, 0.27577711])
Building transform_test
+ resize the smaller edge to 224
+ 224x224 center crop
+ to torch tensor of range [0, 1]
+ normalization (mean=[0.48145466, 0.4578275, 0.40821073], std=[0.26862954, 0.26130258, 0.27577711])
---------  ----------
Dataset    Caltech101
# classes  100
# train_x  1,600
# val      400
# test     2,465
---------  ----------
Building transform_test
+ resize the smaller edge to 224
+ 224x224 center crop
+ to torch tensor of range [0, 1]
+ normalization (mean=[0.48145466, 0.4578275, 0.40821073], std=[0.26862954, 0.26130258, 0.27577711])
/root/miniconda3/envs/mmrl/lib/python3.10/site-packages/torch/optim/lr_scheduler.py:60: UserWarning: The verbose parameter is deprecated. Please use get_last_lr() to access the learning rate.
  warnings.warn(
/root/autodl-tmp/MMRL/trainers/refactor_runner.py:52: FutureWarning: `torch.cuda.amp.GradScaler(args...)` is deprecated. Please use `torch.amp.GradScaler('cuda', args...)` instead.
  self.scaler = GradScaler() if prec == "amp" else None
[BayesMMRLMethod] trainable params: {'representation_learner.compound_rep_tokens_r2vproj.0.bias', 'representation_learner.compound_rep_tokens_r2vproj.6.bias', 'representation_learner.compound_rep_tokens_r2tproj.1.bias', 'representation_learner.compound_rep_tokens_r2vproj.6.weight', 'representation_learner.compound_rep_tokens_r2vproj.4.weight', 'representation_learner.compound_rep_tokens_r2vproj.2.bias', 'representation_learner.compound_rep_tokens_r2tproj.5.weight', 'representation_learner.compound_rep_tokens_r2tproj.4.weight', 'representation_learner.compound_rep_tokens_r2tproj.3.bias', 'representation_learner.compound_rep_tokens_r2tproj.0.weight', 'representation_learner.compound_rep_tokens_r2vproj.3.weight', 'representation_learner.rep_posterior.posterior_mean', 'representation_learner.compound_rep_tokens_r2vproj.1.bias', 'representation_learner.compound_rep_tokens_r2tproj.6.weight', 'representation_learner.compound_rep_tokens_r2vproj.4.bias', 'representation_learner.compound_rep_tokens_r2vproj.1.weight', 'representation_learner.compound_rep_tokens_r2vproj.5.weight', 'image_encoder.proj_rep', 'representation_learner.compound_rep_tokens_r2vproj.5.bias', 'representation_learner.compound_rep_tokens_r2tproj.0.bias', 'representation_learner.compound_rep_tokens_r2tproj.3.weight', 'representation_learner.compound_rep_tokens_r2vproj.0.weight', 'representation_learner.rep_posterior.posterior_rho', 'representation_learner.compound_rep_tokens_r2vproj.3.bias', 'representation_learner.compound_rep_tokens_r2tproj.4.bias', 'representation_learner.compound_rep_tokens_r2tproj.2.weight', 'representation_learner.compound_rep_tokens_r2tproj.1.weight', 'representation_learner.compound_rep_tokens_r2tproj.5.bias', 'representation_learner.compound_rep_tokens_r2tproj.2.bias', 'representation_learner.compound_rep_tokens_r2vproj.2.weight', 'representation_learner.compound_rep_tokens_r2tproj.6.bias'}
Loading evaluator: Classification
No checkpoint found, train from scratch
Initialize tensorboard (log_dir=output_sweeps/bayes_mmrl_search_current/coarse3/search_stage/BayesMMRL/FS/fewshot_train/caltech101/shots_16/ViT-B-16/B_sig-per_token_pstd-0.05_kl-2e-4_blend-0.2_scale-0.05/seed1/tensorboard)
/root/autodl-tmp/MMRL/executors/online_executor.py:47: FutureWarning: `torch.cuda.amp.autocast(args...)` is deprecated. Please use `torch.amp.autocast('cuda', args...)` instead.
  with autocast():
epoch [1/50] batch [20/50] time 0.423 (0.574) data 0.000 (0.080) loss 2.1014 (2.2261) acc 87.5000 (88.7500) data_term 2.1014 (2.2261) raw_kl_rep 0.0060 (0.0023) raw_kl_proj_rep 0.0000 (0.0000) kl_rep_term 0.0000 (0.0000) kl_proj_rep_term 0.0000 (0.0000) kl_term 0.0000 (0.0000) kl_normalizer 50.0000 (50.0000) kl_beta 0.0000 (0.0000) lr 1.0000e-05 eta 0:23:42
epoch [1/50] batch [40/50] time 0.354 (0.444) data 0.000 (0.040) loss 2.1096 (2.1868) acc 87.5000 (87.7344) data_term 2.1096 (2.1868) raw_kl_rep 0.0209 (0.0078) raw_kl_proj_rep 0.0000 (0.0000) kl_rep_term 0.0000 (0.0000) kl_proj_rep_term 0.0000 (0.0000) kl_term 0.0000 (0.0000) kl_normalizer 50.0000 (50.0000) kl_beta 0.0000 (0.0000) lr 1.0000e-05 eta 0:18:12
epoch [2/50] batch [20/50] time 0.207 (0.282) data 0.001 (0.031) loss 0.4655 (1.2358) acc 90.6250 (90.0000) data_term 0.4655 (1.2358) raw_kl_rep 24.5687 (8.9577) raw_kl_proj_rep 0.0000 (0.0000) kl_rep_term 0.0000 (0.0000) kl_proj_rep_term 0.0000 (0.0000) kl_term 0.0000 (0.0000) kl_normalizer 50.0000 (50.0000) kl_beta 0.0000 (0.0000) lr 1.0000e-03 eta 0:11:24
epoch [2/50] batch [40/50] time 0.196 (0.242) data 0.000 (0.016) loss 0.2400 (0.8044) acc 93.7500 (90.9375) data_term 0.2400 (0.8044) raw_kl_rep 56.0889 (26.1630) raw_kl_proj_rep 0.0000 (0.0000) kl_rep_term 0.0000 (0.0000) kl_proj_rep_term 0.0000 (0.0000) kl_term 0.0000 (0.0000) kl_normalizer 50.0000 (50.0000) kl_beta 0.0000 (0.0000) lr 1.0000e-03 eta 0:09:43
epoch [3/50] batch [20/50] time 0.204 (0.283) data 0.001 (0.032) loss 0.2092 (0.2546) acc 93.7500 (93.9062) data_term 0.2092 (0.2546) raw_kl_rep 70.3758 (68.0851) raw_kl_proj_rep 0.0000 (0.0000) kl_rep_term 0.0000 (0.0000) kl_proj_rep_term 0.0000 (0.0000) kl_term 0.0000 (0.0000) kl_normalizer 50.0000 (50.0000) kl_beta 0.0000 (0.0000) lr 9.9901e-04 eta 0:11:12
epoch [3/50] batch [40/50] time 0.188 (0.241) data 0.000 (0.016) loss 0.1410 (0.2258) acc 100.0000 (94.2969) data_term 0.1410 (0.2258) raw_kl_rep 71.7282 (69.7887) raw_kl_proj_rep 0.0000 (0.0000) kl_rep_term 0.0000 (0.0000) kl_proj_rep_term 0.0000 (0.0000) kl_term 0.0000 (0.0000) kl_normalizer 50.0000 (50.0000) kl_beta 0.0000 (0.0000) lr 9.9901e-04 eta 0:09:28
epoch [4/50] batch [20/50] time 0.206 (0.255) data 0.001 (0.031) loss 0.0583 (0.1672) acc 100.0000 (96.0938) data_term 0.0583 (0.1672) raw_kl_rep 77.4835 (74.4684) raw_kl_proj_rep 0.0000 (0.0000) kl_rep_term 0.0000 (0.0000) kl_proj_rep_term 0.0000 (0.0000) kl_term 0.0000 (0.0000) kl_normalizer 50.0000 (50.0000) kl_beta 0.0000 (0.0000) lr 9.9606e-04 eta 0:09:55
epoch [4/50] batch [40/50] time 0.346 (0.231) data 0.000 (0.016) loss 0.0770 (0.1807) acc 100.0000 (95.7812) data_term 0.0770 (0.1807) raw_kl_rep 84.8826 (78.0251) raw_kl_proj_rep 0.0000 (0.0000) kl_rep_term 0.0000 (0.0000) kl_proj_rep_term 0.0000 (0.0000) kl_term 0.0000 (0.0000) kl_normalizer 50.0000 (50.0000) kl_beta 0.0000 (0.0000) lr 9.9606e-04 eta 0:08:52
epoch [5/50] batch [20/50] time 0.280 (0.279) data 0.000 (0.030) loss 0.3462 (0.1783) acc 84.3750 (95.1562) data_term 0.3462 (0.1783) raw_kl_rep 89.0410 (87.4949) raw_kl_proj_rep 0.0000 (0.0000) kl_rep_term 0.0000 (0.0000) kl_proj_rep_term 0.0000 (0.0000) kl_term 0.0000 (0.0000) kl_normalizer 50.0000 (50.0000) kl_beta 0.0000 (0.0000) lr 9.9114e-04 eta 0:10:35
epoch [5/50] batch [40/50] time 0.194 (0.240) data 0.001 (0.015) loss 0.1606 (0.1729) acc 96.8750 (95.7812) data_term 0.1606 (0.1729) raw_kl_rep 98.7772 (90.6078) raw_kl_proj_rep 0.0000 (0.0000) kl_rep_term 0.0000 (0.0000) kl_proj_rep_term 0.0000 (0.0000) kl_term 0.0000 (0.0000) kl_normalizer 50.0000 (50.0000) kl_beta 0.0000 (0.0000) lr 9.9114e-04 eta 0:09:01
epoch [6/50] batch [20/50] time 0.217 (0.255) data 0.000 (0.025) loss 0.1714 (0.1629) acc 100.0000 (96.0938) data_term 0.1714 (0.1629) raw_kl_rep 106.7599 (102.7517) raw_kl_proj_rep 0.0000 (0.0000) kl_rep_term 0.0000 (0.0000) kl_proj_rep_term 0.0000 (0.0000) kl_term 0.0000 (0.0000) kl_normalizer 50.0000 (50.0000) kl_beta 0.0000 (0.0000) lr 9.8429e-04 eta 0:09:29
epoch [6/50] batch [40/50] time 0.182 (0.226) data 0.000 (0.013) loss 0.1504 (0.1428) acc 96.8750 (97.0312) data_term 0.1504 (0.1428) raw_kl_rep 112.6793 (106.6076) raw_kl_proj_rep 0.0000 (0.0000) kl_rep_term 0.0000 (0.0000) kl_proj_rep_term 0.0000 (0.0000) kl_term 0.0000 (0.0000) kl_normalizer 50.0000 (50.0000) kl_beta 0.0000 (0.0000) lr 9.8429e-04 eta 0:08:18
epoch [7/50] batch [20/50] time 0.202 (0.230) data 0.001 (0.025) loss 0.1535 (0.1326) acc 96.8750 (97.9688) data_term 0.1535 (0.1326) raw_kl_rep 122.1028 (118.2126) raw_kl_proj_rep 0.0000 (0.0000) kl_rep_term 0.0000 (0.0000) kl_proj_rep_term 0.0000 (0.0000) kl_term 0.0000 (0.0000) kl_normalizer 50.0000 (50.0000) kl_beta 0.0227 (0.0227) lr 9.7553e-04 eta 0:08:21
epoch [7/50] batch [40/50] time 0.198 (0.214) data 0.000 (0.013) loss 0.1248 (0.1407) acc 96.8750 (97.3438) data_term 0.1248 (0.1407) raw_kl_rep 133.9665 (123.2134) raw_kl_proj_rep 0.0000 (0.0000) kl_rep_term 0.0000 (0.0000) kl_proj_rep_term 0.0000 (0.0000) kl_term 0.0000 (0.0000) kl_normalizer 50.0000 (50.0000) kl_beta 0.0227 (0.0227) lr 9.7553e-04 eta 0:07:41
epoch [8/50] batch [20/50] time 0.208 (0.226) data 0.001 (0.027) loss 0.0529 (0.1180) acc 100.0000 (98.2812) data_term 0.0529 (0.1179) raw_kl_rep 144.5262 (141.3678) raw_kl_proj_rep 0.0000 (0.0000) kl_rep_term 0.0000 (0.0000) kl_proj_rep_term 0.0000 (0.0000) kl_term 0.0000 (0.0000) kl_normalizer 50.0000 (50.0000) kl_beta 0.0455 (0.0455) lr 9.6489e-04 eta 0:08:02
epoch [8/50] batch [40/50] time 0.182 (0.212) data 0.000 (0.014) loss 0.0959 (0.1416) acc 100.0000 (97.4219) data_term 0.0958 (0.1415) raw_kl_rep 150.0047 (144.5204) raw_kl_proj_rep 0.0000 (0.0000) kl_rep_term 0.0000 (0.0000) kl_proj_rep_term 0.0000 (0.0000) kl_term 0.0000 (0.0000) kl_normalizer 50.0000 (50.0000) kl_beta 0.0455 (0.0455) lr 9.6489e-04 eta 0:07:28
epoch [9/50] batch [20/50] time 0.197 (0.225) data 0.001 (0.026) loss 0.2285 (0.1242) acc 96.8750 (98.2812) data_term 0.2284 (0.1241) raw_kl_rep 156.7598 (154.6767) raw_kl_proj_rep 0.0000 (0.0000) kl_rep_term 0.0000 (0.0000) kl_proj_rep_term 0.0000 (0.0000) kl_term 0.0000 (0.0000) kl_normalizer 50.0000 (50.0000) kl_beta 0.0682 (0.0682) lr 9.5241e-04 eta 0:07:48
epoch [9/50] batch [40/50] time 0.189 (0.212) data 0.000 (0.013) loss 0.0525 (0.1157) acc 100.0000 (98.4375) data_term 0.0525 (0.1157) raw_kl_rep 161.5922 (156.8150) raw_kl_proj_rep 0.0000 (0.0000) kl_rep_term 0.0000 (0.0000) kl_proj_rep_term 0.0000 (0.0000) kl_term 0.0000 (0.0000) kl_normalizer 50.0000 (50.0000) kl_beta 0.0682 (0.0682) lr 9.5241e-04 eta 0:07:17
epoch [10/50] batch [20/50] time 0.232 (0.233) data 0.000 (0.029) loss 0.0686 (0.1282) acc 100.0000 (97.8125) data_term 0.0685 (0.1281) raw_kl_rep 174.2217 (171.6395) raw_kl_proj_rep 0.0000 (0.0000) kl_rep_term 0.0001 (0.0001) kl_proj_rep_term 0.0000 (0.0000) kl_term 0.0001 (0.0001) kl_normalizer 50.0000 (50.0000) kl_beta 0.0909 (0.0909) lr 9.3815e-04 eta 0:07:52
epoch [10/50] batch [40/50] time 0.179 (0.243) data 0.000 (0.015) loss 0.0795 (0.1213) acc 100.0000 (97.9688) data_term 0.0795 (0.1213) raw_kl_rep 180.5806 (174.6339) raw_kl_proj_rep 0.0000 (0.0000) kl_rep_term 0.0001 (0.0001) kl_proj_rep_term 0.0000 (0.0000) kl_term 0.0001 (0.0001) kl_normalizer 50.0000 (50.0000) kl_beta 0.0909 (0.0909) lr 9.3815e-04 eta 0:08:07
epoch [11/50] batch [20/50] time 0.277 (0.231) data 0.001 (0.026) loss 0.1582 (0.1170) acc 96.8750 (98.5938) data_term 0.1581 (0.1169) raw_kl_rep 187.7479 (183.9480) raw_kl_proj_rep 0.0000 (0.0000) kl_rep_term 0.0001 (0.0001) kl_proj_rep_term 0.0000 (0.0000) kl_term 0.0001 (0.0001) kl_normalizer 50.0000 (50.0000) kl_beta 0.1136 (0.1136) lr 9.2216e-04 eta 0:07:37
epoch [11/50] batch [40/50] time 0.184 (0.217) data 0.000 (0.013) loss 0.0944 (0.1094) acc 100.0000 (98.2812) data_term 0.0943 (0.1093) raw_kl_rep 195.8073 (188.1701) raw_kl_proj_rep 0.0000 (0.0000) kl_rep_term 0.0001 (0.0001) kl_proj_rep_term 0.0000 (0.0000) kl_term 0.0001 (0.0001) kl_normalizer 50.0000 (50.0000) kl_beta 0.1136 (0.1136) lr 9.2216e-04 eta 0:07:05
epoch [12/50] batch [20/50] time 0.196 (0.246) data 0.000 (0.027) loss 0.2298 (0.1195) acc 96.8750 (97.9688) data_term 0.2296 (0.1193) raw_kl_rep 204.3653 (202.1053) raw_kl_proj_rep 0.0000 (0.0000) kl_rep_term 0.0001 (0.0001) kl_proj_rep_term 0.0000 (0.0000) kl_term 0.0001 (0.0001) kl_normalizer 50.0000 (50.0000) kl_beta 0.1364 (0.1364) lr 9.0451e-04 eta 0:07:54
epoch [12/50] batch [40/50] time 0.205 (0.222) data 0.000 (0.014) loss 0.0538 (0.1055) acc 100.0000 (98.8281) data_term 0.0537 (0.1054) raw_kl_rep 209.2442 (204.1934) raw_kl_proj_rep 0.0000 (0.0000) kl_rep_term 0.0001 (0.0001) kl_proj_rep_term 0.0000 (0.0000) kl_term 0.0001 (0.0001) kl_normalizer 50.0000 (50.0000) kl_beta 0.1364 (0.1364) lr 9.0451e-04 eta 0:07:04
epoch [13/50] batch [20/50] time 0.185 (0.245) data 0.000 (0.023) loss 0.0477 (0.0970) acc 100.0000 (98.7500) data_term 0.0476 (0.0968) raw_kl_rep 217.7381 (216.4622) raw_kl_proj_rep 0.0000 (0.0000) kl_rep_term 0.0001 (0.0001) kl_proj_rep_term 0.0000 (0.0000) kl_term 0.0001 (0.0001) kl_normalizer 50.0000 (50.0000) kl_beta 0.1591 (0.1591) lr 8.8526e-04 eta 0:07:39
epoch [13/50] batch [40/50] time 0.205 (0.248) data 0.000 (0.012) loss 0.0449 (0.0994) acc 100.0000 (98.7500) data_term 0.0448 (0.0993) raw_kl_rep 220.3923 (217.7011) raw_kl_proj_rep 0.0000 (0.0000) kl_rep_term 0.0001 (0.0001) kl_proj_rep_term 0.0000 (0.0000) kl_term 0.0001 (0.0001) kl_normalizer 50.0000 (50.0000) kl_beta 0.1591 (0.1591) lr 8.8526e-04 eta 0:07:41
epoch [14/50] batch [20/50] time 0.186 (0.261) data 0.001 (0.027) loss 0.0780 (0.1027) acc 100.0000 (98.4375) data_term 0.0778 (0.1025) raw_kl_rep 229.9474 (226.9870) raw_kl_proj_rep 0.0000 (0.0000) kl_rep_term 0.0002 (0.0002) kl_proj_rep_term 0.0000 (0.0000) kl_term 0.0002 (0.0002) kl_normalizer 50.0000 (50.0000) kl_beta 0.1818 (0.1818) lr 8.6448e-04 eta 0:07:58
epoch [14/50] batch [40/50] time 0.216 (0.237) data 0.000 (0.014) loss 0.0855 (0.0972) acc 100.0000 (98.8281) data_term 0.0853 (0.0970) raw_kl_rep 238.8925 (230.8363) raw_kl_proj_rep 0.0000 (0.0000) kl_rep_term 0.0002 (0.0002) kl_proj_rep_term 0.0000 (0.0000) kl_term 0.0002 (0.0002) kl_normalizer 50.0000 (50.0000) kl_beta 0.1818 (0.1818) lr 8.6448e-04 eta 0:07:09
epoch [15/50] batch [20/50] time 0.183 (0.235) data 0.001 (0.028) loss 0.1412 (0.1195) acc 96.8750 (97.6562) data_term 0.1410 (0.1193) raw_kl_rep 244.6618 (243.2071) raw_kl_proj_rep 0.0000 (0.0000) kl_rep_term 0.0002 (0.0002) kl_proj_rep_term 0.0000 (0.0000) kl_term 0.0002 (0.0002) kl_normalizer 50.0000 (50.0000) kl_beta 0.2045 (0.2045) lr 8.4227e-04 eta 0:06:58
epoch [15/50] batch [40/50] time 0.189 (0.232) data 0.000 (0.015) loss 0.0358 (0.1051) acc 100.0000 (98.1250) data_term 0.0356 (0.1049) raw_kl_rep 246.5045 (244.5242) raw_kl_proj_rep 0.0000 (0.0000) kl_rep_term 0.0002 (0.0002) kl_proj_rep_term 0.0000 (0.0000) kl_term 0.0002 (0.0002) kl_normalizer 50.0000 (50.0000) kl_beta 0.2045 (0.2045) lr 8.4227e-04 eta 0:06:48
epoch [16/50] batch [20/50] time 0.193 (0.248) data 0.001 (0.028) loss 0.0385 (0.0812) acc 100.0000 (99.0625) data_term 0.0383 (0.0810) raw_kl_rep 247.7931 (247.9709) raw_kl_proj_rep 0.0000 (0.0000) kl_rep_term 0.0002 (0.0002) kl_proj_rep_term 0.0000 (0.0000) kl_term 0.0002 (0.0002) kl_normalizer 50.0000 (50.0000) kl_beta 0.2273 (0.2273) lr 8.1871e-04 eta 0:07:08
epoch [16/50] batch [40/50] time 0.201 (0.224) data 0.000 (0.014) loss 0.0763 (0.0847) acc 100.0000 (98.9062) data_term 0.0761 (0.0845) raw_kl_rep 251.6207 (248.3874) raw_kl_proj_rep 0.0000 (0.0000) kl_rep_term 0.0002 (0.0002) kl_proj_rep_term 0.0000 (0.0000) kl_term 0.0002 (0.0002) kl_normalizer 50.0000 (50.0000) kl_beta 0.2273 (0.2273) lr 8.1871e-04 eta 0:06:22
epoch [17/50] batch [20/50] time 0.207 (0.257) data 0.001 (0.026) loss 0.0969 (0.0741) acc 100.0000 (99.5312) data_term 0.0966 (0.0738) raw_kl_rep 259.1761 (257.0349) raw_kl_proj_rep 0.0000 (0.0000) kl_rep_term 0.0003 (0.0003) kl_proj_rep_term 0.0000 (0.0000) kl_term 0.0003 (0.0003) kl_normalizer 50.0000 (50.0000) kl_beta 0.2500 (0.2500) lr 7.9389e-04 eta 0:07:11
epoch [17/50] batch [40/50] time 0.290 (0.241) data 0.000 (0.013) loss 0.1743 (0.0897) acc 93.7500 (98.7500) data_term 0.1740 (0.0894) raw_kl_rep 268.5125 (260.6208) raw_kl_proj_rep 0.0000 (0.0000) kl_rep_term 0.0003 (0.0003) kl_proj_rep_term 0.0000 (0.0000) kl_term 0.0003 (0.0003) kl_normalizer 50.0000 (50.0000) kl_beta 0.2500 (0.2500) lr 7.9389e-04 eta 0:06:39
epoch [18/50] batch [20/50] time 0.199 (0.234) data 0.000 (0.032) loss 0.0964 (0.0825) acc 100.0000 (98.7500) data_term 0.0961 (0.0822) raw_kl_rep 271.4313 (270.5575) raw_kl_proj_rep 0.0000 (0.0000) kl_rep_term 0.0003 (0.0003) kl_proj_rep_term 0.0000 (0.0000) kl_term 0.0003 (0.0003) kl_normalizer 50.0000 (50.0000) kl_beta 0.2727 (0.2727) lr 7.6791e-04 eta 0:06:21
epoch [18/50] batch [40/50] time 0.185 (0.216) data 0.000 (0.016) loss 0.0496 (0.0900) acc 100.0000 (98.6719) data_term 0.0493 (0.0897) raw_kl_rep 272.6939 (270.9691) raw_kl_proj_rep 0.0000 (0.0000) kl_rep_term 0.0003 (0.0003) kl_proj_rep_term 0.0000 (0.0000) kl_term 0.0003 (0.0003) kl_normalizer 50.0000 (50.0000) kl_beta 0.2727 (0.2727) lr 7.6791e-04 eta 0:05:47
epoch [19/50] batch [20/50] time 0.220 (0.264) data 0.001 (0.027) loss 0.0679 (0.0868) acc 100.0000 (99.2188) data_term 0.0676 (0.0865) raw_kl_rep 275.6843 (275.9036) raw_kl_proj_rep 0.0000 (0.0000) kl_rep_term 0.0003 (0.0003) kl_proj_rep_term 0.0000 (0.0000) kl_term 0.0003 (0.0003) kl_normalizer 50.0000 (50.0000) kl_beta 0.2955 (0.2955) lr 7.4088e-04 eta 0:06:57
epoch [19/50] batch [40/50] time 0.187 (0.237) data 0.000 (0.014) loss 0.0608 (0.0872) acc 100.0000 (99.1406) data_term 0.0605 (0.0869) raw_kl_rep 273.9436 (275.2226) raw_kl_proj_rep 0.0000 (0.0000) kl_rep_term 0.0003 (0.0003) kl_proj_rep_term 0.0000 (0.0000) kl_term 0.0003 (0.0003) kl_normalizer 50.0000 (50.0000) kl_beta 0.2955 (0.2955) lr 7.4088e-04 eta 0:06:10
epoch [20/50] batch [20/50] time 0.199 (0.237) data 0.001 (0.030) loss 0.0481 (0.0659) acc 100.0000 (99.5312) data_term 0.0478 (0.0655) raw_kl_rep 279.1940 (277.1108) raw_kl_proj_rep 0.0000 (0.0000) kl_rep_term 0.0004 (0.0004) kl_proj_rep_term 0.0000 (0.0000) kl_term 0.0004 (0.0004) kl_normalizer 50.0000 (50.0000) kl_beta 0.3182 (0.3182) lr 7.1289e-04 eta 0:06:02
epoch [20/50] batch [40/50] time 0.187 (0.216) data 0.000 (0.015) loss 0.1300 (0.0747) acc 100.0000 (99.2188) data_term 0.1296 (0.0744) raw_kl_rep 282.5206 (278.9688) raw_kl_proj_rep 0.0000 (0.0000) kl_rep_term 0.0004 (0.0004) kl_proj_rep_term 0.0000 (0.0000) kl_term 0.0004 (0.0004) kl_normalizer 50.0000 (50.0000) kl_beta 0.3182 (0.3182) lr 7.1289e-04 eta 0:05:26
epoch [21/50] batch [20/50] time 0.253 (0.240) data 0.001 (0.029) loss 0.0849 (0.0793) acc 96.8750 (98.7500) data_term 0.0845 (0.0789) raw_kl_rep 286.8463 (285.4536) raw_kl_proj_rep 0.0000 (0.0000) kl_rep_term 0.0004 (0.0004) kl_proj_rep_term 0.0000 (0.0000) kl_term 0.0004 (0.0004) kl_normalizer 50.0000 (50.0000) kl_beta 0.3409 (0.3409) lr 6.8406e-04 eta 0:05:55
epoch [21/50] batch [40/50] time 0.196 (0.221) data 0.000 (0.015) loss 0.0963 (0.0829) acc 96.8750 (98.9062) data_term 0.0959 (0.0825) raw_kl_rep 293.9425 (287.7894) raw_kl_proj_rep 0.0000 (0.0000) kl_rep_term 0.0004 (0.0004) kl_proj_rep_term 0.0000 (0.0000) kl_term 0.0004 (0.0004) kl_normalizer 50.0000 (50.0000) kl_beta 0.3409 (0.3409) lr 6.8406e-04 eta 0:05:22
epoch [22/50] batch [20/50] time 0.199 (0.253) data 0.000 (0.028) loss 0.1004 (0.0693) acc 100.0000 (99.8438) data_term 0.1000 (0.0689) raw_kl_rep 296.9605 (295.4814) raw_kl_proj_rep 0.0000 (0.0000) kl_rep_term 0.0004 (0.0004) kl_proj_rep_term 0.0000 (0.0000) kl_term 0.0004 (0.0004) kl_normalizer 50.0000 (50.0000) kl_beta 0.3636 (0.3636) lr 6.5451e-04 eta 0:06:02
epoch [22/50] batch [40/50] time 0.306 (0.236) data 0.000 (0.014) loss 0.1072 (0.0742) acc 96.8750 (99.5312) data_term 0.1067 (0.0738) raw_kl_rep 298.0549 (296.5403) raw_kl_proj_rep 0.0000 (0.0000) kl_rep_term 0.0004 (0.0004) kl_proj_rep_term 0.0000 (0.0000) kl_term 0.0004 (0.0004) kl_normalizer 50.0000 (50.0000) kl_beta 0.3636 (0.3636) lr 6.5451e-04 eta 0:05:32
epoch [23/50] batch [20/50] time 0.254 (0.239) data 0.000 (0.025) loss 0.0598 (0.0944) acc 100.0000 (99.0625) data_term 0.0594 (0.0939) raw_kl_rep 302.1838 (301.3365) raw_kl_proj_rep 0.0000 (0.0000) kl_rep_term 0.0005 (0.0005) kl_proj_rep_term 0.0000 (0.0000) kl_term 0.0005 (0.0005) kl_normalizer 50.0000 (50.0000) kl_beta 0.3864 (0.3864) lr 6.2434e-04 eta 0:05:29
epoch [23/50] batch [40/50] time 0.199 (0.222) data 0.000 (0.013) loss 0.0822 (0.0909) acc 100.0000 (99.1406) data_term 0.0817 (0.0904) raw_kl_rep 305.1935 (302.5858) raw_kl_proj_rep 0.0000 (0.0000) kl_rep_term 0.0005 (0.0005) kl_proj_rep_term 0.0000 (0.0000) kl_term 0.0005 (0.0005) kl_normalizer 50.0000 (50.0000) kl_beta 0.3864 (0.3864) lr 6.2434e-04 eta 0:05:02
epoch [24/50] batch [20/50] time 0.183 (0.247) data 0.000 (0.028) loss 0.0293 (0.0675) acc 100.0000 (99.6875) data_term 0.0288 (0.0670) raw_kl_rep 307.5078 (307.0353) raw_kl_proj_rep 0.0000 (0.0000) kl_rep_term 0.0005 (0.0005) kl_proj_rep_term 0.0000 (0.0000) kl_term 0.0005 (0.0005) kl_normalizer 50.0000 (50.0000) kl_beta 0.4091 (0.4091) lr 5.9369e-04 eta 0:05:28
epoch [24/50] batch [40/50] time 0.197 (0.254) data 0.000 (0.014) loss 0.0448 (0.0708) acc 100.0000 (99.6875) data_term 0.0443 (0.0703) raw_kl_rep 310.3729 (307.8708) raw_kl_proj_rep 0.0000 (0.0000) kl_rep_term 0.0005 (0.0005) kl_proj_rep_term 0.0000 (0.0000) kl_term 0.0005 (0.0005) kl_normalizer 50.0000 (50.0000) kl_beta 0.4091 (0.4091) lr 5.9369e-04 eta 0:05:32
epoch [25/50] batch [20/50] time 0.208 (0.241) data 0.001 (0.029) loss 0.0639 (0.0786) acc 100.0000 (98.9062) data_term 0.0633 (0.0781) raw_kl_rep 314.8506 (313.4770) raw_kl_proj_rep 0.0000 (0.0000) kl_rep_term 0.0005 (0.0005) kl_proj_rep_term 0.0000 (0.0000) kl_term 0.0005 (0.0005) kl_normalizer 50.0000 (50.0000) kl_beta 0.4318 (0.4318) lr 5.6267e-04 eta 0:05:08
epoch [25/50] batch [40/50] time 0.200 (0.224) data 0.000 (0.015) loss 0.0684 (0.0749) acc 100.0000 (99.1406) data_term 0.0678 (0.0744) raw_kl_rep 315.3966 (314.4968) raw_kl_proj_rep 0.0000 (0.0000) kl_rep_term 0.0005 (0.0005) kl_proj_rep_term 0.0000 (0.0000) kl_term 0.0005 (0.0005) kl_normalizer 50.0000 (50.0000) kl_beta 0.4318 (0.4318) lr 5.6267e-04 eta 0:04:42
epoch [26/50] batch [20/50] time 0.187 (0.231) data 0.000 (0.028) loss 0.0512 (0.0677) acc 100.0000 (99.5312) data_term 0.0506 (0.0671) raw_kl_rep 319.6645 (318.2687) raw_kl_proj_rep 0.0000 (0.0000) kl_rep_term 0.0006 (0.0006) kl_proj_rep_term 0.0000 (0.0000) kl_term 0.0006 (0.0006) kl_normalizer 50.0000 (50.0000) kl_beta 0.4545 (0.4545) lr 5.3140e-04 eta 0:04:44
epoch [26/50] batch [40/50] time 0.188 (0.217) data 0.000 (0.014) loss 0.0515 (0.0686) acc 100.0000 (99.4531) data_term 0.0510 (0.0680) raw_kl_rep 321.4174 (319.5400) raw_kl_proj_rep 0.0000 (0.0000) kl_rep_term 0.0006 (0.0006) kl_proj_rep_term 0.0000 (0.0000) kl_term 0.0006 (0.0006) kl_normalizer 50.0000 (50.0000) kl_beta 0.4545 (0.4545) lr 5.3140e-04 eta 0:04:22
epoch [27/50] batch [20/50] time 0.367 (0.242) data 0.000 (0.025) loss 0.0680 (0.0616) acc 100.0000 (99.5312) data_term 0.0674 (0.0610) raw_kl_rep 327.3189 (325.3489) raw_kl_proj_rep 0.0000 (0.0000) kl_rep_term 0.0006 (0.0006) kl_proj_rep_term 0.0000 (0.0000) kl_term 0.0006 (0.0006) kl_normalizer 50.0000 (50.0000) kl_beta 0.4773 (0.4773) lr 5.0000e-04 eta 0:04:45
epoch [27/50] batch [40/50] time 0.198 (0.238) data 0.000 (0.013) loss 0.0639 (0.0642) acc 100.0000 (99.5312) data_term 0.0633 (0.0636) raw_kl_rep 332.2139 (327.5214) raw_kl_proj_rep 0.0000 (0.0000) kl_rep_term 0.0006 (0.0006) kl_proj_rep_term 0.0000 (0.0000) kl_term 0.0006 (0.0006) kl_normalizer 50.0000 (50.0000) kl_beta 0.4773 (0.4773) lr 5.0000e-04 eta 0:04:36
epoch [28/50] batch [20/50] time 0.259 (0.236) data 0.001 (0.025) loss 0.0575 (0.0689) acc 100.0000 (99.5312) data_term 0.0568 (0.0682) raw_kl_rep 336.2098 (334.8550) raw_kl_proj_rep 0.0000 (0.0000) kl_rep_term 0.0007 (0.0007) kl_proj_rep_term 0.0000 (0.0000) kl_term 0.0007 (0.0007) kl_normalizer 50.0000 (50.0000) kl_beta 0.5000 (0.5000) lr 4.6860e-04 eta 0:04:26
epoch [28/50] batch [40/50] time 0.186 (0.226) data 0.000 (0.013) loss 0.0754 (0.0675) acc 100.0000 (99.6094) data_term 0.0747 (0.0668) raw_kl_rep 338.4979 (336.1747) raw_kl_proj_rep 0.0000 (0.0000) kl_rep_term 0.0007 (0.0007) kl_proj_rep_term 0.0000 (0.0000) kl_term 0.0007 (0.0007) kl_normalizer 50.0000 (50.0000) kl_beta 0.5000 (0.5000) lr 4.6860e-04 eta 0:04:11
epoch [29/50] batch [20/50] time 0.200 (0.259) data 0.000 (0.025) loss 0.0360 (0.0618) acc 100.0000 (99.8438) data_term 0.0353 (0.0611) raw_kl_rep 341.5801 (340.8195) raw_kl_proj_rep 0.0000 (0.0000) kl_rep_term 0.0007 (0.0007) kl_proj_rep_term 0.0000 (0.0000) kl_term 0.0007 (0.0007) kl_normalizer 50.0000 (50.0000) kl_beta 0.5227 (0.5227) lr 4.3733e-04 eta 0:04:40
epoch [29/50] batch [40/50] time 0.197 (0.229) data 0.000 (0.013) loss 0.0296 (0.0580) acc 100.0000 (99.9219) data_term 0.0288 (0.0572) raw_kl_rep 343.6881 (341.8337) raw_kl_proj_rep 0.0000 (0.0000) kl_rep_term 0.0007 (0.0007) kl_proj_rep_term 0.0000 (0.0000) kl_term 0.0007 (0.0007) kl_normalizer 50.0000 (50.0000) kl_beta 0.5227 (0.5227) lr 4.3733e-04 eta 0:04:02
epoch [30/50] batch [20/50] time 0.205 (0.255) data 0.000 (0.027) loss 0.0578 (0.0580) acc 100.0000 (100.0000) data_term 0.0571 (0.0573) raw_kl_rep 345.0941 (344.4312) raw_kl_proj_rep 0.0000 (0.0000) kl_rep_term 0.0008 (0.0008) kl_proj_rep_term 0.0000 (0.0000) kl_term 0.0008 (0.0008) kl_normalizer 50.0000 (50.0000) kl_beta 0.5455 (0.5455) lr 4.0631e-04 eta 0:04:22
epoch [30/50] batch [40/50] time 0.219 (0.239) data 0.000 (0.014) loss 0.0365 (0.0619) acc 100.0000 (99.9219) data_term 0.0358 (0.0611) raw_kl_rep 346.4516 (344.9441) raw_kl_proj_rep 0.0000 (0.0000) kl_rep_term 0.0008 (0.0008) kl_proj_rep_term 0.0000 (0.0000) kl_term 0.0008 (0.0008) kl_normalizer 50.0000 (50.0000) kl_beta 0.5455 (0.5455) lr 4.0631e-04 eta 0:04:01
epoch [31/50] batch [20/50] time 0.200 (0.275) data 0.001 (0.026) loss 0.1224 (0.0584) acc 96.8750 (99.6875) data_term 0.1216 (0.0576) raw_kl_rep 350.3725 (349.2625) raw_kl_proj_rep 0.0000 (0.0000) kl_rep_term 0.0008 (0.0008) kl_proj_rep_term 0.0000 (0.0000) kl_term 0.0008 (0.0008) kl_normalizer 50.0000 (50.0000) kl_beta 0.5682 (0.5682) lr 3.7566e-04 eta 0:04:29
epoch [31/50] batch [40/50] time 0.232 (0.240) data 0.000 (0.013) loss 0.0484 (0.0600) acc 100.0000 (99.6875) data_term 0.0476 (0.0592) raw_kl_rep 352.3470 (350.1554) raw_kl_proj_rep 0.0000 (0.0000) kl_rep_term 0.0008 (0.0008) kl_proj_rep_term 0.0000 (0.0000) kl_term 0.0008 (0.0008) kl_normalizer 50.0000 (50.0000) kl_beta 0.5682 (0.5682) lr 3.7566e-04 eta 0:03:50
epoch [32/50] batch [20/50] time 0.199 (0.229) data 0.000 (0.032) loss 0.0874 (0.0522) acc 100.0000 (99.6875) data_term 0.0865 (0.0513) raw_kl_rep 352.9684 (352.6568) raw_kl_proj_rep 0.0000 (0.0000) kl_rep_term 0.0008 (0.0008) kl_proj_rep_term 0.0000 (0.0000) kl_term 0.0008 (0.0008) kl_normalizer 50.0000 (50.0000) kl_beta 0.5909 (0.5909) lr 3.4549e-04 eta 0:03:33
epoch [32/50] batch [40/50] time 0.196 (0.219) data 0.000 (0.016) loss 0.0667 (0.0520) acc 100.0000 (99.7656) data_term 0.0658 (0.0511) raw_kl_rep 354.9693 (353.3751) raw_kl_proj_rep 0.0000 (0.0000) kl_rep_term 0.0008 (0.0008) kl_proj_rep_term 0.0000 (0.0000) kl_term 0.0008 (0.0008) kl_normalizer 50.0000 (50.0000) kl_beta 0.5909 (0.5909) lr 3.4549e-04 eta 0:03:19
epoch [33/50] batch [20/50] time 0.213 (0.238) data 0.000 (0.029) loss 0.0866 (0.0686) acc 100.0000 (99.3750) data_term 0.0857 (0.0678) raw_kl_rep 358.0170 (357.0379) raw_kl_proj_rep 0.0000 (0.0000) kl_rep_term 0.0009 (0.0009) kl_proj_rep_term 0.0000 (0.0000) kl_term 0.0009 (0.0009) kl_normalizer 50.0000 (50.0000) kl_beta 0.6136 (0.6136) lr 3.1594e-04 eta 0:03:29
epoch [33/50] batch [40/50] time 0.195 (0.223) data 0.000 (0.015) loss 0.0448 (0.0633) acc 100.0000 (99.5312) data_term 0.0439 (0.0624) raw_kl_rep 358.8925 (357.9584) raw_kl_proj_rep 0.0000 (0.0000) kl_rep_term 0.0009 (0.0009) kl_proj_rep_term 0.0000 (0.0000) kl_term 0.0009 (0.0009) kl_normalizer 50.0000 (50.0000) kl_beta 0.6136 (0.6136) lr 3.1594e-04 eta 0:03:11
epoch [34/50] batch [20/50] time 0.195 (0.236) data 0.001 (0.026) loss 0.1143 (0.0638) acc 96.8750 (99.6875) data_term 0.1134 (0.0629) raw_kl_rep 359.0944 (358.6898) raw_kl_proj_rep 0.0000 (0.0000) kl_rep_term 0.0009 (0.0009) kl_proj_rep_term 0.0000 (0.0000) kl_term 0.0009 (0.0009) kl_normalizer 50.0000 (50.0000) kl_beta 0.6364 (0.6364) lr 2.8711e-04 eta 0:03:15
epoch [34/50] batch [40/50] time 0.216 (0.223) data 0.000 (0.013) loss 0.0571 (0.0598) acc 100.0000 (99.7656) data_term 0.0562 (0.0589) raw_kl_rep 359.4614 (359.0210) raw_kl_proj_rep 0.0000 (0.0000) kl_rep_term 0.0009 (0.0009) kl_proj_rep_term 0.0000 (0.0000) kl_term 0.0009 (0.0009) kl_normalizer 50.0000 (50.0000) kl_beta 0.6364 (0.6364) lr 2.8711e-04 eta 0:03:00
epoch [35/50] batch [20/50] time 0.397 (0.309) data 0.000 (0.029) loss 0.0632 (0.0671) acc 100.0000 (99.0625) data_term 0.0623 (0.0662) raw_kl_rep 358.8326 (358.5146) raw_kl_proj_rep 0.0000 (0.0000) kl_rep_term 0.0009 (0.0009) kl_proj_rep_term 0.0000 (0.0000) kl_term 0.0009 (0.0009) kl_normalizer 50.0000 (50.0000) kl_beta 0.6591 (0.6591) lr 2.5912e-04 eta 0:04:00
epoch [35/50] batch [40/50] time 0.241 (0.266) data 0.000 (0.015) loss 0.0405 (0.0605) acc 100.0000 (99.3750) data_term 0.0396 (0.0595) raw_kl_rep 361.4653 (359.5149) raw_kl_proj_rep 0.0000 (0.0000) kl_rep_term 0.0010 (0.0009) kl_proj_rep_term 0.0000 (0.0000) kl_term 0.0010 (0.0009) kl_normalizer 50.0000 (50.0000) kl_beta 0.6591 (0.6591) lr 2.5912e-04 eta 0:03:21
epoch [36/50] batch [20/50] time 0.295 (0.245) data 0.000 (0.026) loss 0.0521 (0.0546) acc 100.0000 (99.6875) data_term 0.0511 (0.0536) raw_kl_rep 362.4541 (362.0309) raw_kl_proj_rep 0.0000 (0.0000) kl_rep_term 0.0010 (0.0010) kl_proj_rep_term 0.0000 (0.0000) kl_term 0.0010 (0.0010) kl_normalizer 50.0000 (50.0000) kl_beta 0.6818 (0.6818) lr 2.3209e-04 eta 0:02:59
epoch [36/50] batch [40/50] time 0.193 (0.235) data 0.000 (0.013) loss 0.0347 (0.0527) acc 100.0000 (99.8438) data_term 0.0337 (0.0517) raw_kl_rep 362.8661 (362.3869) raw_kl_proj_rep 0.0000 (0.0000) kl_rep_term 0.0010 (0.0010) kl_proj_rep_term 0.0000 (0.0000) kl_term 0.0010 (0.0010) kl_normalizer 50.0000 (50.0000) kl_beta 0.6818 (0.6818) lr 2.3209e-04 eta 0:02:46
epoch [37/50] batch [20/50] time 0.229 (0.252) data 0.000 (0.029) loss 0.0413 (0.0456) acc 100.0000 (100.0000) data_term 0.0403 (0.0446) raw_kl_rep 365.7041 (365.1656) raw_kl_proj_rep 0.0000 (0.0000) kl_rep_term 0.0010 (0.0010) kl_proj_rep_term 0.0000 (0.0000) kl_term 0.0010 (0.0010) kl_normalizer 50.0000 (50.0000) kl_beta 0.7045 (0.7045) lr 2.0611e-04 eta 0:02:51
epoch [37/50] batch [40/50] time 0.201 (0.260) data 0.000 (0.015) loss 0.0430 (0.0525) acc 100.0000 (99.8438) data_term 0.0419 (0.0515) raw_kl_rep 366.7511 (365.6710) raw_kl_proj_rep 0.0000 (0.0000) kl_rep_term 0.0010 (0.0010) kl_proj_rep_term 0.0000 (0.0000) kl_term 0.0010 (0.0010) kl_normalizer 50.0000 (50.0000) kl_beta 0.7045 (0.7045) lr 2.0611e-04 eta 0:02:51
epoch [38/50] batch [20/50] time 0.299 (0.252) data 0.001 (0.027) loss 0.0552 (0.0630) acc 100.0000 (99.6875) data_term 0.0541 (0.0620) raw_kl_rep 367.4862 (367.3796) raw_kl_proj_rep 0.0000 (0.0000) kl_rep_term 0.0011 (0.0011) kl_proj_rep_term 0.0000 (0.0000) kl_term 0.0011 (0.0011) kl_normalizer 50.0000 (50.0000) kl_beta 0.7273 (0.7273) lr 1.8129e-04 eta 0:02:38
epoch [38/50] batch [40/50] time 0.187 (0.236) data 0.000 (0.014) loss 0.0756 (0.0578) acc 96.8750 (99.7656) data_term 0.0745 (0.0567) raw_kl_rep 367.3990 (367.3605) raw_kl_proj_rep 0.0000 (0.0000) kl_rep_term 0.0011 (0.0011) kl_proj_rep_term 0.0000 (0.0000) kl_term 0.0011 (0.0011) kl_normalizer 50.0000 (50.0000) kl_beta 0.7273 (0.7273) lr 1.8129e-04 eta 0:02:23
epoch [39/50] batch [20/50] time 0.192 (0.225) data 0.001 (0.025) loss 0.0558 (0.0648) acc 100.0000 (99.5312) data_term 0.0547 (0.0637) raw_kl_rep 369.1388 (368.3438) raw_kl_proj_rep 0.0000 (0.0000) kl_rep_term 0.0011 (0.0011) kl_proj_rep_term 0.0000 (0.0000) kl_term 0.0011 (0.0011) kl_normalizer 50.0000 (50.0000) kl_beta 0.7500 (0.7500) lr 1.5773e-04 eta 0:02:10
epoch [39/50] batch [40/50] time 0.192 (0.217) data 0.000 (0.013) loss 0.0518 (0.0644) acc 100.0000 (99.4531) data_term 0.0507 (0.0633) raw_kl_rep 369.4664 (368.8789) raw_kl_proj_rep 0.0000 (0.0000) kl_rep_term 0.0011 (0.0011) kl_proj_rep_term 0.0000 (0.0000) kl_term 0.0011 (0.0011) kl_normalizer 50.0000 (50.0000) kl_beta 0.7500 (0.7500) lr 1.5773e-04 eta 0:02:01
epoch [40/50] batch [20/50] time 0.400 (0.274) data 0.001 (0.025) loss 0.0350 (0.0453) acc 100.0000 (99.8438) data_term 0.0339 (0.0442) raw_kl_rep 369.3125 (369.3651) raw_kl_proj_rep 0.0000 (0.0000) kl_rep_term 0.0011 (0.0011) kl_proj_rep_term 0.0000 (0.0000) kl_term 0.0011 (0.0011) kl_normalizer 50.0000 (50.0000) kl_beta 0.7727 (0.7727) lr 1.3552e-04 eta 0:02:25
epoch [40/50] batch [40/50] time 0.305 (0.262) data 0.001 (0.013) loss 0.0745 (0.0559) acc 100.0000 (99.6094) data_term 0.0734 (0.0547) raw_kl_rep 369.4079 (369.2869) raw_kl_proj_rep 0.0000 (0.0000) kl_rep_term 0.0011 (0.0011) kl_proj_rep_term 0.0000 (0.0000) kl_term 0.0011 (0.0011) kl_normalizer 50.0000 (50.0000) kl_beta 0.7727 (0.7727) lr 1.3552e-04 eta 0:02:13
epoch [41/50] batch [20/50] time 0.202 (0.236) data 0.001 (0.024) loss 0.0655 (0.0515) acc 100.0000 (100.0000) data_term 0.0643 (0.0504) raw_kl_rep 369.8169 (369.7586) raw_kl_proj_rep 0.0000 (0.0000) kl_rep_term 0.0012 (0.0012) kl_proj_rep_term 0.0000 (0.0000) kl_term 0.0012 (0.0012) kl_normalizer 50.0000 (50.0000) kl_beta 0.7955 (0.7955) lr 1.1474e-04 eta 0:01:53
epoch [41/50] batch [40/50] time 0.422 (0.267) data 0.000 (0.012) loss 0.0575 (0.0519) acc 100.0000 (99.9219) data_term 0.0563 (0.0508) raw_kl_rep 370.1345 (369.9194) raw_kl_proj_rep 0.0000 (0.0000) kl_rep_term 0.0012 (0.0012) kl_proj_rep_term 0.0000 (0.0000) kl_term 0.0012 (0.0012) kl_normalizer 50.0000 (50.0000) kl_beta 0.7955 (0.7955) lr 1.1474e-04 eta 0:02:02
epoch [42/50] batch [20/50] time 0.308 (0.252) data 0.000 (0.024) loss 0.0373 (0.0585) acc 100.0000 (99.8438) data_term 0.0361 (0.0572) raw_kl_rep 370.2304 (370.1913) raw_kl_proj_rep 0.0000 (0.0000) kl_rep_term 0.0012 (0.0012) kl_proj_rep_term 0.0000 (0.0000) kl_term 0.0012 (0.0012) kl_normalizer 50.0000 (50.0000) kl_beta 0.8182 (0.8182) lr 9.5492e-05 eta 0:01:48
epoch [42/50] batch [40/50] time 0.223 (0.252) data 0.000 (0.012) loss 0.0388 (0.0530) acc 100.0000 (99.8438) data_term 0.0376 (0.0518) raw_kl_rep 370.5273 (370.3002) raw_kl_proj_rep 0.0000 (0.0000) kl_rep_term 0.0012 (0.0012) kl_proj_rep_term 0.0000 (0.0000) kl_term 0.0012 (0.0012) kl_normalizer 50.0000 (50.0000) kl_beta 0.8182 (0.8182) lr 9.5492e-05 eta 0:01:43
epoch [43/50] batch [20/50] time 0.277 (0.266) data 0.002 (0.029) loss 0.0796 (0.0594) acc 100.0000 (99.6875) data_term 0.0783 (0.0581) raw_kl_rep 370.6837 (370.5685) raw_kl_proj_rep 0.0000 (0.0000) kl_rep_term 0.0012 (0.0012) kl_proj_rep_term 0.0000 (0.0000) kl_term 0.0012 (0.0012) kl_normalizer 50.0000 (50.0000) kl_beta 0.8409 (0.8409) lr 7.7836e-05 eta 0:01:40
epoch [43/50] batch [40/50] time 0.246 (0.246) data 0.000 (0.015) loss 0.0512 (0.0542) acc 100.0000 (99.7656) data_term 0.0499 (0.0529) raw_kl_rep 371.1275 (370.7392) raw_kl_proj_rep 0.0000 (0.0000) kl_rep_term 0.0012 (0.0012) kl_proj_rep_term 0.0000 (0.0000) kl_term 0.0012 (0.0012) kl_normalizer 50.0000 (50.0000) kl_beta 0.8409 (0.8409) lr 7.7836e-05 eta 0:01:28
epoch [44/50] batch [20/50] time 0.234 (0.235) data 0.001 (0.026) loss 0.0387 (0.0513) acc 100.0000 (99.8438) data_term 0.0374 (0.0500) raw_kl_rep 371.2446 (371.2386) raw_kl_proj_rep 0.0000 (0.0000) kl_rep_term 0.0013 (0.0013) kl_proj_rep_term 0.0000 (0.0000) kl_term 0.0013 (0.0013) kl_normalizer 50.0000 (50.0000) kl_beta 0.8636 (0.8636) lr 6.1847e-05 eta 0:01:17
epoch [44/50] batch [40/50] time 0.206 (0.222) data 0.000 (0.013) loss 0.0493 (0.0516) acc 100.0000 (99.8438) data_term 0.0481 (0.0503) raw_kl_rep 371.3895 (371.2846) raw_kl_proj_rep 0.0000 (0.0000) kl_rep_term 0.0013 (0.0013) kl_proj_rep_term 0.0000 (0.0000) kl_term 0.0013 (0.0013) kl_normalizer 50.0000 (50.0000) kl_beta 0.8636 (0.8636) lr 6.1847e-05 eta 0:01:08
epoch [45/50] batch [20/50] time 0.186 (0.245) data 0.001 (0.031) loss 0.0482 (0.0640) acc 100.0000 (99.3750) data_term 0.0469 (0.0627) raw_kl_rep 371.5364 (371.4532) raw_kl_proj_rep 0.0000 (0.0000) kl_rep_term 0.0013 (0.0013) kl_proj_rep_term 0.0000 (0.0000) kl_term 0.0013 (0.0013) kl_normalizer 50.0000 (50.0000) kl_beta 0.8864 (0.8864) lr 4.7586e-05 eta 0:01:08
epoch [45/50] batch [40/50] time 0.214 (0.226) data 0.000 (0.016) loss 0.0395 (0.0587) acc 100.0000 (99.5312) data_term 0.0381 (0.0574) raw_kl_rep 371.7848 (371.5734) raw_kl_proj_rep 0.0000 (0.0000) kl_rep_term 0.0013 (0.0013) kl_proj_rep_term 0.0000 (0.0000) kl_term 0.0013 (0.0013) kl_normalizer 50.0000 (50.0000) kl_beta 0.8864 (0.8864) lr 4.7586e-05 eta 0:00:58
epoch [46/50] batch [20/50] time 0.185 (0.231) data 0.001 (0.028) loss 0.0306 (0.0529) acc 100.0000 (99.8438) data_term 0.0293 (0.0516) raw_kl_rep 371.9973 (371.9552) raw_kl_proj_rep 0.0000 (0.0000) kl_rep_term 0.0014 (0.0014) kl_proj_rep_term 0.0000 (0.0000) kl_term 0.0014 (0.0014) kl_normalizer 50.0000 (50.0000) kl_beta 0.9091 (0.9091) lr 3.5112e-05 eta 0:00:53
epoch [46/50] batch [40/50] time 0.213 (0.237) data 0.000 (0.014) loss 0.0485 (0.0536) acc 100.0000 (99.8438) data_term 0.0472 (0.0523) raw_kl_rep 372.0643 (371.9824) raw_kl_proj_rep 0.0000 (0.0000) kl_rep_term 0.0014 (0.0014) kl_proj_rep_term 0.0000 (0.0000) kl_term 0.0014 (0.0014) kl_normalizer 50.0000 (50.0000) kl_beta 0.9091 (0.9091) lr 3.5112e-05 eta 0:00:49
epoch [47/50] batch [20/50] time 0.187 (0.242) data 0.000 (0.027) loss 0.0335 (0.0455) acc 100.0000 (100.0000) data_term 0.0321 (0.0441) raw_kl_rep 372.1508 (372.1567) raw_kl_proj_rep 0.0000 (0.0000) kl_rep_term 0.0014 (0.0014) kl_proj_rep_term 0.0000 (0.0000) kl_term 0.0014 (0.0014) kl_normalizer 50.0000 (50.0000) kl_beta 0.9318 (0.9318) lr 2.4472e-05 eta 0:00:43
epoch [47/50] batch [40/50] time 0.187 (0.216) data 0.000 (0.014) loss 0.0342 (0.0491) acc 100.0000 (100.0000) data_term 0.0328 (0.0477) raw_kl_rep 372.0911 (372.1377) raw_kl_proj_rep 0.0000 (0.0000) kl_rep_term 0.0014 (0.0014) kl_proj_rep_term 0.0000 (0.0000) kl_term 0.0014 (0.0014) kl_normalizer 50.0000 (50.0000) kl_beta 0.9318 (0.9318) lr 2.4472e-05 eta 0:00:34
epoch [48/50] batch [20/50] time 0.182 (0.243) data 0.000 (0.027) loss 0.0345 (0.0511) acc 100.0000 (100.0000) data_term 0.0331 (0.0497) raw_kl_rep 372.0375 (372.0372) raw_kl_proj_rep 0.0000 (0.0000) kl_rep_term 0.0014 (0.0014) kl_proj_rep_term 0.0000 (0.0000) kl_term 0.0014 (0.0014) kl_normalizer 50.0000 (50.0000) kl_beta 0.9545 (0.9545) lr 1.5708e-05 eta 0:00:31
epoch [48/50] batch [40/50] time 0.190 (0.220) data 0.000 (0.014) loss 0.0400 (0.0476) acc 100.0000 (100.0000) data_term 0.0386 (0.0462) raw_kl_rep 371.9332 (372.0088) raw_kl_proj_rep 0.0000 (0.0000) kl_rep_term 0.0014 (0.0014) kl_proj_rep_term 0.0000 (0.0000) kl_term 0.0014 (0.0014) kl_normalizer 50.0000 (50.0000) kl_beta 0.9545 (0.9545) lr 1.5708e-05 eta 0:00:24
epoch [49/50] batch [20/50] time 0.187 (0.214) data 0.000 (0.026) loss 0.0413 (0.0496) acc 100.0000 (99.8438) data_term 0.0398 (0.0481) raw_kl_rep 371.9468 (371.9386) raw_kl_proj_rep 0.0000 (0.0000) kl_rep_term 0.0015 (0.0015) kl_proj_rep_term 0.0000 (0.0000) kl_term 0.0015 (0.0015) kl_normalizer 50.0000 (50.0000) kl_beta 0.9773 (0.9773) lr 8.8564e-06 eta 0:00:17
epoch [49/50] batch [40/50] time 0.193 (0.202) data 0.000 (0.013) loss 0.0624 (0.0489) acc 100.0000 (99.9219) data_term 0.0609 (0.0475) raw_kl_rep 371.9586 (371.9477) raw_kl_proj_rep 0.0000 (0.0000) kl_rep_term 0.0015 (0.0015) kl_proj_rep_term 0.0000 (0.0000) kl_term 0.0015 (0.0015) kl_normalizer 50.0000 (50.0000) kl_beta 0.9773 (0.9773) lr 8.8564e-06 eta 0:00:12
epoch [50/50] batch [20/50] time 0.204 (0.223) data 0.000 (0.027) loss 0.0318 (0.0507) acc 100.0000 (99.6875) data_term 0.0303 (0.0492) raw_kl_rep 371.9343 (371.9421) raw_kl_proj_rep 0.0000 (0.0000) kl_rep_term 0.0015 (0.0015) kl_proj_rep_term 0.0000 (0.0000) kl_term 0.0015 (0.0015) kl_normalizer 50.0000 (50.0000) kl_beta 1.0000 (1.0000) lr 3.9426e-06 eta 0:00:06
epoch [50/50] batch [40/50] time 0.197 (0.210) data 0.000 (0.014) loss 0.1008 (0.0511) acc 100.0000 (99.8438) data_term 0.0993 (0.0496) raw_kl_rep 371.9296 (371.9359) raw_kl_proj_rep 0.0000 (0.0000) kl_rep_term 0.0015 (0.0015) kl_proj_rep_term 0.0000 (0.0000) kl_term 0.0015 (0.0015) kl_normalizer 50.0000 (50.0000) kl_beta 1.0000 (1.0000) lr 3.9426e-06 eta 0:00:02
Checkpoint saved to output_sweeps/bayes_mmrl_search_current/coarse3/search_stage/BayesMMRL/FS/fewshot_train/caltech101/shots_16/ViT-B-16/B_sig-per_token_pstd-0.05_kl-2e-4_blend-0.2_scale-0.05/seed1/refactor_model/model.pth.tar-50
Finish training
Deploy the last-epoch model
Evaluate on the *test* set
=> result
* total: 2,465
* correct: 2,382
* accuracy: 96.6%
* error: 3.4%
* macro_f1: 95.0%
=> structured result
* accuracy: 96.6329
* error: 3.3671
* macro_f1: 94.9614
* nll: 0.1020
* brier: 0.0508
* ece: 1.0679
Saved metrics JSON to output_sweeps/bayes_mmrl_search_current/coarse3/search_stage/BayesMMRL/FS/fewshot_train/caltech101/shots_16/ViT-B-16/B_sig-per_token_pstd-0.05_kl-2e-4_blend-0.2_scale-0.05/seed1/test_metrics.json
Saved metrics CSV to output_sweeps/bayes_mmrl_search_current/coarse3/search_stage/BayesMMRL/FS/fewshot_train/caltech101/shots_16/ViT-B-16/B_sig-per_token_pstd-0.05_kl-2e-4_blend-0.2_scale-0.05/seed1/test_metrics.csv
Saved calibration bins CSV to output_sweeps/bayes_mmrl_search_current/coarse3/search_stage/BayesMMRL/FS/fewshot_train/caltech101/shots_16/ViT-B-16/B_sig-per_token_pstd-0.05_kl-2e-4_blend-0.2_scale-0.05/seed1/test_calibration_bins.csv
Elapsed: 0:10:25
[清理] 测试完成，已删除 checkpoint 目录: output_sweeps/bayes_mmrl_search_current/coarse3/search_stage/BayesMMRL/FS/fewshot_train/caltech101/shots_16/ViT-B-16/B_sig-per_token_pstd-0.05_kl-2e-4_blend-0.2_scale-0.05/seed1/refactor_model
