============================================================
START: 2026-04-19 12:37:29
GPU: 0
METHOD: BayesMMRL
PROTOCOL: FS
EXEC_MODE: online
DATASET: caltech101
SHOTS: 2
SEED: 3
DATA_ROOT: DATASETS
OUTPUT_ROOT: output_refactor
BACKBONE: ViT-B/16
TAG: default
============================================================
Setting fixed seed: 3
***************
** Arguments **
***************
dataset_config_file: configs/datasets/caltech101.yaml
eval_only: False
exec_mode: online
exp_config: 
load_epoch: None
method: BayesMMRL
method_config_file: configs/methods/bayesmmrl.yaml
model_dir: 
no_train: False
opts: ['DATASET.NUM_SHOTS', '2', 'DATASET.SUBSAMPLE_CLASSES', 'all', 'MODEL.BACKBONE.NAME', 'ViT-B/16']
output_dir: output_refactor/BayesMMRL/FS/fewshot_train/caltech101/shots_2/ViT-B-16/default/seed3
protocol: FS
protocol_config_file: configs/protocols/fs.yaml
root: DATASETS
runtime_config_file: configs/runtime/default.yaml
seed: 3
trainer: RefactorRunner
************
** Config **
************
BAYES_MMRL:
  ALPHA: 0.6
  EVAL_MODE: mc_only
  EVAL_USE_POSTERIOR_MEAN: False
  KL_WEIGHT: 0.0005
  N_MC_TEST: 10
  N_MC_TRAIN: 3
  N_REP_TOKENS: 5
  POSTERIOR_RHO_INIT: -3.9
  PREC: amp
  PRIOR_STD: 0.05
  REG_WEIGHT: 0.5
  REP_DIM: 512
  REP_LAYERS: [6, 7, 8, 9, 10, 11, 12]
  SIGMA_MODE: global
CLIP_ADAPTERS:
  ALLOW_CACHE: True
  CONSTRAINT: none
  ENHANCED_BASE: none
  INIT: ZS
  KL_WEIGHT: 0.0001
  N_SAMPLES: 3
  PREC: fp32
  TYPE: MP
DATALOADER:
  K_TRANSFORMS: 1
  NUM_WORKERS: 8
  RETURN_IMG0: False
  TEST:
    BATCH_SIZE: 250
    SAMPLER: SequentialSampler
  TRAIN_U:
    BATCH_SIZE: 32
    N_DOMAIN: 0
    N_INS: 16
    SAME_AS_X: True
    SAMPLER: RandomSampler
  TRAIN_X:
    BATCH_SIZE: 64
    N_DOMAIN: 0
    N_INS: 16
    SAMPLER: RandomSampler
DATASET:
  ALL_AS_UNLABELED: False
  CIFAR_C_LEVEL: 1
  CIFAR_C_TYPE: 
  NAME: Caltech101
  NUM_LABELED: -1
  NUM_SHOTS: 2
  ROOT: DATASETS
  SOURCE_DOMAINS: ()
  STL10_FOLD: -1
  SUBSAMPLE_CLASSES: all
  TARGET_DOMAINS: ()
  VAL_PERCENT: 0.1
INPUT:
  COLORJITTER_B: 0.4
  COLORJITTER_C: 0.4
  COLORJITTER_H: 0.1
  COLORJITTER_S: 0.4
  CROP_PADDING: 4
  CUTOUT_LEN: 16
  CUTOUT_N: 1
  GB_K: 21
  GB_P: 0.5
  GN_MEAN: 0.0
  GN_STD: 0.15
  INTERPOLATION: bicubic
  NO_TRANSFORM: False
  PIXEL_MEAN: [0.48145466, 0.4578275, 0.40821073]
  PIXEL_STD: [0.26862954, 0.26130258, 0.27577711]
  RANDAUGMENT_M: 10
  RANDAUGMENT_N: 2
  RGS_P: 0.2
  RRCROP_SCALE: (0.5, 1)
  SIZE: (224, 224)
  TRANSFORMS: ('random_resized_crop', 'random_flip', 'normalize')
METHOD:
  EXEC_MODE: online
  FAMILY: internal_adaptation
  NAME: BayesMMRL
  TAG: default
MMRL:
  ALPHA: 0.7
  N_REP_TOKENS: 5
  PREC: amp
  REG_WEIGHT: 1.0
  REP_DIM: 512
  REP_LAYERS: [6, 7, 8, 9, 10, 11, 12]
MMRLPP:
  ALPHA: 0.7
  BETA: 0.9
  N_REP_TOKENS: 5
  PREC: amp
  PROJ_LORA_DIM: 64
  REG_WEIGHT: 1.0
  REP_DIM: 512
  REP_LAYERS: [6, 7, 8, 9, 10, 11, 12]
  RES_LORA_DIM: 4
MMRL_MIX:
  ALPHA: 0.7
  LOSS_FUSE_WEIGHT: 0.2
  LOSS_MAIN_WEIGHT: 1.0
  LOSS_REP_WEIGHT: 1.0
  N_REP_TOKENS: 5
  PREC: amp
  REG_WEIGHT: 1.0
  REP_DIM: 512
  REP_LAYERS: [6, 7, 8, 9, 10, 11, 12]
MODEL:
  BACKBONE:
    NAME: ViT-B/16
    PRETRAINED: True
  HEAD:
    ACTIVATION: relu
    BN: True
    DROPOUT: 0.0
    HIDDEN_LAYERS: ()
    NAME: 
  INIT_WEIGHTS: 
OPTIM:
  ADAM_BETA1: 0.9
  ADAM_BETA2: 0.999
  BASE_LR_MULT: 0.1
  GAMMA: 0.1
  LR: 0.001
  LR_SCHEDULER: cosine
  MAX_EPOCH: 50
  MOMENTUM: 0.9
  NAME: adamw
  NEW_LAYERS: ()
  RMSPROP_ALPHA: 0.99
  SGD_DAMPNING: 0
  SGD_NESTEROV: False
  STAGED_LR: False
  STEPSIZE: (-1,)
  WARMUP_CONS_LR: 1e-05
  WARMUP_EPOCH: 1
  WARMUP_MIN_LR: 1e-05
  WARMUP_RECOUNT: True
  WARMUP_TYPE: constant
  WEIGHT_DECAY: 0.0005
OUTPUT_DIR: output_refactor/BayesMMRL/FS/fewshot_train/caltech101/shots_2/ViT-B-16/default/seed3
PROTOCOL:
  NAME: FS
  PHASE: fewshot_train
RESUME: 
RUNTIME:
  OUTPUT_ROOT: output_refactor
  USE_DASSL_TRAINER_BRIDGE: True
SEED: 3
TASK: FS
TEST:
  COMPUTE_CMAT: False
  EVALUATOR: Classification
  FINAL_MODEL: last_step
  NO_TEST: False
  PER_CLASS_RESULT: False
  SPLIT: test
TRAIN:
  CHECKPOINT_FREQ: 0
  COUNT_ITER: train_x
  PRINT_FREQ: 20
TRAINER:
  BayesMMRL:
    ALPHA: 0.6
    EVAL_MODE: mc_only
    EVAL_USE_POSTERIOR_MEAN: False
    KL_WEIGHT: 0.0005
    N_MC_TEST: 10
    N_MC_TRAIN: 3
    N_REP_TOKENS: 5
    POSTERIOR_RHO_INIT: -3.9
    PREC: amp
    PRIOR_STD: 0.05
    REG_WEIGHT: 0.5
    REP_DIM: 512
    REP_LAYERS: [6, 7, 8, 9, 10, 11, 12]
    SIGMA_MODE: global
  CDAC:
    CLASS_LR_MULTI: 10
    P_THRESH: 0.95
    RAMPUP_COEF: 30
    RAMPUP_ITRS: 1000
    STRONG_TRANSFORMS: ()
    TOPK_MATCH: 5
  CROSSGRAD:
    ALPHA_D: 0.5
    ALPHA_F: 0.5
    EPS_D: 1.0
    EPS_F: 1.0
  ClipADAPTER:
    ALLOW_CACHE: True
    CONSTRAINT: none
    ENHANCED_BASE: none
    INIT: ZS
    PREC: fp32
    TYPE: MP
  DAEL:
    CONF_THRE: 0.95
    STRONG_TRANSFORMS: ()
    WEIGHT_U: 0.5
  DAELDG:
    CONF_THRE: 0.95
    STRONG_TRANSFORMS: ()
    WEIGHT_U: 0.5
  DDAIG:
    ALPHA: 0.5
    CLAMP: False
    CLAMP_MAX: 1.0
    CLAMP_MIN: -1.0
    G_ARCH: 
    LMDA: 0.3
    WARMUP: 0
  DOMAINMIX:
    ALPHA: 1.0
    BETA: 1.0
    TYPE: crossdomain
  ENTMIN:
    LMDA: 0.001
  FIXMATCH:
    CONF_THRE: 0.95
    STRONG_TRANSFORMS: ()
    WEIGHT_U: 1.0
  M3SDA:
    LMDA: 0.5
    N_STEP_F: 4
  MCD:
    N_STEP_F: 4
  MEANTEACHER:
    EMA_ALPHA: 0.999
    RAMPUP: 5
    WEIGHT_U: 1.0
  MIXMATCH:
    MIXUP_BETA: 0.75
    RAMPUP: 20000
    TEMP: 2.0
    WEIGHT_U: 100.0
  MME:
    LMDA: 0.1
  MMRL:
    ALPHA: 0.7
    N_REP_TOKENS: 5
    PREC: amp
    REG_WEIGHT: 1.0
    REP_DIM: 512
    REP_LAYERS: [6, 7, 8, 9, 10, 11, 12]
  MMRLMix:
    ALPHA: 0.7
    LOSS_FUSE_WEIGHT: 0.2
    LOSS_MAIN_WEIGHT: 1.0
    LOSS_REP_WEIGHT: 1.0
    N_REP_TOKENS: 5
    PREC: amp
    REG_WEIGHT: 1.0
    REP_DIM: 512
    REP_LAYERS: [6, 7, 8, 9, 10, 11, 12]
  MMRLpp:
    ALPHA: 0.7
    BETA: 0.9
    N_REP_TOKENS: 5
    PREC: amp
    PROJ_LORA_DIM: 64
    REG_WEIGHT: 1.0
    REP_DIM: 512
    REP_LAYERS: [6, 7, 8, 9, 10, 11, 12]
    RES_LORA_DIM: 4
  NAME: RefactorRunner
  SE:
    CONF_THRE: 0.95
    EMA_ALPHA: 0.999
    RAMPUP: 300
USE_CUDA: True
VERBOSE: True
VERSION: 1
Collecting env info ...
/root/miniconda3/envs/mmrl/lib/python3.10/site-packages/torch/optim/lr_scheduler.py:60: UserWarning: The verbose parameter is deprecated. Please use get_last_lr() to access the learning rate.
  warnings.warn(
/root/autodl-tmp/MMRL/trainers/refactor_runner.py:52: FutureWarning: `torch.cuda.amp.GradScaler(args...)` is deprecated. Please use `torch.amp.GradScaler('cuda', args...)` instead.
  self.scaler = GradScaler() if prec == "amp" else None
** System info **
PyTorch version: 2.4.0+cu121
Is debug build: False
CUDA used to build PyTorch: 12.1
ROCM used to build PyTorch: N/A

OS: Ubuntu 22.04.1 LTS (x86_64)
GCC version: (Ubuntu 11.3.0-1ubuntu1~22.04) 11.3.0
Clang version: Could not collect
CMake version: version 3.22.1
Libc version: glibc-2.35

Python version: 3.10.20 (main, Mar 11 2026, 17:46:40) [GCC 14.3.0] (64-bit runtime)
Python platform: Linux-5.15.0-78-generic-x86_64-with-glibc2.35
Is CUDA available: True
CUDA runtime version: 11.8.89
CUDA_MODULE_LOADING set to: LAZY
GPU models and configuration: GPU 0: NVIDIA GeForce RTX 4090
Nvidia driver version: 580.105.08
cuDNN version: Probably one of the following:
/usr/lib/x86_64-linux-gnu/libcudnn.so.8.6.0
/usr/lib/x86_64-linux-gnu/libcudnn_adv_infer.so.8.6.0
/usr/lib/x86_64-linux-gnu/libcudnn_adv_train.so.8.6.0
/usr/lib/x86_64-linux-gnu/libcudnn_cnn_infer.so.8.6.0
/usr/lib/x86_64-linux-gnu/libcudnn_cnn_train.so.8.6.0
/usr/lib/x86_64-linux-gnu/libcudnn_ops_infer.so.8.6.0
/usr/lib/x86_64-linux-gnu/libcudnn_ops_train.so.8.6.0
HIP runtime version: N/A
MIOpen runtime version: N/A
Is XNNPACK available: True

CPU:
Architecture:                    x86_64
CPU op-mode(s):                  32-bit, 64-bit
Address sizes:                   46 bits physical, 57 bits virtual
Byte Order:                      Little Endian
CPU(s):                          208
On-line CPU(s) list:             0-207
Vendor ID:                       GenuineIntel
Model name:                      Intel(R) Xeon(R) Platinum 8470Q
CPU family:                      6
Model:                           143
Thread(s) per core:              2
Core(s) per socket:              52
Socket(s):                       2
Stepping:                        8
Frequency boost:                 enabled
CPU max MHz:                     3800.0000
CPU min MHz:                     800.0000
BogoMIPS:                        4200.00
Flags:                           fpu vme de pse tsc msr pae mce cx8 apic sep mtrr pge mca cmov pat pse36 clflush dts acpi mmx fxsr sse sse2 ss ht tm pbe syscall nx pdpe1gb rdtscp lm constant_tsc art arch_perfmon pebs bts rep_good nopl xtopology nonstop_tsc cpuid aperfmperf tsc_known_freq pni pclmulqdq dtes64 monitor ds_cpl vmx smx est tm2 ssse3 sdbg fma cx16 xtpr pdcm pcid dca sse4_1 sse4_2 x2apic movbe popcnt tsc_deadline_timer aes xsave avx f16c rdrand lahf_lm abm 3dnowprefetch cpuid_fault epb cat_l3 cat_l2 cdp_l3 invpcid_single intel_ppin cdp_l2 ssbd mba ibrs ibpb stibp ibrs_enhanced tpr_shadow vnmi flexpriority ept vpid ept_ad fsgsbase tsc_adjust bmi1 avx2 smep bmi2 erms invpcid cqm rdt_a avx512f avx512dq rdseed adx smap avx512ifma clflushopt clwb intel_pt avx512cd sha_ni avx512bw avx512vl xsaveopt xsavec xgetbv1 xsaves cqm_llc cqm_occup_llc cqm_mbm_total cqm_mbm_local split_lock_detect avx_vnni avx512_bf16 wbnoinvd dtherm ida arat pln pts avx512vbmi umip pku ospke waitpkg avx512_vbmi2 gfni vaes vpclmulqdq avx512_vnni avx512_bitalg tme avx512_vpopcntdq la57 rdpid bus_lock_detect cldemote movdiri movdir64b enqcmd fsrm md_clear serialize tsxldtrk pconfig arch_lbr amx_bf16 avx512_fp16 amx_tile amx_int8 flush_l1d arch_capabilities
Virtualization:                  VT-x
L1d cache:                       4.9 MiB (104 instances)
L1i cache:                       3.3 MiB (104 instances)
L2 cache:                        208 MiB (104 instances)
L3 cache:                        210 MiB (2 instances)
NUMA node(s):                    2
NUMA node0 CPU(s):               0-51,104-155
NUMA node1 CPU(s):               52-103,156-207
Vulnerability Itlb multihit:     Not affected
Vulnerability L1tf:              Not affected
Vulnerability Mds:               Not affected
Vulnerability Meltdown:          Not affected
Vulnerability Mmio stale data:   Not affected
Vulnerability Retbleed:          Not affected
Vulnerability Spec store bypass: Mitigation; Speculative Store Bypass disabled via prctl and seccomp
Vulnerability Spectre v1:        Mitigation; usercopy/swapgs barriers and __user pointer sanitization
Vulnerability Spectre v2:        Mitigation; Enhanced IBRS, IBPB conditional, RSB filling, PBRSB-eIBRS SW sequence
Vulnerability Srbds:             Not affected
Vulnerability Tsx async abort:   Not affected

Versions of relevant libraries:
[pip3] flake8==3.7.9
[pip3] numpy==2.2.6
[pip3] torch==2.4.0
[pip3] torchaudio==2.4.0
[pip3] torchvision==0.19.0
[pip3] triton==3.0.0
[conda] numpy                     2.2.6                    pypi_0    pypi
[conda] torch                     2.4.0                    pypi_0    pypi
[conda] torchaudio                2.4.0                    pypi_0    pypi
[conda] torchvision               0.19.0                   pypi_0    pypi
[conda] triton                    3.0.0                    pypi_0    pypi
        Pillow (12.2.0)

Loading trainer: RefactorRunner
Loading dataset: Caltech101
Reading split from /root/autodl-tmp/MMRL/DATASETS/caltech-101/split_zhou_Caltech101.json
Loading preprocessed few-shot data from /root/autodl-tmp/MMRL/DATASETS/caltech-101/split_fewshot/shot_2-seed_3.pkl
Building transform_train
+ random resized crop (size=(224, 224), scale=(0.5, 1))
+ random flip
+ to torch tensor of range [0, 1]
+ normalization (mean=[0.48145466, 0.4578275, 0.40821073], std=[0.26862954, 0.26130258, 0.27577711])
Building transform_test
+ resize the smaller edge to 224
+ 224x224 center crop
+ to torch tensor of range [0, 1]
+ normalization (mean=[0.48145466, 0.4578275, 0.40821073], std=[0.26862954, 0.26130258, 0.27577711])
---------  ----------
Dataset    Caltech101
# classes  100
# train_x  200
# val      200
# test     2,465
---------  ----------
[BayesMMRLMethod] trainable params: {'representation_learner.compound_rep_tokens_r2vproj.3.bias', 'representation_learner.compound_rep_tokens_r2vproj.2.weight', 'representation_learner.compound_rep_tokens_r2vproj.6.weight', 'representation_learner.compound_rep_tokens_r2tproj.2.weight', 'representation_learner.compound_rep_tokens_r2tproj.2.bias', 'representation_learner.compound_rep_tokens_r2vproj.5.bias', 'representation_learner.compound_rep_tokens_r2tproj.0.weight', 'representation_learner.compound_rep_tokens_r2tproj.5.bias', 'representation_learner.compound_rep_tokens_r2vproj.1.weight', 'representation_learner.compound_rep_tokens_r2tproj.6.weight', 'representation_learner.compound_rep_tokens_r2vproj.3.weight', 'representation_learner.compound_rep_tokens_r2vproj.5.weight', 'representation_learner.compound_rep_tokens_r2tproj.1.weight', 'representation_learner.compound_rep_tokens_r2tproj.4.bias', 'representation_learner.compound_rep_tokens_r2tproj.1.bias', 'representation_learner.compound_rep_tokens_r2vproj.0.weight', 'representation_learner.compound_rep_tokens_r2vproj.2.bias', 'representation_learner.compound_rep_tokens_r2tproj.3.bias', 'image_encoder.proj_rep', 'representation_learner.compound_rep_tokens_r2vproj.1.bias', 'representation_learner.compound_rep_tokens_r2vproj.4.weight', 'representation_learner.compound_rep_tokens_r2tproj.5.weight', 'representation_learner.compound_rep_tokens_r2vproj.6.bias', 'representation_learner.compound_rep_tokens_r2tproj.4.weight', 'representation_learner.compound_rep_tokens_r2tproj.3.weight', 'representation_learner.compound_rep_tokens_r2tproj.0.bias', 'representation_learner.posterior_rho', 'representation_learner.compound_rep_tokens_r2vproj.4.bias', 'representation_learner.posterior_mean', 'representation_learner.compound_rep_tokens_r2vproj.0.bias', 'representation_learner.compound_rep_tokens_r2tproj.6.bias'}
Loading evaluator: Classification
No checkpoint found, train from scratch
Initialize tensorboard (log_dir=output_refactor/BayesMMRL/FS/fewshot_train/caltech101/shots_2/ViT-B-16/default/seed3/tensorboard)
/root/autodl-tmp/MMRL/executors/online_executor.py:24: FutureWarning: `torch.cuda.amp.autocast(args...)` is deprecated. Please use `torch.amp.autocast('cuda', args...)` instead.
  with autocast():
epoch [1/50] batch [1/3] time 1.479 (1.479) data 0.774 (0.774) loss 4.3256 (4.3256) acc 78.1250 (78.1250) lr 1.0000e-05 eta 0:03:40
epoch [1/50] batch [2/3] time 0.285 (0.882) data 0.000 (0.387) loss 4.0941 (4.2098) acc 85.9375 (82.0312) lr 1.0000e-05 eta 0:02:10
epoch [1/50] batch [3/3] time 0.326 (0.697) data 0.000 (0.258) loss 4.3199 (4.2465) acc 82.8125 (82.2917) lr 1.0000e-03 eta 0:01:42
epoch [2/50] batch [1/3] time 0.641 (0.641) data 0.354 (0.354) loss 4.3065 (4.3065) acc 79.6875 (79.6875) lr 1.0000e-03 eta 0:01:33
epoch [2/50] batch [2/3] time 0.283 (0.462) data 0.000 (0.177) loss 4.5421 (4.4243) acc 73.4375 (76.5625) lr 1.0000e-03 eta 0:01:07
epoch [2/50] batch [3/3] time 0.283 (0.403) data 0.000 (0.118) loss 4.1551 (4.3346) acc 84.3750 (79.1667) lr 9.9901e-04 eta 0:00:57
epoch [3/50] batch [1/3] time 0.607 (0.607) data 0.321 (0.321) loss 3.5136 (3.5136) acc 90.6250 (90.6250) lr 9.9901e-04 eta 0:01:26
epoch [3/50] batch [2/3] time 0.286 (0.446) data 0.000 (0.160) loss 3.5932 (3.5534) acc 78.1250 (84.3750) lr 9.9901e-04 eta 0:01:03
epoch [3/50] batch [3/3] time 0.285 (0.393) data 0.000 (0.107) loss 3.2902 (3.4657) acc 85.9375 (84.8958) lr 9.9606e-04 eta 0:00:55
epoch [4/50] batch [1/3] time 0.643 (0.643) data 0.357 (0.357) loss 3.0500 (3.0500) acc 90.6250 (90.6250) lr 9.9606e-04 eta 0:01:29
epoch [4/50] batch [2/3] time 0.284 (0.463) data 0.000 (0.179) loss 2.7754 (2.9127) acc 87.5000 (89.0625) lr 9.9606e-04 eta 0:01:04
epoch [4/50] batch [3/3] time 0.284 (0.403) data 0.000 (0.119) loss 2.5507 (2.7920) acc 93.7500 (90.6250) lr 9.9114e-04 eta 0:00:55
epoch [5/50] batch [1/3] time 0.618 (0.618) data 0.332 (0.332) loss 2.3886 (2.3886) acc 90.6250 (90.6250) lr 9.9114e-04 eta 0:01:24
epoch [5/50] batch [2/3] time 0.283 (0.450) data 0.000 (0.166) loss 2.1269 (2.2577) acc 96.8750 (93.7500) lr 9.9114e-04 eta 0:01:01
epoch [5/50] batch [3/3] time 0.283 (0.395) data 0.000 (0.111) loss 2.0715 (2.1957) acc 90.6250 (92.7083) lr 9.8429e-04 eta 0:00:53
epoch [6/50] batch [1/3] time 0.644 (0.644) data 0.358 (0.358) loss 1.7799 (1.7799) acc 92.1875 (92.1875) lr 9.8429e-04 eta 0:01:26
epoch [6/50] batch [2/3] time 0.284 (0.464) data 0.000 (0.179) loss 1.7634 (1.7716) acc 95.3125 (93.7500) lr 9.8429e-04 eta 0:01:01
epoch [6/50] batch [3/3] time 0.283 (0.403) data 0.000 (0.120) loss 1.7133 (1.7522) acc 95.3125 (94.2708) lr 9.7553e-04 eta 0:00:53
epoch [7/50] batch [1/3] time 0.627 (0.627) data 0.337 (0.337) loss 1.4868 (1.4868) acc 96.8750 (96.8750) lr 9.7553e-04 eta 0:01:22
epoch [7/50] batch [2/3] time 0.283 (0.455) data 0.000 (0.168) loss 1.5285 (1.5077) acc 93.7500 (95.3125) lr 9.7553e-04 eta 0:00:59
epoch [7/50] batch [3/3] time 0.284 (0.398) data 0.000 (0.112) loss 1.4400 (1.4851) acc 96.8750 (95.8333) lr 9.6489e-04 eta 0:00:51
epoch [8/50] batch [1/3] time 0.637 (0.637) data 0.351 (0.351) loss 1.3764 (1.3764) acc 96.8750 (96.8750) lr 9.6489e-04 eta 0:01:21
epoch [8/50] batch [2/3] time 0.284 (0.460) data 0.000 (0.176) loss 1.3523 (1.3643) acc 96.8750 (96.8750) lr 9.6489e-04 eta 0:00:58
epoch [8/50] batch [3/3] time 0.283 (0.401) data 0.000 (0.117) loss 1.3335 (1.3540) acc 96.8750 (96.8750) lr 9.5241e-04 eta 0:00:50
epoch [9/50] batch [1/3] time 0.606 (0.606) data 0.319 (0.319) loss 1.2658 (1.2658) acc 100.0000 (100.0000) lr 9.5241e-04 eta 0:01:15
epoch [9/50] batch [2/3] time 0.284 (0.445) data 0.000 (0.160) loss 1.2307 (1.2482) acc 100.0000 (100.0000) lr 9.5241e-04 eta 0:00:55
epoch [9/50] batch [3/3] time 0.283 (0.391) data 0.000 (0.107) loss 1.2670 (1.2545) acc 93.7500 (97.9167) lr 9.3815e-04 eta 0:00:48
epoch [10/50] batch [1/3] time 0.618 (0.618) data 0.330 (0.330) loss 1.2069 (1.2069) acc 98.4375 (98.4375) lr 9.3815e-04 eta 0:01:15
epoch [10/50] batch [2/3] time 0.283 (0.451) data 0.000 (0.165) loss 1.1842 (1.1955) acc 98.4375 (98.4375) lr 9.3815e-04 eta 0:00:54
epoch [10/50] batch [3/3] time 0.283 (0.395) data 0.000 (0.110) loss 1.2433 (1.2115) acc 93.7500 (96.8750) lr 9.2216e-04 eta 0:00:47
epoch [11/50] batch [1/3] time 0.628 (0.628) data 0.342 (0.342) loss 1.2133 (1.2133) acc 96.8750 (96.8750) lr 9.2216e-04 eta 0:01:14
epoch [11/50] batch [2/3] time 0.283 (0.456) data 0.000 (0.171) loss 1.1866 (1.1999) acc 98.4375 (97.6562) lr 9.2216e-04 eta 0:00:53
epoch [11/50] batch [3/3] time 0.288 (0.400) data 0.000 (0.114) loss 1.1328 (1.1776) acc 98.4375 (97.9167) lr 9.0451e-04 eta 0:00:46
epoch [12/50] batch [1/3] time 0.625 (0.625) data 0.334 (0.334) loss 1.1320 (1.1320) acc 100.0000 (100.0000) lr 9.0451e-04 eta 0:01:12
epoch [12/50] batch [2/3] time 0.286 (0.455) data 0.000 (0.167) loss 1.1711 (1.1516) acc 96.8750 (98.4375) lr 9.0451e-04 eta 0:00:52
epoch [12/50] batch [3/3] time 0.283 (0.398) data 0.000 (0.112) loss 1.0714 (1.1249) acc 100.0000 (98.9583) lr 8.8526e-04 eta 0:00:45
epoch [13/50] batch [1/3] time 0.651 (0.651) data 0.363 (0.363) loss 1.1119 (1.1119) acc 100.0000 (100.0000) lr 8.8526e-04 eta 0:01:13
epoch [13/50] batch [2/3] time 0.285 (0.468) data 0.000 (0.182) loss 1.0743 (1.0931) acc 100.0000 (100.0000) lr 8.8526e-04 eta 0:00:52
epoch [13/50] batch [3/3] time 0.283 (0.407) data 0.000 (0.121) loss 1.0485 (1.0782) acc 100.0000 (100.0000) lr 8.6448e-04 eta 0:00:45
epoch [14/50] batch [1/3] time 0.651 (0.651) data 0.361 (0.361) loss 1.0816 (1.0816) acc 100.0000 (100.0000) lr 8.6448e-04 eta 0:01:11
epoch [14/50] batch [2/3] time 0.283 (0.467) data 0.000 (0.181) loss 1.0384 (1.0600) acc 100.0000 (100.0000) lr 8.6448e-04 eta 0:00:50
epoch [14/50] batch [3/3] time 0.283 (0.406) data 0.000 (0.121) loss 1.0540 (1.0580) acc 100.0000 (100.0000) lr 8.4227e-04 eta 0:00:43
epoch [15/50] batch [1/3] time 0.647 (0.647) data 0.360 (0.360) loss 1.0590 (1.0590) acc 98.4375 (98.4375) lr 8.4227e-04 eta 0:01:09
epoch [15/50] batch [2/3] time 0.295 (0.471) data 0.000 (0.180) loss 1.0247 (1.0418) acc 100.0000 (99.2188) lr 8.4227e-04 eta 0:00:49
epoch [15/50] batch [3/3] time 0.284 (0.409) data 0.000 (0.120) loss 1.0147 (1.0328) acc 100.0000 (99.4792) lr 8.1871e-04 eta 0:00:42
epoch [16/50] batch [1/3] time 0.723 (0.723) data 0.434 (0.434) loss 0.9940 (0.9940) acc 100.0000 (100.0000) lr 8.1871e-04 eta 0:01:15
epoch [16/50] batch [2/3] time 0.286 (0.504) data 0.000 (0.217) loss 1.0017 (0.9978) acc 100.0000 (100.0000) lr 8.1871e-04 eta 0:00:51
epoch [16/50] batch [3/3] time 0.284 (0.431) data 0.000 (0.145) loss 0.9744 (0.9900) acc 100.0000 (100.0000) lr 7.9389e-04 eta 0:00:43
epoch [17/50] batch [1/3] time 0.643 (0.643) data 0.358 (0.358) loss 0.9553 (0.9553) acc 100.0000 (100.0000) lr 7.9389e-04 eta 0:01:04
epoch [17/50] batch [2/3] time 0.284 (0.464) data 0.000 (0.179) loss 0.9986 (0.9769) acc 100.0000 (100.0000) lr 7.9389e-04 eta 0:00:46
epoch [17/50] batch [3/3] time 0.284 (0.404) data 0.000 (0.119) loss 0.9969 (0.9836) acc 98.4375 (99.4792) lr 7.6791e-04 eta 0:00:39
epoch [18/50] batch [1/3] time 0.717 (0.717) data 0.431 (0.431) loss 1.0260 (1.0260) acc 98.4375 (98.4375) lr 7.6791e-04 eta 0:01:10
epoch [18/50] batch [2/3] time 0.283 (0.500) data 0.000 (0.216) loss 0.9353 (0.9806) acc 100.0000 (99.2188) lr 7.6791e-04 eta 0:00:48
epoch [18/50] batch [3/3] time 0.285 (0.429) data 0.000 (0.144) loss 0.9368 (0.9660) acc 100.0000 (99.4792) lr 7.4088e-04 eta 0:00:41
epoch [19/50] batch [1/3] time 0.649 (0.649) data 0.362 (0.362) loss 0.9300 (0.9300) acc 100.0000 (100.0000) lr 7.4088e-04 eta 0:01:01
epoch [19/50] batch [2/3] time 0.287 (0.468) data 0.000 (0.181) loss 0.9201 (0.9250) acc 100.0000 (100.0000) lr 7.4088e-04 eta 0:00:43
epoch [19/50] batch [3/3] time 0.284 (0.407) data 0.000 (0.121) loss 0.9178 (0.9226) acc 100.0000 (100.0000) lr 7.1289e-04 eta 0:00:37
epoch [20/50] batch [1/3] time 0.624 (0.624) data 0.338 (0.338) loss 0.9183 (0.9183) acc 100.0000 (100.0000) lr 7.1289e-04 eta 0:00:57
epoch [20/50] batch [2/3] time 0.286 (0.455) data 0.000 (0.169) loss 0.9060 (0.9122) acc 100.0000 (100.0000) lr 7.1289e-04 eta 0:00:41
epoch [20/50] batch [3/3] time 0.284 (0.398) data 0.000 (0.113) loss 0.9123 (0.9122) acc 100.0000 (100.0000) lr 6.8406e-04 eta 0:00:35
epoch [21/50] batch [1/3] time 0.621 (0.621) data 0.334 (0.334) loss 0.8997 (0.8997) acc 100.0000 (100.0000) lr 6.8406e-04 eta 0:00:55
epoch [21/50] batch [2/3] time 0.284 (0.453) data 0.000 (0.167) loss 0.8800 (0.8898) acc 100.0000 (100.0000) lr 6.8406e-04 eta 0:00:39
epoch [21/50] batch [3/3] time 0.283 (0.396) data 0.000 (0.112) loss 0.8912 (0.8903) acc 100.0000 (100.0000) lr 6.5451e-04 eta 0:00:34
epoch [22/50] batch [1/3] time 0.628 (0.628) data 0.342 (0.342) loss 0.8679 (0.8679) acc 100.0000 (100.0000) lr 6.5451e-04 eta 0:00:53
epoch [22/50] batch [2/3] time 0.283 (0.456) data 0.000 (0.171) loss 0.8733 (0.8706) acc 100.0000 (100.0000) lr 6.5451e-04 eta 0:00:38
epoch [22/50] batch [3/3] time 0.283 (0.398) data 0.000 (0.114) loss 0.8876 (0.8763) acc 100.0000 (100.0000) lr 6.2434e-04 eta 0:00:33
epoch [23/50] batch [1/3] time 0.634 (0.634) data 0.346 (0.346) loss 0.8513 (0.8513) acc 100.0000 (100.0000) lr 6.2434e-04 eta 0:00:52
epoch [23/50] batch [2/3] time 0.283 (0.459) data 0.000 (0.173) loss 0.8684 (0.8599) acc 98.4375 (99.2188) lr 6.2434e-04 eta 0:00:37
epoch [23/50] batch [3/3] time 0.283 (0.400) data 0.000 (0.115) loss 0.8549 (0.8582) acc 100.0000 (99.4792) lr 5.9369e-04 eta 0:00:32
epoch [24/50] batch [1/3] time 0.640 (0.640) data 0.354 (0.354) loss 0.8616 (0.8616) acc 100.0000 (100.0000) lr 5.9369e-04 eta 0:00:51
epoch [24/50] batch [2/3] time 0.283 (0.462) data 0.000 (0.177) loss 0.8436 (0.8526) acc 100.0000 (100.0000) lr 5.9369e-04 eta 0:00:36
epoch [24/50] batch [3/3] time 0.283 (0.402) data 0.000 (0.118) loss 0.8343 (0.8465) acc 100.0000 (100.0000) lr 5.6267e-04 eta 0:00:31
epoch [25/50] batch [1/3] time 0.654 (0.654) data 0.367 (0.367) loss 0.8308 (0.8308) acc 100.0000 (100.0000) lr 5.6267e-04 eta 0:00:50
epoch [25/50] batch [2/3] time 0.284 (0.469) data 0.000 (0.184) loss 0.8302 (0.8305) acc 100.0000 (100.0000) lr 5.6267e-04 eta 0:00:35
epoch [25/50] batch [3/3] time 0.283 (0.407) data 0.000 (0.123) loss 0.8380 (0.8330) acc 100.0000 (100.0000) lr 5.3140e-04 eta 0:00:30
epoch [26/50] batch [1/3] time 0.649 (0.649) data 0.363 (0.363) loss 0.8325 (0.8325) acc 100.0000 (100.0000) lr 5.3140e-04 eta 0:00:48
epoch [26/50] batch [2/3] time 0.285 (0.467) data 0.000 (0.182) loss 0.8249 (0.8287) acc 100.0000 (100.0000) lr 5.3140e-04 eta 0:00:34
epoch [26/50] batch [3/3] time 0.286 (0.407) data 0.000 (0.121) loss 0.8110 (0.8228) acc 100.0000 (100.0000) lr 5.0000e-04 eta 0:00:29
epoch [27/50] batch [1/3] time 0.675 (0.675) data 0.387 (0.387) loss 0.8092 (0.8092) acc 100.0000 (100.0000) lr 5.0000e-04 eta 0:00:47
epoch [27/50] batch [2/3] time 0.283 (0.479) data 0.000 (0.194) loss 0.8067 (0.8079) acc 100.0000 (100.0000) lr 5.0000e-04 eta 0:00:33
epoch [27/50] batch [3/3] time 0.283 (0.414) data 0.000 (0.129) loss 0.8133 (0.8097) acc 100.0000 (100.0000) lr 4.6860e-04 eta 0:00:28
epoch [28/50] batch [1/3] time 0.665 (0.665) data 0.376 (0.376) loss 0.8159 (0.8159) acc 100.0000 (100.0000) lr 4.6860e-04 eta 0:00:45
epoch [28/50] batch [2/3] time 0.286 (0.475) data 0.000 (0.188) loss 0.7988 (0.8074) acc 100.0000 (100.0000) lr 4.6860e-04 eta 0:00:31
epoch [28/50] batch [3/3] time 0.290 (0.413) data 0.000 (0.126) loss 0.8110 (0.8086) acc 100.0000 (100.0000) lr 4.3733e-04 eta 0:00:27
epoch [29/50] batch [1/3] time 0.675 (0.675) data 0.383 (0.383) loss 0.8122 (0.8122) acc 100.0000 (100.0000) lr 4.3733e-04 eta 0:00:43
epoch [29/50] batch [2/3] time 0.286 (0.481) data 0.000 (0.192) loss 0.7939 (0.8030) acc 100.0000 (100.0000) lr 4.3733e-04 eta 0:00:30
epoch [29/50] batch [3/3] time 0.284 (0.415) data 0.000 (0.128) loss 0.7880 (0.7980) acc 100.0000 (100.0000) lr 4.0631e-04 eta 0:00:26
epoch [30/50] batch [1/3] time 0.638 (0.638) data 0.352 (0.352) loss 0.7853 (0.7853) acc 100.0000 (100.0000) lr 4.0631e-04 eta 0:00:39
epoch [30/50] batch [2/3] time 0.284 (0.461) data 0.000 (0.176) loss 0.7981 (0.7917) acc 100.0000 (100.0000) lr 4.0631e-04 eta 0:00:28
epoch [30/50] batch [3/3] time 0.283 (0.402) data 0.000 (0.118) loss 0.7950 (0.7928) acc 100.0000 (100.0000) lr 3.7566e-04 eta 0:00:24
epoch [31/50] batch [1/3] time 0.622 (0.622) data 0.334 (0.334) loss 0.7799 (0.7799) acc 100.0000 (100.0000) lr 3.7566e-04 eta 0:00:36
epoch [31/50] batch [2/3] time 0.284 (0.453) data 0.000 (0.167) loss 0.7826 (0.7813) acc 100.0000 (100.0000) lr 3.7566e-04 eta 0:00:26
epoch [31/50] batch [3/3] time 0.283 (0.396) data 0.000 (0.112) loss 0.7850 (0.7825) acc 100.0000 (100.0000) lr 3.4549e-04 eta 0:00:22
epoch [32/50] batch [1/3] time 0.632 (0.632) data 0.345 (0.345) loss 0.7749 (0.7749) acc 100.0000 (100.0000) lr 3.4549e-04 eta 0:00:35
epoch [32/50] batch [2/3] time 0.284 (0.458) data 0.000 (0.173) loss 0.7649 (0.7699) acc 100.0000 (100.0000) lr 3.4549e-04 eta 0:00:25
epoch [32/50] batch [3/3] time 0.284 (0.400) data 0.000 (0.115) loss 0.7831 (0.7743) acc 100.0000 (100.0000) lr 3.1594e-04 eta 0:00:21
epoch [33/50] batch [1/3] time 0.653 (0.653) data 0.367 (0.367) loss 0.7654 (0.7654) acc 100.0000 (100.0000) lr 3.1594e-04 eta 0:00:34
epoch [33/50] batch [2/3] time 0.284 (0.468) data 0.000 (0.183) loss 0.7754 (0.7704) acc 100.0000 (100.0000) lr 3.1594e-04 eta 0:00:24
epoch [33/50] batch [3/3] time 0.283 (0.407) data 0.000 (0.122) loss 0.7607 (0.7671) acc 100.0000 (100.0000) lr 2.8711e-04 eta 0:00:20
epoch [34/50] batch [1/3] time 0.649 (0.649) data 0.363 (0.363) loss 0.7654 (0.7654) acc 100.0000 (100.0000) lr 2.8711e-04 eta 0:00:32
epoch [34/50] batch [2/3] time 0.284 (0.466) data 0.000 (0.182) loss 0.7604 (0.7629) acc 100.0000 (100.0000) lr 2.8711e-04 eta 0:00:22
epoch [34/50] batch [3/3] time 0.283 (0.405) data 0.000 (0.121) loss 0.7556 (0.7605) acc 100.0000 (100.0000) lr 2.5912e-04 eta 0:00:19
epoch [35/50] batch [1/3] time 0.630 (0.630) data 0.342 (0.342) loss 0.7474 (0.7474) acc 100.0000 (100.0000) lr 2.5912e-04 eta 0:00:29
epoch [35/50] batch [2/3] time 0.284 (0.457) data 0.000 (0.171) loss 0.7584 (0.7529) acc 100.0000 (100.0000) lr 2.5912e-04 eta 0:00:21
epoch [35/50] batch [3/3] time 0.283 (0.399) data 0.000 (0.114) loss 0.8053 (0.7704) acc 98.4375 (99.4792) lr 2.3209e-04 eta 0:00:17
epoch [36/50] batch [1/3] time 0.646 (0.646) data 0.359 (0.359) loss 0.7560 (0.7560) acc 100.0000 (100.0000) lr 2.3209e-04 eta 0:00:28
epoch [36/50] batch [2/3] time 0.283 (0.465) data 0.000 (0.180) loss 0.7631 (0.7596) acc 100.0000 (100.0000) lr 2.3209e-04 eta 0:00:19
epoch [36/50] batch [3/3] time 0.284 (0.405) data 0.000 (0.120) loss 0.7492 (0.7561) acc 100.0000 (100.0000) lr 2.0611e-04 eta 0:00:16
epoch [37/50] batch [1/3] time 0.627 (0.627) data 0.339 (0.339) loss 0.7494 (0.7494) acc 100.0000 (100.0000) lr 2.0611e-04 eta 0:00:25
epoch [37/50] batch [2/3] time 0.290 (0.458) data 0.000 (0.169) loss 0.7494 (0.7494) acc 100.0000 (100.0000) lr 2.0611e-04 eta 0:00:18
epoch [37/50] batch [3/3] time 0.284 (0.400) data 0.000 (0.113) loss 0.7564 (0.7517) acc 100.0000 (100.0000) lr 1.8129e-04 eta 0:00:15
epoch [38/50] batch [1/3] time 0.644 (0.644) data 0.357 (0.357) loss 0.7498 (0.7498) acc 100.0000 (100.0000) lr 1.8129e-04 eta 0:00:24
epoch [38/50] batch [2/3] time 0.284 (0.464) data 0.000 (0.179) loss 0.7501 (0.7500) acc 100.0000 (100.0000) lr 1.8129e-04 eta 0:00:17
epoch [38/50] batch [3/3] time 0.283 (0.404) data 0.000 (0.119) loss 0.7467 (0.7489) acc 100.0000 (100.0000) lr 1.5773e-04 eta 0:00:14
epoch [39/50] batch [1/3] time 0.661 (0.661) data 0.368 (0.368) loss 0.7484 (0.7484) acc 100.0000 (100.0000) lr 1.5773e-04 eta 0:00:23
epoch [39/50] batch [2/3] time 0.284 (0.473) data 0.000 (0.184) loss 0.7433 (0.7459) acc 100.0000 (100.0000) lr 1.5773e-04 eta 0:00:16
epoch [39/50] batch [3/3] time 0.284 (0.410) data 0.000 (0.123) loss 0.7352 (0.7423) acc 100.0000 (100.0000) lr 1.3552e-04 eta 0:00:13
epoch [40/50] batch [1/3] time 0.740 (0.740) data 0.453 (0.453) loss 0.7467 (0.7467) acc 100.0000 (100.0000) lr 1.3552e-04 eta 0:00:23
epoch [40/50] batch [2/3] time 0.284 (0.512) data 0.000 (0.227) loss 0.7368 (0.7418) acc 100.0000 (100.0000) lr 1.3552e-04 eta 0:00:15
epoch [40/50] batch [3/3] time 0.285 (0.436) data 0.000 (0.151) loss 0.7384 (0.7406) acc 100.0000 (100.0000) lr 1.1474e-04 eta 0:00:13
epoch [41/50] batch [1/3] time 0.650 (0.650) data 0.364 (0.364) loss 0.7479 (0.7479) acc 100.0000 (100.0000) lr 1.1474e-04 eta 0:00:18
epoch [41/50] batch [2/3] time 0.283 (0.467) data 0.000 (0.182) loss 0.7410 (0.7445) acc 100.0000 (100.0000) lr 1.1474e-04 eta 0:00:13
epoch [41/50] batch [3/3] time 0.284 (0.406) data 0.000 (0.121) loss 0.7502 (0.7464) acc 100.0000 (100.0000) lr 9.5492e-05 eta 0:00:10
epoch [42/50] batch [1/3] time 0.654 (0.654) data 0.368 (0.368) loss 0.7488 (0.7488) acc 100.0000 (100.0000) lr 9.5492e-05 eta 0:00:16
epoch [42/50] batch [2/3] time 0.284 (0.469) data 0.000 (0.184) loss 0.7395 (0.7442) acc 100.0000 (100.0000) lr 9.5492e-05 eta 0:00:11
epoch [42/50] batch [3/3] time 0.284 (0.407) data 0.000 (0.123) loss 0.7407 (0.7430) acc 100.0000 (100.0000) lr 7.7836e-05 eta 0:00:09
epoch [43/50] batch [1/3] time 0.651 (0.651) data 0.363 (0.363) loss 0.7400 (0.7400) acc 100.0000 (100.0000) lr 7.7836e-05 eta 0:00:14
epoch [43/50] batch [2/3] time 0.285 (0.468) data 0.000 (0.182) loss 0.7367 (0.7383) acc 100.0000 (100.0000) lr 7.7836e-05 eta 0:00:10
epoch [43/50] batch [3/3] time 0.283 (0.406) data 0.000 (0.121) loss 0.7406 (0.7391) acc 100.0000 (100.0000) lr 6.1847e-05 eta 0:00:08
epoch [44/50] batch [1/3] time 0.612 (0.612) data 0.324 (0.324) loss 0.7419 (0.7419) acc 100.0000 (100.0000) lr 6.1847e-05 eta 0:00:12
epoch [44/50] batch [2/3] time 0.284 (0.448) data 0.000 (0.162) loss 0.7502 (0.7460) acc 100.0000 (100.0000) lr 6.1847e-05 eta 0:00:08
epoch [44/50] batch [3/3] time 0.283 (0.393) data 0.000 (0.108) loss 0.7285 (0.7402) acc 100.0000 (100.0000) lr 4.7586e-05 eta 0:00:07
epoch [45/50] batch [1/3] time 0.684 (0.684) data 0.395 (0.395) loss 0.7462 (0.7462) acc 100.0000 (100.0000) lr 4.7586e-05 eta 0:00:11
epoch [45/50] batch [2/3] time 0.284 (0.484) data 0.000 (0.198) loss 0.7453 (0.7457) acc 100.0000 (100.0000) lr 4.7586e-05 eta 0:00:07
epoch [45/50] batch [3/3] time 0.284 (0.417) data 0.000 (0.132) loss 0.7275 (0.7396) acc 100.0000 (100.0000) lr 3.5112e-05 eta 0:00:06
epoch [46/50] batch [1/3] time 0.688 (0.688) data 0.394 (0.394) loss 0.7506 (0.7506) acc 100.0000 (100.0000) lr 3.5112e-05 eta 0:00:09
epoch [46/50] batch [2/3] time 0.284 (0.486) data 0.000 (0.197) loss 0.7316 (0.7411) acc 100.0000 (100.0000) lr 3.5112e-05 eta 0:00:06
epoch [46/50] batch [3/3] time 0.284 (0.419) data 0.000 (0.132) loss 0.7323 (0.7382) acc 100.0000 (100.0000) lr 2.4472e-05 eta 0:00:05
epoch [47/50] batch [1/3] time 0.643 (0.643) data 0.357 (0.357) loss 0.7357 (0.7357) acc 100.0000 (100.0000) lr 2.4472e-05 eta 0:00:07
epoch [47/50] batch [2/3] time 0.283 (0.463) data 0.000 (0.178) loss 0.7334 (0.7346) acc 100.0000 (100.0000) lr 2.4472e-05 eta 0:00:04
epoch [47/50] batch [3/3] time 0.284 (0.403) data 0.000 (0.119) loss 0.7346 (0.7346) acc 100.0000 (100.0000) lr 1.5708e-05 eta 0:00:03
epoch [48/50] batch [1/3] time 0.637 (0.637) data 0.351 (0.351) loss 0.7323 (0.7323) acc 100.0000 (100.0000) lr 1.5708e-05 eta 0:00:05
epoch [48/50] batch [2/3] time 0.283 (0.460) data 0.000 (0.175) loss 0.7360 (0.7341) acc 100.0000 (100.0000) lr 1.5708e-05 eta 0:00:03
epoch [48/50] batch [3/3] time 0.283 (0.401) data 0.000 (0.117) loss 0.7299 (0.7327) acc 100.0000 (100.0000) lr 8.8564e-06 eta 0:00:02
epoch [49/50] batch [1/3] time 0.641 (0.641) data 0.354 (0.354) loss 0.7533 (0.7533) acc 100.0000 (100.0000) lr 8.8564e-06 eta 0:00:03
epoch [49/50] batch [2/3] time 0.285 (0.463) data 0.000 (0.177) loss 0.7425 (0.7479) acc 100.0000 (100.0000) lr 8.8564e-06 eta 0:00:01
epoch [49/50] batch [3/3] time 0.283 (0.403) data 0.000 (0.118) loss 0.7400 (0.7452) acc 100.0000 (100.0000) lr 3.9426e-06 eta 0:00:01
epoch [50/50] batch [1/3] time 0.644 (0.644) data 0.358 (0.358) loss 0.7338 (0.7338) acc 100.0000 (100.0000) lr 3.9426e-06 eta 0:00:01
epoch [50/50] batch [2/3] time 0.283 (0.464) data 0.000 (0.179) loss 0.7393 (0.7365) acc 100.0000 (100.0000) lr 3.9426e-06 eta 0:00:00
epoch [50/50] batch [3/3] time 0.287 (0.405) data 0.000 (0.119) loss 0.7338 (0.7356) acc 100.0000 (100.0000) lr 9.8664e-07 eta 0:00:00
Checkpoint saved to output_refactor/BayesMMRL/FS/fewshot_train/caltech101/shots_2/ViT-B-16/default/seed3/refactor_model/model.pth.tar-50
Finish training
Deploy the last-epoch model
Evaluate on the *test* set
=> result
* total: 2,465
* correct: 2,336
* accuracy: 94.8%
* error: 5.2%
* macro_f1: 92.0%
=> structured result
* accuracy: 94.7667
* error: 5.2333
* macro_f1: 92.0419
* nll: 0.1523
* brier: 0.0749
* ece: 1.8064
Saved metrics JSON to output_refactor/BayesMMRL/FS/fewshot_train/caltech101/shots_2/ViT-B-16/default/seed3/test_metrics.json
Saved metrics CSV to output_refactor/BayesMMRL/FS/fewshot_train/caltech101/shots_2/ViT-B-16/default/seed3/test_metrics.csv
Saved calibration bins CSV to output_refactor/BayesMMRL/FS/fewshot_train/caltech101/shots_2/ViT-B-16/default/seed3/test_calibration_bins.csv
Elapsed: 0:01:42

============================================================
END: 2026-04-19 12:39:22
STATUS: SUCCESS
============================================================
