============================================================
START: 2026-04-24 01:30:42
STAGE: search_stage
GPU: 0
METHOD: BayesMMRL
PROTOCOL: FS
EXEC_MODE: online
DATASET: caltech101
SHOTS: 16
SEED: 1
TAG: rep_zero_sig-per_token_pstd-0.02_kl-5e-4
DATA_ROOT: DATASETS
OUTPUT_ROOT: output_sweeps/bayes_mmrl_rep_tokens_only/coarse3/search_stage
BACKBONE: ViT-B/16
============================================================
[run] REP_TOKENS_SEARCH | dataset=caltech101 | shot=16 | seed=1 | tag=rep_zero_sig-per_token_pstd-0.02_kl-5e-4
[info] rep_tokens-only stage
[info] EVAL_MODE=mc_predictive, EVAL_AGGREGATION=logit_mean
[info] KL_WARMUP_EPOCHS=8
Setting fixed seed: 1
***************
** Arguments **
***************
dataset_config_file: configs/datasets/caltech101.yaml
eval_only: False
exec_mode: online
exp_config: 
load_epoch: None
method: BayesMMRL
method_config_file: configs/methods/bayesmmrl.yaml
model_dir: 
no_train: False
opts: ['DATASET.NUM_SHOTS', '16', 'DATASET.SUBSAMPLE_CLASSES', 'all', 'MODEL.BACKBONE.NAME', 'ViT-B/16', 'BAYES_MMRL.ALPHA', '0.7', 'BAYES_MMRL.REG_WEIGHT', '0.5', 'BAYES_MMRL.N_REP_TOKENS', '5', 'BAYES_MMRL.REP_LAYERS', '[6,7,8,9,10,11,12]', 'BAYES_MMRL.REP_DIM', '512', 'BAYES_MMRL.N_MC_TRAIN', '3', 'BAYES_MMRL.N_MC_TEST', '10', 'BAYES_MMRL.EVAL_MODE', 'mc_predictive', 'BAYES_MMRL.EVAL_USE_POSTERIOR_MEAN', 'False', 'BAYES_MMRL.EVAL_AGGREGATION', 'logit_mean', 'BAYES_MMRL.KL_WARMUP_EPOCHS', '8', 'BAYES_MMRL.BAYES_TARGET', 'rep_tokens', 'BAYES_MMRL.REP_PRIOR_MODE', 'zero', 'BAYES_MMRL.REP_SIGMA_MODE', 'per_token', 'BAYES_MMRL.REP_PRIOR_STD', '0.02', 'BAYES_MMRL.REP_KL_WEIGHT', '5e-4']
output_dir: output_sweeps/bayes_mmrl_rep_tokens_only/coarse3/search_stage/BayesMMRL/FS/fewshot_train/caltech101/shots_16/ViT-B-16/rep_zero_sig-per_token_pstd-0.02_kl-5e-4/seed1
protocol: FS
protocol_config_file: configs/protocols/fs.yaml
root: DATASETS
runtime_config_file: configs/runtime/default.yaml
seed: 1
trainer: RefactorRunner
************
** Config **
************
BAYES_MMRL:
  ALPHA: 0.7
  BAYES_TARGET: rep_tokens
  CLIP_PRIOR_BLEND: 0.5
  CLIP_PRIOR_SCALE: 0.05
  EVAL_AGGREGATION: logit_mean
  EVAL_MODE: mc_predictive
  EVAL_USE_POSTERIOR_MEAN: False
  KL_WARMUP_EPOCHS: 8
  KL_WEIGHT: 0.0005
  N_MC_TEST: 10
  N_MC_TRAIN: 3
  N_REP_TOKENS: 5
  PREC: amp
  PRIOR_STD: 0.05
  PROJ_REP_KL_WEIGHT: 1e-06
  PROJ_REP_PRIOR_MODE: clip_proj
  PROJ_REP_PRIOR_STD: 0.01
  PROJ_REP_SIGMA_MODE: row
  REG_WEIGHT: 0.5
  REP_DIM: 512
  REP_KL_WEIGHT: 0.0005
  REP_LAYERS: [6, 7, 8, 9, 10, 11, 12]
  REP_MN_ENFORCE_TRACE: True
  REP_MN_LOWRANK_RANK: 8
  REP_PRIOR_MODE: zero
  REP_PRIOR_STD: 0.02
  REP_SIGMA_MODE: per_token
  SIGMA_MODE: global
CLIP_ADAPTERS:
  ALLOW_CACHE: True
  BAYES_KL_SCALE: 1.0
  BAYES_PRIOR_STD: 0.01
  CONSTRAINT: none
  ENHANCED_BASE: none
  INIT: ZS
  KL_WEIGHT: 0.0001
  N_SAMPLES: 3
  N_TEST_SAMPLES: 10
  PREC: fp32
  TYPE: MP
DATALOADER:
  K_TRANSFORMS: 1
  NUM_WORKERS: 8
  RETURN_IMG0: False
  TEST:
    BATCH_SIZE: 250
    SAMPLER: SequentialSampler
  TRAIN_U:
    BATCH_SIZE: 32
    N_DOMAIN: 0
    N_INS: 16
    SAME_AS_X: True
    SAMPLER: RandomSampler
  TRAIN_X:
    BATCH_SIZE: 32
    N_DOMAIN: 0
    N_INS: 16
    SAMPLER: RandomSampler
DATASET:
  ALL_AS_UNLABELED: False
  CIFAR_C_LEVEL: 1
  CIFAR_C_TYPE: 
  NAME: Caltech101
  NUM_LABELED: -1
  NUM_SHOTS: 16
  ROOT: DATASETS
  SOURCE_DOMAINS: ()
  STL10_FOLD: -1
  SUBSAMPLE_CLASSES: all
  TARGET_DOMAINS: ()
  VAL_PERCENT: 0.1
INPUT:
  COLORJITTER_B: 0.4
  COLORJITTER_C: 0.4
  COLORJITTER_H: 0.1
  COLORJITTER_S: 0.4
  CROP_PADDING: 4
  CUTOUT_LEN: 16
  CUTOUT_N: 1
  GB_K: 21
  GB_P: 0.5
  GN_MEAN: 0.0
  GN_STD: 0.15
  INTERPOLATION: bicubic
  NO_TRANSFORM: False
  PIXEL_MEAN: [0.48145466, 0.4578275, 0.40821073]
  PIXEL_STD: [0.26862954, 0.26130258, 0.27577711]
  RANDAUGMENT_M: 10
  RANDAUGMENT_N: 2
  RGS_P: 0.2
  RRCROP_SCALE: (0.5, 1)
  SIZE: (224, 224)
  TRANSFORMS: ('random_resized_crop', 'random_flip', 'normalize')
METHOD:
  EXEC_MODE: online
  FAMILY: internal_adaptation
  NAME: BayesMMRL
  TAG: default
MMRL:
  ALPHA: 0.7
  N_REP_TOKENS: 5
  PREC: amp
  REG_WEIGHT: 1.0
  REP_DIM: 512
  REP_LAYERS: [6, 7, 8, 9, 10, 11, 12]
MMRLPP:
  ALPHA: 0.7
  BETA: 0.9
  N_REP_TOKENS: 5
  PREC: amp
  PROJ_LORA_DIM: 64
  REG_WEIGHT: 1.0
  REP_DIM: 512
  REP_LAYERS: [6, 7, 8, 9, 10, 11, 12]
  RES_LORA_DIM: 4
MMRL_MIX:
  ALPHA: 0.7
  LOSS_FUSE_WEIGHT: 0.2
  LOSS_MAIN_WEIGHT: 1.0
  LOSS_REP_WEIGHT: 1.0
  N_REP_TOKENS: 5
  PREC: amp
  REG_WEIGHT: 1.0
  REP_DIM: 512
  REP_LAYERS: [6, 7, 8, 9, 10, 11, 12]
MODEL:
  BACKBONE:
    NAME: ViT-B/16
    PRETRAINED: True
  HEAD:
    ACTIVATION: relu
    BN: True
    DROPOUT: 0.0
    HIDDEN_LAYERS: ()
    NAME: 
  INIT_WEIGHTS: 
OPTIM:
  ADAM_BETA1: 0.9
  ADAM_BETA2: 0.999
  BASE_LR_MULT: 0.1
  GAMMA: 0.1
  LR: 0.001
  LR_SCHEDULER: cosine
  MAX_EPOCH: 50
  MOMENTUM: 0.9
  NAME: adamw
  NEW_LAYERS: ()
  RMSPROP_ALPHA: 0.99
  SGD_DAMPNING: 0
  SGD_NESTEROV: False
  STAGED_LR: False
  STEPSIZE: (-1,)
  WARMUP_CONS_LR: 1e-05
  WARMUP_EPOCH: 1
  WARMUP_MIN_LR: 1e-05
  WARMUP_RECOUNT: True
  WARMUP_TYPE: constant
  WEIGHT_DECAY: 0.0005
OUTPUT_DIR: output_sweeps/bayes_mmrl_rep_tokens_only/coarse3/search_stage/BayesMMRL/FS/fewshot_train/caltech101/shots_16/ViT-B-16/rep_zero_sig-per_token_pstd-0.02_kl-5e-4/seed1
PROTOCOL:
  NAME: FS
  PHASE: fewshot_train
RESUME: 
RUNTIME:
  OUTPUT_ROOT: output_refactor
  USE_DASSL_TRAINER_BRIDGE: True
SEED: 1
TASK: FS
TEST:
  COMPUTE_CMAT: False
  EVALUATOR: Classification
  FINAL_MODEL: last_step
  NO_TEST: False
  PER_CLASS_RESULT: False
  SPLIT: test
TRAIN:
  CHECKPOINT_FREQ: 0
  COUNT_ITER: train_x
  PRINT_FREQ: 20
TRAINER:
  BayesMMRL:
    ALPHA: 0.7
    BAYES_TARGET: rep_tokens
    CLIP_PRIOR_BLEND: 0.5
    CLIP_PRIOR_SCALE: 0.05
    EVAL_AGGREGATION: logit_mean
    EVAL_MODE: mc_predictive
    EVAL_USE_POSTERIOR_MEAN: False
    KL_WARMUP_EPOCHS: 8
    KL_WEIGHT: 0.0005
    N_MC_TEST: 10
    N_MC_TRAIN: 3
    N_REP_TOKENS: 5
    PREC: amp
    PRIOR_STD: 0.02
    PROJ_REP_KL_WEIGHT: 1e-06
    PROJ_REP_PRIOR_MODE: clip_proj
    PROJ_REP_PRIOR_STD: 0.01
    PROJ_REP_SIGMA_MODE: row
    REG_WEIGHT: 0.5
    REP_DIM: 512
    REP_KL_WEIGHT: 0.0005
    REP_LAYERS: [6, 7, 8, 9, 10, 11, 12]
    REP_MN_ENFORCE_TRACE: True
    REP_MN_LOWRANK_RANK: 8
    REP_PRIOR_MODE: zero
    REP_PRIOR_STD: 0.02
    REP_SIGMA_MODE: per_token
    SIGMA_MODE: per_token
  CDAC:
    CLASS_LR_MULTI: 10
    P_THRESH: 0.95
    RAMPUP_COEF: 30
    RAMPUP_ITRS: 1000
    STRONG_TRANSFORMS: ()
    TOPK_MATCH: 5
  CROSSGRAD:
    ALPHA_D: 0.5
    ALPHA_F: 0.5
    EPS_D: 1.0
    EPS_F: 1.0
  ClipADAPTER:
    ALLOW_CACHE: True
    CONSTRAINT: none
    ENHANCED_BASE: none
    INIT: ZS
    PREC: fp32
    TYPE: MP
  DAEL:
    CONF_THRE: 0.95
    STRONG_TRANSFORMS: ()
    WEIGHT_U: 0.5
  DAELDG:
    CONF_THRE: 0.95
    STRONG_TRANSFORMS: ()
    WEIGHT_U: 0.5
  DDAIG:
    ALPHA: 0.5
    CLAMP: False
    CLAMP_MAX: 1.0
    CLAMP_MIN: -1.0
    G_ARCH: 
    LMDA: 0.3
    WARMUP: 0
  DOMAINMIX:
    ALPHA: 1.0
    BETA: 1.0
    TYPE: crossdomain
  ENTMIN:
    LMDA: 0.001
  FIXMATCH:
    CONF_THRE: 0.95
    STRONG_TRANSFORMS: ()
    WEIGHT_U: 1.0
  M3SDA:
    LMDA: 0.5
    N_STEP_F: 4
  MCD:
    N_STEP_F: 4
  MEANTEACHER:
    EMA_ALPHA: 0.999
    RAMPUP: 5
    WEIGHT_U: 1.0
  MIXMATCH:
    MIXUP_BETA: 0.75
    RAMPUP: 20000
    TEMP: 2.0
    WEIGHT_U: 100.0
  MME:
    LMDA: 0.1
  MMRL:
    ALPHA: 0.7
    N_REP_TOKENS: 5
    PREC: amp
    REG_WEIGHT: 1.0
    REP_DIM: 512
    REP_LAYERS: [6, 7, 8, 9, 10, 11, 12]
  MMRLMix:
    ALPHA: 0.7
    LOSS_FUSE_WEIGHT: 0.2
    LOSS_MAIN_WEIGHT: 1.0
    LOSS_REP_WEIGHT: 1.0
    N_REP_TOKENS: 5
    PREC: amp
    REG_WEIGHT: 1.0
    REP_DIM: 512
    REP_LAYERS: [6, 7, 8, 9, 10, 11, 12]
  MMRLpp:
    ALPHA: 0.7
    BETA: 0.9
    N_REP_TOKENS: 5
    PREC: amp
    PROJ_LORA_DIM: 64
    REG_WEIGHT: 1.0
    REP_DIM: 512
    REP_LAYERS: [6, 7, 8, 9, 10, 11, 12]
    RES_LORA_DIM: 4
  NAME: RefactorRunner
  SE:
    CONF_THRE: 0.95
    EMA_ALPHA: 0.999
    RAMPUP: 300
USE_CUDA: True
VERBOSE: True
VERSION: 1
Collecting env info ...
** System info **
PyTorch version: 2.11.0+cu128
Is debug build: False
CUDA used to build PyTorch: 12.8
ROCM used to build PyTorch: N/A

OS: Ubuntu 22.04.1 LTS (x86_64)
GCC version: (Ubuntu 11.3.0-1ubuntu1~22.04) 11.3.0
Clang version: Could not collect
CMake version: version 3.22.1
Libc version: glibc-2.35

Python version: 3.10.20 (main, Mar 11 2026, 17:46:40) [GCC 14.3.0] (64-bit runtime)
Python platform: Linux-5.15.0-78-generic-x86_64-with-glibc2.35
Is CUDA available: True
CUDA runtime version: 11.8.89
CUDA_MODULE_LOADING set to: 
GPU models and configuration: 
GPU 0: NVIDIA GeForce RTX 5090
GPU 1: NVIDIA GeForce RTX 5090
GPU 2: NVIDIA GeForce RTX 5090

Nvidia driver version: 595.58.03
cuDNN version: Probably one of the following:
/usr/lib/x86_64-linux-gnu/libcudnn.so.8.6.0
/usr/lib/x86_64-linux-gnu/libcudnn_adv_infer.so.8.6.0
/usr/lib/x86_64-linux-gnu/libcudnn_adv_train.so.8.6.0
/usr/lib/x86_64-linux-gnu/libcudnn_cnn_infer.so.8.6.0
/usr/lib/x86_64-linux-gnu/libcudnn_cnn_train.so.8.6.0
/usr/lib/x86_64-linux-gnu/libcudnn_ops_infer.so.8.6.0
/usr/lib/x86_64-linux-gnu/libcudnn_ops_train.so.8.6.0
Is XPU available: False
HIP runtime version: N/A
MIOpen runtime version: N/A
Is XNNPACK available: True
Caching allocator config: N/A

CPU:
Architecture:                    x86_64
CPU op-mode(s):                  32-bit, 64-bit
Address sizes:                   52 bits physical, 57 bits virtual
Byte Order:                      Little Endian
CPU(s):                          208
On-line CPU(s) list:             0-207
Vendor ID:                       GenuineIntel
Model name:                      Intel(R) Xeon(R) Platinum 8470Q
CPU family:                      6
Model:                           143
Thread(s) per core:              2
Core(s) per socket:              52
Socket(s):                       2
Stepping:                        8
Frequency boost:                 enabled
CPU max MHz:                     2101.0000
CPU min MHz:                     800.0000
BogoMIPS:                        4200.00
Flags:                           fpu vme de pse tsc msr pae mce cx8 apic sep mtrr pge mca cmov pat pse36 clflush dts acpi mmx fxsr sse sse2 ss ht tm pbe syscall nx pdpe1gb rdtscp lm constant_tsc art arch_perfmon pebs bts rep_good nopl xtopology nonstop_tsc cpuid aperfmperf tsc_known_freq pni pclmulqdq dtes64 ds_cpl vmx smx est tm2 ssse3 sdbg fma cx16 xtpr pdcm pcid dca sse4_1 sse4_2 x2apic movbe popcnt tsc_deadline_timer aes xsave avx f16c rdrand lahf_lm abm 3dnowprefetch cpuid_fault epb cat_l3 cat_l2 cdp_l3 invpcid_single intel_ppin cdp_l2 ssbd mba ibrs ibpb stibp ibrs_enhanced tpr_shadow vnmi flexpriority ept vpid ept_ad fsgsbase tsc_adjust bmi1 avx2 smep bmi2 erms invpcid cqm rdt_a avx512f avx512dq rdseed adx smap avx512ifma clflushopt clwb intel_pt avx512cd sha_ni avx512bw avx512vl xsaveopt xsavec xgetbv1 xsaves cqm_llc cqm_occup_llc cqm_mbm_total cqm_mbm_local split_lock_detect avx_vnni avx512_bf16 wbnoinvd dtherm ida arat pln pts avx512vbmi umip pku ospke waitpkg avx512_vbmi2 gfni vaes vpclmulqdq avx512_vnni avx512_bitalg tme avx512_vpopcntdq la57 rdpid bus_lock_detect cldemote movdiri movdir64b enqcmd fsrm md_clear serialize tsxldtrk pconfig arch_lbr amx_bf16 avx512_fp16 amx_tile amx_int8 flush_l1d arch_capabilities
Virtualization:                  VT-x
L1d cache:                       4.9 MiB (104 instances)
L1i cache:                       3.3 MiB (104 instances)
L2 cache:                        208 MiB (104 instances)
L3 cache:                        210 MiB (2 instances)
NUMA node(s):                    2
NUMA node0 CPU(s):               0-51,104-155
NUMA node1 CPU(s):               52-103,156-207
Vulnerability Itlb multihit:     Not affected
Vulnerability L1tf:              Not affected
Vulnerability Mds:               Not affected
Vulnerability Meltdown:          Not affected
Vulnerability Mmio stale data:   Not affected
Vulnerability Retbleed:          Not affected
Vulnerability Spec store bypass: Mitigation; Speculative Store Bypass disabled via prctl and seccomp
Vulnerability Spectre v1:        Mitigation; usercopy/swapgs barriers and __user pointer sanitization
Vulnerability Spectre v2:        Mitigation; Enhanced IBRS, IBPB conditional, RSB filling, PBRSB-eIBRS SW sequence
Vulnerability Srbds:             Not affected
Vulnerability Tsx async abort:   Not affected

Versions of relevant libraries:
[pip3] flake8==3.7.9
[pip3] numpy==2.2.6
[pip3] nvidia-cublas-cu12==12.8.4.1
[pip3] nvidia-cuda-cupti-cu12==12.8.90
[pip3] nvidia-cuda-nvrtc-cu12==12.8.93
[pip3] nvidia-cuda-runtime-cu12==12.8.90
[pip3] nvidia-cudnn-cu12==9.19.0.56
[pip3] nvidia-cufft-cu12==11.3.3.83
[pip3] nvidia-curand-cu12==10.3.9.90
[pip3] nvidia-cusolver-cu12==11.7.3.90
[pip3] nvidia-cusparse-cu12==12.5.8.93
[pip3] nvidia-cusparselt-cu12==0.7.1
[pip3] nvidia-nccl-cu12==2.28.9
[pip3] nvidia-nvjitlink-cu12==12.8.93
[pip3] nvidia-nvtx-cu12==12.8.90
[pip3] torch==2.11.0+cu128
[pip3] torchaudio==2.11.0+cu128
[pip3] torchvision==0.26.0+cu128
[pip3] triton==3.6.0
[conda] numpy                     2.2.6                    pypi_0    pypi
[conda] nvidia-cublas-cu12        12.8.4.1                 pypi_0    pypi
[conda] nvidia-cuda-cupti-cu12    12.8.90                  pypi_0    pypi
[conda] nvidia-cuda-nvrtc-cu12    12.8.93                  pypi_0    pypi
[conda] nvidia-cuda-runtime-cu12  12.8.90                  pypi_0    pypi
[conda] nvidia-cudnn-cu12         9.19.0.56                pypi_0    pypi
[conda] nvidia-cufft-cu12         11.3.3.83                pypi_0    pypi
[conda] nvidia-curand-cu12        10.3.9.90                pypi_0    pypi
[conda] nvidia-cusolver-cu12      11.7.3.90                pypi_0    pypi
[conda] nvidia-cusparse-cu12      12.5.8.93                pypi_0    pypi
[conda] nvidia-cusparselt-cu12    0.7.1                    pypi_0    pypi
[conda] nvidia-nccl-cu12          2.28.9                   pypi_0    pypi
[conda] nvidia-nvjitlink-cu12     12.8.93                  pypi_0    pypi
[conda] nvidia-nvtx-cu12          12.8.90                  pypi_0    pypi
[conda] torch                     2.11.0+cu128             pypi_0    pypi
[conda] torchaudio                2.11.0+cu128             pypi_0    pypi
[conda] torchvision               0.26.0+cu128             pypi_0    pypi
[conda] triton                    3.6.0                    pypi_0    pypi
        Pillow (12.1.1)

Loading trainer: RefactorRunner
Loading dataset: Caltech101
Reading split from /root/autodl-tmp/MMRL/DATASETS/caltech-101/split_zhou_Caltech101.json
Loading preprocessed few-shot data from /root/autodl-tmp/MMRL/DATASETS/caltech-101/split_fewshot/shot_16-seed_1.pkl
Building transform_train
+ random resized crop (size=(224, 224), scale=(0.5, 1))
+ random flip
+ to torch tensor of range [0, 1]
+ normalization (mean=[0.48145466, 0.4578275, 0.40821073], std=[0.26862954, 0.26130258, 0.27577711])
Building transform_test
+ resize the smaller edge to 224
+ 224x224 center crop
+ to torch tensor of range [0, 1]
+ normalization (mean=[0.48145466, 0.4578275, 0.40821073], std=[0.26862954, 0.26130258, 0.27577711])
---------  ----------
Dataset    Caltech101
# classes  100
# train_x  1,600
# val      400
# test     2,465
---------  ----------
/root/autodl-tmp/MMRL/trainers/refactor_runner.py:61: FutureWarning: `torch.cuda.amp.GradScaler(args...)` is deprecated. Please use `torch.amp.GradScaler('cuda', args...)` instead.
  self.scaler = GradScaler() if prec == "amp" else None
[BayesMMRLMethod] trainable params: {'representation_learner.rep_posterior.posterior_rho', 'representation_learner.compound_rep_tokens_r2tproj.0.bias', 'representation_learner.compound_rep_tokens_r2tproj.1.weight', 'representation_learner.compound_rep_tokens_r2vproj.2.bias', 'representation_learner.compound_rep_tokens_r2vproj.1.bias', 'representation_learner.compound_rep_tokens_r2tproj.0.weight', 'representation_learner.compound_rep_tokens_r2vproj.0.bias', 'representation_learner.compound_rep_tokens_r2tproj.6.bias', 'representation_learner.compound_rep_tokens_r2tproj.4.bias', 'representation_learner.compound_rep_tokens_r2vproj.3.bias', 'representation_learner.rep_posterior.posterior_mean', 'representation_learner.compound_rep_tokens_r2vproj.4.bias', 'representation_learner.compound_rep_tokens_r2tproj.2.bias', 'representation_learner.compound_rep_tokens_r2tproj.5.bias', 'representation_learner.compound_rep_tokens_r2tproj.3.bias', 'representation_learner.compound_rep_tokens_r2vproj.1.weight', 'representation_learner.compound_rep_tokens_r2vproj.3.weight', 'representation_learner.compound_rep_tokens_r2vproj.2.weight', 'representation_learner.compound_rep_tokens_r2vproj.6.bias', 'representation_learner.compound_rep_tokens_r2tproj.2.weight', 'representation_learner.compound_rep_tokens_r2tproj.3.weight', 'representation_learner.compound_rep_tokens_r2vproj.5.weight', 'representation_learner.compound_rep_tokens_r2vproj.0.weight', 'representation_learner.compound_rep_tokens_r2vproj.5.bias', 'image_encoder.proj_rep', 'representation_learner.compound_rep_tokens_r2vproj.6.weight', 'representation_learner.compound_rep_tokens_r2vproj.4.weight', 'representation_learner.compound_rep_tokens_r2tproj.1.bias', 'representation_learner.compound_rep_tokens_r2tproj.5.weight', 'representation_learner.compound_rep_tokens_r2tproj.6.weight', 'representation_learner.compound_rep_tokens_r2tproj.4.weight'}
Loading evaluator: Classification
No checkpoint found, train from scratch
Initialize tensorboard (log_dir=output_sweeps/bayes_mmrl_rep_tokens_only/coarse3/search_stage/BayesMMRL/FS/fewshot_train/caltech101/shots_16/ViT-B-16/rep_zero_sig-per_token_pstd-0.02_kl-5e-4/seed1/tensorboard)
/root/autodl-tmp/MMRL/executors/online_executor.py:48: FutureWarning: `torch.cuda.amp.autocast(args...)` is deprecated. Please use `torch.amp.autocast('cuda', args...)` instead.
  with autocast():
epoch [1/50] batch [20/50] time 0.139 (0.259) data 0.000 (0.056) loss 2.1448 (2.2288) acc 93.7500 (88.1250) data_term 2.1448 (2.2288) raw_kl_rep 0.0431 (0.0158) raw_kl_proj_rep 0.0000 (0.0000) kl_rep_term 0.0000 (0.0000) kl_proj_rep_term 0.0000 (0.0000) kl_term 0.0000 (0.0000) kl_normalizer 50.0000 (50.0000) kl_beta 0.0000 (0.0000) lr 1.0000e-05 eta 0:10:42
epoch [1/50] batch [40/50] time 0.193 (0.234) data 0.000 (0.028) loss 1.9322 (2.1688) acc 93.7500 (88.2812) data_term 1.9322 (2.1688) raw_kl_rep 0.1471 (0.0550) raw_kl_proj_rep 0.0000 (0.0000) kl_rep_term 0.0000 (0.0000) kl_proj_rep_term 0.0000 (0.0000) kl_term 0.0000 (0.0000) kl_normalizer 50.0000 (50.0000) kl_beta 0.0000 (0.0000) lr 1.0000e-05 eta 0:09:34
epoch [2/50] batch [20/50] time 0.148 (0.194) data 0.000 (0.027) loss 0.2857 (1.1200) acc 100.0000 (87.9688) data_term 0.2857 (1.1200) raw_kl_rep 154.0221 (61.6955) raw_kl_proj_rep 0.0000 (0.0000) kl_rep_term 0.0000 (0.0000) kl_proj_rep_term 0.0000 (0.0000) kl_term 0.0000 (0.0000) kl_normalizer 50.0000 (50.0000) kl_beta 0.0000 (0.0000) lr 1.0000e-03 eta 0:07:52
epoch [2/50] batch [40/50] time 0.167 (0.197) data 0.000 (0.014) loss 0.3220 (0.7265) acc 93.7500 (90.7812) data_term 0.3220 (0.7265) raw_kl_rep 264.5089 (144.9028) raw_kl_proj_rep 0.0000 (0.0000) kl_rep_term 0.0000 (0.0000) kl_proj_rep_term 0.0000 (0.0000) kl_term 0.0000 (0.0000) kl_normalizer 50.0000 (50.0000) kl_beta 0.0000 (0.0000) lr 1.0000e-03 eta 0:07:55
epoch [3/50] batch [20/50] time 0.125 (0.184) data 0.000 (0.030) loss 0.2820 (0.2212) acc 93.7500 (95.0000) data_term 0.2820 (0.2212) raw_kl_rep 268.4448 (270.8018) raw_kl_proj_rep 0.0000 (0.0000) kl_rep_term 0.0000 (0.0000) kl_proj_rep_term 0.0000 (0.0000) kl_term 0.0000 (0.0000) kl_normalizer 50.0000 (50.0000) kl_beta 0.0000 (0.0000) lr 9.9901e-04 eta 0:07:16
epoch [3/50] batch [40/50] time 0.139 (0.174) data 0.000 (0.015) loss 0.1811 (0.2308) acc 100.0000 (94.6094) data_term 0.1811 (0.2308) raw_kl_rep 271.1047 (270.2011) raw_kl_proj_rep 0.0000 (0.0000) kl_rep_term 0.0000 (0.0000) kl_proj_rep_term 0.0000 (0.0000) kl_term 0.0000 (0.0000) kl_normalizer 50.0000 (50.0000) kl_beta 0.0000 (0.0000) lr 9.9901e-04 eta 0:06:50
epoch [4/50] batch [20/50] time 0.236 (0.215) data 0.000 (0.029) loss 0.1443 (0.1800) acc 93.7500 (95.7812) data_term 0.1443 (0.1800) raw_kl_rep 263.1909 (259.1258) raw_kl_proj_rep 0.0000 (0.0000) kl_rep_term 0.0000 (0.0000) kl_proj_rep_term 0.0000 (0.0000) kl_term 0.0000 (0.0000) kl_normalizer 50.0000 (50.0000) kl_beta 0.0000 (0.0000) lr 9.9606e-04 eta 0:08:21
epoch [4/50] batch [40/50] time 0.211 (0.216) data 0.001 (0.015) loss 0.0964 (0.1628) acc 100.0000 (96.2500) data_term 0.0964 (0.1628) raw_kl_rep 268.2543 (263.5613) raw_kl_proj_rep 0.0000 (0.0000) kl_rep_term 0.0000 (0.0000) kl_proj_rep_term 0.0000 (0.0000) kl_term 0.0000 (0.0000) kl_normalizer 50.0000 (50.0000) kl_beta 0.0000 (0.0000) lr 9.9606e-04 eta 0:08:20
epoch [5/50] batch [20/50] time 0.176 (0.289) data 0.000 (0.033) loss 0.0869 (0.1489) acc 100.0000 (96.7188) data_term 0.0869 (0.1489) raw_kl_rep 280.1162 (274.2604) raw_kl_proj_rep 0.0000 (0.0000) kl_rep_term 0.0000 (0.0000) kl_proj_rep_term 0.0000 (0.0000) kl_term 0.0000 (0.0000) kl_normalizer 50.0000 (50.0000) kl_beta 0.0000 (0.0000) lr 9.9114e-04 eta 0:10:59
epoch [5/50] batch [40/50] time 0.373 (0.255) data 0.000 (0.017) loss 0.1758 (0.1589) acc 96.8750 (96.5625) data_term 0.1758 (0.1589) raw_kl_rep 294.2043 (280.6224) raw_kl_proj_rep 0.0000 (0.0000) kl_rep_term 0.0000 (0.0000) kl_proj_rep_term 0.0000 (0.0000) kl_term 0.0000 (0.0000) kl_normalizer 50.0000 (50.0000) kl_beta 0.0000 (0.0000) lr 9.9114e-04 eta 0:09:37
epoch [6/50] batch [20/50] time 0.162 (0.294) data 0.000 (0.031) loss 0.1167 (0.1364) acc 93.7500 (97.3438) data_term 0.1167 (0.1364) raw_kl_rep 309.9940 (307.8293) raw_kl_proj_rep 0.0000 (0.0000) kl_rep_term 0.0000 (0.0000) kl_proj_rep_term 0.0000 (0.0000) kl_term 0.0000 (0.0000) kl_normalizer 50.0000 (50.0000) kl_beta 0.0000 (0.0000) lr 9.8429e-04 eta 0:10:54
epoch [6/50] batch [40/50] time 0.182 (0.246) data 0.000 (0.015) loss 0.0910 (0.1385) acc 96.8750 (97.5781) data_term 0.0910 (0.1385) raw_kl_rep 329.1515 (314.3954) raw_kl_proj_rep 0.0000 (0.0000) kl_rep_term 0.0000 (0.0000) kl_proj_rep_term 0.0000 (0.0000) kl_term 0.0000 (0.0000) kl_normalizer 50.0000 (50.0000) kl_beta 0.0000 (0.0000) lr 9.8429e-04 eta 0:09:02
epoch [7/50] batch [20/50] time 0.188 (0.250) data 0.000 (0.031) loss 0.5368 (0.1722) acc 81.2500 (96.2500) data_term 0.5368 (0.1722) raw_kl_rep 339.1399 (340.9227) raw_kl_proj_rep 0.0000 (0.0000) kl_rep_term 0.0000 (0.0000) kl_proj_rep_term 0.0000 (0.0000) kl_term 0.0000 (0.0000) kl_normalizer 50.0000 (50.0000) kl_beta 0.0000 (0.0000) lr 9.7553e-04 eta 0:09:05
epoch [7/50] batch [40/50] time 0.394 (0.235) data 0.000 (0.016) loss 0.0939 (0.1513) acc 96.8750 (96.8750) data_term 0.0939 (0.1513) raw_kl_rep 350.5452 (341.8876) raw_kl_proj_rep 0.0000 (0.0000) kl_rep_term 0.0000 (0.0000) kl_proj_rep_term 0.0000 (0.0000) kl_term 0.0000 (0.0000) kl_normalizer 50.0000 (50.0000) kl_beta 0.0000 (0.0000) lr 9.7553e-04 eta 0:08:28
epoch [8/50] batch [20/50] time 0.197 (0.269) data 0.000 (0.029) loss 0.1182 (0.1385) acc 100.0000 (97.3438) data_term 0.1182 (0.1385) raw_kl_rep 363.3882 (361.6647) raw_kl_proj_rep 0.0000 (0.0000) kl_rep_term 0.0000 (0.0000) kl_proj_rep_term 0.0000 (0.0000) kl_term 0.0000 (0.0000) kl_normalizer 50.0000 (50.0000) kl_beta 0.0000 (0.0000) lr 9.6489e-04 eta 0:09:32
epoch [8/50] batch [40/50] time 0.249 (0.244) data 0.000 (0.015) loss 0.1751 (0.1183) acc 96.8750 (98.0469) data_term 0.1751 (0.1183) raw_kl_rep 359.9854 (360.3729) raw_kl_proj_rep 0.0000 (0.0000) kl_rep_term 0.0000 (0.0000) kl_proj_rep_term 0.0000 (0.0000) kl_term 0.0000 (0.0000) kl_normalizer 50.0000 (50.0000) kl_beta 0.0000 (0.0000) lr 9.6489e-04 eta 0:08:34
epoch [9/50] batch [20/50] time 0.298 (0.278) data 0.000 (0.034) loss 0.1409 (0.1177) acc 96.8750 (98.1250) data_term 0.1409 (0.1177) raw_kl_rep 391.8043 (382.0874) raw_kl_proj_rep 0.0000 (0.0000) kl_rep_term 0.0000 (0.0000) kl_proj_rep_term 0.0000 (0.0000) kl_term 0.0000 (0.0000) kl_normalizer 50.0000 (50.0000) kl_beta 0.0000 (0.0000) lr 9.5241e-04 eta 0:09:38
epoch [9/50] batch [40/50] time 0.193 (0.249) data 0.000 (0.017) loss 0.0526 (0.1253) acc 100.0000 (97.9688) data_term 0.0526 (0.1253) raw_kl_rep 417.6886 (391.2353) raw_kl_proj_rep 0.0000 (0.0000) kl_rep_term 0.0000 (0.0000) kl_proj_rep_term 0.0000 (0.0000) kl_term 0.0000 (0.0000) kl_normalizer 50.0000 (50.0000) kl_beta 0.0000 (0.0000) lr 9.5241e-04 eta 0:08:33
epoch [10/50] batch [20/50] time 0.192 (0.246) data 0.000 (0.027) loss 0.0660 (0.1196) acc 100.0000 (98.4375) data_term 0.0659 (0.1195) raw_kl_rep 434.0502 (431.5691) raw_kl_proj_rep 0.0000 (0.0000) kl_rep_term 0.0001 (0.0001) kl_proj_rep_term 0.0000 (0.0000) kl_term 0.0001 (0.0001) kl_normalizer 50.0000 (50.0000) kl_beta 0.0244 (0.0244) lr 9.3815e-04 eta 0:08:18
epoch [10/50] batch [40/50] time 0.166 (0.235) data 0.000 (0.014) loss 0.0636 (0.1122) acc 100.0000 (98.5938) data_term 0.0635 (0.1120) raw_kl_rep 443.9238 (435.8873) raw_kl_proj_rep 0.0000 (0.0000) kl_rep_term 0.0001 (0.0001) kl_proj_rep_term 0.0000 (0.0000) kl_term 0.0001 (0.0001) kl_normalizer 50.0000 (50.0000) kl_beta 0.0244 (0.0244) lr 9.3815e-04 eta 0:07:51
epoch [11/50] batch [20/50] time 0.186 (0.289) data 0.000 (0.048) loss 0.0929 (0.0957) acc 96.8750 (98.4375) data_term 0.0927 (0.0954) raw_kl_rep 462.7298 (456.4533) raw_kl_proj_rep 0.0000 (0.0000) kl_rep_term 0.0002 (0.0002) kl_proj_rep_term 0.0000 (0.0000) kl_term 0.0002 (0.0002) kl_normalizer 50.0000 (50.0000) kl_beta 0.0488 (0.0488) lr 9.2216e-04 eta 0:09:33
epoch [11/50] batch [40/50] time 0.186 (0.271) data 0.000 (0.025) loss 0.1804 (0.1027) acc 96.8750 (98.2812) data_term 0.1802 (0.1024) raw_kl_rep 469.5684 (461.9330) raw_kl_proj_rep 0.0000 (0.0000) kl_rep_term 0.0002 (0.0002) kl_proj_rep_term 0.0000 (0.0000) kl_term 0.0002 (0.0002) kl_normalizer 50.0000 (50.0000) kl_beta 0.0488 (0.0488) lr 9.2216e-04 eta 0:08:51
epoch [12/50] batch [20/50] time 0.448 (0.271) data 0.000 (0.032) loss 0.0834 (0.0938) acc 100.0000 (98.7500) data_term 0.0831 (0.0935) raw_kl_rep 481.2637 (470.5184) raw_kl_proj_rep 0.0000 (0.0000) kl_rep_term 0.0004 (0.0003) kl_proj_rep_term 0.0000 (0.0000) kl_term 0.0004 (0.0003) kl_normalizer 50.0000 (50.0000) kl_beta 0.0732 (0.0732) lr 9.0451e-04 eta 0:08:42
epoch [12/50] batch [40/50] time 0.219 (0.243) data 0.000 (0.016) loss 0.0866 (0.0950) acc 100.0000 (98.6719) data_term 0.0863 (0.0947) raw_kl_rep 495.8609 (482.1946) raw_kl_proj_rep 0.0000 (0.0000) kl_rep_term 0.0004 (0.0004) kl_proj_rep_term 0.0000 (0.0000) kl_term 0.0004 (0.0004) kl_normalizer 50.0000 (50.0000) kl_beta 0.0732 (0.0732) lr 9.0451e-04 eta 0:07:43
epoch [13/50] batch [20/50] time 0.179 (0.247) data 0.000 (0.029) loss 0.0595 (0.0982) acc 100.0000 (98.7500) data_term 0.0590 (0.0977) raw_kl_rep 492.6251 (493.4089) raw_kl_proj_rep 0.0000 (0.0000) kl_rep_term 0.0005 (0.0005) kl_proj_rep_term 0.0000 (0.0000) kl_term 0.0005 (0.0005) kl_normalizer 50.0000 (50.0000) kl_beta 0.0976 (0.0976) lr 8.8526e-04 eta 0:07:44
epoch [13/50] batch [40/50] time 0.185 (0.238) data 0.000 (0.015) loss 0.0624 (0.0994) acc 96.8750 (98.2812) data_term 0.0620 (0.0989) raw_kl_rep 497.2062 (492.7530) raw_kl_proj_rep 0.0000 (0.0000) kl_rep_term 0.0005 (0.0005) kl_proj_rep_term 0.0000 (0.0000) kl_term 0.0005 (0.0005) kl_normalizer 50.0000 (50.0000) kl_beta 0.0976 (0.0976) lr 8.8526e-04 eta 0:07:22
epoch [14/50] batch [20/50] time 0.124 (0.295) data 0.000 (0.029) loss 0.0520 (0.0730) acc 100.0000 (99.0625) data_term 0.0514 (0.0723) raw_kl_rep 510.5189 (506.0132) raw_kl_proj_rep 0.0000 (0.0000) kl_rep_term 0.0006 (0.0006) kl_proj_rep_term 0.0000 (0.0000) kl_term 0.0006 (0.0006) kl_normalizer 50.0000 (50.0000) kl_beta 0.1220 (0.1220) lr 8.6448e-04 eta 0:08:59
epoch [14/50] batch [40/50] time 0.375 (0.268) data 0.000 (0.015) loss 0.2962 (0.0874) acc 93.7500 (98.9062) data_term 0.2955 (0.0868) raw_kl_rep 533.4583 (513.5581) raw_kl_proj_rep 0.0000 (0.0000) kl_rep_term 0.0007 (0.0006) kl_proj_rep_term 0.0000 (0.0000) kl_term 0.0007 (0.0006) kl_normalizer 50.0000 (50.0000) kl_beta 0.1220 (0.1220) lr 8.6448e-04 eta 0:08:05
epoch [15/50] batch [20/50] time 0.238 (0.268) data 0.000 (0.026) loss 0.0643 (0.0970) acc 100.0000 (98.7500) data_term 0.0635 (0.0963) raw_kl_rep 526.1187 (526.8812) raw_kl_proj_rep 0.0000 (0.0000) kl_rep_term 0.0008 (0.0008) kl_proj_rep_term 0.0000 (0.0000) kl_term 0.0008 (0.0008) kl_normalizer 50.0000 (50.0000) kl_beta 0.1463 (0.1463) lr 8.4227e-04 eta 0:07:56
epoch [15/50] batch [40/50] time 0.186 (0.235) data 0.000 (0.013) loss 0.0429 (0.0925) acc 100.0000 (98.7500) data_term 0.0421 (0.0918) raw_kl_rep 525.6426 (525.5397) raw_kl_proj_rep 0.0000 (0.0000) kl_rep_term 0.0008 (0.0008) kl_proj_rep_term 0.0000 (0.0000) kl_term 0.0008 (0.0008) kl_normalizer 50.0000 (50.0000) kl_beta 0.1463 (0.1463) lr 8.4227e-04 eta 0:06:54
epoch [16/50] batch [20/50] time 0.181 (0.290) data 0.000 (0.043) loss 0.1203 (0.0857) acc 96.8750 (99.0625) data_term 0.1194 (0.0847) raw_kl_rep 533.1602 (530.9974) raw_kl_proj_rep 0.0000 (0.0000) kl_rep_term 0.0009 (0.0009) kl_proj_rep_term 0.0000 (0.0000) kl_term 0.0009 (0.0009) kl_normalizer 50.0000 (50.0000) kl_beta 0.1707 (0.1707) lr 8.1871e-04 eta 0:08:21
epoch [16/50] batch [40/50] time 0.231 (0.272) data 0.000 (0.022) loss 0.0887 (0.0868) acc 96.8750 (98.8281) data_term 0.0878 (0.0859) raw_kl_rep 533.6235 (532.5529) raw_kl_proj_rep 0.0000 (0.0000) kl_rep_term 0.0009 (0.0009) kl_proj_rep_term 0.0000 (0.0000) kl_term 0.0009 (0.0009) kl_normalizer 50.0000 (50.0000) kl_beta 0.1707 (0.1707) lr 8.1871e-04 eta 0:07:44
epoch [17/50] batch [20/50] time 0.132 (0.269) data 0.000 (0.028) loss 0.1181 (0.0890) acc 96.8750 (98.5938) data_term 0.1171 (0.0879) raw_kl_rep 528.3652 (529.9686) raw_kl_proj_rep 0.0000 (0.0000) kl_rep_term 0.0010 (0.0010) kl_proj_rep_term 0.0000 (0.0000) kl_term 0.0010 (0.0010) kl_normalizer 50.0000 (50.0000) kl_beta 0.1951 (0.1951) lr 7.9389e-04 eta 0:07:31
epoch [17/50] batch [40/50] time 0.303 (0.250) data 0.000 (0.014) loss 0.0548 (0.0926) acc 100.0000 (98.5156) data_term 0.0538 (0.0915) raw_kl_rep 540.3317 (530.8295) raw_kl_proj_rep 0.0000 (0.0000) kl_rep_term 0.0011 (0.0010) kl_proj_rep_term 0.0000 (0.0000) kl_term 0.0011 (0.0010) kl_normalizer 50.0000 (50.0000) kl_beta 0.1951 (0.1951) lr 7.9389e-04 eta 0:06:55
epoch [18/50] batch [20/50] time 0.198 (0.298) data 0.000 (0.032) loss 0.0992 (0.0797) acc 100.0000 (99.3750) data_term 0.0980 (0.0786) raw_kl_rep 526.7894 (529.4476) raw_kl_proj_rep 0.0000 (0.0000) kl_rep_term 0.0012 (0.0012) kl_proj_rep_term 0.0000 (0.0000) kl_term 0.0012 (0.0012) kl_normalizer 50.0000 (50.0000) kl_beta 0.2195 (0.2195) lr 7.6791e-04 eta 0:08:05
epoch [18/50] batch [40/50] time 0.181 (0.260) data 0.000 (0.016) loss 0.1338 (0.0821) acc 96.8750 (99.3750) data_term 0.1327 (0.0809) raw_kl_rep 531.8859 (529.1955) raw_kl_proj_rep 0.0000 (0.0000) kl_rep_term 0.0012 (0.0012) kl_proj_rep_term 0.0000 (0.0000) kl_term 0.0012 (0.0012) kl_normalizer 50.0000 (50.0000) kl_beta 0.2195 (0.2195) lr 7.6791e-04 eta 0:06:58
epoch [19/50] batch [20/50] time 0.135 (0.255) data 0.000 (0.031) loss 0.0677 (0.0808) acc 96.8750 (98.9062) data_term 0.0664 (0.0795) raw_kl_rep 535.7397 (529.5334) raw_kl_proj_rep 0.0000 (0.0000) kl_rep_term 0.0013 (0.0013) kl_proj_rep_term 0.0000 (0.0000) kl_term 0.0013 (0.0013) kl_normalizer 50.0000 (50.0000) kl_beta 0.2439 (0.2439) lr 7.4088e-04 eta 0:06:42
epoch [19/50] batch [40/50] time 0.395 (0.240) data 0.000 (0.016) loss 0.0522 (0.0743) acc 100.0000 (99.2188) data_term 0.0509 (0.0729) raw_kl_rep 551.4921 (538.8143) raw_kl_proj_rep 0.0000 (0.0000) kl_rep_term 0.0013 (0.0013) kl_proj_rep_term 0.0000 (0.0000) kl_term 0.0013 (0.0013) kl_normalizer 50.0000 (50.0000) kl_beta 0.2439 (0.2439) lr 7.4088e-04 eta 0:06:13
epoch [20/50] batch [20/50] time 0.199 (0.267) data 0.000 (0.037) loss 0.0554 (0.0774) acc 100.0000 (98.9062) data_term 0.0540 (0.0759) raw_kl_rep 529.5436 (537.7015) raw_kl_proj_rep 0.0000 (0.0000) kl_rep_term 0.0014 (0.0014) kl_proj_rep_term 0.0000 (0.0000) kl_term 0.0014 (0.0014) kl_normalizer 50.0000 (50.0000) kl_beta 0.2683 (0.2683) lr 7.1289e-04 eta 0:06:48
epoch [20/50] batch [40/50] time 0.281 (0.251) data 0.000 (0.019) loss 0.1141 (0.0795) acc 96.8750 (98.9062) data_term 0.1127 (0.0780) raw_kl_rep 507.4869 (528.8423) raw_kl_proj_rep 0.0000 (0.0000) kl_rep_term 0.0014 (0.0014) kl_proj_rep_term 0.0000 (0.0000) kl_term 0.0014 (0.0014) kl_normalizer 50.0000 (50.0000) kl_beta 0.2683 (0.2683) lr 7.1289e-04 eta 0:06:18
epoch [21/50] batch [20/50] time 0.231 (0.280) data 0.000 (0.035) loss 0.0460 (0.0729) acc 100.0000 (99.2188) data_term 0.0445 (0.0715) raw_kl_rep 499.8817 (502.3215) raw_kl_proj_rep 0.0000 (0.0000) kl_rep_term 0.0015 (0.0015) kl_proj_rep_term 0.0000 (0.0000) kl_term 0.0015 (0.0015) kl_normalizer 50.0000 (50.0000) kl_beta 0.2927 (0.2927) lr 6.8406e-04 eta 0:06:54
epoch [21/50] batch [40/50] time 0.225 (0.252) data 0.000 (0.017) loss 0.1238 (0.0723) acc 96.8750 (98.9844) data_term 0.1223 (0.0708) raw_kl_rep 499.9523 (501.5666) raw_kl_proj_rep 0.0000 (0.0000) kl_rep_term 0.0015 (0.0015) kl_proj_rep_term 0.0000 (0.0000) kl_term 0.0015 (0.0015) kl_normalizer 50.0000 (50.0000) kl_beta 0.2927 (0.2927) lr 6.8406e-04 eta 0:06:08
epoch [22/50] batch [20/50] time 0.162 (0.241) data 0.000 (0.034) loss 0.0745 (0.0792) acc 100.0000 (99.0625) data_term 0.0730 (0.0776) raw_kl_rep 489.2921 (498.0146) raw_kl_proj_rep 0.0000 (0.0000) kl_rep_term 0.0016 (0.0016) kl_proj_rep_term 0.0000 (0.0000) kl_term 0.0016 (0.0016) kl_normalizer 50.0000 (50.0000) kl_beta 0.3171 (0.3171) lr 6.5451e-04 eta 0:05:44
epoch [22/50] batch [40/50] time 0.224 (0.224) data 0.000 (0.017) loss 0.0308 (0.0779) acc 100.0000 (99.0625) data_term 0.0293 (0.0763) raw_kl_rep 483.7418 (491.7699) raw_kl_proj_rep 0.0000 (0.0000) kl_rep_term 0.0015 (0.0016) kl_proj_rep_term 0.0000 (0.0000) kl_term 0.0015 (0.0016) kl_normalizer 50.0000 (50.0000) kl_beta 0.3171 (0.3171) lr 6.5451e-04 eta 0:05:15
epoch [23/50] batch [20/50] time 0.139 (0.270) data 0.000 (0.030) loss 0.0525 (0.0743) acc 100.0000 (99.2188) data_term 0.0509 (0.0726) raw_kl_rep 474.1563 (478.4644) raw_kl_proj_rep 0.0000 (0.0000) kl_rep_term 0.0016 (0.0016) kl_proj_rep_term 0.0000 (0.0000) kl_term 0.0016 (0.0016) kl_normalizer 50.0000 (50.0000) kl_beta 0.3415 (0.3415) lr 6.2434e-04 eta 0:06:12
epoch [23/50] batch [40/50] time 0.197 (0.229) data 0.000 (0.015) loss 0.0540 (0.0760) acc 100.0000 (99.0625) data_term 0.0524 (0.0744) raw_kl_rep 477.7213 (476.9483) raw_kl_proj_rep 0.0000 (0.0000) kl_rep_term 0.0016 (0.0016) kl_proj_rep_term 0.0000 (0.0000) kl_term 0.0016 (0.0016) kl_normalizer 50.0000 (50.0000) kl_beta 0.3415 (0.3415) lr 6.2434e-04 eta 0:05:11
epoch [24/50] batch [20/50] time 0.341 (0.285) data 0.001 (0.024) loss 0.0384 (0.0679) acc 100.0000 (99.5312) data_term 0.0366 (0.0661) raw_kl_rep 486.6182 (485.8059) raw_kl_proj_rep 0.0000 (0.0000) kl_rep_term 0.0018 (0.0018) kl_proj_rep_term 0.0000 (0.0000) kl_term 0.0018 (0.0018) kl_normalizer 50.0000 (50.0000) kl_beta 0.3659 (0.3659) lr 5.9369e-04 eta 0:06:18
epoch [24/50] batch [40/50] time 0.364 (0.256) data 0.000 (0.012) loss 0.0691 (0.0707) acc 100.0000 (99.5312) data_term 0.0673 (0.0689) raw_kl_rep 490.8648 (487.6470) raw_kl_proj_rep 0.0000 (0.0000) kl_rep_term 0.0018 (0.0018) kl_proj_rep_term 0.0000 (0.0000) kl_term 0.0018 (0.0018) kl_normalizer 50.0000 (50.0000) kl_beta 0.3659 (0.3659) lr 5.9369e-04 eta 0:05:35
epoch [25/50] batch [20/50] time 0.200 (0.264) data 0.000 (0.030) loss 0.0546 (0.0653) acc 100.0000 (99.5312) data_term 0.0528 (0.0634) raw_kl_rep 481.6916 (483.6526) raw_kl_proj_rep 0.0000 (0.0000) kl_rep_term 0.0019 (0.0019) kl_proj_rep_term 0.0000 (0.0000) kl_term 0.0019 (0.0019) kl_normalizer 50.0000 (50.0000) kl_beta 0.3902 (0.3902) lr 5.6267e-04 eta 0:05:37
epoch [25/50] batch [40/50] time 0.333 (0.263) data 0.000 (0.015) loss 0.0440 (0.0684) acc 100.0000 (99.5312) data_term 0.0421 (0.0665) raw_kl_rep 476.7388 (481.8232) raw_kl_proj_rep 0.0000 (0.0000) kl_rep_term 0.0019 (0.0019) kl_proj_rep_term 0.0000 (0.0000) kl_term 0.0019 (0.0019) kl_normalizer 50.0000 (50.0000) kl_beta 0.3902 (0.3902) lr 5.6267e-04 eta 0:05:31
epoch [26/50] batch [20/50] time 0.238 (0.277) data 0.001 (0.029) loss 0.0479 (0.0696) acc 100.0000 (99.3750) data_term 0.0460 (0.0677) raw_kl_rep 455.3785 (465.1450) raw_kl_proj_rep 0.0000 (0.0000) kl_rep_term 0.0019 (0.0019) kl_proj_rep_term 0.0000 (0.0000) kl_term 0.0019 (0.0019) kl_normalizer 50.0000 (50.0000) kl_beta 0.4146 (0.4146) lr 5.3140e-04 eta 0:05:40
epoch [26/50] batch [40/50] time 0.166 (0.248) data 0.000 (0.015) loss 0.0905 (0.0673) acc 100.0000 (99.6875) data_term 0.0885 (0.0654) raw_kl_rep 459.3505 (460.6085) raw_kl_proj_rep 0.0000 (0.0000) kl_rep_term 0.0019 (0.0019) kl_proj_rep_term 0.0000 (0.0000) kl_term 0.0019 (0.0019) kl_normalizer 50.0000 (50.0000) kl_beta 0.4146 (0.4146) lr 5.3140e-04 eta 0:05:00
epoch [27/50] batch [20/50] time 0.234 (0.298) data 0.000 (0.028) loss 0.0392 (0.0633) acc 100.0000 (99.5312) data_term 0.0371 (0.0613) raw_kl_rep 465.0787 (466.7061) raw_kl_proj_rep 0.0000 (0.0000) kl_rep_term 0.0020 (0.0020) kl_proj_rep_term 0.0000 (0.0000) kl_term 0.0020 (0.0020) kl_normalizer 50.0000 (50.0000) kl_beta 0.4390 (0.4390) lr 5.0000e-04 eta 0:05:51
epoch [27/50] batch [40/50] time 0.337 (0.268) data 0.000 (0.014) loss 0.1099 (0.0664) acc 96.8750 (99.5312) data_term 0.1079 (0.0644) raw_kl_rep 456.2023 (463.6321) raw_kl_proj_rep 0.0000 (0.0000) kl_rep_term 0.0020 (0.0020) kl_proj_rep_term 0.0000 (0.0000) kl_term 0.0020 (0.0020) kl_normalizer 50.0000 (50.0000) kl_beta 0.4390 (0.4390) lr 5.0000e-04 eta 0:05:11
epoch [28/50] batch [20/50] time 0.248 (0.283) data 0.000 (0.035) loss 0.0401 (0.0671) acc 100.0000 (99.3750) data_term 0.0380 (0.0650) raw_kl_rep 444.7783 (446.0710) raw_kl_proj_rep 0.0000 (0.0000) kl_rep_term 0.0021 (0.0021) kl_proj_rep_term 0.0000 (0.0000) kl_term 0.0021 (0.0021) kl_normalizer 50.0000 (50.0000) kl_beta 0.4634 (0.4634) lr 4.6860e-04 eta 0:05:19
epoch [28/50] batch [40/50] time 0.165 (0.239) data 0.000 (0.018) loss 0.0846 (0.0701) acc 100.0000 (99.3750) data_term 0.0826 (0.0681) raw_kl_rep 437.3184 (442.7569) raw_kl_proj_rep 0.0000 (0.0000) kl_rep_term 0.0020 (0.0021) kl_proj_rep_term 0.0000 (0.0000) kl_term 0.0020 (0.0021) kl_normalizer 50.0000 (50.0000) kl_beta 0.4634 (0.4634) lr 4.6860e-04 eta 0:04:25
epoch [29/50] batch [20/50] time 0.200 (0.315) data 0.000 (0.025) loss 0.0318 (0.0694) acc 100.0000 (99.3750) data_term 0.0297 (0.0673) raw_kl_rep 426.5363 (431.6373) raw_kl_proj_rep 0.0000 (0.0000) kl_rep_term 0.0021 (0.0021) kl_proj_rep_term 0.0000 (0.0000) kl_term 0.0021 (0.0021) kl_normalizer 50.0000 (50.0000) kl_beta 0.4878 (0.4878) lr 4.3733e-04 eta 0:05:40
epoch [29/50] batch [40/50] time 0.161 (0.253) data 0.000 (0.013) loss 0.0358 (0.0629) acc 100.0000 (99.6094) data_term 0.0337 (0.0608) raw_kl_rep 419.0392 (426.7115) raw_kl_proj_rep 0.0000 (0.0000) kl_rep_term 0.0020 (0.0021) kl_proj_rep_term 0.0000 (0.0000) kl_term 0.0020 (0.0021) kl_normalizer 50.0000 (50.0000) kl_beta 0.4878 (0.4878) lr 4.3733e-04 eta 0:04:27
epoch [30/50] batch [20/50] time 0.243 (0.286) data 0.000 (0.026) loss 0.0691 (0.0567) acc 100.0000 (99.5312) data_term 0.0671 (0.0547) raw_kl_rep 397.8956 (403.2503) raw_kl_proj_rep 0.0000 (0.0000) kl_rep_term 0.0020 (0.0021) kl_proj_rep_term 0.0000 (0.0000) kl_term 0.0020 (0.0021) kl_normalizer 50.0000 (50.0000) kl_beta 0.5122 (0.5122) lr 4.0631e-04 eta 0:04:54
epoch [30/50] batch [40/50] time 0.257 (0.248) data 0.000 (0.013) loss 0.0478 (0.0584) acc 100.0000 (99.6094) data_term 0.0458 (0.0564) raw_kl_rep 398.7227 (400.1935) raw_kl_proj_rep 0.0000 (0.0000) kl_rep_term 0.0020 (0.0020) kl_proj_rep_term 0.0000 (0.0000) kl_term 0.0020 (0.0020) kl_normalizer 50.0000 (50.0000) kl_beta 0.5122 (0.5122) lr 4.0631e-04 eta 0:04:10
epoch [31/50] batch [20/50] time 0.229 (0.298) data 0.001 (0.026) loss 0.1111 (0.0693) acc 96.8750 (99.5312) data_term 0.1089 (0.0672) raw_kl_rep 398.7118 (398.7192) raw_kl_proj_rep 0.0000 (0.0000) kl_rep_term 0.0021 (0.0021) kl_proj_rep_term 0.0000 (0.0000) kl_term 0.0021 (0.0021) kl_normalizer 50.0000 (50.0000) kl_beta 0.5366 (0.5366) lr 3.7566e-04 eta 0:04:51
epoch [31/50] batch [40/50] time 0.276 (0.240) data 0.000 (0.013) loss 0.0530 (0.0678) acc 100.0000 (99.6094) data_term 0.0509 (0.0656) raw_kl_rep 400.9440 (398.7464) raw_kl_proj_rep 0.0000 (0.0000) kl_rep_term 0.0022 (0.0021) kl_proj_rep_term 0.0000 (0.0000) kl_term 0.0022 (0.0021) kl_normalizer 50.0000 (50.0000) kl_beta 0.5366 (0.5366) lr 3.7566e-04 eta 0:03:50
epoch [32/50] batch [20/50] time 0.147 (0.263) data 0.000 (0.031) loss 0.0744 (0.0615) acc 100.0000 (99.5312) data_term 0.0722 (0.0592) raw_kl_rep 392.8070 (396.5030) raw_kl_proj_rep 0.0000 (0.0000) kl_rep_term 0.0022 (0.0022) kl_proj_rep_term 0.0000 (0.0000) kl_term 0.0022 (0.0022) kl_normalizer 50.0000 (50.0000) kl_beta 0.5610 (0.5610) lr 3.4549e-04 eta 0:04:04
epoch [32/50] batch [40/50] time 0.240 (0.248) data 0.000 (0.016) loss 0.0479 (0.0593) acc 100.0000 (99.6094) data_term 0.0458 (0.0571) raw_kl_rep 378.4934 (391.3433) raw_kl_proj_rep 0.0000 (0.0000) kl_rep_term 0.0021 (0.0022) kl_proj_rep_term 0.0000 (0.0000) kl_term 0.0021 (0.0022) kl_normalizer 50.0000 (50.0000) kl_beta 0.5610 (0.5610) lr 3.4549e-04 eta 0:03:45
epoch [33/50] batch [20/50] time 0.184 (0.272) data 0.000 (0.031) loss 0.0537 (0.0647) acc 100.0000 (99.3750) data_term 0.0515 (0.0626) raw_kl_rep 373.2456 (370.5983) raw_kl_proj_rep 0.0000 (0.0000) kl_rep_term 0.0022 (0.0022) kl_proj_rep_term 0.0000 (0.0000) kl_term 0.0022 (0.0022) kl_normalizer 50.0000 (50.0000) kl_beta 0.5854 (0.5854) lr 3.1594e-04 eta 0:03:59
epoch [33/50] batch [40/50] time 0.368 (0.261) data 0.000 (0.016) loss 0.0473 (0.0596) acc 100.0000 (99.5312) data_term 0.0451 (0.0574) raw_kl_rep 380.6257 (374.0734) raw_kl_proj_rep 0.0000 (0.0000) kl_rep_term 0.0022 (0.0022) kl_proj_rep_term 0.0000 (0.0000) kl_term 0.0022 (0.0022) kl_normalizer 50.0000 (50.0000) kl_beta 0.5854 (0.5854) lr 3.1594e-04 eta 0:03:44
epoch [34/50] batch [20/50] time 0.186 (0.259) data 0.000 (0.034) loss 0.0448 (0.0574) acc 100.0000 (99.6875) data_term 0.0424 (0.0550) raw_kl_rep 383.7071 (384.1817) raw_kl_proj_rep 0.0000 (0.0000) kl_rep_term 0.0023 (0.0023) kl_proj_rep_term 0.0000 (0.0000) kl_term 0.0023 (0.0023) kl_normalizer 50.0000 (50.0000) kl_beta 0.6098 (0.6098) lr 2.8711e-04 eta 0:03:34
epoch [34/50] batch [40/50] time 0.225 (0.261) data 0.000 (0.017) loss 0.0663 (0.0635) acc 100.0000 (99.5312) data_term 0.0640 (0.0612) raw_kl_rep 381.1566 (383.8759) raw_kl_proj_rep 0.0000 (0.0000) kl_rep_term 0.0023 (0.0023) kl_proj_rep_term 0.0000 (0.0000) kl_term 0.0023 (0.0023) kl_normalizer 50.0000 (50.0000) kl_beta 0.6098 (0.6098) lr 2.8711e-04 eta 0:03:31
epoch [35/50] batch [20/50] time 0.258 (0.250) data 0.000 (0.028) loss 0.0541 (0.0601) acc 100.0000 (99.5312) data_term 0.0518 (0.0577) raw_kl_rep 369.5085 (371.2749) raw_kl_proj_rep 0.0000 (0.0000) kl_rep_term 0.0023 (0.0024) kl_proj_rep_term 0.0000 (0.0000) kl_term 0.0023 (0.0024) kl_normalizer 50.0000 (50.0000) kl_beta 0.6341 (0.6341) lr 2.5912e-04 eta 0:03:14
epoch [35/50] batch [40/50] time 0.272 (0.239) data 0.000 (0.014) loss 0.0350 (0.0548) acc 100.0000 (99.7656) data_term 0.0327 (0.0525) raw_kl_rep 365.1541 (369.6058) raw_kl_proj_rep 0.0000 (0.0000) kl_rep_term 0.0023 (0.0023) kl_proj_rep_term 0.0000 (0.0000) kl_term 0.0023 (0.0023) kl_normalizer 50.0000 (50.0000) kl_beta 0.6341 (0.6341) lr 2.5912e-04 eta 0:03:01
epoch [36/50] batch [20/50] time 0.271 (0.240) data 0.000 (0.046) loss 0.0374 (0.0471) acc 100.0000 (100.0000) data_term 0.0351 (0.0447) raw_kl_rep 356.9604 (357.9626) raw_kl_proj_rep 0.0000 (0.0000) kl_rep_term 0.0024 (0.0024) kl_proj_rep_term 0.0000 (0.0000) kl_term 0.0024 (0.0024) kl_normalizer 50.0000 (50.0000) kl_beta 0.6585 (0.6585) lr 2.3209e-04 eta 0:02:54
epoch [36/50] batch [40/50] time 0.166 (0.239) data 0.000 (0.023) loss 0.0442 (0.0519) acc 100.0000 (100.0000) data_term 0.0418 (0.0495) raw_kl_rep 354.1746 (356.8200) raw_kl_proj_rep 0.0000 (0.0000) kl_rep_term 0.0023 (0.0023) kl_proj_rep_term 0.0000 (0.0000) kl_term 0.0023 (0.0023) kl_normalizer 50.0000 (50.0000) kl_beta 0.6585 (0.6585) lr 2.3209e-04 eta 0:02:49
epoch [37/50] batch [20/50] time 0.250 (0.276) data 0.000 (0.027) loss 0.0494 (0.0697) acc 100.0000 (99.6875) data_term 0.0470 (0.0673) raw_kl_rep 350.2734 (350.0838) raw_kl_proj_rep 0.0000 (0.0000) kl_rep_term 0.0024 (0.0024) kl_proj_rep_term 0.0000 (0.0000) kl_term 0.0024 (0.0024) kl_normalizer 50.0000 (50.0000) kl_beta 0.6829 (0.6829) lr 2.0611e-04 eta 0:03:07
epoch [37/50] batch [40/50] time 0.395 (0.257) data 0.000 (0.014) loss 0.0506 (0.0654) acc 100.0000 (99.6875) data_term 0.0482 (0.0630) raw_kl_rep 349.4307 (350.6577) raw_kl_proj_rep 0.0000 (0.0000) kl_rep_term 0.0024 (0.0024) kl_proj_rep_term 0.0000 (0.0000) kl_term 0.0024 (0.0024) kl_normalizer 50.0000 (50.0000) kl_beta 0.6829 (0.6829) lr 2.0611e-04 eta 0:02:49
epoch [38/50] batch [20/50] time 0.327 (0.259) data 0.000 (0.028) loss 0.0360 (0.0562) acc 100.0000 (99.8438) data_term 0.0335 (0.0537) raw_kl_rep 346.5625 (347.6711) raw_kl_proj_rep 0.0000 (0.0000) kl_rep_term 0.0025 (0.0025) kl_proj_rep_term 0.0000 (0.0000) kl_term 0.0025 (0.0025) kl_normalizer 50.0000 (50.0000) kl_beta 0.7073 (0.7073) lr 1.8129e-04 eta 0:02:43
epoch [38/50] batch [40/50] time 0.212 (0.250) data 0.000 (0.014) loss 0.0628 (0.0564) acc 100.0000 (99.8438) data_term 0.0603 (0.0540) raw_kl_rep 345.1524 (347.1655) raw_kl_proj_rep 0.0000 (0.0000) kl_rep_term 0.0024 (0.0025) kl_proj_rep_term 0.0000 (0.0000) kl_term 0.0024 (0.0025) kl_normalizer 50.0000 (50.0000) kl_beta 0.7073 (0.7073) lr 1.8129e-04 eta 0:02:32
epoch [39/50] batch [20/50] time 0.217 (0.273) data 0.000 (0.027) loss 0.0397 (0.0508) acc 100.0000 (100.0000) data_term 0.0373 (0.0483) raw_kl_rep 338.1536 (339.1078) raw_kl_proj_rep 0.0000 (0.0000) kl_rep_term 0.0025 (0.0025) kl_proj_rep_term 0.0000 (0.0000) kl_term 0.0025 (0.0025) kl_normalizer 50.0000 (50.0000) kl_beta 0.7317 (0.7317) lr 1.5773e-04 eta 0:02:38
epoch [39/50] batch [40/50] time 0.222 (0.253) data 0.000 (0.014) loss 0.0439 (0.0549) acc 100.0000 (99.8438) data_term 0.0415 (0.0524) raw_kl_rep 333.3955 (337.5099) raw_kl_proj_rep 0.0000 (0.0000) kl_rep_term 0.0024 (0.0025) kl_proj_rep_term 0.0000 (0.0000) kl_term 0.0024 (0.0025) kl_normalizer 50.0000 (50.0000) kl_beta 0.7317 (0.7317) lr 1.5773e-04 eta 0:02:21
epoch [40/50] batch [20/50] time 0.255 (0.280) data 0.000 (0.031) loss 0.1912 (0.0588) acc 96.8750 (99.8438) data_term 0.1887 (0.0563) raw_kl_rep 326.1978 (328.0405) raw_kl_proj_rep 0.0000 (0.0000) kl_rep_term 0.0025 (0.0025) kl_proj_rep_term 0.0000 (0.0000) kl_term 0.0025 (0.0025) kl_normalizer 50.0000 (50.0000) kl_beta 0.7561 (0.7561) lr 1.3552e-04 eta 0:02:28
epoch [40/50] batch [40/50] time 0.168 (0.252) data 0.000 (0.016) loss 0.0729 (0.0562) acc 100.0000 (99.9219) data_term 0.0704 (0.0537) raw_kl_rep 323.4328 (326.5240) raw_kl_proj_rep 0.0000 (0.0000) kl_rep_term 0.0024 (0.0025) kl_proj_rep_term 0.0000 (0.0000) kl_term 0.0024 (0.0025) kl_normalizer 50.0000 (50.0000) kl_beta 0.7561 (0.7561) lr 1.3552e-04 eta 0:02:08
epoch [41/50] batch [20/50] time 0.287 (0.285) data 0.000 (0.052) loss 0.0296 (0.0544) acc 100.0000 (99.6875) data_term 0.0271 (0.0519) raw_kl_rep 319.8743 (321.6326) raw_kl_proj_rep 0.0000 (0.0000) kl_rep_term 0.0025 (0.0025) kl_proj_rep_term 0.0000 (0.0000) kl_term 0.0025 (0.0025) kl_normalizer 50.0000 (50.0000) kl_beta 0.7805 (0.7805) lr 1.1474e-04 eta 0:02:17
epoch [41/50] batch [40/50] time 0.204 (0.248) data 0.000 (0.026) loss 0.0723 (0.0528) acc 100.0000 (99.8438) data_term 0.0698 (0.0503) raw_kl_rep 320.9266 (321.0942) raw_kl_proj_rep 0.0000 (0.0000) kl_rep_term 0.0025 (0.0025) kl_proj_rep_term 0.0000 (0.0000) kl_term 0.0025 (0.0025) kl_normalizer 50.0000 (50.0000) kl_beta 0.7805 (0.7805) lr 1.1474e-04 eta 0:01:53
epoch [42/50] batch [20/50] time 0.226 (0.286) data 0.000 (0.026) loss 0.0743 (0.0516) acc 96.8750 (99.8438) data_term 0.0718 (0.0490) raw_kl_rep 318.3974 (319.2736) raw_kl_proj_rep 0.0000 (0.0000) kl_rep_term 0.0026 (0.0026) kl_proj_rep_term 0.0000 (0.0000) kl_term 0.0026 (0.0026) kl_normalizer 50.0000 (50.0000) kl_beta 0.8049 (0.8049) lr 9.5492e-05 eta 0:02:03
epoch [42/50] batch [40/50] time 0.206 (0.265) data 0.000 (0.013) loss 0.0511 (0.0540) acc 100.0000 (99.8438) data_term 0.0485 (0.0514) raw_kl_rep 316.9281 (318.6253) raw_kl_proj_rep 0.0000 (0.0000) kl_rep_term 0.0026 (0.0026) kl_proj_rep_term 0.0000 (0.0000) kl_term 0.0026 (0.0026) kl_normalizer 50.0000 (50.0000) kl_beta 0.8049 (0.8049) lr 9.5492e-05 eta 0:01:48
epoch [43/50] batch [20/50] time 0.137 (0.236) data 0.000 (0.026) loss 0.0332 (0.0704) acc 100.0000 (99.8438) data_term 0.0306 (0.0678) raw_kl_rep 314.5692 (315.4203) raw_kl_proj_rep 0.0000 (0.0000) kl_rep_term 0.0026 (0.0026) kl_proj_rep_term 0.0000 (0.0000) kl_term 0.0026 (0.0026) kl_normalizer 50.0000 (50.0000) kl_beta 0.8293 (0.8293) lr 7.7836e-05 eta 0:01:29
epoch [43/50] batch [40/50] time 0.363 (0.253) data 0.000 (0.013) loss 0.0522 (0.0570) acc 100.0000 (99.9219) data_term 0.0496 (0.0544) raw_kl_rep 312.7172 (314.5603) raw_kl_proj_rep 0.0000 (0.0000) kl_rep_term 0.0026 (0.0026) kl_proj_rep_term 0.0000 (0.0000) kl_term 0.0026 (0.0026) kl_normalizer 50.0000 (50.0000) kl_beta 0.8293 (0.8293) lr 7.7836e-05 eta 0:01:30
epoch [44/50] batch [20/50] time 0.109 (0.229) data 0.000 (0.025) loss 0.0710 (0.0480) acc 100.0000 (100.0000) data_term 0.0683 (0.0454) raw_kl_rep 308.5202 (309.8302) raw_kl_proj_rep 0.0000 (0.0000) kl_rep_term 0.0026 (0.0026) kl_proj_rep_term 0.0000 (0.0000) kl_term 0.0026 (0.0026) kl_normalizer 50.0000 (50.0000) kl_beta 0.8537 (0.8537) lr 6.1847e-05 eta 0:01:15
epoch [44/50] batch [40/50] time 0.180 (0.191) data 0.000 (0.013) loss 0.0329 (0.0519) acc 100.0000 (99.9219) data_term 0.0303 (0.0493) raw_kl_rep 308.9406 (309.3662) raw_kl_proj_rep 0.0000 (0.0000) kl_rep_term 0.0026 (0.0026) kl_proj_rep_term 0.0000 (0.0000) kl_term 0.0026 (0.0026) kl_normalizer 50.0000 (50.0000) kl_beta 0.8537 (0.8537) lr 6.1847e-05 eta 0:00:59
epoch [45/50] batch [20/50] time 0.180 (0.195) data 0.000 (0.025) loss 0.0688 (0.0496) acc 100.0000 (99.8438) data_term 0.0661 (0.0469) raw_kl_rep 307.0618 (307.6762) raw_kl_proj_rep 0.0000 (0.0000) kl_rep_term 0.0027 (0.0027) kl_proj_rep_term 0.0000 (0.0000) kl_term 0.0027 (0.0027) kl_normalizer 50.0000 (50.0000) kl_beta 0.8780 (0.8780) lr 4.7586e-05 eta 0:00:54
epoch [45/50] batch [40/50] time 0.147 (0.185) data 0.000 (0.013) loss 0.0362 (0.0516) acc 100.0000 (99.6094) data_term 0.0335 (0.0489) raw_kl_rep 305.4838 (306.9442) raw_kl_proj_rep 0.0000 (0.0000) kl_rep_term 0.0027 (0.0027) kl_proj_rep_term 0.0000 (0.0000) kl_term 0.0027 (0.0027) kl_normalizer 50.0000 (50.0000) kl_beta 0.8780 (0.8780) lr 4.7586e-05 eta 0:00:48
epoch [46/50] batch [20/50] time 0.256 (0.232) data 0.000 (0.026) loss 0.0495 (0.0465) acc 100.0000 (99.8438) data_term 0.0467 (0.0438) raw_kl_rep 304.5068 (304.9466) raw_kl_proj_rep 0.0000 (0.0000) kl_rep_term 0.0027 (0.0028) kl_proj_rep_term 0.0000 (0.0000) kl_term 0.0027 (0.0028) kl_normalizer 50.0000 (50.0000) kl_beta 0.9024 (0.9024) lr 3.5112e-05 eta 0:00:53
epoch [46/50] batch [40/50] time 0.179 (0.213) data 0.000 (0.013) loss 0.0398 (0.0482) acc 100.0000 (99.9219) data_term 0.0371 (0.0455) raw_kl_rep 303.4418 (304.4965) raw_kl_proj_rep 0.0000 (0.0000) kl_rep_term 0.0027 (0.0027) kl_proj_rep_term 0.0000 (0.0000) kl_term 0.0027 (0.0027) kl_normalizer 50.0000 (50.0000) kl_beta 0.9024 (0.9024) lr 3.5112e-05 eta 0:00:44
epoch [47/50] batch [20/50] time 0.142 (0.205) data 0.000 (0.025) loss 0.0365 (0.0566) acc 100.0000 (99.8438) data_term 0.0337 (0.0538) raw_kl_rep 301.4422 (301.7073) raw_kl_proj_rep 0.0000 (0.0000) kl_rep_term 0.0028 (0.0028) kl_proj_rep_term 0.0000 (0.0000) kl_term 0.0028 (0.0028) kl_normalizer 50.0000 (50.0000) kl_beta 0.9268 (0.9268) lr 2.4472e-05 eta 0:00:36
epoch [47/50] batch [40/50] time 0.220 (0.177) data 0.000 (0.012) loss 0.0469 (0.0534) acc 100.0000 (99.8438) data_term 0.0441 (0.0506) raw_kl_rep 301.1452 (301.4816) raw_kl_proj_rep 0.0000 (0.0000) kl_rep_term 0.0028 (0.0028) kl_proj_rep_term 0.0000 (0.0000) kl_term 0.0028 (0.0028) kl_normalizer 50.0000 (50.0000) kl_beta 0.9268 (0.9268) lr 2.4472e-05 eta 0:00:28
epoch [48/50] batch [20/50] time 0.273 (0.190) data 0.000 (0.024) loss 0.0299 (0.0528) acc 100.0000 (99.8438) data_term 0.0270 (0.0500) raw_kl_rep 299.9265 (300.3429) raw_kl_proj_rep 0.0000 (0.0000) kl_rep_term 0.0029 (0.0029) kl_proj_rep_term 0.0000 (0.0000) kl_term 0.0029 (0.0029) kl_normalizer 50.0000 (50.0000) kl_beta 0.9512 (0.9512) lr 1.5708e-05 eta 0:00:24
epoch [48/50] batch [40/50] time 0.159 (0.169) data 0.000 (0.012) loss 0.0332 (0.0503) acc 100.0000 (99.9219) data_term 0.0303 (0.0475) raw_kl_rep 299.2567 (299.9634) raw_kl_proj_rep 0.0000 (0.0000) kl_rep_term 0.0028 (0.0029) kl_proj_rep_term 0.0000 (0.0000) kl_term 0.0028 (0.0029) kl_normalizer 50.0000 (50.0000) kl_beta 0.9512 (0.9512) lr 1.5708e-05 eta 0:00:18
epoch [49/50] batch [20/50] time 0.129 (0.279) data 0.000 (0.030) loss 0.0324 (0.0504) acc 100.0000 (99.6875) data_term 0.0295 (0.0475) raw_kl_rep 298.4165 (298.6528) raw_kl_proj_rep 0.0000 (0.0000) kl_rep_term 0.0029 (0.0029) kl_proj_rep_term 0.0000 (0.0000) kl_term 0.0029 (0.0029) kl_normalizer 50.0000 (50.0000) kl_beta 0.9756 (0.9756) lr 8.8564e-06 eta 0:00:22
epoch [49/50] batch [40/50] time 0.331 (0.253) data 0.000 (0.016) loss 0.1709 (0.0509) acc 96.8750 (99.7656) data_term 0.1680 (0.0479) raw_kl_rep 297.9944 (298.4222) raw_kl_proj_rep 0.0000 (0.0000) kl_rep_term 0.0029 (0.0029) kl_proj_rep_term 0.0000 (0.0000) kl_term 0.0029 (0.0029) kl_normalizer 50.0000 (50.0000) kl_beta 0.9756 (0.9756) lr 8.8564e-06 eta 0:00:15
epoch [50/50] batch [20/50] time 0.232 (0.266) data 0.000 (0.024) loss 0.0328 (0.0556) acc 100.0000 (99.8438) data_term 0.0298 (0.0527) raw_kl_rep 297.4981 (297.5288) raw_kl_proj_rep 0.0000 (0.0000) kl_rep_term 0.0030 (0.0030) kl_proj_rep_term 0.0000 (0.0000) kl_term 0.0030 (0.0030) kl_normalizer 50.0000 (50.0000) kl_beta 1.0000 (1.0000) lr 3.9426e-06 eta 0:00:07
epoch [50/50] batch [40/50] time 0.147 (0.262) data 0.000 (0.012) loss 0.0545 (0.0536) acc 100.0000 (99.9219) data_term 0.0515 (0.0507) raw_kl_rep 297.3414 (297.4766) raw_kl_proj_rep 0.0000 (0.0000) kl_rep_term 0.0030 (0.0030) kl_proj_rep_term 0.0000 (0.0000) kl_term 0.0030 (0.0030) kl_normalizer 50.0000 (50.0000) kl_beta 1.0000 (1.0000) lr 3.9426e-06 eta 0:00:02
Checkpoint saved to output_sweeps/bayes_mmrl_rep_tokens_only/coarse3/search_stage/BayesMMRL/FS/fewshot_train/caltech101/shots_16/ViT-B-16/rep_zero_sig-per_token_pstd-0.02_kl-5e-4/seed1/refactor_model/model.pth.tar-50
Finish training
Deploy the last-epoch model
Evaluate on the *test* set
=> result
* total: 2,465
* correct: 2,384
* accuracy: 96.7%
* error: 3.3%
* macro_f1: 95.0%
=> structured result
* accuracy: 96.7140
* error: 3.2860
* macro_f1: 95.0267
* nll: 0.0975
* brier: 0.0496
* ece: 1.1354
Saved metrics JSON to output_sweeps/bayes_mmrl_rep_tokens_only/coarse3/search_stage/BayesMMRL/FS/fewshot_train/caltech101/shots_16/ViT-B-16/rep_zero_sig-per_token_pstd-0.02_kl-5e-4/seed1/test_metrics.json
Saved metrics CSV to output_sweeps/bayes_mmrl_rep_tokens_only/coarse3/search_stage/BayesMMRL/FS/fewshot_train/caltech101/shots_16/ViT-B-16/rep_zero_sig-per_token_pstd-0.02_kl-5e-4/seed1/test_metrics.csv
Saved calibration bins CSV to output_sweeps/bayes_mmrl_rep_tokens_only/coarse3/search_stage/BayesMMRL/FS/fewshot_train/caltech101/shots_16/ViT-B-16/rep_zero_sig-per_token_pstd-0.02_kl-5e-4/seed1/test_calibration_bins.csv
Elapsed: 0:10:29
[cleanup] removed checkpoint dir: output_sweeps/bayes_mmrl_rep_tokens_only/coarse3/search_stage/BayesMMRL/FS/fewshot_train/caltech101/shots_16/ViT-B-16/rep_zero_sig-per_token_pstd-0.02_kl-5e-4/seed1/refactor_model
