============================================================
START: 2026-04-29 11:46:46
GPU: 1
REQUESTED_METHOD: BayesAdapter
LAUNCH_METHOD: ClipAdapters
RUN_TAG: BAYES_ADAPTER
PROTOCOL: FS
EXEC_MODE: online
DATASET: eurosat
SHOTS: 2
SEED: 3
DATA_ROOT: DATASETS
OUTPUT_ROOT: output_refactor
BACKBONE: ViT-B/16
METHOD_CONFIG: configs/methods/clip_adapters_bayes.yaml
PROTOCOL_CONFIG: configs/protocols/fs.yaml
RUNTIME_CONFIG: configs/runtime/adapter_family.yaml
============================================================
Setting fixed seed: 3
***************
** Arguments **
***************
dataset_config_file: configs/datasets/eurosat.yaml
eval_only: False
exec_mode: online
exp_config: 
load_epoch: None
method: ClipAdapters
method_config_file: configs/methods/clip_adapters_bayes.yaml
model_dir: 
no_train: False
opts: ['DATASET.NUM_SHOTS', '2', 'DATASET.SUBSAMPLE_CLASSES', 'all', 'MODEL.BACKBONE.NAME', 'ViT-B/16']
output_dir: output_refactor/ClipAdapters/BAYES_ADAPTER/FS/fewshot_train/eurosat/shots_2/ViT-B-16/seed3
protocol: FS
protocol_config_file: configs/protocols/fs.yaml
root: DATASETS
runtime_config_file: configs/runtime/adapter_family.yaml
seed: 3
trainer: RefactorRunner
************
** Config **
************
BAYES_MMRL:
  ALPHA: 0.7
  BAYES_TARGET: rep_tokens
  CLIP_PRIOR_BLEND: 0.5
  CLIP_PRIOR_SCALE: 0.05
  EVAL_AGGREGATION: prob_mean
  EVAL_MODE: mc_predictive
  EVAL_USE_POSTERIOR_MEAN: False
  KL_WARMUP_EPOCHS: 5
  KL_WEIGHT: 0.0005
  N_MC_TEST: 5
  N_MC_TRAIN: 3
  N_REP_TOKENS: 5
  PREC: amp
  PRIOR_STD: 0.05
  PROJ_REP_KL_WEIGHT: 1e-06
  PROJ_REP_PRIOR_MODE: clip_proj
  PROJ_REP_PRIOR_STD: 0.01
  PROJ_REP_SIGMA_MODE: row
  REG_WEIGHT: 1.0
  REP_DIM: 512
  REP_KL_WEIGHT: 0.0005
  REP_LAYERS: [6, 7, 8, 9, 10, 11, 12]
  REP_MN_ENFORCE_TRACE: True
  REP_MN_LOWRANK_RANK: 8
  REP_PRIOR_MODE: zero
  REP_PRIOR_STD: 0.05
  REP_SIGMA_MODE: global
  SIGMA_MODE: global
CALIBRATION:
  USE_FULL_VAL: False
CLIP_ADAPTERS:
  ALLOW_CACHE: True
  BAYES_KL_SCALE: 1.0
  BAYES_PRIOR_STD: 0.01
  CACHE_AGGREGATION: pool
  CACHE_POOL_EPOCH_SUBSAMPLE: True
  CACHE_REPS: 20
  CACHE_TRAIN_AUG: True
  CAPEL_FALLBACK_ORDER: False
  CAPEL_FEATURE_CACHE_DIR: /root/autodl-tmp/MMRL/prompts/capel_feature_cache
  CAPEL_PC_LAMBDA: 3.0
  CAPEL_PROMPTS_PER_CLASS: 50
  CAPEL_PROMPT_BANK: /root/autodl-tmp/MMRL/prompts/capel_prompt_bank_all.json
  CAPEL_REBUILD_FEATURE_CACHE: False
  CAPEL_STRICT_PROMPT_BANK: True
  CAPEL_USE_FEATURE_CACHE: True
  CLAP_TIPA_ONE_EPOCH: True
  CLAP_TIPA_RAW_AFFINITY: True
  CLAP_TIPA_TRAINABLE_CACHE: True
  CONSTRAINT: none
  CROSS_MODAL_EPOCH_SUBSAMPLE: True
  CROSS_MODAL_RESAMPLE_TEXT: True
  ENHANCED_BASE: none
  GRID_SEARCH: False
  GRID_SEARCH_SPLIT: val
  INIT: BAYES_ADAPTER
  KL_WEIGHT: 0.0001
  N_SAMPLES: 3
  N_TEST_SAMPLES: 10
  ONLINE_PREFIT_REPS: 1
  ONLINE_PREFIT_TRAIN_AUG: True
  PREC: amp
  TIPA_F_GRID_EPOCHS: 20
  TYPE: MP
DATALOADER:
  K_TRANSFORMS: 1
  NUM_WORKERS: 4
  RETURN_IMG0: False
  TEST:
    BATCH_SIZE: 250
    SAMPLER: SequentialSampler
  TRAIN_U:
    BATCH_SIZE: 32
    N_DOMAIN: 0
    N_INS: 16
    SAME_AS_X: True
    SAMPLER: RandomSampler
  TRAIN_X:
    BATCH_SIZE: 256
    N_DOMAIN: 0
    N_INS: 16
    SAMPLER: RandomSampler
DATASET:
  ALL_AS_UNLABELED: False
  CIFAR_C_LEVEL: 1
  CIFAR_C_TYPE: 
  NAME: EuroSAT
  NUM_LABELED: -1
  NUM_SHOTS: 2
  ROOT: DATASETS
  SOURCE_DOMAINS: ()
  STL10_FOLD: -1
  SUBSAMPLE_CLASSES: all
  TARGET_DOMAINS: ()
  VAL_PERCENT: 0.1
INPUT:
  COLORJITTER_B: 0.4
  COLORJITTER_C: 0.4
  COLORJITTER_H: 0.1
  COLORJITTER_S: 0.4
  CROP_PADDING: 4
  CUTOUT_LEN: 16
  CUTOUT_N: 1
  GB_K: 21
  GB_P: 0.5
  GN_MEAN: 0.0
  GN_STD: 0.15
  INTERPOLATION: bicubic
  NO_TRANSFORM: False
  PIXEL_MEAN: [0.48145466, 0.4578275, 0.40821073]
  PIXEL_STD: [0.26862954, 0.26130258, 0.27577711]
  RANDAUGMENT_M: 10
  RANDAUGMENT_N: 2
  RGS_P: 0.2
  RRCROP_SCALE: (0.5, 1)
  SIZE: (224, 224)
  TRANSFORMS: ('random_resized_crop', 'random_flip', 'normalize')
METHOD:
  EXEC_MODE: online
  FAMILY: adapter
  NAME: ClipAdapters
  TAG: BAYES_ADAPTER
MMRL:
  ALPHA: 0.7
  N_REP_TOKENS: 5
  PREC: amp
  REG_WEIGHT: 1.0
  REP_DIM: 512
  REP_LAYERS: [6, 7, 8, 9, 10, 11, 12]
MMRLPP:
  ALPHA: 0.7
  BETA: 0.9
  N_REP_TOKENS: 5
  PREC: amp
  PROJ_LORA_DIM: 64
  REG_WEIGHT: 1.0
  REP_DIM: 512
  REP_LAYERS: [6, 7, 8, 9, 10, 11, 12]
  RES_LORA_DIM: 4
MMRL_MIX:
  ALPHA: 0.7
  LOSS_FUSE_WEIGHT: 0.2
  LOSS_MAIN_WEIGHT: 1.0
  LOSS_REP_WEIGHT: 1.0
  N_REP_TOKENS: 5
  PREC: amp
  REG_WEIGHT: 1.0
  REP_DIM: 512
  REP_LAYERS: [6, 7, 8, 9, 10, 11, 12]
MODEL:
  BACKBONE:
    NAME: ViT-B/16
    PRETRAINED: True
  HEAD:
    ACTIVATION: relu
    BN: True
    DROPOUT: 0.0
    HIDDEN_LAYERS: ()
    NAME: 
  INIT_WEIGHTS: 
OPTIM:
  ADAM_BETA1: 0.9
  ADAM_BETA2: 0.999
  BASE_LR_MULT: 0.1
  GAMMA: 0.1
  LR: 0.1
  LR_SCHEDULER: cosine
  MAX_EPOCH: 300
  MOMENTUM: 0.9
  NAME: sgd
  NEW_LAYERS: ()
  RMSPROP_ALPHA: 0.99
  SGD_DAMPNING: 0
  SGD_NESTEROV: False
  STAGED_LR: False
  STEPSIZE: (-1,)
  WARMUP_CONS_LR: 1e-05
  WARMUP_EPOCH: 1
  WARMUP_MIN_LR: 1e-05
  WARMUP_RECOUNT: True
  WARMUP_TYPE: constant
  WEIGHT_DECAY: 0.0
OUTPUT_DIR: output_refactor/ClipAdapters/BAYES_ADAPTER/FS/fewshot_train/eurosat/shots_2/ViT-B-16/seed3
PROTOCOL:
  NAME: FS
  PHASE: fewshot_train
RESUME: 
RUNTIME:
  OUTPUT_ROOT: output_refactor
  USE_DASSL_TRAINER_BRIDGE: True
SEED: 3
TASK: FS
TEST:
  COMPUTE_CMAT: False
  EVALUATOR: Classification
  FINAL_MODEL: last_step
  NO_TEST: False
  PER_CLASS_RESULT: False
  SPLIT: test
TRAIN:
  CHECKPOINT_FREQ: 0
  COUNT_ITER: train_x
  PRINT_FREQ: 20
TRAINER:
  BayesMMRL:
    ALPHA: 0.7
    BAYES_TARGET: rep_tokens
    CLIP_PRIOR_BLEND: 0.5
    CLIP_PRIOR_SCALE: 0.05
    EVAL_AGGREGATION: prob_mean
    EVAL_MODE: mc_predictive
    EVAL_USE_POSTERIOR_MEAN: False
    KL_WARMUP_EPOCHS: 5
    KL_WEIGHT: 0.0005
    N_MC_TEST: 5
    N_MC_TRAIN: 3
    N_REP_TOKENS: 5
    PREC: amp
    PRIOR_STD: 0.05
    PROJ_REP_KL_WEIGHT: 1e-06
    PROJ_REP_PRIOR_MODE: clip_proj
    PROJ_REP_PRIOR_STD: 0.01
    PROJ_REP_SIGMA_MODE: row
    REG_WEIGHT: 1.0
    REP_DIM: 512
    REP_KL_WEIGHT: 0.0005
    REP_LAYERS: [6, 7, 8, 9, 10, 11, 12]
    REP_MN_ENFORCE_TRACE: True
    REP_MN_LOWRANK_RANK: 8
    REP_PRIOR_MODE: zero
    REP_PRIOR_STD: 0.05
    REP_SIGMA_MODE: global
    SIGMA_MODE: global
  CDAC:
    CLASS_LR_MULTI: 10
    P_THRESH: 0.95
    RAMPUP_COEF: 30
    RAMPUP_ITRS: 1000
    STRONG_TRANSFORMS: ()
    TOPK_MATCH: 5
  CROSSGRAD:
    ALPHA_D: 0.5
    ALPHA_F: 0.5
    EPS_D: 1.0
    EPS_F: 1.0
  ClipADAPTER:
    ALLOW_CACHE: True
    CACHE_AGGREGATION: pool
    CACHE_POOL_EPOCH_SUBSAMPLE: True
    CACHE_REPS: 20
    CACHE_TRAIN_AUG: True
    CAPEL_FALLBACK_ORDER: False
    CAPEL_FEATURE_CACHE_DIR: /root/autodl-tmp/MMRL/prompts/capel_feature_cache
    CAPEL_PC_LAMBDA: 3.0
    CAPEL_PROMPTS_PER_CLASS: 50
    CAPEL_PROMPT_BANK: /root/autodl-tmp/MMRL/prompts/capel_prompt_bank_all.json
    CAPEL_REBUILD_FEATURE_CACHE: False
    CAPEL_STRICT_PROMPT_BANK: True
    CAPEL_USE_FEATURE_CACHE: True
    CLAP_TIPA_ONE_EPOCH: True
    CLAP_TIPA_RAW_AFFINITY: True
    CLAP_TIPA_TRAINABLE_CACHE: True
    CONSTRAINT: none
    CROSS_MODAL_EPOCH_SUBSAMPLE: True
    CROSS_MODAL_RESAMPLE_TEXT: True
    ENHANCED_BASE: none
    GRID_SEARCH: False
    GRID_SEARCH_SPLIT: val
    INIT: BAYES_ADAPTER
    ONLINE_PREFIT_REPS: 1
    ONLINE_PREFIT_TRAIN_AUG: True
    PREC: amp
    TIPA_F_GRID_EPOCHS: 20
    TYPE: MP
  DAEL:
    CONF_THRE: 0.95
    STRONG_TRANSFORMS: ()
    WEIGHT_U: 0.5
  DAELDG:
    CONF_THRE: 0.95
    STRONG_TRANSFORMS: ()
    WEIGHT_U: 0.5
  DDAIG:
    ALPHA: 0.5
    CLAMP: False
    CLAMP_MAX: 1.0
    CLAMP_MIN: -1.0
    G_ARCH: 
    LMDA: 0.3
    WARMUP: 0
  DOMAINMIX:
    ALPHA: 1.0
    BETA: 1.0
    TYPE: crossdomain
  ENTMIN:
    LMDA: 0.001
  FIXMATCH:
    CONF_THRE: 0.95
    STRONG_TRANSFORMS: ()
    WEIGHT_U: 1.0
  M3SDA:
    LMDA: 0.5
    N_STEP_F: 4
  MCD:
    N_STEP_F: 4
  MEANTEACHER:
    EMA_ALPHA: 0.999
    RAMPUP: 5
    WEIGHT_U: 1.0
  MIXMATCH:
    MIXUP_BETA: 0.75
    RAMPUP: 20000
    TEMP: 2.0
    WEIGHT_U: 100.0
  MME:
    LMDA: 0.1
  MMRL:
    ALPHA: 0.7
    N_REP_TOKENS: 5
    PREC: amp
    REG_WEIGHT: 1.0
    REP_DIM: 512
    REP_LAYERS: [6, 7, 8, 9, 10, 11, 12]
  MMRLMix:
    ALPHA: 0.7
    LOSS_FUSE_WEIGHT: 0.2
    LOSS_MAIN_WEIGHT: 1.0
    LOSS_REP_WEIGHT: 1.0
    N_REP_TOKENS: 5
    PREC: amp
    REG_WEIGHT: 1.0
    REP_DIM: 512
    REP_LAYERS: [6, 7, 8, 9, 10, 11, 12]
  MMRLpp:
    ALPHA: 0.7
    BETA: 0.9
    N_REP_TOKENS: 5
    PREC: amp
    PROJ_LORA_DIM: 64
    REG_WEIGHT: 1.0
    REP_DIM: 512
    REP_LAYERS: [6, 7, 8, 9, 10, 11, 12]
    RES_LORA_DIM: 4
  NAME: RefactorRunner
  SE:
    CONF_THRE: 0.95
    EMA_ALPHA: 0.999
    RAMPUP: 300
USE_CUDA: True
VERBOSE: True
VERSION: 1
Collecting env info ...
/root/autodl-tmp/MMRL/trainers/refactor_runner.py:72: FutureWarning: `torch.cuda.amp.GradScaler(args...)` is deprecated. Please use `torch.amp.GradScaler('cuda', args...)` instead.
  self.scaler = GradScaler() if prec == "amp" else None
** System info **
PyTorch version: 2.11.0+cu128
Is debug build: False
CUDA used to build PyTorch: 12.8
ROCM used to build PyTorch: N/A

OS: Ubuntu 22.04.1 LTS (x86_64)
GCC version: (Ubuntu 11.3.0-1ubuntu1~22.04) 11.3.0
Clang version: Could not collect
CMake version: version 3.22.1
Libc version: glibc-2.35

Python version: 3.10.20 (main, Mar 11 2026, 17:46:40) [GCC 14.3.0] (64-bit runtime)
Python platform: Linux-5.15.0-78-generic-x86_64-with-glibc2.35
Is CUDA available: True
CUDA runtime version: 11.8.89
CUDA_MODULE_LOADING set to: 
GPU models and configuration: 
GPU 0: NVIDIA GeForce RTX 5090
GPU 1: NVIDIA GeForce RTX 5090

Nvidia driver version: 580.105.08
cuDNN version: Probably one of the following:
/usr/lib/x86_64-linux-gnu/libcudnn.so.8.6.0
/usr/lib/x86_64-linux-gnu/libcudnn_adv_infer.so.8.6.0
/usr/lib/x86_64-linux-gnu/libcudnn_adv_train.so.8.6.0
/usr/lib/x86_64-linux-gnu/libcudnn_cnn_infer.so.8.6.0
/usr/lib/x86_64-linux-gnu/libcudnn_cnn_train.so.8.6.0
/usr/lib/x86_64-linux-gnu/libcudnn_ops_infer.so.8.6.0
/usr/lib/x86_64-linux-gnu/libcudnn_ops_train.so.8.6.0
Is XPU available: False
HIP runtime version: N/A
MIOpen runtime version: N/A
Is XNNPACK available: True
Caching allocator config: N/A

CPU:
Architecture:                    x86_64
CPU op-mode(s):                  32-bit, 64-bit
Address sizes:                   52 bits physical, 57 bits virtual
Byte Order:                      Little Endian
CPU(s):                          208
On-line CPU(s) list:             0-207
Vendor ID:                       GenuineIntel
Model name:                      Intel(R) Xeon(R) Platinum 8470Q
CPU family:                      6
Model:                           143
Thread(s) per core:              2
Core(s) per socket:              52
Socket(s):                       2
Stepping:                        8
Frequency boost:                 enabled
CPU max MHz:                     2101.0000
CPU min MHz:                     800.0000
BogoMIPS:                        4200.00
Flags:                           fpu vme de pse tsc msr pae mce cx8 apic sep mtrr pge mca cmov pat pse36 clflush dts acpi mmx fxsr sse sse2 ss ht tm pbe syscall nx pdpe1gb rdtscp lm constant_tsc art arch_perfmon pebs bts rep_good nopl xtopology nonstop_tsc cpuid aperfmperf tsc_known_freq pni pclmulqdq dtes64 ds_cpl vmx smx est tm2 ssse3 sdbg fma cx16 xtpr pdcm pcid dca sse4_1 sse4_2 x2apic movbe popcnt tsc_deadline_timer aes xsave avx f16c rdrand lahf_lm abm 3dnowprefetch cpuid_fault epb cat_l3 cat_l2 cdp_l3 invpcid_single intel_ppin cdp_l2 ssbd mba ibrs ibpb stibp ibrs_enhanced tpr_shadow vnmi flexpriority ept vpid ept_ad fsgsbase tsc_adjust bmi1 avx2 smep bmi2 erms invpcid cqm rdt_a avx512f avx512dq rdseed adx smap avx512ifma clflushopt clwb intel_pt avx512cd sha_ni avx512bw avx512vl xsaveopt xsavec xgetbv1 xsaves cqm_llc cqm_occup_llc cqm_mbm_total cqm_mbm_local split_lock_detect avx_vnni avx512_bf16 wbnoinvd dtherm ida arat pln pts avx512vbmi umip pku ospke waitpkg avx512_vbmi2 gfni vaes vpclmulqdq avx512_vnni avx512_bitalg tme avx512_vpopcntdq la57 rdpid bus_lock_detect cldemote movdiri movdir64b enqcmd fsrm md_clear serialize tsxldtrk pconfig arch_lbr amx_bf16 avx512_fp16 amx_tile amx_int8 flush_l1d arch_capabilities
Virtualization:                  VT-x
L1d cache:                       4.9 MiB (104 instances)
L1i cache:                       3.3 MiB (104 instances)
L2 cache:                        208 MiB (104 instances)
L3 cache:                        210 MiB (2 instances)
NUMA node(s):                    2
NUMA node0 CPU(s):               0-51,104-155
NUMA node1 CPU(s):               52-103,156-207
Vulnerability Itlb multihit:     Not affected
Vulnerability L1tf:              Not affected
Vulnerability Mds:               Not affected
Vulnerability Meltdown:          Not affected
Vulnerability Mmio stale data:   Not affected
Vulnerability Retbleed:          Not affected
Vulnerability Spec store bypass: Mitigation; Speculative Store Bypass disabled via prctl and seccomp
Vulnerability Spectre v1:        Mitigation; usercopy/swapgs barriers and __user pointer sanitization
Vulnerability Spectre v2:        Mitigation; Enhanced IBRS, IBPB conditional, RSB filling, PBRSB-eIBRS SW sequence
Vulnerability Srbds:             Not affected
Vulnerability Tsx async abort:   Not affected

Versions of relevant libraries:
[pip3] flake8==3.7.9
[pip3] numpy==2.2.6
[pip3] nvidia-cublas-cu12==12.8.4.1
[pip3] nvidia-cuda-cupti-cu12==12.8.90
[pip3] nvidia-cuda-nvrtc-cu12==12.8.93
[pip3] nvidia-cuda-runtime-cu12==12.8.90
[pip3] nvidia-cudnn-cu12==9.19.0.56
[pip3] nvidia-cufft-cu12==11.3.3.83
[pip3] nvidia-curand-cu12==10.3.9.90
[pip3] nvidia-cusolver-cu12==11.7.3.90
[pip3] nvidia-cusparse-cu12==12.5.8.93
[pip3] nvidia-cusparselt-cu12==0.7.1
[pip3] nvidia-nccl-cu12==2.28.9
[pip3] nvidia-nvjitlink-cu12==12.8.93
[pip3] nvidia-nvtx-cu12==12.8.90
[pip3] torch==2.11.0+cu128
[pip3] torchaudio==2.11.0+cu128
[pip3] torchvision==0.26.0+cu128
[pip3] triton==3.6.0
[conda] numpy                     2.2.6                    pypi_0    pypi
[conda] nvidia-cublas-cu12        12.8.4.1                 pypi_0    pypi
[conda] nvidia-cuda-cupti-cu12    12.8.90                  pypi_0    pypi
[conda] nvidia-cuda-nvrtc-cu12    12.8.93                  pypi_0    pypi
[conda] nvidia-cuda-runtime-cu12  12.8.90                  pypi_0    pypi
[conda] nvidia-cudnn-cu12         9.19.0.56                pypi_0    pypi
[conda] nvidia-cufft-cu12         11.3.3.83                pypi_0    pypi
[conda] nvidia-curand-cu12        10.3.9.90                pypi_0    pypi
[conda] nvidia-cusolver-cu12      11.7.3.90                pypi_0    pypi
[conda] nvidia-cusparse-cu12      12.5.8.93                pypi_0    pypi
[conda] nvidia-cusparselt-cu12    0.7.1                    pypi_0    pypi
[conda] nvidia-nccl-cu12          2.28.9                   pypi_0    pypi
[conda] nvidia-nvjitlink-cu12     12.8.93                  pypi_0    pypi
[conda] nvidia-nvtx-cu12          12.8.90                  pypi_0    pypi
[conda] torch                     2.11.0+cu128             pypi_0    pypi
[conda] torchaudio                2.11.0+cu128             pypi_0    pypi
[conda] torchvision               0.26.0+cu128             pypi_0    pypi
[conda] triton                    3.6.0                    pypi_0    pypi
        Pillow (12.1.1)

Loading trainer: RefactorRunner
Loading dataset: EuroSAT
Reading split from /root/autodl-tmp/MMRL/DATASETS/eurosat/split_zhou_EuroSAT.json
Loading preprocessed few-shot data from /root/autodl-tmp/MMRL/DATASETS/eurosat/split_fewshot/shot_2-seed_3.pkl
Building transform_train
+ random resized crop (size=(224, 224), scale=(0.5, 1))
+ random flip
+ to torch tensor of range [0, 1]
+ normalization (mean=[0.48145466, 0.4578275, 0.40821073], std=[0.26862954, 0.26130258, 0.27577711])
Building transform_test
+ resize the smaller edge to 224
+ 224x224 center crop
+ to torch tensor of range [0, 1]
+ normalization (mean=[0.48145466, 0.4578275, 0.40821073], std=[0.26862954, 0.26130258, 0.27577711])
---------  -------
Dataset    EuroSAT
# classes  10
# train_x  20
# val      20
# test     8,100
---------  -------
[ClipAdapters] trainable params before cache hooks: {'adapter.text_features_unnorm_logstd', 'adapter.text_features_unnorm_mean'}
Loading evaluator: Classification
No checkpoint found, train from scratch
Initialize tensorboard (log_dir=output_refactor/ClipAdapters/BAYES_ADAPTER/FS/fewshot_train/eurosat/shots_2/ViT-B-16/seed3/tensorboard)
/root/autodl-tmp/MMRL/executors/online_executor.py:46: FutureWarning: `torch.cuda.amp.autocast(args...)` is deprecated. Please use `torch.amp.autocast('cuda', args...)` instead.
  with autocast():
/root/autodl-tmp/Dassl.pytorch/dassl/optim/lr_scheduler.py:40: UserWarning: Detected call of `lr_scheduler.step()` before `optimizer.step()`. In PyTorch 1.1.0 and later, you should call them in the opposite order: `optimizer.step()` before `lr_scheduler.step()`.  Failure to do this will result in PyTorch skipping the first value of the learning rate schedule. See more details at https://pytorch.org/docs/stable/optim.html#how-to-adjust-learning-rate
  super().step(epoch)
epoch [1/300] batch [1/1] time 1.068 (1.068) data 0.265 (0.265) loss 1.2127 (1.2127) acc 60.0000 (60.0000) loss_ce 1.2127 (1.2127) data_term 1.2127 (1.2127) kl_term 0.0000 (0.0000) lr 1.0000e-01 eta 0:05:19
/root/autodl-tmp/Dassl.pytorch/dassl/optim/lr_scheduler.py:37: UserWarning: Detected call of `lr_scheduler.step()` before `optimizer.step()`. In PyTorch 1.1.0 and later, you should call them in the opposite order: `optimizer.step()` before `lr_scheduler.step()`.  Failure to do this will result in PyTorch skipping the first value of the learning rate schedule. See more details at https://pytorch.org/docs/stable/optim.html#how-to-adjust-learning-rate
  self.successor.step(epoch)
epoch [2/300] batch [1/1] time 0.192 (0.192) data 0.177 (0.177) loss 1.1663 (1.1663) acc 60.0000 (60.0000) loss_ce 1.1663 (1.1663) data_term 1.1663 (1.1663) kl_term 0.0000 (0.0000) lr 9.9997e-02 eta 0:00:57
epoch [3/300] batch [1/1] time 0.244 (0.244) data 0.195 (0.195) loss 1.3201 (1.3201) acc 35.0000 (35.0000) loss_ce 1.3201 (1.3201) data_term 1.3201 (1.3201) kl_term 0.0000 (0.0000) lr 9.9989e-02 eta 0:01:12
epoch [4/300] batch [1/1] time 0.222 (0.222) data 0.184 (0.184) loss 1.0341 (1.0341) acc 75.0000 (75.0000) loss_ce 1.0341 (1.0341) data_term 1.0341 (1.0341) kl_term 0.0000 (0.0000) lr 9.9975e-02 eta 0:01:05
epoch [5/300] batch [1/1] time 0.216 (0.216) data 0.200 (0.200) loss 1.0315 (1.0315) acc 65.0000 (65.0000) loss_ce 1.0315 (1.0315) data_term 1.0315 (1.0315) kl_term 0.0000 (0.0000) lr 9.9956e-02 eta 0:01:03
epoch [6/300] batch [1/1] time 0.225 (0.225) data 0.205 (0.205) loss 1.0151 (1.0151) acc 65.0000 (65.0000) loss_ce 1.0150 (1.0150) data_term 1.0150 (1.0150) kl_term 0.0000 (0.0000) lr 9.9931e-02 eta 0:01:06
epoch [7/300] batch [1/1] time 0.212 (0.212) data 0.192 (0.192) loss 0.8306 (0.8306) acc 70.0000 (70.0000) loss_ce 0.8305 (0.8305) data_term 0.8305 (0.8305) kl_term 0.0000 (0.0000) lr 9.9901e-02 eta 0:01:02
epoch [8/300] batch [1/1] time 0.244 (0.244) data 0.223 (0.223) loss 0.7219 (0.7219) acc 75.0000 (75.0000) loss_ce 0.7219 (0.7219) data_term 0.7219 (0.7219) kl_term 0.0001 (0.0001) lr 9.9866e-02 eta 0:01:11
epoch [9/300] batch [1/1] time 0.236 (0.236) data 0.215 (0.215) loss 0.5159 (0.5159) acc 95.0000 (95.0000) loss_ce 0.5158 (0.5158) data_term 0.5158 (0.5158) kl_term 0.0001 (0.0001) lr 9.9825e-02 eta 0:01:08
epoch [10/300] batch [1/1] time 0.245 (0.245) data 0.218 (0.218) loss 0.4674 (0.4674) acc 85.0000 (85.0000) loss_ce 0.4672 (0.4672) data_term 0.4672 (0.4672) kl_term 0.0002 (0.0002) lr 9.9778e-02 eta 0:01:10
epoch [11/300] batch [1/1] time 0.236 (0.236) data 0.216 (0.216) loss 0.5262 (0.5262) acc 90.0000 (90.0000) loss_ce 0.5260 (0.5260) data_term 0.5260 (0.5260) kl_term 0.0002 (0.0002) lr 9.9726e-02 eta 0:01:08
epoch [12/300] batch [1/1] time 0.219 (0.219) data 0.202 (0.202) loss 0.6025 (0.6025) acc 75.0000 (75.0000) loss_ce 0.6022 (0.6022) data_term 0.6022 (0.6022) kl_term 0.0003 (0.0003) lr 9.9669e-02 eta 0:01:03
epoch [13/300] batch [1/1] time 0.199 (0.199) data 0.179 (0.179) loss 0.4238 (0.4238) acc 95.0000 (95.0000) loss_ce 0.4234 (0.4234) data_term 0.4234 (0.4234) kl_term 0.0004 (0.0004) lr 9.9606e-02 eta 0:00:57
epoch [14/300] batch [1/1] time 0.220 (0.220) data 0.204 (0.204) loss 0.3008 (0.3008) acc 90.0000 (90.0000) loss_ce 0.3002 (0.3002) data_term 0.3002 (0.3002) kl_term 0.0006 (0.0006) lr 9.9537e-02 eta 0:01:02
epoch [15/300] batch [1/1] time 0.220 (0.220) data 0.198 (0.198) loss 0.1993 (0.1993) acc 100.0000 (100.0000) loss_ce 0.1986 (0.1986) data_term 0.1986 (0.1986) kl_term 0.0007 (0.0007) lr 9.9464e-02 eta 0:01:02
epoch [16/300] batch [1/1] time 0.233 (0.233) data 0.212 (0.212) loss 0.2581 (0.2581) acc 100.0000 (100.0000) loss_ce 0.2572 (0.2572) data_term 0.2572 (0.2572) kl_term 0.0009 (0.0009) lr 9.9384e-02 eta 0:01:06
epoch [17/300] batch [1/1] time 0.249 (0.249) data 0.229 (0.229) loss 0.1785 (0.1785) acc 100.0000 (100.0000) loss_ce 0.1774 (0.1774) data_term 0.1774 (0.1774) kl_term 0.0011 (0.0011) lr 9.9300e-02 eta 0:01:10
epoch [18/300] batch [1/1] time 0.252 (0.252) data 0.232 (0.232) loss 0.2142 (0.2142) acc 95.0000 (95.0000) loss_ce 0.2129 (0.2129) data_term 0.2129 (0.2129) kl_term 0.0013 (0.0013) lr 9.9210e-02 eta 0:01:11
epoch [19/300] batch [1/1] time 0.237 (0.237) data 0.216 (0.216) loss 0.2498 (0.2498) acc 90.0000 (90.0000) loss_ce 0.2482 (0.2482) data_term 0.2482 (0.2482) kl_term 0.0016 (0.0016) lr 9.9114e-02 eta 0:01:06
epoch [20/300] batch [1/1] time 0.248 (0.248) data 0.222 (0.222) loss 0.1520 (0.1520) acc 100.0000 (100.0000) loss_ce 0.1501 (0.1501) data_term 0.1501 (0.1501) kl_term 0.0018 (0.0018) lr 9.9014e-02 eta 0:01:09
epoch [21/300] batch [1/1] time 0.247 (0.247) data 0.225 (0.225) loss 0.0960 (0.0960) acc 100.0000 (100.0000) loss_ce 0.0939 (0.0939) data_term 0.0939 (0.0939) kl_term 0.0021 (0.0021) lr 9.8907e-02 eta 0:01:08
epoch [22/300] batch [1/1] time 0.251 (0.251) data 0.230 (0.230) loss 0.1714 (0.1714) acc 100.0000 (100.0000) loss_ce 0.1690 (0.1690) data_term 0.1690 (0.1690) kl_term 0.0024 (0.0024) lr 9.8796e-02 eta 0:01:09
epoch [23/300] batch [1/1] time 0.241 (0.241) data 0.214 (0.214) loss 0.1460 (0.1460) acc 95.0000 (95.0000) loss_ce 0.1433 (0.1433) data_term 0.1433 (0.1433) kl_term 0.0027 (0.0027) lr 9.8679e-02 eta 0:01:06
epoch [24/300] batch [1/1] time 0.239 (0.239) data 0.219 (0.219) loss 0.3926 (0.3926) acc 90.0000 (90.0000) loss_ce 0.3896 (0.3896) data_term 0.3896 (0.3896) kl_term 0.0030 (0.0030) lr 9.8557e-02 eta 0:01:06
epoch [25/300] batch [1/1] time 0.221 (0.221) data 0.205 (0.205) loss 0.0742 (0.0742) acc 100.0000 (100.0000) loss_ce 0.0709 (0.0709) data_term 0.0709 (0.0709) kl_term 0.0033 (0.0033) lr 9.8429e-02 eta 0:01:00
epoch [26/300] batch [1/1] time 0.273 (0.273) data 0.252 (0.252) loss 0.1036 (0.1036) acc 100.0000 (100.0000) loss_ce 0.0999 (0.0999) data_term 0.0999 (0.0999) kl_term 0.0037 (0.0037) lr 9.8296e-02 eta 0:01:14
epoch [27/300] batch [1/1] time 0.240 (0.240) data 0.218 (0.218) loss 0.1187 (0.1187) acc 100.0000 (100.0000) loss_ce 0.1147 (0.1147) data_term 0.1147 (0.1147) kl_term 0.0040 (0.0040) lr 9.8158e-02 eta 0:01:05
epoch [28/300] batch [1/1] time 0.267 (0.267) data 0.245 (0.245) loss 0.1076 (0.1076) acc 100.0000 (100.0000) loss_ce 0.1033 (0.1033) data_term 0.1033 (0.1033) kl_term 0.0044 (0.0044) lr 9.8015e-02 eta 0:01:12
epoch [29/300] batch [1/1] time 0.232 (0.232) data 0.205 (0.205) loss 0.2171 (0.2171) acc 95.0000 (95.0000) loss_ce 0.2124 (0.2124) data_term 0.2124 (0.2124) kl_term 0.0047 (0.0047) lr 9.7866e-02 eta 0:01:02
epoch [30/300] batch [1/1] time 0.250 (0.250) data 0.229 (0.229) loss 0.1030 (0.1030) acc 95.0000 (95.0000) loss_ce 0.0980 (0.0980) data_term 0.0980 (0.0980) kl_term 0.0051 (0.0051) lr 9.7712e-02 eta 0:01:07
epoch [31/300] batch [1/1] time 0.235 (0.235) data 0.216 (0.216) loss 0.0577 (0.0577) acc 100.0000 (100.0000) loss_ce 0.0523 (0.0523) data_term 0.0523 (0.0523) kl_term 0.0054 (0.0054) lr 9.7553e-02 eta 0:01:03
epoch [32/300] batch [1/1] time 0.269 (0.269) data 0.246 (0.246) loss 0.1452 (0.1452) acc 95.0000 (95.0000) loss_ce 0.1394 (0.1394) data_term 0.1394 (0.1394) kl_term 0.0058 (0.0058) lr 9.7388e-02 eta 0:01:12
epoch [33/300] batch [1/1] time 0.243 (0.243) data 0.223 (0.223) loss 0.0837 (0.0837) acc 100.0000 (100.0000) loss_ce 0.0775 (0.0775) data_term 0.0775 (0.0775) kl_term 0.0062 (0.0062) lr 9.7219e-02 eta 0:01:04
epoch [34/300] batch [1/1] time 0.233 (0.233) data 0.218 (0.218) loss 0.1052 (0.1052) acc 100.0000 (100.0000) loss_ce 0.0987 (0.0987) data_term 0.0987 (0.0987) kl_term 0.0065 (0.0065) lr 9.7044e-02 eta 0:01:01
epoch [35/300] batch [1/1] time 0.192 (0.192) data 0.180 (0.180) loss 0.0965 (0.0965) acc 100.0000 (100.0000) loss_ce 0.0895 (0.0895) data_term 0.0895 (0.0895) kl_term 0.0069 (0.0069) lr 9.6864e-02 eta 0:00:50
epoch [36/300] batch [1/1] time 0.217 (0.217) data 0.197 (0.197) loss 0.0781 (0.0781) acc 100.0000 (100.0000) loss_ce 0.0708 (0.0708) data_term 0.0708 (0.0708) kl_term 0.0073 (0.0073) lr 9.6679e-02 eta 0:00:57
epoch [37/300] batch [1/1] time 0.252 (0.252) data 0.225 (0.225) loss 0.0556 (0.0556) acc 100.0000 (100.0000) loss_ce 0.0479 (0.0479) data_term 0.0479 (0.0479) kl_term 0.0077 (0.0077) lr 9.6489e-02 eta 0:01:06
epoch [38/300] batch [1/1] time 0.253 (0.253) data 0.232 (0.232) loss 0.1275 (0.1275) acc 100.0000 (100.0000) loss_ce 0.1195 (0.1195) data_term 0.1195 (0.1195) kl_term 0.0080 (0.0080) lr 9.6294e-02 eta 0:01:06
epoch [39/300] batch [1/1] time 0.267 (0.267) data 0.235 (0.235) loss 0.0859 (0.0859) acc 100.0000 (100.0000) loss_ce 0.0775 (0.0775) data_term 0.0775 (0.0775) kl_term 0.0084 (0.0084) lr 9.6093e-02 eta 0:01:09
epoch [40/300] batch [1/1] time 0.258 (0.258) data 0.233 (0.233) loss 0.0999 (0.0999) acc 100.0000 (100.0000) loss_ce 0.0911 (0.0911) data_term 0.0911 (0.0911) kl_term 0.0088 (0.0088) lr 9.5888e-02 eta 0:01:07
epoch [41/300] batch [1/1] time 0.253 (0.253) data 0.227 (0.227) loss 0.1005 (0.1005) acc 100.0000 (100.0000) loss_ce 0.0913 (0.0913) data_term 0.0913 (0.0913) kl_term 0.0092 (0.0092) lr 9.5677e-02 eta 0:01:05
epoch [42/300] batch [1/1] time 0.276 (0.276) data 0.249 (0.249) loss 0.0776 (0.0776) acc 100.0000 (100.0000) loss_ce 0.0680 (0.0680) data_term 0.0680 (0.0680) kl_term 0.0096 (0.0096) lr 9.5462e-02 eta 0:01:11
epoch [43/300] batch [1/1] time 0.252 (0.252) data 0.232 (0.232) loss 0.0792 (0.0792) acc 100.0000 (100.0000) loss_ce 0.0693 (0.0693) data_term 0.0693 (0.0693) kl_term 0.0100 (0.0100) lr 9.5241e-02 eta 0:01:04
epoch [44/300] batch [1/1] time 0.245 (0.245) data 0.225 (0.225) loss 0.0636 (0.0636) acc 100.0000 (100.0000) loss_ce 0.0533 (0.0533) data_term 0.0533 (0.0533) kl_term 0.0104 (0.0104) lr 9.5016e-02 eta 0:01:02
epoch [45/300] batch [1/1] time 0.251 (0.251) data 0.222 (0.222) loss 0.0379 (0.0379) acc 100.0000 (100.0000) loss_ce 0.0271 (0.0271) data_term 0.0271 (0.0271) kl_term 0.0108 (0.0108) lr 9.4786e-02 eta 0:01:03
epoch [46/300] batch [1/1] time 0.239 (0.239) data 0.217 (0.217) loss 0.1228 (0.1228) acc 100.0000 (100.0000) loss_ce 0.1117 (0.1117) data_term 0.1117 (0.1117) kl_term 0.0112 (0.0112) lr 9.4550e-02 eta 0:01:00
epoch [47/300] batch [1/1] time 0.244 (0.244) data 0.218 (0.218) loss 0.1153 (0.1153) acc 95.0000 (95.0000) loss_ce 0.1037 (0.1037) data_term 0.1037 (0.1037) kl_term 0.0115 (0.0115) lr 9.4310e-02 eta 0:01:01
epoch [48/300] batch [1/1] time 0.270 (0.270) data 0.241 (0.241) loss 0.0570 (0.0570) acc 100.0000 (100.0000) loss_ce 0.0450 (0.0450) data_term 0.0450 (0.0450) kl_term 0.0119 (0.0119) lr 9.4065e-02 eta 0:01:07
epoch [49/300] batch [1/1] time 0.251 (0.251) data 0.231 (0.231) loss 0.0447 (0.0447) acc 100.0000 (100.0000) loss_ce 0.0324 (0.0324) data_term 0.0324 (0.0324) kl_term 0.0123 (0.0123) lr 9.3815e-02 eta 0:01:02
epoch [50/300] batch [1/1] time 0.250 (0.250) data 0.228 (0.228) loss 0.1196 (0.1196) acc 95.0000 (95.0000) loss_ce 0.1069 (0.1069) data_term 0.1069 (0.1069) kl_term 0.0127 (0.0127) lr 9.3561e-02 eta 0:01:02
epoch [51/300] batch [1/1] time 0.249 (0.249) data 0.229 (0.229) loss 0.0650 (0.0650) acc 100.0000 (100.0000) loss_ce 0.0519 (0.0519) data_term 0.0519 (0.0519) kl_term 0.0131 (0.0131) lr 9.3301e-02 eta 0:01:01
epoch [52/300] batch [1/1] time 0.240 (0.240) data 0.219 (0.219) loss 0.0332 (0.0332) acc 100.0000 (100.0000) loss_ce 0.0197 (0.0197) data_term 0.0197 (0.0197) kl_term 0.0135 (0.0135) lr 9.3037e-02 eta 0:00:59
epoch [53/300] batch [1/1] time 0.231 (0.231) data 0.211 (0.211) loss 0.0381 (0.0381) acc 100.0000 (100.0000) loss_ce 0.0243 (0.0243) data_term 0.0243 (0.0243) kl_term 0.0139 (0.0139) lr 9.2768e-02 eta 0:00:57
epoch [54/300] batch [1/1] time 0.241 (0.241) data 0.221 (0.221) loss 0.0371 (0.0371) acc 100.0000 (100.0000) loss_ce 0.0228 (0.0228) data_term 0.0228 (0.0228) kl_term 0.0143 (0.0143) lr 9.2495e-02 eta 0:00:59
epoch [55/300] batch [1/1] time 0.229 (0.229) data 0.209 (0.209) loss 0.0756 (0.0756) acc 100.0000 (100.0000) loss_ce 0.0609 (0.0609) data_term 0.0609 (0.0609) kl_term 0.0147 (0.0147) lr 9.2216e-02 eta 0:00:56
epoch [56/300] batch [1/1] time 0.250 (0.250) data 0.229 (0.229) loss 0.0666 (0.0666) acc 100.0000 (100.0000) loss_ce 0.0515 (0.0515) data_term 0.0515 (0.0515) kl_term 0.0151 (0.0151) lr 9.1934e-02 eta 0:01:00
epoch [57/300] batch [1/1] time 0.253 (0.253) data 0.226 (0.226) loss 0.0762 (0.0762) acc 100.0000 (100.0000) loss_ce 0.0608 (0.0608) data_term 0.0608 (0.0608) kl_term 0.0154 (0.0154) lr 9.1646e-02 eta 0:01:01
epoch [58/300] batch [1/1] time 0.245 (0.245) data 0.218 (0.218) loss 0.2571 (0.2571) acc 90.0000 (90.0000) loss_ce 0.2413 (0.2413) data_term 0.2413 (0.2413) kl_term 0.0158 (0.0158) lr 9.1354e-02 eta 0:00:59
epoch [59/300] batch [1/1] time 0.236 (0.236) data 0.217 (0.217) loss 0.0431 (0.0431) acc 100.0000 (100.0000) loss_ce 0.0269 (0.0269) data_term 0.0269 (0.0269) kl_term 0.0162 (0.0162) lr 9.1057e-02 eta 0:00:56
epoch [60/300] batch [1/1] time 0.239 (0.239) data 0.218 (0.218) loss 0.0923 (0.0923) acc 100.0000 (100.0000) loss_ce 0.0757 (0.0757) data_term 0.0757 (0.0757) kl_term 0.0166 (0.0166) lr 9.0756e-02 eta 0:00:57
epoch [61/300] batch [1/1] time 0.244 (0.244) data 0.217 (0.217) loss 0.0447 (0.0447) acc 100.0000 (100.0000) loss_ce 0.0277 (0.0277) data_term 0.0277 (0.0277) kl_term 0.0170 (0.0170) lr 9.0451e-02 eta 0:00:58
epoch [62/300] batch [1/1] time 0.229 (0.229) data 0.210 (0.210) loss 0.0532 (0.0532) acc 100.0000 (100.0000) loss_ce 0.0358 (0.0358) data_term 0.0358 (0.0358) kl_term 0.0174 (0.0174) lr 9.0141e-02 eta 0:00:54
epoch [63/300] batch [1/1] time 0.257 (0.257) data 0.230 (0.230) loss 0.0422 (0.0422) acc 100.0000 (100.0000) loss_ce 0.0244 (0.0244) data_term 0.0244 (0.0244) kl_term 0.0178 (0.0178) lr 8.9826e-02 eta 0:01:00
epoch [64/300] batch [1/1] time 0.252 (0.252) data 0.232 (0.232) loss 0.0466 (0.0466) acc 100.0000 (100.0000) loss_ce 0.0284 (0.0284) data_term 0.0284 (0.0284) kl_term 0.0182 (0.0182) lr 8.9508e-02 eta 0:00:59
epoch [65/300] batch [1/1] time 0.239 (0.239) data 0.218 (0.218) loss 0.0642 (0.0642) acc 100.0000 (100.0000) loss_ce 0.0456 (0.0456) data_term 0.0456 (0.0456) kl_term 0.0186 (0.0186) lr 8.9185e-02 eta 0:00:56
epoch [66/300] batch [1/1] time 0.250 (0.250) data 0.221 (0.221) loss 0.0571 (0.0571) acc 100.0000 (100.0000) loss_ce 0.0381 (0.0381) data_term 0.0381 (0.0381) kl_term 0.0190 (0.0190) lr 8.8857e-02 eta 0:00:58
epoch [67/300] batch [1/1] time 0.247 (0.247) data 0.219 (0.219) loss 0.0736 (0.0736) acc 100.0000 (100.0000) loss_ce 0.0543 (0.0543) data_term 0.0543 (0.0543) kl_term 0.0194 (0.0194) lr 8.8526e-02 eta 0:00:57
epoch [68/300] batch [1/1] time 0.235 (0.235) data 0.213 (0.213) loss 0.0507 (0.0507) acc 100.0000 (100.0000) loss_ce 0.0309 (0.0309) data_term 0.0309 (0.0309) kl_term 0.0197 (0.0197) lr 8.8190e-02 eta 0:00:54
epoch [69/300] batch [1/1] time 0.234 (0.234) data 0.214 (0.214) loss 0.0586 (0.0586) acc 100.0000 (100.0000) loss_ce 0.0384 (0.0384) data_term 0.0384 (0.0384) kl_term 0.0201 (0.0201) lr 8.7850e-02 eta 0:00:53
epoch [70/300] batch [1/1] time 0.256 (0.256) data 0.224 (0.224) loss 0.0639 (0.0639) acc 100.0000 (100.0000) loss_ce 0.0434 (0.0434) data_term 0.0434 (0.0434) kl_term 0.0205 (0.0205) lr 8.7506e-02 eta 0:00:58
epoch [71/300] batch [1/1] time 0.248 (0.248) data 0.227 (0.227) loss 0.0500 (0.0500) acc 100.0000 (100.0000) loss_ce 0.0291 (0.0291) data_term 0.0291 (0.0291) kl_term 0.0209 (0.0209) lr 8.7157e-02 eta 0:00:56
epoch [72/300] batch [1/1] time 0.241 (0.241) data 0.220 (0.220) loss 0.0635 (0.0635) acc 100.0000 (100.0000) loss_ce 0.0422 (0.0422) data_term 0.0422 (0.0422) kl_term 0.0213 (0.0213) lr 8.6805e-02 eta 0:00:54
epoch [73/300] batch [1/1] time 0.245 (0.245) data 0.225 (0.225) loss 0.0526 (0.0526) acc 100.0000 (100.0000) loss_ce 0.0309 (0.0309) data_term 0.0309 (0.0309) kl_term 0.0217 (0.0217) lr 8.6448e-02 eta 0:00:55
epoch [74/300] batch [1/1] time 0.219 (0.219) data 0.197 (0.197) loss 0.3162 (0.3162) acc 90.0000 (90.0000) loss_ce 0.2942 (0.2942) data_term 0.2942 (0.2942) kl_term 0.0220 (0.0220) lr 8.6088e-02 eta 0:00:49
epoch [75/300] batch [1/1] time 0.233 (0.233) data 0.212 (0.212) loss 0.1033 (0.1033) acc 95.0000 (95.0000) loss_ce 0.0808 (0.0808) data_term 0.0808 (0.0808) kl_term 0.0224 (0.0224) lr 8.5724e-02 eta 0:00:52
epoch [76/300] batch [1/1] time 0.282 (0.282) data 0.255 (0.255) loss 0.0585 (0.0585) acc 100.0000 (100.0000) loss_ce 0.0357 (0.0357) data_term 0.0357 (0.0357) kl_term 0.0228 (0.0228) lr 8.5355e-02 eta 0:01:03
epoch [77/300] batch [1/1] time 0.231 (0.231) data 0.209 (0.209) loss 0.0558 (0.0558) acc 100.0000 (100.0000) loss_ce 0.0326 (0.0326) data_term 0.0326 (0.0326) kl_term 0.0232 (0.0232) lr 8.4983e-02 eta 0:00:51
epoch [78/300] batch [1/1] time 0.238 (0.238) data 0.217 (0.217) loss 0.0958 (0.0958) acc 95.0000 (95.0000) loss_ce 0.0722 (0.0722) data_term 0.0722 (0.0722) kl_term 0.0236 (0.0236) lr 8.4607e-02 eta 0:00:52
epoch [79/300] batch [1/1] time 0.255 (0.255) data 0.235 (0.235) loss 0.0714 (0.0714) acc 100.0000 (100.0000) loss_ce 0.0475 (0.0475) data_term 0.0475 (0.0475) kl_term 0.0240 (0.0240) lr 8.4227e-02 eta 0:00:56
epoch [80/300] batch [1/1] time 0.248 (0.248) data 0.226 (0.226) loss 0.0672 (0.0672) acc 100.0000 (100.0000) loss_ce 0.0428 (0.0428) data_term 0.0428 (0.0428) kl_term 0.0244 (0.0244) lr 8.3844e-02 eta 0:00:54
epoch [81/300] batch [1/1] time 0.243 (0.243) data 0.222 (0.222) loss 0.0849 (0.0849) acc 100.0000 (100.0000) loss_ce 0.0601 (0.0601) data_term 0.0601 (0.0601) kl_term 0.0248 (0.0248) lr 8.3457e-02 eta 0:00:53
epoch [82/300] batch [1/1] time 0.241 (0.241) data 0.219 (0.219) loss 0.0616 (0.0616) acc 100.0000 (100.0000) loss_ce 0.0364 (0.0364) data_term 0.0364 (0.0364) kl_term 0.0251 (0.0251) lr 8.3066e-02 eta 0:00:52
epoch [83/300] batch [1/1] time 0.243 (0.243) data 0.223 (0.223) loss 0.0613 (0.0613) acc 100.0000 (100.0000) loss_ce 0.0357 (0.0357) data_term 0.0357 (0.0357) kl_term 0.0255 (0.0255) lr 8.2671e-02 eta 0:00:52
epoch [84/300] batch [1/1] time 0.235 (0.235) data 0.212 (0.212) loss 0.0592 (0.0592) acc 100.0000 (100.0000) loss_ce 0.0333 (0.0333) data_term 0.0333 (0.0333) kl_term 0.0259 (0.0259) lr 8.2273e-02 eta 0:00:50
epoch [85/300] batch [1/1] time 0.230 (0.230) data 0.208 (0.208) loss 0.0481 (0.0481) acc 100.0000 (100.0000) loss_ce 0.0218 (0.0218) data_term 0.0218 (0.0218) kl_term 0.0263 (0.0263) lr 8.1871e-02 eta 0:00:49
epoch [86/300] batch [1/1] time 0.290 (0.290) data 0.263 (0.263) loss 0.0657 (0.0657) acc 100.0000 (100.0000) loss_ce 0.0391 (0.0391) data_term 0.0391 (0.0391) kl_term 0.0267 (0.0267) lr 8.1466e-02 eta 0:01:02
epoch [87/300] batch [1/1] time 0.236 (0.236) data 0.216 (0.216) loss 0.0530 (0.0530) acc 100.0000 (100.0000) loss_ce 0.0260 (0.0260) data_term 0.0260 (0.0260) kl_term 0.0270 (0.0270) lr 8.1057e-02 eta 0:00:50
epoch [88/300] batch [1/1] time 0.234 (0.234) data 0.214 (0.214) loss 0.0430 (0.0430) acc 100.0000 (100.0000) loss_ce 0.0156 (0.0156) data_term 0.0156 (0.0156) kl_term 0.0274 (0.0274) lr 8.0645e-02 eta 0:00:49
epoch [89/300] batch [1/1] time 0.242 (0.242) data 0.214 (0.214) loss 0.0682 (0.0682) acc 100.0000 (100.0000) loss_ce 0.0405 (0.0405) data_term 0.0405 (0.0405) kl_term 0.0278 (0.0278) lr 8.0230e-02 eta 0:00:51
epoch [90/300] batch [1/1] time 0.227 (0.227) data 0.207 (0.207) loss 0.0462 (0.0462) acc 100.0000 (100.0000) loss_ce 0.0180 (0.0180) data_term 0.0180 (0.0180) kl_term 0.0282 (0.0282) lr 7.9811e-02 eta 0:00:47
epoch [91/300] batch [1/1] time 0.233 (0.233) data 0.213 (0.213) loss 0.0393 (0.0393) acc 100.0000 (100.0000) loss_ce 0.0108 (0.0108) data_term 0.0108 (0.0108) kl_term 0.0285 (0.0285) lr 7.9389e-02 eta 0:00:48
epoch [92/300] batch [1/1] time 0.248 (0.248) data 0.228 (0.228) loss 0.0800 (0.0800) acc 100.0000 (100.0000) loss_ce 0.0511 (0.0511) data_term 0.0511 (0.0511) kl_term 0.0289 (0.0289) lr 7.8964e-02 eta 0:00:51
epoch [93/300] batch [1/1] time 0.262 (0.262) data 0.238 (0.238) loss 0.0438 (0.0438) acc 100.0000 (100.0000) loss_ce 0.0145 (0.0145) data_term 0.0145 (0.0145) kl_term 0.0293 (0.0293) lr 7.8536e-02 eta 0:00:54
epoch [94/300] batch [1/1] time 0.210 (0.210) data 0.194 (0.194) loss 0.0511 (0.0511) acc 100.0000 (100.0000) loss_ce 0.0214 (0.0214) data_term 0.0214 (0.0214) kl_term 0.0296 (0.0296) lr 7.8104e-02 eta 0:00:43
epoch [95/300] batch [1/1] time 0.256 (0.256) data 0.229 (0.229) loss 0.0531 (0.0531) acc 100.0000 (100.0000) loss_ce 0.0231 (0.0231) data_term 0.0231 (0.0231) kl_term 0.0300 (0.0300) lr 7.7670e-02 eta 0:00:52
epoch [96/300] batch [1/1] time 0.258 (0.258) data 0.241 (0.241) loss 0.0458 (0.0458) acc 100.0000 (100.0000) loss_ce 0.0154 (0.0154) data_term 0.0154 (0.0154) kl_term 0.0304 (0.0304) lr 7.7232e-02 eta 0:00:52
epoch [97/300] batch [1/1] time 0.252 (0.252) data 0.233 (0.233) loss 0.0512 (0.0512) acc 100.0000 (100.0000) loss_ce 0.0205 (0.0205) data_term 0.0205 (0.0205) kl_term 0.0307 (0.0307) lr 7.6791e-02 eta 0:00:51
epoch [98/300] batch [1/1] time 0.258 (0.258) data 0.237 (0.237) loss 0.0532 (0.0532) acc 100.0000 (100.0000) loss_ce 0.0221 (0.0221) data_term 0.0221 (0.0221) kl_term 0.0311 (0.0311) lr 7.6348e-02 eta 0:00:52
epoch [99/300] batch [1/1] time 0.219 (0.219) data 0.204 (0.204) loss 0.0436 (0.0436) acc 100.0000 (100.0000) loss_ce 0.0122 (0.0122) data_term 0.0122 (0.0122) kl_term 0.0314 (0.0314) lr 7.5901e-02 eta 0:00:44
epoch [100/300] batch [1/1] time 0.231 (0.231) data 0.214 (0.214) loss 0.0467 (0.0467) acc 100.0000 (100.0000) loss_ce 0.0149 (0.0149) data_term 0.0149 (0.0149) kl_term 0.0318 (0.0318) lr 7.5452e-02 eta 0:00:46
epoch [101/300] batch [1/1] time 0.242 (0.242) data 0.227 (0.227) loss 0.0474 (0.0474) acc 100.0000 (100.0000) loss_ce 0.0152 (0.0152) data_term 0.0152 (0.0152) kl_term 0.0321 (0.0321) lr 7.5000e-02 eta 0:00:48
epoch [102/300] batch [1/1] time 0.222 (0.222) data 0.205 (0.205) loss 0.0585 (0.0585) acc 100.0000 (100.0000) loss_ce 0.0260 (0.0260) data_term 0.0260 (0.0260) kl_term 0.0325 (0.0325) lr 7.4545e-02 eta 0:00:44
epoch [103/300] batch [1/1] time 0.252 (0.252) data 0.234 (0.234) loss 0.0458 (0.0458) acc 100.0000 (100.0000) loss_ce 0.0130 (0.0130) data_term 0.0130 (0.0130) kl_term 0.0328 (0.0328) lr 7.4088e-02 eta 0:00:49
epoch [104/300] batch [1/1] time 0.249 (0.249) data 0.228 (0.228) loss 0.0534 (0.0534) acc 100.0000 (100.0000) loss_ce 0.0202 (0.0202) data_term 0.0202 (0.0202) kl_term 0.0332 (0.0332) lr 7.3628e-02 eta 0:00:48
epoch [105/300] batch [1/1] time 0.246 (0.246) data 0.218 (0.218) loss 0.0683 (0.0683) acc 100.0000 (100.0000) loss_ce 0.0348 (0.0348) data_term 0.0348 (0.0348) kl_term 0.0335 (0.0335) lr 7.3165e-02 eta 0:00:47
epoch [106/300] batch [1/1] time 0.247 (0.247) data 0.228 (0.228) loss 0.0447 (0.0447) acc 100.0000 (100.0000) loss_ce 0.0108 (0.0108) data_term 0.0108 (0.0108) kl_term 0.0338 (0.0338) lr 7.2700e-02 eta 0:00:47
epoch [107/300] batch [1/1] time 0.242 (0.242) data 0.224 (0.224) loss 0.0820 (0.0820) acc 100.0000 (100.0000) loss_ce 0.0478 (0.0478) data_term 0.0478 (0.0478) kl_term 0.0342 (0.0342) lr 7.2232e-02 eta 0:00:46
epoch [108/300] batch [1/1] time 0.258 (0.258) data 0.237 (0.237) loss 0.0617 (0.0617) acc 100.0000 (100.0000) loss_ce 0.0272 (0.0272) data_term 0.0272 (0.0272) kl_term 0.0345 (0.0345) lr 7.1762e-02 eta 0:00:49
epoch [109/300] batch [1/1] time 0.240 (0.240) data 0.220 (0.220) loss 0.0561 (0.0561) acc 100.0000 (100.0000) loss_ce 0.0212 (0.0212) data_term 0.0212 (0.0212) kl_term 0.0349 (0.0349) lr 7.1289e-02 eta 0:00:45
epoch [110/300] batch [1/1] time 0.262 (0.262) data 0.243 (0.243) loss 0.0550 (0.0550) acc 100.0000 (100.0000) loss_ce 0.0198 (0.0198) data_term 0.0198 (0.0198) kl_term 0.0352 (0.0352) lr 7.0814e-02 eta 0:00:49
epoch [111/300] batch [1/1] time 0.244 (0.244) data 0.224 (0.224) loss 0.0500 (0.0500) acc 100.0000 (100.0000) loss_ce 0.0145 (0.0145) data_term 0.0145 (0.0145) kl_term 0.0355 (0.0355) lr 7.0337e-02 eta 0:00:46
epoch [112/300] batch [1/1] time 0.252 (0.252) data 0.232 (0.232) loss 0.0568 (0.0568) acc 100.0000 (100.0000) loss_ce 0.0210 (0.0210) data_term 0.0210 (0.0210) kl_term 0.0359 (0.0359) lr 6.9857e-02 eta 0:00:47
epoch [113/300] batch [1/1] time 0.256 (0.256) data 0.227 (0.227) loss 0.0647 (0.0647) acc 100.0000 (100.0000) loss_ce 0.0285 (0.0285) data_term 0.0285 (0.0285) kl_term 0.0362 (0.0362) lr 6.9376e-02 eta 0:00:47
epoch [114/300] batch [1/1] time 0.251 (0.251) data 0.222 (0.222) loss 0.0508 (0.0508) acc 100.0000 (100.0000) loss_ce 0.0143 (0.0143) data_term 0.0143 (0.0143) kl_term 0.0365 (0.0365) lr 6.8892e-02 eta 0:00:46
epoch [115/300] batch [1/1] time 0.250 (0.250) data 0.230 (0.230) loss 0.0492 (0.0492) acc 100.0000 (100.0000) loss_ce 0.0123 (0.0123) data_term 0.0123 (0.0123) kl_term 0.0368 (0.0368) lr 6.8406e-02 eta 0:00:46
epoch [116/300] batch [1/1] time 0.244 (0.244) data 0.223 (0.223) loss 0.0603 (0.0603) acc 100.0000 (100.0000) loss_ce 0.0231 (0.0231) data_term 0.0231 (0.0231) kl_term 0.0372 (0.0372) lr 6.7918e-02 eta 0:00:44
epoch [117/300] batch [1/1] time 0.236 (0.236) data 0.209 (0.209) loss 0.0761 (0.0761) acc 100.0000 (100.0000) loss_ce 0.0386 (0.0386) data_term 0.0386 (0.0386) kl_term 0.0375 (0.0375) lr 6.7429e-02 eta 0:00:43
epoch [118/300] batch [1/1] time 0.241 (0.241) data 0.220 (0.220) loss 0.2491 (0.2491) acc 95.0000 (95.0000) loss_ce 0.2113 (0.2113) data_term 0.2113 (0.2113) kl_term 0.0378 (0.0378) lr 6.6937e-02 eta 0:00:43
epoch [119/300] batch [1/1] time 0.249 (0.249) data 0.227 (0.227) loss 0.0556 (0.0556) acc 100.0000 (100.0000) loss_ce 0.0175 (0.0175) data_term 0.0175 (0.0175) kl_term 0.0381 (0.0381) lr 6.6443e-02 eta 0:00:45
epoch [120/300] batch [1/1] time 0.241 (0.241) data 0.220 (0.220) loss 0.0493 (0.0493) acc 100.0000 (100.0000) loss_ce 0.0108 (0.0108) data_term 0.0108 (0.0108) kl_term 0.0385 (0.0385) lr 6.5948e-02 eta 0:00:43
epoch [121/300] batch [1/1] time 0.234 (0.234) data 0.214 (0.214) loss 0.0687 (0.0687) acc 100.0000 (100.0000) loss_ce 0.0299 (0.0299) data_term 0.0299 (0.0299) kl_term 0.0388 (0.0388) lr 6.5451e-02 eta 0:00:41
epoch [122/300] batch [1/1] time 0.223 (0.223) data 0.206 (0.206) loss 0.0662 (0.0662) acc 100.0000 (100.0000) loss_ce 0.0270 (0.0270) data_term 0.0270 (0.0270) kl_term 0.0391 (0.0391) lr 6.4952e-02 eta 0:00:39
epoch [123/300] batch [1/1] time 0.226 (0.226) data 0.199 (0.199) loss 0.0616 (0.0616) acc 100.0000 (100.0000) loss_ce 0.0221 (0.0221) data_term 0.0221 (0.0221) kl_term 0.0395 (0.0395) lr 6.4452e-02 eta 0:00:40
epoch [124/300] batch [1/1] time 0.256 (0.256) data 0.235 (0.235) loss 0.0581 (0.0581) acc 100.0000 (100.0000) loss_ce 0.0183 (0.0183) data_term 0.0183 (0.0183) kl_term 0.0398 (0.0398) lr 6.3950e-02 eta 0:00:44
epoch [125/300] batch [1/1] time 0.222 (0.222) data 0.201 (0.201) loss 0.0610 (0.0610) acc 100.0000 (100.0000) loss_ce 0.0209 (0.0209) data_term 0.0209 (0.0209) kl_term 0.0401 (0.0401) lr 6.3446e-02 eta 0:00:38
epoch [126/300] batch [1/1] time 0.259 (0.259) data 0.238 (0.238) loss 0.0556 (0.0556) acc 100.0000 (100.0000) loss_ce 0.0151 (0.0151) data_term 0.0151 (0.0151) kl_term 0.0404 (0.0404) lr 6.2941e-02 eta 0:00:45
epoch [127/300] batch [1/1] time 0.241 (0.241) data 0.223 (0.223) loss 0.0628 (0.0628) acc 100.0000 (100.0000) loss_ce 0.0220 (0.0220) data_term 0.0220 (0.0220) kl_term 0.0408 (0.0408) lr 6.2434e-02 eta 0:00:41
epoch [128/300] batch [1/1] time 0.252 (0.252) data 0.231 (0.231) loss 0.0734 (0.0734) acc 100.0000 (100.0000) loss_ce 0.0323 (0.0323) data_term 0.0323 (0.0323) kl_term 0.0411 (0.0411) lr 6.1927e-02 eta 0:00:43
epoch [129/300] batch [1/1] time 0.248 (0.248) data 0.224 (0.224) loss 0.0684 (0.0684) acc 100.0000 (100.0000) loss_ce 0.0270 (0.0270) data_term 0.0270 (0.0270) kl_term 0.0414 (0.0414) lr 6.1418e-02 eta 0:00:42
epoch [130/300] batch [1/1] time 0.250 (0.250) data 0.226 (0.226) loss 0.0806 (0.0806) acc 100.0000 (100.0000) loss_ce 0.0388 (0.0388) data_term 0.0388 (0.0388) kl_term 0.0417 (0.0417) lr 6.0907e-02 eta 0:00:42
epoch [131/300] batch [1/1] time 0.230 (0.230) data 0.208 (0.208) loss 0.0568 (0.0568) acc 100.0000 (100.0000) loss_ce 0.0148 (0.0148) data_term 0.0148 (0.0148) kl_term 0.0421 (0.0421) lr 6.0396e-02 eta 0:00:38
epoch [132/300] batch [1/1] time 0.232 (0.232) data 0.205 (0.205) loss 0.0605 (0.0605) acc 100.0000 (100.0000) loss_ce 0.0182 (0.0182) data_term 0.0182 (0.0182) kl_term 0.0424 (0.0424) lr 5.9883e-02 eta 0:00:39
epoch [133/300] batch [1/1] time 0.231 (0.231) data 0.203 (0.203) loss 0.0634 (0.0634) acc 100.0000 (100.0000) loss_ce 0.0207 (0.0207) data_term 0.0207 (0.0207) kl_term 0.0427 (0.0427) lr 5.9369e-02 eta 0:00:38
epoch [134/300] batch [1/1] time 0.226 (0.226) data 0.206 (0.206) loss 0.0567 (0.0567) acc 100.0000 (100.0000) loss_ce 0.0137 (0.0137) data_term 0.0137 (0.0137) kl_term 0.0430 (0.0430) lr 5.8854e-02 eta 0:00:37
epoch [135/300] batch [1/1] time 0.235 (0.235) data 0.214 (0.214) loss 0.0628 (0.0628) acc 100.0000 (100.0000) loss_ce 0.0194 (0.0194) data_term 0.0194 (0.0194) kl_term 0.0433 (0.0433) lr 5.8338e-02 eta 0:00:38
epoch [136/300] batch [1/1] time 0.211 (0.211) data 0.191 (0.191) loss 0.0639 (0.0639) acc 100.0000 (100.0000) loss_ce 0.0202 (0.0202) data_term 0.0202 (0.0202) kl_term 0.0436 (0.0436) lr 5.7822e-02 eta 0:00:34
epoch [137/300] batch [1/1] time 0.301 (0.301) data 0.280 (0.280) loss 0.0627 (0.0627) acc 100.0000 (100.0000) loss_ce 0.0188 (0.0188) data_term 0.0188 (0.0188) kl_term 0.0440 (0.0440) lr 5.7304e-02 eta 0:00:49
epoch [138/300] batch [1/1] time 0.239 (0.239) data 0.217 (0.217) loss 0.0603 (0.0603) acc 100.0000 (100.0000) loss_ce 0.0160 (0.0160) data_term 0.0160 (0.0160) kl_term 0.0443 (0.0443) lr 5.6786e-02 eta 0:00:38
epoch [139/300] batch [1/1] time 0.247 (0.247) data 0.225 (0.225) loss 0.0611 (0.0611) acc 100.0000 (100.0000) loss_ce 0.0165 (0.0165) data_term 0.0165 (0.0165) kl_term 0.0446 (0.0446) lr 5.6267e-02 eta 0:00:39
epoch [140/300] batch [1/1] time 0.231 (0.231) data 0.212 (0.212) loss 0.0651 (0.0651) acc 100.0000 (100.0000) loss_ce 0.0202 (0.0202) data_term 0.0202 (0.0202) kl_term 0.0449 (0.0449) lr 5.5747e-02 eta 0:00:37
epoch [141/300] batch [1/1] time 0.245 (0.245) data 0.225 (0.225) loss 0.0591 (0.0591) acc 100.0000 (100.0000) loss_ce 0.0139 (0.0139) data_term 0.0139 (0.0139) kl_term 0.0452 (0.0452) lr 5.5226e-02 eta 0:00:38
epoch [142/300] batch [1/1] time 0.252 (0.252) data 0.228 (0.228) loss 0.0821 (0.0821) acc 100.0000 (100.0000) loss_ce 0.0366 (0.0366) data_term 0.0366 (0.0366) kl_term 0.0455 (0.0455) lr 5.4705e-02 eta 0:00:39
epoch [143/300] batch [1/1] time 0.267 (0.267) data 0.245 (0.245) loss 0.0608 (0.0608) acc 100.0000 (100.0000) loss_ce 0.0149 (0.0149) data_term 0.0149 (0.0149) kl_term 0.0458 (0.0458) lr 5.4184e-02 eta 0:00:41
epoch [144/300] batch [1/1] time 0.242 (0.242) data 0.221 (0.221) loss 0.0607 (0.0607) acc 100.0000 (100.0000) loss_ce 0.0146 (0.0146) data_term 0.0146 (0.0146) kl_term 0.0461 (0.0461) lr 5.3662e-02 eta 0:00:37
epoch [145/300] batch [1/1] time 0.247 (0.247) data 0.222 (0.222) loss 0.0613 (0.0613) acc 100.0000 (100.0000) loss_ce 0.0149 (0.0149) data_term 0.0149 (0.0149) kl_term 0.0464 (0.0464) lr 5.3140e-02 eta 0:00:38
epoch [146/300] batch [1/1] time 0.246 (0.246) data 0.226 (0.226) loss 0.0863 (0.0863) acc 100.0000 (100.0000) loss_ce 0.0396 (0.0396) data_term 0.0396 (0.0396) kl_term 0.0467 (0.0467) lr 5.2617e-02 eta 0:00:37
epoch [147/300] batch [1/1] time 0.250 (0.250) data 0.229 (0.229) loss 0.0608 (0.0608) acc 100.0000 (100.0000) loss_ce 0.0138 (0.0138) data_term 0.0138 (0.0138) kl_term 0.0470 (0.0470) lr 5.2094e-02 eta 0:00:38
epoch [148/300] batch [1/1] time 0.251 (0.251) data 0.227 (0.227) loss 0.0627 (0.0627) acc 100.0000 (100.0000) loss_ce 0.0154 (0.0154) data_term 0.0154 (0.0154) kl_term 0.0473 (0.0473) lr 5.1571e-02 eta 0:00:38
epoch [149/300] batch [1/1] time 0.245 (0.245) data 0.224 (0.224) loss 0.0661 (0.0661) acc 100.0000 (100.0000) loss_ce 0.0185 (0.0185) data_term 0.0185 (0.0185) kl_term 0.0476 (0.0476) lr 5.1047e-02 eta 0:00:37
epoch [150/300] batch [1/1] time 0.275 (0.275) data 0.250 (0.250) loss 0.0732 (0.0732) acc 100.0000 (100.0000) loss_ce 0.0252 (0.0252) data_term 0.0252 (0.0252) kl_term 0.0479 (0.0479) lr 5.0524e-02 eta 0:00:41
epoch [151/300] batch [1/1] time 0.264 (0.264) data 0.247 (0.247) loss 0.0650 (0.0650) acc 100.0000 (100.0000) loss_ce 0.0168 (0.0168) data_term 0.0168 (0.0168) kl_term 0.0482 (0.0482) lr 5.0000e-02 eta 0:00:39
epoch [152/300] batch [1/1] time 0.245 (0.245) data 0.223 (0.223) loss 0.0678 (0.0678) acc 100.0000 (100.0000) loss_ce 0.0193 (0.0193) data_term 0.0193 (0.0193) kl_term 0.0485 (0.0485) lr 4.9476e-02 eta 0:00:36
epoch [153/300] batch [1/1] time 0.253 (0.253) data 0.225 (0.225) loss 0.0695 (0.0695) acc 100.0000 (100.0000) loss_ce 0.0207 (0.0207) data_term 0.0207 (0.0207) kl_term 0.0488 (0.0488) lr 4.8953e-02 eta 0:00:37
epoch [154/300] batch [1/1] time 0.264 (0.264) data 0.233 (0.233) loss 0.0812 (0.0812) acc 100.0000 (100.0000) loss_ce 0.0321 (0.0321) data_term 0.0321 (0.0321) kl_term 0.0491 (0.0491) lr 4.8429e-02 eta 0:00:38
epoch [155/300] batch [1/1] time 0.318 (0.318) data 0.291 (0.291) loss 0.0703 (0.0703) acc 100.0000 (100.0000) loss_ce 0.0209 (0.0209) data_term 0.0209 (0.0209) kl_term 0.0494 (0.0494) lr 4.7906e-02 eta 0:00:46
epoch [156/300] batch [1/1] time 0.269 (0.269) data 0.234 (0.234) loss 0.0783 (0.0783) acc 100.0000 (100.0000) loss_ce 0.0286 (0.0286) data_term 0.0286 (0.0286) kl_term 0.0497 (0.0497) lr 4.7383e-02 eta 0:00:38
epoch [157/300] batch [1/1] time 0.228 (0.228) data 0.211 (0.211) loss 0.0672 (0.0672) acc 100.0000 (100.0000) loss_ce 0.0172 (0.0172) data_term 0.0172 (0.0172) kl_term 0.0500 (0.0500) lr 4.6860e-02 eta 0:00:32
epoch [158/300] batch [1/1] time 0.193 (0.193) data 0.177 (0.177) loss 0.0703 (0.0703) acc 100.0000 (100.0000) loss_ce 0.0200 (0.0200) data_term 0.0200 (0.0200) kl_term 0.0503 (0.0503) lr 4.6338e-02 eta 0:00:27
epoch [159/300] batch [1/1] time 0.230 (0.230) data 0.209 (0.209) loss 0.0750 (0.0750) acc 100.0000 (100.0000) loss_ce 0.0244 (0.0244) data_term 0.0244 (0.0244) kl_term 0.0506 (0.0506) lr 4.5816e-02 eta 0:00:32
epoch [160/300] batch [1/1] time 0.240 (0.240) data 0.219 (0.219) loss 0.0631 (0.0631) acc 100.0000 (100.0000) loss_ce 0.0122 (0.0122) data_term 0.0122 (0.0122) kl_term 0.0509 (0.0509) lr 4.5295e-02 eta 0:00:33
epoch [161/300] batch [1/1] time 0.227 (0.227) data 0.209 (0.209) loss 0.0685 (0.0685) acc 100.0000 (100.0000) loss_ce 0.0173 (0.0173) data_term 0.0173 (0.0173) kl_term 0.0512 (0.0512) lr 4.4774e-02 eta 0:00:31
epoch [162/300] batch [1/1] time 0.227 (0.227) data 0.205 (0.205) loss 0.0641 (0.0641) acc 100.0000 (100.0000) loss_ce 0.0126 (0.0126) data_term 0.0126 (0.0126) kl_term 0.0515 (0.0515) lr 4.4253e-02 eta 0:00:31
epoch [163/300] batch [1/1] time 0.330 (0.330) data 0.306 (0.306) loss 0.0689 (0.0689) acc 100.0000 (100.0000) loss_ce 0.0171 (0.0171) data_term 0.0171 (0.0171) kl_term 0.0518 (0.0518) lr 4.3733e-02 eta 0:00:45
epoch [164/300] batch [1/1] time 0.247 (0.247) data 0.225 (0.225) loss 0.0651 (0.0651) acc 100.0000 (100.0000) loss_ce 0.0130 (0.0130) data_term 0.0130 (0.0130) kl_term 0.0521 (0.0521) lr 4.3214e-02 eta 0:00:33
epoch [165/300] batch [1/1] time 0.237 (0.237) data 0.216 (0.216) loss 0.0720 (0.0720) acc 100.0000 (100.0000) loss_ce 0.0196 (0.0196) data_term 0.0196 (0.0196) kl_term 0.0524 (0.0524) lr 4.2696e-02 eta 0:00:31
epoch [166/300] batch [1/1] time 0.213 (0.213) data 0.199 (0.199) loss 0.0798 (0.0798) acc 100.0000 (100.0000) loss_ce 0.0271 (0.0271) data_term 0.0271 (0.0271) kl_term 0.0526 (0.0526) lr 4.2178e-02 eta 0:00:28
epoch [167/300] batch [1/1] time 0.260 (0.260) data 0.241 (0.241) loss 0.0664 (0.0664) acc 100.0000 (100.0000) loss_ce 0.0135 (0.0135) data_term 0.0135 (0.0135) kl_term 0.0529 (0.0529) lr 4.1662e-02 eta 0:00:34
epoch [168/300] batch [1/1] time 0.206 (0.206) data 0.187 (0.187) loss 0.0718 (0.0718) acc 100.0000 (100.0000) loss_ce 0.0186 (0.0186) data_term 0.0186 (0.0186) kl_term 0.0532 (0.0532) lr 4.1146e-02 eta 0:00:27
epoch [169/300] batch [1/1] time 0.211 (0.211) data 0.193 (0.193) loss 0.0778 (0.0778) acc 100.0000 (100.0000) loss_ce 0.0242 (0.0242) data_term 0.0242 (0.0242) kl_term 0.0535 (0.0535) lr 4.0631e-02 eta 0:00:27
epoch [170/300] batch [1/1] time 0.194 (0.194) data 0.178 (0.178) loss 0.0781 (0.0781) acc 100.0000 (100.0000) loss_ce 0.0243 (0.0243) data_term 0.0243 (0.0243) kl_term 0.0538 (0.0538) lr 4.0117e-02 eta 0:00:25
epoch [171/300] batch [1/1] time 0.177 (0.177) data 0.162 (0.162) loss 0.0885 (0.0885) acc 100.0000 (100.0000) loss_ce 0.0344 (0.0344) data_term 0.0344 (0.0344) kl_term 0.0541 (0.0541) lr 3.9604e-02 eta 0:00:22
epoch [172/300] batch [1/1] time 0.180 (0.180) data 0.163 (0.163) loss 0.0697 (0.0697) acc 100.0000 (100.0000) loss_ce 0.0153 (0.0153) data_term 0.0153 (0.0153) kl_term 0.0544 (0.0544) lr 3.9093e-02 eta 0:00:23
epoch [173/300] batch [1/1] time 0.210 (0.210) data 0.192 (0.192) loss 0.0768 (0.0768) acc 100.0000 (100.0000) loss_ce 0.0221 (0.0221) data_term 0.0221 (0.0221) kl_term 0.0547 (0.0547) lr 3.8582e-02 eta 0:00:26
epoch [174/300] batch [1/1] time 0.203 (0.203) data 0.185 (0.185) loss 0.0875 (0.0875) acc 100.0000 (100.0000) loss_ce 0.0325 (0.0325) data_term 0.0325 (0.0325) kl_term 0.0550 (0.0550) lr 3.8073e-02 eta 0:00:25
epoch [175/300] batch [1/1] time 0.188 (0.188) data 0.169 (0.169) loss 0.0860 (0.0860) acc 100.0000 (100.0000) loss_ce 0.0307 (0.0307) data_term 0.0307 (0.0307) kl_term 0.0553 (0.0553) lr 3.7566e-02 eta 0:00:23
epoch [176/300] batch [1/1] time 0.211 (0.211) data 0.193 (0.193) loss 0.0960 (0.0960) acc 100.0000 (100.0000) loss_ce 0.0404 (0.0404) data_term 0.0404 (0.0404) kl_term 0.0555 (0.0555) lr 3.7059e-02 eta 0:00:26
epoch [177/300] batch [1/1] time 0.217 (0.217) data 0.197 (0.197) loss 0.0774 (0.0774) acc 100.0000 (100.0000) loss_ce 0.0215 (0.0215) data_term 0.0215 (0.0215) kl_term 0.0558 (0.0558) lr 3.6554e-02 eta 0:00:26
epoch [178/300] batch [1/1] time 0.221 (0.221) data 0.200 (0.200) loss 0.0715 (0.0715) acc 100.0000 (100.0000) loss_ce 0.0154 (0.0154) data_term 0.0154 (0.0154) kl_term 0.0561 (0.0561) lr 3.6050e-02 eta 0:00:27
epoch [179/300] batch [1/1] time 0.204 (0.204) data 0.182 (0.182) loss 0.0681 (0.0681) acc 100.0000 (100.0000) loss_ce 0.0117 (0.0117) data_term 0.0117 (0.0117) kl_term 0.0564 (0.0564) lr 3.5548e-02 eta 0:00:24
epoch [180/300] batch [1/1] time 0.201 (0.201) data 0.180 (0.180) loss 0.0674 (0.0674) acc 100.0000 (100.0000) loss_ce 0.0107 (0.0107) data_term 0.0107 (0.0107) kl_term 0.0567 (0.0567) lr 3.5048e-02 eta 0:00:24
epoch [181/300] batch [1/1] time 0.240 (0.240) data 0.218 (0.218) loss 0.0711 (0.0711) acc 100.0000 (100.0000) loss_ce 0.0141 (0.0141) data_term 0.0141 (0.0141) kl_term 0.0570 (0.0570) lr 3.4549e-02 eta 0:00:28
epoch [182/300] batch [1/1] time 0.239 (0.239) data 0.219 (0.219) loss 0.0894 (0.0894) acc 100.0000 (100.0000) loss_ce 0.0321 (0.0321) data_term 0.0321 (0.0321) kl_term 0.0573 (0.0573) lr 3.4052e-02 eta 0:00:28
epoch [183/300] batch [1/1] time 0.246 (0.246) data 0.226 (0.226) loss 0.0781 (0.0781) acc 100.0000 (100.0000) loss_ce 0.0206 (0.0206) data_term 0.0206 (0.0206) kl_term 0.0575 (0.0575) lr 3.3557e-02 eta 0:00:28
epoch [184/300] batch [1/1] time 0.248 (0.248) data 0.227 (0.227) loss 0.0884 (0.0884) acc 100.0000 (100.0000) loss_ce 0.0306 (0.0306) data_term 0.0306 (0.0306) kl_term 0.0578 (0.0578) lr 3.3063e-02 eta 0:00:28
epoch [185/300] batch [1/1] time 0.244 (0.244) data 0.223 (0.223) loss 0.0998 (0.0998) acc 100.0000 (100.0000) loss_ce 0.0417 (0.0417) data_term 0.0417 (0.0417) kl_term 0.0581 (0.0581) lr 3.2571e-02 eta 0:00:28
epoch [186/300] batch [1/1] time 0.238 (0.238) data 0.217 (0.217) loss 0.0758 (0.0758) acc 100.0000 (100.0000) loss_ce 0.0174 (0.0174) data_term 0.0174 (0.0174) kl_term 0.0584 (0.0584) lr 3.2082e-02 eta 0:00:27
epoch [187/300] batch [1/1] time 0.225 (0.225) data 0.203 (0.203) loss 0.0748 (0.0748) acc 100.0000 (100.0000) loss_ce 0.0161 (0.0161) data_term 0.0161 (0.0161) kl_term 0.0587 (0.0587) lr 3.1594e-02 eta 0:00:25
epoch [188/300] batch [1/1] time 0.238 (0.238) data 0.219 (0.219) loss 0.0763 (0.0763) acc 100.0000 (100.0000) loss_ce 0.0173 (0.0173) data_term 0.0173 (0.0173) kl_term 0.0590 (0.0590) lr 3.1108e-02 eta 0:00:26
epoch [189/300] batch [1/1] time 0.229 (0.229) data 0.205 (0.205) loss 0.0707 (0.0707) acc 100.0000 (100.0000) loss_ce 0.0114 (0.0114) data_term 0.0114 (0.0114) kl_term 0.0593 (0.0593) lr 3.0624e-02 eta 0:00:25
epoch [190/300] batch [1/1] time 0.220 (0.220) data 0.199 (0.199) loss 0.0789 (0.0789) acc 100.0000 (100.0000) loss_ce 0.0194 (0.0194) data_term 0.0194 (0.0194) kl_term 0.0596 (0.0596) lr 3.0143e-02 eta 0:00:24
epoch [191/300] batch [1/1] time 0.225 (0.225) data 0.199 (0.199) loss 0.0761 (0.0761) acc 100.0000 (100.0000) loss_ce 0.0163 (0.0163) data_term 0.0163 (0.0163) kl_term 0.0598 (0.0598) lr 2.9663e-02 eta 0:00:24
epoch [192/300] batch [1/1] time 0.215 (0.215) data 0.198 (0.198) loss 0.0772 (0.0772) acc 100.0000 (100.0000) loss_ce 0.0171 (0.0171) data_term 0.0171 (0.0171) kl_term 0.0601 (0.0601) lr 2.9186e-02 eta 0:00:23
epoch [193/300] batch [1/1] time 0.246 (0.246) data 0.222 (0.222) loss 0.0770 (0.0770) acc 100.0000 (100.0000) loss_ce 0.0165 (0.0165) data_term 0.0165 (0.0165) kl_term 0.0604 (0.0604) lr 2.8711e-02 eta 0:00:26
epoch [194/300] batch [1/1] time 0.236 (0.236) data 0.225 (0.225) loss 0.0826 (0.0826) acc 100.0000 (100.0000) loss_ce 0.0219 (0.0219) data_term 0.0219 (0.0219) kl_term 0.0607 (0.0607) lr 2.8238e-02 eta 0:00:24
epoch [195/300] batch [1/1] time 0.241 (0.241) data 0.220 (0.220) loss 0.0725 (0.0725) acc 100.0000 (100.0000) loss_ce 0.0115 (0.0115) data_term 0.0115 (0.0115) kl_term 0.0610 (0.0610) lr 2.7768e-02 eta 0:00:25
epoch [196/300] batch [1/1] time 0.227 (0.227) data 0.213 (0.213) loss 0.0870 (0.0870) acc 100.0000 (100.0000) loss_ce 0.0258 (0.0258) data_term 0.0258 (0.0258) kl_term 0.0612 (0.0612) lr 2.7300e-02 eta 0:00:23
epoch [197/300] batch [1/1] time 0.233 (0.233) data 0.215 (0.215) loss 0.0813 (0.0813) acc 100.0000 (100.0000) loss_ce 0.0198 (0.0198) data_term 0.0198 (0.0198) kl_term 0.0615 (0.0615) lr 2.6835e-02 eta 0:00:24
epoch [198/300] batch [1/1] time 0.244 (0.244) data 0.224 (0.224) loss 0.0832 (0.0832) acc 100.0000 (100.0000) loss_ce 0.0214 (0.0214) data_term 0.0214 (0.0214) kl_term 0.0618 (0.0618) lr 2.6372e-02 eta 0:00:24
epoch [199/300] batch [1/1] time 0.254 (0.254) data 0.235 (0.235) loss 0.0969 (0.0969) acc 100.0000 (100.0000) loss_ce 0.0348 (0.0348) data_term 0.0348 (0.0348) kl_term 0.0621 (0.0621) lr 2.5912e-02 eta 0:00:25
epoch [200/300] batch [1/1] time 0.253 (0.253) data 0.233 (0.233) loss 0.0793 (0.0793) acc 100.0000 (100.0000) loss_ce 0.0170 (0.0170) data_term 0.0170 (0.0170) kl_term 0.0624 (0.0624) lr 2.5455e-02 eta 0:00:25
epoch [201/300] batch [1/1] time 0.276 (0.276) data 0.255 (0.255) loss 0.1038 (0.1038) acc 100.0000 (100.0000) loss_ce 0.0411 (0.0411) data_term 0.0411 (0.0411) kl_term 0.0626 (0.0626) lr 2.5000e-02 eta 0:00:27
epoch [202/300] batch [1/1] time 0.251 (0.251) data 0.231 (0.231) loss 0.0923 (0.0923) acc 100.0000 (100.0000) loss_ce 0.0293 (0.0293) data_term 0.0293 (0.0293) kl_term 0.0629 (0.0629) lr 2.4548e-02 eta 0:00:24
epoch [203/300] batch [1/1] time 0.244 (0.244) data 0.220 (0.220) loss 0.1021 (0.1021) acc 100.0000 (100.0000) loss_ce 0.0389 (0.0389) data_term 0.0389 (0.0389) kl_term 0.0632 (0.0632) lr 2.4099e-02 eta 0:00:23
epoch [204/300] batch [1/1] time 0.253 (0.253) data 0.230 (0.230) loss 0.0763 (0.0763) acc 100.0000 (100.0000) loss_ce 0.0128 (0.0128) data_term 0.0128 (0.0128) kl_term 0.0635 (0.0635) lr 2.3652e-02 eta 0:00:24
epoch [205/300] batch [1/1] time 0.212 (0.212) data 0.193 (0.193) loss 0.0765 (0.0765) acc 100.0000 (100.0000) loss_ce 0.0127 (0.0127) data_term 0.0127 (0.0127) kl_term 0.0638 (0.0638) lr 2.3209e-02 eta 0:00:20
epoch [206/300] batch [1/1] time 0.236 (0.236) data 0.220 (0.220) loss 0.0989 (0.0989) acc 100.0000 (100.0000) loss_ce 0.0348 (0.0348) data_term 0.0348 (0.0348) kl_term 0.0641 (0.0641) lr 2.2768e-02 eta 0:00:22
epoch [207/300] batch [1/1] time 0.223 (0.223) data 0.203 (0.203) loss 0.0769 (0.0769) acc 100.0000 (100.0000) loss_ce 0.0125 (0.0125) data_term 0.0125 (0.0125) kl_term 0.0643 (0.0643) lr 2.2330e-02 eta 0:00:20
epoch [208/300] batch [1/1] time 0.258 (0.258) data 0.232 (0.232) loss 0.0879 (0.0879) acc 100.0000 (100.0000) loss_ce 0.0233 (0.0233) data_term 0.0233 (0.0233) kl_term 0.0646 (0.0646) lr 2.1896e-02 eta 0:00:23
epoch [209/300] batch [1/1] time 0.252 (0.252) data 0.231 (0.231) loss 0.0778 (0.0778) acc 100.0000 (100.0000) loss_ce 0.0129 (0.0129) data_term 0.0129 (0.0129) kl_term 0.0649 (0.0649) lr 2.1464e-02 eta 0:00:22
epoch [210/300] batch [1/1] time 0.254 (0.254) data 0.233 (0.233) loss 0.0824 (0.0824) acc 100.0000 (100.0000) loss_ce 0.0173 (0.0173) data_term 0.0173 (0.0173) kl_term 0.0652 (0.0652) lr 2.1036e-02 eta 0:00:22
epoch [211/300] batch [1/1] time 0.250 (0.250) data 0.225 (0.225) loss 0.0830 (0.0830) acc 100.0000 (100.0000) loss_ce 0.0175 (0.0175) data_term 0.0175 (0.0175) kl_term 0.0655 (0.0655) lr 2.0611e-02 eta 0:00:22
epoch [212/300] batch [1/1] time 0.260 (0.260) data 0.240 (0.240) loss 0.0774 (0.0774) acc 100.0000 (100.0000) loss_ce 0.0117 (0.0117) data_term 0.0117 (0.0117) kl_term 0.0657 (0.0657) lr 2.0189e-02 eta 0:00:22
epoch [213/300] batch [1/1] time 0.251 (0.251) data 0.230 (0.230) loss 0.0842 (0.0842) acc 100.0000 (100.0000) loss_ce 0.0182 (0.0182) data_term 0.0182 (0.0182) kl_term 0.0660 (0.0660) lr 1.9770e-02 eta 0:00:21
epoch [214/300] batch [1/1] time 0.254 (0.254) data 0.233 (0.233) loss 0.1003 (0.1003) acc 100.0000 (100.0000) loss_ce 0.0340 (0.0340) data_term 0.0340 (0.0340) kl_term 0.0663 (0.0663) lr 1.9355e-02 eta 0:00:21
epoch [215/300] batch [1/1] time 0.246 (0.246) data 0.234 (0.234) loss 0.0921 (0.0921) acc 100.0000 (100.0000) loss_ce 0.0256 (0.0256) data_term 0.0256 (0.0256) kl_term 0.0666 (0.0666) lr 1.8943e-02 eta 0:00:20
epoch [216/300] batch [1/1] time 0.250 (0.250) data 0.229 (0.229) loss 0.0916 (0.0916) acc 100.0000 (100.0000) loss_ce 0.0248 (0.0248) data_term 0.0248 (0.0248) kl_term 0.0669 (0.0669) lr 1.8534e-02 eta 0:00:20
epoch [217/300] batch [1/1] time 0.243 (0.243) data 0.222 (0.222) loss 0.0866 (0.0866) acc 100.0000 (100.0000) loss_ce 0.0194 (0.0194) data_term 0.0194 (0.0194) kl_term 0.0671 (0.0671) lr 1.8129e-02 eta 0:00:20
epoch [218/300] batch [1/1] time 0.253 (0.253) data 0.234 (0.234) loss 0.0901 (0.0901) acc 100.0000 (100.0000) loss_ce 0.0227 (0.0227) data_term 0.0227 (0.0227) kl_term 0.0674 (0.0674) lr 1.7727e-02 eta 0:00:20
epoch [219/300] batch [1/1] time 0.247 (0.247) data 0.228 (0.228) loss 0.1796 (0.1796) acc 95.0000 (95.0000) loss_ce 0.1119 (0.1119) data_term 0.1119 (0.1119) kl_term 0.0677 (0.0677) lr 1.7329e-02 eta 0:00:20
epoch [220/300] batch [1/1] time 0.252 (0.252) data 0.233 (0.233) loss 0.0827 (0.0827) acc 100.0000 (100.0000) loss_ce 0.0147 (0.0147) data_term 0.0147 (0.0147) kl_term 0.0680 (0.0680) lr 1.6934e-02 eta 0:00:20
epoch [221/300] batch [1/1] time 0.255 (0.255) data 0.236 (0.236) loss 0.0858 (0.0858) acc 100.0000 (100.0000) loss_ce 0.0175 (0.0175) data_term 0.0175 (0.0175) kl_term 0.0683 (0.0683) lr 1.6543e-02 eta 0:00:20
epoch [222/300] batch [1/1] time 0.233 (0.233) data 0.215 (0.215) loss 0.0924 (0.0924) acc 100.0000 (100.0000) loss_ce 0.0238 (0.0238) data_term 0.0238 (0.0238) kl_term 0.0685 (0.0685) lr 1.6156e-02 eta 0:00:18
epoch [223/300] batch [1/1] time 0.255 (0.255) data 0.235 (0.235) loss 0.1176 (0.1176) acc 100.0000 (100.0000) loss_ce 0.0488 (0.0488) data_term 0.0488 (0.0488) kl_term 0.0688 (0.0688) lr 1.5773e-02 eta 0:00:19
epoch [224/300] batch [1/1] time 0.247 (0.247) data 0.227 (0.227) loss 0.0853 (0.0853) acc 100.0000 (100.0000) loss_ce 0.0162 (0.0162) data_term 0.0162 (0.0162) kl_term 0.0691 (0.0691) lr 1.5393e-02 eta 0:00:18
epoch [225/300] batch [1/1] time 0.248 (0.248) data 0.230 (0.230) loss 0.1091 (0.1091) acc 100.0000 (100.0000) loss_ce 0.0398 (0.0398) data_term 0.0398 (0.0398) kl_term 0.0694 (0.0694) lr 1.5017e-02 eta 0:00:18
epoch [226/300] batch [1/1] time 0.251 (0.251) data 0.231 (0.231) loss 0.0886 (0.0886) acc 100.0000 (100.0000) loss_ce 0.0189 (0.0189) data_term 0.0189 (0.0189) kl_term 0.0697 (0.0697) lr 1.4645e-02 eta 0:00:18
epoch [227/300] batch [1/1] time 0.246 (0.246) data 0.225 (0.225) loss 0.0886 (0.0886) acc 100.0000 (100.0000) loss_ce 0.0186 (0.0186) data_term 0.0186 (0.0186) kl_term 0.0700 (0.0700) lr 1.4276e-02 eta 0:00:17
epoch [228/300] batch [1/1] time 0.255 (0.255) data 0.235 (0.235) loss 0.0820 (0.0820) acc 100.0000 (100.0000) loss_ce 0.0117 (0.0117) data_term 0.0117 (0.0117) kl_term 0.0702 (0.0702) lr 1.3912e-02 eta 0:00:18
epoch [229/300] batch [1/1] time 0.249 (0.249) data 0.227 (0.227) loss 0.0879 (0.0879) acc 100.0000 (100.0000) loss_ce 0.0174 (0.0174) data_term 0.0174 (0.0174) kl_term 0.0705 (0.0705) lr 1.3552e-02 eta 0:00:17
epoch [230/300] batch [1/1] time 0.225 (0.225) data 0.207 (0.207) loss 0.0900 (0.0900) acc 100.0000 (100.0000) loss_ce 0.0192 (0.0192) data_term 0.0192 (0.0192) kl_term 0.0708 (0.0708) lr 1.3195e-02 eta 0:00:15
epoch [231/300] batch [1/1] time 0.260 (0.260) data 0.238 (0.238) loss 0.0955 (0.0955) acc 100.0000 (100.0000) loss_ce 0.0244 (0.0244) data_term 0.0244 (0.0244) kl_term 0.0711 (0.0711) lr 1.2843e-02 eta 0:00:17
epoch [232/300] batch [1/1] time 0.223 (0.223) data 0.203 (0.203) loss 0.0944 (0.0944) acc 100.0000 (100.0000) loss_ce 0.0230 (0.0230) data_term 0.0230 (0.0230) kl_term 0.0714 (0.0714) lr 1.2494e-02 eta 0:00:15
epoch [233/300] batch [1/1] time 0.246 (0.246) data 0.224 (0.224) loss 0.0895 (0.0895) acc 100.0000 (100.0000) loss_ce 0.0179 (0.0179) data_term 0.0179 (0.0179) kl_term 0.0716 (0.0716) lr 1.2150e-02 eta 0:00:16
epoch [234/300] batch [1/1] time 0.248 (0.248) data 0.227 (0.227) loss 0.0911 (0.0911) acc 100.0000 (100.0000) loss_ce 0.0192 (0.0192) data_term 0.0192 (0.0192) kl_term 0.0719 (0.0719) lr 1.1810e-02 eta 0:00:16
epoch [235/300] batch [1/1] time 0.236 (0.236) data 0.215 (0.215) loss 0.1012 (0.1012) acc 100.0000 (100.0000) loss_ce 0.0290 (0.0290) data_term 0.0290 (0.0290) kl_term 0.0722 (0.0722) lr 1.1474e-02 eta 0:00:15
epoch [236/300] batch [1/1] time 0.240 (0.240) data 0.219 (0.219) loss 0.0962 (0.0962) acc 100.0000 (100.0000) loss_ce 0.0237 (0.0237) data_term 0.0237 (0.0237) kl_term 0.0725 (0.0725) lr 1.1143e-02 eta 0:00:15
epoch [237/300] batch [1/1] time 0.245 (0.245) data 0.224 (0.224) loss 0.0908 (0.0908) acc 100.0000 (100.0000) loss_ce 0.0181 (0.0181) data_term 0.0181 (0.0181) kl_term 0.0728 (0.0728) lr 1.0815e-02 eta 0:00:15
epoch [238/300] batch [1/1] time 0.246 (0.246) data 0.227 (0.227) loss 0.1140 (0.1140) acc 100.0000 (100.0000) loss_ce 0.0409 (0.0409) data_term 0.0409 (0.0409) kl_term 0.0731 (0.0731) lr 1.0492e-02 eta 0:00:15
epoch [239/300] batch [1/1] time 0.243 (0.243) data 0.225 (0.225) loss 0.0943 (0.0943) acc 100.0000 (100.0000) loss_ce 0.0210 (0.0210) data_term 0.0210 (0.0210) kl_term 0.0734 (0.0734) lr 1.0174e-02 eta 0:00:14
epoch [240/300] batch [1/1] time 0.252 (0.252) data 0.232 (0.232) loss 0.0877 (0.0877) acc 100.0000 (100.0000) loss_ce 0.0140 (0.0140) data_term 0.0140 (0.0140) kl_term 0.0736 (0.0736) lr 9.8591e-03 eta 0:00:15
epoch [241/300] batch [1/1] time 0.247 (0.247) data 0.226 (0.226) loss 0.1064 (0.1064) acc 100.0000 (100.0000) loss_ce 0.0325 (0.0325) data_term 0.0325 (0.0325) kl_term 0.0739 (0.0739) lr 9.5492e-03 eta 0:00:14
epoch [242/300] batch [1/1] time 0.228 (0.228) data 0.207 (0.207) loss 0.0927 (0.0927) acc 100.0000 (100.0000) loss_ce 0.0185 (0.0185) data_term 0.0185 (0.0185) kl_term 0.0742 (0.0742) lr 9.2436e-03 eta 0:00:13
epoch [243/300] batch [1/1] time 0.248 (0.248) data 0.225 (0.225) loss 0.1004 (0.1004) acc 100.0000 (100.0000) loss_ce 0.0259 (0.0259) data_term 0.0259 (0.0259) kl_term 0.0745 (0.0745) lr 8.9425e-03 eta 0:00:14
epoch [244/300] batch [1/1] time 0.254 (0.254) data 0.230 (0.230) loss 0.0966 (0.0966) acc 100.0000 (100.0000) loss_ce 0.0218 (0.0218) data_term 0.0218 (0.0218) kl_term 0.0748 (0.0748) lr 8.6460e-03 eta 0:00:14
epoch [245/300] batch [1/1] time 0.241 (0.241) data 0.218 (0.218) loss 0.0998 (0.0998) acc 100.0000 (100.0000) loss_ce 0.0248 (0.0248) data_term 0.0248 (0.0248) kl_term 0.0751 (0.0751) lr 8.3539e-03 eta 0:00:13
epoch [246/300] batch [1/1] time 0.243 (0.243) data 0.221 (0.221) loss 0.0965 (0.0965) acc 100.0000 (100.0000) loss_ce 0.0212 (0.0212) data_term 0.0212 (0.0212) kl_term 0.0754 (0.0754) lr 8.0665e-03 eta 0:00:13
epoch [247/300] batch [1/1] time 0.228 (0.228) data 0.203 (0.203) loss 0.0916 (0.0916) acc 100.0000 (100.0000) loss_ce 0.0160 (0.0160) data_term 0.0160 (0.0160) kl_term 0.0757 (0.0757) lr 7.7836e-03 eta 0:00:12
epoch [248/300] batch [1/1] time 0.228 (0.228) data 0.209 (0.209) loss 0.1005 (0.1005) acc 100.0000 (100.0000) loss_ce 0.0245 (0.0245) data_term 0.0245 (0.0245) kl_term 0.0759 (0.0759) lr 7.5054e-03 eta 0:00:11
epoch [249/300] batch [1/1] time 0.250 (0.250) data 0.229 (0.229) loss 0.1034 (0.1034) acc 100.0000 (100.0000) loss_ce 0.0271 (0.0271) data_term 0.0271 (0.0271) kl_term 0.0762 (0.0762) lr 7.2318e-03 eta 0:00:12
epoch [250/300] batch [1/1] time 0.250 (0.250) data 0.229 (0.229) loss 0.1010 (0.1010) acc 100.0000 (100.0000) loss_ce 0.0245 (0.0245) data_term 0.0245 (0.0245) kl_term 0.0765 (0.0765) lr 6.9629e-03 eta 0:00:12
epoch [251/300] batch [1/1] time 0.250 (0.250) data 0.227 (0.227) loss 0.0952 (0.0952) acc 100.0000 (100.0000) loss_ce 0.0184 (0.0184) data_term 0.0184 (0.0184) kl_term 0.0768 (0.0768) lr 6.6987e-03 eta 0:00:12
epoch [252/300] batch [1/1] time 0.217 (0.217) data 0.200 (0.200) loss 0.0936 (0.0936) acc 100.0000 (100.0000) loss_ce 0.0165 (0.0165) data_term 0.0165 (0.0165) kl_term 0.0771 (0.0771) lr 6.4393e-03 eta 0:00:10
epoch [253/300] batch [1/1] time 0.213 (0.213) data 0.196 (0.196) loss 0.0954 (0.0954) acc 100.0000 (100.0000) loss_ce 0.0180 (0.0180) data_term 0.0180 (0.0180) kl_term 0.0774 (0.0774) lr 6.1847e-03 eta 0:00:10
epoch [254/300] batch [1/1] time 0.224 (0.224) data 0.205 (0.205) loss 0.0918 (0.0918) acc 100.0000 (100.0000) loss_ce 0.0141 (0.0141) data_term 0.0141 (0.0141) kl_term 0.0777 (0.0777) lr 5.9348e-03 eta 0:00:10
epoch [255/300] batch [1/1] time 0.247 (0.247) data 0.223 (0.223) loss 0.1442 (0.1442) acc 100.0000 (100.0000) loss_ce 0.0662 (0.0662) data_term 0.0662 (0.0662) kl_term 0.0780 (0.0780) lr 5.6898e-03 eta 0:00:11
epoch [256/300] batch [1/1] time 0.250 (0.250) data 0.224 (0.224) loss 0.0942 (0.0942) acc 100.0000 (100.0000) loss_ce 0.0160 (0.0160) data_term 0.0160 (0.0160) kl_term 0.0783 (0.0783) lr 5.4497e-03 eta 0:00:10
epoch [257/300] batch [1/1] time 0.252 (0.252) data 0.231 (0.231) loss 0.0962 (0.0962) acc 100.0000 (100.0000) loss_ce 0.0176 (0.0176) data_term 0.0176 (0.0176) kl_term 0.0786 (0.0786) lr 5.2144e-03 eta 0:00:10
epoch [258/300] batch [1/1] time 0.245 (0.245) data 0.225 (0.225) loss 0.1198 (0.1198) acc 100.0000 (100.0000) loss_ce 0.0410 (0.0410) data_term 0.0410 (0.0410) kl_term 0.0789 (0.0789) lr 4.9841e-03 eta 0:00:10
epoch [259/300] batch [1/1] time 0.237 (0.237) data 0.217 (0.217) loss 0.0905 (0.0905) acc 100.0000 (100.0000) loss_ce 0.0114 (0.0114) data_term 0.0114 (0.0114) kl_term 0.0792 (0.0792) lr 4.7586e-03 eta 0:00:09
epoch [260/300] batch [1/1] time 0.218 (0.218) data 0.191 (0.191) loss 0.0917 (0.0917) acc 100.0000 (100.0000) loss_ce 0.0122 (0.0122) data_term 0.0122 (0.0122) kl_term 0.0795 (0.0795) lr 4.5382e-03 eta 0:00:08
epoch [261/300] batch [1/1] time 0.256 (0.256) data 0.235 (0.235) loss 0.1036 (0.1036) acc 100.0000 (100.0000) loss_ce 0.0238 (0.0238) data_term 0.0238 (0.0238) kl_term 0.0797 (0.0797) lr 4.3227e-03 eta 0:00:09
epoch [262/300] batch [1/1] time 0.237 (0.237) data 0.217 (0.217) loss 0.1027 (0.1027) acc 100.0000 (100.0000) loss_ce 0.0226 (0.0226) data_term 0.0226 (0.0226) kl_term 0.0800 (0.0800) lr 4.1123e-03 eta 0:00:09
epoch [263/300] batch [1/1] time 0.233 (0.233) data 0.210 (0.210) loss 0.1103 (0.1103) acc 100.0000 (100.0000) loss_ce 0.0299 (0.0299) data_term 0.0299 (0.0299) kl_term 0.0803 (0.0803) lr 3.9068e-03 eta 0:00:08
epoch [264/300] batch [1/1] time 0.244 (0.244) data 0.224 (0.224) loss 0.1215 (0.1215) acc 100.0000 (100.0000) loss_ce 0.0409 (0.0409) data_term 0.0409 (0.0409) kl_term 0.0806 (0.0806) lr 3.7065e-03 eta 0:00:08
epoch [265/300] batch [1/1] time 0.221 (0.221) data 0.205 (0.205) loss 0.1246 (0.1246) acc 100.0000 (100.0000) loss_ce 0.0437 (0.0437) data_term 0.0437 (0.0437) kl_term 0.0809 (0.0809) lr 3.5112e-03 eta 0:00:07
epoch [266/300] batch [1/1] time 0.254 (0.254) data 0.233 (0.233) loss 0.1029 (0.1029) acc 100.0000 (100.0000) loss_ce 0.0217 (0.0217) data_term 0.0217 (0.0217) kl_term 0.0812 (0.0812) lr 3.3210e-03 eta 0:00:08
epoch [267/300] batch [1/1] time 0.258 (0.258) data 0.238 (0.238) loss 0.0960 (0.0960) acc 100.0000 (100.0000) loss_ce 0.0145 (0.0145) data_term 0.0145 (0.0145) kl_term 0.0815 (0.0815) lr 3.1359e-03 eta 0:00:08
epoch [268/300] batch [1/1] time 0.266 (0.266) data 0.246 (0.246) loss 0.0968 (0.0968) acc 100.0000 (100.0000) loss_ce 0.0149 (0.0149) data_term 0.0149 (0.0149) kl_term 0.0818 (0.0818) lr 2.9560e-03 eta 0:00:08
epoch [269/300] batch [1/1] time 0.264 (0.264) data 0.237 (0.237) loss 0.1074 (0.1074) acc 100.0000 (100.0000) loss_ce 0.0253 (0.0253) data_term 0.0253 (0.0253) kl_term 0.0821 (0.0821) lr 2.7812e-03 eta 0:00:08
epoch [270/300] batch [1/1] time 0.240 (0.240) data 0.229 (0.229) loss 0.1524 (0.1524) acc 100.0000 (100.0000) loss_ce 0.0700 (0.0700) data_term 0.0700 (0.0700) kl_term 0.0824 (0.0824) lr 2.6116e-03 eta 0:00:07
epoch [271/300] batch [1/1] time 0.247 (0.247) data 0.229 (0.229) loss 0.1081 (0.1081) acc 100.0000 (100.0000) loss_ce 0.0254 (0.0254) data_term 0.0254 (0.0254) kl_term 0.0827 (0.0827) lr 2.4472e-03 eta 0:00:07
epoch [272/300] batch [1/1] time 0.232 (0.232) data 0.209 (0.209) loss 0.1003 (0.1003) acc 100.0000 (100.0000) loss_ce 0.0173 (0.0173) data_term 0.0173 (0.0173) kl_term 0.0830 (0.0830) lr 2.2880e-03 eta 0:00:06
epoch [273/300] batch [1/1] time 0.228 (0.228) data 0.205 (0.205) loss 0.1025 (0.1025) acc 100.0000 (100.0000) loss_ce 0.0191 (0.0191) data_term 0.0191 (0.0191) kl_term 0.0833 (0.0833) lr 2.1340e-03 eta 0:00:06
epoch [274/300] batch [1/1] time 0.247 (0.247) data 0.227 (0.227) loss 0.0990 (0.0990) acc 100.0000 (100.0000) loss_ce 0.0154 (0.0154) data_term 0.0154 (0.0154) kl_term 0.0836 (0.0836) lr 1.9853e-03 eta 0:00:06
epoch [275/300] batch [1/1] time 0.261 (0.261) data 0.242 (0.242) loss 0.0998 (0.0998) acc 100.0000 (100.0000) loss_ce 0.0159 (0.0159) data_term 0.0159 (0.0159) kl_term 0.0839 (0.0839) lr 1.8419e-03 eta 0:00:06
epoch [276/300] batch [1/1] time 0.248 (0.248) data 0.229 (0.229) loss 0.1017 (0.1017) acc 100.0000 (100.0000) loss_ce 0.0175 (0.0175) data_term 0.0175 (0.0175) kl_term 0.0842 (0.0842) lr 1.7037e-03 eta 0:00:05
epoch [277/300] batch [1/1] time 0.235 (0.235) data 0.218 (0.218) loss 0.0948 (0.0948) acc 100.0000 (100.0000) loss_ce 0.0103 (0.0103) data_term 0.0103 (0.0103) kl_term 0.0845 (0.0845) lr 1.5708e-03 eta 0:00:05
epoch [278/300] batch [1/1] time 0.275 (0.275) data 0.254 (0.254) loss 0.1162 (0.1162) acc 100.0000 (100.0000) loss_ce 0.0313 (0.0313) data_term 0.0313 (0.0313) kl_term 0.0848 (0.0848) lr 1.4433e-03 eta 0:00:06
epoch [279/300] batch [1/1] time 0.259 (0.259) data 0.237 (0.237) loss 0.1025 (0.1025) acc 100.0000 (100.0000) loss_ce 0.0173 (0.0173) data_term 0.0173 (0.0173) kl_term 0.0851 (0.0851) lr 1.3211e-03 eta 0:00:05
epoch [280/300] batch [1/1] time 0.235 (0.235) data 0.216 (0.216) loss 0.1029 (0.1029) acc 100.0000 (100.0000) loss_ce 0.0175 (0.0175) data_term 0.0175 (0.0175) kl_term 0.0854 (0.0854) lr 1.2042e-03 eta 0:00:04
epoch [281/300] batch [1/1] time 0.249 (0.249) data 0.228 (0.228) loss 0.1043 (0.1043) acc 100.0000 (100.0000) loss_ce 0.0186 (0.0186) data_term 0.0186 (0.0186) kl_term 0.0857 (0.0857) lr 1.0926e-03 eta 0:00:04
epoch [282/300] batch [1/1] time 0.257 (0.257) data 0.236 (0.236) loss 0.1028 (0.1028) acc 100.0000 (100.0000) loss_ce 0.0168 (0.0168) data_term 0.0168 (0.0168) kl_term 0.0860 (0.0860) lr 9.8644e-04 eta 0:00:04
epoch [283/300] batch [1/1] time 0.262 (0.262) data 0.237 (0.237) loss 0.1045 (0.1045) acc 100.0000 (100.0000) loss_ce 0.0181 (0.0181) data_term 0.0181 (0.0181) kl_term 0.0863 (0.0863) lr 8.8564e-04 eta 0:00:04
epoch [284/300] batch [1/1] time 0.262 (0.262) data 0.241 (0.241) loss 0.0976 (0.0976) acc 100.0000 (100.0000) loss_ce 0.0109 (0.0109) data_term 0.0109 (0.0109) kl_term 0.0866 (0.0866) lr 7.9022e-04 eta 0:00:04
epoch [285/300] batch [1/1] time 0.316 (0.316) data 0.295 (0.295) loss 0.1005 (0.1005) acc 100.0000 (100.0000) loss_ce 0.0136 (0.0136) data_term 0.0136 (0.0136) kl_term 0.0869 (0.0869) lr 7.0020e-04 eta 0:00:04
epoch [286/300] batch [1/1] time 0.255 (0.255) data 0.235 (0.235) loss 0.1035 (0.1035) acc 100.0000 (100.0000) loss_ce 0.0162 (0.0162) data_term 0.0162 (0.0162) kl_term 0.0872 (0.0872) lr 6.1558e-04 eta 0:00:03
epoch [287/300] batch [1/1] time 0.241 (0.241) data 0.221 (0.221) loss 0.1098 (0.1098) acc 100.0000 (100.0000) loss_ce 0.0222 (0.0222) data_term 0.0222 (0.0222) kl_term 0.0875 (0.0875) lr 5.3638e-04 eta 0:00:03
epoch [288/300] batch [1/1] time 0.237 (0.237) data 0.217 (0.217) loss 0.0996 (0.0996) acc 100.0000 (100.0000) loss_ce 0.0118 (0.0118) data_term 0.0118 (0.0118) kl_term 0.0878 (0.0878) lr 4.6261e-04 eta 0:00:02
epoch [289/300] batch [1/1] time 0.205 (0.205) data 0.192 (0.192) loss 0.1181 (0.1181) acc 100.0000 (100.0000) loss_ce 0.0300 (0.0300) data_term 0.0300 (0.0300) kl_term 0.0881 (0.0881) lr 3.9426e-04 eta 0:00:02
epoch [290/300] batch [1/1] time 0.232 (0.232) data 0.215 (0.215) loss 0.1069 (0.1069) acc 100.0000 (100.0000) loss_ce 0.0184 (0.0184) data_term 0.0184 (0.0184) kl_term 0.0884 (0.0884) lr 3.3136e-04 eta 0:00:02
epoch [291/300] batch [1/1] time 0.234 (0.234) data 0.209 (0.209) loss 0.1292 (0.1292) acc 100.0000 (100.0000) loss_ce 0.0404 (0.0404) data_term 0.0404 (0.0404) kl_term 0.0888 (0.0888) lr 2.7391e-04 eta 0:00:02
epoch [292/300] batch [1/1] time 0.230 (0.230) data 0.211 (0.211) loss 0.1034 (0.1034) acc 100.0000 (100.0000) loss_ce 0.0144 (0.0144) data_term 0.0144 (0.0144) kl_term 0.0891 (0.0891) lr 2.2190e-04 eta 0:00:01
epoch [293/300] batch [1/1] time 0.280 (0.280) data 0.262 (0.262) loss 0.1081 (0.1081) acc 100.0000 (100.0000) loss_ce 0.0187 (0.0187) data_term 0.0187 (0.0187) kl_term 0.0894 (0.0894) lr 1.7536e-04 eta 0:00:01
epoch [294/300] batch [1/1] time 0.229 (0.229) data 0.214 (0.214) loss 0.1108 (0.1108) acc 100.0000 (100.0000) loss_ce 0.0211 (0.0211) data_term 0.0211 (0.0211) kl_term 0.0897 (0.0897) lr 1.3428e-04 eta 0:00:01
epoch [295/300] batch [1/1] time 0.228 (0.228) data 0.209 (0.209) loss 0.1016 (0.1016) acc 100.0000 (100.0000) loss_ce 0.0116 (0.0116) data_term 0.0116 (0.0116) kl_term 0.0900 (0.0900) lr 9.8664e-05 eta 0:00:01
epoch [296/300] batch [1/1] time 0.224 (0.224) data 0.202 (0.202) loss 0.1077 (0.1077) acc 100.0000 (100.0000) loss_ce 0.0174 (0.0174) data_term 0.0174 (0.0174) kl_term 0.0903 (0.0903) lr 6.8523e-05 eta 0:00:00
epoch [297/300] batch [1/1] time 0.227 (0.227) data 0.205 (0.205) loss 0.1427 (0.1427) acc 100.0000 (100.0000) loss_ce 0.0521 (0.0521) data_term 0.0521 (0.0521) kl_term 0.0906 (0.0906) lr 4.3858e-05 eta 0:00:00
epoch [298/300] batch [1/1] time 0.222 (0.222) data 0.202 (0.202) loss 0.1617 (0.1617) acc 95.0000 (95.0000) loss_ce 0.0708 (0.0708) data_term 0.0708 (0.0708) kl_term 0.0909 (0.0909) lr 2.4672e-05 eta 0:00:00
epoch [299/300] batch [1/1] time 0.223 (0.223) data 0.202 (0.202) loss 0.1040 (0.1040) acc 100.0000 (100.0000) loss_ce 0.0128 (0.0128) data_term 0.0128 (0.0128) kl_term 0.0912 (0.0912) lr 1.0966e-05 eta 0:00:00
epoch [300/300] batch [1/1] time 0.212 (0.212) data 0.191 (0.191) loss 0.1084 (0.1084) acc 100.0000 (100.0000) loss_ce 0.0169 (0.0169) data_term 0.0169 (0.0169) kl_term 0.0915 (0.0915) lr 2.7415e-06 eta 0:00:00
[LightweightCheckpoint] filtered state_dict: 8/161 tensors, 0.06 MB / 328.86 MB
[LightweightCheckpoint] saved to output_refactor/ClipAdapters/BAYES_ADAPTER/FS/fewshot_train/eurosat/shots_2/ViT-B-16/seed3/refactor_model/model.pth.tar-300
Finish training
Deploy the last-epoch model
Evaluate on the *test* set
=> result
* total: 8,100
* correct: 6,304
* accuracy: 77.8%
* error: 22.2%
* macro_f1: 77.6%
=> structured result
* accuracy: 77.8272
* error: 22.1728
* macro_f1: 77.6389
* nll: 0.7072
* brier: 0.3166
* ece: 1.2219
=> temperature scaling: T = 1.112808
* accuracy_calibrated: 77.8272
* error_calibrated: 22.1728
* macro_f1_calibrated: 77.6389
* nll_calibrated: 0.7042
* brier_calibrated: 0.3175
* ece_calibrated: 2.2981
Saved metrics JSON to output_refactor/ClipAdapters/BAYES_ADAPTER/FS/fewshot_train/eurosat/shots_2/ViT-B-16/seed3/test_metrics.json
Saved metrics CSV to output_refactor/ClipAdapters/BAYES_ADAPTER/FS/fewshot_train/eurosat/shots_2/ViT-B-16/seed3/test_metrics.csv
Saved calibration bins CSV to output_refactor/ClipAdapters/BAYES_ADAPTER/FS/fewshot_train/eurosat/shots_2/ViT-B-16/seed3/test_calibration_bins.csv
Saved calibrated metrics CSV to output_refactor/ClipAdapters/BAYES_ADAPTER/FS/fewshot_train/eurosat/shots_2/ViT-B-16/seed3/test_metrics_calibrated.csv
Saved calibrated calibration bins CSV to output_refactor/ClipAdapters/BAYES_ADAPTER/FS/fewshot_train/eurosat/shots_2/ViT-B-16/seed3/test_calibration_bins_calibrated.csv
Elapsed: 0:01:41

============================================================
END: 2026-04-29 11:48:38
STATUS: SUCCESS
============================================================
