============================================================
开始时间: 2026-04-21 21:08:04
当前阶段: confirm10_schemeC_final_best
GPU: 1
方法: BayesMMRL
协议: FS
执行模式: online
数据集: caltech101
shots: 1
seed: 3
标签: C_sig-row_pmode-self_proj_rep_pstd-0.01_kl-1e-6_nmc-5
数据根目录: DATASETS
阶段输出根目录: output_sweeps/bayes_mmrl_search_current/coarse3/confirm_stage
Backbone: ViT-B/16
============================================================
[当前执行] C | dataset=caltech101 | shot=1 | seed=3 | tag=C_sig-row_pmode-self_proj_rep_pstd-0.01_kl-1e-6_nmc-5
[说明] 当前使用固定 MMRL 主体超参，只搜索 Bayes 参数
[说明] EVAL_MODE=mc_predictive, EVAL_AGGREGATION=logit_mean
[说明] KL_WARMUP_EPOCHS=5
Setting fixed seed: 3
***************
** Arguments **
***************
dataset_config_file: configs/datasets/caltech101.yaml
eval_only: False
exec_mode: online
exp_config: 
load_epoch: None
method: BayesMMRL
method_config_file: configs/methods/bayesmmrl.yaml
model_dir: 
no_train: False
opts: ['DATASET.NUM_SHOTS', '1', 'DATASET.SUBSAMPLE_CLASSES', 'all', 'MODEL.BACKBONE.NAME', 'ViT-B/16', 'BAYES_MMRL.ALPHA', '0.7', 'BAYES_MMRL.REG_WEIGHT', '0.5', 'BAYES_MMRL.N_REP_TOKENS', '5', 'BAYES_MMRL.REP_LAYERS', '[6,7,8,9,10,11,12]', 'BAYES_MMRL.REP_DIM', '512', 'BAYES_MMRL.N_MC_TRAIN', '3', 'BAYES_MMRL.N_MC_TEST', '10', 'BAYES_MMRL.EVAL_MODE', 'mc_predictive', 'BAYES_MMRL.EVAL_USE_POSTERIOR_MEAN', 'False', 'BAYES_MMRL.EVAL_AGGREGATION', 'logit_mean', 'BAYES_MMRL.KL_WARMUP_EPOCHS', '5', 'BAYES_MMRL.BAYES_TARGET', 'proj_rep', 'BAYES_MMRL.PROJ_REP_SIGMA_MODE', 'row', 'BAYES_MMRL.PROJ_REP_PRIOR_MODE', 'self_proj_rep', 'BAYES_MMRL.PROJ_REP_PRIOR_STD', '0.01', 'BAYES_MMRL.PROJ_REP_KL_WEIGHT', '1e-6', 'BAYES_MMRL.ALPHA', '0.7', 'BAYES_MMRL.N_MC_TRAIN', '5']
output_dir: output_sweeps/bayes_mmrl_search_current/coarse3/confirm_stage/BayesMMRL/FS/fewshot_train/caltech101/shots_1/ViT-B-16/C_sig-row_pmode-self_proj_rep_pstd-0.01_kl-1e-6_nmc-5/seed3
protocol: FS
protocol_config_file: configs/protocols/fs.yaml
root: DATASETS
runtime_config_file: configs/runtime/default.yaml
seed: 3
trainer: RefactorRunner
************
** Config **
************
BAYES_MMRL:
  ALPHA: 0.7
  BAYES_TARGET: proj_rep
  CLIP_PRIOR_BLEND: 0.5
  CLIP_PRIOR_SCALE: 0.05
  EVAL_AGGREGATION: logit_mean
  EVAL_MODE: mc_predictive
  EVAL_USE_POSTERIOR_MEAN: False
  KL_WARMUP_EPOCHS: 5
  KL_WEIGHT: 0.0005
  N_MC_TEST: 10
  N_MC_TRAIN: 5
  N_REP_TOKENS: 5
  PREC: amp
  PRIOR_STD: 0.05
  PROJ_REP_KL_WEIGHT: 1e-06
  PROJ_REP_PRIOR_MODE: self_proj_rep
  PROJ_REP_PRIOR_STD: 0.01
  PROJ_REP_SIGMA_MODE: row
  REG_WEIGHT: 0.5
  REP_DIM: 512
  REP_KL_WEIGHT: 0.0001
  REP_LAYERS: [6, 7, 8, 9, 10, 11, 12]
  REP_PRIOR_MODE: zero
  REP_PRIOR_STD: 0.05
  REP_SIGMA_MODE: global
  SIGMA_MODE: global
CLIP_ADAPTERS:
  ALLOW_CACHE: True
  CONSTRAINT: none
  ENHANCED_BASE: none
  INIT: ZS
  KL_WEIGHT: 0.0001
  N_SAMPLES: 3
  PREC: fp32
  TYPE: MP
DATALOADER:
  K_TRANSFORMS: 1
  NUM_WORKERS: 8
  RETURN_IMG0: False
  TEST:
    BATCH_SIZE: 250
    SAMPLER: SequentialSampler
  TRAIN_U:
    BATCH_SIZE: 32
    N_DOMAIN: 0
    N_INS: 16
    SAME_AS_X: True
    SAMPLER: RandomSampler
  TRAIN_X:
    BATCH_SIZE: 32
    N_DOMAIN: 0
    N_INS: 16
    SAMPLER: RandomSampler
DATASET:
  ALL_AS_UNLABELED: False
  CIFAR_C_LEVEL: 1
  CIFAR_C_TYPE: 
  NAME: Caltech101
  NUM_LABELED: -1
  NUM_SHOTS: 1
  ROOT: DATASETS
  SOURCE_DOMAINS: ()
  STL10_FOLD: -1
  SUBSAMPLE_CLASSES: all
  TARGET_DOMAINS: ()
  VAL_PERCENT: 0.1
INPUT:
  COLORJITTER_B: 0.4
  COLORJITTER_C: 0.4
  COLORJITTER_H: 0.1
  COLORJITTER_S: 0.4
  CROP_PADDING: 4
  CUTOUT_LEN: 16
  CUTOUT_N: 1
  GB_K: 21
  GB_P: 0.5
  GN_MEAN: 0.0
  GN_STD: 0.15
  INTERPOLATION: bicubic
  NO_TRANSFORM: False
  PIXEL_MEAN: [0.48145466, 0.4578275, 0.40821073]
  PIXEL_STD: [0.26862954, 0.26130258, 0.27577711]
  RANDAUGMENT_M: 10
  RANDAUGMENT_N: 2
  RGS_P: 0.2
  RRCROP_SCALE: (0.5, 1)
  SIZE: (224, 224)
  TRANSFORMS: ('random_resized_crop', 'random_flip', 'normalize')
METHOD:
  EXEC_MODE: online
  FAMILY: internal_adaptation
  NAME: BayesMMRL
  TAG: default
MMRL:
  ALPHA: 0.7
  N_REP_TOKENS: 5
  PREC: amp
  REG_WEIGHT: 1.0
  REP_DIM: 512
  REP_LAYERS: [6, 7, 8, 9, 10, 11, 12]
MMRLPP:
  ALPHA: 0.7
  BETA: 0.9
  N_REP_TOKENS: 5
  PREC: amp
  PROJ_LORA_DIM: 64
  REG_WEIGHT: 1.0
  REP_DIM: 512
  REP_LAYERS: [6, 7, 8, 9, 10, 11, 12]
  RES_LORA_DIM: 4
MMRL_MIX:
  ALPHA: 0.7
  LOSS_FUSE_WEIGHT: 0.2
  LOSS_MAIN_WEIGHT: 1.0
  LOSS_REP_WEIGHT: 1.0
  N_REP_TOKENS: 5
  PREC: amp
  REG_WEIGHT: 1.0
  REP_DIM: 512
  REP_LAYERS: [6, 7, 8, 9, 10, 11, 12]
MODEL:
  BACKBONE:
    NAME: ViT-B/16
    PRETRAINED: True
  HEAD:
    ACTIVATION: relu
    BN: True
    DROPOUT: 0.0
    HIDDEN_LAYERS: ()
    NAME: 
  INIT_WEIGHTS: 
OPTIM:
  ADAM_BETA1: 0.9
  ADAM_BETA2: 0.999
  BASE_LR_MULT: 0.1
  GAMMA: 0.1
  LR: 0.001
  LR_SCHEDULER: cosine
  MAX_EPOCH: 50
  MOMENTUM: 0.9
  NAME: adamw
  NEW_LAYERS: ()
  RMSPROP_ALPHA: 0.99
  SGD_DAMPNING: 0
  SGD_NESTEROV: False
  STAGED_LR: False
  STEPSIZE: (-1,)
  WARMUP_CONS_LR: 1e-05
  WARMUP_EPOCH: 1
  WARMUP_MIN_LR: 1e-05
  WARMUP_RECOUNT: True
  WARMUP_TYPE: constant
  WEIGHT_DECAY: 0.0005
OUTPUT_DIR: output_sweeps/bayes_mmrl_search_current/coarse3/confirm_stage/BayesMMRL/FS/fewshot_train/caltech101/shots_1/ViT-B-16/C_sig-row_pmode-self_proj_rep_pstd-0.01_kl-1e-6_nmc-5/seed3
PROTOCOL:
  NAME: FS
  PHASE: fewshot_train
RESUME: 
RUNTIME:
  OUTPUT_ROOT: output_refactor
  USE_DASSL_TRAINER_BRIDGE: True
SEED: 3
TASK: FS
TEST:
  COMPUTE_CMAT: False
  EVALUATOR: Classification
  FINAL_MODEL: last_step
  NO_TEST: False
  PER_CLASS_RESULT: False
  SPLIT: test
TRAIN:
  CHECKPOINT_FREQ: 0
  COUNT_ITER: train_x
  PRINT_FREQ: 20
TRAINER:
  BayesMMRL:
    ALPHA: 0.7
    BAYES_TARGET: proj_rep
    CLIP_PRIOR_BLEND: 0.5
    CLIP_PRIOR_SCALE: 0.05
    EVAL_AGGREGATION: logit_mean
    EVAL_MODE: mc_predictive
    EVAL_USE_POSTERIOR_MEAN: False
    KL_WARMUP_EPOCHS: 5
    KL_WEIGHT: 0.0001
    N_MC_TEST: 10
    N_MC_TRAIN: 5
    N_REP_TOKENS: 5
    PREC: amp
    PRIOR_STD: 0.05
    PROJ_REP_KL_WEIGHT: 1e-06
    PROJ_REP_PRIOR_MODE: self_proj_rep
    PROJ_REP_PRIOR_STD: 0.01
    PROJ_REP_SIGMA_MODE: row
    REG_WEIGHT: 0.5
    REP_DIM: 512
    REP_KL_WEIGHT: 0.0001
    REP_LAYERS: [6, 7, 8, 9, 10, 11, 12]
    REP_PRIOR_MODE: zero
    REP_PRIOR_STD: 0.05
    REP_SIGMA_MODE: global
    SIGMA_MODE: global
  CDAC:
    CLASS_LR_MULTI: 10
    P_THRESH: 0.95
    RAMPUP_COEF: 30
    RAMPUP_ITRS: 1000
    STRONG_TRANSFORMS: ()
    TOPK_MATCH: 5
  CROSSGRAD:
    ALPHA_D: 0.5
    ALPHA_F: 0.5
    EPS_D: 1.0
    EPS_F: 1.0
  ClipADAPTER:
    ALLOW_CACHE: True
    CONSTRAINT: none
    ENHANCED_BASE: none
    INIT: ZS
    PREC: fp32
    TYPE: MP
  DAEL:
    CONF_THRE: 0.95
    STRONG_TRANSFORMS: ()
    WEIGHT_U: 0.5
  DAELDG:
    CONF_THRE: 0.95
    STRONG_TRANSFORMS: ()
    WEIGHT_U: 0.5
  DDAIG:
    ALPHA: 0.5
    CLAMP: False
    CLAMP_MAX: 1.0
    CLAMP_MIN: -1.0
    G_ARCH: 
    LMDA: 0.3
    WARMUP: 0
  DOMAINMIX:
    ALPHA: 1.0
    BETA: 1.0
    TYPE: crossdomain
  ENTMIN:
    LMDA: 0.001
  FIXMATCH:
    CONF_THRE: 0.95
    STRONG_TRANSFORMS: ()
    WEIGHT_U: 1.0
  M3SDA:
    LMDA: 0.5
    N_STEP_F: 4
  MCD:
    N_STEP_F: 4
  MEANTEACHER:
    EMA_ALPHA: 0.999
    RAMPUP: 5
    WEIGHT_U: 1.0
  MIXMATCH:
    MIXUP_BETA: 0.75
    RAMPUP: 20000
    TEMP: 2.0
    WEIGHT_U: 100.0
  MME:
    LMDA: 0.1
  MMRL:
    ALPHA: 0.7
    N_REP_TOKENS: 5
    PREC: amp
    REG_WEIGHT: 1.0
    REP_DIM: 512
    REP_LAYERS: [6, 7, 8, 9, 10, 11, 12]
  MMRLMix:
    ALPHA: 0.7
    LOSS_FUSE_WEIGHT: 0.2
    LOSS_MAIN_WEIGHT: 1.0
    LOSS_REP_WEIGHT: 1.0
    N_REP_TOKENS: 5
    PREC: amp
    REG_WEIGHT: 1.0
    REP_DIM: 512
    REP_LAYERS: [6, 7, 8, 9, 10, 11, 12]
  MMRLpp:
    ALPHA: 0.7
    BETA: 0.9
    N_REP_TOKENS: 5
    PREC: amp
    PROJ_LORA_DIM: 64
    REG_WEIGHT: 1.0
    REP_DIM: 512
    REP_LAYERS: [6, 7, 8, 9, 10, 11, 12]
    RES_LORA_DIM: 4
  NAME: RefactorRunner
  SE:
    CONF_THRE: 0.95
    EMA_ALPHA: 0.999
    RAMPUP: 300
USE_CUDA: True
VERBOSE: True
VERSION: 1
Collecting env info ...
** System info **
PyTorch version: 2.11.0+cu128
Is debug build: False
CUDA used to build PyTorch: 12.8
ROCM used to build PyTorch: N/A

OS: Ubuntu 22.04.1 LTS (x86_64)
GCC version: (Ubuntu 11.3.0-1ubuntu1~22.04) 11.3.0
Clang version: Could not collect
CMake version: version 3.22.1
Libc version: glibc-2.35

Python version: 3.10.20 (main, Mar 11 2026, 17:46:40) [GCC 14.3.0] (64-bit runtime)
Python platform: Linux-5.15.0-78-generic-x86_64-with-glibc2.35
Is CUDA available: True
CUDA runtime version: 11.8.89
CUDA_MODULE_LOADING set to: 
GPU models and configuration: 
GPU 0: NVIDIA GeForce RTX 5090
GPU 1: NVIDIA GeForce RTX 5090

Nvidia driver version: 580.105.08
cuDNN version: Probably one of the following:
/usr/lib/x86_64-linux-gnu/libcudnn.so.8.6.0
/usr/lib/x86_64-linux-gnu/libcudnn_adv_infer.so.8.6.0
/usr/lib/x86_64-linux-gnu/libcudnn_adv_train.so.8.6.0
/usr/lib/x86_64-linux-gnu/libcudnn_cnn_infer.so.8.6.0
/usr/lib/x86_64-linux-gnu/libcudnn_cnn_train.so.8.6.0
/usr/lib/x86_64-linux-gnu/libcudnn_ops_infer.so.8.6.0
/usr/lib/x86_64-linux-gnu/libcudnn_ops_train.so.8.6.0
Is XPU available: False
HIP runtime version: N/A
MIOpen runtime version: N/A
Is XNNPACK available: True
Caching allocator config: N/A

CPU:
Architecture:                    x86_64
CPU op-mode(s):                  32-bit, 64-bit
Address sizes:                   52 bits physical, 57 bits virtual
Byte Order:                      Little Endian
CPU(s):                          208
On-line CPU(s) list:             0-207
Vendor ID:                       GenuineIntel
Model name:                      Intel(R) Xeon(R) Platinum 8470Q
CPU family:                      6
Model:                           143
Thread(s) per core:              2
Core(s) per socket:              52
Socket(s):                       2
Stepping:                        8
Frequency boost:                 enabled
CPU max MHz:                     2101.0000
CPU min MHz:                     800.0000
BogoMIPS:                        4200.00
Flags:                           fpu vme de pse tsc msr pae mce cx8 apic sep mtrr pge mca cmov pat pse36 clflush dts acpi mmx fxsr sse sse2 ss ht tm pbe syscall nx pdpe1gb rdtscp lm constant_tsc art arch_perfmon pebs bts rep_good nopl xtopology nonstop_tsc cpuid aperfmperf tsc_known_freq pni pclmulqdq dtes64 ds_cpl vmx smx est tm2 ssse3 sdbg fma cx16 xtpr pdcm pcid dca sse4_1 sse4_2 x2apic movbe popcnt tsc_deadline_timer aes xsave avx f16c rdrand lahf_lm abm 3dnowprefetch cpuid_fault epb cat_l3 cat_l2 cdp_l3 invpcid_single intel_ppin cdp_l2 ssbd mba ibrs ibpb stibp ibrs_enhanced tpr_shadow vnmi flexpriority ept vpid ept_ad fsgsbase tsc_adjust bmi1 avx2 smep bmi2 erms invpcid cqm rdt_a avx512f avx512dq rdseed adx smap avx512ifma clflushopt clwb intel_pt avx512cd sha_ni avx512bw avx512vl xsaveopt xsavec xgetbv1 xsaves cqm_llc cqm_occup_llc cqm_mbm_total cqm_mbm_local split_lock_detect avx_vnni avx512_bf16 wbnoinvd dtherm ida arat pln pts avx512vbmi umip pku ospke waitpkg avx512_vbmi2 gfni vaes vpclmulqdq avx512_vnni avx512_bitalg tme avx512_vpopcntdq la57 rdpid bus_lock_detect cldemote movdiri movdir64b enqcmd fsrm md_clear serialize tsxldtrk pconfig arch_lbr amx_bf16 avx512_fp16 amx_tile amx_int8 flush_l1d arch_capabilities
Virtualization:                  VT-x
L1d cache:                       4.9 MiB (104 instances)
L1i cache:                       3.3 MiB (104 instances)
L2 cache:                        208 MiB (104 instances)
L3 cache:                        210 MiB (2 instances)
NUMA node(s):                    2
NUMA node0 CPU(s):               0-51,104-155
NUMA node1 CPU(s):               52-103,156-207
Vulnerability Itlb multihit:     Not affected
Vulnerability L1tf:              Not affected
Vulnerability Mds:               Not affected
Vulnerability Meltdown:          Not affected
Vulnerability Mmio stale data:   Not affected
Vulnerability Retbleed:          Not affected
Vulnerability Spec store bypass: Mitigation; Speculative Store Bypass disabled via prctl and seccomp
Vulnerability Spectre v1:        Mitigation; usercopy/swapgs barriers and __user pointer sanitization
Vulnerability Spectre v2:        Mitigation; Enhanced IBRS, IBPB conditional, RSB filling, PBRSB-eIBRS SW sequence
Vulnerability Srbds:             Not affected
Vulnerability Tsx async abort:   Not affected

Versions of relevant libraries:
[pip3] flake8==3.7.9
[pip3] numpy==2.2.6
[pip3] nvidia-cublas-cu12==12.8.4.1
[pip3] nvidia-cuda-cupti-cu12==12.8.90
[pip3] nvidia-cuda-nvrtc-cu12==12.8.93
[pip3] nvidia-cuda-runtime-cu12==12.8.90
[pip3] nvidia-cudnn-cu12==9.19.0.56
[pip3] nvidia-cufft-cu12==11.3.3.83
[pip3] nvidia-curand-cu12==10.3.9.90
[pip3] nvidia-cusolver-cu12==11.7.3.90
[pip3] nvidia-cusparse-cu12==12.5.8.93
[pip3] nvidia-cusparselt-cu12==0.7.1
[pip3] nvidia-nccl-cu12==2.28.9
[pip3] nvidia-nvjitlink-cu12==12.8.93
[pip3] nvidia-nvtx-cu12==12.8.90
[pip3] torch==2.11.0+cu128
[pip3] torchaudio==2.11.0+cu128
[pip3] torchvision==0.26.0+cu128
[pip3] triton==3.6.0
[conda] numpy                     2.2.6                    pypi_0    pypi
[conda] nvidia-cublas-cu12        12.8.4.1                 pypi_0    pypi
[conda] nvidia-cuda-cupti-cu12    12.8.90                  pypi_0    pypi
[conda] nvidia-cuda-nvrtc-cu12    12.8.93                  pypi_0    pypi
[conda] nvidia-cuda-runtime-cu12  12.8.90                  pypi_0    pypi
[conda] nvidia-cudnn-cu12         9.19.0.56                pypi_0    pypi
[conda] nvidia-cufft-cu12         11.3.3.83                pypi_0    pypi
[conda] nvidia-curand-cu12        10.3.9.90                pypi_0    pypi
[conda] nvidia-cusolver-cu12      11.7.3.90                pypi_0    pypi
[conda] nvidia-cusparse-cu12      12.5.8.93                pypi_0    pypi
[conda] nvidia-cusparselt-cu12    0.7.1                    pypi_0    pypi
[conda] nvidia-nccl-cu12          2.28.9                   pypi_0    pypi
[conda] nvidia-nvjitlink-cu12     12.8.93                  pypi_0    pypi
[conda] nvidia-nvtx-cu12          12.8.90                  pypi_0    pypi
[conda] torch                     2.11.0+cu128             pypi_0    pypi
[conda] torchaudio                2.11.0+cu128             pypi_0    pypi
[conda] torchvision               0.26.0+cu128             pypi_0    pypi
[conda] triton                    3.6.0                    pypi_0    pypi
        Pillow (12.1.1)

Loading trainer: RefactorRunner
Loading dataset: Caltech101
Reading split from /root/autodl-tmp/MMRL/DATASETS/caltech-101/split_zhou_Caltech101.json
Loading preprocessed few-shot data from /root/autodl-tmp/MMRL/DATASETS/caltech-101/split_fewshot/shot_1-seed_3.pkl
Building transform_train
+ random resized crop (size=(224, 224), scale=(0.5, 1))
+ random flip
+ to torch tensor of range [0, 1]
+ normalization (mean=[0.48145466, 0.4578275, 0.40821073], std=[0.26862954, 0.26130258, 0.27577711])
Building transform_test
+ resize the smaller edge to 224
+ 224x224 center crop
+ to torch tensor of range [0, 1]
+ normalization (mean=[0.48145466, 0.4578275, 0.40821073], std=[0.26862954, 0.26130258, 0.27577711])
---------  ----------
Dataset    Caltech101
# classes  100
# train_x  100
# val      100
# test     2,465
---------  ----------
/root/autodl-tmp/MMRL/trainers/refactor_runner.py:52: FutureWarning: `torch.cuda.amp.GradScaler(args...)` is deprecated. Please use `torch.amp.GradScaler('cuda', args...)` instead.
  self.scaler = GradScaler() if prec == "amp" else None
[BayesMMRLMethod] trainable params: {'representation_learner.base.compound_rep_tokens_r2vproj.1.weight', 'representation_learner.base.compound_rep_tokens_r2tproj.5.weight', 'representation_learner.base.compound_rep_tokens_r2tproj.0.bias', 'representation_learner.base.compound_rep_tokens_r2vproj.0.weight', 'representation_learner.base.compound_rep_tokens_r2tproj.6.bias', 'representation_learner.base.compound_rep_tokens_r2tproj.1.weight', 'representation_learner.base.compound_rep_tokens_r2tproj.4.bias', 'representation_learner.base.compound_rep_tokens_r2vproj.6.bias', 'image_encoder.bayes_proj_rep.posterior_rho', 'representation_learner.base.compound_rep_tokens_r2vproj.1.bias', 'representation_learner.base.compound_rep_tokens_r2vproj.0.bias', 'representation_learner.base.compound_rep_tokens_r2vproj.3.weight', 'representation_learner.base.compound_rep_tokens_r2tproj.5.bias', 'representation_learner.base.compound_rep_tokens_r2tproj.3.weight', 'representation_learner.base.compound_rep_tokens_r2tproj.2.bias', 'image_encoder.bayes_proj_rep.posterior_mean', 'representation_learner.base.compound_rep_tokens', 'representation_learner.base.compound_rep_tokens_r2vproj.5.bias', 'representation_learner.base.compound_rep_tokens_r2tproj.0.weight', 'representation_learner.base.compound_rep_tokens_r2vproj.5.weight', 'representation_learner.base.compound_rep_tokens_r2tproj.2.weight', 'representation_learner.base.compound_rep_tokens_r2vproj.3.bias', 'representation_learner.base.compound_rep_tokens_r2vproj.6.weight', 'representation_learner.base.compound_rep_tokens_r2vproj.4.weight', 'representation_learner.base.compound_rep_tokens_r2tproj.1.bias', 'representation_learner.base.compound_rep_tokens_r2tproj.4.weight', 'representation_learner.base.compound_rep_tokens_r2vproj.2.weight', 'representation_learner.base.compound_rep_tokens_r2tproj.6.weight', 'representation_learner.base.compound_rep_tokens_r2tproj.3.bias', 'representation_learner.base.compound_rep_tokens_r2vproj.2.bias', 'representation_learner.base.compound_rep_tokens_r2vproj.4.bias'}
Loading evaluator: Classification
No checkpoint found, train from scratch
Initialize tensorboard (log_dir=output_sweeps/bayes_mmrl_search_current/coarse3/confirm_stage/BayesMMRL/FS/fewshot_train/caltech101/shots_1/ViT-B-16/C_sig-row_pmode-self_proj_rep_pstd-0.01_kl-1e-6_nmc-5/seed3/tensorboard)
/root/autodl-tmp/MMRL/executors/online_executor.py:47: FutureWarning: `torch.cuda.amp.autocast(args...)` is deprecated. Please use `torch.amp.autocast('cuda', args...)` instead.
  with autocast():
epoch [1/50] batch [1/3] time 1.333 (1.333) data 0.524 (0.524) loss 2.4834 (2.4834) acc 87.5000 (87.5000) data_term 2.4834 (2.4834) raw_kl_rep 0.0000 (0.0000) raw_kl_proj_rep 0.0000 (0.0000) kl_rep_term 0.0000 (0.0000) kl_proj_rep_term 0.0000 (0.0000) kl_term 0.0000 (0.0000) kl_normalizer 3.0000 (3.0000) kl_beta 0.0000 (0.0000) lr 1.0000e-05 eta 0:03:18
epoch [1/50] batch [2/3] time 0.241 (0.787) data 0.000 (0.262) loss 2.3507 (2.4171) acc 87.5000 (87.5000) data_term 2.3507 (2.4171) raw_kl_rep 0.0000 (0.0000) raw_kl_proj_rep 0.0000 (0.0000) kl_rep_term 0.0000 (0.0000) kl_proj_rep_term 0.0000 (0.0000) kl_term 0.0000 (0.0000) kl_normalizer 3.0000 (3.0000) kl_beta 0.0000 (0.0000) lr 1.0000e-05 eta 0:01:56
epoch [1/50] batch [3/3] time 0.177 (0.584) data 0.000 (0.175) loss 2.2687 (2.3676) acc 93.7500 (89.5833) data_term 2.2687 (2.3676) raw_kl_rep 0.0000 (0.0000) raw_kl_proj_rep 0.1935 (0.0645) kl_rep_term 0.0000 (0.0000) kl_proj_rep_term 0.0000 (0.0000) kl_term 0.0000 (0.0000) kl_normalizer 3.0000 (3.0000) kl_beta 0.0000 (0.0000) lr 1.0000e-03 eta 0:01:25
epoch [2/50] batch [1/3] time 0.605 (0.605) data 0.365 (0.365) loss 2.4209 (2.4209) acc 93.7500 (93.7500) data_term 2.4209 (2.4209) raw_kl_rep 0.0000 (0.0000) raw_kl_proj_rep 0.5627 (0.5627) kl_rep_term 0.0000 (0.0000) kl_proj_rep_term 0.0000 (0.0000) kl_term 0.0000 (0.0000) kl_normalizer 3.0000 (3.0000) kl_beta 0.0000 (0.0000) lr 1.0000e-03 eta 0:01:28
epoch [2/50] batch [2/3] time 0.180 (0.393) data 0.000 (0.182) loss 2.3078 (2.3643) acc 87.5000 (90.6250) data_term 2.3078 (2.3643) raw_kl_rep 0.0000 (0.0000) raw_kl_proj_rep 1130.2983 (565.4305) kl_rep_term 0.0000 (0.0000) kl_proj_rep_term 0.0000 (0.0000) kl_term 0.0000 (0.0000) kl_normalizer 3.0000 (3.0000) kl_beta 0.0000 (0.0000) lr 1.0000e-03 eta 0:00:56
epoch [2/50] batch [3/3] time 0.177 (0.321) data 0.000 (0.122) loss 2.2924 (2.3404) acc 81.2500 (87.5000) data_term 2.2924 (2.3404) raw_kl_rep 0.0000 (0.0000) raw_kl_proj_rep 3534.7988 (1555.2199) kl_rep_term 0.0000 (0.0000) kl_proj_rep_term 0.0000 (0.0000) kl_term 0.0000 (0.0000) kl_normalizer 3.0000 (3.0000) kl_beta 0.0000 (0.0000) lr 9.9901e-04 eta 0:00:46
epoch [3/50] batch [1/3] time 0.701 (0.701) data 0.473 (0.473) loss 1.6072 (1.6072) acc 90.6250 (90.6250) data_term 1.6072 (1.6072) raw_kl_rep 0.0000 (0.0000) raw_kl_proj_rep 6674.1113 (6674.1113) kl_rep_term 0.0000 (0.0000) kl_proj_rep_term 0.0000 (0.0000) kl_term 0.0000 (0.0000) kl_normalizer 3.0000 (3.0000) kl_beta 0.0000 (0.0000) lr 9.9901e-04 eta 0:01:40
epoch [3/50] batch [2/3] time 0.185 (0.443) data 0.000 (0.237) loss 1.7412 (1.6742) acc 96.8750 (93.7500) data_term 1.7412 (1.6742) raw_kl_rep 0.0000 (0.0000) raw_kl_proj_rep 10341.8711 (8507.9912) kl_rep_term 0.0000 (0.0000) kl_proj_rep_term 0.0000 (0.0000) kl_term 0.0000 (0.0000) kl_normalizer 3.0000 (3.0000) kl_beta 0.0000 (0.0000) lr 9.9901e-04 eta 0:01:02
epoch [3/50] batch [3/3] time 0.187 (0.357) data 0.000 (0.158) loss 1.7203 (1.6896) acc 90.6250 (92.7083) data_term 1.7203 (1.6896) raw_kl_rep 0.0000 (0.0000) raw_kl_proj_rep 14305.1621 (10440.3815) kl_rep_term 0.0000 (0.0000) kl_proj_rep_term 0.0000 (0.0000) kl_term 0.0000 (0.0000) kl_normalizer 3.0000 (3.0000) kl_beta 0.0000 (0.0000) lr 9.9606e-04 eta 0:00:50
epoch [4/50] batch [1/3] time 0.561 (0.561) data 0.306 (0.306) loss 1.2429 (1.2429) acc 90.6250 (90.6250) data_term 1.2429 (1.2429) raw_kl_rep 0.0000 (0.0000) raw_kl_proj_rep 18437.5371 (18437.5371) kl_rep_term 0.0000 (0.0000) kl_proj_rep_term 0.0000 (0.0000) kl_term 0.0000 (0.0000) kl_normalizer 3.0000 (3.0000) kl_beta 0.0000 (0.0000) lr 9.9606e-04 eta 0:01:18
epoch [4/50] batch [2/3] time 0.195 (0.378) data 0.000 (0.153) loss 1.0826 (1.1627) acc 93.7500 (92.1875) data_term 1.0826 (1.1627) raw_kl_rep 0.0000 (0.0000) raw_kl_proj_rep 22787.8008 (20612.6689) kl_rep_term 0.0000 (0.0000) kl_proj_rep_term 0.0000 (0.0000) kl_term 0.0000 (0.0000) kl_normalizer 3.0000 (3.0000) kl_beta 0.0000 (0.0000) lr 9.9606e-04 eta 0:00:52
epoch [4/50] batch [3/3] time 0.177 (0.311) data 0.000 (0.102) loss 0.9236 (1.0830) acc 100.0000 (94.7917) data_term 0.9236 (1.0830) raw_kl_rep 0.0000 (0.0000) raw_kl_proj_rep 27326.9434 (22850.7604) kl_rep_term 0.0000 (0.0000) kl_proj_rep_term 0.0000 (0.0000) kl_term 0.0000 (0.0000) kl_normalizer 3.0000 (3.0000) kl_beta 0.0000 (0.0000) lr 9.9114e-04 eta 0:00:42
epoch [5/50] batch [1/3] time 0.607 (0.607) data 0.373 (0.373) loss 0.7059 (0.7059) acc 93.7500 (93.7500) data_term 0.7059 (0.7059) raw_kl_rep 0.0000 (0.0000) raw_kl_proj_rep 31947.6914 (31947.6914) kl_rep_term 0.0000 (0.0000) kl_proj_rep_term 0.0000 (0.0000) kl_term 0.0000 (0.0000) kl_normalizer 3.0000 (3.0000) kl_beta 0.0000 (0.0000) lr 9.9114e-04 eta 0:01:23
epoch [5/50] batch [2/3] time 0.185 (0.396) data 0.000 (0.186) loss 0.7804 (0.7431) acc 93.7500 (93.7500) data_term 0.7804 (0.7431) raw_kl_rep 0.0000 (0.0000) raw_kl_proj_rep 36669.5898 (34308.6406) kl_rep_term 0.0000 (0.0000) kl_proj_rep_term 0.0000 (0.0000) kl_term 0.0000 (0.0000) kl_normalizer 3.0000 (3.0000) kl_beta 0.0000 (0.0000) lr 9.9114e-04 eta 0:00:53
epoch [5/50] batch [3/3] time 0.192 (0.328) data 0.000 (0.124) loss 0.6161 (0.7008) acc 93.7500 (93.7500) data_term 0.6161 (0.7008) raw_kl_rep 0.0000 (0.0000) raw_kl_proj_rep 41507.0078 (36708.0964) kl_rep_term 0.0000 (0.0000) kl_proj_rep_term 0.0000 (0.0000) kl_term 0.0000 (0.0000) kl_normalizer 3.0000 (3.0000) kl_beta 0.0000 (0.0000) lr 9.8429e-04 eta 0:00:44
epoch [6/50] batch [1/3] time 0.602 (0.602) data 0.382 (0.382) loss 0.5499 (0.5499) acc 90.6250 (90.6250) data_term 0.5499 (0.5499) raw_kl_rep 0.0000 (0.0000) raw_kl_proj_rep 46392.0742 (46392.0742) kl_rep_term 0.0000 (0.0000) kl_proj_rep_term 0.0000 (0.0000) kl_term 0.0000 (0.0000) kl_normalizer 3.0000 (3.0000) kl_beta 0.0000 (0.0000) lr 9.8429e-04 eta 0:01:20
epoch [6/50] batch [2/3] time 0.228 (0.415) data 0.000 (0.191) loss 0.3095 (0.4297) acc 100.0000 (95.3125) data_term 0.3095 (0.4297) raw_kl_rep 0.0000 (0.0000) raw_kl_proj_rep 51267.4062 (48829.7402) kl_rep_term 0.0000 (0.0000) kl_proj_rep_term 0.0000 (0.0000) kl_term 0.0000 (0.0000) kl_normalizer 3.0000 (3.0000) kl_beta 0.0000 (0.0000) lr 9.8429e-04 eta 0:00:55
epoch [6/50] batch [3/3] time 0.211 (0.347) data 0.000 (0.127) loss 0.4329 (0.4308) acc 96.8750 (95.8333) data_term 0.4329 (0.4308) raw_kl_rep 0.0000 (0.0000) raw_kl_proj_rep 56155.6406 (51271.7070) kl_rep_term 0.0000 (0.0000) kl_proj_rep_term 0.0000 (0.0000) kl_term 0.0000 (0.0000) kl_normalizer 3.0000 (3.0000) kl_beta 0.0000 (0.0000) lr 9.7553e-04 eta 0:00:45
epoch [7/50] batch [1/3] time 0.612 (0.612) data 0.375 (0.375) loss 0.3094 (0.3094) acc 100.0000 (100.0000) data_term 0.3090 (0.3090) raw_kl_rep 0.0000 (0.0000) raw_kl_proj_rep 60965.9648 (60965.9648) kl_rep_term 0.0000 (0.0000) kl_proj_rep_term 0.0005 (0.0005) kl_term 0.0005 (0.0005) kl_normalizer 3.0000 (3.0000) kl_beta 0.0227 (0.0227) lr 9.7553e-04 eta 0:01:20
epoch [7/50] batch [2/3] time 0.188 (0.400) data 0.000 (0.188) loss 0.2714 (0.2904) acc 96.8750 (98.4375) data_term 0.2709 (0.2899) raw_kl_rep 0.0000 (0.0000) raw_kl_proj_rep 65637.1562 (63301.5605) kl_rep_term 0.0000 (0.0000) kl_proj_rep_term 0.0005 (0.0005) kl_term 0.0005 (0.0005) kl_normalizer 3.0000 (3.0000) kl_beta 0.0227 (0.0227) lr 9.7553e-04 eta 0:00:52
epoch [7/50] batch [3/3] time 0.182 (0.328) data 0.000 (0.125) loss 0.1758 (0.2522) acc 100.0000 (98.9583) data_term 0.1752 (0.2517) raw_kl_rep 0.0000 (0.0000) raw_kl_proj_rep 70212.3906 (65605.1706) kl_rep_term 0.0000 (0.0000) kl_proj_rep_term 0.0005 (0.0005) kl_term 0.0005 (0.0005) kl_normalizer 3.0000 (3.0000) kl_beta 0.0227 (0.0227) lr 9.6489e-04 eta 0:00:42
epoch [8/50] batch [1/3] time 0.638 (0.638) data 0.436 (0.436) loss 0.3342 (0.3342) acc 96.8750 (96.8750) data_term 0.3330 (0.3330) raw_kl_rep 0.0000 (0.0000) raw_kl_proj_rep 74650.2188 (74650.2188) kl_rep_term 0.0000 (0.0000) kl_proj_rep_term 0.0011 (0.0011) kl_term 0.0011 (0.0011) kl_normalizer 3.0000 (3.0000) kl_beta 0.0455 (0.0455) lr 9.6489e-04 eta 0:01:21
epoch [8/50] batch [2/3] time 0.184 (0.411) data 0.000 (0.218) loss 0.1328 (0.2335) acc 100.0000 (98.4375) data_term 0.1316 (0.2323) raw_kl_rep 0.0000 (0.0000) raw_kl_proj_rep 78889.7422 (76769.9805) kl_rep_term 0.0000 (0.0000) kl_proj_rep_term 0.0012 (0.0012) kl_term 0.0012 (0.0012) kl_normalizer 3.0000 (3.0000) kl_beta 0.0455 (0.0455) lr 9.6489e-04 eta 0:00:52
epoch [8/50] batch [3/3] time 0.210 (0.344) data 0.000 (0.145) loss 0.1493 (0.2054) acc 100.0000 (98.9583) data_term 0.1480 (0.2042) raw_kl_rep 0.0000 (0.0000) raw_kl_proj_rep 82962.5938 (78834.1849) kl_rep_term 0.0000 (0.0000) kl_proj_rep_term 0.0013 (0.0012) kl_term 0.0013 (0.0012) kl_normalizer 3.0000 (3.0000) kl_beta 0.0455 (0.0455) lr 9.5241e-04 eta 0:00:43
epoch [9/50] batch [1/3] time 0.574 (0.574) data 0.347 (0.347) loss 0.1186 (0.1186) acc 100.0000 (100.0000) data_term 0.1166 (0.1166) raw_kl_rep 0.0000 (0.0000) raw_kl_proj_rep 86879.2031 (86879.2031) kl_rep_term 0.0000 (0.0000) kl_proj_rep_term 0.0020 (0.0020) kl_term 0.0020 (0.0020) kl_normalizer 3.0000 (3.0000) kl_beta 0.0682 (0.0682) lr 9.5241e-04 eta 0:01:11
epoch [9/50] batch [2/3] time 0.201 (0.388) data 0.000 (0.174) loss 0.1176 (0.1181) acc 100.0000 (100.0000) data_term 0.1155 (0.1161) raw_kl_rep 0.0000 (0.0000) raw_kl_proj_rep 90569.2812 (88724.2422) kl_rep_term 0.0000 (0.0000) kl_proj_rep_term 0.0021 (0.0020) kl_term 0.0021 (0.0020) kl_normalizer 3.0000 (3.0000) kl_beta 0.0682 (0.0682) lr 9.5241e-04 eta 0:00:48
epoch [9/50] batch [3/3] time 0.190 (0.322) data 0.000 (0.116) loss 0.1065 (0.1142) acc 100.0000 (100.0000) data_term 0.1044 (0.1122) raw_kl_rep 0.0000 (0.0000) raw_kl_proj_rep 94079.7656 (90509.4167) kl_rep_term 0.0000 (0.0000) kl_proj_rep_term 0.0021 (0.0021) kl_term 0.0021 (0.0021) kl_normalizer 3.0000 (3.0000) kl_beta 0.0682 (0.0682) lr 9.3815e-04 eta 0:00:39
epoch [10/50] batch [1/3] time 0.616 (0.616) data 0.361 (0.361) loss 0.0767 (0.0767) acc 100.0000 (100.0000) data_term 0.0737 (0.0737) raw_kl_rep 0.0000 (0.0000) raw_kl_proj_rep 97396.1250 (97396.1250) kl_rep_term 0.0000 (0.0000) kl_proj_rep_term 0.0030 (0.0030) kl_term 0.0030 (0.0030) kl_normalizer 3.0000 (3.0000) kl_beta 0.0909 (0.0909) lr 9.3815e-04 eta 0:01:15
epoch [10/50] batch [2/3] time 0.203 (0.409) data 0.000 (0.181) loss 0.1072 (0.0920) acc 100.0000 (100.0000) data_term 0.1042 (0.0890) raw_kl_rep 0.0000 (0.0000) raw_kl_proj_rep 100481.9375 (98939.0312) kl_rep_term 0.0000 (0.0000) kl_proj_rep_term 0.0030 (0.0030) kl_term 0.0030 (0.0030) kl_normalizer 3.0000 (3.0000) kl_beta 0.0909 (0.0909) lr 9.3815e-04 eta 0:00:49
epoch [10/50] batch [3/3] time 0.190 (0.336) data 0.000 (0.120) loss 0.1155 (0.0998) acc 100.0000 (100.0000) data_term 0.1124 (0.0968) raw_kl_rep 0.0000 (0.0000) raw_kl_proj_rep 103387.3828 (100421.8151) kl_rep_term 0.0000 (0.0000) kl_proj_rep_term 0.0031 (0.0030) kl_term 0.0031 (0.0030) kl_normalizer 3.0000 (3.0000) kl_beta 0.0909 (0.0909) lr 9.2216e-04 eta 0:00:40
epoch [11/50] batch [1/3] time 0.657 (0.657) data 0.432 (0.432) loss 0.0730 (0.0730) acc 100.0000 (100.0000) data_term 0.0690 (0.0690) raw_kl_rep 0.0000 (0.0000) raw_kl_proj_rep 106114.3281 (106114.3281) kl_rep_term 0.0000 (0.0000) kl_proj_rep_term 0.0040 (0.0040) kl_term 0.0040 (0.0040) kl_normalizer 3.0000 (3.0000) kl_beta 0.1136 (0.1136) lr 9.2216e-04 eta 0:01:18
epoch [11/50] batch [2/3] time 0.192 (0.424) data 0.000 (0.216) loss 0.0902 (0.0816) acc 100.0000 (100.0000) data_term 0.0861 (0.0775) raw_kl_rep 0.0000 (0.0000) raw_kl_proj_rep 108623.8906 (107369.1094) kl_rep_term 0.0000 (0.0000) kl_proj_rep_term 0.0041 (0.0041) kl_term 0.0041 (0.0041) kl_normalizer 3.0000 (3.0000) kl_beta 0.1136 (0.1136) lr 9.2216e-04 eta 0:00:50
epoch [11/50] batch [3/3] time 0.201 (0.350) data 0.000 (0.144) loss 0.1013 (0.0882) acc 100.0000 (100.0000) data_term 0.0971 (0.0840) raw_kl_rep 0.0000 (0.0000) raw_kl_proj_rep 110972.7031 (108570.3073) kl_rep_term 0.0000 (0.0000) kl_proj_rep_term 0.0042 (0.0041) kl_term 0.0042 (0.0041) kl_normalizer 3.0000 (3.0000) kl_beta 0.1136 (0.1136) lr 9.0451e-04 eta 0:00:40
epoch [12/50] batch [1/3] time 0.591 (0.591) data 0.391 (0.391) loss 0.0811 (0.0811) acc 100.0000 (100.0000) data_term 0.0759 (0.0759) raw_kl_rep 0.0000 (0.0000) raw_kl_proj_rep 113170.7578 (113170.7578) kl_rep_term 0.0000 (0.0000) kl_proj_rep_term 0.0051 (0.0051) kl_term 0.0051 (0.0051) kl_normalizer 3.0000 (3.0000) kl_beta 0.1364 (0.1364) lr 9.0451e-04 eta 0:01:08
epoch [12/50] batch [2/3] time 0.187 (0.389) data 0.000 (0.196) loss 0.0566 (0.0689) acc 100.0000 (100.0000) data_term 0.0514 (0.0637) raw_kl_rep 0.0000 (0.0000) raw_kl_proj_rep 115169.1016 (114169.9297) kl_rep_term 0.0000 (0.0000) kl_proj_rep_term 0.0052 (0.0052) kl_term 0.0052 (0.0052) kl_normalizer 3.0000 (3.0000) kl_beta 0.1364 (0.1364) lr 9.0451e-04 eta 0:00:44
epoch [12/50] batch [3/3] time 0.225 (0.334) data 0.000 (0.131) loss 0.0838 (0.0738) acc 100.0000 (100.0000) data_term 0.0785 (0.0686) raw_kl_rep 0.0000 (0.0000) raw_kl_proj_rep 117027.5625 (115122.4740) kl_rep_term 0.0000 (0.0000) kl_proj_rep_term 0.0053 (0.0052) kl_term 0.0053 (0.0052) kl_normalizer 3.0000 (3.0000) kl_beta 0.1364 (0.1364) lr 8.8526e-04 eta 0:00:38
epoch [13/50] batch [1/3] time 0.604 (0.604) data 0.334 (0.334) loss 0.0689 (0.0689) acc 100.0000 (100.0000) data_term 0.0626 (0.0626) raw_kl_rep 0.0000 (0.0000) raw_kl_proj_rep 118754.9609 (118754.9609) kl_rep_term 0.0000 (0.0000) kl_proj_rep_term 0.0063 (0.0063) kl_term 0.0063 (0.0063) kl_normalizer 3.0000 (3.0000) kl_beta 0.1591 (0.1591) lr 8.8526e-04 eta 0:01:08
epoch [13/50] batch [2/3] time 0.189 (0.396) data 0.000 (0.167) loss 0.0963 (0.0826) acc 96.8750 (98.4375) data_term 0.0900 (0.0763) raw_kl_rep 0.0000 (0.0000) raw_kl_proj_rep 120317.8438 (119536.4023) kl_rep_term 0.0000 (0.0000) kl_proj_rep_term 0.0064 (0.0063) kl_term 0.0064 (0.0063) kl_normalizer 3.0000 (3.0000) kl_beta 0.1591 (0.1591) lr 8.8526e-04 eta 0:00:44
epoch [13/50] batch [3/3] time 0.182 (0.325) data 0.000 (0.111) loss 0.0597 (0.0750) acc 100.0000 (98.9583) data_term 0.0533 (0.0686) raw_kl_rep 0.0000 (0.0000) raw_kl_proj_rep 121774.8281 (120282.5443) kl_rep_term 0.0000 (0.0000) kl_proj_rep_term 0.0065 (0.0064) kl_term 0.0065 (0.0064) kl_normalizer 3.0000 (3.0000) kl_beta 0.1591 (0.1591) lr 8.6448e-04 eta 0:00:36
epoch [14/50] batch [1/3] time 0.643 (0.643) data 0.439 (0.439) loss 0.0527 (0.0527) acc 100.0000 (100.0000) data_term 0.0452 (0.0452) raw_kl_rep 0.0000 (0.0000) raw_kl_proj_rep 123122.7266 (123122.7266) kl_rep_term 0.0000 (0.0000) kl_proj_rep_term 0.0075 (0.0075) kl_term 0.0075 (0.0075) kl_normalizer 3.0000 (3.0000) kl_beta 0.1818 (0.1818) lr 8.6448e-04 eta 0:01:10
epoch [14/50] batch [2/3] time 0.182 (0.412) data 0.000 (0.220) loss 0.0770 (0.0648) acc 100.0000 (100.0000) data_term 0.0694 (0.0573) raw_kl_rep 0.0000 (0.0000) raw_kl_proj_rep 124337.6250 (123730.1758) kl_rep_term 0.0000 (0.0000) kl_proj_rep_term 0.0075 (0.0075) kl_term 0.0075 (0.0075) kl_normalizer 3.0000 (3.0000) kl_beta 0.1818 (0.1818) lr 8.6448e-04 eta 0:00:44
epoch [14/50] batch [3/3] time 0.183 (0.336) data 0.000 (0.146) loss 0.0998 (0.0765) acc 100.0000 (100.0000) data_term 0.0922 (0.0690) raw_kl_rep 0.0000 (0.0000) raw_kl_proj_rep 125459.5469 (124306.6328) kl_rep_term 0.0000 (0.0000) kl_proj_rep_term 0.0076 (0.0075) kl_term 0.0076 (0.0075) kl_normalizer 3.0000 (3.0000) kl_beta 0.1818 (0.1818) lr 8.4227e-04 eta 0:00:36
epoch [15/50] batch [1/3] time 0.545 (0.545) data 0.320 (0.320) loss 0.0471 (0.0471) acc 100.0000 (100.0000) data_term 0.0385 (0.0385) raw_kl_rep 0.0000 (0.0000) raw_kl_proj_rep 126485.6406 (126485.6406) kl_rep_term 0.0000 (0.0000) kl_proj_rep_term 0.0086 (0.0086) kl_term 0.0086 (0.0086) kl_normalizer 3.0000 (3.0000) kl_beta 0.2045 (0.2045) lr 8.4227e-04 eta 0:00:58
epoch [15/50] batch [2/3] time 0.189 (0.367) data 0.000 (0.160) loss 0.0745 (0.0608) acc 100.0000 (100.0000) data_term 0.0658 (0.0521) raw_kl_rep 0.0000 (0.0000) raw_kl_proj_rep 127408.6406 (126947.1406) kl_rep_term 0.0000 (0.0000) kl_proj_rep_term 0.0087 (0.0087) kl_term 0.0087 (0.0087) kl_normalizer 3.0000 (3.0000) kl_beta 0.2045 (0.2045) lr 8.4227e-04 eta 0:00:38
epoch [15/50] batch [3/3] time 0.187 (0.307) data 0.000 (0.107) loss 0.0806 (0.0674) acc 100.0000 (100.0000) data_term 0.0719 (0.0587) raw_kl_rep 0.0000 (0.0000) raw_kl_proj_rep 128258.2422 (127384.1745) kl_rep_term 0.0000 (0.0000) kl_proj_rep_term 0.0087 (0.0087) kl_term 0.0087 (0.0087) kl_normalizer 3.0000 (3.0000) kl_beta 0.2045 (0.2045) lr 8.1871e-04 eta 0:00:32
epoch [16/50] batch [1/3] time 0.593 (0.593) data 0.368 (0.368) loss 0.0554 (0.0554) acc 100.0000 (100.0000) data_term 0.0456 (0.0456) raw_kl_rep 0.0000 (0.0000) raw_kl_proj_rep 129041.4531 (129041.4531) kl_rep_term 0.0000 (0.0000) kl_proj_rep_term 0.0098 (0.0098) kl_term 0.0098 (0.0098) kl_normalizer 3.0000 (3.0000) kl_beta 0.2273 (0.2273) lr 8.1871e-04 eta 0:01:01
epoch [16/50] batch [2/3] time 0.176 (0.384) data 0.000 (0.184) loss 0.0695 (0.0625) acc 100.0000 (100.0000) data_term 0.0597 (0.0527) raw_kl_rep 0.0000 (0.0000) raw_kl_proj_rep 129737.3594 (129389.4062) kl_rep_term 0.0000 (0.0000) kl_proj_rep_term 0.0098 (0.0098) kl_term 0.0098 (0.0098) kl_normalizer 3.0000 (3.0000) kl_beta 0.2273 (0.2273) lr 8.1871e-04 eta 0:00:39
epoch [16/50] batch [3/3] time 0.178 (0.316) data 0.000 (0.123) loss 0.0495 (0.0581) acc 100.0000 (100.0000) data_term 0.0396 (0.0483) raw_kl_rep 0.0000 (0.0000) raw_kl_proj_rep 130375.2734 (129718.0286) kl_rep_term 0.0000 (0.0000) kl_proj_rep_term 0.0099 (0.0098) kl_term 0.0099 (0.0098) kl_normalizer 3.0000 (3.0000) kl_beta 0.2273 (0.2273) lr 7.9389e-04 eta 0:00:32
epoch [17/50] batch [1/3] time 0.637 (0.637) data 0.402 (0.402) loss 0.0501 (0.0501) acc 100.0000 (100.0000) data_term 0.0392 (0.0392) raw_kl_rep 0.0000 (0.0000) raw_kl_proj_rep 130958.2969 (130958.2969) kl_rep_term 0.0000 (0.0000) kl_proj_rep_term 0.0109 (0.0109) kl_term 0.0109 (0.0109) kl_normalizer 3.0000 (3.0000) kl_beta 0.2500 (0.2500) lr 7.9389e-04 eta 0:01:04
epoch [17/50] batch [2/3] time 0.190 (0.413) data 0.000 (0.201) loss 0.0530 (0.0516) acc 100.0000 (100.0000) data_term 0.0421 (0.0406) raw_kl_rep 0.0000 (0.0000) raw_kl_proj_rep 131471.2344 (131214.7656) kl_rep_term 0.0000 (0.0000) kl_proj_rep_term 0.0110 (0.0109) kl_term 0.0110 (0.0109) kl_normalizer 3.0000 (3.0000) kl_beta 0.2500 (0.2500) lr 7.9389e-04 eta 0:00:41
epoch [17/50] batch [3/3] time 0.180 (0.335) data 0.000 (0.134) loss 0.0639 (0.0557) acc 100.0000 (100.0000) data_term 0.0529 (0.0447) raw_kl_rep 0.0000 (0.0000) raw_kl_proj_rep 131937.0000 (131455.5104) kl_rep_term 0.0000 (0.0000) kl_proj_rep_term 0.0110 (0.0110) kl_term 0.0110 (0.0110) kl_normalizer 3.0000 (3.0000) kl_beta 0.2500 (0.2500) lr 7.6791e-04 eta 0:00:33
epoch [18/50] batch [1/3] time 0.558 (0.558) data 0.324 (0.324) loss 0.0525 (0.0525) acc 100.0000 (100.0000) data_term 0.0405 (0.0405) raw_kl_rep 0.0000 (0.0000) raw_kl_proj_rep 132360.5156 (132360.5156) kl_rep_term 0.0000 (0.0000) kl_proj_rep_term 0.0120 (0.0120) kl_term 0.0120 (0.0120) kl_normalizer 3.0000 (3.0000) kl_beta 0.2727 (0.2727) lr 7.6791e-04 eta 0:00:54
epoch [18/50] batch [2/3] time 0.198 (0.378) data 0.000 (0.162) loss 0.0546 (0.0536) acc 100.0000 (100.0000) data_term 0.0426 (0.0415) raw_kl_rep 0.0000 (0.0000) raw_kl_proj_rep 132728.7812 (132544.6484) kl_rep_term 0.0000 (0.0000) kl_proj_rep_term 0.0121 (0.0120) kl_term 0.0121 (0.0120) kl_normalizer 3.0000 (3.0000) kl_beta 0.2727 (0.2727) lr 7.6791e-04 eta 0:00:36
epoch [18/50] batch [3/3] time 0.188 (0.315) data 0.000 (0.108) loss 0.0618 (0.0563) acc 100.0000 (100.0000) data_term 0.0497 (0.0442) raw_kl_rep 0.0000 (0.0000) raw_kl_proj_rep 133059.1094 (132716.1354) kl_rep_term 0.0000 (0.0000) kl_proj_rep_term 0.0121 (0.0121) kl_term 0.0121 (0.0121) kl_normalizer 3.0000 (3.0000) kl_beta 0.2727 (0.2727) lr 7.4088e-04 eta 0:00:30
epoch [19/50] batch [1/3] time 0.654 (0.654) data 0.425 (0.425) loss 0.0515 (0.0515) acc 100.0000 (100.0000) data_term 0.0384 (0.0384) raw_kl_rep 0.0000 (0.0000) raw_kl_proj_rep 133368.1406 (133368.1406) kl_rep_term 0.0000 (0.0000) kl_proj_rep_term 0.0131 (0.0131) kl_term 0.0131 (0.0131) kl_normalizer 3.0000 (3.0000) kl_beta 0.2955 (0.2955) lr 7.4088e-04 eta 0:01:02
epoch [19/50] batch [2/3] time 0.189 (0.422) data 0.000 (0.212) loss 0.0630 (0.0573) acc 100.0000 (100.0000) data_term 0.0498 (0.0441) raw_kl_rep 0.0000 (0.0000) raw_kl_proj_rep 133632.1562 (133500.1484) kl_rep_term 0.0000 (0.0000) kl_proj_rep_term 0.0132 (0.0131) kl_term 0.0132 (0.0131) kl_normalizer 3.0000 (3.0000) kl_beta 0.2955 (0.2955) lr 7.4088e-04 eta 0:00:39
epoch [19/50] batch [3/3] time 0.191 (0.345) data 0.000 (0.142) loss 0.0405 (0.0517) acc 100.0000 (100.0000) data_term 0.0273 (0.0385) raw_kl_rep 0.0000 (0.0000) raw_kl_proj_rep 133866.8281 (133622.3750) kl_rep_term 0.0000 (0.0000) kl_proj_rep_term 0.0132 (0.0132) kl_term 0.0132 (0.0132) kl_normalizer 3.0000 (3.0000) kl_beta 0.2955 (0.2955) lr 7.1289e-04 eta 0:00:32
epoch [20/50] batch [1/3] time 0.588 (0.588) data 0.364 (0.364) loss 0.0489 (0.0489) acc 100.0000 (100.0000) data_term 0.0346 (0.0346) raw_kl_rep 0.0000 (0.0000) raw_kl_proj_rep 134070.9375 (134070.9375) kl_rep_term 0.0000 (0.0000) kl_proj_rep_term 0.0142 (0.0142) kl_term 0.0142 (0.0142) kl_normalizer 3.0000 (3.0000) kl_beta 0.3182 (0.3182) lr 7.1289e-04 eta 0:00:54
epoch [20/50] batch [2/3] time 0.220 (0.404) data 0.000 (0.182) loss 0.0669 (0.0579) acc 100.0000 (100.0000) data_term 0.0526 (0.0436) raw_kl_rep 0.0000 (0.0000) raw_kl_proj_rep 134239.9531 (134155.4453) kl_rep_term 0.0000 (0.0000) kl_proj_rep_term 0.0142 (0.0142) kl_term 0.0142 (0.0142) kl_normalizer 3.0000 (3.0000) kl_beta 0.3182 (0.3182) lr 7.1289e-04 eta 0:00:36
epoch [20/50] batch [3/3] time 0.220 (0.343) data 0.000 (0.121) loss 0.0561 (0.0573) acc 100.0000 (100.0000) data_term 0.0419 (0.0431) raw_kl_rep 0.0000 (0.0000) raw_kl_proj_rep 134384.6719 (134231.8542) kl_rep_term 0.0000 (0.0000) kl_proj_rep_term 0.0143 (0.0142) kl_term 0.0143 (0.0142) kl_normalizer 3.0000 (3.0000) kl_beta 0.3182 (0.3182) lr 6.8406e-04 eta 0:00:30
epoch [21/50] batch [1/3] time 0.610 (0.610) data 0.350 (0.350) loss 0.0546 (0.0546) acc 100.0000 (100.0000) data_term 0.0393 (0.0393) raw_kl_rep 0.0000 (0.0000) raw_kl_proj_rep 134508.7812 (134508.7812) kl_rep_term 0.0000 (0.0000) kl_proj_rep_term 0.0153 (0.0153) kl_term 0.0153 (0.0153) kl_normalizer 3.0000 (3.0000) kl_beta 0.3409 (0.3409) lr 6.8406e-04 eta 0:00:54
epoch [21/50] batch [2/3] time 0.187 (0.398) data 0.000 (0.175) loss 0.0531 (0.0538) acc 100.0000 (100.0000) data_term 0.0378 (0.0385) raw_kl_rep 0.0000 (0.0000) raw_kl_proj_rep 134611.2500 (134560.0156) kl_rep_term 0.0000 (0.0000) kl_proj_rep_term 0.0153 (0.0153) kl_term 0.0153 (0.0153) kl_normalizer 3.0000 (3.0000) kl_beta 0.3409 (0.3409) lr 6.8406e-04 eta 0:00:35
epoch [21/50] batch [3/3] time 0.179 (0.325) data 0.000 (0.117) loss 0.0548 (0.0542) acc 100.0000 (100.0000) data_term 0.0395 (0.0389) raw_kl_rep 0.0000 (0.0000) raw_kl_proj_rep 134695.2188 (134605.0833) kl_rep_term 0.0000 (0.0000) kl_proj_rep_term 0.0153 (0.0153) kl_term 0.0153 (0.0153) kl_normalizer 3.0000 (3.0000) kl_beta 0.3409 (0.3409) lr 6.5451e-04 eta 0:00:28
epoch [22/50] batch [1/3] time 0.641 (0.641) data 0.422 (0.422) loss 0.0521 (0.0521) acc 100.0000 (100.0000) data_term 0.0357 (0.0357) raw_kl_rep 0.0000 (0.0000) raw_kl_proj_rep 134760.5938 (134760.5938) kl_rep_term 0.0000 (0.0000) kl_proj_rep_term 0.0163 (0.0163) kl_term 0.0163 (0.0163) kl_normalizer 3.0000 (3.0000) kl_beta 0.3636 (0.3636) lr 6.5451e-04 eta 0:00:55
epoch [22/50] batch [2/3] time 0.192 (0.417) data 0.000 (0.211) loss 0.0610 (0.0565) acc 100.0000 (100.0000) data_term 0.0447 (0.0402) raw_kl_rep 0.0000 (0.0000) raw_kl_proj_rep 134807.8906 (134784.2422) kl_rep_term 0.0000 (0.0000) kl_proj_rep_term 0.0163 (0.0163) kl_term 0.0163 (0.0163) kl_normalizer 3.0000 (3.0000) kl_beta 0.3636 (0.3636) lr 6.5451e-04 eta 0:00:35
epoch [22/50] batch [3/3] time 0.195 (0.343) data 0.000 (0.141) loss 0.0440 (0.0524) acc 100.0000 (100.0000) data_term 0.0276 (0.0360) raw_kl_rep 0.0000 (0.0000) raw_kl_proj_rep 134837.9688 (134802.1510) kl_rep_term 0.0000 (0.0000) kl_proj_rep_term 0.0163 (0.0163) kl_term 0.0163 (0.0163) kl_normalizer 3.0000 (3.0000) kl_beta 0.3636 (0.3636) lr 6.2434e-04 eta 0:00:28
epoch [23/50] batch [1/3] time 0.547 (0.547) data 0.330 (0.330) loss 0.0542 (0.0542) acc 100.0000 (100.0000) data_term 0.0368 (0.0368) raw_kl_rep 0.0000 (0.0000) raw_kl_proj_rep 134854.1875 (134854.1875) kl_rep_term 0.0000 (0.0000) kl_proj_rep_term 0.0174 (0.0174) kl_term 0.0174 (0.0174) kl_normalizer 3.0000 (3.0000) kl_beta 0.3864 (0.3864) lr 6.2434e-04 eta 0:00:45
epoch [23/50] batch [2/3] time 0.204 (0.375) data 0.000 (0.165) loss 0.0603 (0.0572) acc 100.0000 (100.0000) data_term 0.0429 (0.0398) raw_kl_rep 0.0000 (0.0000) raw_kl_proj_rep 134855.0938 (134854.6406) kl_rep_term 0.0000 (0.0000) kl_proj_rep_term 0.0174 (0.0174) kl_term 0.0174 (0.0174) kl_normalizer 3.0000 (3.0000) kl_beta 0.3864 (0.3864) lr 6.2434e-04 eta 0:00:30
epoch [23/50] batch [3/3] time 0.195 (0.315) data 0.000 (0.110) loss 0.0558 (0.0567) acc 100.0000 (100.0000) data_term 0.0384 (0.0394) raw_kl_rep 0.0000 (0.0000) raw_kl_proj_rep 134845.8906 (134851.7240) kl_rep_term 0.0000 (0.0000) kl_proj_rep_term 0.0174 (0.0174) kl_term 0.0174 (0.0174) kl_normalizer 3.0000 (3.0000) kl_beta 0.3864 (0.3864) lr 5.9369e-04 eta 0:00:25
epoch [24/50] batch [1/3] time 0.609 (0.609) data 0.357 (0.357) loss 0.0922 (0.0922) acc 100.0000 (100.0000) data_term 0.0738 (0.0738) raw_kl_rep 0.0000 (0.0000) raw_kl_proj_rep 134826.3750 (134826.3750) kl_rep_term 0.0000 (0.0000) kl_proj_rep_term 0.0184 (0.0184) kl_term 0.0184 (0.0184) kl_normalizer 3.0000 (3.0000) kl_beta 0.4091 (0.4091) lr 5.9369e-04 eta 0:00:48
epoch [24/50] batch [2/3] time 0.184 (0.396) data 0.000 (0.179) loss 0.0515 (0.0718) acc 100.0000 (100.0000) data_term 0.0331 (0.0534) raw_kl_rep 0.0000 (0.0000) raw_kl_proj_rep 134795.2812 (134810.8281) kl_rep_term 0.0000 (0.0000) kl_proj_rep_term 0.0184 (0.0184) kl_term 0.0184 (0.0184) kl_normalizer 3.0000 (3.0000) kl_beta 0.4091 (0.4091) lr 5.9369e-04 eta 0:00:31
epoch [24/50] batch [3/3] time 0.178 (0.323) data 0.000 (0.119) loss 0.0558 (0.0665) acc 100.0000 (100.0000) data_term 0.0375 (0.0481) raw_kl_rep 0.0000 (0.0000) raw_kl_proj_rep 134755.7500 (134792.4688) kl_rep_term 0.0000 (0.0000) kl_proj_rep_term 0.0184 (0.0184) kl_term 0.0184 (0.0184) kl_normalizer 3.0000 (3.0000) kl_beta 0.4091 (0.4091) lr 5.6267e-04 eta 0:00:25
epoch [25/50] batch [1/3] time 0.686 (0.686) data 0.434 (0.434) loss 0.0513 (0.0513) acc 100.0000 (100.0000) data_term 0.0319 (0.0319) raw_kl_rep 0.0000 (0.0000) raw_kl_proj_rep 134707.2188 (134707.2188) kl_rep_term 0.0000 (0.0000) kl_proj_rep_term 0.0194 (0.0194) kl_term 0.0194 (0.0194) kl_normalizer 3.0000 (3.0000) kl_beta 0.4318 (0.4318) lr 5.6267e-04 eta 0:00:52
epoch [25/50] batch [2/3] time 0.194 (0.440) data 0.000 (0.217) loss 0.0518 (0.0515) acc 100.0000 (100.0000) data_term 0.0324 (0.0322) raw_kl_rep 0.0000 (0.0000) raw_kl_proj_rep 134652.3438 (134679.7812) kl_rep_term 0.0000 (0.0000) kl_proj_rep_term 0.0194 (0.0194) kl_term 0.0194 (0.0194) kl_normalizer 3.0000 (3.0000) kl_beta 0.4318 (0.4318) lr 5.6267e-04 eta 0:00:33
epoch [25/50] batch [3/3] time 0.187 (0.356) data 0.000 (0.145) loss 0.0514 (0.0515) acc 100.0000 (100.0000) data_term 0.0320 (0.0321) raw_kl_rep 0.0000 (0.0000) raw_kl_proj_rep 134587.6250 (134649.0625) kl_rep_term 0.0000 (0.0000) kl_proj_rep_term 0.0194 (0.0194) kl_term 0.0194 (0.0194) kl_normalizer 3.0000 (3.0000) kl_beta 0.4318 (0.4318) lr 5.3140e-04 eta 0:00:26
epoch [26/50] batch [1/3] time 0.578 (0.578) data 0.349 (0.349) loss 0.0630 (0.0630) acc 100.0000 (100.0000) data_term 0.0427 (0.0427) raw_kl_rep 0.0000 (0.0000) raw_kl_proj_rep 134513.7500 (134513.7500) kl_rep_term 0.0000 (0.0000) kl_proj_rep_term 0.0204 (0.0204) kl_term 0.0204 (0.0204) kl_normalizer 3.0000 (3.0000) kl_beta 0.4545 (0.4545) lr 5.3140e-04 eta 0:00:42
epoch [26/50] batch [2/3] time 0.191 (0.385) data 0.000 (0.175) loss 0.0595 (0.0613) acc 100.0000 (100.0000) data_term 0.0391 (0.0409) raw_kl_rep 0.0000 (0.0000) raw_kl_proj_rep 134436.5000 (134475.1250) kl_rep_term 0.0000 (0.0000) kl_proj_rep_term 0.0204 (0.0204) kl_term 0.0204 (0.0204) kl_normalizer 3.0000 (3.0000) kl_beta 0.4545 (0.4545) lr 5.3140e-04 eta 0:00:28
epoch [26/50] batch [3/3] time 0.179 (0.316) data 0.000 (0.117) loss 0.0476 (0.0567) acc 100.0000 (100.0000) data_term 0.0272 (0.0363) raw_kl_rep 0.0000 (0.0000) raw_kl_proj_rep 134351.6406 (134433.9635) kl_rep_term 0.0000 (0.0000) kl_proj_rep_term 0.0204 (0.0204) kl_term 0.0204 (0.0204) kl_normalizer 3.0000 (3.0000) kl_beta 0.4545 (0.4545) lr 5.0000e-04 eta 0:00:22
epoch [27/50] batch [1/3] time 0.629 (0.629) data 0.377 (0.377) loss 0.0645 (0.0645) acc 100.0000 (100.0000) data_term 0.0431 (0.0431) raw_kl_rep 0.0000 (0.0000) raw_kl_proj_rep 134261.4219 (134261.4219) kl_rep_term 0.0000 (0.0000) kl_proj_rep_term 0.0214 (0.0214) kl_term 0.0214 (0.0214) kl_normalizer 3.0000 (3.0000) kl_beta 0.4773 (0.4773) lr 5.0000e-04 eta 0:00:44
epoch [27/50] batch [2/3] time 0.193 (0.411) data 0.000 (0.189) loss 0.0629 (0.0637) acc 100.0000 (100.0000) data_term 0.0415 (0.0423) raw_kl_rep 0.0000 (0.0000) raw_kl_proj_rep 134170.6406 (134216.0312) kl_rep_term 0.0000 (0.0000) kl_proj_rep_term 0.0213 (0.0214) kl_term 0.0213 (0.0214) kl_normalizer 3.0000 (3.0000) kl_beta 0.4773 (0.4773) lr 5.0000e-04 eta 0:00:28
epoch [27/50] batch [3/3] time 0.199 (0.340) data 0.000 (0.126) loss 0.0602 (0.0625) acc 100.0000 (100.0000) data_term 0.0389 (0.0412) raw_kl_rep 0.0000 (0.0000) raw_kl_proj_rep 134073.7344 (134168.5990) kl_rep_term 0.0000 (0.0000) kl_proj_rep_term 0.0213 (0.0213) kl_term 0.0213 (0.0213) kl_normalizer 3.0000 (3.0000) kl_beta 0.4773 (0.4773) lr 4.6860e-04 eta 0:00:23
epoch [28/50] batch [1/3] time 0.628 (0.628) data 0.420 (0.420) loss 0.0555 (0.0555) acc 100.0000 (100.0000) data_term 0.0332 (0.0332) raw_kl_rep 0.0000 (0.0000) raw_kl_proj_rep 133970.8906 (133970.8906) kl_rep_term 0.0000 (0.0000) kl_proj_rep_term 0.0223 (0.0223) kl_term 0.0223 (0.0223) kl_normalizer 3.0000 (3.0000) kl_beta 0.5000 (0.5000) lr 4.6860e-04 eta 0:00:42
epoch [28/50] batch [2/3] time 0.184 (0.406) data 0.000 (0.210) loss 0.0665 (0.0610) acc 100.0000 (100.0000) data_term 0.0441 (0.0387) raw_kl_rep 0.0000 (0.0000) raw_kl_proj_rep 133867.1406 (133919.0156) kl_rep_term 0.0000 (0.0000) kl_proj_rep_term 0.0223 (0.0223) kl_term 0.0223 (0.0223) kl_normalizer 3.0000 (3.0000) kl_beta 0.5000 (0.5000) lr 4.6860e-04 eta 0:00:27
epoch [28/50] batch [3/3] time 0.183 (0.332) data 0.000 (0.140) loss 0.0497 (0.0572) acc 100.0000 (100.0000) data_term 0.0274 (0.0349) raw_kl_rep 0.0000 (0.0000) raw_kl_proj_rep 133760.8750 (133866.3021) kl_rep_term 0.0000 (0.0000) kl_proj_rep_term 0.0223 (0.0223) kl_term 0.0223 (0.0223) kl_normalizer 3.0000 (3.0000) kl_beta 0.5000 (0.5000) lr 4.3733e-04 eta 0:00:21
epoch [29/50] batch [1/3] time 0.519 (0.519) data 0.321 (0.321) loss 0.0576 (0.0576) acc 100.0000 (100.0000) data_term 0.0343 (0.0343) raw_kl_rep 0.0000 (0.0000) raw_kl_proj_rep 133649.0312 (133649.0312) kl_rep_term 0.0000 (0.0000) kl_proj_rep_term 0.0233 (0.0233) kl_term 0.0233 (0.0233) kl_normalizer 3.0000 (3.0000) kl_beta 0.5227 (0.5227) lr 4.3733e-04 eta 0:00:33
epoch [29/50] batch [2/3] time 0.185 (0.352) data 0.000 (0.160) loss 0.0558 (0.0567) acc 100.0000 (100.0000) data_term 0.0325 (0.0334) raw_kl_rep 0.0000 (0.0000) raw_kl_proj_rep 133539.0312 (133594.0312) kl_rep_term 0.0000 (0.0000) kl_proj_rep_term 0.0233 (0.0233) kl_term 0.0233 (0.0233) kl_normalizer 3.0000 (3.0000) kl_beta 0.5227 (0.5227) lr 4.3733e-04 eta 0:00:22
epoch [29/50] batch [3/3] time 0.183 (0.296) data 0.000 (0.107) loss 0.0547 (0.0560) acc 100.0000 (100.0000) data_term 0.0314 (0.0327) raw_kl_rep 0.0000 (0.0000) raw_kl_proj_rep 133424.8594 (133537.6406) kl_rep_term 0.0000 (0.0000) kl_proj_rep_term 0.0232 (0.0233) kl_term 0.0232 (0.0233) kl_normalizer 3.0000 (3.0000) kl_beta 0.5227 (0.5227) lr 4.0631e-04 eta 0:00:18
epoch [30/50] batch [1/3] time 0.668 (0.668) data 0.404 (0.404) loss 0.0512 (0.0512) acc 100.0000 (100.0000) data_term 0.0270 (0.0270) raw_kl_rep 0.0000 (0.0000) raw_kl_proj_rep 133307.0156 (133307.0156) kl_rep_term 0.0000 (0.0000) kl_proj_rep_term 0.0242 (0.0242) kl_term 0.0242 (0.0242) kl_normalizer 3.0000 (3.0000) kl_beta 0.5455 (0.5455) lr 4.0631e-04 eta 0:00:41
epoch [30/50] batch [2/3] time 0.179 (0.424) data 0.000 (0.202) loss 0.0531 (0.0521) acc 100.0000 (100.0000) data_term 0.0288 (0.0279) raw_kl_rep 0.0000 (0.0000) raw_kl_proj_rep 133192.5938 (133249.8047) kl_rep_term 0.0000 (0.0000) kl_proj_rep_term 0.0242 (0.0242) kl_term 0.0242 (0.0242) kl_normalizer 3.0000 (3.0000) kl_beta 0.5455 (0.5455) lr 4.0631e-04 eta 0:00:25
epoch [30/50] batch [3/3] time 0.198 (0.348) data 0.000 (0.135) loss 0.0565 (0.0536) acc 100.0000 (100.0000) data_term 0.0323 (0.0294) raw_kl_rep 0.0000 (0.0000) raw_kl_proj_rep 133072.9844 (133190.8646) kl_rep_term 0.0000 (0.0000) kl_proj_rep_term 0.0242 (0.0242) kl_term 0.0242 (0.0242) kl_normalizer 3.0000 (3.0000) kl_beta 0.5455 (0.5455) lr 3.7566e-04 eta 0:00:20
epoch [31/50] batch [1/3] time 0.659 (0.659) data 0.394 (0.394) loss 0.0500 (0.0500) acc 100.0000 (100.0000) data_term 0.0248 (0.0248) raw_kl_rep 0.0000 (0.0000) raw_kl_proj_rep 132950.2500 (132950.2500) kl_rep_term 0.0000 (0.0000) kl_proj_rep_term 0.0252 (0.0252) kl_term 0.0252 (0.0252) kl_normalizer 3.0000 (3.0000) kl_beta 0.5682 (0.5682) lr 3.7566e-04 eta 0:00:38
epoch [31/50] batch [2/3] time 0.226 (0.443) data 0.000 (0.197) loss 0.0547 (0.0524) acc 100.0000 (100.0000) data_term 0.0296 (0.0272) raw_kl_rep 0.0000 (0.0000) raw_kl_proj_rep 132832.9375 (132891.5938) kl_rep_term 0.0000 (0.0000) kl_proj_rep_term 0.0252 (0.0252) kl_term 0.0252 (0.0252) kl_normalizer 3.0000 (3.0000) kl_beta 0.5682 (0.5682) lr 3.7566e-04 eta 0:00:25
epoch [31/50] batch [3/3] time 0.229 (0.371) data 0.000 (0.132) loss 0.0552 (0.0533) acc 100.0000 (100.0000) data_term 0.0300 (0.0281) raw_kl_rep 0.0000 (0.0000) raw_kl_proj_rep 132711.7500 (132831.6458) kl_rep_term 0.0000 (0.0000) kl_proj_rep_term 0.0251 (0.0252) kl_term 0.0251 (0.0252) kl_normalizer 3.0000 (3.0000) kl_beta 0.5682 (0.5682) lr 3.4549e-04 eta 0:00:21
epoch [32/50] batch [1/3] time 0.616 (0.616) data 0.336 (0.336) loss 0.0619 (0.0619) acc 100.0000 (100.0000) data_term 0.0357 (0.0357) raw_kl_rep 0.0000 (0.0000) raw_kl_proj_rep 132587.3594 (132587.3594) kl_rep_term 0.0000 (0.0000) kl_proj_rep_term 0.0261 (0.0261) kl_term 0.0261 (0.0261) kl_normalizer 3.0000 (3.0000) kl_beta 0.5909 (0.5909) lr 3.4549e-04 eta 0:00:34
epoch [32/50] batch [2/3] time 0.209 (0.412) data 0.000 (0.168) loss 0.0627 (0.0623) acc 100.0000 (100.0000) data_term 0.0366 (0.0362) raw_kl_rep 0.0000 (0.0000) raw_kl_proj_rep 132469.7812 (132528.5703) kl_rep_term 0.0000 (0.0000) kl_proj_rep_term 0.0261 (0.0261) kl_term 0.0261 (0.0261) kl_normalizer 3.0000 (3.0000) kl_beta 0.5909 (0.5909) lr 3.4549e-04 eta 0:00:22
epoch [32/50] batch [3/3] time 0.180 (0.335) data 0.000 (0.112) loss 0.0530 (0.0592) acc 100.0000 (100.0000) data_term 0.0269 (0.0331) raw_kl_rep 0.0000 (0.0000) raw_kl_proj_rep 132349.5000 (132468.8802) kl_rep_term 0.0000 (0.0000) kl_proj_rep_term 0.0261 (0.0261) kl_term 0.0261 (0.0261) kl_normalizer 3.0000 (3.0000) kl_beta 0.5909 (0.5909) lr 3.1594e-04 eta 0:00:18
epoch [33/50] batch [1/3] time 0.714 (0.714) data 0.480 (0.480) loss 0.0572 (0.0572) acc 100.0000 (100.0000) data_term 0.0302 (0.0302) raw_kl_rep 0.0000 (0.0000) raw_kl_proj_rep 132226.4219 (132226.4219) kl_rep_term 0.0000 (0.0000) kl_proj_rep_term 0.0270 (0.0270) kl_term 0.0270 (0.0270) kl_normalizer 3.0000 (3.0000) kl_beta 0.6136 (0.6136) lr 3.1594e-04 eta 0:00:37
epoch [33/50] batch [2/3] time 0.182 (0.448) data 0.000 (0.240) loss 0.0557 (0.0565) acc 100.0000 (100.0000) data_term 0.0287 (0.0294) raw_kl_rep 0.0000 (0.0000) raw_kl_proj_rep 132110.5156 (132168.4688) kl_rep_term 0.0000 (0.0000) kl_proj_rep_term 0.0270 (0.0270) kl_term 0.0270 (0.0270) kl_normalizer 3.0000 (3.0000) kl_beta 0.6136 (0.6136) lr 3.1594e-04 eta 0:00:23
epoch [33/50] batch [3/3] time 0.182 (0.360) data 0.000 (0.160) loss 0.0551 (0.0560) acc 100.0000 (100.0000) data_term 0.0281 (0.0290) raw_kl_rep 0.0000 (0.0000) raw_kl_proj_rep 131991.0312 (132109.3229) kl_rep_term 0.0000 (0.0000) kl_proj_rep_term 0.0270 (0.0270) kl_term 0.0270 (0.0270) kl_normalizer 3.0000 (3.0000) kl_beta 0.6136 (0.6136) lr 2.8711e-04 eta 0:00:18
epoch [34/50] batch [1/3] time 0.612 (0.612) data 0.404 (0.404) loss 0.0561 (0.0561) acc 100.0000 (100.0000) data_term 0.0281 (0.0281) raw_kl_rep 0.0000 (0.0000) raw_kl_proj_rep 131868.4531 (131868.4531) kl_rep_term 0.0000 (0.0000) kl_proj_rep_term 0.0280 (0.0280) kl_term 0.0280 (0.0280) kl_normalizer 3.0000 (3.0000) kl_beta 0.6364 (0.6364) lr 2.8711e-04 eta 0:00:30
epoch [34/50] batch [2/3] time 0.193 (0.403) data 0.000 (0.202) loss 0.0542 (0.0551) acc 100.0000 (100.0000) data_term 0.0263 (0.0272) raw_kl_rep 0.0000 (0.0000) raw_kl_proj_rep 131754.1562 (131811.3047) kl_rep_term 0.0000 (0.0000) kl_proj_rep_term 0.0279 (0.0280) kl_term 0.0279 (0.0280) kl_normalizer 3.0000 (3.0000) kl_beta 0.6364 (0.6364) lr 2.8711e-04 eta 0:00:19
epoch [34/50] batch [3/3] time 0.196 (0.334) data 0.000 (0.135) loss 0.0572 (0.0558) acc 100.0000 (100.0000) data_term 0.0292 (0.0279) raw_kl_rep 0.0000 (0.0000) raw_kl_proj_rep 131637.5625 (131753.3906) kl_rep_term 0.0000 (0.0000) kl_proj_rep_term 0.0279 (0.0279) kl_term 0.0279 (0.0279) kl_normalizer 3.0000 (3.0000) kl_beta 0.6364 (0.6364) lr 2.5912e-04 eta 0:00:16
epoch [35/50] batch [1/3] time 0.591 (0.591) data 0.360 (0.360) loss 0.0532 (0.0532) acc 100.0000 (100.0000) data_term 0.0243 (0.0243) raw_kl_rep 0.0000 (0.0000) raw_kl_proj_rep 131518.4531 (131518.4531) kl_rep_term 0.0000 (0.0000) kl_proj_rep_term 0.0289 (0.0289) kl_term 0.0289 (0.0289) kl_normalizer 3.0000 (3.0000) kl_beta 0.6591 (0.6591) lr 2.5912e-04 eta 0:00:27
epoch [35/50] batch [2/3] time 0.180 (0.386) data 0.000 (0.180) loss 0.0610 (0.0571) acc 100.0000 (100.0000) data_term 0.0322 (0.0282) raw_kl_rep 0.0000 (0.0000) raw_kl_proj_rep 131409.0000 (131463.7266) kl_rep_term 0.0000 (0.0000) kl_proj_rep_term 0.0289 (0.0289) kl_term 0.0289 (0.0289) kl_normalizer 3.0000 (3.0000) kl_beta 0.6591 (0.6591) lr 2.5912e-04 eta 0:00:17
epoch [35/50] batch [3/3] time 0.181 (0.317) data 0.000 (0.120) loss 0.0546 (0.0563) acc 100.0000 (100.0000) data_term 0.0257 (0.0274) raw_kl_rep 0.0000 (0.0000) raw_kl_proj_rep 131300.4062 (131409.2865) kl_rep_term 0.0000 (0.0000) kl_proj_rep_term 0.0288 (0.0289) kl_term 0.0288 (0.0289) kl_normalizer 3.0000 (3.0000) kl_beta 0.6591 (0.6591) lr 2.3209e-04 eta 0:00:14
epoch [36/50] batch [1/3] time 0.632 (0.632) data 0.392 (0.392) loss 0.0650 (0.0650) acc 100.0000 (100.0000) data_term 0.0351 (0.0351) raw_kl_rep 0.0000 (0.0000) raw_kl_proj_rep 131188.4375 (131188.4375) kl_rep_term 0.0000 (0.0000) kl_proj_rep_term 0.0298 (0.0298) kl_term 0.0298 (0.0298) kl_normalizer 3.0000 (3.0000) kl_beta 0.6818 (0.6818) lr 2.3209e-04 eta 0:00:27
epoch [36/50] batch [2/3] time 0.201 (0.417) data 0.000 (0.196) loss 0.0641 (0.0645) acc 100.0000 (100.0000) data_term 0.0343 (0.0347) raw_kl_rep 0.0000 (0.0000) raw_kl_proj_rep 131086.8750 (131137.6562) kl_rep_term 0.0000 (0.0000) kl_proj_rep_term 0.0298 (0.0298) kl_term 0.0298 (0.0298) kl_normalizer 3.0000 (3.0000) kl_beta 0.6818 (0.6818) lr 2.3209e-04 eta 0:00:17
epoch [36/50] batch [3/3] time 0.211 (0.348) data 0.000 (0.131) loss 0.0570 (0.0620) acc 100.0000 (100.0000) data_term 0.0273 (0.0322) raw_kl_rep 0.0000 (0.0000) raw_kl_proj_rep 130982.4844 (131085.9323) kl_rep_term 0.0000 (0.0000) kl_proj_rep_term 0.0298 (0.0298) kl_term 0.0298 (0.0298) kl_normalizer 3.0000 (3.0000) kl_beta 0.6818 (0.6818) lr 2.0611e-04 eta 0:00:14
epoch [37/50] batch [1/3] time 0.636 (0.636) data 0.404 (0.404) loss 0.0650 (0.0650) acc 100.0000 (100.0000) data_term 0.0342 (0.0342) raw_kl_rep 0.0000 (0.0000) raw_kl_proj_rep 130875.7656 (130875.7656) kl_rep_term 0.0000 (0.0000) kl_proj_rep_term 0.0307 (0.0307) kl_term 0.0307 (0.0307) kl_normalizer 3.0000 (3.0000) kl_beta 0.7045 (0.7045) lr 2.0611e-04 eta 0:00:26
epoch [37/50] batch [2/3] time 0.183 (0.410) data 0.000 (0.202) loss 0.0695 (0.0672) acc 100.0000 (100.0000) data_term 0.0388 (0.0365) raw_kl_rep 0.0000 (0.0000) raw_kl_proj_rep 130778.7656 (130827.2656) kl_rep_term 0.0000 (0.0000) kl_proj_rep_term 0.0307 (0.0307) kl_term 0.0307 (0.0307) kl_normalizer 3.0000 (3.0000) kl_beta 0.7045 (0.7045) lr 2.0611e-04 eta 0:00:16
epoch [37/50] batch [3/3] time 0.189 (0.336) data 0.000 (0.135) loss 0.0552 (0.0632) acc 100.0000 (100.0000) data_term 0.0245 (0.0325) raw_kl_rep 0.0000 (0.0000) raw_kl_proj_rep 130679.8203 (130778.1172) kl_rep_term 0.0000 (0.0000) kl_proj_rep_term 0.0307 (0.0307) kl_term 0.0307 (0.0307) kl_normalizer 3.0000 (3.0000) kl_beta 0.7045 (0.7045) lr 1.8129e-04 eta 0:00:13
epoch [38/50] batch [1/3] time 0.567 (0.567) data 0.363 (0.363) loss 0.0591 (0.0591) acc 100.0000 (100.0000) data_term 0.0274 (0.0274) raw_kl_rep 0.0000 (0.0000) raw_kl_proj_rep 130578.0625 (130578.0625) kl_rep_term 0.0000 (0.0000) kl_proj_rep_term 0.0317 (0.0317) kl_term 0.0317 (0.0317) kl_normalizer 3.0000 (3.0000) kl_beta 0.7273 (0.7273) lr 1.8129e-04 eta 0:00:21
epoch [38/50] batch [2/3] time 0.198 (0.383) data 0.000 (0.181) loss 0.0578 (0.0585) acc 100.0000 (100.0000) data_term 0.0262 (0.0268) raw_kl_rep 0.0000 (0.0000) raw_kl_proj_rep 130486.6016 (130532.3320) kl_rep_term 0.0000 (0.0000) kl_proj_rep_term 0.0316 (0.0316) kl_term 0.0316 (0.0316) kl_normalizer 3.0000 (3.0000) kl_beta 0.7273 (0.7273) lr 1.8129e-04 eta 0:00:14
epoch [38/50] batch [3/3] time 0.177 (0.314) data 0.000 (0.121) loss 0.0677 (0.0615) acc 100.0000 (100.0000) data_term 0.0361 (0.0299) raw_kl_rep 0.0000 (0.0000) raw_kl_proj_rep 130393.4688 (130486.0443) kl_rep_term 0.0000 (0.0000) kl_proj_rep_term 0.0316 (0.0316) kl_term 0.0316 (0.0316) kl_normalizer 3.0000 (3.0000) kl_beta 0.7273 (0.7273) lr 1.5773e-04 eta 0:00:11
epoch [39/50] batch [1/3] time 0.645 (0.645) data 0.430 (0.430) loss 0.0541 (0.0541) acc 100.0000 (100.0000) data_term 0.0216 (0.0216) raw_kl_rep 0.0000 (0.0000) raw_kl_proj_rep 130298.4141 (130298.4141) kl_rep_term 0.0000 (0.0000) kl_proj_rep_term 0.0326 (0.0326) kl_term 0.0326 (0.0326) kl_normalizer 3.0000 (3.0000) kl_beta 0.7500 (0.7500) lr 1.5773e-04 eta 0:00:22
epoch [39/50] batch [2/3] time 0.202 (0.423) data 0.000 (0.215) loss 0.0628 (0.0585) acc 100.0000 (100.0000) data_term 0.0303 (0.0259) raw_kl_rep 0.0000 (0.0000) raw_kl_proj_rep 130213.8438 (130256.1289) kl_rep_term 0.0000 (0.0000) kl_proj_rep_term 0.0326 (0.0326) kl_term 0.0326 (0.0326) kl_normalizer 3.0000 (3.0000) kl_beta 0.7500 (0.7500) lr 1.5773e-04 eta 0:00:14
epoch [39/50] batch [3/3] time 0.204 (0.350) data 0.000 (0.143) loss 0.0649 (0.0606) acc 100.0000 (100.0000) data_term 0.0323 (0.0281) raw_kl_rep 0.0000 (0.0000) raw_kl_proj_rep 130127.7344 (130213.3307) kl_rep_term 0.0000 (0.0000) kl_proj_rep_term 0.0325 (0.0326) kl_term 0.0325 (0.0326) kl_normalizer 3.0000 (3.0000) kl_beta 0.7500 (0.7500) lr 1.3552e-04 eta 0:00:11
epoch [40/50] batch [1/3] time 0.584 (0.584) data 0.371 (0.371) loss 0.0588 (0.0588) acc 100.0000 (100.0000) data_term 0.0253 (0.0253) raw_kl_rep 0.0000 (0.0000) raw_kl_proj_rep 130040.3594 (130040.3594) kl_rep_term 0.0000 (0.0000) kl_proj_rep_term 0.0335 (0.0335) kl_term 0.0335 (0.0335) kl_normalizer 3.0000 (3.0000) kl_beta 0.7727 (0.7727) lr 1.3552e-04 eta 0:00:18
epoch [40/50] batch [2/3] time 0.202 (0.393) data 0.000 (0.186) loss 0.0688 (0.0638) acc 100.0000 (100.0000) data_term 0.0353 (0.0303) raw_kl_rep 0.0000 (0.0000) raw_kl_proj_rep 129963.7812 (130002.0703) kl_rep_term 0.0000 (0.0000) kl_proj_rep_term 0.0335 (0.0335) kl_term 0.0335 (0.0335) kl_normalizer 3.0000 (3.0000) kl_beta 0.7727 (0.7727) lr 1.3552e-04 eta 0:00:12
epoch [40/50] batch [3/3] time 0.228 (0.338) data 0.000 (0.124) loss 0.0574 (0.0617) acc 100.0000 (100.0000) data_term 0.0240 (0.0282) raw_kl_rep 0.0000 (0.0000) raw_kl_proj_rep 129885.8281 (129963.3229) kl_rep_term 0.0000 (0.0000) kl_proj_rep_term 0.0335 (0.0335) kl_term 0.0335 (0.0335) kl_normalizer 3.0000 (3.0000) kl_beta 0.7727 (0.7727) lr 1.1474e-04 eta 0:00:10
epoch [41/50] batch [1/3] time 0.590 (0.590) data 0.367 (0.367) loss 0.0647 (0.0647) acc 100.0000 (100.0000) data_term 0.0303 (0.0303) raw_kl_rep 0.0000 (0.0000) raw_kl_proj_rep 129806.6406 (129806.6406) kl_rep_term 0.0000 (0.0000) kl_proj_rep_term 0.0344 (0.0344) kl_term 0.0344 (0.0344) kl_normalizer 3.0000 (3.0000) kl_beta 0.7955 (0.7955) lr 1.1474e-04 eta 0:00:17
epoch [41/50] batch [2/3] time 0.185 (0.387) data 0.000 (0.183) loss 0.0628 (0.0638) acc 100.0000 (100.0000) data_term 0.0284 (0.0294) raw_kl_rep 0.0000 (0.0000) raw_kl_proj_rep 129738.2812 (129772.4609) kl_rep_term 0.0000 (0.0000) kl_proj_rep_term 0.0344 (0.0344) kl_term 0.0344 (0.0344) kl_normalizer 3.0000 (3.0000) kl_beta 0.7955 (0.7955) lr 1.1474e-04 eta 0:00:10
epoch [41/50] batch [3/3] time 0.176 (0.317) data 0.000 (0.122) loss 0.0606 (0.0627) acc 100.0000 (100.0000) data_term 0.0262 (0.0283) raw_kl_rep 0.0000 (0.0000) raw_kl_proj_rep 129668.6094 (129737.8438) kl_rep_term 0.0000 (0.0000) kl_proj_rep_term 0.0344 (0.0344) kl_term 0.0344 (0.0344) kl_normalizer 3.0000 (3.0000) kl_beta 0.7955 (0.7955) lr 9.5492e-05 eta 0:00:08
epoch [42/50] batch [1/3] time 0.633 (0.633) data 0.360 (0.360) loss 0.0639 (0.0639) acc 100.0000 (100.0000) data_term 0.0285 (0.0285) raw_kl_rep 0.0000 (0.0000) raw_kl_proj_rep 129598.2500 (129598.2500) kl_rep_term 0.0000 (0.0000) kl_proj_rep_term 0.0353 (0.0353) kl_term 0.0353 (0.0353) kl_normalizer 3.0000 (3.0000) kl_beta 0.8182 (0.8182) lr 9.5492e-05 eta 0:00:16
epoch [42/50] batch [2/3] time 0.209 (0.421) data 0.000 (0.180) loss 0.0640 (0.0639) acc 100.0000 (100.0000) data_term 0.0287 (0.0286) raw_kl_rep 0.0000 (0.0000) raw_kl_proj_rep 129538.4453 (129568.3477) kl_rep_term 0.0000 (0.0000) kl_proj_rep_term 0.0353 (0.0353) kl_term 0.0353 (0.0353) kl_normalizer 3.0000 (3.0000) kl_beta 0.8182 (0.8182) lr 9.5492e-05 eta 0:00:10
epoch [42/50] batch [3/3] time 0.195 (0.346) data 0.000 (0.120) loss 0.0632 (0.0637) acc 100.0000 (100.0000) data_term 0.0279 (0.0284) raw_kl_rep 0.0000 (0.0000) raw_kl_proj_rep 129477.7969 (129538.1641) kl_rep_term 0.0000 (0.0000) kl_proj_rep_term 0.0353 (0.0353) kl_term 0.0353 (0.0353) kl_normalizer 3.0000 (3.0000) kl_beta 0.8182 (0.8182) lr 7.7836e-05 eta 0:00:08
epoch [43/50] batch [1/3] time 0.586 (0.586) data 0.368 (0.368) loss 0.0585 (0.0585) acc 100.0000 (100.0000) data_term 0.0222 (0.0222) raw_kl_rep 0.0000 (0.0000) raw_kl_proj_rep 129416.0156 (129416.0156) kl_rep_term 0.0000 (0.0000) kl_proj_rep_term 0.0363 (0.0363) kl_term 0.0363 (0.0363) kl_normalizer 3.0000 (3.0000) kl_beta 0.8409 (0.8409) lr 7.7836e-05 eta 0:00:13
epoch [43/50] batch [2/3] time 0.203 (0.395) data 0.000 (0.184) loss 0.0637 (0.0611) acc 100.0000 (100.0000) data_term 0.0274 (0.0248) raw_kl_rep 0.0000 (0.0000) raw_kl_proj_rep 129364.8125 (129390.4141) kl_rep_term 0.0000 (0.0000) kl_proj_rep_term 0.0363 (0.0363) kl_term 0.0363 (0.0363) kl_normalizer 3.0000 (3.0000) kl_beta 0.8409 (0.8409) lr 7.7836e-05 eta 0:00:08
epoch [43/50] batch [3/3] time 0.220 (0.336) data 0.000 (0.123) loss 0.0627 (0.0616) acc 100.0000 (100.0000) data_term 0.0265 (0.0254) raw_kl_rep 0.0000 (0.0000) raw_kl_proj_rep 129312.6875 (129364.5052) kl_rep_term 0.0000 (0.0000) kl_proj_rep_term 0.0362 (0.0363) kl_term 0.0362 (0.0363) kl_normalizer 3.0000 (3.0000) kl_beta 0.8409 (0.8409) lr 6.1847e-05 eta 0:00:07
epoch [44/50] batch [1/3] time 0.581 (0.581) data 0.314 (0.314) loss 0.0674 (0.0674) acc 100.0000 (100.0000) data_term 0.0302 (0.0302) raw_kl_rep 0.0000 (0.0000) raw_kl_proj_rep 129259.7891 (129259.7891) kl_rep_term 0.0000 (0.0000) kl_proj_rep_term 0.0372 (0.0372) kl_term 0.0372 (0.0372) kl_normalizer 3.0000 (3.0000) kl_beta 0.8636 (0.8636) lr 6.1847e-05 eta 0:00:11
epoch [44/50] batch [2/3] time 0.188 (0.385) data 0.000 (0.157) loss 0.0664 (0.0669) acc 100.0000 (100.0000) data_term 0.0292 (0.0297) raw_kl_rep 0.0000 (0.0000) raw_kl_proj_rep 129217.1562 (129238.4727) kl_rep_term 0.0000 (0.0000) kl_proj_rep_term 0.0372 (0.0372) kl_term 0.0372 (0.0372) kl_normalizer 3.0000 (3.0000) kl_beta 0.8636 (0.8636) lr 6.1847e-05 eta 0:00:07
epoch [44/50] batch [3/3] time 0.203 (0.324) data 0.000 (0.105) loss 0.0628 (0.0655) acc 100.0000 (100.0000) data_term 0.0256 (0.0283) raw_kl_rep 0.0000 (0.0000) raw_kl_proj_rep 129173.6562 (129216.8672) kl_rep_term 0.0000 (0.0000) kl_proj_rep_term 0.0372 (0.0372) kl_term 0.0372 (0.0372) kl_normalizer 3.0000 (3.0000) kl_beta 0.8636 (0.8636) lr 4.7586e-05 eta 0:00:05
epoch [45/50] batch [1/3] time 0.617 (0.617) data 0.411 (0.411) loss 0.0595 (0.0595) acc 100.0000 (100.0000) data_term 0.0214 (0.0214) raw_kl_rep 0.0000 (0.0000) raw_kl_proj_rep 129129.5938 (129129.5938) kl_rep_term 0.0000 (0.0000) kl_proj_rep_term 0.0382 (0.0382) kl_term 0.0382 (0.0382) kl_normalizer 3.0000 (3.0000) kl_beta 0.8864 (0.8864) lr 4.7586e-05 eta 0:00:10
epoch [45/50] batch [2/3] time 0.178 (0.398) data 0.000 (0.206) loss 0.0626 (0.0611) acc 100.0000 (100.0000) data_term 0.0245 (0.0229) raw_kl_rep 0.0000 (0.0000) raw_kl_proj_rep 129095.0469 (129112.3203) kl_rep_term 0.0000 (0.0000) kl_proj_rep_term 0.0381 (0.0381) kl_term 0.0381 (0.0381) kl_normalizer 3.0000 (3.0000) kl_beta 0.8864 (0.8864) lr 4.7586e-05 eta 0:00:06
epoch [45/50] batch [3/3] time 0.195 (0.330) data 0.000 (0.137) loss 0.0638 (0.0620) acc 100.0000 (100.0000) data_term 0.0257 (0.0239) raw_kl_rep 0.0000 (0.0000) raw_kl_proj_rep 129060.1562 (129094.9323) kl_rep_term 0.0000 (0.0000) kl_proj_rep_term 0.0381 (0.0381) kl_term 0.0381 (0.0381) kl_normalizer 3.0000 (3.0000) kl_beta 0.8864 (0.8864) lr 3.5112e-05 eta 0:00:04
epoch [46/50] batch [1/3] time 0.585 (0.585) data 0.316 (0.316) loss 0.0627 (0.0627) acc 100.0000 (100.0000) data_term 0.0236 (0.0236) raw_kl_rep 0.0000 (0.0000) raw_kl_proj_rep 129024.6953 (129024.6953) kl_rep_term 0.0000 (0.0000) kl_proj_rep_term 0.0391 (0.0391) kl_term 0.0391 (0.0391) kl_normalizer 3.0000 (3.0000) kl_beta 0.9091 (0.9091) lr 3.5112e-05 eta 0:00:08
epoch [46/50] batch [2/3] time 0.180 (0.383) data 0.000 (0.158) loss 0.0646 (0.0637) acc 100.0000 (100.0000) data_term 0.0255 (0.0246) raw_kl_rep 0.0000 (0.0000) raw_kl_proj_rep 128998.0859 (129011.3906) kl_rep_term 0.0000 (0.0000) kl_proj_rep_term 0.0391 (0.0391) kl_term 0.0391 (0.0391) kl_normalizer 3.0000 (3.0000) kl_beta 0.9091 (0.9091) lr 3.5112e-05 eta 0:00:04
epoch [46/50] batch [3/3] time 0.186 (0.317) data 0.000 (0.106) loss 0.0712 (0.0662) acc 100.0000 (100.0000) data_term 0.0321 (0.0271) raw_kl_rep 0.0000 (0.0000) raw_kl_proj_rep 128971.1406 (128997.9740) kl_rep_term 0.0000 (0.0000) kl_proj_rep_term 0.0391 (0.0391) kl_term 0.0391 (0.0391) kl_normalizer 3.0000 (3.0000) kl_beta 0.9091 (0.9091) lr 2.4472e-05 eta 0:00:03
epoch [47/50] batch [1/3] time 0.573 (0.573) data 0.363 (0.363) loss 0.0594 (0.0594) acc 100.0000 (100.0000) data_term 0.0194 (0.0194) raw_kl_rep 0.0000 (0.0000) raw_kl_proj_rep 128943.7969 (128943.7969) kl_rep_term 0.0000 (0.0000) kl_proj_rep_term 0.0401 (0.0401) kl_term 0.0401 (0.0401) kl_normalizer 3.0000 (3.0000) kl_beta 0.9318 (0.9318) lr 2.4472e-05 eta 0:00:06
epoch [47/50] batch [2/3] time 0.194 (0.383) data 0.000 (0.182) loss 0.0640 (0.0617) acc 100.0000 (100.0000) data_term 0.0240 (0.0217) raw_kl_rep 0.0000 (0.0000) raw_kl_proj_rep 128924.3984 (128934.0977) kl_rep_term 0.0000 (0.0000) kl_proj_rep_term 0.0400 (0.0400) kl_term 0.0400 (0.0400) kl_normalizer 3.0000 (3.0000) kl_beta 0.9318 (0.9318) lr 2.4472e-05 eta 0:00:03
epoch [47/50] batch [3/3] time 0.194 (0.320) data 0.000 (0.121) loss 0.0658 (0.0631) acc 100.0000 (100.0000) data_term 0.0258 (0.0230) raw_kl_rep 0.0000 (0.0000) raw_kl_proj_rep 128904.7031 (128924.2995) kl_rep_term 0.0000 (0.0000) kl_proj_rep_term 0.0400 (0.0400) kl_term 0.0400 (0.0400) kl_normalizer 3.0000 (3.0000) kl_beta 0.9318 (0.9318) lr 1.5708e-05 eta 0:00:02
epoch [48/50] batch [1/3] time 0.539 (0.539) data 0.332 (0.332) loss 0.0673 (0.0673) acc 100.0000 (100.0000) data_term 0.0263 (0.0263) raw_kl_rep 0.0000 (0.0000) raw_kl_proj_rep 128884.8672 (128884.8672) kl_rep_term 0.0000 (0.0000) kl_proj_rep_term 0.0410 (0.0410) kl_term 0.0410 (0.0410) kl_normalizer 3.0000 (3.0000) kl_beta 0.9545 (0.9545) lr 1.5708e-05 eta 0:00:04
epoch [48/50] batch [2/3] time 0.225 (0.382) data 0.000 (0.166) loss 0.0628 (0.0650) acc 100.0000 (100.0000) data_term 0.0217 (0.0240) raw_kl_rep 0.0000 (0.0000) raw_kl_proj_rep 128871.9219 (128878.3945) kl_rep_term 0.0000 (0.0000) kl_proj_rep_term 0.0410 (0.0410) kl_term 0.0410 (0.0410) kl_normalizer 3.0000 (3.0000) kl_beta 0.9545 (0.9545) lr 1.5708e-05 eta 0:00:02
epoch [48/50] batch [3/3] time 0.195 (0.320) data 0.000 (0.111) loss 0.0675 (0.0659) acc 100.0000 (100.0000) data_term 0.0265 (0.0248) raw_kl_rep 0.0000 (0.0000) raw_kl_proj_rep 128858.7891 (128871.8594) kl_rep_term 0.0000 (0.0000) kl_proj_rep_term 0.0410 (0.0410) kl_term 0.0410 (0.0410) kl_normalizer 3.0000 (3.0000) kl_beta 0.9545 (0.9545) lr 8.8564e-06 eta 0:00:01
epoch [49/50] batch [1/3] time 0.591 (0.591) data 0.322 (0.322) loss 0.0739 (0.0739) acc 100.0000 (100.0000) data_term 0.0319 (0.0319) raw_kl_rep 0.0000 (0.0000) raw_kl_proj_rep 128845.4922 (128845.4922) kl_rep_term 0.0000 (0.0000) kl_proj_rep_term 0.0420 (0.0420) kl_term 0.0420 (0.0420) kl_normalizer 3.0000 (3.0000) kl_beta 0.9773 (0.9773) lr 8.8564e-06 eta 0:00:02
epoch [49/50] batch [2/3] time 0.192 (0.391) data 0.000 (0.161) loss 0.0686 (0.0713) acc 100.0000 (100.0000) data_term 0.0266 (0.0293) raw_kl_rep 0.0000 (0.0000) raw_kl_proj_rep 128837.9844 (128841.7383) kl_rep_term 0.0000 (0.0000) kl_proj_rep_term 0.0420 (0.0420) kl_term 0.0420 (0.0420) kl_normalizer 3.0000 (3.0000) kl_beta 0.9773 (0.9773) lr 8.8564e-06 eta 0:00:01
epoch [49/50] batch [3/3] time 0.180 (0.321) data 0.000 (0.107) loss 0.0657 (0.0694) acc 100.0000 (100.0000) data_term 0.0238 (0.0275) raw_kl_rep 0.0000 (0.0000) raw_kl_proj_rep 128830.3750 (128837.9505) kl_rep_term 0.0000 (0.0000) kl_proj_rep_term 0.0420 (0.0420) kl_term 0.0420 (0.0420) kl_normalizer 3.0000 (3.0000) kl_beta 0.9773 (0.9773) lr 3.9426e-06 eta 0:00:00
epoch [50/50] batch [1/3] time 0.615 (0.615) data 0.416 (0.416) loss 0.0667 (0.0667) acc 100.0000 (100.0000) data_term 0.0237 (0.0237) raw_kl_rep 0.0000 (0.0000) raw_kl_proj_rep 128822.6562 (128822.6562) kl_rep_term 0.0000 (0.0000) kl_proj_rep_term 0.0429 (0.0429) kl_term 0.0429 (0.0429) kl_normalizer 3.0000 (3.0000) kl_beta 1.0000 (1.0000) lr 3.9426e-06 eta 0:00:01
epoch [50/50] batch [2/3] time 0.177 (0.396) data 0.000 (0.208) loss 0.0697 (0.0682) acc 100.0000 (100.0000) data_term 0.0268 (0.0252) raw_kl_rep 0.0000 (0.0000) raw_kl_proj_rep 128819.1797 (128820.9180) kl_rep_term 0.0000 (0.0000) kl_proj_rep_term 0.0429 (0.0429) kl_term 0.0429 (0.0429) kl_normalizer 3.0000 (3.0000) kl_beta 1.0000 (1.0000) lr 3.9426e-06 eta 0:00:00
epoch [50/50] batch [3/3] time 0.179 (0.324) data 0.000 (0.139) loss 0.0692 (0.0685) acc 100.0000 (100.0000) data_term 0.0262 (0.0256) raw_kl_rep 0.0000 (0.0000) raw_kl_proj_rep 128815.6562 (128819.1641) kl_rep_term 0.0000 (0.0000) kl_proj_rep_term 0.0429 (0.0429) kl_term 0.0429 (0.0429) kl_normalizer 3.0000 (3.0000) kl_beta 1.0000 (1.0000) lr 9.8664e-07 eta 0:00:00
Checkpoint saved to output_sweeps/bayes_mmrl_search_current/coarse3/confirm_stage/BayesMMRL/FS/fewshot_train/caltech101/shots_1/ViT-B-16/C_sig-row_pmode-self_proj_rep_pstd-0.01_kl-1e-6_nmc-5/seed3/refactor_model/model.pth.tar-50
Finish training
Deploy the last-epoch model
Evaluate on the *test* set
=> result
* total: 2,465
* correct: 2,334
* accuracy: 94.7%
* error: 5.3%
* macro_f1: 91.8%
=> structured result
* accuracy: 94.6856
* error: 5.3144
* macro_f1: 91.7627
* nll: 0.1720
* brier: 0.0855
* ece: 1.8353
Saved metrics JSON to output_sweeps/bayes_mmrl_search_current/coarse3/confirm_stage/BayesMMRL/FS/fewshot_train/caltech101/shots_1/ViT-B-16/C_sig-row_pmode-self_proj_rep_pstd-0.01_kl-1e-6_nmc-5/seed3/test_metrics.json
Saved metrics CSV to output_sweeps/bayes_mmrl_search_current/coarse3/confirm_stage/BayesMMRL/FS/fewshot_train/caltech101/shots_1/ViT-B-16/C_sig-row_pmode-self_proj_rep_pstd-0.01_kl-1e-6_nmc-5/seed3/test_metrics.csv
Saved calibration bins CSV to output_sweeps/bayes_mmrl_search_current/coarse3/confirm_stage/BayesMMRL/FS/fewshot_train/caltech101/shots_1/ViT-B-16/C_sig-row_pmode-self_proj_rep_pstd-0.01_kl-1e-6_nmc-5/seed3/test_calibration_bins.csv
Elapsed: 0:01:22
[清理] 测试完成，已删除 checkpoint 目录: output_sweeps/bayes_mmrl_search_current/coarse3/confirm_stage/BayesMMRL/FS/fewshot_train/caltech101/shots_1/ViT-B-16/C_sig-row_pmode-self_proj_rep_pstd-0.01_kl-1e-6_nmc-5/seed3/refactor_model
