============================================================
START: 2026-04-25 04:13:31
STAGE: search
GPU: 4
METHOD: BayesMMRL
PROTOCOL: FS
PHASE: fewshot_train
SUBSAMPLE: all
EXEC_MODE: online
DATASET: caltech101
SHOTS: 16
SEED: 1
TAG: rep_zero_sig-per_token_pstd-0.1_kl-1e-6
DATA_ROOT: DATASETS
OUTPUT_ROOT: output_sweeps/bayes_mmrl_rep_tokens/coarse3/search_stage
BACKBONE: ViT-B/16
PROTOCOL_CFG: configs/protocols/fs.yaml
JOBS_PER_GPU: 1
============================================================
[run] rep_tokens | dataset=caltech101 | shot=16 | seed=1 | tag=rep_zero_sig-per_token_pstd-0.1_kl-1e-6
[info] rep_tokens-only stage
[info] EVAL_MODE=mc_predictive, EVAL_AGGREGATION=logit_mean
[info] KL_WARMUP_EPOCHS=6
Setting fixed seed: 1
***************
** Arguments **
***************
dataset_config_file: configs/datasets/caltech101.yaml
eval_only: False
exec_mode: online
exp_config: 
load_epoch: None
method: BayesMMRL
method_config_file: configs/methods/bayesmmrl.yaml
model_dir: 
no_train: False
opts: ['DATASET.NUM_SHOTS', '16', 'DATASET.SUBSAMPLE_CLASSES', 'all', 'MODEL.BACKBONE.NAME', 'ViT-B/16', 'BAYES_MMRL.ALPHA', '0.7', 'BAYES_MMRL.REG_WEIGHT', '0.5', 'BAYES_MMRL.N_REP_TOKENS', '5', 'BAYES_MMRL.REP_LAYERS', '[6,7,8,9,10,11,12]', 'BAYES_MMRL.REP_DIM', '512', 'BAYES_MMRL.N_MC_TRAIN', '3', 'BAYES_MMRL.N_MC_TEST', '10', 'BAYES_MMRL.EVAL_MODE', 'mc_predictive', 'BAYES_MMRL.EVAL_USE_POSTERIOR_MEAN', 'False', 'BAYES_MMRL.EVAL_AGGREGATION', 'logit_mean', 'BAYES_MMRL.KL_WARMUP_EPOCHS', '6', 'BAYES_MMRL.BAYES_TARGET', 'rep_tokens', 'BAYES_MMRL.REP_PRIOR_MODE', 'zero', 'BAYES_MMRL.REP_SIGMA_MODE', 'per_token', 'BAYES_MMRL.REP_PRIOR_STD', '0.1', 'BAYES_MMRL.REP_KL_WEIGHT', '1e-6']
output_dir: output_sweeps/bayes_mmrl_rep_tokens/coarse3/search_stage/BayesMMRL/FS/fewshot_train/caltech101/shots_16/ViT-B-16/rep_zero_sig-per_token_pstd-0.1_kl-1e-6/seed1
protocol: FS
protocol_config_file: configs/protocols/fs.yaml
root: DATASETS
runtime_config_file: configs/runtime/default.yaml
seed: 1
trainer: RefactorRunner
************
** Config **
************
BAYES_MMRL:
  ALPHA: 0.7
  BAYES_TARGET: rep_tokens
  CLIP_PRIOR_BLEND: 0.5
  CLIP_PRIOR_SCALE: 0.05
  EVAL_AGGREGATION: logit_mean
  EVAL_MODE: mc_predictive
  EVAL_USE_POSTERIOR_MEAN: False
  KL_WARMUP_EPOCHS: 6
  KL_WEIGHT: 0.0005
  N_MC_TEST: 10
  N_MC_TRAIN: 3
  N_REP_TOKENS: 5
  PREC: amp
  PRIOR_STD: 0.05
  PROJ_REP_KL_WEIGHT: 1e-06
  PROJ_REP_PRIOR_MODE: clip_proj
  PROJ_REP_PRIOR_STD: 0.01
  PROJ_REP_SIGMA_MODE: row
  REG_WEIGHT: 0.5
  REP_DIM: 512
  REP_KL_WEIGHT: 1e-06
  REP_LAYERS: [6, 7, 8, 9, 10, 11, 12]
  REP_MN_ENFORCE_TRACE: True
  REP_MN_LOWRANK_RANK: 8
  REP_PRIOR_MODE: zero
  REP_PRIOR_STD: 0.1
  REP_SIGMA_MODE: per_token
  SIGMA_MODE: global
CLIP_ADAPTERS:
  ALLOW_CACHE: True
  BAYES_KL_SCALE: 1.0
  BAYES_PRIOR_STD: 0.01
  CONSTRAINT: none
  ENHANCED_BASE: none
  INIT: ZS
  KL_WEIGHT: 0.0001
  N_SAMPLES: 3
  N_TEST_SAMPLES: 10
  PREC: fp32
  TYPE: MP
DATALOADER:
  K_TRANSFORMS: 1
  NUM_WORKERS: 8
  RETURN_IMG0: False
  TEST:
    BATCH_SIZE: 250
    SAMPLER: SequentialSampler
  TRAIN_U:
    BATCH_SIZE: 32
    N_DOMAIN: 0
    N_INS: 16
    SAME_AS_X: True
    SAMPLER: RandomSampler
  TRAIN_X:
    BATCH_SIZE: 32
    N_DOMAIN: 0
    N_INS: 16
    SAMPLER: RandomSampler
DATASET:
  ALL_AS_UNLABELED: False
  CIFAR_C_LEVEL: 1
  CIFAR_C_TYPE: 
  NAME: Caltech101
  NUM_LABELED: -1
  NUM_SHOTS: 16
  ROOT: DATASETS
  SOURCE_DOMAINS: ()
  STL10_FOLD: -1
  SUBSAMPLE_CLASSES: all
  TARGET_DOMAINS: ()
  VAL_PERCENT: 0.1
INPUT:
  COLORJITTER_B: 0.4
  COLORJITTER_C: 0.4
  COLORJITTER_H: 0.1
  COLORJITTER_S: 0.4
  CROP_PADDING: 4
  CUTOUT_LEN: 16
  CUTOUT_N: 1
  GB_K: 21
  GB_P: 0.5
  GN_MEAN: 0.0
  GN_STD: 0.15
  INTERPOLATION: bicubic
  NO_TRANSFORM: False
  PIXEL_MEAN: [0.48145466, 0.4578275, 0.40821073]
  PIXEL_STD: [0.26862954, 0.26130258, 0.27577711]
  RANDAUGMENT_M: 10
  RANDAUGMENT_N: 2
  RGS_P: 0.2
  RRCROP_SCALE: (0.5, 1)
  SIZE: (224, 224)
  TRANSFORMS: ('random_resized_crop', 'random_flip', 'normalize')
METHOD:
  EXEC_MODE: online
  FAMILY: internal_adaptation
  NAME: BayesMMRL
  TAG: default
MMRL:
  ALPHA: 0.7
  N_REP_TOKENS: 5
  PREC: amp
  REG_WEIGHT: 1.0
  REP_DIM: 512
  REP_LAYERS: [6, 7, 8, 9, 10, 11, 12]
MMRLPP:
  ALPHA: 0.7
  BETA: 0.9
  N_REP_TOKENS: 5
  PREC: amp
  PROJ_LORA_DIM: 64
  REG_WEIGHT: 1.0
  REP_DIM: 512
  REP_LAYERS: [6, 7, 8, 9, 10, 11, 12]
  RES_LORA_DIM: 4
MMRL_MIX:
  ALPHA: 0.7
  LOSS_FUSE_WEIGHT: 0.2
  LOSS_MAIN_WEIGHT: 1.0
  LOSS_REP_WEIGHT: 1.0
  N_REP_TOKENS: 5
  PREC: amp
  REG_WEIGHT: 1.0
  REP_DIM: 512
  REP_LAYERS: [6, 7, 8, 9, 10, 11, 12]
MODEL:
  BACKBONE:
    NAME: ViT-B/16
    PRETRAINED: True
  HEAD:
    ACTIVATION: relu
    BN: True
    DROPOUT: 0.0
    HIDDEN_LAYERS: ()
    NAME: 
  INIT_WEIGHTS: 
OPTIM:
  ADAM_BETA1: 0.9
  ADAM_BETA2: 0.999
  BASE_LR_MULT: 0.1
  GAMMA: 0.1
  LR: 0.001
  LR_SCHEDULER: cosine
  MAX_EPOCH: 50
  MOMENTUM: 0.9
  NAME: adamw
  NEW_LAYERS: ()
  RMSPROP_ALPHA: 0.99
  SGD_DAMPNING: 0
  SGD_NESTEROV: False
  STAGED_LR: False
  STEPSIZE: (-1,)
  WARMUP_CONS_LR: 1e-05
  WARMUP_EPOCH: 1
  WARMUP_MIN_LR: 1e-05
  WARMUP_RECOUNT: True
  WARMUP_TYPE: constant
  WEIGHT_DECAY: 0.0005
OUTPUT_DIR: output_sweeps/bayes_mmrl_rep_tokens/coarse3/search_stage/BayesMMRL/FS/fewshot_train/caltech101/shots_16/ViT-B-16/rep_zero_sig-per_token_pstd-0.1_kl-1e-6/seed1
PROTOCOL:
  NAME: FS
  PHASE: fewshot_train
RESUME: 
RUNTIME:
  OUTPUT_ROOT: output_refactor
  USE_DASSL_TRAINER_BRIDGE: True
SEED: 1
TASK: FS
TEST:
  COMPUTE_CMAT: False
  EVALUATOR: Classification
  FINAL_MODEL: last_step
  NO_TEST: False
  PER_CLASS_RESULT: False
  SPLIT: test
TRAIN:
  CHECKPOINT_FREQ: 0
  COUNT_ITER: train_x
  PRINT_FREQ: 20
TRAINER:
  BayesMMRL:
    ALPHA: 0.7
    BAYES_TARGET: rep_tokens
    CLIP_PRIOR_BLEND: 0.5
    CLIP_PRIOR_SCALE: 0.05
    EVAL_AGGREGATION: logit_mean
    EVAL_MODE: mc_predictive
    EVAL_USE_POSTERIOR_MEAN: False
    KL_WARMUP_EPOCHS: 6
    KL_WEIGHT: 1e-06
    N_MC_TEST: 10
    N_MC_TRAIN: 3
    N_REP_TOKENS: 5
    PREC: amp
    PRIOR_STD: 0.1
    PROJ_REP_KL_WEIGHT: 1e-06
    PROJ_REP_PRIOR_MODE: clip_proj
    PROJ_REP_PRIOR_STD: 0.01
    PROJ_REP_SIGMA_MODE: row
    REG_WEIGHT: 0.5
    REP_DIM: 512
    REP_KL_WEIGHT: 1e-06
    REP_LAYERS: [6, 7, 8, 9, 10, 11, 12]
    REP_MN_ENFORCE_TRACE: True
    REP_MN_LOWRANK_RANK: 8
    REP_PRIOR_MODE: zero
    REP_PRIOR_STD: 0.1
    REP_SIGMA_MODE: per_token
    SIGMA_MODE: per_token
  CDAC:
    CLASS_LR_MULTI: 10
    P_THRESH: 0.95
    RAMPUP_COEF: 30
    RAMPUP_ITRS: 1000
    STRONG_TRANSFORMS: ()
    TOPK_MATCH: 5
  CROSSGRAD:
    ALPHA_D: 0.5
    ALPHA_F: 0.5
    EPS_D: 1.0
    EPS_F: 1.0
  ClipADAPTER:
    ALLOW_CACHE: True
    CONSTRAINT: none
    ENHANCED_BASE: none
    INIT: ZS
    PREC: fp32
    TYPE: MP
  DAEL:
    CONF_THRE: 0.95
    STRONG_TRANSFORMS: ()
    WEIGHT_U: 0.5
  DAELDG:
    CONF_THRE: 0.95
    STRONG_TRANSFORMS: ()
    WEIGHT_U: 0.5
  DDAIG:
    ALPHA: 0.5
    CLAMP: False
    CLAMP_MAX: 1.0
    CLAMP_MIN: -1.0
    G_ARCH: 
    LMDA: 0.3
    WARMUP: 0
  DOMAINMIX:
    ALPHA: 1.0
    BETA: 1.0
    TYPE: crossdomain
  ENTMIN:
    LMDA: 0.001
  FIXMATCH:
    CONF_THRE: 0.95
    STRONG_TRANSFORMS: ()
    WEIGHT_U: 1.0
  M3SDA:
    LMDA: 0.5
    N_STEP_F: 4
  MCD:
    N_STEP_F: 4
  MEANTEACHER:
    EMA_ALPHA: 0.999
    RAMPUP: 5
    WEIGHT_U: 1.0
  MIXMATCH:
    MIXUP_BETA: 0.75
    RAMPUP: 20000
    TEMP: 2.0
    WEIGHT_U: 100.0
  MME:
    LMDA: 0.1
  MMRL:
    ALPHA: 0.7
    N_REP_TOKENS: 5
    PREC: amp
    REG_WEIGHT: 1.0
    REP_DIM: 512
    REP_LAYERS: [6, 7, 8, 9, 10, 11, 12]
  MMRLMix:
    ALPHA: 0.7
    LOSS_FUSE_WEIGHT: 0.2
    LOSS_MAIN_WEIGHT: 1.0
    LOSS_REP_WEIGHT: 1.0
    N_REP_TOKENS: 5
    PREC: amp
    REG_WEIGHT: 1.0
    REP_DIM: 512
    REP_LAYERS: [6, 7, 8, 9, 10, 11, 12]
  MMRLpp:
    ALPHA: 0.7
    BETA: 0.9
    N_REP_TOKENS: 5
    PREC: amp
    PROJ_LORA_DIM: 64
    REG_WEIGHT: 1.0
    REP_DIM: 512
    REP_LAYERS: [6, 7, 8, 9, 10, 11, 12]
    RES_LORA_DIM: 4
  NAME: RefactorRunner
  SE:
    CONF_THRE: 0.95
    EMA_ALPHA: 0.999
    RAMPUP: 300
USE_CUDA: True
VERBOSE: True
VERSION: 1
Collecting env info ...
** System info **
PyTorch version: 2.11.0+cu128
Is debug build: False
CUDA used to build PyTorch: 12.8
ROCM used to build PyTorch: N/A

OS: Ubuntu 22.04.1 LTS (x86_64)
GCC version: (Ubuntu 11.3.0-1ubuntu1~22.04) 11.3.0
Clang version: Could not collect
CMake version: version 3.22.1
Libc version: glibc-2.35

Python version: 3.10.20 (main, Mar 11 2026, 17:46:40) [GCC 14.3.0] (64-bit runtime)
Python platform: Linux-5.15.0-94-generic-x86_64-with-glibc2.35
Is CUDA available: True
CUDA runtime version: 11.8.89
CUDA_MODULE_LOADING set to: 
GPU models and configuration: 
GPU 0: NVIDIA GeForce RTX 5090
GPU 1: NVIDIA GeForce RTX 5090
GPU 2: NVIDIA GeForce RTX 5090
GPU 3: NVIDIA GeForce RTX 5090
GPU 4: NVIDIA GeForce RTX 5090

Nvidia driver version: 595.58.03
cuDNN version: Probably one of the following:
/usr/lib/x86_64-linux-gnu/libcudnn.so.8.6.0
/usr/lib/x86_64-linux-gnu/libcudnn_adv_infer.so.8.6.0
/usr/lib/x86_64-linux-gnu/libcudnn_adv_train.so.8.6.0
/usr/lib/x86_64-linux-gnu/libcudnn_cnn_infer.so.8.6.0
/usr/lib/x86_64-linux-gnu/libcudnn_cnn_train.so.8.6.0
/usr/lib/x86_64-linux-gnu/libcudnn_ops_infer.so.8.6.0
/usr/lib/x86_64-linux-gnu/libcudnn_ops_train.so.8.6.0
Is XPU available: False
HIP runtime version: N/A
MIOpen runtime version: N/A
Is XNNPACK available: True
Caching allocator config: N/A

CPU:
Architecture:                       x86_64
CPU op-mode(s):                     32-bit, 64-bit
Address sizes:                      52 bits physical, 57 bits virtual
Byte Order:                         Little Endian
CPU(s):                             208
On-line CPU(s) list:                0-207
Vendor ID:                          GenuineIntel
Model name:                         Intel(R) Xeon(R) Platinum 8470Q
CPU family:                         6
Model:                              143
Thread(s) per core:                 2
Core(s) per socket:                 52
Socket(s):                          2
Stepping:                           8
Frequency boost:                    enabled
CPU max MHz:                        2101.0000
CPU min MHz:                        800.0000
BogoMIPS:                           4200.00
Flags:                              fpu vme de pse tsc msr pae mce cx8 apic sep mtrr pge mca cmov pat pse36 clflush dts acpi mmx fxsr sse sse2 ss ht tm pbe syscall nx pdpe1gb rdtscp lm constant_tsc art arch_perfmon pebs bts rep_good nopl xtopology nonstop_tsc cpuid aperfmperf tsc_known_freq pni pclmulqdq dtes64 ds_cpl vmx smx est tm2 ssse3 sdbg fma cx16 xtpr pdcm pcid dca sse4_1 sse4_2 x2apic movbe popcnt tsc_deadline_timer aes xsave avx f16c rdrand lahf_lm abm 3dnowprefetch cpuid_fault epb cat_l3 cat_l2 cdp_l3 invpcid_single intel_ppin cdp_l2 ssbd mba ibrs ibpb stibp ibrs_enhanced tpr_shadow vnmi flexpriority ept vpid ept_ad fsgsbase tsc_adjust bmi1 avx2 smep bmi2 erms invpcid cqm rdt_a avx512f avx512dq rdseed adx smap avx512ifma clflushopt clwb intel_pt avx512cd sha_ni avx512bw avx512vl xsaveopt xsavec xgetbv1 xsaves cqm_llc cqm_occup_llc cqm_mbm_total cqm_mbm_local split_lock_detect avx_vnni avx512_bf16 wbnoinvd dtherm ida arat pln pts avx512vbmi umip pku ospke waitpkg avx512_vbmi2 gfni vaes vpclmulqdq avx512_vnni avx512_bitalg tme avx512_vpopcntdq la57 rdpid bus_lock_detect cldemote movdiri movdir64b enqcmd fsrm md_clear serialize tsxldtrk pconfig arch_lbr amx_bf16 avx512_fp16 amx_tile amx_int8 flush_l1d arch_capabilities
Virtualization:                     VT-x
L1d cache:                          4.9 MiB (104 instances)
L1i cache:                          3.3 MiB (104 instances)
L2 cache:                           208 MiB (104 instances)
L3 cache:                           210 MiB (2 instances)
NUMA node(s):                       2
NUMA node0 CPU(s):                  0-51,104-155
NUMA node1 CPU(s):                  52-103,156-207
Vulnerability Gather data sampling: Not affected
Vulnerability Itlb multihit:        Not affected
Vulnerability L1tf:                 Not affected
Vulnerability Mds:                  Not affected
Vulnerability Meltdown:             Not affected
Vulnerability Mmio stale data:      Not affected
Vulnerability Retbleed:             Not affected
Vulnerability Spec rstack overflow: Not affected
Vulnerability Spec store bypass:    Mitigation; Speculative Store Bypass disabled via prctl and seccomp
Vulnerability Spectre v1:           Mitigation; usercopy/swapgs barriers and __user pointer sanitization
Vulnerability Spectre v2:           Mitigation; Enhanced IBRS, IBPB conditional, RSB filling, PBRSB-eIBRS SW sequence
Vulnerability Srbds:                Not affected
Vulnerability Tsx async abort:      Not affected

Versions of relevant libraries:
[pip3] flake8==3.7.9
[pip3] numpy==2.2.6
[pip3] nvidia-cublas-cu12==12.8.4.1
[pip3] nvidia-cuda-cupti-cu12==12.8.90
[pip3] nvidia-cuda-nvrtc-cu12==12.8.93
[pip3] nvidia-cuda-runtime-cu12==12.8.90
[pip3] nvidia-cudnn-cu12==9.19.0.56
[pip3] nvidia-cufft-cu12==11.3.3.83
[pip3] nvidia-curand-cu12==10.3.9.90
[pip3] nvidia-cusolver-cu12==11.7.3.90
[pip3] nvidia-cusparse-cu12==12.5.8.93
[pip3] nvidia-cusparselt-cu12==0.7.1
[pip3] nvidia-nccl-cu12==2.28.9
[pip3] nvidia-nvjitlink-cu12==12.8.93
[pip3] nvidia-nvtx-cu12==12.8.90
[pip3] torch==2.11.0+cu128
[pip3] torchaudio==2.11.0+cu128
[pip3] torchvision==0.26.0+cu128
[pip3] triton==3.6.0
[conda] numpy                     2.2.6                    pypi_0    pypi
[conda] nvidia-cublas-cu12        12.8.4.1                 pypi_0    pypi
[conda] nvidia-cuda-cupti-cu12    12.8.90                  pypi_0    pypi
[conda] nvidia-cuda-nvrtc-cu12    12.8.93                  pypi_0    pypi
[conda] nvidia-cuda-runtime-cu12  12.8.90                  pypi_0    pypi
[conda] nvidia-cudnn-cu12         9.19.0.56                pypi_0    pypi
[conda] nvidia-cufft-cu12         11.3.3.83                pypi_0    pypi
[conda] nvidia-curand-cu12        10.3.9.90                pypi_0    pypi
[conda] nvidia-cusolver-cu12      11.7.3.90                pypi_0    pypi
[conda] nvidia-cusparse-cu12      12.5.8.93                pypi_0    pypi
[conda] nvidia-cusparselt-cu12    0.7.1                    pypi_0    pypi
[conda] nvidia-nccl-cu12          2.28.9                   pypi_0    pypi
[conda] nvidia-nvjitlink-cu12     12.8.93                  pypi_0    pypi
[conda] nvidia-nvtx-cu12          12.8.90                  pypi_0    pypi
[conda] torch                     2.11.0+cu128             pypi_0    pypi
[conda] torchaudio                2.11.0+cu128             pypi_0    pypi
[conda] torchvision               0.26.0+cu128             pypi_0    pypi
[conda] triton                    3.6.0                    pypi_0    pypi
        Pillow (12.1.1)

Loading trainer: RefactorRunner
Loading dataset: Caltech101
Reading split from /root/autodl-tmp/MMRL/DATASETS/caltech-101/split_zhou_Caltech101.json
Loading preprocessed few-shot data from /root/autodl-tmp/MMRL/DATASETS/caltech-101/split_fewshot/shot_16-seed_1.pkl
Building transform_train
+ random resized crop (size=(224, 224), scale=(0.5, 1))
+ random flip
+ to torch tensor of range [0, 1]
+ normalization (mean=[0.48145466, 0.4578275, 0.40821073], std=[0.26862954, 0.26130258, 0.27577711])
Building transform_test
+ resize the smaller edge to 224
+ 224x224 center crop
+ to torch tensor of range [0, 1]
+ normalization (mean=[0.48145466, 0.4578275, 0.40821073], std=[0.26862954, 0.26130258, 0.27577711])
---------  ----------
Dataset    Caltech101
# classes  100
# train_x  1,600
# val      400
# test     2,465
---------  ----------
/root/autodl-tmp/MMRL/trainers/refactor_runner.py:61: FutureWarning: `torch.cuda.amp.GradScaler(args...)` is deprecated. Please use `torch.amp.GradScaler('cuda', args...)` instead.
  self.scaler = GradScaler() if prec == "amp" else None
[BayesMMRLMethod] trainable params: {'representation_learner.compound_rep_tokens_r2tproj.4.weight', 'image_encoder.proj_rep', 'representation_learner.compound_rep_tokens_r2tproj.6.bias', 'representation_learner.compound_rep_tokens_r2vproj.6.bias', 'representation_learner.rep_posterior.posterior_rho', 'representation_learner.compound_rep_tokens_r2vproj.4.bias', 'representation_learner.compound_rep_tokens_r2tproj.3.bias', 'representation_learner.rep_posterior.posterior_mean', 'representation_learner.compound_rep_tokens_r2vproj.2.bias', 'representation_learner.compound_rep_tokens_r2tproj.2.weight', 'representation_learner.compound_rep_tokens_r2tproj.4.bias', 'representation_learner.compound_rep_tokens_r2vproj.1.bias', 'representation_learner.compound_rep_tokens_r2vproj.6.weight', 'representation_learner.compound_rep_tokens_r2tproj.1.weight', 'representation_learner.compound_rep_tokens_r2tproj.0.weight', 'representation_learner.compound_rep_tokens_r2tproj.1.bias', 'representation_learner.compound_rep_tokens_r2vproj.2.weight', 'representation_learner.compound_rep_tokens_r2tproj.5.bias', 'representation_learner.compound_rep_tokens_r2vproj.5.bias', 'representation_learner.compound_rep_tokens_r2tproj.6.weight', 'representation_learner.compound_rep_tokens_r2tproj.3.weight', 'representation_learner.compound_rep_tokens_r2tproj.5.weight', 'representation_learner.compound_rep_tokens_r2vproj.1.weight', 'representation_learner.compound_rep_tokens_r2vproj.0.weight', 'representation_learner.compound_rep_tokens_r2vproj.5.weight', 'representation_learner.compound_rep_tokens_r2vproj.3.weight', 'representation_learner.compound_rep_tokens_r2vproj.3.bias', 'representation_learner.compound_rep_tokens_r2vproj.4.weight', 'representation_learner.compound_rep_tokens_r2tproj.0.bias', 'representation_learner.compound_rep_tokens_r2tproj.2.bias', 'representation_learner.compound_rep_tokens_r2vproj.0.bias'}
Loading evaluator: Classification
No checkpoint found, train from scratch
Initialize tensorboard (log_dir=output_sweeps/bayes_mmrl_rep_tokens/coarse3/search_stage/BayesMMRL/FS/fewshot_train/caltech101/shots_16/ViT-B-16/rep_zero_sig-per_token_pstd-0.1_kl-1e-6/seed1/tensorboard)
/root/autodl-tmp/MMRL/executors/online_executor.py:48: FutureWarning: `torch.cuda.amp.autocast(args...)` is deprecated. Please use `torch.amp.autocast('cuda', args...)` instead.
  with autocast():
epoch [1/50] batch [20/50] time 0.862 (0.824) data 0.000 (0.039) loss 2.2041 (2.2376) acc 93.7500 (88.1250) data_term 2.2041 (2.2376) raw_kl_rep 0.0014 (0.0005) raw_kl_proj_rep 0.0000 (0.0000) kl_rep_term 0.0000 (0.0000) kl_proj_rep_term 0.0000 (0.0000) kl_term 0.0000 (0.0000) kl_normalizer 50.0000 (50.0000) kl_beta 0.0000 (0.0000) lr 1.0000e-05 eta 0:34:03
epoch [1/50] batch [40/50] time 0.878 (0.805) data 0.000 (0.020) loss 1.9750 (2.1914) acc 93.7500 (88.2031) data_term 1.9750 (2.1914) raw_kl_rep 0.0045 (0.0017) raw_kl_proj_rep 0.0000 (0.0000) kl_rep_term 0.0000 (0.0000) kl_proj_rep_term 0.0000 (0.0000) kl_term 0.0000 (0.0000) kl_normalizer 50.0000 (50.0000) kl_beta 0.0000 (0.0000) lr 1.0000e-05 eta 0:33:00
epoch [2/50] batch [20/50] time 0.825 (0.807) data 0.000 (0.036) loss 0.3783 (1.2378) acc 100.0000 (87.8125) data_term 0.3783 (1.2378) raw_kl_rep 5.7054 (2.0312) raw_kl_proj_rep 0.0000 (0.0000) kl_rep_term 0.0000 (0.0000) kl_proj_rep_term 0.0000 (0.0000) kl_term 0.0000 (0.0000) kl_normalizer 50.0000 (50.0000) kl_beta 0.0000 (0.0000) lr 1.0000e-03 eta 0:32:41
epoch [2/50] batch [40/50] time 0.830 (0.819) data 0.000 (0.019) loss 0.3299 (0.8199) acc 93.7500 (90.3906) data_term 0.3299 (0.8199) raw_kl_rep 19.4691 (7.6371) raw_kl_proj_rep 0.0000 (0.0000) kl_rep_term 0.0000 (0.0000) kl_proj_rep_term 0.0000 (0.0000) kl_term 0.0000 (0.0000) kl_normalizer 50.0000 (50.0000) kl_beta 0.0000 (0.0000) lr 1.0000e-03 eta 0:32:54
epoch [3/50] batch [20/50] time 0.854 (0.800) data 0.000 (0.032) loss 0.3178 (0.2414) acc 93.7500 (95.6250) data_term 0.3178 (0.2414) raw_kl_rep 29.7473 (27.2756) raw_kl_proj_rep 0.0000 (0.0000) kl_rep_term 0.0000 (0.0000) kl_proj_rep_term 0.0000 (0.0000) kl_term 0.0000 (0.0000) kl_normalizer 50.0000 (50.0000) kl_beta 0.0000 (0.0000) lr 9.9901e-04 eta 0:31:43
epoch [3/50] batch [40/50] time 0.898 (0.820) data 0.000 (0.016) loss 0.1808 (0.2552) acc 100.0000 (94.6875) data_term 0.1808 (0.2552) raw_kl_rep 34.1397 (29.6489) raw_kl_proj_rep 0.0000 (0.0000) kl_rep_term 0.0000 (0.0000) kl_proj_rep_term 0.0000 (0.0000) kl_term 0.0000 (0.0000) kl_normalizer 50.0000 (50.0000) kl_beta 0.0000 (0.0000) lr 9.9901e-04 eta 0:32:14
epoch [4/50] batch [20/50] time 0.708 (0.789) data 0.000 (0.035) loss 0.1748 (0.1981) acc 93.7500 (95.4688) data_term 0.1748 (0.1981) raw_kl_rep 41.9983 (39.0945) raw_kl_proj_rep 0.0000 (0.0000) kl_rep_term 0.0000 (0.0000) kl_proj_rep_term 0.0000 (0.0000) kl_term 0.0000 (0.0000) kl_normalizer 50.0000 (50.0000) kl_beta 0.0000 (0.0000) lr 9.9606e-04 eta 0:30:37
epoch [4/50] batch [40/50] time 0.350 (0.790) data 0.000 (0.019) loss 0.1158 (0.1787) acc 100.0000 (96.3281) data_term 0.1158 (0.1787) raw_kl_rep 49.1164 (42.6109) raw_kl_proj_rep 0.0000 (0.0000) kl_rep_term 0.0000 (0.0000) kl_proj_rep_term 0.0000 (0.0000) kl_term 0.0000 (0.0000) kl_normalizer 50.0000 (50.0000) kl_beta 0.0000 (0.0000) lr 9.9606e-04 eta 0:30:25
epoch [5/50] batch [20/50] time 0.912 (0.807) data 0.001 (0.039) loss 0.0957 (0.1663) acc 100.0000 (96.4062) data_term 0.0957 (0.1663) raw_kl_rep 60.4157 (56.4038) raw_kl_proj_rep 0.0000 (0.0000) kl_rep_term 0.0000 (0.0000) kl_proj_rep_term 0.0000 (0.0000) kl_term 0.0000 (0.0000) kl_normalizer 50.0000 (50.0000) kl_beta 0.0000 (0.0000) lr 9.9114e-04 eta 0:30:38
epoch [5/50] batch [40/50] time 0.479 (0.786) data 0.000 (0.020) loss 0.1748 (0.1779) acc 96.8750 (96.1719) data_term 0.1748 (0.1779) raw_kl_rep 68.5455 (60.3499) raw_kl_proj_rep 0.0000 (0.0000) kl_rep_term 0.0000 (0.0000) kl_proj_rep_term 0.0000 (0.0000) kl_term 0.0000 (0.0000) kl_normalizer 50.0000 (50.0000) kl_beta 0.0000 (0.0000) lr 9.9114e-04 eta 0:29:37
epoch [6/50] batch [20/50] time 0.840 (0.775) data 0.000 (0.040) loss 0.1297 (0.1481) acc 93.7500 (97.1875) data_term 0.1297 (0.1481) raw_kl_rep 75.7546 (73.9444) raw_kl_proj_rep 0.0000 (0.0000) kl_rep_term 0.0000 (0.0000) kl_proj_rep_term 0.0000 (0.0000) kl_term 0.0000 (0.0000) kl_normalizer 50.0000 (50.0000) kl_beta 0.0000 (0.0000) lr 9.8429e-04 eta 0:28:47
epoch [6/50] batch [40/50] time 0.821 (0.787) data 0.000 (0.021) loss 0.0914 (0.1506) acc 100.0000 (97.2656) data_term 0.0914 (0.1506) raw_kl_rep 84.2987 (77.0326) raw_kl_proj_rep 0.0000 (0.0000) kl_rep_term 0.0000 (0.0000) kl_proj_rep_term 0.0000 (0.0000) kl_term 0.0000 (0.0000) kl_normalizer 50.0000 (50.0000) kl_beta 0.0000 (0.0000) lr 9.8429e-04 eta 0:28:58
epoch [7/50] batch [20/50] time 0.641 (0.760) data 0.000 (0.039) loss 0.4911 (0.1772) acc 84.3750 (96.5625) data_term 0.4911 (0.1772) raw_kl_rep 97.2896 (93.7095) raw_kl_proj_rep 0.0000 (0.0000) kl_rep_term 0.0000 (0.0000) kl_proj_rep_term 0.0000 (0.0000) kl_term 0.0000 (0.0000) kl_normalizer 50.0000 (50.0000) kl_beta 0.0000 (0.0000) lr 9.7553e-04 eta 0:27:36
epoch [7/50] batch [40/50] time 0.876 (0.769) data 0.000 (0.020) loss 0.0988 (0.1570) acc 96.8750 (96.8750) data_term 0.0988 (0.1570) raw_kl_rep 106.2977 (97.7439) raw_kl_proj_rep 0.0000 (0.0000) kl_rep_term 0.0000 (0.0000) kl_proj_rep_term 0.0000 (0.0000) kl_term 0.0000 (0.0000) kl_normalizer 50.0000 (50.0000) kl_beta 0.0000 (0.0000) lr 9.7553e-04 eta 0:27:41
epoch [8/50] batch [20/50] time 0.830 (0.780) data 0.001 (0.031) loss 0.0974 (0.1455) acc 100.0000 (97.3438) data_term 0.0974 (0.1455) raw_kl_rep 117.2657 (114.4298) raw_kl_proj_rep 0.0000 (0.0000) kl_rep_term 0.0000 (0.0000) kl_proj_rep_term 0.0000 (0.0000) kl_term 0.0000 (0.0000) kl_normalizer 50.0000 (50.0000) kl_beta 0.0233 (0.0233) lr 9.6489e-04 eta 0:27:42
epoch [8/50] batch [40/50] time 0.860 (0.784) data 0.000 (0.018) loss 0.2341 (0.1266) acc 96.8750 (97.8125) data_term 0.2341 (0.1266) raw_kl_rep 121.8593 (117.1728) raw_kl_proj_rep 0.0000 (0.0000) kl_rep_term 0.0000 (0.0000) kl_proj_rep_term 0.0000 (0.0000) kl_term 0.0000 (0.0000) kl_normalizer 50.0000 (50.0000) kl_beta 0.0233 (0.0233) lr 9.6489e-04 eta 0:27:33
epoch [9/50] batch [20/50] time 0.570 (0.754) data 0.000 (0.033) loss 0.1583 (0.1286) acc 96.8750 (97.5000) data_term 0.1583 (0.1286) raw_kl_rep 131.3745 (127.3145) raw_kl_proj_rep 0.0000 (0.0000) kl_rep_term 0.0000 (0.0000) kl_proj_rep_term 0.0000 (0.0000) kl_term 0.0000 (0.0000) kl_normalizer 50.0000 (50.0000) kl_beta 0.0465 (0.0465) lr 9.5241e-04 eta 0:26:08
epoch [9/50] batch [40/50] time 0.907 (0.800) data 0.000 (0.017) loss 0.0695 (0.1318) acc 100.0000 (97.8125) data_term 0.0695 (0.1318) raw_kl_rep 137.3472 (130.9475) raw_kl_proj_rep 0.0000 (0.0000) kl_rep_term 0.0000 (0.0000) kl_proj_rep_term 0.0000 (0.0000) kl_term 0.0000 (0.0000) kl_normalizer 50.0000 (50.0000) kl_beta 0.0465 (0.0465) lr 9.5241e-04 eta 0:27:27
epoch [10/50] batch [20/50] time 0.556 (0.794) data 0.000 (0.031) loss 0.0603 (0.1257) acc 100.0000 (97.9688) data_term 0.0603 (0.1257) raw_kl_rep 150.4087 (144.8756) raw_kl_proj_rep 0.0000 (0.0000) kl_rep_term 0.0000 (0.0000) kl_proj_rep_term 0.0000 (0.0000) kl_term 0.0000 (0.0000) kl_normalizer 50.0000 (50.0000) kl_beta 0.0698 (0.0698) lr 9.3815e-04 eta 0:26:51
epoch [10/50] batch [40/50] time 0.890 (0.787) data 0.000 (0.016) loss 0.0541 (0.1167) acc 100.0000 (98.0469) data_term 0.0541 (0.1167) raw_kl_rep 158.5221 (150.1925) raw_kl_proj_rep 0.0000 (0.0000) kl_rep_term 0.0000 (0.0000) kl_proj_rep_term 0.0000 (0.0000) kl_term 0.0000 (0.0000) kl_normalizer 50.0000 (50.0000) kl_beta 0.0698 (0.0698) lr 9.3815e-04 eta 0:26:21
epoch [11/50] batch [20/50] time 0.754 (0.762) data 0.000 (0.027) loss 0.1113 (0.1056) acc 96.8750 (98.1250) data_term 0.1113 (0.1056) raw_kl_rep 165.6387 (162.8730) raw_kl_proj_rep 0.0000 (0.0000) kl_rep_term 0.0000 (0.0000) kl_proj_rep_term 0.0000 (0.0000) kl_term 0.0000 (0.0000) kl_normalizer 50.0000 (50.0000) kl_beta 0.0930 (0.0930) lr 9.2216e-04 eta 0:25:08
epoch [11/50] batch [40/50] time 0.878 (0.793) data 0.000 (0.014) loss 0.1847 (0.1080) acc 96.8750 (98.5156) data_term 0.1847 (0.1080) raw_kl_rep 173.0331 (166.2435) raw_kl_proj_rep 0.0000 (0.0000) kl_rep_term 0.0000 (0.0000) kl_proj_rep_term 0.0000 (0.0000) kl_term 0.0000 (0.0000) kl_normalizer 50.0000 (50.0000) kl_beta 0.0930 (0.0930) lr 9.2216e-04 eta 0:25:54
epoch [12/50] batch [20/50] time 0.883 (0.780) data 0.000 (0.044) loss 0.0818 (0.1012) acc 100.0000 (98.9062) data_term 0.0818 (0.1012) raw_kl_rep 183.0052 (179.7561) raw_kl_proj_rep 0.0000 (0.0000) kl_rep_term 0.0000 (0.0000) kl_proj_rep_term 0.0000 (0.0000) kl_term 0.0000 (0.0000) kl_normalizer 50.0000 (50.0000) kl_beta 0.1163 (0.1163) lr 9.0451e-04 eta 0:25:06
epoch [12/50] batch [40/50] time 0.635 (0.798) data 0.000 (0.023) loss 0.1045 (0.0971) acc 100.0000 (98.8281) data_term 0.1045 (0.0971) raw_kl_rep 188.8341 (182.9204) raw_kl_proj_rep 0.0000 (0.0000) kl_rep_term 0.0000 (0.0000) kl_proj_rep_term 0.0000 (0.0000) kl_term 0.0000 (0.0000) kl_normalizer 50.0000 (50.0000) kl_beta 0.1163 (0.1163) lr 9.0451e-04 eta 0:25:23
epoch [13/50] batch [20/50] time 0.878 (0.759) data 0.001 (0.036) loss 0.0701 (0.1021) acc 100.0000 (98.5938) data_term 0.0701 (0.1021) raw_kl_rep 197.1529 (194.5311) raw_kl_proj_rep 0.0000 (0.0000) kl_rep_term 0.0000 (0.0000) kl_proj_rep_term 0.0000 (0.0000) kl_term 0.0000 (0.0000) kl_normalizer 50.0000 (50.0000) kl_beta 0.1395 (0.1395) lr 8.8526e-04 eta 0:23:46
epoch [13/50] batch [40/50] time 0.851 (0.773) data 0.000 (0.019) loss 0.0997 (0.1086) acc 96.8750 (98.0469) data_term 0.0997 (0.1086) raw_kl_rep 201.6492 (197.2235) raw_kl_proj_rep 0.0000 (0.0000) kl_rep_term 0.0000 (0.0000) kl_proj_rep_term 0.0000 (0.0000) kl_term 0.0000 (0.0000) kl_normalizer 50.0000 (50.0000) kl_beta 0.1395 (0.1395) lr 8.8526e-04 eta 0:23:57
epoch [14/50] batch [20/50] time 0.889 (0.808) data 0.000 (0.039) loss 0.0752 (0.0822) acc 100.0000 (98.7500) data_term 0.0752 (0.0822) raw_kl_rep 207.1850 (205.2995) raw_kl_proj_rep 0.0000 (0.0000) kl_rep_term 0.0000 (0.0000) kl_proj_rep_term 0.0000 (0.0000) kl_term 0.0000 (0.0000) kl_normalizer 50.0000 (50.0000) kl_beta 0.1628 (0.1628) lr 8.6448e-04 eta 0:24:38
epoch [14/50] batch [40/50] time 0.906 (0.818) data 0.000 (0.020) loss 0.3241 (0.0958) acc 93.7500 (98.5156) data_term 0.3241 (0.0958) raw_kl_rep 213.3514 (207.8139) raw_kl_proj_rep 0.0000 (0.0000) kl_rep_term 0.0000 (0.0000) kl_proj_rep_term 0.0000 (0.0000) kl_term 0.0000 (0.0000) kl_normalizer 50.0000 (50.0000) kl_beta 0.1628 (0.1628) lr 8.6448e-04 eta 0:24:40
epoch [15/50] batch [20/50] time 0.744 (0.825) data 0.000 (0.036) loss 0.0794 (0.1109) acc 100.0000 (98.7500) data_term 0.0794 (0.1109) raw_kl_rep 220.3335 (218.0250) raw_kl_proj_rep 0.0000 (0.0000) kl_rep_term 0.0000 (0.0000) kl_proj_rep_term 0.0000 (0.0000) kl_term 0.0000 (0.0000) kl_normalizer 50.0000 (50.0000) kl_beta 0.1860 (0.1860) lr 8.4227e-04 eta 0:24:27
epoch [15/50] batch [40/50] time 0.801 (0.809) data 0.000 (0.019) loss 0.0592 (0.1013) acc 100.0000 (98.7500) data_term 0.0592 (0.1013) raw_kl_rep 226.5726 (220.5211) raw_kl_proj_rep 0.0000 (0.0000) kl_rep_term 0.0000 (0.0000) kl_proj_rep_term 0.0000 (0.0000) kl_term 0.0000 (0.0000) kl_normalizer 50.0000 (50.0000) kl_beta 0.1860 (0.1860) lr 8.4227e-04 eta 0:23:43
epoch [16/50] batch [20/50] time 0.696 (0.786) data 0.000 (0.033) loss 0.1254 (0.0970) acc 96.8750 (99.3750) data_term 0.1254 (0.0970) raw_kl_rep 235.5429 (232.6892) raw_kl_proj_rep 0.0000 (0.0000) kl_rep_term 0.0000 (0.0000) kl_proj_rep_term 0.0000 (0.0000) kl_term 0.0000 (0.0000) kl_normalizer 50.0000 (50.0000) kl_beta 0.2093 (0.2093) lr 8.1871e-04 eta 0:22:40
epoch [16/50] batch [40/50] time 0.581 (0.763) data 0.000 (0.018) loss 0.1017 (0.0963) acc 100.0000 (98.9062) data_term 0.1017 (0.0963) raw_kl_rep 241.3325 (235.7891) raw_kl_proj_rep 0.0000 (0.0000) kl_rep_term 0.0000 (0.0000) kl_proj_rep_term 0.0000 (0.0000) kl_term 0.0000 (0.0000) kl_normalizer 50.0000 (50.0000) kl_beta 0.2093 (0.2093) lr 8.1871e-04 eta 0:21:45
epoch [17/50] batch [20/50] time 0.893 (0.812) data 0.002 (0.035) loss 0.1342 (0.0972) acc 96.8750 (98.2812) data_term 0.1342 (0.0972) raw_kl_rep 245.2346 (243.6986) raw_kl_proj_rep 0.0000 (0.0000) kl_rep_term 0.0000 (0.0000) kl_proj_rep_term 0.0000 (0.0000) kl_term 0.0000 (0.0000) kl_normalizer 50.0000 (50.0000) kl_beta 0.2326 (0.2326) lr 7.9389e-04 eta 0:22:43
epoch [17/50] batch [40/50] time 0.869 (0.804) data 0.000 (0.021) loss 0.0489 (0.1023) acc 100.0000 (98.2812) data_term 0.0489 (0.1023) raw_kl_rep 251.9673 (246.1341) raw_kl_proj_rep 0.0000 (0.0000) kl_rep_term 0.0000 (0.0000) kl_proj_rep_term 0.0000 (0.0000) kl_term 0.0000 (0.0000) kl_normalizer 50.0000 (50.0000) kl_beta 0.2326 (0.2326) lr 7.9389e-04 eta 0:22:15
epoch [18/50] batch [20/50] time 0.880 (0.818) data 0.000 (0.050) loss 0.0851 (0.0838) acc 100.0000 (98.5938) data_term 0.0851 (0.0838) raw_kl_rep 261.6186 (258.6255) raw_kl_proj_rep 0.0000 (0.0000) kl_rep_term 0.0000 (0.0000) kl_proj_rep_term 0.0000 (0.0000) kl_term 0.0000 (0.0000) kl_normalizer 50.0000 (50.0000) kl_beta 0.2558 (0.2558) lr 7.6791e-04 eta 0:22:12
epoch [18/50] batch [40/50] time 0.870 (0.826) data 0.000 (0.026) loss 0.1333 (0.0936) acc 100.0000 (98.6719) data_term 0.1333 (0.0936) raw_kl_rep 267.1776 (261.6203) raw_kl_proj_rep 0.0000 (0.0000) kl_rep_term 0.0000 (0.0000) kl_proj_rep_term 0.0000 (0.0000) kl_term 0.0000 (0.0000) kl_normalizer 50.0000 (50.0000) kl_beta 0.2558 (0.2558) lr 7.6791e-04 eta 0:22:09
epoch [19/50] batch [20/50] time 0.907 (0.825) data 0.000 (0.042) loss 0.0433 (0.0842) acc 100.0000 (99.0625) data_term 0.0433 (0.0842) raw_kl_rep 276.8169 (273.7048) raw_kl_proj_rep 0.0000 (0.0000) kl_rep_term 0.0000 (0.0000) kl_proj_rep_term 0.0000 (0.0000) kl_term 0.0000 (0.0000) kl_normalizer 50.0000 (50.0000) kl_beta 0.2791 (0.2791) lr 7.4088e-04 eta 0:21:44
epoch [19/50] batch [40/50] time 0.964 (0.830) data 0.000 (0.021) loss 0.0754 (0.0784) acc 100.0000 (99.2969) data_term 0.0754 (0.0784) raw_kl_rep 282.4013 (276.7987) raw_kl_proj_rep 0.0000 (0.0000) kl_rep_term 0.0000 (0.0000) kl_proj_rep_term 0.0000 (0.0000) kl_term 0.0000 (0.0000) kl_normalizer 50.0000 (50.0000) kl_beta 0.2791 (0.2791) lr 7.4088e-04 eta 0:21:34
epoch [20/50] batch [20/50] time 0.961 (0.777) data 0.000 (0.030) loss 0.0545 (0.0676) acc 100.0000 (99.0625) data_term 0.0545 (0.0675) raw_kl_rep 288.1775 (286.3532) raw_kl_proj_rep 0.0000 (0.0000) kl_rep_term 0.0000 (0.0000) kl_proj_rep_term 0.0000 (0.0000) kl_term 0.0000 (0.0000) kl_normalizer 50.0000 (50.0000) kl_beta 0.3023 (0.3023) lr 7.1289e-04 eta 0:19:49
epoch [20/50] batch [40/50] time 0.638 (0.803) data 0.000 (0.016) loss 0.1076 (0.0727) acc 100.0000 (99.2188) data_term 0.1076 (0.0727) raw_kl_rep 291.7489 (288.1719) raw_kl_proj_rep 0.0000 (0.0000) kl_rep_term 0.0000 (0.0000) kl_proj_rep_term 0.0000 (0.0000) kl_term 0.0000 (0.0000) kl_normalizer 50.0000 (50.0000) kl_beta 0.3023 (0.3023) lr 7.1289e-04 eta 0:20:13
epoch [21/50] batch [20/50] time 0.908 (0.860) data 0.000 (0.031) loss 0.0446 (0.0756) acc 100.0000 (99.2188) data_term 0.0446 (0.0756) raw_kl_rep 298.6993 (296.4472) raw_kl_proj_rep 0.0000 (0.0000) kl_rep_term 0.0000 (0.0000) kl_proj_rep_term 0.0000 (0.0000) kl_term 0.0000 (0.0000) kl_normalizer 50.0000 (50.0000) kl_beta 0.3256 (0.3256) lr 6.8406e-04 eta 0:21:13
epoch [21/50] batch [40/50] time 0.863 (0.828) data 0.000 (0.016) loss 0.1520 (0.0746) acc 93.7500 (99.2188) data_term 0.1520 (0.0746) raw_kl_rep 303.9669 (298.9120) raw_kl_proj_rep 0.0000 (0.0000) kl_rep_term 0.0000 (0.0000) kl_proj_rep_term 0.0000 (0.0000) kl_term 0.0000 (0.0000) kl_normalizer 50.0000 (50.0000) kl_beta 0.3256 (0.3256) lr 6.8406e-04 eta 0:20:08
epoch [22/50] batch [20/50] time 0.753 (0.856) data 0.003 (0.035) loss 0.0764 (0.0836) acc 100.0000 (99.2188) data_term 0.0764 (0.0836) raw_kl_rep 310.9502 (309.2437) raw_kl_proj_rep 0.0000 (0.0000) kl_rep_term 0.0000 (0.0000) kl_proj_rep_term 0.0000 (0.0000) kl_term 0.0000 (0.0000) kl_normalizer 50.0000 (50.0000) kl_beta 0.3488 (0.3488) lr 6.5451e-04 eta 0:20:23
epoch [22/50] batch [40/50] time 0.686 (0.789) data 0.000 (0.018) loss 0.0316 (0.0811) acc 100.0000 (99.2188) data_term 0.0316 (0.0811) raw_kl_rep 314.4028 (310.9683) raw_kl_proj_rep 0.0000 (0.0000) kl_rep_term 0.0000 (0.0000) kl_proj_rep_term 0.0000 (0.0000) kl_term 0.0000 (0.0000) kl_normalizer 50.0000 (50.0000) kl_beta 0.3488 (0.3488) lr 6.5451e-04 eta 0:18:32
epoch [23/50] batch [20/50] time 0.908 (0.839) data 0.001 (0.025) loss 0.0666 (0.0756) acc 100.0000 (99.5312) data_term 0.0666 (0.0756) raw_kl_rep 320.0351 (318.1040) raw_kl_proj_rep 0.0000 (0.0000) kl_rep_term 0.0000 (0.0000) kl_proj_rep_term 0.0000 (0.0000) kl_term 0.0000 (0.0000) kl_normalizer 50.0000 (50.0000) kl_beta 0.3721 (0.3721) lr 6.2434e-04 eta 0:19:17
epoch [23/50] batch [40/50] time 0.579 (0.783) data 0.000 (0.014) loss 0.1019 (0.0753) acc 100.0000 (99.3750) data_term 0.1019 (0.0753) raw_kl_rep 324.2292 (320.2472) raw_kl_proj_rep 0.0000 (0.0000) kl_rep_term 0.0000 (0.0000) kl_proj_rep_term 0.0000 (0.0000) kl_term 0.0000 (0.0000) kl_normalizer 50.0000 (50.0000) kl_beta 0.3721 (0.3721) lr 6.2434e-04 eta 0:17:45
epoch [24/50] batch [20/50] time 0.841 (0.780) data 0.008 (0.036) loss 0.0347 (0.0734) acc 100.0000 (99.2188) data_term 0.0347 (0.0734) raw_kl_rep 330.6658 (329.4413) raw_kl_proj_rep 0.0000 (0.0000) kl_rep_term 0.0000 (0.0000) kl_proj_rep_term 0.0000 (0.0000) kl_term 0.0000 (0.0000) kl_normalizer 50.0000 (50.0000) kl_beta 0.3953 (0.3953) lr 5.9369e-04 eta 0:17:16
epoch [24/50] batch [40/50] time 0.627 (0.750) data 0.000 (0.018) loss 0.0986 (0.0769) acc 100.0000 (99.2969) data_term 0.0986 (0.0769) raw_kl_rep 333.9864 (330.8758) raw_kl_proj_rep 0.0000 (0.0000) kl_rep_term 0.0000 (0.0000) kl_proj_rep_term 0.0000 (0.0000) kl_term 0.0000 (0.0000) kl_normalizer 50.0000 (50.0000) kl_beta 0.3953 (0.3953) lr 5.9369e-04 eta 0:16:22
epoch [25/50] batch [20/50] time 0.909 (0.837) data 0.000 (0.034) loss 0.0516 (0.0664) acc 100.0000 (99.5312) data_term 0.0516 (0.0664) raw_kl_rep 340.2388 (338.4371) raw_kl_proj_rep 0.0000 (0.0000) kl_rep_term 0.0000 (0.0000) kl_proj_rep_term 0.0000 (0.0000) kl_term 0.0000 (0.0000) kl_normalizer 50.0000 (50.0000) kl_beta 0.4186 (0.4186) lr 5.6267e-04 eta 0:17:51
epoch [25/50] batch [40/50] time 0.881 (0.784) data 0.000 (0.018) loss 0.0535 (0.0722) acc 100.0000 (99.2969) data_term 0.0535 (0.0722) raw_kl_rep 343.8955 (340.2642) raw_kl_proj_rep 0.0000 (0.0000) kl_rep_term 0.0000 (0.0000) kl_proj_rep_term 0.0000 (0.0000) kl_term 0.0000 (0.0000) kl_normalizer 50.0000 (50.0000) kl_beta 0.4186 (0.4186) lr 5.6267e-04 eta 0:16:27
epoch [26/50] batch [20/50] time 0.693 (0.850) data 0.000 (0.043) loss 0.0422 (0.0615) acc 100.0000 (99.5312) data_term 0.0422 (0.0615) raw_kl_rep 348.7181 (347.0451) raw_kl_proj_rep 0.0000 (0.0000) kl_rep_term 0.0000 (0.0000) kl_proj_rep_term 0.0000 (0.0000) kl_term 0.0000 (0.0000) kl_normalizer 50.0000 (50.0000) kl_beta 0.4419 (0.4419) lr 5.3140e-04 eta 0:17:25
epoch [26/50] batch [40/50] time 0.825 (0.793) data 0.000 (0.023) loss 0.0785 (0.0633) acc 100.0000 (99.6094) data_term 0.0785 (0.0633) raw_kl_rep 352.4805 (348.9076) raw_kl_proj_rep 0.0000 (0.0000) kl_rep_term 0.0000 (0.0000) kl_proj_rep_term 0.0000 (0.0000) kl_term 0.0000 (0.0000) kl_normalizer 50.0000 (50.0000) kl_beta 0.4419 (0.4419) lr 5.3140e-04 eta 0:16:00
epoch [27/50] batch [20/50] time 0.875 (0.787) data 0.000 (0.033) loss 0.0372 (0.0622) acc 100.0000 (99.5312) data_term 0.0372 (0.0622) raw_kl_rep 359.4727 (357.2264) raw_kl_proj_rep 0.0000 (0.0000) kl_rep_term 0.0000 (0.0000) kl_proj_rep_term 0.0000 (0.0000) kl_term 0.0000 (0.0000) kl_normalizer 50.0000 (50.0000) kl_beta 0.4651 (0.4651) lr 5.0000e-04 eta 0:15:29
epoch [27/50] batch [40/50] time 0.777 (0.773) data 0.000 (0.017) loss 0.0728 (0.0669) acc 100.0000 (99.4531) data_term 0.0728 (0.0669) raw_kl_rep 363.3741 (359.3605) raw_kl_proj_rep 0.0000 (0.0000) kl_rep_term 0.0000 (0.0000) kl_proj_rep_term 0.0000 (0.0000) kl_term 0.0000 (0.0000) kl_normalizer 50.0000 (50.0000) kl_beta 0.4651 (0.4651) lr 5.0000e-04 eta 0:14:56
epoch [28/50] batch [20/50] time 0.801 (0.820) data 0.000 (0.031) loss 0.0412 (0.0678) acc 100.0000 (99.3750) data_term 0.0412 (0.0678) raw_kl_rep 369.2791 (367.2713) raw_kl_proj_rep 0.0000 (0.0000) kl_rep_term 0.0000 (0.0000) kl_proj_rep_term 0.0000 (0.0000) kl_term 0.0000 (0.0000) kl_normalizer 50.0000 (50.0000) kl_beta 0.4884 (0.4884) lr 4.6860e-04 eta 0:15:27
epoch [28/50] batch [40/50] time 0.866 (0.782) data 0.000 (0.017) loss 0.1048 (0.0757) acc 96.8750 (99.0625) data_term 0.1048 (0.0757) raw_kl_rep 371.9193 (369.0018) raw_kl_proj_rep 0.0000 (0.0000) kl_rep_term 0.0000 (0.0000) kl_proj_rep_term 0.0000 (0.0000) kl_term 0.0000 (0.0000) kl_normalizer 50.0000 (50.0000) kl_beta 0.4884 (0.4884) lr 4.6860e-04 eta 0:14:27
epoch [29/50] batch [20/50] time 0.699 (0.868) data 0.004 (0.047) loss 0.0282 (0.0728) acc 100.0000 (99.2188) data_term 0.0281 (0.0728) raw_kl_rep 377.1064 (375.4599) raw_kl_proj_rep 0.0000 (0.0000) kl_rep_term 0.0000 (0.0000) kl_proj_rep_term 0.0000 (0.0000) kl_term 0.0000 (0.0000) kl_normalizer 50.0000 (50.0000) kl_beta 0.5116 (0.5116) lr 4.3733e-04 eta 0:15:37
epoch [29/50] batch [40/50] time 0.847 (0.795) data 0.000 (0.024) loss 0.0315 (0.0640) acc 100.0000 (99.3750) data_term 0.0315 (0.0640) raw_kl_rep 381.1622 (377.3745) raw_kl_proj_rep 0.0000 (0.0000) kl_rep_term 0.0000 (0.0000) kl_proj_rep_term 0.0000 (0.0000) kl_term 0.0000 (0.0000) kl_normalizer 50.0000 (50.0000) kl_beta 0.5116 (0.5116) lr 4.3733e-04 eta 0:14:02
epoch [30/50] batch [20/50] time 0.619 (0.832) data 0.006 (0.039) loss 0.0651 (0.0534) acc 100.0000 (99.6875) data_term 0.0651 (0.0533) raw_kl_rep 385.3084 (384.0505) raw_kl_proj_rep 0.0000 (0.0000) kl_rep_term 0.0000 (0.0000) kl_proj_rep_term 0.0000 (0.0000) kl_term 0.0000 (0.0000) kl_normalizer 50.0000 (50.0000) kl_beta 0.5349 (0.5349) lr 4.0631e-04 eta 0:14:16
epoch [30/50] batch [40/50] time 0.786 (0.767) data 0.000 (0.020) loss 0.0501 (0.0584) acc 100.0000 (99.7656) data_term 0.0501 (0.0584) raw_kl_rep 388.8057 (385.5446) raw_kl_proj_rep 0.0000 (0.0000) kl_rep_term 0.0000 (0.0000) kl_proj_rep_term 0.0000 (0.0000) kl_term 0.0000 (0.0000) kl_normalizer 50.0000 (50.0000) kl_beta 0.5349 (0.5349) lr 4.0631e-04 eta 0:12:55
epoch [31/50] batch [20/50] time 0.894 (0.852) data 0.000 (0.040) loss 0.0913 (0.0686) acc 96.8750 (99.2188) data_term 0.0913 (0.0686) raw_kl_rep 393.7541 (392.2933) raw_kl_proj_rep 0.0000 (0.0000) kl_rep_term 0.0000 (0.0000) kl_proj_rep_term 0.0000 (0.0000) kl_term 0.0000 (0.0000) kl_normalizer 50.0000 (50.0000) kl_beta 0.5581 (0.5581) lr 3.7566e-04 eta 0:13:54
epoch [31/50] batch [40/50] time 0.851 (0.812) data 0.000 (0.020) loss 0.0508 (0.0685) acc 100.0000 (99.3750) data_term 0.0508 (0.0685) raw_kl_rep 397.0084 (393.8720) raw_kl_proj_rep 0.0000 (0.0000) kl_rep_term 0.0000 (0.0000) kl_proj_rep_term 0.0000 (0.0000) kl_term 0.0000 (0.0000) kl_normalizer 50.0000 (50.0000) kl_beta 0.5581 (0.5581) lr 3.7566e-04 eta 0:12:59
epoch [32/50] batch [20/50] time 0.435 (0.788) data 0.000 (0.030) loss 0.0743 (0.0615) acc 100.0000 (99.6875) data_term 0.0743 (0.0615) raw_kl_rep 401.6572 (400.0936) raw_kl_proj_rep 0.0000 (0.0000) kl_rep_term 0.0000 (0.0000) kl_proj_rep_term 0.0000 (0.0000) kl_term 0.0000 (0.0000) kl_normalizer 50.0000 (50.0000) kl_beta 0.5814 (0.5814) lr 3.4549e-04 eta 0:12:12
epoch [32/50] batch [40/50] time 0.813 (0.760) data 0.000 (0.016) loss 0.0465 (0.0573) acc 100.0000 (99.7656) data_term 0.0465 (0.0572) raw_kl_rep 403.5774 (401.3704) raw_kl_proj_rep 0.0000 (0.0000) kl_rep_term 0.0000 (0.0000) kl_proj_rep_term 0.0000 (0.0000) kl_term 0.0000 (0.0000) kl_normalizer 50.0000 (50.0000) kl_beta 0.5814 (0.5814) lr 3.4549e-04 eta 0:11:31
epoch [33/50] batch [20/50] time 0.914 (0.802) data 0.000 (0.030) loss 0.0501 (0.0631) acc 100.0000 (99.8438) data_term 0.0501 (0.0630) raw_kl_rep 407.8667 (406.4171) raw_kl_proj_rep 0.0000 (0.0000) kl_rep_term 0.0000 (0.0000) kl_proj_rep_term 0.0000 (0.0000) kl_term 0.0000 (0.0000) kl_normalizer 50.0000 (50.0000) kl_beta 0.6047 (0.6047) lr 3.1594e-04 eta 0:11:45
epoch [33/50] batch [40/50] time 0.901 (0.769) data 0.000 (0.016) loss 0.0537 (0.0630) acc 100.0000 (99.8438) data_term 0.0537 (0.0629) raw_kl_rep 410.0073 (407.7312) raw_kl_proj_rep 0.0000 (0.0000) kl_rep_term 0.0000 (0.0000) kl_proj_rep_term 0.0000 (0.0000) kl_term 0.0000 (0.0000) kl_normalizer 50.0000 (50.0000) kl_beta 0.6047 (0.6047) lr 3.1594e-04 eta 0:11:01
epoch [34/50] batch [20/50] time 0.373 (0.834) data 0.000 (0.046) loss 0.0449 (0.0546) acc 100.0000 (99.6875) data_term 0.0449 (0.0546) raw_kl_rep 414.8165 (413.2896) raw_kl_proj_rep 0.0000 (0.0000) kl_rep_term 0.0000 (0.0000) kl_proj_rep_term 0.0000 (0.0000) kl_term 0.0000 (0.0000) kl_normalizer 50.0000 (50.0000) kl_beta 0.6279 (0.6279) lr 2.8711e-04 eta 0:11:32
epoch [34/50] batch [40/50] time 0.362 (0.783) data 0.000 (0.023) loss 0.0564 (0.0608) acc 100.0000 (99.5312) data_term 0.0564 (0.0608) raw_kl_rep 417.6909 (414.8368) raw_kl_proj_rep 0.0000 (0.0000) kl_rep_term 0.0000 (0.0000) kl_proj_rep_term 0.0000 (0.0000) kl_term 0.0000 (0.0000) kl_normalizer 50.0000 (50.0000) kl_beta 0.6279 (0.6279) lr 2.8711e-04 eta 0:10:34
epoch [35/50] batch [20/50] time 0.590 (0.794) data 0.000 (0.042) loss 0.0545 (0.0602) acc 100.0000 (99.6875) data_term 0.0545 (0.0602) raw_kl_rep 421.3902 (420.0836) raw_kl_proj_rep 0.0000 (0.0000) kl_rep_term 0.0000 (0.0000) kl_proj_rep_term 0.0000 (0.0000) kl_term 0.0000 (0.0000) kl_normalizer 50.0000 (50.0000) kl_beta 0.6512 (0.6512) lr 2.5912e-04 eta 0:10:19
epoch [35/50] batch [40/50] time 0.738 (0.675) data 0.000 (0.022) loss 0.0368 (0.0552) acc 100.0000 (99.8438) data_term 0.0368 (0.0552) raw_kl_rep 424.0131 (421.4605) raw_kl_proj_rep 0.0000 (0.0000) kl_rep_term 0.0000 (0.0000) kl_proj_rep_term 0.0000 (0.0000) kl_term 0.0000 (0.0000) kl_normalizer 50.0000 (50.0000) kl_beta 0.6512 (0.6512) lr 2.5912e-04 eta 0:08:32
epoch [36/50] batch [20/50] time 0.763 (0.724) data 0.045 (0.028) loss 0.0334 (0.0437) acc 100.0000 (100.0000) data_term 0.0334 (0.0437) raw_kl_rep 426.6690 (425.8405) raw_kl_proj_rep 0.0000 (0.0000) kl_rep_term 0.0000 (0.0000) kl_proj_rep_term 0.0000 (0.0000) kl_term 0.0000 (0.0000) kl_normalizer 50.0000 (50.0000) kl_beta 0.6744 (0.6744) lr 2.3209e-04 eta 0:08:48
epoch [36/50] batch [40/50] time 0.854 (0.616) data 0.000 (0.014) loss 0.0439 (0.0493) acc 100.0000 (100.0000) data_term 0.0439 (0.0493) raw_kl_rep 428.5903 (426.7471) raw_kl_proj_rep 0.0000 (0.0000) kl_rep_term 0.0000 (0.0000) kl_proj_rep_term 0.0000 (0.0000) kl_term 0.0000 (0.0000) kl_normalizer 50.0000 (50.0000) kl_beta 0.6744 (0.6744) lr 2.3209e-04 eta 0:07:17
epoch [37/50] batch [20/50] time 0.544 (0.600) data 0.000 (0.027) loss 0.0477 (0.0671) acc 100.0000 (99.6875) data_term 0.0477 (0.0671) raw_kl_rep 431.4764 (430.5096) raw_kl_proj_rep 0.0000 (0.0000) kl_rep_term 0.0000 (0.0000) kl_proj_rep_term 0.0000 (0.0000) kl_term 0.0000 (0.0000) kl_normalizer 50.0000 (50.0000) kl_beta 0.6977 (0.6977) lr 2.0611e-04 eta 0:06:47
epoch [37/50] batch [40/50] time 0.953 (0.549) data 0.000 (0.014) loss 0.0533 (0.0622) acc 100.0000 (99.8438) data_term 0.0533 (0.0622) raw_kl_rep 433.1367 (431.4817) raw_kl_proj_rep 0.0000 (0.0000) kl_rep_term 0.0000 (0.0000) kl_proj_rep_term 0.0000 (0.0000) kl_term 0.0000 (0.0000) kl_normalizer 50.0000 (50.0000) kl_beta 0.6977 (0.6977) lr 2.0611e-04 eta 0:06:02
epoch [38/50] batch [20/50] time 0.911 (0.736) data 0.006 (0.030) loss 0.0342 (0.0563) acc 100.0000 (99.3750) data_term 0.0342 (0.0563) raw_kl_rep 434.8969 (434.3871) raw_kl_proj_rep 0.0000 (0.0000) kl_rep_term 0.0000 (0.0000) kl_proj_rep_term 0.0000 (0.0000) kl_term 0.0000 (0.0000) kl_normalizer 50.0000 (50.0000) kl_beta 0.7209 (0.7209) lr 1.8129e-04 eta 0:07:43
epoch [38/50] batch [40/50] time 0.632 (0.729) data 0.000 (0.015) loss 0.0709 (0.0557) acc 96.8750 (99.6094) data_term 0.0709 (0.0557) raw_kl_rep 436.8444 (435.1404) raw_kl_proj_rep 0.0000 (0.0000) kl_rep_term 0.0000 (0.0000) kl_proj_rep_term 0.0000 (0.0000) kl_term 0.0000 (0.0000) kl_normalizer 50.0000 (50.0000) kl_beta 0.7209 (0.7209) lr 1.8129e-04 eta 0:07:24
epoch [39/50] batch [20/50] time 0.606 (0.782) data 0.000 (0.033) loss 0.0344 (0.0485) acc 100.0000 (100.0000) data_term 0.0344 (0.0485) raw_kl_rep 439.2909 (438.5208) raw_kl_proj_rep 0.0000 (0.0000) kl_rep_term 0.0000 (0.0000) kl_proj_rep_term 0.0000 (0.0000) kl_term 0.0000 (0.0000) kl_normalizer 50.0000 (50.0000) kl_beta 0.7442 (0.7442) lr 1.5773e-04 eta 0:07:33
epoch [39/50] batch [40/50] time 0.902 (0.747) data 0.000 (0.017) loss 0.0409 (0.0527) acc 100.0000 (99.8438) data_term 0.0409 (0.0527) raw_kl_rep 440.6758 (439.2725) raw_kl_proj_rep 0.0000 (0.0000) kl_rep_term 0.0000 (0.0000) kl_proj_rep_term 0.0000 (0.0000) kl_term 0.0000 (0.0000) kl_normalizer 50.0000 (50.0000) kl_beta 0.7442 (0.7442) lr 1.5773e-04 eta 0:06:58
epoch [40/50] batch [20/50] time 0.586 (0.813) data 0.000 (0.029) loss 0.1627 (0.0529) acc 96.8750 (99.8438) data_term 0.1627 (0.0529) raw_kl_rep 442.7062 (442.0495) raw_kl_proj_rep 0.0000 (0.0000) kl_rep_term 0.0000 (0.0000) kl_proj_rep_term 0.0000 (0.0000) kl_term 0.0000 (0.0000) kl_normalizer 50.0000 (50.0000) kl_beta 0.7674 (0.7674) lr 1.3552e-04 eta 0:07:10
epoch [40/50] batch [40/50] time 0.881 (0.768) data 0.000 (0.015) loss 0.0612 (0.0526) acc 100.0000 (99.7656) data_term 0.0612 (0.0526) raw_kl_rep 443.9250 (442.7073) raw_kl_proj_rep 0.0000 (0.0000) kl_rep_term 0.0000 (0.0000) kl_proj_rep_term 0.0000 (0.0000) kl_term 0.0000 (0.0000) kl_normalizer 50.0000 (50.0000) kl_beta 0.7674 (0.7674) lr 1.3552e-04 eta 0:06:31
epoch [41/50] batch [20/50] time 0.528 (0.746) data 0.000 (0.038) loss 0.0284 (0.0531) acc 100.0000 (99.5312) data_term 0.0284 (0.0530) raw_kl_rep 445.6232 (445.2159) raw_kl_proj_rep 0.0000 (0.0000) kl_rep_term 0.0000 (0.0000) kl_proj_rep_term 0.0000 (0.0000) kl_term 0.0000 (0.0000) kl_normalizer 50.0000 (50.0000) kl_beta 0.7907 (0.7907) lr 1.1474e-04 eta 0:05:58
epoch [41/50] batch [40/50] time 0.909 (0.766) data 0.000 (0.020) loss 0.0729 (0.0510) acc 100.0000 (99.6875) data_term 0.0729 (0.0510) raw_kl_rep 446.8080 (445.7168) raw_kl_proj_rep 0.0000 (0.0000) kl_rep_term 0.0000 (0.0000) kl_proj_rep_term 0.0000 (0.0000) kl_term 0.0000 (0.0000) kl_normalizer 50.0000 (50.0000) kl_beta 0.7907 (0.7907) lr 1.1474e-04 eta 0:05:52
epoch [42/50] batch [20/50] time 0.549 (0.658) data 0.000 (0.045) loss 0.0737 (0.0508) acc 96.8750 (99.8438) data_term 0.0737 (0.0508) raw_kl_rep 448.3489 (447.9194) raw_kl_proj_rep 0.0000 (0.0000) kl_rep_term 0.0000 (0.0000) kl_proj_rep_term 0.0000 (0.0000) kl_term 0.0000 (0.0000) kl_normalizer 50.0000 (50.0000) kl_beta 0.8140 (0.8140) lr 9.5492e-05 eta 0:04:42
epoch [42/50] batch [40/50] time 0.385 (0.615) data 0.000 (0.023) loss 0.0447 (0.0532) acc 100.0000 (99.8438) data_term 0.0447 (0.0532) raw_kl_rep 449.3442 (448.4079) raw_kl_proj_rep 0.0000 (0.0000) kl_rep_term 0.0000 (0.0000) kl_proj_rep_term 0.0000 (0.0000) kl_term 0.0000 (0.0000) kl_normalizer 50.0000 (50.0000) kl_beta 0.8140 (0.8140) lr 9.5492e-05 eta 0:04:12
epoch [43/50] batch [20/50] time 0.799 (0.674) data 0.000 (0.029) loss 0.0297 (0.0704) acc 100.0000 (99.6875) data_term 0.0297 (0.0704) raw_kl_rep 451.1866 (450.6678) raw_kl_proj_rep 0.0000 (0.0000) kl_rep_term 0.0000 (0.0000) kl_proj_rep_term 0.0000 (0.0000) kl_term 0.0000 (0.0000) kl_normalizer 50.0000 (50.0000) kl_beta 0.8372 (0.8372) lr 7.7836e-05 eta 0:04:16
epoch [43/50] batch [40/50] time 0.730 (0.640) data 0.000 (0.014) loss 0.0521 (0.0561) acc 100.0000 (99.8438) data_term 0.0521 (0.0561) raw_kl_rep 452.0347 (451.1574) raw_kl_proj_rep 0.0000 (0.0000) kl_rep_term 0.0000 (0.0000) kl_proj_rep_term 0.0000 (0.0000) kl_term 0.0000 (0.0000) kl_normalizer 50.0000 (50.0000) kl_beta 0.8372 (0.8372) lr 7.7836e-05 eta 0:03:50
epoch [44/50] batch [20/50] time 0.288 (0.505) data 0.000 (0.023) loss 0.0734 (0.0471) acc 100.0000 (100.0000) data_term 0.0734 (0.0471) raw_kl_rep 452.7590 (452.5456) raw_kl_proj_rep 0.0000 (0.0000) kl_rep_term 0.0000 (0.0000) kl_proj_rep_term 0.0000 (0.0000) kl_term 0.0000 (0.0000) kl_normalizer 50.0000 (50.0000) kl_beta 0.8605 (0.8605) lr 6.1847e-05 eta 0:02:46
epoch [44/50] batch [40/50] time 0.825 (0.551) data 0.000 (0.012) loss 0.0288 (0.0511) acc 100.0000 (99.9219) data_term 0.0287 (0.0511) raw_kl_rep 453.5185 (452.8571) raw_kl_proj_rep 0.0000 (0.0000) kl_rep_term 0.0000 (0.0000) kl_proj_rep_term 0.0000 (0.0000) kl_term 0.0000 (0.0000) kl_normalizer 50.0000 (50.0000) kl_beta 0.8605 (0.8605) lr 6.1847e-05 eta 0:02:50
epoch [45/50] batch [20/50] time 0.680 (0.758) data 0.000 (0.038) loss 0.0623 (0.0491) acc 100.0000 (100.0000) data_term 0.0623 (0.0491) raw_kl_rep 454.4933 (454.2089) raw_kl_proj_rep 0.0000 (0.0000) kl_rep_term 0.0000 (0.0000) kl_proj_rep_term 0.0000 (0.0000) kl_term 0.0000 (0.0000) kl_normalizer 50.0000 (50.0000) kl_beta 0.8837 (0.8837) lr 4.7586e-05 eta 0:03:32
epoch [45/50] batch [40/50] time 0.648 (0.681) data 0.000 (0.020) loss 0.0368 (0.0518) acc 100.0000 (99.6875) data_term 0.0367 (0.0518) raw_kl_rep 455.0132 (454.4848) raw_kl_proj_rep 0.0000 (0.0000) kl_rep_term 0.0000 (0.0000) kl_proj_rep_term 0.0000 (0.0000) kl_term 0.0000 (0.0000) kl_normalizer 50.0000 (50.0000) kl_beta 0.8837 (0.8837) lr 4.7586e-05 eta 0:02:57
epoch [46/50] batch [20/50] time 0.753 (0.647) data 0.000 (0.027) loss 0.0459 (0.0455) acc 100.0000 (100.0000) data_term 0.0459 (0.0455) raw_kl_rep 455.7101 (455.5344) raw_kl_proj_rep 0.0000 (0.0000) kl_rep_term 0.0000 (0.0000) kl_proj_rep_term 0.0000 (0.0000) kl_term 0.0000 (0.0000) kl_normalizer 50.0000 (50.0000) kl_beta 0.9070 (0.9070) lr 3.5112e-05 eta 0:02:28
epoch [46/50] batch [40/50] time 0.600 (0.645) data 0.000 (0.014) loss 0.0330 (0.0483) acc 100.0000 (100.0000) data_term 0.0330 (0.0482) raw_kl_rep 456.1820 (455.7411) raw_kl_proj_rep 0.0000 (0.0000) kl_rep_term 0.0000 (0.0000) kl_proj_rep_term 0.0000 (0.0000) kl_term 0.0000 (0.0000) kl_normalizer 50.0000 (50.0000) kl_beta 0.9070 (0.9070) lr 3.5112e-05 eta 0:02:15
epoch [47/50] batch [20/50] time 0.621 (0.516) data 0.001 (0.028) loss 0.0372 (0.0534) acc 100.0000 (99.8438) data_term 0.0372 (0.0534) raw_kl_rep 456.6943 (456.5488) raw_kl_proj_rep 0.0000 (0.0000) kl_rep_term 0.0000 (0.0000) kl_proj_rep_term 0.0000 (0.0000) kl_term 0.0000 (0.0000) kl_normalizer 50.0000 (50.0000) kl_beta 0.9302 (0.9302) lr 2.4472e-05 eta 0:01:32
epoch [47/50] batch [40/50] time 0.756 (0.558) data 0.000 (0.014) loss 0.0351 (0.0499) acc 100.0000 (99.9219) data_term 0.0351 (0.0499) raw_kl_rep 457.0161 (456.7141) raw_kl_proj_rep 0.0000 (0.0000) kl_rep_term 0.0000 (0.0000) kl_proj_rep_term 0.0000 (0.0000) kl_term 0.0000 (0.0000) kl_normalizer 50.0000 (50.0000) kl_beta 0.9302 (0.9302) lr 2.4472e-05 eta 0:01:29
epoch [48/50] batch [20/50] time 0.658 (0.690) data 0.000 (0.048) loss 0.0291 (0.0500) acc 100.0000 (99.8438) data_term 0.0291 (0.0499) raw_kl_rep 457.2659 (457.1945) raw_kl_proj_rep 0.0000 (0.0000) kl_rep_term 0.0000 (0.0000) kl_proj_rep_term 0.0000 (0.0000) kl_term 0.0000 (0.0000) kl_normalizer 50.0000 (50.0000) kl_beta 0.9535 (0.9535) lr 1.5708e-05 eta 0:01:29
epoch [48/50] batch [40/50] time 0.764 (0.720) data 0.000 (0.025) loss 0.0291 (0.0476) acc 100.0000 (99.9219) data_term 0.0291 (0.0476) raw_kl_rep 457.4224 (457.2694) raw_kl_proj_rep 0.0000 (0.0000) kl_rep_term 0.0000 (0.0000) kl_proj_rep_term 0.0000 (0.0000) kl_term 0.0000 (0.0000) kl_normalizer 50.0000 (50.0000) kl_beta 0.9535 (0.9535) lr 1.5708e-05 eta 0:01:19
epoch [49/50] batch [20/50] time 0.807 (0.739) data 0.000 (0.036) loss 0.0308 (0.0476) acc 100.0000 (99.6875) data_term 0.0308 (0.0476) raw_kl_rep 457.5693 (457.5386) raw_kl_proj_rep 0.0000 (0.0000) kl_rep_term 0.0000 (0.0000) kl_proj_rep_term 0.0000 (0.0000) kl_term 0.0000 (0.0000) kl_normalizer 50.0000 (50.0000) kl_beta 0.9767 (0.9767) lr 8.8564e-06 eta 0:00:59
epoch [49/50] batch [40/50] time 0.721 (0.741) data 0.000 (0.018) loss 0.1115 (0.0468) acc 96.8750 (99.7656) data_term 0.1115 (0.0468) raw_kl_rep 457.6525 (457.5753) raw_kl_proj_rep 0.0000 (0.0000) kl_rep_term 0.0000 (0.0000) kl_proj_rep_term 0.0000 (0.0000) kl_term 0.0000 (0.0000) kl_normalizer 50.0000 (50.0000) kl_beta 0.9767 (0.9767) lr 8.8564e-06 eta 0:00:44
epoch [50/50] batch [20/50] time 0.814 (0.796) data 0.000 (0.040) loss 0.0337 (0.0565) acc 100.0000 (99.8438) data_term 0.0337 (0.0564) raw_kl_rep 457.7409 (457.7157) raw_kl_proj_rep 0.0000 (0.0000) kl_rep_term 0.0000 (0.0000) kl_proj_rep_term 0.0000 (0.0000) kl_term 0.0000 (0.0000) kl_normalizer 50.0000 (50.0000) kl_beta 1.0000 (1.0000) lr 3.9426e-06 eta 0:00:23
epoch [50/50] batch [40/50] time 0.723 (0.722) data 0.000 (0.020) loss 0.0497 (0.0519) acc 100.0000 (99.8438) data_term 0.0497 (0.0519) raw_kl_rep 457.7885 (457.7405) raw_kl_proj_rep 0.0000 (0.0000) kl_rep_term 0.0000 (0.0000) kl_proj_rep_term 0.0000 (0.0000) kl_term 0.0000 (0.0000) kl_normalizer 50.0000 (50.0000) kl_beta 1.0000 (1.0000) lr 3.9426e-06 eta 0:00:07
Checkpoint saved to output_sweeps/bayes_mmrl_rep_tokens/coarse3/search_stage/BayesMMRL/FS/fewshot_train/caltech101/shots_16/ViT-B-16/rep_zero_sig-per_token_pstd-0.1_kl-1e-6/seed1/refactor_model/model.pth.tar-50
Finish training
Deploy the last-epoch model
Evaluate on the *test* set
=> result
* total: 2,465
* correct: 2,384
* accuracy: 96.7%
* error: 3.3%
* macro_f1: 95.1%
=> structured result
* accuracy: 96.7140
* error: 3.2860
* macro_f1: 95.1021
* nll: 0.0980
* brier: 0.0495
* ece: 1.0829
Saved metrics JSON to output_sweeps/bayes_mmrl_rep_tokens/coarse3/search_stage/BayesMMRL/FS/fewshot_train/caltech101/shots_16/ViT-B-16/rep_zero_sig-per_token_pstd-0.1_kl-1e-6/seed1/test_metrics.json
Saved metrics CSV to output_sweeps/bayes_mmrl_rep_tokens/coarse3/search_stage/BayesMMRL/FS/fewshot_train/caltech101/shots_16/ViT-B-16/rep_zero_sig-per_token_pstd-0.1_kl-1e-6/seed1/test_metrics.csv
Saved calibration bins CSV to output_sweeps/bayes_mmrl_rep_tokens/coarse3/search_stage/BayesMMRL/FS/fewshot_train/caltech101/shots_16/ViT-B-16/rep_zero_sig-per_token_pstd-0.1_kl-1e-6/seed1/test_calibration_bins.csv
Elapsed: 0:32:16
[cleanup] removed checkpoint dir: output_sweeps/bayes_mmrl_rep_tokens/coarse3/search_stage/BayesMMRL/FS/fewshot_train/caltech101/shots_16/ViT-B-16/rep_zero_sig-per_token_pstd-0.1_kl-1e-6/seed1/refactor_model
