============================================================
START: 2026-04-25 20:19:58
STAGE: search
GPU: 1
METHOD: BayesMMRL
PROTOCOL: FS
PHASE: fewshot_train
SUBSAMPLE: all
EXEC_MODE: online
DATASET: ucf101
SHOTS: 16
SEED: 1
TAG: rep_zero_sig-per_token_pstd-1.0_kl-1e-4
DATA_ROOT: DATASETS
OUTPUT_ROOT: output_sweeps/bayes_mmrl_rep_tokens/coarse3/search_stage
BACKBONE: ViT-B/16
PROTOCOL_CFG: configs/protocols/fs.yaml
JOBS_PER_GPU: 2
============================================================
[run] rep_tokens | dataset=ucf101 | shot=16 | seed=1 | tag=rep_zero_sig-per_token_pstd-1.0_kl-1e-4
[info] rep_tokens-only stage
[info] EVAL_MODE=mc_predictive, EVAL_AGGREGATION=logit_mean
[info] KL_WARMUP_EPOCHS=6
Setting fixed seed: 1
***************
** Arguments **
***************
dataset_config_file: configs/datasets/ucf101.yaml
eval_only: False
exec_mode: online
exp_config: 
load_epoch: None
method: BayesMMRL
method_config_file: configs/methods/bayesmmrl.yaml
model_dir: 
no_train: False
opts: ['DATASET.NUM_SHOTS', '16', 'DATASET.SUBSAMPLE_CLASSES', 'all', 'MODEL.BACKBONE.NAME', 'ViT-B/16', 'BAYES_MMRL.ALPHA', '0.7', 'BAYES_MMRL.REG_WEIGHT', '0.5', 'BAYES_MMRL.N_REP_TOKENS', '5', 'BAYES_MMRL.REP_LAYERS', '[6,7,8,9,10,11,12]', 'BAYES_MMRL.REP_DIM', '512', 'BAYES_MMRL.N_MC_TRAIN', '3', 'BAYES_MMRL.N_MC_TEST', '10', 'BAYES_MMRL.EVAL_MODE', 'mc_predictive', 'BAYES_MMRL.EVAL_USE_POSTERIOR_MEAN', 'False', 'BAYES_MMRL.EVAL_AGGREGATION', 'logit_mean', 'BAYES_MMRL.KL_WARMUP_EPOCHS', '6', 'BAYES_MMRL.BAYES_TARGET', 'rep_tokens', 'BAYES_MMRL.REP_PRIOR_MODE', 'zero', 'BAYES_MMRL.REP_SIGMA_MODE', 'per_token', 'BAYES_MMRL.REP_PRIOR_STD', '1.0', 'BAYES_MMRL.REP_KL_WEIGHT', '1e-4']
output_dir: output_sweeps/bayes_mmrl_rep_tokens/coarse3/search_stage/BayesMMRL/FS/fewshot_train/ucf101/shots_16/ViT-B-16/rep_zero_sig-per_token_pstd-1.0_kl-1e-4/seed1
protocol: FS
protocol_config_file: configs/protocols/fs.yaml
root: DATASETS
runtime_config_file: configs/runtime/default.yaml
seed: 1
trainer: RefactorRunner
************
** Config **
************
BAYES_MMRL:
  ALPHA: 0.7
  BAYES_TARGET: rep_tokens
  CLIP_PRIOR_BLEND: 0.5
  CLIP_PRIOR_SCALE: 0.05
  EVAL_AGGREGATION: logit_mean
  EVAL_MODE: mc_predictive
  EVAL_USE_POSTERIOR_MEAN: False
  KL_WARMUP_EPOCHS: 6
  KL_WEIGHT: 0.0005
  N_MC_TEST: 10
  N_MC_TRAIN: 3
  N_REP_TOKENS: 5
  PREC: amp
  PRIOR_STD: 0.05
  PROJ_REP_KL_WEIGHT: 1e-06
  PROJ_REP_PRIOR_MODE: clip_proj
  PROJ_REP_PRIOR_STD: 0.01
  PROJ_REP_SIGMA_MODE: row
  REG_WEIGHT: 0.5
  REP_DIM: 512
  REP_KL_WEIGHT: 0.0001
  REP_LAYERS: [6, 7, 8, 9, 10, 11, 12]
  REP_MN_ENFORCE_TRACE: True
  REP_MN_LOWRANK_RANK: 8
  REP_PRIOR_MODE: zero
  REP_PRIOR_STD: 1.0
  REP_SIGMA_MODE: per_token
  SIGMA_MODE: global
CLIP_ADAPTERS:
  ALLOW_CACHE: True
  BAYES_KL_SCALE: 1.0
  BAYES_PRIOR_STD: 0.01
  CONSTRAINT: none
  ENHANCED_BASE: none
  INIT: ZS
  KL_WEIGHT: 0.0001
  N_SAMPLES: 3
  N_TEST_SAMPLES: 10
  PREC: fp32
  TYPE: MP
DATALOADER:
  K_TRANSFORMS: 1
  NUM_WORKERS: 2
  RETURN_IMG0: False
  TEST:
    BATCH_SIZE: 250
    SAMPLER: SequentialSampler
  TRAIN_U:
    BATCH_SIZE: 32
    N_DOMAIN: 0
    N_INS: 16
    SAME_AS_X: True
    SAMPLER: RandomSampler
  TRAIN_X:
    BATCH_SIZE: 32
    N_DOMAIN: 0
    N_INS: 16
    SAMPLER: RandomSampler
DATASET:
  ALL_AS_UNLABELED: False
  CIFAR_C_LEVEL: 1
  CIFAR_C_TYPE: 
  NAME: UCF101
  NUM_LABELED: -1
  NUM_SHOTS: 16
  ROOT: DATASETS
  SOURCE_DOMAINS: ()
  STL10_FOLD: -1
  SUBSAMPLE_CLASSES: all
  TARGET_DOMAINS: ()
  VAL_PERCENT: 0.1
INPUT:
  COLORJITTER_B: 0.4
  COLORJITTER_C: 0.4
  COLORJITTER_H: 0.1
  COLORJITTER_S: 0.4
  CROP_PADDING: 4
  CUTOUT_LEN: 16
  CUTOUT_N: 1
  GB_K: 21
  GB_P: 0.5
  GN_MEAN: 0.0
  GN_STD: 0.15
  INTERPOLATION: bicubic
  NO_TRANSFORM: False
  PIXEL_MEAN: [0.48145466, 0.4578275, 0.40821073]
  PIXEL_STD: [0.26862954, 0.26130258, 0.27577711]
  RANDAUGMENT_M: 10
  RANDAUGMENT_N: 2
  RGS_P: 0.2
  RRCROP_SCALE: (0.5, 1)
  SIZE: (224, 224)
  TRANSFORMS: ('random_resized_crop', 'random_flip', 'normalize')
METHOD:
  EXEC_MODE: online
  FAMILY: internal_adaptation
  NAME: BayesMMRL
  TAG: default
MMRL:
  ALPHA: 0.7
  N_REP_TOKENS: 5
  PREC: amp
  REG_WEIGHT: 1.0
  REP_DIM: 512
  REP_LAYERS: [6, 7, 8, 9, 10, 11, 12]
MMRLPP:
  ALPHA: 0.7
  BETA: 0.9
  N_REP_TOKENS: 5
  PREC: amp
  PROJ_LORA_DIM: 64
  REG_WEIGHT: 1.0
  REP_DIM: 512
  REP_LAYERS: [6, 7, 8, 9, 10, 11, 12]
  RES_LORA_DIM: 4
MMRL_MIX:
  ALPHA: 0.7
  LOSS_FUSE_WEIGHT: 0.2
  LOSS_MAIN_WEIGHT: 1.0
  LOSS_REP_WEIGHT: 1.0
  N_REP_TOKENS: 5
  PREC: amp
  REG_WEIGHT: 1.0
  REP_DIM: 512
  REP_LAYERS: [6, 7, 8, 9, 10, 11, 12]
MODEL:
  BACKBONE:
    NAME: ViT-B/16
    PRETRAINED: True
  HEAD:
    ACTIVATION: relu
    BN: True
    DROPOUT: 0.0
    HIDDEN_LAYERS: ()
    NAME: 
  INIT_WEIGHTS: 
OPTIM:
  ADAM_BETA1: 0.9
  ADAM_BETA2: 0.999
  BASE_LR_MULT: 0.1
  GAMMA: 0.1
  LR: 0.001
  LR_SCHEDULER: cosine
  MAX_EPOCH: 50
  MOMENTUM: 0.9
  NAME: adamw
  NEW_LAYERS: ()
  RMSPROP_ALPHA: 0.99
  SGD_DAMPNING: 0
  SGD_NESTEROV: False
  STAGED_LR: False
  STEPSIZE: (-1,)
  WARMUP_CONS_LR: 1e-05
  WARMUP_EPOCH: 1
  WARMUP_MIN_LR: 1e-05
  WARMUP_RECOUNT: True
  WARMUP_TYPE: constant
  WEIGHT_DECAY: 0.0005
OUTPUT_DIR: output_sweeps/bayes_mmrl_rep_tokens/coarse3/search_stage/BayesMMRL/FS/fewshot_train/ucf101/shots_16/ViT-B-16/rep_zero_sig-per_token_pstd-1.0_kl-1e-4/seed1
PROTOCOL:
  NAME: FS
  PHASE: fewshot_train
RESUME: 
RUNTIME:
  OUTPUT_ROOT: output_refactor
  USE_DASSL_TRAINER_BRIDGE: True
SEED: 1
TASK: FS
TEST:
  COMPUTE_CMAT: False
  EVALUATOR: Classification
  FINAL_MODEL: last_step
  NO_TEST: False
  PER_CLASS_RESULT: False
  SPLIT: test
TRAIN:
  CHECKPOINT_FREQ: 0
  COUNT_ITER: train_x
  PRINT_FREQ: 20
TRAINER:
  BayesMMRL:
    ALPHA: 0.7
    BAYES_TARGET: rep_tokens
    CLIP_PRIOR_BLEND: 0.5
    CLIP_PRIOR_SCALE: 0.05
    EVAL_AGGREGATION: logit_mean
    EVAL_MODE: mc_predictive
    EVAL_USE_POSTERIOR_MEAN: False
    KL_WARMUP_EPOCHS: 6
    KL_WEIGHT: 0.0001
    N_MC_TEST: 10
    N_MC_TRAIN: 3
    N_REP_TOKENS: 5
    PREC: amp
    PRIOR_STD: 1.0
    PROJ_REP_KL_WEIGHT: 1e-06
    PROJ_REP_PRIOR_MODE: clip_proj
    PROJ_REP_PRIOR_STD: 0.01
    PROJ_REP_SIGMA_MODE: row
    REG_WEIGHT: 0.5
    REP_DIM: 512
    REP_KL_WEIGHT: 0.0001
    REP_LAYERS: [6, 7, 8, 9, 10, 11, 12]
    REP_MN_ENFORCE_TRACE: True
    REP_MN_LOWRANK_RANK: 8
    REP_PRIOR_MODE: zero
    REP_PRIOR_STD: 1.0
    REP_SIGMA_MODE: per_token
    SIGMA_MODE: per_token
  CDAC:
    CLASS_LR_MULTI: 10
    P_THRESH: 0.95
    RAMPUP_COEF: 30
    RAMPUP_ITRS: 1000
    STRONG_TRANSFORMS: ()
    TOPK_MATCH: 5
  CROSSGRAD:
    ALPHA_D: 0.5
    ALPHA_F: 0.5
    EPS_D: 1.0
    EPS_F: 1.0
  ClipADAPTER:
    ALLOW_CACHE: True
    CONSTRAINT: none
    ENHANCED_BASE: none
    INIT: ZS
    PREC: fp32
    TYPE: MP
  DAEL:
    CONF_THRE: 0.95
    STRONG_TRANSFORMS: ()
    WEIGHT_U: 0.5
  DAELDG:
    CONF_THRE: 0.95
    STRONG_TRANSFORMS: ()
    WEIGHT_U: 0.5
  DDAIG:
    ALPHA: 0.5
    CLAMP: False
    CLAMP_MAX: 1.0
    CLAMP_MIN: -1.0
    G_ARCH: 
    LMDA: 0.3
    WARMUP: 0
  DOMAINMIX:
    ALPHA: 1.0
    BETA: 1.0
    TYPE: crossdomain
  ENTMIN:
    LMDA: 0.001
  FIXMATCH:
    CONF_THRE: 0.95
    STRONG_TRANSFORMS: ()
    WEIGHT_U: 1.0
  M3SDA:
    LMDA: 0.5
    N_STEP_F: 4
  MCD:
    N_STEP_F: 4
  MEANTEACHER:
    EMA_ALPHA: 0.999
    RAMPUP: 5
    WEIGHT_U: 1.0
  MIXMATCH:
    MIXUP_BETA: 0.75
    RAMPUP: 20000
    TEMP: 2.0
    WEIGHT_U: 100.0
  MME:
    LMDA: 0.1
  MMRL:
    ALPHA: 0.7
    N_REP_TOKENS: 5
    PREC: amp
    REG_WEIGHT: 1.0
    REP_DIM: 512
    REP_LAYERS: [6, 7, 8, 9, 10, 11, 12]
  MMRLMix:
    ALPHA: 0.7
    LOSS_FUSE_WEIGHT: 0.2
    LOSS_MAIN_WEIGHT: 1.0
    LOSS_REP_WEIGHT: 1.0
    N_REP_TOKENS: 5
    PREC: amp
    REG_WEIGHT: 1.0
    REP_DIM: 512
    REP_LAYERS: [6, 7, 8, 9, 10, 11, 12]
  MMRLpp:
    ALPHA: 0.7
    BETA: 0.9
    N_REP_TOKENS: 5
    PREC: amp
    PROJ_LORA_DIM: 64
    REG_WEIGHT: 1.0
    REP_DIM: 512
    REP_LAYERS: [6, 7, 8, 9, 10, 11, 12]
    RES_LORA_DIM: 4
  NAME: RefactorRunner
  SE:
    CONF_THRE: 0.95
    EMA_ALPHA: 0.999
    RAMPUP: 300
USE_CUDA: True
VERBOSE: True
VERSION: 1
Collecting env info ...
** System info **
PyTorch version: 2.11.0+cu128
Is debug build: False
CUDA used to build PyTorch: 12.8
ROCM used to build PyTorch: N/A

OS: Ubuntu 22.04.1 LTS (x86_64)
GCC version: (Ubuntu 11.3.0-1ubuntu1~22.04) 11.3.0
Clang version: Could not collect
CMake version: version 3.22.1
Libc version: glibc-2.35

Python version: 3.10.20 (main, Mar 11 2026, 17:46:40) [GCC 14.3.0] (64-bit runtime)
Python platform: Linux-5.15.0-94-generic-x86_64-with-glibc2.35
Is CUDA available: True
CUDA runtime version: 11.8.89
CUDA_MODULE_LOADING set to: 
GPU models and configuration: 
GPU 0: NVIDIA GeForce RTX 5090
GPU 1: NVIDIA GeForce RTX 5090
GPU 2: NVIDIA GeForce RTX 5090
GPU 3: NVIDIA GeForce RTX 5090
GPU 4: NVIDIA GeForce RTX 5090

Nvidia driver version: 595.58.03
cuDNN version: Probably one of the following:
/usr/lib/x86_64-linux-gnu/libcudnn.so.8.6.0
/usr/lib/x86_64-linux-gnu/libcudnn_adv_infer.so.8.6.0
/usr/lib/x86_64-linux-gnu/libcudnn_adv_train.so.8.6.0
/usr/lib/x86_64-linux-gnu/libcudnn_cnn_infer.so.8.6.0
/usr/lib/x86_64-linux-gnu/libcudnn_cnn_train.so.8.6.0
/usr/lib/x86_64-linux-gnu/libcudnn_ops_infer.so.8.6.0
/usr/lib/x86_64-linux-gnu/libcudnn_ops_train.so.8.6.0
Is XPU available: False
HIP runtime version: N/A
MIOpen runtime version: N/A
Is XNNPACK available: True
Caching allocator config: N/A

CPU:
Architecture:                       x86_64
CPU op-mode(s):                     32-bit, 64-bit
Address sizes:                      52 bits physical, 57 bits virtual
Byte Order:                         Little Endian
CPU(s):                             208
On-line CPU(s) list:                0-207
Vendor ID:                          GenuineIntel
Model name:                         Intel(R) Xeon(R) Platinum 8470Q
CPU family:                         6
Model:                              143
Thread(s) per core:                 2
Core(s) per socket:                 52
Socket(s):                          2
Stepping:                           8
Frequency boost:                    enabled
CPU max MHz:                        2101.0000
CPU min MHz:                        800.0000
BogoMIPS:                           4200.00
Flags:                              fpu vme de pse tsc msr pae mce cx8 apic sep mtrr pge mca cmov pat pse36 clflush dts acpi mmx fxsr sse sse2 ss ht tm pbe syscall nx pdpe1gb rdtscp lm constant_tsc art arch_perfmon pebs bts rep_good nopl xtopology nonstop_tsc cpuid aperfmperf tsc_known_freq pni pclmulqdq dtes64 ds_cpl vmx smx est tm2 ssse3 sdbg fma cx16 xtpr pdcm pcid dca sse4_1 sse4_2 x2apic movbe popcnt tsc_deadline_timer aes xsave avx f16c rdrand lahf_lm abm 3dnowprefetch cpuid_fault epb cat_l3 cat_l2 cdp_l3 invpcid_single intel_ppin cdp_l2 ssbd mba ibrs ibpb stibp ibrs_enhanced tpr_shadow vnmi flexpriority ept vpid ept_ad fsgsbase tsc_adjust bmi1 avx2 smep bmi2 erms invpcid cqm rdt_a avx512f avx512dq rdseed adx smap avx512ifma clflushopt clwb intel_pt avx512cd sha_ni avx512bw avx512vl xsaveopt xsavec xgetbv1 xsaves cqm_llc cqm_occup_llc cqm_mbm_total cqm_mbm_local split_lock_detect avx_vnni avx512_bf16 wbnoinvd dtherm ida arat pln pts avx512vbmi umip pku ospke waitpkg avx512_vbmi2 gfni vaes vpclmulqdq avx512_vnni avx512_bitalg tme avx512_vpopcntdq la57 rdpid bus_lock_detect cldemote movdiri movdir64b enqcmd fsrm md_clear serialize tsxldtrk pconfig arch_lbr amx_bf16 avx512_fp16 amx_tile amx_int8 flush_l1d arch_capabilities
Virtualization:                     VT-x
L1d cache:                          4.9 MiB (104 instances)
L1i cache:                          3.3 MiB (104 instances)
L2 cache:                           208 MiB (104 instances)
L3 cache:                           210 MiB (2 instances)
NUMA node(s):                       2
NUMA node0 CPU(s):                  0-51,104-155
NUMA node1 CPU(s):                  52-103,156-207
Vulnerability Gather data sampling: Not affected
Vulnerability Itlb multihit:        Not affected
Vulnerability L1tf:                 Not affected
Vulnerability Mds:                  Not affected
Vulnerability Meltdown:             Not affected
Vulnerability Mmio stale data:      Not affected
Vulnerability Retbleed:             Not affected
Vulnerability Spec rstack overflow: Not affected
Vulnerability Spec store bypass:    Mitigation; Speculative Store Bypass disabled via prctl and seccomp
Vulnerability Spectre v1:           Mitigation; usercopy/swapgs barriers and __user pointer sanitization
Vulnerability Spectre v2:           Mitigation; Enhanced IBRS, IBPB conditional, RSB filling, PBRSB-eIBRS SW sequence
Vulnerability Srbds:                Not affected
Vulnerability Tsx async abort:      Not affected

Versions of relevant libraries:
[pip3] flake8==3.7.9
[pip3] numpy==2.2.6
[pip3] nvidia-cublas-cu12==12.8.4.1
[pip3] nvidia-cuda-cupti-cu12==12.8.90
[pip3] nvidia-cuda-nvrtc-cu12==12.8.93
[pip3] nvidia-cuda-runtime-cu12==12.8.90
[pip3] nvidia-cudnn-cu12==9.19.0.56
[pip3] nvidia-cufft-cu12==11.3.3.83
[pip3] nvidia-curand-cu12==10.3.9.90
[pip3] nvidia-cusolver-cu12==11.7.3.90
[pip3] nvidia-cusparse-cu12==12.5.8.93
[pip3] nvidia-cusparselt-cu12==0.7.1
[pip3] nvidia-nccl-cu12==2.28.9
[pip3] nvidia-nvjitlink-cu12==12.8.93
[pip3] nvidia-nvtx-cu12==12.8.90
[pip3] torch==2.11.0+cu128
[pip3] torchaudio==2.11.0+cu128
[pip3] torchvision==0.26.0+cu128
[pip3] triton==3.6.0
[conda] numpy                     2.2.6                    pypi_0    pypi
[conda] nvidia-cublas-cu12        12.8.4.1                 pypi_0    pypi
[conda] nvidia-cuda-cupti-cu12    12.8.90                  pypi_0    pypi
[conda] nvidia-cuda-nvrtc-cu12    12.8.93                  pypi_0    pypi
[conda] nvidia-cuda-runtime-cu12  12.8.90                  pypi_0    pypi
[conda] nvidia-cudnn-cu12         9.19.0.56                pypi_0    pypi
[conda] nvidia-cufft-cu12         11.3.3.83                pypi_0    pypi
[conda] nvidia-curand-cu12        10.3.9.90                pypi_0    pypi
[conda] nvidia-cusolver-cu12      11.7.3.90                pypi_0    pypi
[conda] nvidia-cusparse-cu12      12.5.8.93                pypi_0    pypi
[conda] nvidia-cusparselt-cu12    0.7.1                    pypi_0    pypi
[conda] nvidia-nccl-cu12          2.28.9                   pypi_0    pypi
[conda] nvidia-nvjitlink-cu12     12.8.93                  pypi_0    pypi
[conda] nvidia-nvtx-cu12          12.8.90                  pypi_0    pypi
[conda] torch                     2.11.0+cu128             pypi_0    pypi
[conda] torchaudio                2.11.0+cu128             pypi_0    pypi
[conda] torchvision               0.26.0+cu128             pypi_0    pypi
[conda] triton                    3.6.0                    pypi_0    pypi
        Pillow (12.1.1)

Loading trainer: RefactorRunner
Loading dataset: UCF101
Reading split from /root/autodl-tmp/MMRL/DATASETS/ucf101/split_zhou_UCF101.json
Loading preprocessed few-shot data from /root/autodl-tmp/MMRL/DATASETS/ucf101/split_fewshot/shot_16-seed_1.pkl
Building transform_train
+ random resized crop (size=(224, 224), scale=(0.5, 1))
+ random flip
+ to torch tensor of range [0, 1]
+ normalization (mean=[0.48145466, 0.4578275, 0.40821073], std=[0.26862954, 0.26130258, 0.27577711])
Building transform_test
+ resize the smaller edge to 224
+ 224x224 center crop
+ to torch tensor of range [0, 1]
+ normalization (mean=[0.48145466, 0.4578275, 0.40821073], std=[0.26862954, 0.26130258, 0.27577711])
---------  ------
Dataset    UCF101
# classes  101
# train_x  1,616
# val      404
# test     3,783
---------  ------
/root/autodl-tmp/MMRL/trainers/refactor_runner.py:61: FutureWarning: `torch.cuda.amp.GradScaler(args...)` is deprecated. Please use `torch.amp.GradScaler('cuda', args...)` instead.
  self.scaler = GradScaler() if prec == "amp" else None
[BayesMMRLMethod] trainable params: {'representation_learner.compound_rep_tokens_r2tproj.5.bias', 'representation_learner.compound_rep_tokens_r2tproj.6.bias', 'representation_learner.compound_rep_tokens_r2tproj.4.weight', 'representation_learner.compound_rep_tokens_r2vproj.0.bias', 'representation_learner.compound_rep_tokens_r2vproj.1.bias', 'representation_learner.compound_rep_tokens_r2tproj.0.weight', 'representation_learner.compound_rep_tokens_r2tproj.0.bias', 'representation_learner.compound_rep_tokens_r2vproj.4.weight', 'representation_learner.compound_rep_tokens_r2vproj.5.bias', 'representation_learner.compound_rep_tokens_r2vproj.6.weight', 'representation_learner.compound_rep_tokens_r2tproj.2.bias', 'representation_learner.compound_rep_tokens_r2vproj.3.bias', 'representation_learner.rep_posterior.posterior_rho', 'representation_learner.rep_posterior.posterior_mean', 'representation_learner.compound_rep_tokens_r2tproj.5.weight', 'representation_learner.compound_rep_tokens_r2vproj.6.bias', 'representation_learner.compound_rep_tokens_r2vproj.5.weight', 'representation_learner.compound_rep_tokens_r2vproj.0.weight', 'representation_learner.compound_rep_tokens_r2tproj.4.bias', 'representation_learner.compound_rep_tokens_r2vproj.2.weight', 'image_encoder.proj_rep', 'representation_learner.compound_rep_tokens_r2tproj.3.weight', 'representation_learner.compound_rep_tokens_r2vproj.2.bias', 'representation_learner.compound_rep_tokens_r2tproj.2.weight', 'representation_learner.compound_rep_tokens_r2vproj.1.weight', 'representation_learner.compound_rep_tokens_r2tproj.1.weight', 'representation_learner.compound_rep_tokens_r2vproj.4.bias', 'representation_learner.compound_rep_tokens_r2tproj.3.bias', 'representation_learner.compound_rep_tokens_r2tproj.1.bias', 'representation_learner.compound_rep_tokens_r2tproj.6.weight', 'representation_learner.compound_rep_tokens_r2vproj.3.weight'}
Loading evaluator: Classification
No checkpoint found, train from scratch
Initialize tensorboard (log_dir=output_sweeps/bayes_mmrl_rep_tokens/coarse3/search_stage/BayesMMRL/FS/fewshot_train/ucf101/shots_16/ViT-B-16/rep_zero_sig-per_token_pstd-1.0_kl-1e-4/seed1/tensorboard)
/root/autodl-tmp/MMRL/executors/online_executor.py:48: FutureWarning: `torch.cuda.amp.autocast(args...)` is deprecated. Please use `torch.amp.autocast('cuda', args...)` instead.
  with autocast():
epoch [1/50] batch [20/50] time 0.135 (0.184) data 0.000 (0.021) loss 2.7033 (2.8704) acc 68.7500 (62.6562) data_term 2.7033 (2.8704) raw_kl_rep 0.0000 (0.0000) raw_kl_proj_rep 0.0000 (0.0000) kl_rep_term 0.0000 (0.0000) kl_proj_rep_term 0.0000 (0.0000) kl_term 0.0000 (0.0000) kl_normalizer 50.0000 (50.0000) kl_beta 0.0000 (0.0000) lr 1.0000e-05 eta 0:07:37
epoch [1/50] batch [40/50] time 0.148 (0.154) data 0.000 (0.010) loss 2.8392 (2.8475) acc 50.0000 (61.5625) data_term 2.8392 (2.8475) raw_kl_rep 0.0000 (0.0000) raw_kl_proj_rep 0.0000 (0.0000) kl_rep_term 0.0000 (0.0000) kl_proj_rep_term 0.0000 (0.0000) kl_term 0.0000 (0.0000) kl_normalizer 50.0000 (50.0000) kl_beta 0.0000 (0.0000) lr 1.0000e-05 eta 0:06:18
epoch [2/50] batch [20/50] time 0.160 (0.166) data 0.000 (0.013) loss 2.5769 (2.5351) acc 50.0000 (64.6875) data_term 2.5769 (2.5351) raw_kl_rep 0.0000 (0.0000) raw_kl_proj_rep 0.0000 (0.0000) kl_rep_term 0.0000 (0.0000) kl_proj_rep_term 0.0000 (0.0000) kl_term 0.0000 (0.0000) kl_normalizer 50.0000 (50.0000) kl_beta 0.0000 (0.0000) lr 1.0000e-03 eta 0:06:42
epoch [2/50] batch [40/50] time 0.187 (0.157) data 0.000 (0.007) loss 2.0991 (2.3449) acc 65.6250 (66.2500) data_term 2.0991 (2.3449) raw_kl_rep 0.0000 (0.0000) raw_kl_proj_rep 0.0000 (0.0000) kl_rep_term 0.0000 (0.0000) kl_proj_rep_term 0.0000 (0.0000) kl_term 0.0000 (0.0000) kl_normalizer 50.0000 (50.0000) kl_beta 0.0000 (0.0000) lr 1.0000e-03 eta 0:06:19
epoch [3/50] batch [20/50] time 0.219 (0.229) data 0.000 (0.012) loss 1.6307 (1.7288) acc 78.1250 (72.8125) data_term 1.6307 (1.7288) raw_kl_rep 0.0000 (0.0000) raw_kl_proj_rep 0.0000 (0.0000) kl_rep_term 0.0000 (0.0000) kl_proj_rep_term 0.0000 (0.0000) kl_term 0.0000 (0.0000) kl_normalizer 50.0000 (50.0000) kl_beta 0.0000 (0.0000) lr 9.9901e-04 eta 0:09:04
epoch [3/50] batch [40/50] time 0.217 (0.223) data 0.000 (0.006) loss 1.5833 (1.7008) acc 75.0000 (71.0156) data_term 1.5833 (1.7008) raw_kl_rep 0.0000 (0.0000) raw_kl_proj_rep 0.0000 (0.0000) kl_rep_term 0.0000 (0.0000) kl_proj_rep_term 0.0000 (0.0000) kl_term 0.0000 (0.0000) kl_normalizer 50.0000 (50.0000) kl_beta 0.0000 (0.0000) lr 9.9901e-04 eta 0:08:45
epoch [4/50] batch [20/50] time 0.215 (0.227) data 0.000 (0.013) loss 1.3454 (1.3033) acc 71.8750 (75.3125) data_term 1.3454 (1.3033) raw_kl_rep 0.0000 (0.0000) raw_kl_proj_rep 0.0000 (0.0000) kl_rep_term 0.0000 (0.0000) kl_proj_rep_term 0.0000 (0.0000) kl_term 0.0000 (0.0000) kl_normalizer 50.0000 (50.0000) kl_beta 0.0000 (0.0000) lr 9.9606e-04 eta 0:08:48
epoch [4/50] batch [40/50] time 0.215 (0.221) data 0.000 (0.007) loss 1.3553 (1.3206) acc 68.7500 (74.4531) data_term 1.3553 (1.3206) raw_kl_rep 0.0000 (0.0000) raw_kl_proj_rep 0.0000 (0.0000) kl_rep_term 0.0000 (0.0000) kl_proj_rep_term 0.0000 (0.0000) kl_term 0.0000 (0.0000) kl_normalizer 50.0000 (50.0000) kl_beta 0.0000 (0.0000) lr 9.9606e-04 eta 0:08:30
epoch [5/50] batch [20/50] time 0.213 (0.231) data 0.000 (0.012) loss 0.9786 (1.1389) acc 71.8750 (75.6250) data_term 0.9786 (1.1389) raw_kl_rep 0.0000 (0.0000) raw_kl_proj_rep 0.0000 (0.0000) kl_rep_term 0.0000 (0.0000) kl_proj_rep_term 0.0000 (0.0000) kl_term 0.0000 (0.0000) kl_normalizer 50.0000 (50.0000) kl_beta 0.0000 (0.0000) lr 9.9114e-04 eta 0:08:46
epoch [5/50] batch [40/50] time 0.214 (0.224) data 0.000 (0.006) loss 0.9611 (1.1376) acc 78.1250 (75.7031) data_term 0.9611 (1.1376) raw_kl_rep 0.0000 (0.0000) raw_kl_proj_rep 0.0000 (0.0000) kl_rep_term 0.0000 (0.0000) kl_proj_rep_term 0.0000 (0.0000) kl_term 0.0000 (0.0000) kl_normalizer 50.0000 (50.0000) kl_beta 0.0000 (0.0000) lr 9.9114e-04 eta 0:08:25
epoch [6/50] batch [20/50] time 0.215 (0.230) data 0.000 (0.012) loss 1.0273 (0.9345) acc 71.8750 (79.6875) data_term 1.0273 (0.9345) raw_kl_rep 0.0000 (0.0000) raw_kl_proj_rep 0.0000 (0.0000) kl_rep_term 0.0000 (0.0000) kl_proj_rep_term 0.0000 (0.0000) kl_term 0.0000 (0.0000) kl_normalizer 50.0000 (50.0000) kl_beta 0.0000 (0.0000) lr 9.8429e-04 eta 0:08:32
epoch [6/50] batch [40/50] time 0.214 (0.223) data 0.000 (0.006) loss 0.7611 (0.9397) acc 81.2500 (78.6719) data_term 0.7611 (0.9397) raw_kl_rep 0.0000 (0.0000) raw_kl_proj_rep 0.0000 (0.0000) kl_rep_term 0.0000 (0.0000) kl_proj_rep_term 0.0000 (0.0000) kl_term 0.0000 (0.0000) kl_normalizer 50.0000 (50.0000) kl_beta 0.0000 (0.0000) lr 9.8429e-04 eta 0:08:12
epoch [7/50] batch [20/50] time 0.218 (0.229) data 0.000 (0.011) loss 0.6605 (0.7714) acc 87.5000 (84.0625) data_term 0.6605 (0.7714) raw_kl_rep 0.0000 (0.0000) raw_kl_proj_rep 0.0000 (0.0000) kl_rep_term 0.0000 (0.0000) kl_proj_rep_term 0.0000 (0.0000) kl_term 0.0000 (0.0000) kl_normalizer 50.0000 (50.0000) kl_beta 0.0000 (0.0000) lr 9.7553e-04 eta 0:08:18
epoch [7/50] batch [40/50] time 0.217 (0.222) data 0.000 (0.006) loss 1.0042 (0.8304) acc 81.2500 (83.7500) data_term 1.0042 (0.8304) raw_kl_rep 0.0000 (0.0000) raw_kl_proj_rep 0.0000 (0.0000) kl_rep_term 0.0000 (0.0000) kl_proj_rep_term 0.0000 (0.0000) kl_term 0.0000 (0.0000) kl_normalizer 50.0000 (50.0000) kl_beta 0.0000 (0.0000) lr 9.7553e-04 eta 0:07:58
epoch [8/50] batch [20/50] time 0.219 (0.230) data 0.000 (0.012) loss 0.7209 (0.8076) acc 81.2500 (82.3438) data_term 0.7208 (0.8076) raw_kl_rep 144.6743 (139.6668) raw_kl_proj_rep 0.0000 (0.0000) kl_rep_term 0.0000 (0.0000) kl_proj_rep_term 0.0000 (0.0000) kl_term 0.0000 (0.0000) kl_normalizer 50.0000 (50.0000) kl_beta 0.0233 (0.0233) lr 9.6489e-04 eta 0:08:09
epoch [8/50] batch [40/50] time 0.219 (0.223) data 0.000 (0.006) loss 0.8422 (0.7881) acc 87.5000 (83.4375) data_term 0.8421 (0.7881) raw_kl_rep 155.1810 (144.9608) raw_kl_proj_rep 0.0000 (0.0000) kl_rep_term 0.0000 (0.0000) kl_proj_rep_term 0.0000 (0.0000) kl_term 0.0000 (0.0000) kl_normalizer 50.0000 (50.0000) kl_beta 0.0233 (0.0233) lr 9.6489e-04 eta 0:07:50
epoch [9/50] batch [20/50] time 0.217 (0.226) data 0.000 (0.012) loss 0.4563 (0.6723) acc 93.7500 (88.5938) data_term 0.4563 (0.6723) raw_kl_rep 170.1001 (165.2453) raw_kl_proj_rep 0.0000 (0.0000) kl_rep_term 0.0000 (0.0000) kl_proj_rep_term 0.0000 (0.0000) kl_term 0.0000 (0.0000) kl_normalizer 50.0000 (50.0000) kl_beta 0.0465 (0.0465) lr 9.5241e-04 eta 0:07:50
epoch [9/50] batch [40/50] time 0.213 (0.221) data 0.000 (0.006) loss 0.4355 (0.7141) acc 90.6250 (87.1094) data_term 0.4355 (0.7141) raw_kl_rep 180.2794 (170.3934) raw_kl_proj_rep 0.0000 (0.0000) kl_rep_term 0.0000 (0.0000) kl_proj_rep_term 0.0000 (0.0000) kl_term 0.0000 (0.0000) kl_normalizer 50.0000 (50.0000) kl_beta 0.0465 (0.0465) lr 9.5241e-04 eta 0:07:35
epoch [10/50] batch [20/50] time 0.212 (0.227) data 0.000 (0.011) loss 0.5264 (0.6792) acc 87.5000 (86.5625) data_term 0.5264 (0.6792) raw_kl_rep 194.2227 (189.8477) raw_kl_proj_rep 0.0000 (0.0000) kl_rep_term 0.0000 (0.0000) kl_proj_rep_term 0.0000 (0.0000) kl_term 0.0000 (0.0000) kl_normalizer 50.0000 (50.0000) kl_beta 0.0698 (0.0698) lr 9.3815e-04 eta 0:07:40
epoch [10/50] batch [40/50] time 0.214 (0.221) data 0.000 (0.005) loss 0.7556 (0.6909) acc 93.7500 (86.7969) data_term 0.7555 (0.6909) raw_kl_rep 203.8193 (194.5666) raw_kl_proj_rep 0.0000 (0.0000) kl_rep_term 0.0000 (0.0000) kl_proj_rep_term 0.0000 (0.0000) kl_term 0.0000 (0.0000) kl_normalizer 50.0000 (50.0000) kl_beta 0.0698 (0.0698) lr 9.3815e-04 eta 0:07:24
epoch [11/50] batch [20/50] time 0.219 (0.230) data 0.000 (0.013) loss 0.6562 (0.6707) acc 87.5000 (87.5000) data_term 0.6561 (0.6706) raw_kl_rep 219.4930 (214.4423) raw_kl_proj_rep 0.0000 (0.0000) kl_rep_term 0.0000 (0.0000) kl_proj_rep_term 0.0000 (0.0000) kl_term 0.0000 (0.0000) kl_normalizer 50.0000 (50.0000) kl_beta 0.0930 (0.0930) lr 9.2216e-04 eta 0:07:35
epoch [11/50] batch [40/50] time 0.212 (0.222) data 0.000 (0.006) loss 0.8359 (0.6699) acc 87.5000 (88.2031) data_term 0.8358 (0.6698) raw_kl_rep 229.8680 (219.7020) raw_kl_proj_rep 0.0000 (0.0000) kl_rep_term 0.0000 (0.0000) kl_proj_rep_term 0.0000 (0.0000) kl_term 0.0000 (0.0000) kl_normalizer 50.0000 (50.0000) kl_beta 0.0930 (0.0930) lr 9.2216e-04 eta 0:07:15
epoch [12/50] batch [20/50] time 0.218 (0.229) data 0.000 (0.012) loss 0.6136 (0.5763) acc 93.7500 (92.0312) data_term 0.6136 (0.5762) raw_kl_rep 244.1002 (239.5009) raw_kl_proj_rep 0.0000 (0.0000) kl_rep_term 0.0001 (0.0001) kl_proj_rep_term 0.0000 (0.0000) kl_term 0.0001 (0.0001) kl_normalizer 50.0000 (50.0000) kl_beta 0.1163 (0.1163) lr 9.0451e-04 eta 0:07:21
epoch [12/50] batch [40/50] time 0.214 (0.222) data 0.000 (0.006) loss 0.3930 (0.5856) acc 100.0000 (90.7812) data_term 0.3929 (0.5855) raw_kl_rep 254.1669 (244.4633) raw_kl_proj_rep 0.0000 (0.0000) kl_rep_term 0.0001 (0.0001) kl_proj_rep_term 0.0000 (0.0000) kl_term 0.0001 (0.0001) kl_normalizer 50.0000 (50.0000) kl_beta 0.1163 (0.1163) lr 9.0451e-04 eta 0:07:04
epoch [13/50] batch [20/50] time 0.211 (0.228) data 0.000 (0.013) loss 0.4634 (0.5190) acc 87.5000 (93.2812) data_term 0.4633 (0.5189) raw_kl_rep 268.0662 (263.4529) raw_kl_proj_rep 0.0000 (0.0000) kl_rep_term 0.0001 (0.0001) kl_proj_rep_term 0.0000 (0.0000) kl_term 0.0001 (0.0001) kl_normalizer 50.0000 (50.0000) kl_beta 0.1395 (0.1395) lr 8.8526e-04 eta 0:07:08
epoch [13/50] batch [40/50] time 0.215 (0.221) data 0.000 (0.007) loss 0.7220 (0.5243) acc 84.3750 (92.5000) data_term 0.7220 (0.5242) raw_kl_rep 277.9221 (268.2992) raw_kl_proj_rep 0.0000 (0.0000) kl_rep_term 0.0001 (0.0001) kl_proj_rep_term 0.0000 (0.0000) kl_term 0.0001 (0.0001) kl_normalizer 50.0000 (50.0000) kl_beta 0.1395 (0.1395) lr 8.8526e-04 eta 0:06:50
epoch [14/50] batch [20/50] time 0.212 (0.227) data 0.000 (0.011) loss 0.5386 (0.5377) acc 90.6250 (91.5625) data_term 0.5385 (0.5376) raw_kl_rep 291.8694 (287.4747) raw_kl_proj_rep 0.0000 (0.0000) kl_rep_term 0.0001 (0.0001) kl_proj_rep_term 0.0000 (0.0000) kl_term 0.0001 (0.0001) kl_normalizer 50.0000 (50.0000) kl_beta 0.1628 (0.1628) lr 8.6448e-04 eta 0:06:54
epoch [14/50] batch [40/50] time 0.213 (0.221) data 0.000 (0.006) loss 0.9101 (0.5341) acc 78.1250 (92.6562) data_term 0.9100 (0.5340) raw_kl_rep 302.3789 (292.3541) raw_kl_proj_rep 0.0000 (0.0000) kl_rep_term 0.0001 (0.0001) kl_proj_rep_term 0.0000 (0.0000) kl_term 0.0001 (0.0001) kl_normalizer 50.0000 (50.0000) kl_beta 0.1628 (0.1628) lr 8.6448e-04 eta 0:06:39
epoch [15/50] batch [20/50] time 0.216 (0.229) data 0.000 (0.011) loss 0.5289 (0.5080) acc 90.6250 (92.6562) data_term 0.5288 (0.5079) raw_kl_rep 317.2475 (312.2894) raw_kl_proj_rep 0.0000 (0.0000) kl_rep_term 0.0001 (0.0001) kl_proj_rep_term 0.0000 (0.0000) kl_term 0.0001 (0.0001) kl_normalizer 50.0000 (50.0000) kl_beta 0.1860 (0.1860) lr 8.4227e-04 eta 0:06:47
epoch [15/50] batch [40/50] time 0.215 (0.222) data 0.000 (0.006) loss 0.3669 (0.5256) acc 93.7500 (92.1094) data_term 0.3667 (0.5255) raw_kl_rep 328.0065 (317.5719) raw_kl_proj_rep 0.0000 (0.0000) kl_rep_term 0.0001 (0.0001) kl_proj_rep_term 0.0000 (0.0000) kl_term 0.0001 (0.0001) kl_normalizer 50.0000 (50.0000) kl_beta 0.1860 (0.1860) lr 8.4227e-04 eta 0:06:31
epoch [16/50] batch [20/50] time 0.210 (0.227) data 0.000 (0.012) loss 0.5007 (0.4710) acc 93.7500 (95.0000) data_term 0.5005 (0.4709) raw_kl_rep 343.5188 (338.6547) raw_kl_proj_rep 0.0000 (0.0000) kl_rep_term 0.0001 (0.0001) kl_proj_rep_term 0.0000 (0.0000) kl_term 0.0001 (0.0001) kl_normalizer 50.0000 (50.0000) kl_beta 0.2093 (0.2093) lr 8.1871e-04 eta 0:06:32
epoch [16/50] batch [40/50] time 0.210 (0.221) data 0.000 (0.006) loss 0.3155 (0.4858) acc 96.8750 (94.7656) data_term 0.3154 (0.4856) raw_kl_rep 354.0479 (343.7993) raw_kl_proj_rep 0.0000 (0.0000) kl_rep_term 0.0001 (0.0001) kl_proj_rep_term 0.0000 (0.0000) kl_term 0.0001 (0.0001) kl_normalizer 50.0000 (50.0000) kl_beta 0.2093 (0.2093) lr 8.1871e-04 eta 0:06:17
epoch [17/50] batch [20/50] time 0.217 (0.229) data 0.000 (0.012) loss 0.4005 (0.4546) acc 96.8750 (94.6875) data_term 0.4004 (0.4544) raw_kl_rep 368.7833 (364.2258) raw_kl_proj_rep 0.0000 (0.0000) kl_rep_term 0.0002 (0.0002) kl_proj_rep_term 0.0000 (0.0000) kl_term 0.0002 (0.0002) kl_normalizer 50.0000 (50.0000) kl_beta 0.2326 (0.2326) lr 7.9389e-04 eta 0:06:25
epoch [17/50] batch [40/50] time 0.217 (0.223) data 0.000 (0.006) loss 0.3726 (0.4383) acc 100.0000 (95.2344) data_term 0.3725 (0.4381) raw_kl_rep 377.5591 (368.7409) raw_kl_proj_rep 0.0000 (0.0000) kl_rep_term 0.0002 (0.0002) kl_proj_rep_term 0.0000 (0.0000) kl_term 0.0002 (0.0002) kl_normalizer 50.0000 (50.0000) kl_beta 0.2326 (0.2326) lr 7.9389e-04 eta 0:06:09
epoch [18/50] batch [20/50] time 0.214 (0.231) data 0.000 (0.013) loss 0.3095 (0.4595) acc 93.7500 (95.0000) data_term 0.3093 (0.4593) raw_kl_rep 392.2056 (387.2577) raw_kl_proj_rep 0.0000 (0.0000) kl_rep_term 0.0002 (0.0002) kl_proj_rep_term 0.0000 (0.0000) kl_term 0.0002 (0.0002) kl_normalizer 50.0000 (50.0000) kl_beta 0.2558 (0.2558) lr 7.6791e-04 eta 0:06:16
epoch [18/50] batch [40/50] time 0.217 (0.223) data 0.000 (0.007) loss 0.2356 (0.4446) acc 96.8750 (95.4688) data_term 0.2354 (0.4444) raw_kl_rep 401.4016 (392.2672) raw_kl_proj_rep 0.0000 (0.0000) kl_rep_term 0.0002 (0.0002) kl_proj_rep_term 0.0000 (0.0000) kl_term 0.0002 (0.0002) kl_normalizer 50.0000 (50.0000) kl_beta 0.2558 (0.2558) lr 7.6791e-04 eta 0:05:59
epoch [19/50] batch [20/50] time 0.219 (0.230) data 0.000 (0.011) loss 0.3278 (0.4331) acc 100.0000 (96.2500) data_term 0.3275 (0.4329) raw_kl_rep 413.4577 (409.3982) raw_kl_proj_rep 0.0000 (0.0000) kl_rep_term 0.0002 (0.0002) kl_proj_rep_term 0.0000 (0.0000) kl_term 0.0002 (0.0002) kl_normalizer 50.0000 (50.0000) kl_beta 0.2791 (0.2791) lr 7.4088e-04 eta 0:06:03
epoch [19/50] batch [40/50] time 0.214 (0.222) data 0.000 (0.006) loss 0.3329 (0.4319) acc 96.8750 (95.5469) data_term 0.3327 (0.4317) raw_kl_rep 422.4650 (413.6909) raw_kl_proj_rep 0.0000 (0.0000) kl_rep_term 0.0002 (0.0002) kl_proj_rep_term 0.0000 (0.0000) kl_term 0.0002 (0.0002) kl_normalizer 50.0000 (50.0000) kl_beta 0.2791 (0.2791) lr 7.4088e-04 eta 0:05:45
epoch [20/50] batch [20/50] time 0.213 (0.229) data 0.000 (0.013) loss 0.2933 (0.3658) acc 100.0000 (96.8750) data_term 0.2930 (0.3655) raw_kl_rep 436.4414 (432.2617) raw_kl_proj_rep 0.0000 (0.0000) kl_rep_term 0.0003 (0.0003) kl_proj_rep_term 0.0000 (0.0000) kl_term 0.0003 (0.0003) kl_normalizer 50.0000 (50.0000) kl_beta 0.3023 (0.3023) lr 7.1289e-04 eta 0:05:49
epoch [20/50] batch [40/50] time 0.220 (0.223) data 0.000 (0.007) loss 0.5591 (0.3912) acc 90.6250 (95.5469) data_term 0.5589 (0.3909) raw_kl_rep 445.8937 (436.8007) raw_kl_proj_rep 0.0000 (0.0000) kl_rep_term 0.0003 (0.0003) kl_proj_rep_term 0.0000 (0.0000) kl_term 0.0003 (0.0003) kl_normalizer 50.0000 (50.0000) kl_beta 0.3023 (0.3023) lr 7.1289e-04 eta 0:05:36
epoch [21/50] batch [20/50] time 0.210 (0.230) data 0.000 (0.012) loss 0.2152 (0.3467) acc 96.8750 (97.5000) data_term 0.2149 (0.3464) raw_kl_rep 458.8181 (455.0805) raw_kl_proj_rep 0.0000 (0.0000) kl_rep_term 0.0003 (0.0003) kl_proj_rep_term 0.0000 (0.0000) kl_term 0.0003 (0.0003) kl_normalizer 50.0000 (50.0000) kl_beta 0.3256 (0.3256) lr 6.8406e-04 eta 0:05:40
epoch [21/50] batch [40/50] time 0.215 (0.223) data 0.000 (0.006) loss 0.2760 (0.3418) acc 96.8750 (96.6406) data_term 0.2757 (0.3415) raw_kl_rep 465.5797 (458.7469) raw_kl_proj_rep 0.0000 (0.0000) kl_rep_term 0.0003 (0.0003) kl_proj_rep_term 0.0000 (0.0000) kl_term 0.0003 (0.0003) kl_normalizer 50.0000 (50.0000) kl_beta 0.3256 (0.3256) lr 6.8406e-04 eta 0:05:26
epoch [22/50] batch [20/50] time 0.216 (0.225) data 0.000 (0.010) loss 0.3638 (0.3796) acc 100.0000 (96.4062) data_term 0.3635 (0.3793) raw_kl_rep 476.4960 (472.8805) raw_kl_proj_rep 0.0000 (0.0000) kl_rep_term 0.0003 (0.0003) kl_proj_rep_term 0.0000 (0.0000) kl_term 0.0003 (0.0003) kl_normalizer 50.0000 (50.0000) kl_beta 0.3488 (0.3488) lr 6.5451e-04 eta 0:05:22
epoch [22/50] batch [40/50] time 0.216 (0.221) data 0.000 (0.005) loss 0.5531 (0.3837) acc 90.6250 (96.2500) data_term 0.5528 (0.3833) raw_kl_rep 483.8541 (476.6009) raw_kl_proj_rep 0.0000 (0.0000) kl_rep_term 0.0003 (0.0003) kl_proj_rep_term 0.0000 (0.0000) kl_term 0.0003 (0.0003) kl_normalizer 50.0000 (50.0000) kl_beta 0.3488 (0.3488) lr 6.5451e-04 eta 0:05:10
epoch [23/50] batch [20/50] time 0.217 (0.227) data 0.000 (0.012) loss 0.5235 (0.3574) acc 93.7500 (96.4062) data_term 0.5232 (0.3571) raw_kl_rep 494.5801 (491.2955) raw_kl_proj_rep 0.0000 (0.0000) kl_rep_term 0.0004 (0.0004) kl_proj_rep_term 0.0000 (0.0000) kl_term 0.0004 (0.0004) kl_normalizer 50.0000 (50.0000) kl_beta 0.3721 (0.3721) lr 6.2434e-04 eta 0:05:12
epoch [23/50] batch [40/50] time 0.214 (0.220) data 0.000 (0.006) loss 0.4708 (0.3647) acc 93.7500 (96.1719) data_term 0.4705 (0.3644) raw_kl_rep 500.3015 (494.4146) raw_kl_proj_rep 0.0000 (0.0000) kl_rep_term 0.0004 (0.0004) kl_proj_rep_term 0.0000 (0.0000) kl_term 0.0004 (0.0004) kl_normalizer 50.0000 (50.0000) kl_beta 0.3721 (0.3721) lr 6.2434e-04 eta 0:04:59
epoch [24/50] batch [20/50] time 0.218 (0.229) data 0.000 (0.012) loss 0.3284 (0.3479) acc 96.8750 (97.1875) data_term 0.3280 (0.3475) raw_kl_rep 511.4254 (507.8712) raw_kl_proj_rep 0.0000 (0.0000) kl_rep_term 0.0004 (0.0004) kl_proj_rep_term 0.0000 (0.0000) kl_term 0.0004 (0.0004) kl_normalizer 50.0000 (50.0000) kl_beta 0.3953 (0.3953) lr 5.9369e-04 eta 0:05:05
epoch [24/50] batch [40/50] time 0.214 (0.223) data 0.000 (0.006) loss 0.4115 (0.3426) acc 96.8750 (96.9531) data_term 0.4111 (0.3422) raw_kl_rep 518.7157 (511.5826) raw_kl_proj_rep 0.0000 (0.0000) kl_rep_term 0.0004 (0.0004) kl_proj_rep_term 0.0000 (0.0000) kl_term 0.0004 (0.0004) kl_normalizer 50.0000 (50.0000) kl_beta 0.3953 (0.3953) lr 5.9369e-04 eta 0:04:52
epoch [25/50] batch [20/50] time 0.220 (0.231) data 0.000 (0.012) loss 0.4489 (0.3022) acc 100.0000 (98.5938) data_term 0.4484 (0.3017) raw_kl_rep 528.2786 (525.1545) raw_kl_proj_rep 0.0000 (0.0000) kl_rep_term 0.0004 (0.0004) kl_proj_rep_term 0.0000 (0.0000) kl_term 0.0004 (0.0004) kl_normalizer 50.0000 (50.0000) kl_beta 0.4186 (0.4186) lr 5.6267e-04 eta 0:04:56
epoch [25/50] batch [40/50] time 0.216 (0.224) data 0.000 (0.006) loss 0.3956 (0.3184) acc 96.8750 (97.9688) data_term 0.3952 (0.3179) raw_kl_rep 534.4399 (528.3147) raw_kl_proj_rep 0.0000 (0.0000) kl_rep_term 0.0004 (0.0004) kl_proj_rep_term 0.0000 (0.0000) kl_term 0.0004 (0.0004) kl_normalizer 50.0000 (50.0000) kl_beta 0.4186 (0.4186) lr 5.6267e-04 eta 0:04:41
epoch [26/50] batch [20/50] time 0.216 (0.229) data 0.000 (0.011) loss 0.3525 (0.3393) acc 96.8750 (97.3438) data_term 0.3520 (0.3388) raw_kl_rep 543.1645 (540.7086) raw_kl_proj_rep 0.0000 (0.0000) kl_rep_term 0.0005 (0.0005) kl_proj_rep_term 0.0000 (0.0000) kl_term 0.0005 (0.0005) kl_normalizer 50.0000 (50.0000) kl_beta 0.4419 (0.4419) lr 5.3140e-04 eta 0:04:41
epoch [26/50] batch [40/50] time 0.214 (0.222) data 0.000 (0.006) loss 0.2426 (0.3232) acc 100.0000 (97.0312) data_term 0.2421 (0.3227) raw_kl_rep 548.4686 (543.3322) raw_kl_proj_rep 0.0000 (0.0000) kl_rep_term 0.0005 (0.0005) kl_proj_rep_term 0.0000 (0.0000) kl_term 0.0005 (0.0005) kl_normalizer 50.0000 (50.0000) kl_beta 0.4419 (0.4419) lr 5.3140e-04 eta 0:04:28
epoch [27/50] batch [20/50] time 0.212 (0.230) data 0.000 (0.011) loss 0.3390 (0.2893) acc 96.8750 (97.6562) data_term 0.3385 (0.2888) raw_kl_rep 556.4576 (554.0712) raw_kl_proj_rep 0.0000 (0.0000) kl_rep_term 0.0005 (0.0005) kl_proj_rep_term 0.0000 (0.0000) kl_term 0.0005 (0.0005) kl_normalizer 50.0000 (50.0000) kl_beta 0.4651 (0.4651) lr 5.0000e-04 eta 0:04:31
epoch [27/50] batch [40/50] time 0.217 (0.222) data 0.000 (0.006) loss 0.2439 (0.3074) acc 100.0000 (97.4219) data_term 0.2433 (0.3069) raw_kl_rep 561.8711 (556.6775) raw_kl_proj_rep 0.0000 (0.0000) kl_rep_term 0.0005 (0.0005) kl_proj_rep_term 0.0000 (0.0000) kl_term 0.0005 (0.0005) kl_normalizer 50.0000 (50.0000) kl_beta 0.4651 (0.4651) lr 5.0000e-04 eta 0:04:17
epoch [28/50] batch [20/50] time 0.219 (0.231) data 0.000 (0.012) loss 0.2987 (0.2894) acc 96.8750 (98.5938) data_term 0.2982 (0.2889) raw_kl_rep 570.4122 (567.6350) raw_kl_proj_rep 0.0000 (0.0000) kl_rep_term 0.0006 (0.0006) kl_proj_rep_term 0.0000 (0.0000) kl_term 0.0006 (0.0006) kl_normalizer 50.0000 (50.0000) kl_beta 0.4884 (0.4884) lr 4.6860e-04 eta 0:04:21
epoch [28/50] batch [40/50] time 0.217 (0.223) data 0.000 (0.006) loss 0.4102 (0.2875) acc 93.7500 (98.2812) data_term 0.4096 (0.2869) raw_kl_rep 575.5280 (570.4191) raw_kl_proj_rep 0.0000 (0.0000) kl_rep_term 0.0006 (0.0006) kl_proj_rep_term 0.0000 (0.0000) kl_term 0.0006 (0.0006) kl_normalizer 50.0000 (50.0000) kl_beta 0.4884 (0.4884) lr 4.6860e-04 eta 0:04:07
epoch [29/50] batch [20/50] time 0.212 (0.229) data 0.000 (0.013) loss 0.3313 (0.2955) acc 96.8750 (97.8125) data_term 0.3307 (0.2949) raw_kl_rep 583.5760 (581.1144) raw_kl_proj_rep 0.0000 (0.0000) kl_rep_term 0.0006 (0.0006) kl_proj_rep_term 0.0000 (0.0000) kl_term 0.0006 (0.0006) kl_normalizer 50.0000 (50.0000) kl_beta 0.5116 (0.5116) lr 4.3733e-04 eta 0:04:07
epoch [29/50] batch [40/50] time 0.221 (0.223) data 0.000 (0.006) loss 0.2951 (0.3105) acc 100.0000 (97.6562) data_term 0.2945 (0.3099) raw_kl_rep 588.2760 (583.6086) raw_kl_proj_rep 0.0000 (0.0000) kl_rep_term 0.0006 (0.0006) kl_proj_rep_term 0.0000 (0.0000) kl_term 0.0006 (0.0006) kl_normalizer 50.0000 (50.0000) kl_beta 0.5116 (0.5116) lr 4.3733e-04 eta 0:03:55
epoch [30/50] batch [20/50] time 0.211 (0.225) data 0.000 (0.011) loss 0.3369 (0.2636) acc 96.8750 (97.9688) data_term 0.3363 (0.2629) raw_kl_rep 594.5861 (592.6090) raw_kl_proj_rep 0.0000 (0.0000) kl_rep_term 0.0006 (0.0006) kl_proj_rep_term 0.0000 (0.0000) kl_term 0.0006 (0.0006) kl_normalizer 50.0000 (50.0000) kl_beta 0.5349 (0.5349) lr 4.0631e-04 eta 0:03:51
epoch [30/50] batch [40/50] time 0.216 (0.219) data 0.000 (0.006) loss 0.3438 (0.2760) acc 96.8750 (98.2031) data_term 0.3432 (0.2754) raw_kl_rep 598.7231 (594.6663) raw_kl_proj_rep 0.0000 (0.0000) kl_rep_term 0.0006 (0.0006) kl_proj_rep_term 0.0000 (0.0000) kl_term 0.0006 (0.0006) kl_normalizer 50.0000 (50.0000) kl_beta 0.5349 (0.5349) lr 4.0631e-04 eta 0:03:41
epoch [31/50] batch [20/50] time 0.215 (0.227) data 0.000 (0.011) loss 0.2901 (0.2645) acc 96.8750 (98.4375) data_term 0.2894 (0.2639) raw_kl_rep 605.2305 (603.2559) raw_kl_proj_rep 0.0000 (0.0000) kl_rep_term 0.0007 (0.0007) kl_proj_rep_term 0.0000 (0.0000) kl_term 0.0007 (0.0007) kl_normalizer 50.0000 (50.0000) kl_beta 0.5581 (0.5581) lr 3.7566e-04 eta 0:03:42
epoch [31/50] batch [40/50] time 0.216 (0.221) data 0.000 (0.006) loss 0.3619 (0.2878) acc 100.0000 (97.9688) data_term 0.3612 (0.2871) raw_kl_rep 609.1356 (605.2646) raw_kl_proj_rep 0.0000 (0.0000) kl_rep_term 0.0007 (0.0007) kl_proj_rep_term 0.0000 (0.0000) kl_term 0.0007 (0.0007) kl_normalizer 50.0000 (50.0000) kl_beta 0.5581 (0.5581) lr 3.7566e-04 eta 0:03:32
epoch [32/50] batch [20/50] time 0.222 (0.229) data 0.000 (0.011) loss 0.5023 (0.2841) acc 90.6250 (98.2812) data_term 0.5016 (0.2834) raw_kl_rep 615.0345 (613.1884) raw_kl_proj_rep 0.0000 (0.0000) kl_rep_term 0.0007 (0.0007) kl_proj_rep_term 0.0000 (0.0000) kl_term 0.0007 (0.0007) kl_normalizer 50.0000 (50.0000) kl_beta 0.5814 (0.5814) lr 3.4549e-04 eta 0:03:32
epoch [32/50] batch [40/50] time 0.222 (0.222) data 0.000 (0.006) loss 0.2116 (0.2767) acc 100.0000 (98.4375) data_term 0.2109 (0.2760) raw_kl_rep 618.7718 (615.0811) raw_kl_proj_rep 0.0000 (0.0000) kl_rep_term 0.0007 (0.0007) kl_proj_rep_term 0.0000 (0.0000) kl_term 0.0007 (0.0007) kl_normalizer 50.0000 (50.0000) kl_beta 0.5814 (0.5814) lr 3.4549e-04 eta 0:03:21
epoch [33/50] batch [20/50] time 0.216 (0.231) data 0.000 (0.013) loss 0.4722 (0.2641) acc 96.8750 (98.9062) data_term 0.4715 (0.2633) raw_kl_rep 623.8776 (622.3377) raw_kl_proj_rep 0.0000 (0.0000) kl_rep_term 0.0008 (0.0008) kl_proj_rep_term 0.0000 (0.0000) kl_term 0.0008 (0.0008) kl_normalizer 50.0000 (50.0000) kl_beta 0.6047 (0.6047) lr 3.1594e-04 eta 0:03:22
epoch [33/50] batch [40/50] time 0.214 (0.223) data 0.000 (0.006) loss 0.2505 (0.2693) acc 96.8750 (98.6719) data_term 0.2498 (0.2686) raw_kl_rep 626.7612 (623.8762) raw_kl_proj_rep 0.0000 (0.0000) kl_rep_term 0.0008 (0.0008) kl_proj_rep_term 0.0000 (0.0000) kl_term 0.0008 (0.0008) kl_normalizer 50.0000 (50.0000) kl_beta 0.6047 (0.6047) lr 3.1594e-04 eta 0:03:12
epoch [34/50] batch [20/50] time 0.219 (0.229) data 0.000 (0.013) loss 0.2001 (0.2451) acc 100.0000 (98.7500) data_term 0.1993 (0.2444) raw_kl_rep 630.4938 (629.4013) raw_kl_proj_rep 0.0000 (0.0000) kl_rep_term 0.0008 (0.0008) kl_proj_rep_term 0.0000 (0.0000) kl_term 0.0008 (0.0008) kl_normalizer 50.0000 (50.0000) kl_beta 0.6279 (0.6279) lr 2.8711e-04 eta 0:03:09
epoch [34/50] batch [40/50] time 0.213 (0.222) data 0.000 (0.007) loss 0.5284 (0.2598) acc 93.7500 (98.5938) data_term 0.5276 (0.2590) raw_kl_rep 632.9326 (630.5528) raw_kl_proj_rep 0.0000 (0.0000) kl_rep_term 0.0008 (0.0008) kl_proj_rep_term 0.0000 (0.0000) kl_term 0.0008 (0.0008) kl_normalizer 50.0000 (50.0000) kl_beta 0.6279 (0.6279) lr 2.8711e-04 eta 0:02:59
epoch [35/50] batch [20/50] time 0.213 (0.226) data 0.000 (0.012) loss 0.2078 (0.2594) acc 100.0000 (99.3750) data_term 0.2069 (0.2586) raw_kl_rep 637.1823 (635.9667) raw_kl_proj_rep 0.0000 (0.0000) kl_rep_term 0.0008 (0.0008) kl_proj_rep_term 0.0000 (0.0000) kl_term 0.0008 (0.0008) kl_normalizer 50.0000 (50.0000) kl_beta 0.6512 (0.6512) lr 2.5912e-04 eta 0:02:55
epoch [35/50] batch [40/50] time 0.216 (0.220) data 0.000 (0.006) loss 0.3508 (0.2648) acc 96.8750 (98.6719) data_term 0.3499 (0.2639) raw_kl_rep 639.9489 (637.2772) raw_kl_proj_rep 0.0000 (0.0000) kl_rep_term 0.0008 (0.0008) kl_proj_rep_term 0.0000 (0.0000) kl_term 0.0008 (0.0008) kl_normalizer 50.0000 (50.0000) kl_beta 0.6512 (0.6512) lr 2.5912e-04 eta 0:02:46
epoch [36/50] batch [20/50] time 0.213 (0.229) data 0.000 (0.012) loss 0.2799 (0.2490) acc 100.0000 (99.3750) data_term 0.2790 (0.2481) raw_kl_rep 643.5656 (642.4121) raw_kl_proj_rep 0.0000 (0.0000) kl_rep_term 0.0009 (0.0009) kl_proj_rep_term 0.0000 (0.0000) kl_term 0.0009 (0.0009) kl_normalizer 50.0000 (50.0000) kl_beta 0.6744 (0.6744) lr 2.3209e-04 eta 0:02:46
epoch [36/50] batch [40/50] time 0.216 (0.222) data 0.000 (0.006) loss 0.3623 (0.2582) acc 100.0000 (98.9844) data_term 0.3614 (0.2573) raw_kl_rep 646.1517 (643.6923) raw_kl_proj_rep 0.0000 (0.0000) kl_rep_term 0.0009 (0.0009) kl_proj_rep_term 0.0000 (0.0000) kl_term 0.0009 (0.0009) kl_normalizer 50.0000 (50.0000) kl_beta 0.6744 (0.6744) lr 2.3209e-04 eta 0:02:37
epoch [37/50] batch [20/50] time 0.216 (0.224) data 0.000 (0.010) loss 0.3740 (0.2325) acc 96.8750 (99.5312) data_term 0.3731 (0.2316) raw_kl_rep 649.1437 (648.2057) raw_kl_proj_rep 0.0000 (0.0000) kl_rep_term 0.0009 (0.0009) kl_proj_rep_term 0.0000 (0.0000) kl_term 0.0009 (0.0009) kl_normalizer 50.0000 (50.0000) kl_beta 0.6977 (0.6977) lr 2.0611e-04 eta 0:02:32
epoch [37/50] batch [40/50] time 0.216 (0.220) data 0.000 (0.005) loss 0.1870 (0.2386) acc 100.0000 (99.0625) data_term 0.1861 (0.2377) raw_kl_rep 651.2131 (649.2052) raw_kl_proj_rep 0.0000 (0.0000) kl_rep_term 0.0009 (0.0009) kl_proj_rep_term 0.0000 (0.0000) kl_term 0.0009 (0.0009) kl_normalizer 50.0000 (50.0000) kl_beta 0.6977 (0.6977) lr 2.0611e-04 eta 0:02:25
epoch [38/50] batch [20/50] time 0.218 (0.230) data 0.000 (0.011) loss 0.1851 (0.2487) acc 100.0000 (98.9062) data_term 0.1842 (0.2477) raw_kl_rep 654.2246 (653.3275) raw_kl_proj_rep 0.0000 (0.0000) kl_rep_term 0.0009 (0.0009) kl_proj_rep_term 0.0000 (0.0000) kl_term 0.0009 (0.0009) kl_normalizer 50.0000 (50.0000) kl_beta 0.7209 (0.7209) lr 1.8129e-04 eta 0:02:24
epoch [38/50] batch [40/50] time 0.218 (0.223) data 0.000 (0.006) loss 0.3471 (0.2468) acc 90.6250 (98.9062) data_term 0.3462 (0.2458) raw_kl_rep 655.9400 (654.2242) raw_kl_proj_rep 0.0000 (0.0000) kl_rep_term 0.0009 (0.0009) kl_proj_rep_term 0.0000 (0.0000) kl_term 0.0009 (0.0009) kl_normalizer 50.0000 (50.0000) kl_beta 0.7209 (0.7209) lr 1.8129e-04 eta 0:02:16
epoch [39/50] batch [20/50] time 0.220 (0.225) data 0.000 (0.011) loss 0.1347 (0.2243) acc 100.0000 (98.9062) data_term 0.1337 (0.2233) raw_kl_rep 658.4144 (657.6376) raw_kl_proj_rep 0.0000 (0.0000) kl_rep_term 0.0010 (0.0010) kl_proj_rep_term 0.0000 (0.0000) kl_term 0.0010 (0.0010) kl_normalizer 50.0000 (50.0000) kl_beta 0.7442 (0.7442) lr 1.5773e-04 eta 0:02:10
epoch [39/50] batch [40/50] time 0.218 (0.221) data 0.000 (0.005) loss 0.2406 (0.2331) acc 100.0000 (99.0625) data_term 0.2396 (0.2321) raw_kl_rep 659.8973 (658.4088) raw_kl_proj_rep 0.0000 (0.0000) kl_rep_term 0.0010 (0.0010) kl_proj_rep_term 0.0000 (0.0000) kl_term 0.0010 (0.0010) kl_normalizer 50.0000 (50.0000) kl_beta 0.7442 (0.7442) lr 1.5773e-04 eta 0:02:03
epoch [40/50] batch [20/50] time 0.216 (0.227) data 0.000 (0.012) loss 0.2583 (0.2284) acc 100.0000 (99.2188) data_term 0.2573 (0.2274) raw_kl_rep 662.1719 (661.5716) raw_kl_proj_rep 0.0000 (0.0000) kl_rep_term 0.0010 (0.0010) kl_proj_rep_term 0.0000 (0.0000) kl_term 0.0010 (0.0010) kl_normalizer 50.0000 (50.0000) kl_beta 0.7674 (0.7674) lr 1.3552e-04 eta 0:02:00
epoch [40/50] batch [40/50] time 0.216 (0.222) data 0.000 (0.006) loss 0.2400 (0.2278) acc 100.0000 (99.3750) data_term 0.2390 (0.2268) raw_kl_rep 663.5057 (662.2284) raw_kl_proj_rep 0.0000 (0.0000) kl_rep_term 0.0010 (0.0010) kl_proj_rep_term 0.0000 (0.0000) kl_term 0.0010 (0.0010) kl_normalizer 50.0000 (50.0000) kl_beta 0.7674 (0.7674) lr 1.3552e-04 eta 0:01:53
epoch [41/50] batch [20/50] time 0.217 (0.228) data 0.000 (0.011) loss 0.2073 (0.2335) acc 96.8750 (98.9062) data_term 0.2062 (0.2325) raw_kl_rep 665.5195 (664.8850) raw_kl_proj_rep 0.0000 (0.0000) kl_rep_term 0.0011 (0.0011) kl_proj_rep_term 0.0000 (0.0000) kl_term 0.0011 (0.0011) kl_normalizer 50.0000 (50.0000) kl_beta 0.7907 (0.7907) lr 1.1474e-04 eta 0:01:49
epoch [41/50] batch [40/50] time 0.216 (0.222) data 0.000 (0.006) loss 0.2808 (0.2362) acc 100.0000 (98.9844) data_term 0.2798 (0.2352) raw_kl_rep 666.6192 (665.4891) raw_kl_proj_rep 0.0000 (0.0000) kl_rep_term 0.0011 (0.0011) kl_proj_rep_term 0.0000 (0.0000) kl_term 0.0011 (0.0011) kl_normalizer 50.0000 (50.0000) kl_beta 0.7907 (0.7907) lr 1.1474e-04 eta 0:01:42
epoch [42/50] batch [20/50] time 0.213 (0.225) data 0.000 (0.012) loss 0.2100 (0.2338) acc 100.0000 (98.7500) data_term 0.2089 (0.2327) raw_kl_rep 668.1055 (667.6233) raw_kl_proj_rep 0.0000 (0.0000) kl_rep_term 0.0011 (0.0011) kl_proj_rep_term 0.0000 (0.0000) kl_term 0.0011 (0.0011) kl_normalizer 50.0000 (50.0000) kl_beta 0.8140 (0.8140) lr 9.5492e-05 eta 0:01:36
epoch [42/50] batch [40/50] time 0.217 (0.220) data 0.000 (0.006) loss 0.1714 (0.2354) acc 100.0000 (99.2188) data_term 0.1703 (0.2343) raw_kl_rep 669.1559 (668.1521) raw_kl_proj_rep 0.0000 (0.0000) kl_rep_term 0.0011 (0.0011) kl_proj_rep_term 0.0000 (0.0000) kl_term 0.0011 (0.0011) kl_normalizer 50.0000 (50.0000) kl_beta 0.8140 (0.8140) lr 9.5492e-05 eta 0:01:30
epoch [43/50] batch [20/50] time 0.216 (0.225) data 0.000 (0.009) loss 0.2282 (0.2459) acc 100.0000 (98.9062) data_term 0.2271 (0.2448) raw_kl_rep 670.5231 (670.0987) raw_kl_proj_rep 0.0000 (0.0000) kl_rep_term 0.0011 (0.0011) kl_proj_rep_term 0.0000 (0.0000) kl_term 0.0011 (0.0011) kl_normalizer 50.0000 (50.0000) kl_beta 0.8372 (0.8372) lr 7.7836e-05 eta 0:01:25
epoch [43/50] batch [40/50] time 0.216 (0.221) data 0.000 (0.005) loss 0.2784 (0.2433) acc 96.8750 (98.9062) data_term 0.2773 (0.2421) raw_kl_rep 671.3882 (670.5338) raw_kl_proj_rep 0.0000 (0.0000) kl_rep_term 0.0011 (0.0011) kl_proj_rep_term 0.0000 (0.0000) kl_term 0.0011 (0.0011) kl_normalizer 50.0000 (50.0000) kl_beta 0.8372 (0.8372) lr 7.7836e-05 eta 0:01:19
epoch [44/50] batch [20/50] time 0.212 (0.230) data 0.000 (0.013) loss 0.1418 (0.2088) acc 100.0000 (99.2188) data_term 0.1406 (0.2076) raw_kl_rep 672.4282 (672.1382) raw_kl_proj_rep 0.0000 (0.0000) kl_rep_term 0.0012 (0.0012) kl_proj_rep_term 0.0000 (0.0000) kl_term 0.0012 (0.0012) kl_normalizer 50.0000 (50.0000) kl_beta 0.8605 (0.8605) lr 6.1847e-05 eta 0:01:15
epoch [44/50] batch [40/50] time 0.219 (0.224) data 0.000 (0.006) loss 0.2555 (0.2210) acc 96.8750 (98.9844) data_term 0.2544 (0.2198) raw_kl_rep 673.0346 (672.4392) raw_kl_proj_rep 0.0000 (0.0000) kl_rep_term 0.0012 (0.0012) kl_proj_rep_term 0.0000 (0.0000) kl_term 0.0012 (0.0012) kl_normalizer 50.0000 (50.0000) kl_beta 0.8605 (0.8605) lr 6.1847e-05 eta 0:01:09
epoch [45/50] batch [20/50] time 0.217 (0.228) data 0.000 (0.010) loss 0.2663 (0.2126) acc 100.0000 (98.9062) data_term 0.2651 (0.2114) raw_kl_rep 673.8085 (673.6037) raw_kl_proj_rep 0.0000 (0.0000) kl_rep_term 0.0012 (0.0012) kl_proj_rep_term 0.0000 (0.0000) kl_term 0.0012 (0.0012) kl_normalizer 50.0000 (50.0000) kl_beta 0.8837 (0.8837) lr 4.7586e-05 eta 0:01:03
epoch [45/50] batch [40/50] time 0.215 (0.222) data 0.000 (0.005) loss 0.3251 (0.2203) acc 100.0000 (99.2969) data_term 0.3239 (0.2191) raw_kl_rep 674.2866 (673.8313) raw_kl_proj_rep 0.0000 (0.0000) kl_rep_term 0.0012 (0.0012) kl_proj_rep_term 0.0000 (0.0000) kl_term 0.0012 (0.0012) kl_normalizer 50.0000 (50.0000) kl_beta 0.8837 (0.8837) lr 4.7586e-05 eta 0:00:57
epoch [46/50] batch [20/50] time 0.215 (0.230) data 0.000 (0.011) loss 0.1835 (0.2270) acc 100.0000 (98.9062) data_term 0.1823 (0.2258) raw_kl_rep 674.8405 (674.6932) raw_kl_proj_rep 0.0000 (0.0000) kl_rep_term 0.0012 (0.0012) kl_proj_rep_term 0.0000 (0.0000) kl_term 0.0012 (0.0012) kl_normalizer 50.0000 (50.0000) kl_beta 0.9070 (0.9070) lr 3.5112e-05 eta 0:00:52
epoch [46/50] batch [40/50] time 0.216 (0.223) data 0.000 (0.006) loss 0.2383 (0.2240) acc 100.0000 (99.0625) data_term 0.2371 (0.2228) raw_kl_rep 675.1693 (674.8550) raw_kl_proj_rep 0.0000 (0.0000) kl_rep_term 0.0012 (0.0012) kl_proj_rep_term 0.0000 (0.0000) kl_term 0.0012 (0.0012) kl_normalizer 50.0000 (50.0000) kl_beta 0.9070 (0.9070) lr 3.5112e-05 eta 0:00:46
epoch [47/50] batch [20/50] time 0.217 (0.230) data 0.000 (0.012) loss 0.3444 (0.2365) acc 100.0000 (99.8438) data_term 0.3432 (0.2353) raw_kl_rep 675.6432 (675.5214) raw_kl_proj_rep 0.0000 (0.0000) kl_rep_term 0.0013 (0.0013) kl_proj_rep_term 0.0000 (0.0000) kl_term 0.0013 (0.0013) kl_normalizer 50.0000 (50.0000) kl_beta 0.9302 (0.9302) lr 2.4472e-05 eta 0:00:41
epoch [47/50] batch [40/50] time 0.215 (0.223) data 0.000 (0.006) loss 0.1695 (0.2188) acc 100.0000 (99.6094) data_term 0.1682 (0.2175) raw_kl_rep 675.8810 (675.6484) raw_kl_proj_rep 0.0000 (0.0000) kl_rep_term 0.0013 (0.0013) kl_proj_rep_term 0.0000 (0.0000) kl_term 0.0013 (0.0013) kl_normalizer 50.0000 (50.0000) kl_beta 0.9302 (0.9302) lr 2.4472e-05 eta 0:00:35
epoch [48/50] batch [20/50] time 0.218 (0.223) data 0.000 (0.011) loss 0.1975 (0.1979) acc 100.0000 (99.6875) data_term 0.1962 (0.1966) raw_kl_rep 676.1703 (676.0931) raw_kl_proj_rep 0.0000 (0.0000) kl_rep_term 0.0013 (0.0013) kl_proj_rep_term 0.0000 (0.0000) kl_term 0.0013 (0.0013) kl_normalizer 50.0000 (50.0000) kl_beta 0.9535 (0.9535) lr 1.5708e-05 eta 0:00:29
epoch [48/50] batch [40/50] time 0.220 (0.220) data 0.000 (0.005) loss 0.3350 (0.2171) acc 96.8750 (99.2188) data_term 0.3337 (0.2158) raw_kl_rep 676.3448 (676.1780) raw_kl_proj_rep 0.0000 (0.0000) kl_rep_term 0.0013 (0.0013) kl_proj_rep_term 0.0000 (0.0000) kl_term 0.0013 (0.0013) kl_normalizer 50.0000 (50.0000) kl_beta 0.9535 (0.9535) lr 1.5708e-05 eta 0:00:24
epoch [49/50] batch [20/50] time 0.214 (0.230) data 0.000 (0.013) loss 0.2964 (0.2316) acc 100.0000 (99.3750) data_term 0.2951 (0.2303) raw_kl_rep 676.5221 (676.4770) raw_kl_proj_rep 0.0000 (0.0000) kl_rep_term 0.0013 (0.0013) kl_proj_rep_term 0.0000 (0.0000) kl_term 0.0013 (0.0013) kl_normalizer 50.0000 (50.0000) kl_beta 0.9767 (0.9767) lr 8.8564e-06 eta 0:00:18
epoch [49/50] batch [40/50] time 0.213 (0.223) data 0.000 (0.006) loss 0.2044 (0.2269) acc 96.8750 (99.4531) data_term 0.2030 (0.2256) raw_kl_rep 676.6172 (676.5233) raw_kl_proj_rep 0.0000 (0.0000) kl_rep_term 0.0013 (0.0013) kl_proj_rep_term 0.0000 (0.0000) kl_term 0.0013 (0.0013) kl_normalizer 50.0000 (50.0000) kl_beta 0.9767 (0.9767) lr 8.8564e-06 eta 0:00:13
epoch [50/50] batch [20/50] time 0.215 (0.229) data 0.000 (0.012) loss 0.2076 (0.2177) acc 100.0000 (99.6875) data_term 0.2063 (0.2163) raw_kl_rep 676.7269 (676.7017) raw_kl_proj_rep 0.0000 (0.0000) kl_rep_term 0.0014 (0.0014) kl_proj_rep_term 0.0000 (0.0000) kl_term 0.0014 (0.0014) kl_normalizer 50.0000 (50.0000) kl_beta 1.0000 (1.0000) lr 3.9426e-06 eta 0:00:06
epoch [50/50] batch [40/50] time 0.215 (0.222) data 0.000 (0.006) loss 0.2394 (0.2247) acc 96.8750 (99.4531) data_term 0.2380 (0.2233) raw_kl_rep 676.7731 (676.7266) raw_kl_proj_rep 0.0000 (0.0000) kl_rep_term 0.0014 (0.0014) kl_proj_rep_term 0.0000 (0.0000) kl_term 0.0014 (0.0014) kl_normalizer 50.0000 (50.0000) kl_beta 1.0000 (1.0000) lr 3.9426e-06 eta 0:00:02
Checkpoint saved to output_sweeps/bayes_mmrl_rep_tokens/coarse3/search_stage/BayesMMRL/FS/fewshot_train/ucf101/shots_16/ViT-B-16/rep_zero_sig-per_token_pstd-1.0_kl-1e-4/seed1/refactor_model/model.pth.tar-50
Finish training
Deploy the last-epoch model
Evaluate on the *test* set
=> result
* total: 3,783
* correct: 3,278
* accuracy: 86.7%
* error: 13.3%
* macro_f1: 86.3%
=> structured result
* accuracy: 86.6508
* error: 13.3492
* macro_f1: 86.2656
* nll: 0.4660
* brier: 0.1928
* ece: 2.0806
Saved metrics JSON to output_sweeps/bayes_mmrl_rep_tokens/coarse3/search_stage/BayesMMRL/FS/fewshot_train/ucf101/shots_16/ViT-B-16/rep_zero_sig-per_token_pstd-1.0_kl-1e-4/seed1/test_metrics.json
Saved metrics CSV to output_sweeps/bayes_mmrl_rep_tokens/coarse3/search_stage/BayesMMRL/FS/fewshot_train/ucf101/shots_16/ViT-B-16/rep_zero_sig-per_token_pstd-1.0_kl-1e-4/seed1/test_metrics.csv
Saved calibration bins CSV to output_sweeps/bayes_mmrl_rep_tokens/coarse3/search_stage/BayesMMRL/FS/fewshot_train/ucf101/shots_16/ViT-B-16/rep_zero_sig-per_token_pstd-1.0_kl-1e-4/seed1/test_calibration_bins.csv
Elapsed: 0:10:17
[cleanup] removed checkpoint dir: output_sweeps/bayes_mmrl_rep_tokens/coarse3/search_stage/BayesMMRL/FS/fewshot_train/ucf101/shots_16/ViT-B-16/rep_zero_sig-per_token_pstd-1.0_kl-1e-4/seed1/refactor_model
