============================================================
START: 2026-04-25 19:38:04
STAGE: search
GPU: 1
METHOD: BayesMMRL
PROTOCOL: FS
PHASE: fewshot_train
SUBSAMPLE: all
EXEC_MODE: online
DATASET: ucf101
SHOTS: 16
SEED: 1
TAG: rep_zero_sig-global_pstd-0.5_kl-1e-2
DATA_ROOT: DATASETS
OUTPUT_ROOT: output_sweeps/bayes_mmrl_rep_tokens/coarse3/search_stage
BACKBONE: ViT-B/16
PROTOCOL_CFG: configs/protocols/fs.yaml
JOBS_PER_GPU: 2
============================================================
[run] rep_tokens | dataset=ucf101 | shot=16 | seed=1 | tag=rep_zero_sig-global_pstd-0.5_kl-1e-2
[info] rep_tokens-only stage
[info] EVAL_MODE=mc_predictive, EVAL_AGGREGATION=logit_mean
[info] KL_WARMUP_EPOCHS=6
Setting fixed seed: 1
***************
** Arguments **
***************
dataset_config_file: configs/datasets/ucf101.yaml
eval_only: False
exec_mode: online
exp_config: 
load_epoch: None
method: BayesMMRL
method_config_file: configs/methods/bayesmmrl.yaml
model_dir: 
no_train: False
opts: ['DATASET.NUM_SHOTS', '16', 'DATASET.SUBSAMPLE_CLASSES', 'all', 'MODEL.BACKBONE.NAME', 'ViT-B/16', 'BAYES_MMRL.ALPHA', '0.7', 'BAYES_MMRL.REG_WEIGHT', '0.5', 'BAYES_MMRL.N_REP_TOKENS', '5', 'BAYES_MMRL.REP_LAYERS', '[6,7,8,9,10,11,12]', 'BAYES_MMRL.REP_DIM', '512', 'BAYES_MMRL.N_MC_TRAIN', '3', 'BAYES_MMRL.N_MC_TEST', '10', 'BAYES_MMRL.EVAL_MODE', 'mc_predictive', 'BAYES_MMRL.EVAL_USE_POSTERIOR_MEAN', 'False', 'BAYES_MMRL.EVAL_AGGREGATION', 'logit_mean', 'BAYES_MMRL.KL_WARMUP_EPOCHS', '6', 'BAYES_MMRL.BAYES_TARGET', 'rep_tokens', 'BAYES_MMRL.REP_PRIOR_MODE', 'zero', 'BAYES_MMRL.REP_SIGMA_MODE', 'global', 'BAYES_MMRL.REP_PRIOR_STD', '0.5', 'BAYES_MMRL.REP_KL_WEIGHT', '1e-2']
output_dir: output_sweeps/bayes_mmrl_rep_tokens/coarse3/search_stage/BayesMMRL/FS/fewshot_train/ucf101/shots_16/ViT-B-16/rep_zero_sig-global_pstd-0.5_kl-1e-2/seed1
protocol: FS
protocol_config_file: configs/protocols/fs.yaml
root: DATASETS
runtime_config_file: configs/runtime/default.yaml
seed: 1
trainer: RefactorRunner
************
** Config **
************
BAYES_MMRL:
  ALPHA: 0.7
  BAYES_TARGET: rep_tokens
  CLIP_PRIOR_BLEND: 0.5
  CLIP_PRIOR_SCALE: 0.05
  EVAL_AGGREGATION: logit_mean
  EVAL_MODE: mc_predictive
  EVAL_USE_POSTERIOR_MEAN: False
  KL_WARMUP_EPOCHS: 6
  KL_WEIGHT: 0.0005
  N_MC_TEST: 10
  N_MC_TRAIN: 3
  N_REP_TOKENS: 5
  PREC: amp
  PRIOR_STD: 0.05
  PROJ_REP_KL_WEIGHT: 1e-06
  PROJ_REP_PRIOR_MODE: clip_proj
  PROJ_REP_PRIOR_STD: 0.01
  PROJ_REP_SIGMA_MODE: row
  REG_WEIGHT: 0.5
  REP_DIM: 512
  REP_KL_WEIGHT: 0.01
  REP_LAYERS: [6, 7, 8, 9, 10, 11, 12]
  REP_MN_ENFORCE_TRACE: True
  REP_MN_LOWRANK_RANK: 8
  REP_PRIOR_MODE: zero
  REP_PRIOR_STD: 0.5
  REP_SIGMA_MODE: global
  SIGMA_MODE: global
CLIP_ADAPTERS:
  ALLOW_CACHE: True
  BAYES_KL_SCALE: 1.0
  BAYES_PRIOR_STD: 0.01
  CONSTRAINT: none
  ENHANCED_BASE: none
  INIT: ZS
  KL_WEIGHT: 0.0001
  N_SAMPLES: 3
  N_TEST_SAMPLES: 10
  PREC: fp32
  TYPE: MP
DATALOADER:
  K_TRANSFORMS: 1
  NUM_WORKERS: 2
  RETURN_IMG0: False
  TEST:
    BATCH_SIZE: 250
    SAMPLER: SequentialSampler
  TRAIN_U:
    BATCH_SIZE: 32
    N_DOMAIN: 0
    N_INS: 16
    SAME_AS_X: True
    SAMPLER: RandomSampler
  TRAIN_X:
    BATCH_SIZE: 32
    N_DOMAIN: 0
    N_INS: 16
    SAMPLER: RandomSampler
DATASET:
  ALL_AS_UNLABELED: False
  CIFAR_C_LEVEL: 1
  CIFAR_C_TYPE: 
  NAME: UCF101
  NUM_LABELED: -1
  NUM_SHOTS: 16
  ROOT: DATASETS
  SOURCE_DOMAINS: ()
  STL10_FOLD: -1
  SUBSAMPLE_CLASSES: all
  TARGET_DOMAINS: ()
  VAL_PERCENT: 0.1
INPUT:
  COLORJITTER_B: 0.4
  COLORJITTER_C: 0.4
  COLORJITTER_H: 0.1
  COLORJITTER_S: 0.4
  CROP_PADDING: 4
  CUTOUT_LEN: 16
  CUTOUT_N: 1
  GB_K: 21
  GB_P: 0.5
  GN_MEAN: 0.0
  GN_STD: 0.15
  INTERPOLATION: bicubic
  NO_TRANSFORM: False
  PIXEL_MEAN: [0.48145466, 0.4578275, 0.40821073]
  PIXEL_STD: [0.26862954, 0.26130258, 0.27577711]
  RANDAUGMENT_M: 10
  RANDAUGMENT_N: 2
  RGS_P: 0.2
  RRCROP_SCALE: (0.5, 1)
  SIZE: (224, 224)
  TRANSFORMS: ('random_resized_crop', 'random_flip', 'normalize')
METHOD:
  EXEC_MODE: online
  FAMILY: internal_adaptation
  NAME: BayesMMRL
  TAG: default
MMRL:
  ALPHA: 0.7
  N_REP_TOKENS: 5
  PREC: amp
  REG_WEIGHT: 1.0
  REP_DIM: 512
  REP_LAYERS: [6, 7, 8, 9, 10, 11, 12]
MMRLPP:
  ALPHA: 0.7
  BETA: 0.9
  N_REP_TOKENS: 5
  PREC: amp
  PROJ_LORA_DIM: 64
  REG_WEIGHT: 1.0
  REP_DIM: 512
  REP_LAYERS: [6, 7, 8, 9, 10, 11, 12]
  RES_LORA_DIM: 4
MMRL_MIX:
  ALPHA: 0.7
  LOSS_FUSE_WEIGHT: 0.2
  LOSS_MAIN_WEIGHT: 1.0
  LOSS_REP_WEIGHT: 1.0
  N_REP_TOKENS: 5
  PREC: amp
  REG_WEIGHT: 1.0
  REP_DIM: 512
  REP_LAYERS: [6, 7, 8, 9, 10, 11, 12]
MODEL:
  BACKBONE:
    NAME: ViT-B/16
    PRETRAINED: True
  HEAD:
    ACTIVATION: relu
    BN: True
    DROPOUT: 0.0
    HIDDEN_LAYERS: ()
    NAME: 
  INIT_WEIGHTS: 
OPTIM:
  ADAM_BETA1: 0.9
  ADAM_BETA2: 0.999
  BASE_LR_MULT: 0.1
  GAMMA: 0.1
  LR: 0.001
  LR_SCHEDULER: cosine
  MAX_EPOCH: 50
  MOMENTUM: 0.9
  NAME: adamw
  NEW_LAYERS: ()
  RMSPROP_ALPHA: 0.99
  SGD_DAMPNING: 0
  SGD_NESTEROV: False
  STAGED_LR: False
  STEPSIZE: (-1,)
  WARMUP_CONS_LR: 1e-05
  WARMUP_EPOCH: 1
  WARMUP_MIN_LR: 1e-05
  WARMUP_RECOUNT: True
  WARMUP_TYPE: constant
  WEIGHT_DECAY: 0.0005
OUTPUT_DIR: output_sweeps/bayes_mmrl_rep_tokens/coarse3/search_stage/BayesMMRL/FS/fewshot_train/ucf101/shots_16/ViT-B-16/rep_zero_sig-global_pstd-0.5_kl-1e-2/seed1
PROTOCOL:
  NAME: FS
  PHASE: fewshot_train
RESUME: 
RUNTIME:
  OUTPUT_ROOT: output_refactor
  USE_DASSL_TRAINER_BRIDGE: True
SEED: 1
TASK: FS
TEST:
  COMPUTE_CMAT: False
  EVALUATOR: Classification
  FINAL_MODEL: last_step
  NO_TEST: False
  PER_CLASS_RESULT: False
  SPLIT: test
TRAIN:
  CHECKPOINT_FREQ: 0
  COUNT_ITER: train_x
  PRINT_FREQ: 20
TRAINER:
  BayesMMRL:
    ALPHA: 0.7
    BAYES_TARGET: rep_tokens
    CLIP_PRIOR_BLEND: 0.5
    CLIP_PRIOR_SCALE: 0.05
    EVAL_AGGREGATION: logit_mean
    EVAL_MODE: mc_predictive
    EVAL_USE_POSTERIOR_MEAN: False
    KL_WARMUP_EPOCHS: 6
    KL_WEIGHT: 0.01
    N_MC_TEST: 10
    N_MC_TRAIN: 3
    N_REP_TOKENS: 5
    PREC: amp
    PRIOR_STD: 0.5
    PROJ_REP_KL_WEIGHT: 1e-06
    PROJ_REP_PRIOR_MODE: clip_proj
    PROJ_REP_PRIOR_STD: 0.01
    PROJ_REP_SIGMA_MODE: row
    REG_WEIGHT: 0.5
    REP_DIM: 512
    REP_KL_WEIGHT: 0.01
    REP_LAYERS: [6, 7, 8, 9, 10, 11, 12]
    REP_MN_ENFORCE_TRACE: True
    REP_MN_LOWRANK_RANK: 8
    REP_PRIOR_MODE: zero
    REP_PRIOR_STD: 0.5
    REP_SIGMA_MODE: global
    SIGMA_MODE: global
  CDAC:
    CLASS_LR_MULTI: 10
    P_THRESH: 0.95
    RAMPUP_COEF: 30
    RAMPUP_ITRS: 1000
    STRONG_TRANSFORMS: ()
    TOPK_MATCH: 5
  CROSSGRAD:
    ALPHA_D: 0.5
    ALPHA_F: 0.5
    EPS_D: 1.0
    EPS_F: 1.0
  ClipADAPTER:
    ALLOW_CACHE: True
    CONSTRAINT: none
    ENHANCED_BASE: none
    INIT: ZS
    PREC: fp32
    TYPE: MP
  DAEL:
    CONF_THRE: 0.95
    STRONG_TRANSFORMS: ()
    WEIGHT_U: 0.5
  DAELDG:
    CONF_THRE: 0.95
    STRONG_TRANSFORMS: ()
    WEIGHT_U: 0.5
  DDAIG:
    ALPHA: 0.5
    CLAMP: False
    CLAMP_MAX: 1.0
    CLAMP_MIN: -1.0
    G_ARCH: 
    LMDA: 0.3
    WARMUP: 0
  DOMAINMIX:
    ALPHA: 1.0
    BETA: 1.0
    TYPE: crossdomain
  ENTMIN:
    LMDA: 0.001
  FIXMATCH:
    CONF_THRE: 0.95
    STRONG_TRANSFORMS: ()
    WEIGHT_U: 1.0
  M3SDA:
    LMDA: 0.5
    N_STEP_F: 4
  MCD:
    N_STEP_F: 4
  MEANTEACHER:
    EMA_ALPHA: 0.999
    RAMPUP: 5
    WEIGHT_U: 1.0
  MIXMATCH:
    MIXUP_BETA: 0.75
    RAMPUP: 20000
    TEMP: 2.0
    WEIGHT_U: 100.0
  MME:
    LMDA: 0.1
  MMRL:
    ALPHA: 0.7
    N_REP_TOKENS: 5
    PREC: amp
    REG_WEIGHT: 1.0
    REP_DIM: 512
    REP_LAYERS: [6, 7, 8, 9, 10, 11, 12]
  MMRLMix:
    ALPHA: 0.7
    LOSS_FUSE_WEIGHT: 0.2
    LOSS_MAIN_WEIGHT: 1.0
    LOSS_REP_WEIGHT: 1.0
    N_REP_TOKENS: 5
    PREC: amp
    REG_WEIGHT: 1.0
    REP_DIM: 512
    REP_LAYERS: [6, 7, 8, 9, 10, 11, 12]
  MMRLpp:
    ALPHA: 0.7
    BETA: 0.9
    N_REP_TOKENS: 5
    PREC: amp
    PROJ_LORA_DIM: 64
    REG_WEIGHT: 1.0
    REP_DIM: 512
    REP_LAYERS: [6, 7, 8, 9, 10, 11, 12]
    RES_LORA_DIM: 4
  NAME: RefactorRunner
  SE:
    CONF_THRE: 0.95
    EMA_ALPHA: 0.999
    RAMPUP: 300
USE_CUDA: True
VERBOSE: True
VERSION: 1
Collecting env info ...
** System info **
PyTorch version: 2.11.0+cu128
Is debug build: False
CUDA used to build PyTorch: 12.8
ROCM used to build PyTorch: N/A

OS: Ubuntu 22.04.1 LTS (x86_64)
GCC version: (Ubuntu 11.3.0-1ubuntu1~22.04) 11.3.0
Clang version: Could not collect
CMake version: version 3.22.1
Libc version: glibc-2.35

Python version: 3.10.20 (main, Mar 11 2026, 17:46:40) [GCC 14.3.0] (64-bit runtime)
Python platform: Linux-5.15.0-94-generic-x86_64-with-glibc2.35
Is CUDA available: True
CUDA runtime version: 11.8.89
CUDA_MODULE_LOADING set to: 
GPU models and configuration: 
GPU 0: NVIDIA GeForce RTX 5090
GPU 1: NVIDIA GeForce RTX 5090
GPU 2: NVIDIA GeForce RTX 5090
GPU 3: NVIDIA GeForce RTX 5090
GPU 4: NVIDIA GeForce RTX 5090

Nvidia driver version: 595.58.03
cuDNN version: Probably one of the following:
/usr/lib/x86_64-linux-gnu/libcudnn.so.8.6.0
/usr/lib/x86_64-linux-gnu/libcudnn_adv_infer.so.8.6.0
/usr/lib/x86_64-linux-gnu/libcudnn_adv_train.so.8.6.0
/usr/lib/x86_64-linux-gnu/libcudnn_cnn_infer.so.8.6.0
/usr/lib/x86_64-linux-gnu/libcudnn_cnn_train.so.8.6.0
/usr/lib/x86_64-linux-gnu/libcudnn_ops_infer.so.8.6.0
/usr/lib/x86_64-linux-gnu/libcudnn_ops_train.so.8.6.0
Is XPU available: False
HIP runtime version: N/A
MIOpen runtime version: N/A
Is XNNPACK available: True
Caching allocator config: N/A

CPU:
Architecture:                       x86_64
CPU op-mode(s):                     32-bit, 64-bit
Address sizes:                      52 bits physical, 57 bits virtual
Byte Order:                         Little Endian
CPU(s):                             208
On-line CPU(s) list:                0-207
Vendor ID:                          GenuineIntel
Model name:                         Intel(R) Xeon(R) Platinum 8470Q
CPU family:                         6
Model:                              143
Thread(s) per core:                 2
Core(s) per socket:                 52
Socket(s):                          2
Stepping:                           8
Frequency boost:                    enabled
CPU max MHz:                        2101.0000
CPU min MHz:                        800.0000
BogoMIPS:                           4200.00
Flags:                              fpu vme de pse tsc msr pae mce cx8 apic sep mtrr pge mca cmov pat pse36 clflush dts acpi mmx fxsr sse sse2 ss ht tm pbe syscall nx pdpe1gb rdtscp lm constant_tsc art arch_perfmon pebs bts rep_good nopl xtopology nonstop_tsc cpuid aperfmperf tsc_known_freq pni pclmulqdq dtes64 ds_cpl vmx smx est tm2 ssse3 sdbg fma cx16 xtpr pdcm pcid dca sse4_1 sse4_2 x2apic movbe popcnt tsc_deadline_timer aes xsave avx f16c rdrand lahf_lm abm 3dnowprefetch cpuid_fault epb cat_l3 cat_l2 cdp_l3 invpcid_single intel_ppin cdp_l2 ssbd mba ibrs ibpb stibp ibrs_enhanced tpr_shadow vnmi flexpriority ept vpid ept_ad fsgsbase tsc_adjust bmi1 avx2 smep bmi2 erms invpcid cqm rdt_a avx512f avx512dq rdseed adx smap avx512ifma clflushopt clwb intel_pt avx512cd sha_ni avx512bw avx512vl xsaveopt xsavec xgetbv1 xsaves cqm_llc cqm_occup_llc cqm_mbm_total cqm_mbm_local split_lock_detect avx_vnni avx512_bf16 wbnoinvd dtherm ida arat pln pts avx512vbmi umip pku ospke waitpkg avx512_vbmi2 gfni vaes vpclmulqdq avx512_vnni avx512_bitalg tme avx512_vpopcntdq la57 rdpid bus_lock_detect cldemote movdiri movdir64b enqcmd fsrm md_clear serialize tsxldtrk pconfig arch_lbr amx_bf16 avx512_fp16 amx_tile amx_int8 flush_l1d arch_capabilities
Virtualization:                     VT-x
L1d cache:                          4.9 MiB (104 instances)
L1i cache:                          3.3 MiB (104 instances)
L2 cache:                           208 MiB (104 instances)
L3 cache:                           210 MiB (2 instances)
NUMA node(s):                       2
NUMA node0 CPU(s):                  0-51,104-155
NUMA node1 CPU(s):                  52-103,156-207
Vulnerability Gather data sampling: Not affected
Vulnerability Itlb multihit:        Not affected
Vulnerability L1tf:                 Not affected
Vulnerability Mds:                  Not affected
Vulnerability Meltdown:             Not affected
Vulnerability Mmio stale data:      Not affected
Vulnerability Retbleed:             Not affected
Vulnerability Spec rstack overflow: Not affected
Vulnerability Spec store bypass:    Mitigation; Speculative Store Bypass disabled via prctl and seccomp
Vulnerability Spectre v1:           Mitigation; usercopy/swapgs barriers and __user pointer sanitization
Vulnerability Spectre v2:           Mitigation; Enhanced IBRS, IBPB conditional, RSB filling, PBRSB-eIBRS SW sequence
Vulnerability Srbds:                Not affected
Vulnerability Tsx async abort:      Not affected

Versions of relevant libraries:
[pip3] flake8==3.7.9
[pip3] numpy==2.2.6
[pip3] nvidia-cublas-cu12==12.8.4.1
[pip3] nvidia-cuda-cupti-cu12==12.8.90
[pip3] nvidia-cuda-nvrtc-cu12==12.8.93
[pip3] nvidia-cuda-runtime-cu12==12.8.90
[pip3] nvidia-cudnn-cu12==9.19.0.56
[pip3] nvidia-cufft-cu12==11.3.3.83
[pip3] nvidia-curand-cu12==10.3.9.90
[pip3] nvidia-cusolver-cu12==11.7.3.90
[pip3] nvidia-cusparse-cu12==12.5.8.93
[pip3] nvidia-cusparselt-cu12==0.7.1
[pip3] nvidia-nccl-cu12==2.28.9
[pip3] nvidia-nvjitlink-cu12==12.8.93
[pip3] nvidia-nvtx-cu12==12.8.90
[pip3] torch==2.11.0+cu128
[pip3] torchaudio==2.11.0+cu128
[pip3] torchvision==0.26.0+cu128
[pip3] triton==3.6.0
[conda] numpy                     2.2.6                    pypi_0    pypi
[conda] nvidia-cublas-cu12        12.8.4.1                 pypi_0    pypi
[conda] nvidia-cuda-cupti-cu12    12.8.90                  pypi_0    pypi
[conda] nvidia-cuda-nvrtc-cu12    12.8.93                  pypi_0    pypi
[conda] nvidia-cuda-runtime-cu12  12.8.90                  pypi_0    pypi
[conda] nvidia-cudnn-cu12         9.19.0.56                pypi_0    pypi
[conda] nvidia-cufft-cu12         11.3.3.83                pypi_0    pypi
[conda] nvidia-curand-cu12        10.3.9.90                pypi_0    pypi
[conda] nvidia-cusolver-cu12      11.7.3.90                pypi_0    pypi
[conda] nvidia-cusparse-cu12      12.5.8.93                pypi_0    pypi
[conda] nvidia-cusparselt-cu12    0.7.1                    pypi_0    pypi
[conda] nvidia-nccl-cu12          2.28.9                   pypi_0    pypi
[conda] nvidia-nvjitlink-cu12     12.8.93                  pypi_0    pypi
[conda] nvidia-nvtx-cu12          12.8.90                  pypi_0    pypi
[conda] torch                     2.11.0+cu128             pypi_0    pypi
[conda] torchaudio                2.11.0+cu128             pypi_0    pypi
[conda] torchvision               0.26.0+cu128             pypi_0    pypi
[conda] triton                    3.6.0                    pypi_0    pypi
        Pillow (12.1.1)

Loading trainer: RefactorRunner
Loading dataset: UCF101
Reading split from /root/autodl-tmp/MMRL/DATASETS/ucf101/split_zhou_UCF101.json
Loading preprocessed few-shot data from /root/autodl-tmp/MMRL/DATASETS/ucf101/split_fewshot/shot_16-seed_1.pkl
Building transform_train
+ random resized crop (size=(224, 224), scale=(0.5, 1))
+ random flip
+ to torch tensor of range [0, 1]
+ normalization (mean=[0.48145466, 0.4578275, 0.40821073], std=[0.26862954, 0.26130258, 0.27577711])
Building transform_test
+ resize the smaller edge to 224
+ 224x224 center crop
+ to torch tensor of range [0, 1]
+ normalization (mean=[0.48145466, 0.4578275, 0.40821073], std=[0.26862954, 0.26130258, 0.27577711])
---------  ------
Dataset    UCF101
# classes  101
# train_x  1,616
# val      404
# test     3,783
---------  ------
/root/autodl-tmp/MMRL/trainers/refactor_runner.py:61: FutureWarning: `torch.cuda.amp.GradScaler(args...)` is deprecated. Please use `torch.amp.GradScaler('cuda', args...)` instead.
  self.scaler = GradScaler() if prec == "amp" else None
[BayesMMRLMethod] trainable params: {'representation_learner.compound_rep_tokens_r2vproj.1.bias', 'representation_learner.compound_rep_tokens_r2vproj.2.bias', 'representation_learner.compound_rep_tokens_r2vproj.5.weight', 'representation_learner.compound_rep_tokens_r2tproj.1.bias', 'image_encoder.proj_rep', 'representation_learner.compound_rep_tokens_r2tproj.2.weight', 'representation_learner.compound_rep_tokens_r2vproj.3.weight', 'representation_learner.compound_rep_tokens_r2vproj.5.bias', 'representation_learner.compound_rep_tokens_r2vproj.2.weight', 'representation_learner.compound_rep_tokens_r2vproj.1.weight', 'representation_learner.compound_rep_tokens_r2tproj.3.weight', 'representation_learner.compound_rep_tokens_r2tproj.0.weight', 'representation_learner.compound_rep_tokens_r2vproj.6.bias', 'representation_learner.compound_rep_tokens_r2tproj.2.bias', 'representation_learner.compound_rep_tokens_r2tproj.4.bias', 'representation_learner.compound_rep_tokens_r2tproj.0.bias', 'representation_learner.compound_rep_tokens_r2tproj.6.weight', 'representation_learner.compound_rep_tokens_r2vproj.0.weight', 'representation_learner.compound_rep_tokens_r2tproj.4.weight', 'representation_learner.compound_rep_tokens_r2vproj.0.bias', 'representation_learner.rep_posterior.posterior_mean', 'representation_learner.compound_rep_tokens_r2tproj.5.bias', 'representation_learner.compound_rep_tokens_r2vproj.4.weight', 'representation_learner.compound_rep_tokens_r2vproj.4.bias', 'representation_learner.rep_posterior.posterior_rho', 'representation_learner.compound_rep_tokens_r2tproj.6.bias', 'representation_learner.compound_rep_tokens_r2vproj.6.weight', 'representation_learner.compound_rep_tokens_r2tproj.5.weight', 'representation_learner.compound_rep_tokens_r2tproj.1.weight', 'representation_learner.compound_rep_tokens_r2tproj.3.bias', 'representation_learner.compound_rep_tokens_r2vproj.3.bias'}
Loading evaluator: Classification
No checkpoint found, train from scratch
Initialize tensorboard (log_dir=output_sweeps/bayes_mmrl_rep_tokens/coarse3/search_stage/BayesMMRL/FS/fewshot_train/ucf101/shots_16/ViT-B-16/rep_zero_sig-global_pstd-0.5_kl-1e-2/seed1/tensorboard)
/root/autodl-tmp/MMRL/executors/online_executor.py:48: FutureWarning: `torch.cuda.amp.autocast(args...)` is deprecated. Please use `torch.amp.autocast('cuda', args...)` instead.
  with autocast():
epoch [1/50] batch [20/50] time 0.215 (0.259) data 0.000 (0.015) loss 2.7201 (2.8550) acc 68.7500 (62.0312) data_term 2.7201 (2.8550) raw_kl_rep 0.0000 (0.0000) raw_kl_proj_rep 0.0000 (0.0000) kl_rep_term 0.0000 (0.0000) kl_proj_rep_term 0.0000 (0.0000) kl_term 0.0000 (0.0000) kl_normalizer 50.0000 (50.0000) kl_beta 0.0000 (0.0000) lr 1.0000e-05 eta 0:10:43
epoch [1/50] batch [40/50] time 0.210 (0.231) data 0.000 (0.008) loss 2.7622 (2.8230) acc 59.3750 (61.6406) data_term 2.7622 (2.8230) raw_kl_rep 0.0000 (0.0000) raw_kl_proj_rep 0.0000 (0.0000) kl_rep_term 0.0000 (0.0000) kl_proj_rep_term 0.0000 (0.0000) kl_term 0.0000 (0.0000) kl_normalizer 50.0000 (50.0000) kl_beta 0.0000 (0.0000) lr 1.0000e-05 eta 0:09:28
epoch [2/50] batch [20/50] time 0.214 (0.228) data 0.000 (0.012) loss 2.3154 (2.3421) acc 53.1250 (64.3750) data_term 2.3154 (2.3421) raw_kl_rep 0.0000 (0.0000) raw_kl_proj_rep 0.0000 (0.0000) kl_rep_term 0.0000 (0.0000) kl_proj_rep_term 0.0000 (0.0000) kl_term 0.0000 (0.0000) kl_normalizer 50.0000 (50.0000) kl_beta 0.0000 (0.0000) lr 1.0000e-03 eta 0:09:12
epoch [2/50] batch [40/50] time 0.211 (0.216) data 0.000 (0.006) loss 1.7473 (2.0720) acc 68.7500 (66.3281) data_term 1.7473 (2.0720) raw_kl_rep 0.0000 (0.0000) raw_kl_proj_rep 0.0000 (0.0000) kl_rep_term 0.0000 (0.0000) kl_proj_rep_term 0.0000 (0.0000) kl_term 0.0000 (0.0000) kl_normalizer 50.0000 (50.0000) kl_beta 0.0000 (0.0000) lr 1.0000e-03 eta 0:08:40
epoch [3/50] batch [20/50] time 0.214 (0.228) data 0.000 (0.011) loss 1.1586 (1.2029) acc 78.1250 (76.4062) data_term 1.1586 (1.2029) raw_kl_rep 0.0000 (0.0000) raw_kl_proj_rep 0.0000 (0.0000) kl_rep_term 0.0000 (0.0000) kl_proj_rep_term 0.0000 (0.0000) kl_term 0.0000 (0.0000) kl_normalizer 50.0000 (50.0000) kl_beta 0.0000 (0.0000) lr 9.9901e-04 eta 0:09:01
epoch [3/50] batch [40/50] time 0.218 (0.216) data 0.000 (0.006) loss 1.0773 (1.1823) acc 68.7500 (74.1406) data_term 1.0773 (1.1823) raw_kl_rep 0.0000 (0.0000) raw_kl_proj_rep 0.0000 (0.0000) kl_rep_term 0.0000 (0.0000) kl_proj_rep_term 0.0000 (0.0000) kl_term 0.0000 (0.0000) kl_normalizer 50.0000 (50.0000) kl_beta 0.0000 (0.0000) lr 9.9901e-04 eta 0:08:30
epoch [4/50] batch [20/50] time 0.218 (0.230) data 0.000 (0.012) loss 0.8778 (0.8758) acc 75.0000 (81.2500) data_term 0.8778 (0.8758) raw_kl_rep 0.0000 (0.0000) raw_kl_proj_rep 0.0000 (0.0000) kl_rep_term 0.0000 (0.0000) kl_proj_rep_term 0.0000 (0.0000) kl_term 0.0000 (0.0000) kl_normalizer 50.0000 (50.0000) kl_beta 0.0000 (0.0000) lr 9.9606e-04 eta 0:08:55
epoch [4/50] batch [40/50] time 0.210 (0.217) data 0.000 (0.006) loss 1.0133 (0.9196) acc 71.8750 (80.5469) data_term 1.0133 (0.9196) raw_kl_rep 0.0000 (0.0000) raw_kl_proj_rep 0.0000 (0.0000) kl_rep_term 0.0000 (0.0000) kl_proj_rep_term 0.0000 (0.0000) kl_term 0.0000 (0.0000) kl_normalizer 50.0000 (50.0000) kl_beta 0.0000 (0.0000) lr 9.9606e-04 eta 0:08:21
epoch [5/50] batch [20/50] time 0.220 (0.228) data 0.000 (0.013) loss 0.7557 (0.8223) acc 75.0000 (80.4688) data_term 0.7557 (0.8223) raw_kl_rep 0.0000 (0.0000) raw_kl_proj_rep 0.0000 (0.0000) kl_rep_term 0.0000 (0.0000) kl_proj_rep_term 0.0000 (0.0000) kl_term 0.0000 (0.0000) kl_normalizer 50.0000 (50.0000) kl_beta 0.0000 (0.0000) lr 9.9114e-04 eta 0:08:39
epoch [5/50] batch [40/50] time 0.214 (0.216) data 0.000 (0.006) loss 0.6939 (0.8274) acc 81.2500 (81.6406) data_term 0.6939 (0.8274) raw_kl_rep 0.0000 (0.0000) raw_kl_proj_rep 0.0000 (0.0000) kl_rep_term 0.0000 (0.0000) kl_proj_rep_term 0.0000 (0.0000) kl_term 0.0000 (0.0000) kl_normalizer 50.0000 (50.0000) kl_beta 0.0000 (0.0000) lr 9.9114e-04 eta 0:08:07
epoch [6/50] batch [20/50] time 0.214 (0.224) data 0.000 (0.012) loss 0.7922 (0.7064) acc 81.2500 (86.7188) data_term 0.7922 (0.7064) raw_kl_rep 0.0000 (0.0000) raw_kl_proj_rep 0.0000 (0.0000) kl_rep_term 0.0000 (0.0000) kl_proj_rep_term 0.0000 (0.0000) kl_term 0.0000 (0.0000) kl_normalizer 50.0000 (50.0000) kl_beta 0.0000 (0.0000) lr 9.8429e-04 eta 0:08:20
epoch [6/50] batch [40/50] time 0.213 (0.213) data 0.000 (0.006) loss 0.5688 (0.7197) acc 87.5000 (86.2500) data_term 0.5688 (0.7197) raw_kl_rep 0.0000 (0.0000) raw_kl_proj_rep 0.0000 (0.0000) kl_rep_term 0.0000 (0.0000) kl_proj_rep_term 0.0000 (0.0000) kl_term 0.0000 (0.0000) kl_normalizer 50.0000 (50.0000) kl_beta 0.0000 (0.0000) lr 9.8429e-04 eta 0:07:51
epoch [7/50] batch [20/50] time 0.215 (0.231) data 0.000 (0.012) loss 0.5258 (0.5886) acc 90.6250 (90.6250) data_term 0.5258 (0.5886) raw_kl_rep 0.0000 (0.0000) raw_kl_proj_rep 0.0000 (0.0000) kl_rep_term 0.0000 (0.0000) kl_proj_rep_term 0.0000 (0.0000) kl_term 0.0000 (0.0000) kl_normalizer 50.0000 (50.0000) kl_beta 0.0000 (0.0000) lr 9.7553e-04 eta 0:08:22
epoch [7/50] batch [40/50] time 0.216 (0.219) data 0.000 (0.006) loss 0.8986 (0.6296) acc 81.2500 (89.9219) data_term 0.8986 (0.6296) raw_kl_rep 0.0000 (0.0000) raw_kl_proj_rep 0.0000 (0.0000) kl_rep_term 0.0000 (0.0000) kl_proj_rep_term 0.0000 (0.0000) kl_term 0.0000 (0.0000) kl_normalizer 50.0000 (50.0000) kl_beta 0.0000 (0.0000) lr 9.7553e-04 eta 0:07:52
epoch [8/50] batch [20/50] time 0.219 (0.231) data 0.000 (0.012) loss 0.6159 (0.6094) acc 93.7500 (90.4688) data_term 0.6151 (0.6087) raw_kl_rep 172.5095 (166.3664) raw_kl_proj_rep 0.0000 (0.0000) kl_rep_term 0.0008 (0.0008) kl_proj_rep_term 0.0000 (0.0000) kl_term 0.0008 (0.0008) kl_normalizer 50.0000 (50.0000) kl_beta 0.0233 (0.0233) lr 9.6489e-04 eta 0:08:12
epoch [8/50] batch [40/50] time 0.216 (0.220) data 0.000 (0.006) loss 0.6688 (0.5926) acc 93.7500 (90.4688) data_term 0.6680 (0.5918) raw_kl_rep 185.5503 (172.9582) raw_kl_proj_rep 0.0000 (0.0000) kl_rep_term 0.0009 (0.0008) kl_proj_rep_term 0.0000 (0.0000) kl_term 0.0009 (0.0008) kl_normalizer 50.0000 (50.0000) kl_beta 0.0233 (0.0233) lr 9.6489e-04 eta 0:07:43
epoch [9/50] batch [20/50] time 0.209 (0.229) data 0.000 (0.013) loss 0.2909 (0.4992) acc 96.8750 (93.1250) data_term 0.2890 (0.4974) raw_kl_rep 206.0319 (199.6242) raw_kl_proj_rep 0.0000 (0.0000) kl_rep_term 0.0019 (0.0019) kl_proj_rep_term 0.0000 (0.0000) kl_term 0.0019 (0.0019) kl_normalizer 50.0000 (50.0000) kl_beta 0.0465 (0.0465) lr 9.5241e-04 eta 0:07:57
epoch [9/50] batch [40/50] time 0.219 (0.218) data 0.000 (0.006) loss 0.3276 (0.5299) acc 96.8750 (92.5000) data_term 0.3255 (0.5280) raw_kl_rep 219.9022 (206.6243) raw_kl_proj_rep 0.0000 (0.0000) kl_rep_term 0.0020 (0.0019) kl_proj_rep_term 0.0000 (0.0000) kl_term 0.0020 (0.0019) kl_normalizer 50.0000 (50.0000) kl_beta 0.0465 (0.0465) lr 9.5241e-04 eta 0:07:30
epoch [10/50] batch [20/50] time 0.214 (0.226) data 0.000 (0.011) loss 0.3998 (0.5194) acc 90.6250 (93.7500) data_term 0.3964 (0.5162) raw_kl_rep 237.2462 (231.8517) raw_kl_proj_rep 0.0000 (0.0000) kl_rep_term 0.0033 (0.0032) kl_proj_rep_term 0.0000 (0.0000) kl_term 0.0033 (0.0032) kl_normalizer 50.0000 (50.0000) kl_beta 0.0698 (0.0698) lr 9.3815e-04 eta 0:07:38
epoch [10/50] batch [40/50] time 0.210 (0.216) data 0.000 (0.006) loss 0.5225 (0.5309) acc 96.8750 (92.8906) data_term 0.5190 (0.5276) raw_kl_rep 249.1661 (237.6987) raw_kl_proj_rep 0.0000 (0.0000) kl_rep_term 0.0035 (0.0033) kl_proj_rep_term 0.0000 (0.0000) kl_term 0.0035 (0.0033) kl_normalizer 50.0000 (50.0000) kl_beta 0.0698 (0.0698) lr 9.3815e-04 eta 0:07:13
epoch [11/50] batch [20/50] time 0.223 (0.230) data 0.001 (0.012) loss 0.5488 (0.5034) acc 93.7500 (94.5312) data_term 0.5439 (0.4985) raw_kl_rep 268.1749 (261.8460) raw_kl_proj_rep 0.0000 (0.0000) kl_rep_term 0.0050 (0.0049) kl_proj_rep_term 0.0000 (0.0000) kl_term 0.0050 (0.0049) kl_normalizer 50.0000 (50.0000) kl_beta 0.0930 (0.0930) lr 9.2216e-04 eta 0:07:35
epoch [11/50] batch [40/50] time 0.214 (0.214) data 0.000 (0.006) loss 0.6533 (0.5073) acc 90.6250 (94.2188) data_term 0.6481 (0.5024) raw_kl_rep 280.1646 (268.2183) raw_kl_proj_rep 0.0000 (0.0000) kl_rep_term 0.0052 (0.0050) kl_proj_rep_term 0.0000 (0.0000) kl_term 0.0052 (0.0050) kl_normalizer 50.0000 (50.0000) kl_beta 0.0930 (0.0930) lr 9.2216e-04 eta 0:06:58
epoch [12/50] batch [20/50] time 0.216 (0.228) data 0.000 (0.011) loss 0.4274 (0.4180) acc 96.8750 (96.4062) data_term 0.4206 (0.4113) raw_kl_rep 296.3475 (291.0549) raw_kl_proj_rep 0.0000 (0.0000) kl_rep_term 0.0069 (0.0068) kl_proj_rep_term 0.0000 (0.0000) kl_term 0.0069 (0.0068) kl_normalizer 50.0000 (50.0000) kl_beta 0.1163 (0.1163) lr 9.0451e-04 eta 0:07:20
epoch [12/50] batch [40/50] time 0.221 (0.218) data 0.000 (0.006) loss 0.2647 (0.4339) acc 100.0000 (95.5469) data_term 0.2575 (0.4270) raw_kl_rep 307.6623 (296.7200) raw_kl_proj_rep 0.0000 (0.0000) kl_rep_term 0.0072 (0.0069) kl_proj_rep_term 0.0000 (0.0000) kl_term 0.0072 (0.0069) kl_normalizer 50.0000 (50.0000) kl_beta 0.1163 (0.1163) lr 9.0451e-04 eta 0:06:55
epoch [13/50] batch [20/50] time 0.213 (0.226) data 0.000 (0.009) loss 0.3984 (0.3909) acc 93.7500 (96.8750) data_term 0.3895 (0.3821) raw_kl_rep 321.0539 (316.6458) raw_kl_proj_rep 0.0000 (0.0000) kl_rep_term 0.0090 (0.0088) kl_proj_rep_term 0.0000 (0.0000) kl_term 0.0090 (0.0088) kl_normalizer 50.0000 (50.0000) kl_beta 0.1395 (0.1395) lr 8.8526e-04 eta 0:07:05
epoch [13/50] batch [40/50] time 0.215 (0.216) data 0.000 (0.005) loss 0.5973 (0.4021) acc 90.6250 (96.0938) data_term 0.5881 (0.3932) raw_kl_rep 328.2132 (320.7046) raw_kl_proj_rep 0.0000 (0.0000) kl_rep_term 0.0092 (0.0089) kl_proj_rep_term 0.0000 (0.0000) kl_term 0.0092 (0.0089) kl_normalizer 50.0000 (50.0000) kl_beta 0.1395 (0.1395) lr 8.8526e-04 eta 0:06:41
epoch [14/50] batch [20/50] time 0.217 (0.231) data 0.000 (0.012) loss 0.4258 (0.4136) acc 96.8750 (96.4062) data_term 0.4147 (0.4027) raw_kl_rep 339.5594 (335.4479) raw_kl_proj_rep 0.0000 (0.0000) kl_rep_term 0.0111 (0.0109) kl_proj_rep_term 0.0000 (0.0000) kl_term 0.0111 (0.0109) kl_normalizer 50.0000 (50.0000) kl_beta 0.1628 (0.1628) lr 8.6448e-04 eta 0:07:02
epoch [14/50] batch [40/50] time 0.219 (0.220) data 0.000 (0.006) loss 0.6227 (0.4097) acc 84.3750 (96.4062) data_term 0.6114 (0.3986) raw_kl_rep 348.0483 (339.6792) raw_kl_proj_rep 0.0000 (0.0000) kl_rep_term 0.0113 (0.0111) kl_proj_rep_term 0.0000 (0.0000) kl_term 0.0113 (0.0111) kl_normalizer 50.0000 (50.0000) kl_beta 0.1628 (0.1628) lr 8.6448e-04 eta 0:06:37
epoch [15/50] batch [20/50] time 0.216 (0.226) data 0.000 (0.008) loss 0.3947 (0.3975) acc 93.7500 (96.7188) data_term 0.3815 (0.3844) raw_kl_rep 356.1510 (353.3042) raw_kl_proj_rep 0.0000 (0.0000) kl_rep_term 0.0133 (0.0131) kl_proj_rep_term 0.0000 (0.0000) kl_term 0.0133 (0.0131) kl_normalizer 50.0000 (50.0000) kl_beta 0.1860 (0.1860) lr 8.4227e-04 eta 0:06:42
epoch [15/50] batch [40/50] time 0.215 (0.216) data 0.000 (0.004) loss 0.2989 (0.4049) acc 96.8750 (96.6406) data_term 0.2854 (0.3916) raw_kl_rep 362.5562 (356.3547) raw_kl_proj_rep 0.0000 (0.0000) kl_rep_term 0.0135 (0.0133) kl_proj_rep_term 0.0000 (0.0000) kl_term 0.0135 (0.0133) kl_normalizer 50.0000 (50.0000) kl_beta 0.1860 (0.1860) lr 8.4227e-04 eta 0:06:19
epoch [16/50] batch [20/50] time 0.216 (0.225) data 0.000 (0.009) loss 0.3477 (0.3678) acc 96.8750 (97.8125) data_term 0.3322 (0.3524) raw_kl_rep 370.1002 (367.5865) raw_kl_proj_rep 0.0000 (0.0000) kl_rep_term 0.0155 (0.0154) kl_proj_rep_term 0.0000 (0.0000) kl_term 0.0155 (0.0154) kl_normalizer 50.0000 (50.0000) kl_beta 0.2093 (0.2093) lr 8.1871e-04 eta 0:06:29
epoch [16/50] batch [40/50] time 0.220 (0.216) data 0.000 (0.005) loss 0.2494 (0.3852) acc 96.8750 (96.8750) data_term 0.2337 (0.3697) raw_kl_rep 374.8253 (370.0298) raw_kl_proj_rep 0.0000 (0.0000) kl_rep_term 0.0157 (0.0155) kl_proj_rep_term 0.0000 (0.0000) kl_term 0.0157 (0.0155) kl_normalizer 50.0000 (50.0000) kl_beta 0.2093 (0.2093) lr 8.1871e-04 eta 0:06:08
epoch [17/50] batch [20/50] time 0.217 (0.231) data 0.000 (0.011) loss 0.3432 (0.3724) acc 100.0000 (97.1875) data_term 0.3256 (0.3548) raw_kl_rep 380.1473 (378.6934) raw_kl_proj_rep 0.0000 (0.0000) kl_rep_term 0.0177 (0.0176) kl_proj_rep_term 0.0000 (0.0000) kl_term 0.0177 (0.0176) kl_normalizer 50.0000 (50.0000) kl_beta 0.2326 (0.2326) lr 7.9389e-04 eta 0:06:28
epoch [17/50] batch [40/50] time 0.232 (0.220) data 0.000 (0.006) loss 0.3536 (0.3611) acc 100.0000 (97.2656) data_term 0.3359 (0.3435) raw_kl_rep 381.4415 (379.6838) raw_kl_proj_rep 0.0000 (0.0000) kl_rep_term 0.0177 (0.0177) kl_proj_rep_term 0.0000 (0.0000) kl_term 0.0177 (0.0177) kl_normalizer 50.0000 (50.0000) kl_beta 0.2326 (0.2326) lr 7.9389e-04 eta 0:06:04
epoch [18/50] batch [20/50] time 0.214 (0.229) data 0.000 (0.010) loss 0.2487 (0.3586) acc 96.8750 (97.3438) data_term 0.2289 (0.3390) raw_kl_rep 386.3945 (384.6678) raw_kl_proj_rep 0.0000 (0.0000) kl_rep_term 0.0198 (0.0197) kl_proj_rep_term 0.0000 (0.0000) kl_term 0.0198 (0.0197) kl_normalizer 50.0000 (50.0000) kl_beta 0.2558 (0.2558) lr 7.6791e-04 eta 0:06:12
epoch [18/50] batch [40/50] time 0.215 (0.218) data 0.000 (0.005) loss 0.2096 (0.3599) acc 100.0000 (97.4219) data_term 0.1898 (0.3402) raw_kl_rep 386.0190 (385.5429) raw_kl_proj_rep 0.0000 (0.0000) kl_rep_term 0.0197 (0.0197) kl_proj_rep_term 0.0000 (0.0000) kl_term 0.0197 (0.0197) kl_normalizer 50.0000 (50.0000) kl_beta 0.2558 (0.2558) lr 7.6791e-04 eta 0:05:50
epoch [19/50] batch [20/50] time 0.220 (0.225) data 0.000 (0.010) loss 0.2626 (0.3394) acc 100.0000 (97.6562) data_term 0.2412 (0.3180) raw_kl_rep 383.4142 (384.1355) raw_kl_proj_rep 0.0000 (0.0000) kl_rep_term 0.0214 (0.0214) kl_proj_rep_term 0.0000 (0.0000) kl_term 0.0214 (0.0214) kl_normalizer 50.0000 (50.0000) kl_beta 0.2791 (0.2791) lr 7.4088e-04 eta 0:05:55
epoch [19/50] batch [40/50] time 0.215 (0.215) data 0.000 (0.005) loss 0.2907 (0.3415) acc 96.8750 (97.8906) data_term 0.2694 (0.3201) raw_kl_rep 381.7505 (383.3215) raw_kl_proj_rep 0.0000 (0.0000) kl_rep_term 0.0213 (0.0214) kl_proj_rep_term 0.0000 (0.0000) kl_term 0.0213 (0.0214) kl_normalizer 50.0000 (50.0000) kl_beta 0.2791 (0.2791) lr 7.4088e-04 eta 0:05:35
epoch [20/50] batch [20/50] time 0.215 (0.227) data 0.000 (0.012) loss 0.2576 (0.3075) acc 100.0000 (98.2812) data_term 0.2347 (0.2845) raw_kl_rep 379.3005 (380.0856) raw_kl_proj_rep 0.0000 (0.0000) kl_rep_term 0.0229 (0.0230) kl_proj_rep_term 0.0000 (0.0000) kl_term 0.0229 (0.0230) kl_normalizer 50.0000 (50.0000) kl_beta 0.3023 (0.3023) lr 7.1289e-04 eta 0:05:47
epoch [20/50] batch [40/50] time 0.217 (0.217) data 0.000 (0.006) loss 0.4761 (0.3305) acc 93.7500 (97.5000) data_term 0.4532 (0.3075) raw_kl_rep 378.8755 (379.4947) raw_kl_proj_rep 0.0000 (0.0000) kl_rep_term 0.0229 (0.0229) kl_proj_rep_term 0.0000 (0.0000) kl_term 0.0229 (0.0229) kl_normalizer 50.0000 (50.0000) kl_beta 0.3023 (0.3023) lr 7.1289e-04 eta 0:05:27
epoch [21/50] batch [20/50] time 0.213 (0.228) data 0.000 (0.011) loss 0.2311 (0.3028) acc 100.0000 (98.9062) data_term 0.2067 (0.2782) raw_kl_rep 375.2946 (376.8966) raw_kl_proj_rep 0.0000 (0.0000) kl_rep_term 0.0244 (0.0245) kl_proj_rep_term 0.0000 (0.0000) kl_term 0.0244 (0.0245) kl_normalizer 50.0000 (50.0000) kl_beta 0.3256 (0.3256) lr 6.8406e-04 eta 0:05:36
epoch [21/50] batch [40/50] time 0.213 (0.218) data 0.000 (0.006) loss 0.2346 (0.3005) acc 96.8750 (98.5938) data_term 0.2104 (0.2761) raw_kl_rep 371.5276 (375.0898) raw_kl_proj_rep 0.0000 (0.0000) kl_rep_term 0.0242 (0.0244) kl_proj_rep_term 0.0000 (0.0000) kl_term 0.0242 (0.0244) kl_normalizer 50.0000 (50.0000) kl_beta 0.3256 (0.3256) lr 6.8406e-04 eta 0:05:17
epoch [22/50] batch [20/50] time 0.215 (0.225) data 0.000 (0.010) loss 0.2958 (0.3429) acc 100.0000 (97.8125) data_term 0.2702 (0.3172) raw_kl_rep 366.9064 (368.3981) raw_kl_proj_rep 0.0000 (0.0000) kl_rep_term 0.0256 (0.0257) kl_proj_rep_term 0.0000 (0.0000) kl_term 0.0256 (0.0257) kl_normalizer 50.0000 (50.0000) kl_beta 0.3488 (0.3488) lr 6.5451e-04 eta 0:05:22
epoch [22/50] batch [40/50] time 0.212 (0.216) data 0.000 (0.005) loss 0.3938 (0.3416) acc 96.8750 (97.5781) data_term 0.3685 (0.3161) raw_kl_rep 363.2762 (366.6064) raw_kl_proj_rep 0.0000 (0.0000) kl_rep_term 0.0253 (0.0256) kl_proj_rep_term 0.0000 (0.0000) kl_term 0.0253 (0.0256) kl_normalizer 50.0000 (50.0000) kl_beta 0.3488 (0.3488) lr 6.5451e-04 eta 0:05:05
epoch [23/50] batch [20/50] time 0.217 (0.225) data 0.000 (0.011) loss 0.4297 (0.3085) acc 93.7500 (97.9688) data_term 0.4032 (0.2818) raw_kl_rep 356.6133 (358.8986) raw_kl_proj_rep 0.0000 (0.0000) kl_rep_term 0.0265 (0.0267) kl_proj_rep_term 0.0000 (0.0000) kl_term 0.0265 (0.0267) kl_normalizer 50.0000 (50.0000) kl_beta 0.3721 (0.3721) lr 6.2434e-04 eta 0:05:09
epoch [23/50] batch [40/50] time 0.219 (0.216) data 0.000 (0.006) loss 0.3975 (0.3163) acc 96.8750 (97.8125) data_term 0.3714 (0.2898) raw_kl_rep 350.5131 (356.1829) raw_kl_proj_rep 0.0000 (0.0000) kl_rep_term 0.0261 (0.0265) kl_proj_rep_term 0.0000 (0.0000) kl_term 0.0261 (0.0265) kl_normalizer 50.0000 (50.0000) kl_beta 0.3721 (0.3721) lr 6.2434e-04 eta 0:04:53
epoch [24/50] batch [20/50] time 0.219 (0.226) data 0.000 (0.010) loss 0.2521 (0.2923) acc 100.0000 (98.5938) data_term 0.2249 (0.2649) raw_kl_rep 344.2046 (346.4167) raw_kl_proj_rep 0.0000 (0.0000) kl_rep_term 0.0272 (0.0274) kl_proj_rep_term 0.0000 (0.0000) kl_term 0.0272 (0.0274) kl_normalizer 50.0000 (50.0000) kl_beta 0.3953 (0.3953) lr 5.9369e-04 eta 0:05:00
epoch [24/50] batch [40/50] time 0.220 (0.216) data 0.000 (0.005) loss 0.3703 (0.2942) acc 96.8750 (98.3594) data_term 0.3435 (0.2670) raw_kl_rep 339.5726 (344.0122) raw_kl_proj_rep 0.0000 (0.0000) kl_rep_term 0.0268 (0.0272) kl_proj_rep_term 0.0000 (0.0000) kl_term 0.0268 (0.0272) kl_normalizer 50.0000 (50.0000) kl_beta 0.3953 (0.3953) lr 5.9369e-04 eta 0:04:43
epoch [25/50] batch [20/50] time 0.207 (0.228) data 0.000 (0.011) loss 0.4370 (0.2775) acc 93.7500 (99.2188) data_term 0.4092 (0.2495) raw_kl_rep 332.5264 (334.5114) raw_kl_proj_rep 0.0000 (0.0000) kl_rep_term 0.0278 (0.0280) kl_proj_rep_term 0.0000 (0.0000) kl_term 0.0278 (0.0280) kl_normalizer 50.0000 (50.0000) kl_beta 0.4186 (0.4186) lr 5.6267e-04 eta 0:04:51
epoch [25/50] batch [40/50] time 0.219 (0.216) data 0.000 (0.006) loss 0.3578 (0.2894) acc 100.0000 (98.9062) data_term 0.3304 (0.2616) raw_kl_rep 327.8828 (332.2893) raw_kl_proj_rep 0.0000 (0.0000) kl_rep_term 0.0275 (0.0278) kl_proj_rep_term 0.0000 (0.0000) kl_term 0.0275 (0.0278) kl_normalizer 50.0000 (50.0000) kl_beta 0.4186 (0.4186) lr 5.6267e-04 eta 0:04:32
epoch [26/50] batch [20/50] time 0.218 (0.229) data 0.000 (0.011) loss 0.3198 (0.3153) acc 100.0000 (98.5938) data_term 0.2916 (0.2867) raw_kl_rep 319.6584 (322.7281) raw_kl_proj_rep 0.0000 (0.0000) kl_rep_term 0.0282 (0.0285) kl_proj_rep_term 0.0000 (0.0000) kl_term 0.0282 (0.0285) kl_normalizer 50.0000 (50.0000) kl_beta 0.4419 (0.4419) lr 5.3140e-04 eta 0:04:41
epoch [26/50] batch [40/50] time 0.215 (0.218) data 0.000 (0.006) loss 0.2283 (0.3022) acc 100.0000 (98.5156) data_term 0.2007 (0.2739) raw_kl_rep 313.1243 (319.4925) raw_kl_proj_rep 0.0000 (0.0000) kl_rep_term 0.0277 (0.0282) kl_proj_rep_term 0.0000 (0.0000) kl_term 0.0277 (0.0282) kl_normalizer 50.0000 (50.0000) kl_beta 0.4419 (0.4419) lr 5.3140e-04 eta 0:04:24
epoch [27/50] batch [20/50] time 0.223 (0.230) data 0.000 (0.011) loss 0.3015 (0.2710) acc 100.0000 (98.9062) data_term 0.2731 (0.2424) raw_kl_rep 305.0543 (307.6368) raw_kl_proj_rep 0.0000 (0.0000) kl_rep_term 0.0284 (0.0286) kl_proj_rep_term 0.0000 (0.0000) kl_term 0.0284 (0.0286) kl_normalizer 50.0000 (50.0000) kl_beta 0.4651 (0.4651) lr 5.0000e-04 eta 0:04:31
epoch [27/50] batch [40/50] time 0.225 (0.222) data 0.000 (0.006) loss 0.2330 (0.2913) acc 100.0000 (98.2031) data_term 0.2051 (0.2630) raw_kl_rep 299.6060 (304.8547) raw_kl_proj_rep 0.0000 (0.0000) kl_rep_term 0.0279 (0.0284) kl_proj_rep_term 0.0000 (0.0000) kl_term 0.0279 (0.0284) kl_normalizer 50.0000 (50.0000) kl_beta 0.4651 (0.4651) lr 5.0000e-04 eta 0:04:17
epoch [28/50] batch [20/50] time 0.214 (0.226) data 0.000 (0.010) loss 0.2828 (0.2699) acc 100.0000 (98.9062) data_term 0.2542 (0.2411) raw_kl_rep 292.5320 (294.5802) raw_kl_proj_rep 0.0000 (0.0000) kl_rep_term 0.0286 (0.0288) kl_proj_rep_term 0.0000 (0.0000) kl_term 0.0286 (0.0288) kl_normalizer 50.0000 (50.0000) kl_beta 0.4884 (0.4884) lr 4.6860e-04 eta 0:04:15
epoch [28/50] batch [40/50] time 0.219 (0.217) data 0.000 (0.005) loss 0.3277 (0.2644) acc 96.8750 (98.9062) data_term 0.2996 (0.2358) raw_kl_rep 287.3020 (292.2999) raw_kl_proj_rep 0.0000 (0.0000) kl_rep_term 0.0281 (0.0286) kl_proj_rep_term 0.0000 (0.0000) kl_term 0.0281 (0.0286) kl_normalizer 50.0000 (50.0000) kl_beta 0.4884 (0.4884) lr 4.6860e-04 eta 0:04:00
epoch [29/50] batch [20/50] time 0.215 (0.230) data 0.000 (0.012) loss 0.3251 (0.2768) acc 100.0000 (99.2188) data_term 0.2965 (0.2480) raw_kl_rep 279.4087 (281.9210) raw_kl_proj_rep 0.0000 (0.0000) kl_rep_term 0.0286 (0.0288) kl_proj_rep_term 0.0000 (0.0000) kl_term 0.0286 (0.0288) kl_normalizer 50.0000 (50.0000) kl_beta 0.5116 (0.5116) lr 4.3733e-04 eta 0:04:08
epoch [29/50] batch [40/50] time 0.216 (0.219) data 0.000 (0.006) loss 0.3386 (0.2914) acc 100.0000 (98.2812) data_term 0.3106 (0.2628) raw_kl_rep 273.7222 (279.1785) raw_kl_proj_rep 0.0000 (0.0000) kl_rep_term 0.0280 (0.0286) kl_proj_rep_term 0.0000 (0.0000) kl_term 0.0280 (0.0286) kl_normalizer 50.0000 (50.0000) kl_beta 0.5116 (0.5116) lr 4.3733e-04 eta 0:03:52
epoch [30/50] batch [20/50] time 0.218 (0.226) data 0.000 (0.010) loss 0.3027 (0.2510) acc 96.8750 (99.5312) data_term 0.2743 (0.2223) raw_kl_rep 265.6569 (268.0203) raw_kl_proj_rep 0.0000 (0.0000) kl_rep_term 0.0284 (0.0287) kl_proj_rep_term 0.0000 (0.0000) kl_term 0.0284 (0.0287) kl_normalizer 50.0000 (50.0000) kl_beta 0.5349 (0.5349) lr 4.0631e-04 eta 0:03:53
epoch [30/50] batch [40/50] time 0.215 (0.217) data 0.000 (0.005) loss 0.3147 (0.2607) acc 96.8750 (99.0625) data_term 0.2868 (0.2323) raw_kl_rep 260.5342 (265.5098) raw_kl_proj_rep 0.0000 (0.0000) kl_rep_term 0.0279 (0.0284) kl_proj_rep_term 0.0000 (0.0000) kl_term 0.0279 (0.0284) kl_normalizer 50.0000 (50.0000) kl_beta 0.5349 (0.5349) lr 4.0631e-04 eta 0:03:39
epoch [31/50] batch [20/50] time 0.210 (0.224) data 0.000 (0.011) loss 0.3024 (0.2532) acc 96.8750 (99.5312) data_term 0.2740 (0.2246) raw_kl_rep 253.8805 (255.8638) raw_kl_proj_rep 0.0000 (0.0000) kl_rep_term 0.0283 (0.0286) kl_proj_rep_term 0.0000 (0.0000) kl_term 0.0283 (0.0286) kl_normalizer 50.0000 (50.0000) kl_beta 0.5581 (0.5581) lr 3.7566e-04 eta 0:03:39
epoch [31/50] batch [40/50] time 0.216 (0.217) data 0.000 (0.005) loss 0.2782 (0.2696) acc 100.0000 (99.2188) data_term 0.2504 (0.2413) raw_kl_rep 248.8842 (253.6196) raw_kl_proj_rep 0.0000 (0.0000) kl_rep_term 0.0278 (0.0283) kl_proj_rep_term 0.0000 (0.0000) kl_term 0.0278 (0.0283) kl_normalizer 50.0000 (50.0000) kl_beta 0.5581 (0.5581) lr 3.7566e-04 eta 0:03:27
epoch [32/50] batch [20/50] time 0.216 (0.232) data 0.000 (0.013) loss 0.4630 (0.2679) acc 93.7500 (98.5938) data_term 0.4349 (0.2395) raw_kl_rep 241.9983 (244.1056) raw_kl_proj_rep 0.0000 (0.0000) kl_rep_term 0.0281 (0.0284) kl_proj_rep_term 0.0000 (0.0000) kl_term 0.0281 (0.0284) kl_normalizer 50.0000 (50.0000) kl_beta 0.5814 (0.5814) lr 3.4549e-04 eta 0:03:35
epoch [32/50] batch [40/50] time 0.216 (0.218) data 0.000 (0.006) loss 0.2199 (0.2617) acc 100.0000 (98.9844) data_term 0.1923 (0.2336) raw_kl_rep 237.3044 (241.7841) raw_kl_proj_rep 0.0000 (0.0000) kl_rep_term 0.0276 (0.0281) kl_proj_rep_term 0.0000 (0.0000) kl_term 0.0276 (0.0281) kl_normalizer 50.0000 (50.0000) kl_beta 0.5814 (0.5814) lr 3.4549e-04 eta 0:03:18
epoch [33/50] batch [20/50] time 0.217 (0.229) data 0.000 (0.011) loss 0.5202 (0.2583) acc 96.8750 (99.5312) data_term 0.4922 (0.2301) raw_kl_rep 231.2997 (233.1711) raw_kl_proj_rep 0.0000 (0.0000) kl_rep_term 0.0280 (0.0282) kl_proj_rep_term 0.0000 (0.0000) kl_term 0.0280 (0.0282) kl_normalizer 50.0000 (50.0000) kl_beta 0.6047 (0.6047) lr 3.1594e-04 eta 0:03:21
epoch [33/50] batch [40/50] time 0.215 (0.219) data 0.000 (0.006) loss 0.2414 (0.2617) acc 100.0000 (99.2969) data_term 0.2139 (0.2338) raw_kl_rep 227.0910 (231.1257) raw_kl_proj_rep 0.0000 (0.0000) kl_rep_term 0.0275 (0.0280) kl_proj_rep_term 0.0000 (0.0000) kl_term 0.0275 (0.0280) kl_normalizer 50.0000 (50.0000) kl_beta 0.6047 (0.6047) lr 3.1594e-04 eta 0:03:08
epoch [34/50] batch [20/50] time 0.221 (0.228) data 0.000 (0.011) loss 0.2548 (0.2414) acc 96.8750 (99.2188) data_term 0.2270 (0.2134) raw_kl_rep 220.7366 (222.7505) raw_kl_proj_rep 0.0000 (0.0000) kl_rep_term 0.0277 (0.0280) kl_proj_rep_term 0.0000 (0.0000) kl_term 0.0277 (0.0280) kl_normalizer 50.0000 (50.0000) kl_beta 0.6279 (0.6279) lr 2.8711e-04 eta 0:03:09
epoch [34/50] batch [40/50] time 0.207 (0.215) data 0.000 (0.005) loss 0.4575 (0.2505) acc 96.8750 (99.3750) data_term 0.4303 (0.2228) raw_kl_rep 216.7316 (220.6736) raw_kl_proj_rep 0.0000 (0.0000) kl_rep_term 0.0272 (0.0277) kl_proj_rep_term 0.0000 (0.0000) kl_term 0.0272 (0.0277) kl_normalizer 50.0000 (50.0000) kl_beta 0.6279 (0.6279) lr 2.8711e-04 eta 0:02:54
epoch [35/50] batch [20/50] time 0.214 (0.229) data 0.000 (0.011) loss 0.2393 (0.2417) acc 96.8750 (99.0625) data_term 0.2117 (0.2139) raw_kl_rep 211.8922 (213.4744) raw_kl_proj_rep 0.0000 (0.0000) kl_rep_term 0.0276 (0.0278) kl_proj_rep_term 0.0000 (0.0000) kl_term 0.0276 (0.0278) kl_normalizer 50.0000 (50.0000) kl_beta 0.6512 (0.6512) lr 2.5912e-04 eta 0:02:58
epoch [35/50] batch [40/50] time 0.218 (0.218) data 0.000 (0.005) loss 0.3394 (0.2503) acc 96.8750 (99.2188) data_term 0.3123 (0.2227) raw_kl_rep 208.6258 (211.8198) raw_kl_proj_rep 0.0000 (0.0000) kl_rep_term 0.0272 (0.0276) kl_proj_rep_term 0.0000 (0.0000) kl_term 0.0272 (0.0276) kl_normalizer 50.0000 (50.0000) kl_beta 0.6512 (0.6512) lr 2.5912e-04 eta 0:02:45
epoch [36/50] batch [20/50] time 0.223 (0.232) data 0.000 (0.011) loss 0.2958 (0.2444) acc 100.0000 (99.5312) data_term 0.2684 (0.2167) raw_kl_rep 203.7174 (205.1772) raw_kl_proj_rep 0.0000 (0.0000) kl_rep_term 0.0275 (0.0277) kl_proj_rep_term 0.0000 (0.0000) kl_term 0.0275 (0.0277) kl_normalizer 50.0000 (50.0000) kl_beta 0.6744 (0.6744) lr 2.3209e-04 eta 0:02:49
epoch [36/50] batch [40/50] time 0.212 (0.219) data 0.000 (0.006) loss 0.3391 (0.2564) acc 96.8750 (98.9844) data_term 0.3119 (0.2289) raw_kl_rep 201.3413 (203.8186) raw_kl_proj_rep 0.0000 (0.0000) kl_rep_term 0.0272 (0.0275) kl_proj_rep_term 0.0000 (0.0000) kl_term 0.0272 (0.0275) kl_normalizer 50.0000 (50.0000) kl_beta 0.6744 (0.6744) lr 2.3209e-04 eta 0:02:35
epoch [37/50] batch [20/50] time 0.212 (0.228) data 0.000 (0.011) loss 0.3953 (0.2380) acc 96.8750 (99.6875) data_term 0.3678 (0.2103) raw_kl_rep 197.1693 (198.4734) raw_kl_proj_rep 0.0000 (0.0000) kl_rep_term 0.0275 (0.0277) kl_proj_rep_term 0.0000 (0.0000) kl_term 0.0275 (0.0277) kl_normalizer 50.0000 (50.0000) kl_beta 0.6977 (0.6977) lr 2.0611e-04 eta 0:02:35
epoch [37/50] batch [40/50] time 0.216 (0.217) data 0.000 (0.005) loss 0.1931 (0.2390) acc 100.0000 (99.4531) data_term 0.1659 (0.2115) raw_kl_rep 194.5526 (197.1263) raw_kl_proj_rep 0.0000 (0.0000) kl_rep_term 0.0271 (0.0275) kl_proj_rep_term 0.0000 (0.0000) kl_term 0.0271 (0.0275) kl_normalizer 50.0000 (50.0000) kl_beta 0.6977 (0.6977) lr 2.0611e-04 eta 0:02:23
epoch [38/50] batch [20/50] time 0.216 (0.230) data 0.000 (0.012) loss 0.1942 (0.2371) acc 100.0000 (99.5312) data_term 0.1666 (0.2094) raw_kl_rep 191.2323 (192.2690) raw_kl_proj_rep 0.0000 (0.0000) kl_rep_term 0.0276 (0.0277) kl_proj_rep_term 0.0000 (0.0000) kl_term 0.0276 (0.0277) kl_normalizer 50.0000 (50.0000) kl_beta 0.7209 (0.7209) lr 1.8129e-04 eta 0:02:24
epoch [38/50] batch [40/50] time 0.217 (0.219) data 0.001 (0.006) loss 0.3047 (0.2377) acc 96.8750 (99.5312) data_term 0.2775 (0.2101) raw_kl_rep 188.8385 (191.0980) raw_kl_proj_rep 0.0000 (0.0000) kl_rep_term 0.0272 (0.0276) kl_proj_rep_term 0.0000 (0.0000) kl_term 0.0272 (0.0276) kl_normalizer 50.0000 (50.0000) kl_beta 0.7209 (0.7209) lr 1.8129e-04 eta 0:02:13
epoch [39/50] batch [20/50] time 0.216 (0.226) data 0.000 (0.010) loss 0.1547 (0.2239) acc 100.0000 (99.2188) data_term 0.1271 (0.1961) raw_kl_rep 185.8018 (186.6791) raw_kl_proj_rep 0.0000 (0.0000) kl_rep_term 0.0277 (0.0278) kl_proj_rep_term 0.0000 (0.0000) kl_term 0.0277 (0.0278) kl_normalizer 50.0000 (50.0000) kl_beta 0.7442 (0.7442) lr 1.5773e-04 eta 0:02:11
epoch [39/50] batch [40/50] time 0.213 (0.217) data 0.000 (0.005) loss 0.2489 (0.2358) acc 100.0000 (99.3750) data_term 0.2216 (0.2082) raw_kl_rep 183.7327 (185.6855) raw_kl_proj_rep 0.0000 (0.0000) kl_rep_term 0.0273 (0.0276) kl_proj_rep_term 0.0000 (0.0000) kl_term 0.0273 (0.0276) kl_normalizer 50.0000 (50.0000) kl_beta 0.7442 (0.7442) lr 1.5773e-04 eta 0:02:01
epoch [40/50] batch [20/50] time 0.216 (0.228) data 0.000 (0.012) loss 0.2429 (0.2244) acc 100.0000 (99.6875) data_term 0.2151 (0.1965) raw_kl_rep 181.0296 (181.9068) raw_kl_proj_rep 0.0000 (0.0000) kl_rep_term 0.0278 (0.0279) kl_proj_rep_term 0.0000 (0.0000) kl_term 0.0278 (0.0279) kl_normalizer 50.0000 (50.0000) kl_beta 0.7674 (0.7674) lr 1.3552e-04 eta 0:02:00
epoch [40/50] batch [40/50] time 0.217 (0.217) data 0.000 (0.006) loss 0.2500 (0.2285) acc 100.0000 (99.7656) data_term 0.2225 (0.2008) raw_kl_rep 179.2679 (181.0140) raw_kl_proj_rep 0.0000 (0.0000) kl_rep_term 0.0275 (0.0278) kl_proj_rep_term 0.0000 (0.0000) kl_term 0.0275 (0.0278) kl_normalizer 50.0000 (50.0000) kl_beta 0.7674 (0.7674) lr 1.3552e-04 eta 0:01:50
epoch [41/50] batch [20/50] time 0.219 (0.230) data 0.000 (0.012) loss 0.2072 (0.2350) acc 100.0000 (99.3750) data_term 0.1792 (0.2069) raw_kl_rep 177.0822 (177.6701) raw_kl_proj_rep 0.0000 (0.0000) kl_rep_term 0.0280 (0.0281) kl_proj_rep_term 0.0000 (0.0000) kl_term 0.0280 (0.0281) kl_normalizer 50.0000 (50.0000) kl_beta 0.7907 (0.7907) lr 1.1474e-04 eta 0:01:50
epoch [41/50] batch [40/50] time 0.218 (0.219) data 0.000 (0.006) loss 0.2589 (0.2354) acc 100.0000 (99.2188) data_term 0.2311 (0.2074) raw_kl_rep 175.7258 (177.0218) raw_kl_proj_rep 0.0000 (0.0000) kl_rep_term 0.0278 (0.0280) kl_proj_rep_term 0.0000 (0.0000) kl_term 0.0278 (0.0280) kl_normalizer 50.0000 (50.0000) kl_beta 0.7907 (0.7907) lr 1.1474e-04 eta 0:01:40
epoch [42/50] batch [20/50] time 0.173 (0.230) data 0.000 (0.013) loss 0.2229 (0.2323) acc 100.0000 (99.3750) data_term 0.1946 (0.2039) raw_kl_rep 173.7149 (174.2768) raw_kl_proj_rep 0.0000 (0.0000) kl_rep_term 0.0283 (0.0284) kl_proj_rep_term 0.0000 (0.0000) kl_term 0.0283 (0.0284) kl_normalizer 50.0000 (50.0000) kl_beta 0.8140 (0.8140) lr 9.5492e-05 eta 0:01:39
epoch [42/50] batch [40/50] time 0.219 (0.222) data 0.000 (0.007) loss 0.1728 (0.2335) acc 100.0000 (99.4531) data_term 0.1447 (0.2052) raw_kl_rep 172.6114 (173.7114) raw_kl_proj_rep 0.0000 (0.0000) kl_rep_term 0.0281 (0.0283) kl_proj_rep_term 0.0000 (0.0000) kl_term 0.0281 (0.0283) kl_normalizer 50.0000 (50.0000) kl_beta 0.8140 (0.8140) lr 9.5492e-05 eta 0:01:30
epoch [43/50] batch [20/50] time 0.162 (0.226) data 0.000 (0.011) loss 0.2209 (0.2460) acc 100.0000 (99.3750) data_term 0.1923 (0.2173) raw_kl_rep 171.0242 (171.5030) raw_kl_proj_rep 0.0000 (0.0000) kl_rep_term 0.0286 (0.0287) kl_proj_rep_term 0.0000 (0.0000) kl_term 0.0286 (0.0287) kl_normalizer 50.0000 (50.0000) kl_beta 0.8372 (0.8372) lr 7.7836e-05 eta 0:01:25
epoch [43/50] batch [40/50] time 0.219 (0.222) data 0.000 (0.006) loss 0.2793 (0.2471) acc 100.0000 (99.3750) data_term 0.2508 (0.2185) raw_kl_rep 170.0039 (170.9932) raw_kl_proj_rep 0.0000 (0.0000) kl_rep_term 0.0285 (0.0286) kl_proj_rep_term 0.0000 (0.0000) kl_term 0.0285 (0.0286) kl_normalizer 50.0000 (50.0000) kl_beta 0.8372 (0.8372) lr 7.7836e-05 eta 0:01:20
epoch [44/50] batch [20/50] time 0.206 (0.221) data 0.000 (0.012) loss 0.1725 (0.2162) acc 100.0000 (99.3750) data_term 0.1435 (0.1871) raw_kl_rep 168.6446 (169.0528) raw_kl_proj_rep 0.0000 (0.0000) kl_rep_term 0.0290 (0.0291) kl_proj_rep_term 0.0000 (0.0000) kl_term 0.0290 (0.0291) kl_normalizer 50.0000 (50.0000) kl_beta 0.8605 (0.8605) lr 6.1847e-05 eta 0:01:13
epoch [44/50] batch [40/50] time 0.225 (0.221) data 0.000 (0.006) loss 0.2383 (0.2259) acc 100.0000 (99.1406) data_term 0.2094 (0.1969) raw_kl_rep 167.7986 (168.6246) raw_kl_proj_rep 0.0000 (0.0000) kl_rep_term 0.0289 (0.0290) kl_proj_rep_term 0.0000 (0.0000) kl_term 0.0289 (0.0290) kl_normalizer 50.0000 (50.0000) kl_beta 0.8605 (0.8605) lr 6.1847e-05 eta 0:01:08
epoch [45/50] batch [20/50] time 0.214 (0.222) data 0.000 (0.014) loss 0.2458 (0.2184) acc 100.0000 (99.2188) data_term 0.2163 (0.1889) raw_kl_rep 166.7201 (167.0294) raw_kl_proj_rep 0.0000 (0.0000) kl_rep_term 0.0295 (0.0295) kl_proj_rep_term 0.0000 (0.0000) kl_term 0.0295 (0.0295) kl_normalizer 50.0000 (50.0000) kl_beta 0.8837 (0.8837) lr 4.7586e-05 eta 0:01:02
epoch [45/50] batch [40/50] time 0.224 (0.219) data 0.000 (0.007) loss 0.2875 (0.2235) acc 100.0000 (99.5312) data_term 0.2582 (0.1940) raw_kl_rep 166.0843 (166.7097) raw_kl_proj_rep 0.0000 (0.0000) kl_rep_term 0.0294 (0.0295) kl_proj_rep_term 0.0000 (0.0000) kl_term 0.0294 (0.0295) kl_normalizer 50.0000 (50.0000) kl_beta 0.8837 (0.8837) lr 4.7586e-05 eta 0:00:57
epoch [46/50] batch [20/50] time 0.215 (0.219) data 0.000 (0.011) loss 0.2044 (0.2325) acc 100.0000 (99.2188) data_term 0.1744 (0.2024) raw_kl_rep 165.2057 (165.4680) raw_kl_proj_rep 0.0000 (0.0000) kl_rep_term 0.0300 (0.0300) kl_proj_rep_term 0.0000 (0.0000) kl_term 0.0300 (0.0300) kl_normalizer 50.0000 (50.0000) kl_beta 0.9070 (0.9070) lr 3.5112e-05 eta 0:00:50
epoch [46/50] batch [40/50] time 0.221 (0.219) data 0.000 (0.006) loss 0.2454 (0.2278) acc 100.0000 (99.4531) data_term 0.2155 (0.1978) raw_kl_rep 164.6986 (165.2039) raw_kl_proj_rep 0.0000 (0.0000) kl_rep_term 0.0299 (0.0300) kl_proj_rep_term 0.0000 (0.0000) kl_term 0.0299 (0.0300) kl_normalizer 50.0000 (50.0000) kl_beta 0.9070 (0.9070) lr 3.5112e-05 eta 0:00:45
epoch [47/50] batch [20/50] time 0.220 (0.223) data 0.000 (0.011) loss 0.3554 (0.2379) acc 100.0000 (99.6875) data_term 0.3249 (0.2073) raw_kl_rep 164.1496 (164.3064) raw_kl_proj_rep 0.0000 (0.0000) kl_rep_term 0.0305 (0.0306) kl_proj_rep_term 0.0000 (0.0000) kl_term 0.0305 (0.0306) kl_normalizer 50.0000 (50.0000) kl_beta 0.9302 (0.9302) lr 2.4472e-05 eta 0:00:40
epoch [47/50] batch [40/50] time 0.221 (0.220) data 0.000 (0.006) loss 0.2066 (0.2254) acc 100.0000 (99.6094) data_term 0.1761 (0.1949) raw_kl_rep 163.8116 (164.1412) raw_kl_proj_rep 0.0000 (0.0000) kl_rep_term 0.0305 (0.0305) kl_proj_rep_term 0.0000 (0.0000) kl_term 0.0305 (0.0305) kl_normalizer 50.0000 (50.0000) kl_beta 0.9302 (0.9302) lr 2.4472e-05 eta 0:00:35
epoch [48/50] batch [20/50] time 0.213 (0.223) data 0.000 (0.012) loss 0.2008 (0.2089) acc 100.0000 (99.6875) data_term 0.1697 (0.1777) raw_kl_rep 163.4080 (163.5179) raw_kl_proj_rep 0.0000 (0.0000) kl_rep_term 0.0312 (0.0312) kl_proj_rep_term 0.0000 (0.0000) kl_term 0.0312 (0.0312) kl_normalizer 50.0000 (50.0000) kl_beta 0.9535 (0.9535) lr 1.5708e-05 eta 0:00:28
epoch [48/50] batch [40/50] time 0.214 (0.219) data 0.000 (0.006) loss 0.3387 (0.2251) acc 96.8750 (99.4531) data_term 0.3075 (0.1939) raw_kl_rep 163.1853 (163.4050) raw_kl_proj_rep 0.0000 (0.0000) kl_rep_term 0.0311 (0.0312) kl_proj_rep_term 0.0000 (0.0000) kl_term 0.0311 (0.0312) kl_normalizer 50.0000 (50.0000) kl_beta 0.9535 (0.9535) lr 1.5708e-05 eta 0:00:24
epoch [49/50] batch [20/50] time 0.166 (0.194) data 0.000 (0.012) loss 0.2661 (0.2303) acc 100.0000 (99.8438) data_term 0.2343 (0.1985) raw_kl_rep 162.9300 (162.9929) raw_kl_proj_rep 0.0000 (0.0000) kl_rep_term 0.0318 (0.0318) kl_proj_rep_term 0.0000 (0.0000) kl_term 0.0318 (0.0318) kl_normalizer 50.0000 (50.0000) kl_beta 0.9767 (0.9767) lr 8.8564e-06 eta 0:00:15
epoch [49/50] batch [40/50] time 0.245 (0.219) data 0.000 (0.006) loss 0.2147 (0.2295) acc 96.8750 (99.6875) data_term 0.1829 (0.1976) raw_kl_rep 162.7965 (162.9252) raw_kl_proj_rep 0.0000 (0.0000) kl_rep_term 0.0318 (0.0318) kl_proj_rep_term 0.0000 (0.0000) kl_term 0.0318 (0.0318) kl_normalizer 50.0000 (50.0000) kl_beta 0.9767 (0.9767) lr 8.8564e-06 eta 0:00:13
epoch [50/50] batch [20/50] time 0.258 (0.271) data 0.000 (0.012) loss 0.2215 (0.2296) acc 100.0000 (99.5312) data_term 0.1889 (0.1971) raw_kl_rep 162.6856 (162.7087) raw_kl_proj_rep 0.0000 (0.0000) kl_rep_term 0.0325 (0.0325) kl_proj_rep_term 0.0000 (0.0000) kl_term 0.0325 (0.0325) kl_normalizer 50.0000 (50.0000) kl_beta 1.0000 (1.0000) lr 3.9426e-06 eta 0:00:08
epoch [50/50] batch [40/50] time 0.262 (0.264) data 0.000 (0.006) loss 0.2479 (0.2341) acc 100.0000 (99.6094) data_term 0.2154 (0.2015) raw_kl_rep 162.6292 (162.6824) raw_kl_proj_rep 0.0000 (0.0000) kl_rep_term 0.0325 (0.0325) kl_proj_rep_term 0.0000 (0.0000) kl_term 0.0325 (0.0325) kl_normalizer 50.0000 (50.0000) kl_beta 1.0000 (1.0000) lr 3.9426e-06 eta 0:00:02
Checkpoint saved to output_sweeps/bayes_mmrl_rep_tokens/coarse3/search_stage/BayesMMRL/FS/fewshot_train/ucf101/shots_16/ViT-B-16/rep_zero_sig-global_pstd-0.5_kl-1e-2/seed1/refactor_model/model.pth.tar-50
Finish training
Deploy the last-epoch model
Evaluate on the *test* set
=> result
* total: 3,783
* correct: 3,280
* accuracy: 86.7%
* error: 13.3%
* macro_f1: 86.4%
=> structured result
* accuracy: 86.7037
* error: 13.2963
* macro_f1: 86.3860
* nll: 0.4814
* brier: 0.1950
* ece: 2.7424
Saved metrics JSON to output_sweeps/bayes_mmrl_rep_tokens/coarse3/search_stage/BayesMMRL/FS/fewshot_train/ucf101/shots_16/ViT-B-16/rep_zero_sig-global_pstd-0.5_kl-1e-2/seed1/test_metrics.json
Saved metrics CSV to output_sweeps/bayes_mmrl_rep_tokens/coarse3/search_stage/BayesMMRL/FS/fewshot_train/ucf101/shots_16/ViT-B-16/rep_zero_sig-global_pstd-0.5_kl-1e-2/seed1/test_metrics.csv
Saved calibration bins CSV to output_sweeps/bayes_mmrl_rep_tokens/coarse3/search_stage/BayesMMRL/FS/fewshot_train/ucf101/shots_16/ViT-B-16/rep_zero_sig-global_pstd-0.5_kl-1e-2/seed1/test_calibration_bins.csv
Elapsed: 0:10:19
[cleanup] removed checkpoint dir: output_sweeps/bayes_mmrl_rep_tokens/coarse3/search_stage/BayesMMRL/FS/fewshot_train/ucf101/shots_16/ViT-B-16/rep_zero_sig-global_pstd-0.5_kl-1e-2/seed1/refactor_model
