============================================================
START: 2026-04-24 05:34:57
STAGE: search_stage
GPU: 1
METHOD: BayesMMRL
PROTOCOL: FS
EXEC_MODE: online
DATASET: caltech101
SHOTS: 16
SEED: 1
TAG: rep_zero_sig-matrix_normal_diag_lowrank_pstd-0.02_kl-1e-6_rank-4
DATA_ROOT: DATASETS
OUTPUT_ROOT: output_sweeps/bayes_mmrl_rep_tokens_only/coarse3/search_stage
BACKBONE: ViT-B/16
============================================================
[run] REP_TOKENS_SEARCH | dataset=caltech101 | shot=16 | seed=1 | tag=rep_zero_sig-matrix_normal_diag_lowrank_pstd-0.02_kl-1e-6_rank-4
[info] rep_tokens-only stage
[info] EVAL_MODE=mc_predictive, EVAL_AGGREGATION=logit_mean
[info] KL_WARMUP_EPOCHS=8
Setting fixed seed: 1
***************
** Arguments **
***************
dataset_config_file: configs/datasets/caltech101.yaml
eval_only: False
exec_mode: online
exp_config: 
load_epoch: None
method: BayesMMRL
method_config_file: configs/methods/bayesmmrl.yaml
model_dir: 
no_train: False
opts: ['DATASET.NUM_SHOTS', '16', 'DATASET.SUBSAMPLE_CLASSES', 'all', 'MODEL.BACKBONE.NAME', 'ViT-B/16', 'BAYES_MMRL.ALPHA', '0.7', 'BAYES_MMRL.REG_WEIGHT', '0.5', 'BAYES_MMRL.N_REP_TOKENS', '5', 'BAYES_MMRL.REP_LAYERS', '[6,7,8,9,10,11,12]', 'BAYES_MMRL.REP_DIM', '512', 'BAYES_MMRL.N_MC_TRAIN', '3', 'BAYES_MMRL.N_MC_TEST', '10', 'BAYES_MMRL.EVAL_MODE', 'mc_predictive', 'BAYES_MMRL.EVAL_USE_POSTERIOR_MEAN', 'False', 'BAYES_MMRL.EVAL_AGGREGATION', 'logit_mean', 'BAYES_MMRL.KL_WARMUP_EPOCHS', '8', 'BAYES_MMRL.BAYES_TARGET', 'rep_tokens', 'BAYES_MMRL.REP_PRIOR_MODE', 'zero', 'BAYES_MMRL.REP_SIGMA_MODE', 'matrix_normal_diag_lowrank', 'BAYES_MMRL.REP_PRIOR_STD', '0.02', 'BAYES_MMRL.REP_KL_WEIGHT', '1e-6', 'BAYES_MMRL.REP_MN_ENFORCE_TRACE', 'True', 'BAYES_MMRL.REP_MN_LOWRANK_RANK', '4']
output_dir: output_sweeps/bayes_mmrl_rep_tokens_only/coarse3/search_stage/BayesMMRL/FS/fewshot_train/caltech101/shots_16/ViT-B-16/rep_zero_sig-matrix_normal_diag_lowrank_pstd-0.02_kl-1e-6_rank-4/seed1
protocol: FS
protocol_config_file: configs/protocols/fs.yaml
root: DATASETS
runtime_config_file: configs/runtime/default.yaml
seed: 1
trainer: RefactorRunner
************
** Config **
************
BAYES_MMRL:
  ALPHA: 0.7
  BAYES_TARGET: rep_tokens
  CLIP_PRIOR_BLEND: 0.5
  CLIP_PRIOR_SCALE: 0.05
  EVAL_AGGREGATION: logit_mean
  EVAL_MODE: mc_predictive
  EVAL_USE_POSTERIOR_MEAN: False
  KL_WARMUP_EPOCHS: 8
  KL_WEIGHT: 0.0005
  N_MC_TEST: 10
  N_MC_TRAIN: 3
  N_REP_TOKENS: 5
  PREC: amp
  PRIOR_STD: 0.05
  PROJ_REP_KL_WEIGHT: 1e-06
  PROJ_REP_PRIOR_MODE: clip_proj
  PROJ_REP_PRIOR_STD: 0.01
  PROJ_REP_SIGMA_MODE: row
  REG_WEIGHT: 0.5
  REP_DIM: 512
  REP_KL_WEIGHT: 1e-06
  REP_LAYERS: [6, 7, 8, 9, 10, 11, 12]
  REP_MN_ENFORCE_TRACE: True
  REP_MN_LOWRANK_RANK: 4
  REP_PRIOR_MODE: zero
  REP_PRIOR_STD: 0.02
  REP_SIGMA_MODE: matrix_normal_diag_lowrank
  SIGMA_MODE: global
CLIP_ADAPTERS:
  ALLOW_CACHE: True
  BAYES_KL_SCALE: 1.0
  BAYES_PRIOR_STD: 0.01
  CONSTRAINT: none
  ENHANCED_BASE: none
  INIT: ZS
  KL_WEIGHT: 0.0001
  N_SAMPLES: 3
  N_TEST_SAMPLES: 10
  PREC: fp32
  TYPE: MP
DATALOADER:
  K_TRANSFORMS: 1
  NUM_WORKERS: 8
  RETURN_IMG0: False
  TEST:
    BATCH_SIZE: 250
    SAMPLER: SequentialSampler
  TRAIN_U:
    BATCH_SIZE: 32
    N_DOMAIN: 0
    N_INS: 16
    SAME_AS_X: True
    SAMPLER: RandomSampler
  TRAIN_X:
    BATCH_SIZE: 32
    N_DOMAIN: 0
    N_INS: 16
    SAMPLER: RandomSampler
DATASET:
  ALL_AS_UNLABELED: False
  CIFAR_C_LEVEL: 1
  CIFAR_C_TYPE: 
  NAME: Caltech101
  NUM_LABELED: -1
  NUM_SHOTS: 16
  ROOT: DATASETS
  SOURCE_DOMAINS: ()
  STL10_FOLD: -1
  SUBSAMPLE_CLASSES: all
  TARGET_DOMAINS: ()
  VAL_PERCENT: 0.1
INPUT:
  COLORJITTER_B: 0.4
  COLORJITTER_C: 0.4
  COLORJITTER_H: 0.1
  COLORJITTER_S: 0.4
  CROP_PADDING: 4
  CUTOUT_LEN: 16
  CUTOUT_N: 1
  GB_K: 21
  GB_P: 0.5
  GN_MEAN: 0.0
  GN_STD: 0.15
  INTERPOLATION: bicubic
  NO_TRANSFORM: False
  PIXEL_MEAN: [0.48145466, 0.4578275, 0.40821073]
  PIXEL_STD: [0.26862954, 0.26130258, 0.27577711]
  RANDAUGMENT_M: 10
  RANDAUGMENT_N: 2
  RGS_P: 0.2
  RRCROP_SCALE: (0.5, 1)
  SIZE: (224, 224)
  TRANSFORMS: ('random_resized_crop', 'random_flip', 'normalize')
METHOD:
  EXEC_MODE: online
  FAMILY: internal_adaptation
  NAME: BayesMMRL
  TAG: default
MMRL:
  ALPHA: 0.7
  N_REP_TOKENS: 5
  PREC: amp
  REG_WEIGHT: 1.0
  REP_DIM: 512
  REP_LAYERS: [6, 7, 8, 9, 10, 11, 12]
MMRLPP:
  ALPHA: 0.7
  BETA: 0.9
  N_REP_TOKENS: 5
  PREC: amp
  PROJ_LORA_DIM: 64
  REG_WEIGHT: 1.0
  REP_DIM: 512
  REP_LAYERS: [6, 7, 8, 9, 10, 11, 12]
  RES_LORA_DIM: 4
MMRL_MIX:
  ALPHA: 0.7
  LOSS_FUSE_WEIGHT: 0.2
  LOSS_MAIN_WEIGHT: 1.0
  LOSS_REP_WEIGHT: 1.0
  N_REP_TOKENS: 5
  PREC: amp
  REG_WEIGHT: 1.0
  REP_DIM: 512
  REP_LAYERS: [6, 7, 8, 9, 10, 11, 12]
MODEL:
  BACKBONE:
    NAME: ViT-B/16
    PRETRAINED: True
  HEAD:
    ACTIVATION: relu
    BN: True
    DROPOUT: 0.0
    HIDDEN_LAYERS: ()
    NAME: 
  INIT_WEIGHTS: 
OPTIM:
  ADAM_BETA1: 0.9
  ADAM_BETA2: 0.999
  BASE_LR_MULT: 0.1
  GAMMA: 0.1
  LR: 0.001
  LR_SCHEDULER: cosine
  MAX_EPOCH: 50
  MOMENTUM: 0.9
  NAME: adamw
  NEW_LAYERS: ()
  RMSPROP_ALPHA: 0.99
  SGD_DAMPNING: 0
  SGD_NESTEROV: False
  STAGED_LR: False
  STEPSIZE: (-1,)
  WARMUP_CONS_LR: 1e-05
  WARMUP_EPOCH: 1
  WARMUP_MIN_LR: 1e-05
  WARMUP_RECOUNT: True
  WARMUP_TYPE: constant
  WEIGHT_DECAY: 0.0005
OUTPUT_DIR: output_sweeps/bayes_mmrl_rep_tokens_only/coarse3/search_stage/BayesMMRL/FS/fewshot_train/caltech101/shots_16/ViT-B-16/rep_zero_sig-matrix_normal_diag_lowrank_pstd-0.02_kl-1e-6_rank-4/seed1
PROTOCOL:
  NAME: FS
  PHASE: fewshot_train
RESUME: 
RUNTIME:
  OUTPUT_ROOT: output_refactor
  USE_DASSL_TRAINER_BRIDGE: True
SEED: 1
TASK: FS
TEST:
  COMPUTE_CMAT: False
  EVALUATOR: Classification
  FINAL_MODEL: last_step
  NO_TEST: False
  PER_CLASS_RESULT: False
  SPLIT: test
TRAIN:
  CHECKPOINT_FREQ: 0
  COUNT_ITER: train_x
  PRINT_FREQ: 20
TRAINER:
  BayesMMRL:
    ALPHA: 0.7
    BAYES_TARGET: rep_tokens
    CLIP_PRIOR_BLEND: 0.5
    CLIP_PRIOR_SCALE: 0.05
    EVAL_AGGREGATION: logit_mean
    EVAL_MODE: mc_predictive
    EVAL_USE_POSTERIOR_MEAN: False
    KL_WARMUP_EPOCHS: 8
    KL_WEIGHT: 1e-06
    N_MC_TEST: 10
    N_MC_TRAIN: 3
    N_REP_TOKENS: 5
    PREC: amp
    PRIOR_STD: 0.02
    PROJ_REP_KL_WEIGHT: 1e-06
    PROJ_REP_PRIOR_MODE: clip_proj
    PROJ_REP_PRIOR_STD: 0.01
    PROJ_REP_SIGMA_MODE: row
    REG_WEIGHT: 0.5
    REP_DIM: 512
    REP_KL_WEIGHT: 1e-06
    REP_LAYERS: [6, 7, 8, 9, 10, 11, 12]
    REP_MN_ENFORCE_TRACE: True
    REP_MN_LOWRANK_RANK: 4
    REP_PRIOR_MODE: zero
    REP_PRIOR_STD: 0.02
    REP_SIGMA_MODE: matrix_normal_diag_lowrank
    SIGMA_MODE: matrix_normal_diag_lowrank
  CDAC:
    CLASS_LR_MULTI: 10
    P_THRESH: 0.95
    RAMPUP_COEF: 30
    RAMPUP_ITRS: 1000
    STRONG_TRANSFORMS: ()
    TOPK_MATCH: 5
  CROSSGRAD:
    ALPHA_D: 0.5
    ALPHA_F: 0.5
    EPS_D: 1.0
    EPS_F: 1.0
  ClipADAPTER:
    ALLOW_CACHE: True
    CONSTRAINT: none
    ENHANCED_BASE: none
    INIT: ZS
    PREC: fp32
    TYPE: MP
  DAEL:
    CONF_THRE: 0.95
    STRONG_TRANSFORMS: ()
    WEIGHT_U: 0.5
  DAELDG:
    CONF_THRE: 0.95
    STRONG_TRANSFORMS: ()
    WEIGHT_U: 0.5
  DDAIG:
    ALPHA: 0.5
    CLAMP: False
    CLAMP_MAX: 1.0
    CLAMP_MIN: -1.0
    G_ARCH: 
    LMDA: 0.3
    WARMUP: 0
  DOMAINMIX:
    ALPHA: 1.0
    BETA: 1.0
    TYPE: crossdomain
  ENTMIN:
    LMDA: 0.001
  FIXMATCH:
    CONF_THRE: 0.95
    STRONG_TRANSFORMS: ()
    WEIGHT_U: 1.0
  M3SDA:
    LMDA: 0.5
    N_STEP_F: 4
  MCD:
    N_STEP_F: 4
  MEANTEACHER:
    EMA_ALPHA: 0.999
    RAMPUP: 5
    WEIGHT_U: 1.0
  MIXMATCH:
    MIXUP_BETA: 0.75
    RAMPUP: 20000
    TEMP: 2.0
    WEIGHT_U: 100.0
  MME:
    LMDA: 0.1
  MMRL:
    ALPHA: 0.7
    N_REP_TOKENS: 5
    PREC: amp
    REG_WEIGHT: 1.0
    REP_DIM: 512
    REP_LAYERS: [6, 7, 8, 9, 10, 11, 12]
  MMRLMix:
    ALPHA: 0.7
    LOSS_FUSE_WEIGHT: 0.2
    LOSS_MAIN_WEIGHT: 1.0
    LOSS_REP_WEIGHT: 1.0
    N_REP_TOKENS: 5
    PREC: amp
    REG_WEIGHT: 1.0
    REP_DIM: 512
    REP_LAYERS: [6, 7, 8, 9, 10, 11, 12]
  MMRLpp:
    ALPHA: 0.7
    BETA: 0.9
    N_REP_TOKENS: 5
    PREC: amp
    PROJ_LORA_DIM: 64
    REG_WEIGHT: 1.0
    REP_DIM: 512
    REP_LAYERS: [6, 7, 8, 9, 10, 11, 12]
    RES_LORA_DIM: 4
  NAME: RefactorRunner
  SE:
    CONF_THRE: 0.95
    EMA_ALPHA: 0.999
    RAMPUP: 300
USE_CUDA: True
VERBOSE: True
VERSION: 1
Collecting env info ...
** System info **
PyTorch version: 2.11.0+cu128
Is debug build: False
CUDA used to build PyTorch: 12.8
ROCM used to build PyTorch: N/A

OS: Ubuntu 22.04.1 LTS (x86_64)
GCC version: (Ubuntu 11.3.0-1ubuntu1~22.04) 11.3.0
Clang version: Could not collect
CMake version: version 3.22.1
Libc version: glibc-2.35

Python version: 3.10.20 (main, Mar 11 2026, 17:46:40) [GCC 14.3.0] (64-bit runtime)
Python platform: Linux-5.15.0-78-generic-x86_64-with-glibc2.35
Is CUDA available: True
CUDA runtime version: 11.8.89
CUDA_MODULE_LOADING set to: 
GPU models and configuration: 
GPU 0: NVIDIA GeForce RTX 5090
GPU 1: NVIDIA GeForce RTX 5090
GPU 2: NVIDIA GeForce RTX 5090

Nvidia driver version: 595.58.03
cuDNN version: Probably one of the following:
/usr/lib/x86_64-linux-gnu/libcudnn.so.8.6.0
/usr/lib/x86_64-linux-gnu/libcudnn_adv_infer.so.8.6.0
/usr/lib/x86_64-linux-gnu/libcudnn_adv_train.so.8.6.0
/usr/lib/x86_64-linux-gnu/libcudnn_cnn_infer.so.8.6.0
/usr/lib/x86_64-linux-gnu/libcudnn_cnn_train.so.8.6.0
/usr/lib/x86_64-linux-gnu/libcudnn_ops_infer.so.8.6.0
/usr/lib/x86_64-linux-gnu/libcudnn_ops_train.so.8.6.0
Is XPU available: False
HIP runtime version: N/A
MIOpen runtime version: N/A
Is XNNPACK available: True
Caching allocator config: N/A

CPU:
Architecture:                    x86_64
CPU op-mode(s):                  32-bit, 64-bit
Address sizes:                   52 bits physical, 57 bits virtual
Byte Order:                      Little Endian
CPU(s):                          208
On-line CPU(s) list:             0-207
Vendor ID:                       GenuineIntel
Model name:                      Intel(R) Xeon(R) Platinum 8470Q
CPU family:                      6
Model:                           143
Thread(s) per core:              2
Core(s) per socket:              52
Socket(s):                       2
Stepping:                        8
Frequency boost:                 enabled
CPU max MHz:                     2101.0000
CPU min MHz:                     800.0000
BogoMIPS:                        4200.00
Flags:                           fpu vme de pse tsc msr pae mce cx8 apic sep mtrr pge mca cmov pat pse36 clflush dts acpi mmx fxsr sse sse2 ss ht tm pbe syscall nx pdpe1gb rdtscp lm constant_tsc art arch_perfmon pebs bts rep_good nopl xtopology nonstop_tsc cpuid aperfmperf tsc_known_freq pni pclmulqdq dtes64 ds_cpl vmx smx est tm2 ssse3 sdbg fma cx16 xtpr pdcm pcid dca sse4_1 sse4_2 x2apic movbe popcnt tsc_deadline_timer aes xsave avx f16c rdrand lahf_lm abm 3dnowprefetch cpuid_fault epb cat_l3 cat_l2 cdp_l3 invpcid_single intel_ppin cdp_l2 ssbd mba ibrs ibpb stibp ibrs_enhanced tpr_shadow vnmi flexpriority ept vpid ept_ad fsgsbase tsc_adjust bmi1 avx2 smep bmi2 erms invpcid cqm rdt_a avx512f avx512dq rdseed adx smap avx512ifma clflushopt clwb intel_pt avx512cd sha_ni avx512bw avx512vl xsaveopt xsavec xgetbv1 xsaves cqm_llc cqm_occup_llc cqm_mbm_total cqm_mbm_local split_lock_detect avx_vnni avx512_bf16 wbnoinvd dtherm ida arat pln pts avx512vbmi umip pku ospke waitpkg avx512_vbmi2 gfni vaes vpclmulqdq avx512_vnni avx512_bitalg tme avx512_vpopcntdq la57 rdpid bus_lock_detect cldemote movdiri movdir64b enqcmd fsrm md_clear serialize tsxldtrk pconfig arch_lbr amx_bf16 avx512_fp16 amx_tile amx_int8 flush_l1d arch_capabilities
Virtualization:                  VT-x
L1d cache:                       4.9 MiB (104 instances)
L1i cache:                       3.3 MiB (104 instances)
L2 cache:                        208 MiB (104 instances)
L3 cache:                        210 MiB (2 instances)
NUMA node(s):                    2
NUMA node0 CPU(s):               0-51,104-155
NUMA node1 CPU(s):               52-103,156-207
Vulnerability Itlb multihit:     Not affected
Vulnerability L1tf:              Not affected
Vulnerability Mds:               Not affected
Vulnerability Meltdown:          Not affected
Vulnerability Mmio stale data:   Not affected
Vulnerability Retbleed:          Not affected
Vulnerability Spec store bypass: Mitigation; Speculative Store Bypass disabled via prctl and seccomp
Vulnerability Spectre v1:        Mitigation; usercopy/swapgs barriers and __user pointer sanitization
Vulnerability Spectre v2:        Mitigation; Enhanced IBRS, IBPB conditional, RSB filling, PBRSB-eIBRS SW sequence
Vulnerability Srbds:             Not affected
Vulnerability Tsx async abort:   Not affected

Versions of relevant libraries:
[pip3] flake8==3.7.9
[pip3] numpy==2.2.6
[pip3] nvidia-cublas-cu12==12.8.4.1
[pip3] nvidia-cuda-cupti-cu12==12.8.90
[pip3] nvidia-cuda-nvrtc-cu12==12.8.93
[pip3] nvidia-cuda-runtime-cu12==12.8.90
[pip3] nvidia-cudnn-cu12==9.19.0.56
[pip3] nvidia-cufft-cu12==11.3.3.83
[pip3] nvidia-curand-cu12==10.3.9.90
[pip3] nvidia-cusolver-cu12==11.7.3.90
[pip3] nvidia-cusparse-cu12==12.5.8.93
[pip3] nvidia-cusparselt-cu12==0.7.1
[pip3] nvidia-nccl-cu12==2.28.9
[pip3] nvidia-nvjitlink-cu12==12.8.93
[pip3] nvidia-nvtx-cu12==12.8.90
[pip3] torch==2.11.0+cu128
[pip3] torchaudio==2.11.0+cu128
[pip3] torchvision==0.26.0+cu128
[pip3] triton==3.6.0
[conda] numpy                     2.2.6                    pypi_0    pypi
[conda] nvidia-cublas-cu12        12.8.4.1                 pypi_0    pypi
[conda] nvidia-cuda-cupti-cu12    12.8.90                  pypi_0    pypi
[conda] nvidia-cuda-nvrtc-cu12    12.8.93                  pypi_0    pypi
[conda] nvidia-cuda-runtime-cu12  12.8.90                  pypi_0    pypi
[conda] nvidia-cudnn-cu12         9.19.0.56                pypi_0    pypi
[conda] nvidia-cufft-cu12         11.3.3.83                pypi_0    pypi
[conda] nvidia-curand-cu12        10.3.9.90                pypi_0    pypi
[conda] nvidia-cusolver-cu12      11.7.3.90                pypi_0    pypi
[conda] nvidia-cusparse-cu12      12.5.8.93                pypi_0    pypi
[conda] nvidia-cusparselt-cu12    0.7.1                    pypi_0    pypi
[conda] nvidia-nccl-cu12          2.28.9                   pypi_0    pypi
[conda] nvidia-nvjitlink-cu12     12.8.93                  pypi_0    pypi
[conda] nvidia-nvtx-cu12          12.8.90                  pypi_0    pypi
[conda] torch                     2.11.0+cu128             pypi_0    pypi
[conda] torchaudio                2.11.0+cu128             pypi_0    pypi
[conda] torchvision               0.26.0+cu128             pypi_0    pypi
[conda] triton                    3.6.0                    pypi_0    pypi
        Pillow (12.1.1)

Loading trainer: RefactorRunner
Loading dataset: Caltech101
Reading split from /root/autodl-tmp/MMRL/DATASETS/caltech-101/split_zhou_Caltech101.json
Loading preprocessed few-shot data from /root/autodl-tmp/MMRL/DATASETS/caltech-101/split_fewshot/shot_16-seed_1.pkl
Building transform_train
+ random resized crop (size=(224, 224), scale=(0.5, 1))
+ random flip
+ to torch tensor of range [0, 1]
+ normalization (mean=[0.48145466, 0.4578275, 0.40821073], std=[0.26862954, 0.26130258, 0.27577711])
Building transform_test
+ resize the smaller edge to 224
+ 224x224 center crop
+ to torch tensor of range [0, 1]
+ normalization (mean=[0.48145466, 0.4578275, 0.40821073], std=[0.26862954, 0.26130258, 0.27577711])
---------  ----------
Dataset    Caltech101
# classes  100
# train_x  1,600
# val      400
# test     2,465
---------  ----------
/root/autodl-tmp/MMRL/trainers/refactor_runner.py:61: FutureWarning: `torch.cuda.amp.GradScaler(args...)` is deprecated. Please use `torch.amp.GradScaler('cuda', args...)` instead.
  self.scaler = GradScaler() if prec == "amp" else None
[BayesMMRLMethod] trainable params: {'representation_learner.rep_posterior.posterior_feature_lowrank', 'representation_learner.compound_rep_tokens_r2vproj.6.weight', 'representation_learner.compound_rep_tokens_r2tproj.0.bias', 'representation_learner.compound_rep_tokens_r2tproj.3.bias', 'representation_learner.compound_rep_tokens_r2vproj.5.bias', 'representation_learner.compound_rep_tokens_r2tproj.1.weight', 'representation_learner.compound_rep_tokens_r2vproj.4.bias', 'representation_learner.rep_posterior.posterior_feature_diag_rho', 'representation_learner.compound_rep_tokens_r2tproj.3.weight', 'representation_learner.rep_posterior.posterior_mean', 'representation_learner.compound_rep_tokens_r2tproj.1.bias', 'representation_learner.compound_rep_tokens_r2tproj.4.weight', 'representation_learner.compound_rep_tokens_r2vproj.2.weight', 'representation_learner.compound_rep_tokens_r2tproj.5.weight', 'representation_learner.compound_rep_tokens_r2vproj.5.weight', 'image_encoder.proj_rep', 'representation_learner.compound_rep_tokens_r2vproj.4.weight', 'representation_learner.compound_rep_tokens_r2vproj.6.bias', 'representation_learner.compound_rep_tokens_r2tproj.2.weight', 'representation_learner.compound_rep_tokens_r2vproj.3.bias', 'representation_learner.compound_rep_tokens_r2tproj.6.weight', 'representation_learner.compound_rep_tokens_r2vproj.1.weight', 'representation_learner.compound_rep_tokens_r2vproj.2.bias', 'representation_learner.rep_posterior.posterior_token_tril_raw', 'representation_learner.compound_rep_tokens_r2vproj.3.weight', 'representation_learner.compound_rep_tokens_r2vproj.0.bias', 'representation_learner.compound_rep_tokens_r2tproj.2.bias', 'representation_learner.compound_rep_tokens_r2vproj.1.bias', 'representation_learner.compound_rep_tokens_r2vproj.0.weight', 'representation_learner.compound_rep_tokens_r2tproj.6.bias', 'representation_learner.compound_rep_tokens_r2tproj.4.bias', 'representation_learner.compound_rep_tokens_r2tproj.0.weight', 'representation_learner.compound_rep_tokens_r2tproj.5.bias'}
Loading evaluator: Classification
No checkpoint found, train from scratch
Initialize tensorboard (log_dir=output_sweeps/bayes_mmrl_rep_tokens_only/coarse3/search_stage/BayesMMRL/FS/fewshot_train/caltech101/shots_16/ViT-B-16/rep_zero_sig-matrix_normal_diag_lowrank_pstd-0.02_kl-1e-6_rank-4/seed1/tensorboard)
/root/autodl-tmp/MMRL/executors/online_executor.py:48: FutureWarning: `torch.cuda.amp.autocast(args...)` is deprecated. Please use `torch.amp.autocast('cuda', args...)` instead.
  with autocast():
epoch [1/50] batch [20/50] time 0.142 (0.288) data 0.000 (0.035) loss 2.1432 (2.2300) acc 90.6250 (88.1250) data_term 2.1432 (2.2300) raw_kl_rep 0.0439 (0.0156) raw_kl_proj_rep 0.0000 (0.0000) kl_rep_term 0.0000 (0.0000) kl_proj_rep_term 0.0000 (0.0000) kl_term 0.0000 (0.0000) kl_normalizer 50.0000 (50.0000) kl_beta 0.0000 (0.0000) lr 1.0000e-05 eta 0:11:53
epoch [1/50] batch [40/50] time 0.335 (0.246) data 0.000 (0.018) loss 1.9306 (2.1707) acc 96.8750 (88.2812) data_term 1.9306 (2.1707) raw_kl_rep 0.1484 (0.0552) raw_kl_proj_rep 0.0000 (0.0000) kl_rep_term 0.0000 (0.0000) kl_proj_rep_term 0.0000 (0.0000) kl_term 0.0000 (0.0000) kl_normalizer 50.0000 (50.0000) kl_beta 0.0000 (0.0000) lr 1.0000e-05 eta 0:10:06
epoch [2/50] batch [20/50] time 0.158 (0.246) data 0.000 (0.029) loss 0.2907 (1.1083) acc 100.0000 (88.5938) data_term 0.2907 (1.1083) raw_kl_rep 234.0039 (91.2825) raw_kl_proj_rep 0.0000 (0.0000) kl_rep_term 0.0000 (0.0000) kl_proj_rep_term 0.0000 (0.0000) kl_term 0.0000 (0.0000) kl_normalizer 50.0000 (50.0000) kl_beta 0.0000 (0.0000) lr 1.0000e-03 eta 0:09:58
epoch [2/50] batch [40/50] time 0.204 (0.214) data 0.000 (0.015) loss 0.2962 (0.7198) acc 93.7500 (90.8594) data_term 0.2962 (0.7198) raw_kl_rep 421.9775 (221.6634) raw_kl_proj_rep 0.0000 (0.0000) kl_rep_term 0.0000 (0.0000) kl_proj_rep_term 0.0000 (0.0000) kl_term 0.0000 (0.0000) kl_normalizer 50.0000 (50.0000) kl_beta 0.0000 (0.0000) lr 1.0000e-03 eta 0:08:36
epoch [3/50] batch [20/50] time 0.189 (0.220) data 0.000 (0.050) loss 0.2766 (0.2203) acc 93.7500 (95.0000) data_term 0.2766 (0.2203) raw_kl_rep 461.3066 (456.6042) raw_kl_proj_rep 0.0000 (0.0000) kl_rep_term 0.0000 (0.0000) kl_proj_rep_term 0.0000 (0.0000) kl_term 0.0000 (0.0000) kl_normalizer 50.0000 (50.0000) kl_beta 0.0000 (0.0000) lr 9.9901e-04 eta 0:08:42
epoch [3/50] batch [40/50] time 0.368 (0.197) data 0.000 (0.025) loss 0.1812 (0.2296) acc 100.0000 (94.6875) data_term 0.1812 (0.2296) raw_kl_rep 474.9189 (462.2611) raw_kl_proj_rep 0.0000 (0.0000) kl_rep_term 0.0000 (0.0000) kl_proj_rep_term 0.0000 (0.0000) kl_term 0.0000 (0.0000) kl_normalizer 50.0000 (50.0000) kl_beta 0.0000 (0.0000) lr 9.9901e-04 eta 0:07:45
epoch [4/50] batch [20/50] time 0.187 (0.279) data 0.000 (0.032) loss 0.1415 (0.1788) acc 96.8750 (96.0938) data_term 0.1415 (0.1788) raw_kl_rep 495.7129 (480.9614) raw_kl_proj_rep 0.0000 (0.0000) kl_rep_term 0.0000 (0.0000) kl_proj_rep_term 0.0000 (0.0000) kl_term 0.0000 (0.0000) kl_normalizer 50.0000 (50.0000) kl_beta 0.0000 (0.0000) lr 9.9606e-04 eta 0:10:49
epoch [4/50] batch [40/50] time 0.295 (0.246) data 0.000 (0.016) loss 0.0930 (0.1642) acc 100.0000 (96.0156) data_term 0.0930 (0.1642) raw_kl_rep 480.4941 (485.6365) raw_kl_proj_rep 0.0000 (0.0000) kl_rep_term 0.0000 (0.0000) kl_proj_rep_term 0.0000 (0.0000) kl_term 0.0000 (0.0000) kl_normalizer 50.0000 (50.0000) kl_beta 0.0000 (0.0000) lr 9.9606e-04 eta 0:09:27
epoch [5/50] batch [20/50] time 0.177 (0.244) data 0.000 (0.028) loss 0.0871 (0.1512) acc 100.0000 (96.5625) data_term 0.0871 (0.1512) raw_kl_rep 517.0107 (512.1579) raw_kl_proj_rep 0.0000 (0.0000) kl_rep_term 0.0000 (0.0000) kl_proj_rep_term 0.0000 (0.0000) kl_term 0.0000 (0.0000) kl_normalizer 50.0000 (50.0000) kl_beta 0.0000 (0.0000) lr 9.9114e-04 eta 0:09:16
epoch [5/50] batch [40/50] time 0.243 (0.229) data 0.000 (0.014) loss 0.1612 (0.1615) acc 100.0000 (96.4062) data_term 0.1612 (0.1615) raw_kl_rep 535.4668 (516.2859) raw_kl_proj_rep 0.0000 (0.0000) kl_rep_term 0.0000 (0.0000) kl_proj_rep_term 0.0000 (0.0000) kl_term 0.0000 (0.0000) kl_normalizer 50.0000 (50.0000) kl_beta 0.0000 (0.0000) lr 9.9114e-04 eta 0:08:36
epoch [6/50] batch [20/50] time 0.390 (0.274) data 0.000 (0.026) loss 0.1082 (0.1363) acc 96.8750 (97.3438) data_term 0.1082 (0.1363) raw_kl_rep 569.9619 (560.7178) raw_kl_proj_rep 0.0000 (0.0000) kl_rep_term 0.0000 (0.0000) kl_proj_rep_term 0.0000 (0.0000) kl_term 0.0000 (0.0000) kl_normalizer 50.0000 (50.0000) kl_beta 0.0000 (0.0000) lr 9.8429e-04 eta 0:10:10
epoch [6/50] batch [40/50] time 0.185 (0.238) data 0.000 (0.013) loss 0.0911 (0.1378) acc 96.8750 (97.5000) data_term 0.0911 (0.1378) raw_kl_rep 579.9512 (568.8678) raw_kl_proj_rep 0.0000 (0.0000) kl_rep_term 0.0000 (0.0000) kl_proj_rep_term 0.0000 (0.0000) kl_term 0.0000 (0.0000) kl_normalizer 50.0000 (50.0000) kl_beta 0.0000 (0.0000) lr 9.8429e-04 eta 0:08:45
epoch [7/50] batch [20/50] time 0.270 (0.265) data 0.000 (0.028) loss 0.5104 (0.1698) acc 84.3750 (96.8750) data_term 0.5104 (0.1698) raw_kl_rep 607.9482 (607.6749) raw_kl_proj_rep 0.0000 (0.0000) kl_rep_term 0.0000 (0.0000) kl_proj_rep_term 0.0000 (0.0000) kl_term 0.0000 (0.0000) kl_normalizer 50.0000 (50.0000) kl_beta 0.0000 (0.0000) lr 9.7553e-04 eta 0:09:38
epoch [7/50] batch [40/50] time 0.159 (0.234) data 0.000 (0.014) loss 0.0997 (0.1494) acc 96.8750 (97.2656) data_term 0.0997 (0.1494) raw_kl_rep 644.3828 (617.1489) raw_kl_proj_rep 0.0000 (0.0000) kl_rep_term 0.0000 (0.0000) kl_proj_rep_term 0.0000 (0.0000) kl_term 0.0000 (0.0000) kl_normalizer 50.0000 (50.0000) kl_beta 0.0000 (0.0000) lr 9.7553e-04 eta 0:08:24
epoch [8/50] batch [20/50] time 0.275 (0.276) data 0.000 (0.046) loss 0.1177 (0.1392) acc 100.0000 (97.3438) data_term 0.1177 (0.1392) raw_kl_rep 647.8809 (642.5804) raw_kl_proj_rep 0.0000 (0.0000) kl_rep_term 0.0000 (0.0000) kl_proj_rep_term 0.0000 (0.0000) kl_term 0.0000 (0.0000) kl_normalizer 50.0000 (50.0000) kl_beta 0.0000 (0.0000) lr 9.6489e-04 eta 0:09:47
epoch [8/50] batch [40/50] time 0.173 (0.238) data 0.000 (0.023) loss 0.1649 (0.1194) acc 96.8750 (97.7344) data_term 0.1649 (0.1194) raw_kl_rep 667.3408 (649.4454) raw_kl_proj_rep 0.0000 (0.0000) kl_rep_term 0.0000 (0.0000) kl_proj_rep_term 0.0000 (0.0000) kl_term 0.0000 (0.0000) kl_normalizer 50.0000 (50.0000) kl_beta 0.0000 (0.0000) lr 9.6489e-04 eta 0:08:22
epoch [9/50] batch [20/50] time 0.221 (0.285) data 0.000 (0.026) loss 0.1275 (0.1199) acc 96.8750 (97.9688) data_term 0.1275 (0.1199) raw_kl_rep 725.1494 (709.0856) raw_kl_proj_rep 0.0000 (0.0000) kl_rep_term 0.0000 (0.0000) kl_proj_rep_term 0.0000 (0.0000) kl_term 0.0000 (0.0000) kl_normalizer 50.0000 (50.0000) kl_beta 0.0000 (0.0000) lr 9.5241e-04 eta 0:09:53
epoch [9/50] batch [40/50] time 0.129 (0.239) data 0.000 (0.013) loss 0.0489 (0.1248) acc 100.0000 (97.9688) data_term 0.0489 (0.1248) raw_kl_rep 744.6650 (718.8241) raw_kl_proj_rep 0.0000 (0.0000) kl_rep_term 0.0000 (0.0000) kl_proj_rep_term 0.0000 (0.0000) kl_term 0.0000 (0.0000) kl_normalizer 50.0000 (50.0000) kl_beta 0.0000 (0.0000) lr 9.5241e-04 eta 0:08:11
epoch [10/50] batch [20/50] time 0.141 (0.236) data 0.000 (0.026) loss 0.0693 (0.1178) acc 100.0000 (98.4375) data_term 0.0693 (0.1178) raw_kl_rep 784.5889 (780.1356) raw_kl_proj_rep 0.0000 (0.0000) kl_rep_term 0.0000 (0.0000) kl_proj_rep_term 0.0000 (0.0000) kl_term 0.0000 (0.0000) kl_normalizer 50.0000 (50.0000) kl_beta 0.0244 (0.0244) lr 9.3815e-04 eta 0:07:59
epoch [10/50] batch [40/50] time 0.207 (0.241) data 0.000 (0.013) loss 0.0615 (0.1080) acc 100.0000 (98.8281) data_term 0.0615 (0.1080) raw_kl_rep 775.4424 (780.8576) raw_kl_proj_rep 0.0000 (0.0000) kl_rep_term 0.0000 (0.0000) kl_proj_rep_term 0.0000 (0.0000) kl_term 0.0000 (0.0000) kl_normalizer 50.0000 (50.0000) kl_beta 0.0244 (0.0244) lr 9.3815e-04 eta 0:08:04
epoch [11/50] batch [20/50] time 0.196 (0.249) data 0.000 (0.031) loss 0.0896 (0.0906) acc 96.8750 (98.2812) data_term 0.0896 (0.0906) raw_kl_rep 809.7764 (793.7977) raw_kl_proj_rep 0.0000 (0.0000) kl_rep_term 0.0000 (0.0000) kl_proj_rep_term 0.0000 (0.0000) kl_term 0.0000 (0.0000) kl_normalizer 50.0000 (50.0000) kl_beta 0.0488 (0.0488) lr 9.2216e-04 eta 0:08:12
epoch [11/50] batch [40/50] time 0.187 (0.227) data 0.000 (0.016) loss 0.1813 (0.0996) acc 96.8750 (98.5156) data_term 0.1813 (0.0996) raw_kl_rep 811.9043 (803.8494) raw_kl_proj_rep 0.0000 (0.0000) kl_rep_term 0.0000 (0.0000) kl_proj_rep_term 0.0000 (0.0000) kl_term 0.0000 (0.0000) kl_normalizer 50.0000 (50.0000) kl_beta 0.0488 (0.0488) lr 9.2216e-04 eta 0:07:24
epoch [12/50] batch [20/50] time 0.146 (0.241) data 0.000 (0.027) loss 0.0911 (0.0917) acc 100.0000 (98.9062) data_term 0.0911 (0.0917) raw_kl_rep 838.8027 (822.3385) raw_kl_proj_rep 0.0000 (0.0000) kl_rep_term 0.0000 (0.0000) kl_proj_rep_term 0.0000 (0.0000) kl_term 0.0000 (0.0000) kl_normalizer 50.0000 (50.0000) kl_beta 0.0732 (0.0732) lr 9.0451e-04 eta 0:07:45
epoch [12/50] batch [40/50] time 0.279 (0.207) data 0.000 (0.014) loss 0.0943 (0.0935) acc 100.0000 (98.7500) data_term 0.0943 (0.0935) raw_kl_rep 857.5781 (837.3513) raw_kl_proj_rep 0.0000 (0.0000) kl_rep_term 0.0000 (0.0000) kl_proj_rep_term 0.0000 (0.0000) kl_term 0.0000 (0.0000) kl_normalizer 50.0000 (50.0000) kl_beta 0.0732 (0.0732) lr 9.0451e-04 eta 0:06:35
epoch [13/50] batch [20/50] time 0.180 (0.256) data 0.000 (0.028) loss 0.0583 (0.0952) acc 100.0000 (98.5938) data_term 0.0583 (0.0952) raw_kl_rep 878.7578 (866.5967) raw_kl_proj_rep 0.0000 (0.0000) kl_rep_term 0.0000 (0.0000) kl_proj_rep_term 0.0000 (0.0000) kl_term 0.0000 (0.0000) kl_normalizer 50.0000 (50.0000) kl_beta 0.0976 (0.0976) lr 8.8526e-04 eta 0:08:00
epoch [13/50] batch [40/50] time 0.197 (0.228) data 0.000 (0.014) loss 0.0710 (0.1005) acc 96.8750 (98.2031) data_term 0.0710 (0.1005) raw_kl_rep 910.3867 (878.0451) raw_kl_proj_rep 0.0000 (0.0000) kl_rep_term 0.0000 (0.0000) kl_proj_rep_term 0.0000 (0.0000) kl_term 0.0000 (0.0000) kl_normalizer 50.0000 (50.0000) kl_beta 0.0976 (0.0976) lr 8.8526e-04 eta 0:07:04
epoch [14/50] batch [20/50] time 0.308 (0.305) data 0.000 (0.039) loss 0.0466 (0.0761) acc 100.0000 (98.7500) data_term 0.0466 (0.0761) raw_kl_rep 946.8730 (941.4878) raw_kl_proj_rep 0.0000 (0.0000) kl_rep_term 0.0000 (0.0000) kl_proj_rep_term 0.0000 (0.0000) kl_term 0.0000 (0.0000) kl_normalizer 50.0000 (50.0000) kl_beta 0.1220 (0.1220) lr 8.6448e-04 eta 0:09:18
epoch [14/50] batch [40/50] time 0.129 (0.261) data 0.000 (0.020) loss 0.3137 (0.0878) acc 93.7500 (98.7500) data_term 0.3137 (0.0878) raw_kl_rep 966.9404 (947.7014) raw_kl_proj_rep 0.0000 (0.0000) kl_rep_term 0.0000 (0.0000) kl_proj_rep_term 0.0000 (0.0000) kl_term 0.0000 (0.0000) kl_normalizer 50.0000 (50.0000) kl_beta 0.1220 (0.1220) lr 8.6448e-04 eta 0:07:52
epoch [15/50] batch [20/50] time 0.208 (0.298) data 0.000 (0.039) loss 0.0573 (0.0978) acc 100.0000 (98.9062) data_term 0.0573 (0.0977) raw_kl_rep 989.3682 (980.0369) raw_kl_proj_rep 0.0000 (0.0000) kl_rep_term 0.0000 (0.0000) kl_proj_rep_term 0.0000 (0.0000) kl_term 0.0000 (0.0000) kl_normalizer 50.0000 (50.0000) kl_beta 0.1463 (0.1463) lr 8.4227e-04 eta 0:08:49
epoch [15/50] batch [40/50] time 0.254 (0.252) data 0.000 (0.019) loss 0.0456 (0.0905) acc 100.0000 (98.8281) data_term 0.0456 (0.0905) raw_kl_rep 999.5488 (987.1229) raw_kl_proj_rep 0.0000 (0.0000) kl_rep_term 0.0000 (0.0000) kl_proj_rep_term 0.0000 (0.0000) kl_term 0.0000 (0.0000) kl_normalizer 50.0000 (50.0000) kl_beta 0.1463 (0.1463) lr 8.4227e-04 eta 0:07:24
epoch [16/50] batch [20/50] time 0.145 (0.288) data 0.000 (0.030) loss 0.1008 (0.0786) acc 100.0000 (99.2188) data_term 0.1008 (0.0786) raw_kl_rep 1017.3604 (1008.7437) raw_kl_proj_rep 0.0000 (0.0000) kl_rep_term 0.0000 (0.0000) kl_proj_rep_term 0.0000 (0.0000) kl_term 0.0000 (0.0000) kl_normalizer 50.0000 (50.0000) kl_beta 0.1707 (0.1707) lr 8.1871e-04 eta 0:08:18
epoch [16/50] batch [40/50] time 0.157 (0.238) data 0.000 (0.015) loss 0.0843 (0.0825) acc 100.0000 (98.9844) data_term 0.0843 (0.0825) raw_kl_rep 1022.5547 (1014.2031) raw_kl_proj_rep 0.0000 (0.0000) kl_rep_term 0.0000 (0.0000) kl_proj_rep_term 0.0000 (0.0000) kl_term 0.0000 (0.0000) kl_normalizer 50.0000 (50.0000) kl_beta 0.1707 (0.1707) lr 8.1871e-04 eta 0:06:47
epoch [17/50] batch [20/50] time 0.200 (0.285) data 0.000 (0.031) loss 0.0915 (0.0872) acc 96.8750 (99.0625) data_term 0.0915 (0.0872) raw_kl_rep 1046.6992 (1035.2305) raw_kl_proj_rep 0.0000 (0.0000) kl_rep_term 0.0000 (0.0000) kl_proj_rep_term 0.0000 (0.0000) kl_term 0.0000 (0.0000) kl_normalizer 50.0000 (50.0000) kl_beta 0.1951 (0.1951) lr 7.9389e-04 eta 0:07:58
epoch [17/50] batch [40/50] time 0.162 (0.258) data 0.000 (0.016) loss 0.0668 (0.0930) acc 100.0000 (98.8281) data_term 0.0668 (0.0930) raw_kl_rep 1070.6904 (1045.4978) raw_kl_proj_rep 0.0000 (0.0000) kl_rep_term 0.0000 (0.0000) kl_proj_rep_term 0.0000 (0.0000) kl_term 0.0000 (0.0000) kl_normalizer 50.0000 (50.0000) kl_beta 0.1951 (0.1951) lr 7.9389e-04 eta 0:07:07
epoch [18/50] batch [20/50] time 0.187 (0.259) data 0.000 (0.023) loss 0.0897 (0.0749) acc 100.0000 (98.7500) data_term 0.0897 (0.0749) raw_kl_rep 1055.9385 (1061.9627) raw_kl_proj_rep 0.0000 (0.0000) kl_rep_term 0.0000 (0.0000) kl_proj_rep_term 0.0000 (0.0000) kl_term 0.0000 (0.0000) kl_normalizer 50.0000 (50.0000) kl_beta 0.2195 (0.2195) lr 7.6791e-04 eta 0:07:01
epoch [18/50] batch [40/50] time 0.291 (0.243) data 0.000 (0.012) loss 0.1337 (0.0852) acc 96.8750 (98.9062) data_term 0.1337 (0.0852) raw_kl_rep 1055.6162 (1059.7607) raw_kl_proj_rep 0.0000 (0.0000) kl_rep_term 0.0000 (0.0000) kl_proj_rep_term 0.0000 (0.0000) kl_term 0.0000 (0.0000) kl_normalizer 50.0000 (50.0000) kl_beta 0.2195 (0.2195) lr 7.6791e-04 eta 0:06:31
epoch [19/50] batch [20/50] time 0.286 (0.254) data 0.000 (0.027) loss 0.0475 (0.0830) acc 100.0000 (98.9062) data_term 0.0475 (0.0830) raw_kl_rep 1058.0107 (1054.9563) raw_kl_proj_rep 0.0000 (0.0000) kl_rep_term 0.0000 (0.0000) kl_proj_rep_term 0.0000 (0.0000) kl_term 0.0000 (0.0000) kl_normalizer 50.0000 (50.0000) kl_beta 0.2439 (0.2439) lr 7.4088e-04 eta 0:06:41
epoch [19/50] batch [40/50] time 0.174 (0.236) data 0.000 (0.014) loss 0.0531 (0.0762) acc 100.0000 (99.1406) data_term 0.0531 (0.0762) raw_kl_rep 1078.7354 (1064.4724) raw_kl_proj_rep 0.0000 (0.0000) kl_rep_term 0.0000 (0.0000) kl_proj_rep_term 0.0000 (0.0000) kl_term 0.0000 (0.0000) kl_normalizer 50.0000 (50.0000) kl_beta 0.2439 (0.2439) lr 7.4088e-04 eta 0:06:07
epoch [20/50] batch [20/50] time 0.172 (0.247) data 0.000 (0.035) loss 0.0544 (0.0744) acc 100.0000 (98.9062) data_term 0.0544 (0.0744) raw_kl_rep 1072.6533 (1075.3484) raw_kl_proj_rep 0.0000 (0.0000) kl_rep_term 0.0000 (0.0000) kl_proj_rep_term 0.0000 (0.0000) kl_term 0.0000 (0.0000) kl_normalizer 50.0000 (50.0000) kl_beta 0.2683 (0.2683) lr 7.1289e-04 eta 0:06:18
epoch [20/50] batch [40/50] time 0.158 (0.219) data 0.000 (0.018) loss 0.1544 (0.0778) acc 100.0000 (99.0625) data_term 0.1544 (0.0778) raw_kl_rep 1072.1104 (1074.4580) raw_kl_proj_rep 0.0000 (0.0000) kl_rep_term 0.0000 (0.0000) kl_proj_rep_term 0.0000 (0.0000) kl_term 0.0000 (0.0000) kl_normalizer 50.0000 (50.0000) kl_beta 0.2683 (0.2683) lr 7.1289e-04 eta 0:05:30
epoch [21/50] batch [20/50] time 0.144 (0.274) data 0.000 (0.024) loss 0.0402 (0.0737) acc 100.0000 (99.2188) data_term 0.0402 (0.0737) raw_kl_rep 1102.7695 (1098.5246) raw_kl_proj_rep 0.0000 (0.0000) kl_rep_term 0.0000 (0.0000) kl_proj_rep_term 0.0000 (0.0000) kl_term 0.0000 (0.0000) kl_normalizer 50.0000 (50.0000) kl_beta 0.2927 (0.2927) lr 6.8406e-04 eta 0:06:45
epoch [21/50] batch [40/50] time 0.299 (0.245) data 0.005 (0.012) loss 0.1126 (0.0707) acc 96.8750 (99.0625) data_term 0.1126 (0.0707) raw_kl_rep 1110.4082 (1103.8483) raw_kl_proj_rep 0.0000 (0.0000) kl_rep_term 0.0000 (0.0000) kl_proj_rep_term 0.0000 (0.0000) kl_term 0.0000 (0.0000) kl_normalizer 50.0000 (50.0000) kl_beta 0.2927 (0.2927) lr 6.8406e-04 eta 0:05:57
epoch [22/50] batch [20/50] time 0.338 (0.280) data 0.000 (0.025) loss 0.0718 (0.0777) acc 100.0000 (99.2188) data_term 0.0718 (0.0777) raw_kl_rep 1093.3730 (1104.3838) raw_kl_proj_rep 0.0000 (0.0000) kl_rep_term 0.0000 (0.0000) kl_proj_rep_term 0.0000 (0.0000) kl_term 0.0000 (0.0000) kl_normalizer 50.0000 (50.0000) kl_beta 0.3171 (0.3171) lr 6.5451e-04 eta 0:06:39
epoch [22/50] batch [40/50] time 0.144 (0.253) data 0.000 (0.012) loss 0.0293 (0.0739) acc 100.0000 (99.1406) data_term 0.0293 (0.0739) raw_kl_rep 1092.6494 (1097.1384) raw_kl_proj_rep 0.0000 (0.0000) kl_rep_term 0.0000 (0.0000) kl_proj_rep_term 0.0000 (0.0000) kl_term 0.0000 (0.0000) kl_normalizer 50.0000 (50.0000) kl_beta 0.3171 (0.3171) lr 6.5451e-04 eta 0:05:56
epoch [23/50] batch [20/50] time 0.209 (0.282) data 0.000 (0.052) loss 0.0487 (0.0716) acc 100.0000 (99.3750) data_term 0.0487 (0.0716) raw_kl_rep 1091.2529 (1094.0767) raw_kl_proj_rep 0.0000 (0.0000) kl_rep_term 0.0000 (0.0000) kl_proj_rep_term 0.0000 (0.0000) kl_term 0.0000 (0.0000) kl_normalizer 50.0000 (50.0000) kl_beta 0.3415 (0.3415) lr 6.2434e-04 eta 0:06:28
epoch [23/50] batch [40/50] time 0.132 (0.255) data 0.000 (0.026) loss 0.0631 (0.0739) acc 100.0000 (99.2188) data_term 0.0631 (0.0739) raw_kl_rep 1100.3613 (1094.7514) raw_kl_proj_rep 0.0000 (0.0000) kl_rep_term 0.0000 (0.0000) kl_proj_rep_term 0.0000 (0.0000) kl_term 0.0000 (0.0000) kl_normalizer 50.0000 (50.0000) kl_beta 0.3415 (0.3415) lr 6.2434e-04 eta 0:05:46
epoch [24/50] batch [20/50] time 0.186 (0.297) data 0.000 (0.026) loss 0.0406 (0.0648) acc 100.0000 (99.5312) data_term 0.0406 (0.0648) raw_kl_rep 1126.1523 (1119.6524) raw_kl_proj_rep 0.0000 (0.0000) kl_rep_term 0.0000 (0.0000) kl_proj_rep_term 0.0000 (0.0000) kl_term 0.0000 (0.0000) kl_normalizer 50.0000 (50.0000) kl_beta 0.3659 (0.3659) lr 5.9369e-04 eta 0:06:35
epoch [24/50] batch [40/50] time 0.167 (0.244) data 0.000 (0.013) loss 0.0563 (0.0673) acc 100.0000 (99.4531) data_term 0.0563 (0.0673) raw_kl_rep 1132.6172 (1125.3936) raw_kl_proj_rep 0.0000 (0.0000) kl_rep_term 0.0000 (0.0000) kl_proj_rep_term 0.0000 (0.0000) kl_term 0.0000 (0.0000) kl_normalizer 50.0000 (50.0000) kl_beta 0.3659 (0.3659) lr 5.9369e-04 eta 0:05:19
epoch [25/50] batch [20/50] time 0.201 (0.312) data 0.000 (0.028) loss 0.0503 (0.0605) acc 100.0000 (99.6875) data_term 0.0503 (0.0605) raw_kl_rep 1139.0723 (1130.4912) raw_kl_proj_rep 0.0000 (0.0000) kl_rep_term 0.0000 (0.0000) kl_proj_rep_term 0.0000 (0.0000) kl_term 0.0000 (0.0000) kl_normalizer 50.0000 (50.0000) kl_beta 0.3902 (0.3902) lr 5.6267e-04 eta 0:06:39
epoch [25/50] batch [40/50] time 0.199 (0.259) data 0.000 (0.014) loss 0.0448 (0.0649) acc 100.0000 (99.6875) data_term 0.0448 (0.0649) raw_kl_rep 1138.4141 (1135.8230) raw_kl_proj_rep 0.0000 (0.0000) kl_rep_term 0.0000 (0.0000) kl_proj_rep_term 0.0000 (0.0000) kl_term 0.0000 (0.0000) kl_normalizer 50.0000 (50.0000) kl_beta 0.3902 (0.3902) lr 5.6267e-04 eta 0:05:26
epoch [26/50] batch [20/50] time 0.135 (0.258) data 0.000 (0.024) loss 0.0447 (0.0608) acc 100.0000 (99.5312) data_term 0.0447 (0.0608) raw_kl_rep 1130.7461 (1132.4493) raw_kl_proj_rep 0.0000 (0.0000) kl_rep_term 0.0000 (0.0000) kl_proj_rep_term 0.0000 (0.0000) kl_term 0.0000 (0.0000) kl_normalizer 50.0000 (50.0000) kl_beta 0.4146 (0.4146) lr 5.3140e-04 eta 0:05:17
epoch [26/50] batch [40/50] time 0.144 (0.226) data 0.000 (0.012) loss 0.0814 (0.0609) acc 100.0000 (99.7656) data_term 0.0814 (0.0609) raw_kl_rep 1139.6631 (1133.1857) raw_kl_proj_rep 0.0000 (0.0000) kl_rep_term 0.0000 (0.0000) kl_proj_rep_term 0.0000 (0.0000) kl_term 0.0000 (0.0000) kl_normalizer 50.0000 (50.0000) kl_beta 0.4146 (0.4146) lr 5.3140e-04 eta 0:04:33
epoch [27/50] batch [20/50] time 0.201 (0.280) data 0.000 (0.041) loss 0.0356 (0.0581) acc 100.0000 (99.5312) data_term 0.0356 (0.0581) raw_kl_rep 1164.0527 (1159.4972) raw_kl_proj_rep 0.0000 (0.0000) kl_rep_term 0.0000 (0.0000) kl_proj_rep_term 0.0000 (0.0000) kl_term 0.0000 (0.0000) kl_normalizer 50.0000 (50.0000) kl_beta 0.4390 (0.4390) lr 5.0000e-04 eta 0:05:30
epoch [27/50] batch [40/50] time 0.154 (0.238) data 0.000 (0.021) loss 0.1174 (0.0631) acc 96.8750 (99.5312) data_term 0.1174 (0.0630) raw_kl_rep 1165.7744 (1162.9847) raw_kl_proj_rep 0.0000 (0.0000) kl_rep_term 0.0000 (0.0000) kl_proj_rep_term 0.0000 (0.0000) kl_term 0.0000 (0.0000) kl_normalizer 50.0000 (50.0000) kl_beta 0.4390 (0.4390) lr 5.0000e-04 eta 0:04:36
epoch [28/50] batch [20/50] time 0.221 (0.260) data 0.000 (0.027) loss 0.0375 (0.0660) acc 100.0000 (99.0625) data_term 0.0374 (0.0660) raw_kl_rep 1169.5938 (1164.4798) raw_kl_proj_rep 0.0000 (0.0000) kl_rep_term 0.0000 (0.0000) kl_proj_rep_term 0.0000 (0.0000) kl_term 0.0000 (0.0000) kl_normalizer 50.0000 (50.0000) kl_beta 0.4634 (0.4634) lr 4.6860e-04 eta 0:04:53
epoch [28/50] batch [40/50] time 0.226 (0.237) data 0.000 (0.013) loss 0.1004 (0.0709) acc 100.0000 (98.9844) data_term 0.1004 (0.0709) raw_kl_rep 1176.7227 (1168.5500) raw_kl_proj_rep 0.0000 (0.0000) kl_rep_term 0.0000 (0.0000) kl_proj_rep_term 0.0000 (0.0000) kl_term 0.0000 (0.0000) kl_normalizer 50.0000 (50.0000) kl_beta 0.4634 (0.4634) lr 4.6860e-04 eta 0:04:23
epoch [29/50] batch [20/50] time 0.204 (0.278) data 0.000 (0.029) loss 0.0275 (0.0698) acc 100.0000 (99.3750) data_term 0.0275 (0.0698) raw_kl_rep 1185.6338 (1185.1225) raw_kl_proj_rep 0.0000 (0.0000) kl_rep_term 0.0000 (0.0000) kl_proj_rep_term 0.0000 (0.0000) kl_term 0.0000 (0.0000) kl_normalizer 50.0000 (50.0000) kl_beta 0.4878 (0.4878) lr 4.3733e-04 eta 0:05:00
epoch [29/50] batch [40/50] time 0.247 (0.247) data 0.000 (0.014) loss 0.0285 (0.0613) acc 100.0000 (99.6094) data_term 0.0284 (0.0613) raw_kl_rep 1186.6250 (1185.3101) raw_kl_proj_rep 0.0000 (0.0000) kl_rep_term 0.0000 (0.0000) kl_proj_rep_term 0.0000 (0.0000) kl_term 0.0000 (0.0000) kl_normalizer 50.0000 (50.0000) kl_beta 0.4878 (0.4878) lr 4.3733e-04 eta 0:04:21
epoch [30/50] batch [20/50] time 0.158 (0.273) data 0.000 (0.031) loss 0.0667 (0.0549) acc 100.0000 (99.5312) data_term 0.0667 (0.0549) raw_kl_rep 1185.0439 (1184.4159) raw_kl_proj_rep 0.0000 (0.0000) kl_rep_term 0.0000 (0.0000) kl_proj_rep_term 0.0000 (0.0000) kl_term 0.0000 (0.0000) kl_normalizer 50.0000 (50.0000) kl_beta 0.5122 (0.5122) lr 4.0631e-04 eta 0:04:41
epoch [30/50] batch [40/50] time 0.245 (0.241) data 0.000 (0.016) loss 0.0519 (0.0565) acc 100.0000 (99.6094) data_term 0.0519 (0.0565) raw_kl_rep 1187.8047 (1185.5657) raw_kl_proj_rep 0.0000 (0.0000) kl_rep_term 0.0000 (0.0000) kl_proj_rep_term 0.0000 (0.0000) kl_term 0.0000 (0.0000) kl_normalizer 50.0000 (50.0000) kl_beta 0.5122 (0.5122) lr 4.0631e-04 eta 0:04:02
epoch [31/50] batch [20/50] time 0.251 (0.245) data 0.000 (0.040) loss 0.0959 (0.0663) acc 96.8750 (99.3750) data_term 0.0959 (0.0663) raw_kl_rep 1188.0889 (1185.0097) raw_kl_proj_rep 0.0000 (0.0000) kl_rep_term 0.0000 (0.0000) kl_proj_rep_term 0.0000 (0.0000) kl_term 0.0000 (0.0000) kl_normalizer 50.0000 (50.0000) kl_beta 0.5366 (0.5366) lr 3.7566e-04 eta 0:04:00
epoch [31/50] batch [40/50] time 0.150 (0.222) data 0.000 (0.020) loss 0.0513 (0.0669) acc 100.0000 (99.5312) data_term 0.0513 (0.0668) raw_kl_rep 1193.8848 (1188.3572) raw_kl_proj_rep 0.0000 (0.0000) kl_rep_term 0.0000 (0.0000) kl_proj_rep_term 0.0000 (0.0000) kl_term 0.0000 (0.0000) kl_normalizer 50.0000 (50.0000) kl_beta 0.5366 (0.5366) lr 3.7566e-04 eta 0:03:33
epoch [32/50] batch [20/50] time 0.309 (0.243) data 0.000 (0.027) loss 0.0777 (0.0591) acc 96.8750 (99.5312) data_term 0.0776 (0.0590) raw_kl_rep 1193.5391 (1194.5897) raw_kl_proj_rep 0.0000 (0.0000) kl_rep_term 0.0000 (0.0000) kl_proj_rep_term 0.0000 (0.0000) kl_term 0.0000 (0.0000) kl_normalizer 50.0000 (50.0000) kl_beta 0.5610 (0.5610) lr 3.4549e-04 eta 0:03:45
epoch [32/50] batch [40/50] time 0.254 (0.234) data 0.000 (0.014) loss 0.0416 (0.0556) acc 100.0000 (99.6094) data_term 0.0416 (0.0556) raw_kl_rep 1190.9619 (1192.9486) raw_kl_proj_rep 0.0000 (0.0000) kl_rep_term 0.0000 (0.0000) kl_proj_rep_term 0.0000 (0.0000) kl_term 0.0000 (0.0000) kl_normalizer 50.0000 (50.0000) kl_beta 0.5610 (0.5610) lr 3.4549e-04 eta 0:03:32
epoch [33/50] batch [20/50] time 0.281 (0.237) data 0.000 (0.029) loss 0.0515 (0.0625) acc 100.0000 (99.6875) data_term 0.0514 (0.0625) raw_kl_rep 1190.9590 (1190.9769) raw_kl_proj_rep 0.0000 (0.0000) kl_rep_term 0.0000 (0.0000) kl_proj_rep_term 0.0000 (0.0000) kl_term 0.0000 (0.0000) kl_normalizer 50.0000 (50.0000) kl_beta 0.5854 (0.5854) lr 3.1594e-04 eta 0:03:28
epoch [33/50] batch [40/50] time 0.149 (0.225) data 0.000 (0.015) loss 0.0452 (0.0583) acc 100.0000 (99.6875) data_term 0.0451 (0.0583) raw_kl_rep 1194.5762 (1191.2192) raw_kl_proj_rep 0.0000 (0.0000) kl_rep_term 0.0000 (0.0000) kl_proj_rep_term 0.0000 (0.0000) kl_term 0.0000 (0.0000) kl_normalizer 50.0000 (50.0000) kl_beta 0.5854 (0.5854) lr 3.1594e-04 eta 0:03:13
epoch [34/50] batch [20/50] time 0.194 (0.247) data 0.000 (0.024) loss 0.0394 (0.0543) acc 100.0000 (99.6875) data_term 0.0393 (0.0543) raw_kl_rep 1210.1504 (1207.0162) raw_kl_proj_rep 0.0000 (0.0000) kl_rep_term 0.0000 (0.0000) kl_proj_rep_term 0.0000 (0.0000) kl_term 0.0000 (0.0000) kl_normalizer 50.0000 (50.0000) kl_beta 0.6098 (0.6098) lr 2.8711e-04 eta 0:03:24
epoch [34/50] batch [40/50] time 0.173 (0.226) data 0.000 (0.012) loss 0.0625 (0.0613) acc 100.0000 (99.6094) data_term 0.0625 (0.0612) raw_kl_rep 1213.5918 (1210.1227) raw_kl_proj_rep 0.0000 (0.0000) kl_rep_term 0.0000 (0.0000) kl_proj_rep_term 0.0000 (0.0000) kl_term 0.0000 (0.0000) kl_normalizer 50.0000 (50.0000) kl_beta 0.6098 (0.6098) lr 2.8711e-04 eta 0:03:03
epoch [35/50] batch [20/50] time 0.170 (0.267) data 0.000 (0.027) loss 0.0478 (0.0586) acc 100.0000 (99.5312) data_term 0.0478 (0.0586) raw_kl_rep 1216.9072 (1215.5941) raw_kl_proj_rep 0.0000 (0.0000) kl_rep_term 0.0000 (0.0000) kl_proj_rep_term 0.0000 (0.0000) kl_term 0.0000 (0.0000) kl_normalizer 50.0000 (50.0000) kl_beta 0.6341 (0.6341) lr 2.5912e-04 eta 0:03:28
epoch [35/50] batch [40/50] time 0.144 (0.244) data 0.000 (0.014) loss 0.0330 (0.0531) acc 100.0000 (99.7656) data_term 0.0330 (0.0531) raw_kl_rep 1220.0020 (1217.0906) raw_kl_proj_rep 0.0000 (0.0000) kl_rep_term 0.0000 (0.0000) kl_proj_rep_term 0.0000 (0.0000) kl_term 0.0000 (0.0000) kl_normalizer 50.0000 (50.0000) kl_beta 0.6341 (0.6341) lr 2.5912e-04 eta 0:03:05
epoch [36/50] batch [20/50] time 0.212 (0.233) data 0.000 (0.025) loss 0.0352 (0.0438) acc 100.0000 (100.0000) data_term 0.0352 (0.0437) raw_kl_rep 1228.6611 (1224.9166) raw_kl_proj_rep 0.0000 (0.0000) kl_rep_term 0.0000 (0.0000) kl_proj_rep_term 0.0000 (0.0000) kl_term 0.0000 (0.0000) kl_normalizer 50.0000 (50.0000) kl_beta 0.6585 (0.6585) lr 2.3209e-04 eta 0:02:50
epoch [36/50] batch [40/50] time 0.199 (0.223) data 0.000 (0.012) loss 0.0435 (0.0497) acc 100.0000 (100.0000) data_term 0.0435 (0.0497) raw_kl_rep 1232.4326 (1228.0888) raw_kl_proj_rep 0.0000 (0.0000) kl_rep_term 0.0000 (0.0000) kl_proj_rep_term 0.0000 (0.0000) kl_term 0.0000 (0.0000) kl_normalizer 50.0000 (50.0000) kl_beta 0.6585 (0.6585) lr 2.3209e-04 eta 0:02:38
epoch [37/50] batch [20/50] time 0.197 (0.238) data 0.000 (0.029) loss 0.0487 (0.0681) acc 100.0000 (99.6875) data_term 0.0487 (0.0681) raw_kl_rep 1232.1299 (1231.0137) raw_kl_proj_rep 0.0000 (0.0000) kl_rep_term 0.0000 (0.0000) kl_proj_rep_term 0.0000 (0.0000) kl_term 0.0000 (0.0000) kl_normalizer 50.0000 (50.0000) kl_beta 0.6829 (0.6829) lr 2.0611e-04 eta 0:02:41
epoch [37/50] batch [40/50] time 0.194 (0.227) data 0.000 (0.014) loss 0.0476 (0.0618) acc 100.0000 (99.8438) data_term 0.0476 (0.0618) raw_kl_rep 1239.0400 (1233.7241) raw_kl_proj_rep 0.0000 (0.0000) kl_rep_term 0.0000 (0.0000) kl_proj_rep_term 0.0000 (0.0000) kl_term 0.0000 (0.0000) kl_normalizer 50.0000 (50.0000) kl_beta 0.6829 (0.6829) lr 2.0611e-04 eta 0:02:29
epoch [38/50] batch [20/50] time 0.197 (0.240) data 0.000 (0.029) loss 0.0334 (0.0521) acc 100.0000 (99.6875) data_term 0.0334 (0.0521) raw_kl_rep 1244.7637 (1242.8966) raw_kl_proj_rep 0.0000 (0.0000) kl_rep_term 0.0000 (0.0000) kl_proj_rep_term 0.0000 (0.0000) kl_term 0.0000 (0.0000) kl_normalizer 50.0000 (50.0000) kl_beta 0.7073 (0.7073) lr 1.8129e-04 eta 0:02:31
epoch [38/50] batch [40/50] time 0.175 (0.216) data 0.000 (0.015) loss 0.0545 (0.0529) acc 100.0000 (99.6875) data_term 0.0545 (0.0529) raw_kl_rep 1249.8457 (1245.4659) raw_kl_proj_rep 0.0000 (0.0000) kl_rep_term 0.0000 (0.0000) kl_proj_rep_term 0.0000 (0.0000) kl_term 0.0000 (0.0000) kl_normalizer 50.0000 (50.0000) kl_beta 0.7073 (0.7073) lr 1.8129e-04 eta 0:02:11
epoch [39/50] batch [20/50] time 0.283 (0.259) data 0.000 (0.025) loss 0.0411 (0.0484) acc 100.0000 (100.0000) data_term 0.0411 (0.0484) raw_kl_rep 1248.0547 (1248.0647) raw_kl_proj_rep 0.0000 (0.0000) kl_rep_term 0.0000 (0.0000) kl_proj_rep_term 0.0000 (0.0000) kl_term 0.0000 (0.0000) kl_normalizer 50.0000 (50.0000) kl_beta 0.7317 (0.7317) lr 1.5773e-04 eta 0:02:30
epoch [39/50] batch [40/50] time 0.140 (0.238) data 0.000 (0.013) loss 0.0441 (0.0528) acc 100.0000 (99.9219) data_term 0.0441 (0.0528) raw_kl_rep 1249.4971 (1248.4108) raw_kl_proj_rep 0.0000 (0.0000) kl_rep_term 0.0000 (0.0000) kl_proj_rep_term 0.0000 (0.0000) kl_term 0.0000 (0.0000) kl_normalizer 50.0000 (50.0000) kl_beta 0.7317 (0.7317) lr 1.5773e-04 eta 0:02:13
epoch [40/50] batch [20/50] time 0.205 (0.268) data 0.000 (0.028) loss 0.2053 (0.0549) acc 96.8750 (99.8438) data_term 0.2053 (0.0549) raw_kl_rep 1251.5527 (1250.7534) raw_kl_proj_rep 0.0000 (0.0000) kl_rep_term 0.0000 (0.0000) kl_proj_rep_term 0.0000 (0.0000) kl_term 0.0000 (0.0000) kl_normalizer 50.0000 (50.0000) kl_beta 0.7561 (0.7561) lr 1.3552e-04 eta 0:02:21
epoch [40/50] batch [40/50] time 0.212 (0.238) data 0.000 (0.014) loss 0.0609 (0.0522) acc 100.0000 (99.9219) data_term 0.0609 (0.0522) raw_kl_rep 1253.0752 (1251.9855) raw_kl_proj_rep 0.0000 (0.0000) kl_rep_term 0.0000 (0.0000) kl_proj_rep_term 0.0000 (0.0000) kl_term 0.0000 (0.0000) kl_normalizer 50.0000 (50.0000) kl_beta 0.7561 (0.7561) lr 1.3552e-04 eta 0:02:01
epoch [41/50] batch [20/50] time 0.262 (0.287) data 0.000 (0.030) loss 0.0278 (0.0500) acc 100.0000 (99.8438) data_term 0.0277 (0.0499) raw_kl_rep 1253.1699 (1253.6421) raw_kl_proj_rep 0.0000 (0.0000) kl_rep_term 0.0000 (0.0000) kl_proj_rep_term 0.0000 (0.0000) kl_term 0.0000 (0.0000) kl_normalizer 50.0000 (50.0000) kl_beta 0.7805 (0.7805) lr 1.1474e-04 eta 0:02:17
epoch [41/50] batch [40/50] time 0.324 (0.255) data 0.000 (0.015) loss 0.0748 (0.0491) acc 100.0000 (99.9219) data_term 0.0748 (0.0491) raw_kl_rep 1257.6045 (1254.4775) raw_kl_proj_rep 0.0000 (0.0000) kl_rep_term 0.0000 (0.0000) kl_proj_rep_term 0.0000 (0.0000) kl_term 0.0000 (0.0000) kl_normalizer 50.0000 (50.0000) kl_beta 0.7805 (0.7805) lr 1.1474e-04 eta 0:01:57
epoch [42/50] batch [20/50] time 0.244 (0.284) data 0.000 (0.032) loss 0.0695 (0.0490) acc 96.8750 (99.6875) data_term 0.0695 (0.0490) raw_kl_rep 1261.8574 (1260.9711) raw_kl_proj_rep 0.0000 (0.0000) kl_rep_term 0.0000 (0.0000) kl_proj_rep_term 0.0000 (0.0000) kl_term 0.0000 (0.0000) kl_normalizer 50.0000 (50.0000) kl_beta 0.8049 (0.8049) lr 9.5492e-05 eta 0:02:02
epoch [42/50] batch [40/50] time 0.127 (0.240) data 0.000 (0.016) loss 0.0492 (0.0512) acc 100.0000 (99.7656) data_term 0.0491 (0.0512) raw_kl_rep 1264.9229 (1262.4500) raw_kl_proj_rep 0.0000 (0.0000) kl_rep_term 0.0000 (0.0000) kl_proj_rep_term 0.0000 (0.0000) kl_term 0.0000 (0.0000) kl_normalizer 50.0000 (50.0000) kl_beta 0.8049 (0.8049) lr 9.5492e-05 eta 0:01:38
epoch [43/50] batch [20/50] time 0.168 (0.269) data 0.000 (0.026) loss 0.0303 (0.0654) acc 100.0000 (99.6875) data_term 0.0303 (0.0653) raw_kl_rep 1268.0557 (1266.5334) raw_kl_proj_rep 0.0000 (0.0000) kl_rep_term 0.0000 (0.0000) kl_proj_rep_term 0.0000 (0.0000) kl_term 0.0000 (0.0000) kl_normalizer 50.0000 (50.0000) kl_beta 0.8293 (0.8293) lr 7.7836e-05 eta 0:01:42
epoch [43/50] batch [40/50] time 0.184 (0.226) data 0.000 (0.013) loss 0.0458 (0.0528) acc 100.0000 (99.8438) data_term 0.0458 (0.0528) raw_kl_rep 1269.3818 (1267.8452) raw_kl_proj_rep 0.0000 (0.0000) kl_rep_term 0.0000 (0.0000) kl_proj_rep_term 0.0000 (0.0000) kl_term 0.0000 (0.0000) kl_normalizer 50.0000 (50.0000) kl_beta 0.8293 (0.8293) lr 7.7836e-05 eta 0:01:21
epoch [44/50] batch [20/50] time 0.295 (0.273) data 0.000 (0.036) loss 0.0632 (0.0446) acc 100.0000 (99.8438) data_term 0.0632 (0.0446) raw_kl_rep 1270.1211 (1270.0011) raw_kl_proj_rep 0.0000 (0.0000) kl_rep_term 0.0000 (0.0000) kl_proj_rep_term 0.0000 (0.0000) kl_term 0.0000 (0.0000) kl_normalizer 50.0000 (50.0000) kl_beta 0.8537 (0.8537) lr 6.1847e-05 eta 0:01:30
epoch [44/50] batch [40/50] time 0.346 (0.246) data 0.000 (0.018) loss 0.0287 (0.0488) acc 100.0000 (99.8438) data_term 0.0287 (0.0488) raw_kl_rep 1272.4492 (1270.7361) raw_kl_proj_rep 0.0000 (0.0000) kl_rep_term 0.0000 (0.0000) kl_proj_rep_term 0.0000 (0.0000) kl_term 0.0000 (0.0000) kl_normalizer 50.0000 (50.0000) kl_beta 0.8537 (0.8537) lr 6.1847e-05 eta 0:01:16
epoch [45/50] batch [20/50] time 0.178 (0.264) data 0.000 (0.029) loss 0.0636 (0.0462) acc 100.0000 (100.0000) data_term 0.0636 (0.0462) raw_kl_rep 1273.3711 (1273.0155) raw_kl_proj_rep 0.0000 (0.0000) kl_rep_term 0.0000 (0.0000) kl_proj_rep_term 0.0000 (0.0000) kl_term 0.0000 (0.0000) kl_normalizer 50.0000 (50.0000) kl_beta 0.8780 (0.8780) lr 4.7586e-05 eta 0:01:13
epoch [45/50] batch [40/50] time 0.176 (0.224) data 0.000 (0.015) loss 0.0332 (0.0480) acc 100.0000 (99.8438) data_term 0.0332 (0.0479) raw_kl_rep 1274.0459 (1273.4019) raw_kl_proj_rep 0.0000 (0.0000) kl_rep_term 0.0000 (0.0000) kl_proj_rep_term 0.0000 (0.0000) kl_term 0.0000 (0.0000) kl_normalizer 50.0000 (50.0000) kl_beta 0.8780 (0.8780) lr 4.7586e-05 eta 0:00:58
epoch [46/50] batch [20/50] time 0.153 (0.225) data 0.000 (0.030) loss 0.0454 (0.0428) acc 100.0000 (99.8438) data_term 0.0454 (0.0427) raw_kl_rep 1275.2490 (1274.9505) raw_kl_proj_rep 0.0000 (0.0000) kl_rep_term 0.0000 (0.0000) kl_proj_rep_term 0.0000 (0.0000) kl_term 0.0000 (0.0000) kl_normalizer 50.0000 (50.0000) kl_beta 0.9024 (0.9024) lr 3.5112e-05 eta 0:00:51
epoch [46/50] batch [40/50] time 0.132 (0.204) data 0.000 (0.015) loss 0.0361 (0.0440) acc 100.0000 (99.9219) data_term 0.0361 (0.0440) raw_kl_rep 1275.5000 (1275.2105) raw_kl_proj_rep 0.0000 (0.0000) kl_rep_term 0.0000 (0.0000) kl_proj_rep_term 0.0000 (0.0000) kl_term 0.0000 (0.0000) kl_normalizer 50.0000 (50.0000) kl_beta 0.9024 (0.9024) lr 3.5112e-05 eta 0:00:42
epoch [47/50] batch [20/50] time 0.166 (0.209) data 0.000 (0.032) loss 0.0343 (0.0519) acc 100.0000 (99.8438) data_term 0.0343 (0.0519) raw_kl_rep 1275.9688 (1275.6277) raw_kl_proj_rep 0.0000 (0.0000) kl_rep_term 0.0000 (0.0000) kl_proj_rep_term 0.0000 (0.0000) kl_term 0.0000 (0.0000) kl_normalizer 50.0000 (50.0000) kl_beta 0.9268 (0.9268) lr 2.4472e-05 eta 0:00:37
epoch [47/50] batch [40/50] time 0.152 (0.189) data 0.000 (0.016) loss 0.0443 (0.0494) acc 100.0000 (99.9219) data_term 0.0443 (0.0494) raw_kl_rep 1276.7705 (1276.0270) raw_kl_proj_rep 0.0000 (0.0000) kl_rep_term 0.0000 (0.0000) kl_proj_rep_term 0.0000 (0.0000) kl_term 0.0000 (0.0000) kl_normalizer 50.0000 (50.0000) kl_beta 0.9268 (0.9268) lr 2.4472e-05 eta 0:00:30
epoch [48/50] batch [20/50] time 0.155 (0.223) data 0.000 (0.047) loss 0.0271 (0.0489) acc 100.0000 (99.8438) data_term 0.0271 (0.0489) raw_kl_rep 1277.0840 (1277.0518) raw_kl_proj_rep 0.0000 (0.0000) kl_rep_term 0.0000 (0.0000) kl_proj_rep_term 0.0000 (0.0000) kl_term 0.0000 (0.0000) kl_normalizer 50.0000 (50.0000) kl_beta 0.9512 (0.9512) lr 1.5708e-05 eta 0:00:29
epoch [48/50] batch [40/50] time 0.140 (0.199) data 0.000 (0.023) loss 0.0300 (0.0470) acc 100.0000 (99.9219) data_term 0.0300 (0.0470) raw_kl_rep 1277.2959 (1277.1236) raw_kl_proj_rep 0.0000 (0.0000) kl_rep_term 0.0000 (0.0000) kl_proj_rep_term 0.0000 (0.0000) kl_term 0.0000 (0.0000) kl_normalizer 50.0000 (50.0000) kl_beta 0.9512 (0.9512) lr 1.5708e-05 eta 0:00:21
epoch [49/50] batch [20/50] time 0.144 (0.211) data 0.000 (0.035) loss 0.0288 (0.0478) acc 100.0000 (99.6875) data_term 0.0288 (0.0478) raw_kl_rep 1277.4736 (1277.5224) raw_kl_proj_rep 0.0000 (0.0000) kl_rep_term 0.0000 (0.0000) kl_proj_rep_term 0.0000 (0.0000) kl_term 0.0000 (0.0000) kl_normalizer 50.0000 (50.0000) kl_beta 0.9756 (0.9756) lr 8.8564e-06 eta 0:00:16
epoch [49/50] batch [40/50] time 0.194 (0.189) data 0.000 (0.017) loss 0.1830 (0.0477) acc 96.8750 (99.7656) data_term 0.1830 (0.0477) raw_kl_rep 1277.4883 (1277.4993) raw_kl_proj_rep 0.0000 (0.0000) kl_rep_term 0.0000 (0.0000) kl_proj_rep_term 0.0000 (0.0000) kl_term 0.0000 (0.0000) kl_normalizer 50.0000 (50.0000) kl_beta 0.9756 (0.9756) lr 8.8564e-06 eta 0:00:11
epoch [50/50] batch [20/50] time 0.199 (0.233) data 0.000 (0.032) loss 0.0280 (0.0514) acc 100.0000 (99.8438) data_term 0.0280 (0.0514) raw_kl_rep 1277.5176 (1277.4827) raw_kl_proj_rep 0.0000 (0.0000) kl_rep_term 0.0000 (0.0000) kl_proj_rep_term 0.0000 (0.0000) kl_term 0.0000 (0.0000) kl_normalizer 50.0000 (50.0000) kl_beta 1.0000 (1.0000) lr 3.9426e-06 eta 0:00:06
epoch [50/50] batch [40/50] time 0.264 (0.224) data 0.000 (0.016) loss 0.0441 (0.0500) acc 100.0000 (99.8438) data_term 0.0441 (0.0500) raw_kl_rep 1277.5410 (1277.5061) raw_kl_proj_rep 0.0000 (0.0000) kl_rep_term 0.0000 (0.0000) kl_proj_rep_term 0.0000 (0.0000) kl_term 0.0000 (0.0000) kl_normalizer 50.0000 (50.0000) kl_beta 1.0000 (1.0000) lr 3.9426e-06 eta 0:00:02
Checkpoint saved to output_sweeps/bayes_mmrl_rep_tokens_only/coarse3/search_stage/BayesMMRL/FS/fewshot_train/caltech101/shots_16/ViT-B-16/rep_zero_sig-matrix_normal_diag_lowrank_pstd-0.02_kl-1e-6_rank-4/seed1/refactor_model/model.pth.tar-50
Finish training
Deploy the last-epoch model
Evaluate on the *test* set
=> result
* total: 2,465
* correct: 2,385
* accuracy: 96.8%
* error: 3.2%
* macro_f1: 95.2%
=> structured result
* accuracy: 96.7546
* error: 3.2454
* macro_f1: 95.1684
* nll: 0.0989
* brier: 0.0497
* ece: 1.0046
Saved metrics JSON to output_sweeps/bayes_mmrl_rep_tokens_only/coarse3/search_stage/BayesMMRL/FS/fewshot_train/caltech101/shots_16/ViT-B-16/rep_zero_sig-matrix_normal_diag_lowrank_pstd-0.02_kl-1e-6_rank-4/seed1/test_metrics.json
Saved metrics CSV to output_sweeps/bayes_mmrl_rep_tokens_only/coarse3/search_stage/BayesMMRL/FS/fewshot_train/caltech101/shots_16/ViT-B-16/rep_zero_sig-matrix_normal_diag_lowrank_pstd-0.02_kl-1e-6_rank-4/seed1/test_metrics.csv
Saved calibration bins CSV to output_sweeps/bayes_mmrl_rep_tokens_only/coarse3/search_stage/BayesMMRL/FS/fewshot_train/caltech101/shots_16/ViT-B-16/rep_zero_sig-matrix_normal_diag_lowrank_pstd-0.02_kl-1e-6_rank-4/seed1/test_calibration_bins.csv
Elapsed: 0:10:03
[cleanup] removed checkpoint dir: output_sweeps/bayes_mmrl_rep_tokens_only/coarse3/search_stage/BayesMMRL/FS/fewshot_train/caltech101/shots_16/ViT-B-16/rep_zero_sig-matrix_normal_diag_lowrank_pstd-0.02_kl-1e-6_rank-4/seed1/refactor_model
