============================================================
START: 2026-04-20 17:00:56
GPU: 0
METHOD: BayesMMRL
PROTOCOL: FS
EXEC_MODE: online
DATASET: caltech101
SHOTS: 1
SEED: 1
DATA_ROOT: DATASETS
OUTPUT_ROOT: output_refactor
BACKBONE: ViT-B/16
TAG: default
============================================================
Setting fixed seed: 1
***************
** Arguments **
***************
dataset_config_file: configs/datasets/caltech101.yaml
eval_only: False
exec_mode: online
exp_config: 
load_epoch: None
method: BayesMMRL
method_config_file: configs/methods/bayesmmrl.yaml
model_dir: 
no_train: False
opts: ['DATASET.NUM_SHOTS', '1', 'DATASET.SUBSAMPLE_CLASSES', 'all', 'MODEL.BACKBONE.NAME', 'ViT-B/16']
output_dir: output_refactor/BayesMMRL/FS/fewshot_train/caltech101/shots_1/ViT-B-16/default/seed1
protocol: FS
protocol_config_file: configs/protocols/fs.yaml
root: DATASETS
runtime_config_file: configs/runtime/default.yaml
seed: 1
trainer: RefactorRunner
************
** Config **
************
BAYES_MMRL:
  ALPHA: 0.7
  BAYES_TARGET: rep_tokens
  CLIP_PRIOR_BLEND: 0.5
  CLIP_PRIOR_SCALE: 0.05
  EVAL_MODE: mc_predictive
  EVAL_USE_POSTERIOR_MEAN: False
  KL_WARMUP_EPOCHS: 5
  KL_WEIGHT: 0.0005
  N_MC_TEST: 10
  N_MC_TRAIN: 3
  N_REP_TOKENS: 5
  PREC: amp
  PRIOR_STD: 0.05
  PROJ_REP_KL_WEIGHT: 1e-06
  PROJ_REP_PRIOR_MODE: clip_proj
  PROJ_REP_PRIOR_STD: 0.01
  PROJ_REP_SIGMA_MODE: row
  REG_WEIGHT: 0.5
  REP_DIM: 512
  REP_KL_WEIGHT: 0.001
  REP_LAYERS: [6, 7, 8, 9, 10, 11, 12]
  REP_PRIOR_MODE: zero
  REP_PRIOR_STD: 0.05
  REP_SIGMA_MODE: global
  SIGMA_MODE: global
CLIP_ADAPTERS:
  ALLOW_CACHE: True
  CONSTRAINT: none
  ENHANCED_BASE: none
  INIT: ZS
  KL_WEIGHT: 0.0001
  N_SAMPLES: 3
  PREC: fp32
  TYPE: MP
DATALOADER:
  K_TRANSFORMS: 1
  NUM_WORKERS: 8
  RETURN_IMG0: False
  TEST:
    BATCH_SIZE: 250
    SAMPLER: SequentialSampler
  TRAIN_U:
    BATCH_SIZE: 32
    N_DOMAIN: 0
    N_INS: 16
    SAME_AS_X: True
    SAMPLER: RandomSampler
  TRAIN_X:
    BATCH_SIZE: 32
    N_DOMAIN: 0
    N_INS: 16
    SAMPLER: RandomSampler
DATASET:
  ALL_AS_UNLABELED: False
  CIFAR_C_LEVEL: 1
  CIFAR_C_TYPE: 
  NAME: Caltech101
  NUM_LABELED: -1
  NUM_SHOTS: 1
  ROOT: DATASETS
  SOURCE_DOMAINS: ()
  STL10_FOLD: -1
  SUBSAMPLE_CLASSES: all
  TARGET_DOMAINS: ()
  VAL_PERCENT: 0.1
INPUT:
  COLORJITTER_B: 0.4
  COLORJITTER_C: 0.4
  COLORJITTER_H: 0.1
  COLORJITTER_S: 0.4
  CROP_PADDING: 4
  CUTOUT_LEN: 16
  CUTOUT_N: 1
  GB_K: 21
  GB_P: 0.5
  GN_MEAN: 0.0
  GN_STD: 0.15
  INTERPOLATION: bicubic
  NO_TRANSFORM: False
  PIXEL_MEAN: [0.48145466, 0.4578275, 0.40821073]
  PIXEL_STD: [0.26862954, 0.26130258, 0.27577711]
  RANDAUGMENT_M: 10
  RANDAUGMENT_N: 2
  RGS_P: 0.2
  RRCROP_SCALE: (0.5, 1)
  SIZE: (224, 224)
  TRANSFORMS: ('random_resized_crop', 'random_flip', 'normalize')
METHOD:
  EXEC_MODE: online
  FAMILY: internal_adaptation
  NAME: BayesMMRL
  TAG: default
MMRL:
  ALPHA: 0.7
  N_REP_TOKENS: 5
  PREC: amp
  REG_WEIGHT: 1.0
  REP_DIM: 512
  REP_LAYERS: [6, 7, 8, 9, 10, 11, 12]
MMRLPP:
  ALPHA: 0.7
  BETA: 0.9
  N_REP_TOKENS: 5
  PREC: amp
  PROJ_LORA_DIM: 64
  REG_WEIGHT: 1.0
  REP_DIM: 512
  REP_LAYERS: [6, 7, 8, 9, 10, 11, 12]
  RES_LORA_DIM: 4
MMRL_MIX:
  ALPHA: 0.7
  LOSS_FUSE_WEIGHT: 0.2
  LOSS_MAIN_WEIGHT: 1.0
  LOSS_REP_WEIGHT: 1.0
  N_REP_TOKENS: 5
  PREC: amp
  REG_WEIGHT: 1.0
  REP_DIM: 512
  REP_LAYERS: [6, 7, 8, 9, 10, 11, 12]
MODEL:
  BACKBONE:
    NAME: ViT-B/16
    PRETRAINED: True
  HEAD:
    ACTIVATION: relu
    BN: True
    DROPOUT: 0.0
    HIDDEN_LAYERS: ()
    NAME: 
  INIT_WEIGHTS: 
OPTIM:
  ADAM_BETA1: 0.9
  ADAM_BETA2: 0.999
  BASE_LR_MULT: 0.1
  GAMMA: 0.1
  LR: 0.001
  LR_SCHEDULER: cosine
  MAX_EPOCH: 50
  MOMENTUM: 0.9
  NAME: adamw
  NEW_LAYERS: ()
  RMSPROP_ALPHA: 0.99
  SGD_DAMPNING: 0
  SGD_NESTEROV: False
  STAGED_LR: False
  STEPSIZE: (-1,)
  WARMUP_CONS_LR: 1e-05
  WARMUP_EPOCH: 1
  WARMUP_MIN_LR: 1e-05
  WARMUP_RECOUNT: True
  WARMUP_TYPE: constant
  WEIGHT_DECAY: 0.0005
OUTPUT_DIR: output_refactor/BayesMMRL/FS/fewshot_train/caltech101/shots_1/ViT-B-16/default/seed1
PROTOCOL:
  NAME: FS
  PHASE: fewshot_train
RESUME: 
RUNTIME:
  OUTPUT_ROOT: output_refactor
  USE_DASSL_TRAINER_BRIDGE: True
SEED: 1
TASK: FS
TEST:
  COMPUTE_CMAT: False
  EVALUATOR: Classification
  FINAL_MODEL: last_step
  NO_TEST: False
  PER_CLASS_RESULT: False
  SPLIT: test
TRAIN:
  CHECKPOINT_FREQ: 0
  COUNT_ITER: train_x
  PRINT_FREQ: 20
TRAINER:
  BayesMMRL:
    ALPHA: 0.7
    BAYES_TARGET: rep_tokens
    CLIP_PRIOR_BLEND: 0.5
    CLIP_PRIOR_SCALE: 0.05
    EVAL_MODE: mc_predictive
    EVAL_USE_POSTERIOR_MEAN: False
    KL_WARMUP_EPOCHS: 5
    KL_WEIGHT: 0.001
    N_MC_TEST: 10
    N_MC_TRAIN: 3
    N_REP_TOKENS: 5
    PREC: amp
    PRIOR_STD: 0.05
    PROJ_REP_KL_WEIGHT: 1e-06
    PROJ_REP_PRIOR_MODE: clip_proj
    PROJ_REP_PRIOR_STD: 0.01
    PROJ_REP_SIGMA_MODE: row
    REG_WEIGHT: 0.5
    REP_DIM: 512
    REP_KL_WEIGHT: 0.001
    REP_LAYERS: [6, 7, 8, 9, 10, 11, 12]
    REP_PRIOR_MODE: zero
    REP_PRIOR_STD: 0.05
    REP_SIGMA_MODE: global
    SIGMA_MODE: global
  CDAC:
    CLASS_LR_MULTI: 10
    P_THRESH: 0.95
    RAMPUP_COEF: 30
    RAMPUP_ITRS: 1000
    STRONG_TRANSFORMS: ()
    TOPK_MATCH: 5
  CROSSGRAD:
    ALPHA_D: 0.5
    ALPHA_F: 0.5
    EPS_D: 1.0
    EPS_F: 1.0
  ClipADAPTER:
    ALLOW_CACHE: True
    CONSTRAINT: none
    ENHANCED_BASE: none
    INIT: ZS
    PREC: fp32
    TYPE: MP
  DAEL:
    CONF_THRE: 0.95
    STRONG_TRANSFORMS: ()
    WEIGHT_U: 0.5
  DAELDG:
    CONF_THRE: 0.95
    STRONG_TRANSFORMS: ()
    WEIGHT_U: 0.5
  DDAIG:
    ALPHA: 0.5
    CLAMP: False
    CLAMP_MAX: 1.0
    CLAMP_MIN: -1.0
    G_ARCH: 
    LMDA: 0.3
    WARMUP: 0
  DOMAINMIX:
    ALPHA: 1.0
    BETA: 1.0
    TYPE: crossdomain
  ENTMIN:
    LMDA: 0.001
  FIXMATCH:
    CONF_THRE: 0.95
    STRONG_TRANSFORMS: ()
    WEIGHT_U: 1.0
  M3SDA:
    LMDA: 0.5
    N_STEP_F: 4
  MCD:
    N_STEP_F: 4
  MEANTEACHER:
    EMA_ALPHA: 0.999
    RAMPUP: 5
    WEIGHT_U: 1.0
  MIXMATCH:
    MIXUP_BETA: 0.75
    RAMPUP: 20000
    TEMP: 2.0
    WEIGHT_U: 100.0
  MME:
    LMDA: 0.1
  MMRL:
    ALPHA: 0.7
    N_REP_TOKENS: 5
    PREC: amp
    REG_WEIGHT: 1.0
    REP_DIM: 512
    REP_LAYERS: [6, 7, 8, 9, 10, 11, 12]
  MMRLMix:
    ALPHA: 0.7
    LOSS_FUSE_WEIGHT: 0.2
    LOSS_MAIN_WEIGHT: 1.0
    LOSS_REP_WEIGHT: 1.0
    N_REP_TOKENS: 5
    PREC: amp
    REG_WEIGHT: 1.0
    REP_DIM: 512
    REP_LAYERS: [6, 7, 8, 9, 10, 11, 12]
  MMRLpp:
    ALPHA: 0.7
    BETA: 0.9
    N_REP_TOKENS: 5
    PREC: amp
    PROJ_LORA_DIM: 64
    REG_WEIGHT: 1.0
    REP_DIM: 512
    REP_LAYERS: [6, 7, 8, 9, 10, 11, 12]
    RES_LORA_DIM: 4
  NAME: RefactorRunner
  SE:
    CONF_THRE: 0.95
    EMA_ALPHA: 0.999
    RAMPUP: 300
USE_CUDA: True
VERBOSE: True
VERSION: 1
Collecting env info ...
/root/miniconda3/envs/mmrl/lib/python3.10/site-packages/torch/optim/lr_scheduler.py:60: UserWarning: The verbose parameter is deprecated. Please use get_last_lr() to access the learning rate.
  warnings.warn(
/root/autodl-tmp/MMRL/trainers/refactor_runner.py:52: FutureWarning: `torch.cuda.amp.GradScaler(args...)` is deprecated. Please use `torch.amp.GradScaler('cuda', args...)` instead.
  self.scaler = GradScaler() if prec == "amp" else None
** System info **
PyTorch version: 2.4.0+cu121
Is debug build: False
CUDA used to build PyTorch: 12.1
ROCM used to build PyTorch: N/A

OS: Ubuntu 22.04.1 LTS (x86_64)
GCC version: (Ubuntu 11.3.0-1ubuntu1~22.04) 11.3.0
Clang version: Could not collect
CMake version: version 3.22.1
Libc version: glibc-2.35

Python version: 3.10.20 (main, Mar 11 2026, 17:46:40) [GCC 14.3.0] (64-bit runtime)
Python platform: Linux-5.15.0-153-generic-x86_64-with-glibc2.35
Is CUDA available: True
CUDA runtime version: 11.8.89
CUDA_MODULE_LOADING set to: LAZY
GPU models and configuration: GPU 0: NVIDIA vGPU-48GB
Nvidia driver version: 580.76.05
cuDNN version: Probably one of the following:
/usr/lib/x86_64-linux-gnu/libcudnn.so.8.6.0
/usr/lib/x86_64-linux-gnu/libcudnn_adv_infer.so.8.6.0
/usr/lib/x86_64-linux-gnu/libcudnn_adv_train.so.8.6.0
/usr/lib/x86_64-linux-gnu/libcudnn_cnn_infer.so.8.6.0
/usr/lib/x86_64-linux-gnu/libcudnn_cnn_train.so.8.6.0
/usr/lib/x86_64-linux-gnu/libcudnn_ops_infer.so.8.6.0
/usr/lib/x86_64-linux-gnu/libcudnn_ops_train.so.8.6.0
HIP runtime version: N/A
MIOpen runtime version: N/A
Is XNNPACK available: True

CPU:
Architecture:                            x86_64
CPU op-mode(s):                          32-bit, 64-bit
Address sizes:                           46 bits physical, 57 bits virtual
Byte Order:                              Little Endian
CPU(s):                                  128
On-line CPU(s) list:                     0-127
Vendor ID:                               GenuineIntel
Model name:                              Intel(R) Xeon(R) Gold 6459C
CPU family:                              6
Model:                                   143
Thread(s) per core:                      2
Core(s) per socket:                      32
Socket(s):                               2
Stepping:                                8
Frequency boost:                         enabled
CPU max MHz:                             3900.0000
CPU min MHz:                             800.0000
BogoMIPS:                                6000.00
Flags:                                   fpu vme de pse tsc msr pae mce cx8 apic sep mtrr pge mca cmov pat pse36 clflush dts acpi mmx fxsr sse sse2 ss ht tm pbe syscall nx pdpe1gb rdtscp lm constant_tsc art arch_perfmon pebs bts rep_good nopl xtopology nonstop_tsc cpuid aperfmperf tsc_known_freq pni pclmulqdq dtes64 monitor ds_cpl vmx smx est tm2 ssse3 sdbg fma cx16 xtpr pdcm pcid dca sse4_1 sse4_2 x2apic movbe popcnt tsc_deadline_timer aes xsave avx f16c rdrand lahf_lm abm 3dnowprefetch cpuid_fault epb cat_l3 cat_l2 cdp_l3 invpcid_single intel_ppin cdp_l2 ssbd mba ibrs ibpb stibp ibrs_enhanced tpr_shadow vnmi flexpriority ept vpid ept_ad fsgsbase tsc_adjust bmi1 avx2 smep bmi2 erms invpcid cqm rdt_a avx512f avx512dq rdseed adx smap avx512ifma clflushopt clwb intel_pt avx512cd sha_ni avx512bw avx512vl xsaveopt xsavec xgetbv1 xsaves cqm_llc cqm_occup_llc cqm_mbm_total cqm_mbm_local split_lock_detect avx_vnni avx512_bf16 wbnoinvd dtherm ida arat pln pts avx512vbmi umip pku ospke waitpkg avx512_vbmi2 gfni vaes vpclmulqdq avx512_vnni avx512_bitalg tme avx512_vpopcntdq la57 rdpid bus_lock_detect cldemote movdiri movdir64b enqcmd fsrm md_clear serialize tsxldtrk pconfig arch_lbr amx_bf16 avx512_fp16 amx_tile amx_int8 flush_l1d arch_capabilities
Virtualization:                          VT-x
L1d cache:                               3 MiB (64 instances)
L1i cache:                               2 MiB (64 instances)
L2 cache:                                128 MiB (64 instances)
L3 cache:                                120 MiB (2 instances)
NUMA node(s):                            2
NUMA node0 CPU(s):                       0-31,64-95
NUMA node1 CPU(s):                       32-63,96-127
Vulnerability Gather data sampling:      Not affected
Vulnerability Indirect target selection: Not affected
Vulnerability Itlb multihit:             Not affected
Vulnerability L1tf:                      Not affected
Vulnerability Mds:                       Not affected
Vulnerability Meltdown:                  Not affected
Vulnerability Mmio stale data:           Not affected
Vulnerability Reg file data sampling:    Not affected
Vulnerability Retbleed:                  Not affected
Vulnerability Spec rstack overflow:      Not affected
Vulnerability Spec store bypass:         Mitigation; Speculative Store Bypass disabled via prctl and seccomp
Vulnerability Spectre v1:                Mitigation; usercopy/swapgs barriers and __user pointer sanitization
Vulnerability Spectre v2:                Mitigation; Enhanced / Automatic IBRS; IBPB disabled; PBRSB-eIBRS SW sequence; BHI BHI_DIS_S
Vulnerability Srbds:                     Not affected
Vulnerability Tsx async abort:           Not affected

Versions of relevant libraries:
[pip3] flake8==3.7.9
[pip3] numpy==2.2.6
[pip3] torch==2.4.0
[pip3] torchaudio==2.4.0
[pip3] torchvision==0.19.0
[pip3] triton==3.0.0
[conda] numpy                     2.2.6                    pypi_0    pypi
[conda] torch                     2.4.0                    pypi_0    pypi
[conda] torchaudio                2.4.0                    pypi_0    pypi
[conda] torchvision               0.19.0                   pypi_0    pypi
[conda] triton                    3.0.0                    pypi_0    pypi
        Pillow (12.2.0)

Loading trainer: RefactorRunner
Loading dataset: Caltech101
Reading split from /root/autodl-tmp/MMRL/DATASETS/caltech-101/split_zhou_Caltech101.json
Loading preprocessed few-shot data from /root/autodl-tmp/MMRL/DATASETS/caltech-101/split_fewshot/shot_1-seed_1.pkl
Building transform_train
+ random resized crop (size=(224, 224), scale=(0.5, 1))
+ random flip
+ to torch tensor of range [0, 1]
+ normalization (mean=[0.48145466, 0.4578275, 0.40821073], std=[0.26862954, 0.26130258, 0.27577711])
Building transform_test
+ resize the smaller edge to 224
+ 224x224 center crop
+ to torch tensor of range [0, 1]
+ normalization (mean=[0.48145466, 0.4578275, 0.40821073], std=[0.26862954, 0.26130258, 0.27577711])
---------  ----------
Dataset    Caltech101
# classes  100
# train_x  100
# val      100
# test     2,465
---------  ----------
[BayesMMRLMethod] trainable params: {'representation_learner.compound_rep_tokens_r2tproj.5.bias', 'representation_learner.compound_rep_tokens_r2vproj.6.weight', 'image_encoder.proj_rep', 'representation_learner.compound_rep_tokens_r2vproj.3.weight', 'representation_learner.compound_rep_tokens_r2tproj.1.weight', 'representation_learner.compound_rep_tokens_r2vproj.2.weight', 'representation_learner.compound_rep_tokens_r2tproj.5.weight', 'representation_learner.rep_posterior.posterior_rho', 'representation_learner.compound_rep_tokens_r2vproj.5.bias', 'representation_learner.compound_rep_tokens_r2tproj.2.weight', 'representation_learner.compound_rep_tokens_r2tproj.0.weight', 'representation_learner.compound_rep_tokens_r2vproj.4.bias', 'representation_learner.compound_rep_tokens_r2vproj.3.bias', 'representation_learner.compound_rep_tokens_r2vproj.0.weight', 'representation_learner.rep_posterior.posterior_mean', 'representation_learner.compound_rep_tokens_r2vproj.6.bias', 'representation_learner.compound_rep_tokens_r2tproj.4.weight', 'representation_learner.compound_rep_tokens_r2tproj.1.bias', 'representation_learner.compound_rep_tokens_r2tproj.3.bias', 'representation_learner.compound_rep_tokens_r2tproj.3.weight', 'representation_learner.compound_rep_tokens_r2vproj.4.weight', 'representation_learner.compound_rep_tokens_r2vproj.5.weight', 'representation_learner.compound_rep_tokens_r2vproj.0.bias', 'representation_learner.compound_rep_tokens_r2vproj.2.bias', 'representation_learner.compound_rep_tokens_r2tproj.4.bias', 'representation_learner.compound_rep_tokens_r2vproj.1.bias', 'representation_learner.compound_rep_tokens_r2vproj.1.weight', 'representation_learner.compound_rep_tokens_r2tproj.6.weight', 'representation_learner.compound_rep_tokens_r2tproj.2.bias', 'representation_learner.compound_rep_tokens_r2tproj.6.bias', 'representation_learner.compound_rep_tokens_r2tproj.0.bias'}
Loading evaluator: Classification
No checkpoint found, train from scratch
Initialize tensorboard (log_dir=output_refactor/BayesMMRL/FS/fewshot_train/caltech101/shots_1/ViT-B-16/default/seed1/tensorboard)
/root/autodl-tmp/MMRL/executors/online_executor.py:47: FutureWarning: `torch.cuda.amp.autocast(args...)` is deprecated. Please use `torch.amp.autocast('cuda', args...)` instead.
  with autocast():
epoch [1/50] batch [1/3] time 0.937 (0.937) data 0.366 (0.366) loss 2.4345 (2.4345) acc 84.3750 (84.3750) data_term 2.4345 (2.4345) raw_kl_rep 0.0000 (0.0000) raw_kl_proj_rep 0.0000 (0.0000) kl_rep_term 0.0000 (0.0000) kl_proj_rep_term 0.0000 (0.0000) kl_term 0.0000 (0.0000) kl_normalizer 3.0000 (3.0000) kl_beta 0.0000 (0.0000) lr 1.0000e-05 eta 0:02:19
epoch [1/50] batch [2/3] time 0.170 (0.554) data 0.000 (0.183) loss 2.3283 (2.3814) acc 90.6250 (87.5000) data_term 2.3283 (2.3814) raw_kl_rep 0.0000 (0.0000) raw_kl_proj_rep 0.0000 (0.0000) kl_rep_term 0.0000 (0.0000) kl_proj_rep_term 0.0000 (0.0000) kl_term 0.0000 (0.0000) kl_normalizer 3.0000 (3.0000) kl_beta 0.0000 (0.0000) lr 1.0000e-05 eta 0:01:21
epoch [1/50] batch [3/3] time 0.167 (0.425) data 0.000 (0.122) loss 2.2254 (2.3294) acc 78.1250 (84.3750) data_term 2.2254 (2.3294) raw_kl_rep 0.0001 (0.0000) raw_kl_proj_rep 0.0000 (0.0000) kl_rep_term 0.0000 (0.0000) kl_proj_rep_term 0.0000 (0.0000) kl_term 0.0000 (0.0000) kl_normalizer 3.0000 (3.0000) kl_beta 0.0000 (0.0000) lr 1.0000e-03 eta 0:01:02
epoch [2/50] batch [1/3] time 0.429 (0.429) data 0.258 (0.258) loss 2.3411 (2.3411) acc 84.3750 (84.3750) data_term 2.3411 (2.3411) raw_kl_rep 0.0003 (0.0003) raw_kl_proj_rep 0.0000 (0.0000) kl_rep_term 0.0000 (0.0000) kl_proj_rep_term 0.0000 (0.0000) kl_term 0.0000 (0.0000) kl_normalizer 3.0000 (3.0000) kl_beta 0.0000 (0.0000) lr 1.0000e-03 eta 0:01:02
epoch [2/50] batch [2/3] time 0.167 (0.298) data 0.000 (0.129) loss 1.9802 (2.1606) acc 87.5000 (85.9375) data_term 1.9802 (2.1606) raw_kl_rep 0.2747 (0.1375) raw_kl_proj_rep 0.0000 (0.0000) kl_rep_term 0.0000 (0.0000) kl_proj_rep_term 0.0000 (0.0000) kl_term 0.0000 (0.0000) kl_normalizer 3.0000 (3.0000) kl_beta 0.0000 (0.0000) lr 1.0000e-03 eta 0:00:43
epoch [2/50] batch [3/3] time 0.168 (0.255) data 0.000 (0.086) loss 2.0791 (2.1335) acc 78.1250 (83.3333) data_term 2.0791 (2.1335) raw_kl_rep 0.9042 (0.3931) raw_kl_proj_rep 0.0000 (0.0000) kl_rep_term 0.0000 (0.0000) kl_proj_rep_term 0.0000 (0.0000) kl_term 0.0000 (0.0000) kl_normalizer 3.0000 (3.0000) kl_beta 0.0000 (0.0000) lr 9.9901e-04 eta 0:00:36
epoch [3/50] batch [1/3] time 0.439 (0.439) data 0.268 (0.268) loss 1.6907 (1.6907) acc 81.2500 (81.2500) data_term 1.6907 (1.6907) raw_kl_rep 1.6822 (1.6822) raw_kl_proj_rep 0.0000 (0.0000) kl_rep_term 0.0000 (0.0000) kl_proj_rep_term 0.0000 (0.0000) kl_term 0.0000 (0.0000) kl_normalizer 3.0000 (3.0000) kl_beta 0.0000 (0.0000) lr 9.9901e-04 eta 0:01:02
epoch [3/50] batch [2/3] time 0.168 (0.303) data 0.000 (0.134) loss 1.6683 (1.6795) acc 84.3750 (82.8125) data_term 1.6683 (1.6795) raw_kl_rep 2.5497 (2.1160) raw_kl_proj_rep 0.0000 (0.0000) kl_rep_term 0.0000 (0.0000) kl_proj_rep_term 0.0000 (0.0000) kl_term 0.0000 (0.0000) kl_normalizer 3.0000 (3.0000) kl_beta 0.0000 (0.0000) lr 9.9901e-04 eta 0:00:43
epoch [3/50] batch [3/3] time 0.170 (0.259) data 0.000 (0.089) loss 1.4190 (1.5927) acc 87.5000 (84.3750) data_term 1.4190 (1.5927) raw_kl_rep 3.5089 (2.5803) raw_kl_proj_rep 0.0000 (0.0000) kl_rep_term 0.0000 (0.0000) kl_proj_rep_term 0.0000 (0.0000) kl_term 0.0000 (0.0000) kl_normalizer 3.0000 (3.0000) kl_beta 0.0000 (0.0000) lr 9.9606e-04 eta 0:00:36
epoch [4/50] batch [1/3] time 0.417 (0.417) data 0.248 (0.248) loss 1.2244 (1.2244) acc 93.7500 (93.7500) data_term 1.2244 (1.2244) raw_kl_rep 4.4990 (4.4990) raw_kl_proj_rep 0.0000 (0.0000) kl_rep_term 0.0000 (0.0000) kl_proj_rep_term 0.0000 (0.0000) kl_term 0.0000 (0.0000) kl_normalizer 3.0000 (3.0000) kl_beta 0.0000 (0.0000) lr 9.9606e-04 eta 0:00:58
epoch [4/50] batch [2/3] time 0.167 (0.292) data 0.000 (0.124) loss 1.1563 (1.1903) acc 84.3750 (89.0625) data_term 1.1563 (1.1903) raw_kl_rep 5.6518 (5.0754) raw_kl_proj_rep 0.0000 (0.0000) kl_rep_term 0.0000 (0.0000) kl_proj_rep_term 0.0000 (0.0000) kl_term 0.0000 (0.0000) kl_normalizer 3.0000 (3.0000) kl_beta 0.0000 (0.0000) lr 9.9606e-04 eta 0:00:40
epoch [4/50] batch [3/3] time 0.167 (0.250) data 0.000 (0.083) loss 1.0836 (1.1547) acc 93.7500 (90.6250) data_term 1.0836 (1.1547) raw_kl_rep 7.0033 (5.7180) raw_kl_proj_rep 0.0000 (0.0000) kl_rep_term 0.0000 (0.0000) kl_proj_rep_term 0.0000 (0.0000) kl_term 0.0000 (0.0000) kl_normalizer 3.0000 (3.0000) kl_beta 0.0000 (0.0000) lr 9.9114e-04 eta 0:00:34
epoch [5/50] batch [1/3] time 0.456 (0.456) data 0.287 (0.287) loss 0.8543 (0.8543) acc 96.8750 (96.8750) data_term 0.8543 (0.8543) raw_kl_rep 8.5565 (8.5565) raw_kl_proj_rep 0.0000 (0.0000) kl_rep_term 0.0000 (0.0000) kl_proj_rep_term 0.0000 (0.0000) kl_term 0.0000 (0.0000) kl_normalizer 3.0000 (3.0000) kl_beta 0.0000 (0.0000) lr 9.9114e-04 eta 0:01:02
epoch [5/50] batch [2/3] time 0.167 (0.311) data 0.000 (0.143) loss 0.7436 (0.7990) acc 93.7500 (95.3125) data_term 0.7436 (0.7990) raw_kl_rep 10.2693 (9.4129) raw_kl_proj_rep 0.0000 (0.0000) kl_rep_term 0.0000 (0.0000) kl_proj_rep_term 0.0000 (0.0000) kl_term 0.0000 (0.0000) kl_normalizer 3.0000 (3.0000) kl_beta 0.0000 (0.0000) lr 9.9114e-04 eta 0:00:42
epoch [5/50] batch [3/3] time 0.167 (0.263) data 0.000 (0.096) loss 0.6514 (0.7498) acc 90.6250 (93.7500) data_term 0.6514 (0.7498) raw_kl_rep 12.1395 (10.3218) raw_kl_proj_rep 0.0000 (0.0000) kl_rep_term 0.0000 (0.0000) kl_proj_rep_term 0.0000 (0.0000) kl_term 0.0000 (0.0000) kl_normalizer 3.0000 (3.0000) kl_beta 0.0000 (0.0000) lr 9.8429e-04 eta 0:00:35
epoch [6/50] batch [1/3] time 0.433 (0.433) data 0.265 (0.265) loss 0.4985 (0.4985) acc 90.6250 (90.6250) data_term 0.4985 (0.4985) raw_kl_rep 14.1152 (14.1152) raw_kl_proj_rep 0.0000 (0.0000) kl_rep_term 0.0000 (0.0000) kl_proj_rep_term 0.0000 (0.0000) kl_term 0.0000 (0.0000) kl_normalizer 3.0000 (3.0000) kl_beta 0.0000 (0.0000) lr 9.8429e-04 eta 0:00:58
epoch [6/50] batch [2/3] time 0.166 (0.300) data 0.000 (0.133) loss 0.3989 (0.4487) acc 96.8750 (93.7500) data_term 0.3989 (0.4487) raw_kl_rep 16.2059 (15.1605) raw_kl_proj_rep 0.0000 (0.0000) kl_rep_term 0.0000 (0.0000) kl_proj_rep_term 0.0000 (0.0000) kl_term 0.0000 (0.0000) kl_normalizer 3.0000 (3.0000) kl_beta 0.0000 (0.0000) lr 9.8429e-04 eta 0:00:39
epoch [6/50] batch [3/3] time 0.167 (0.255) data 0.000 (0.088) loss 0.6842 (0.5272) acc 87.5000 (91.6667) data_term 0.6842 (0.5272) raw_kl_rep 18.3861 (16.2357) raw_kl_proj_rep 0.0000 (0.0000) kl_rep_term 0.0000 (0.0000) kl_proj_rep_term 0.0000 (0.0000) kl_term 0.0000 (0.0000) kl_normalizer 3.0000 (3.0000) kl_beta 0.0000 (0.0000) lr 9.7553e-04 eta 0:00:33
epoch [7/50] batch [1/3] time 0.442 (0.442) data 0.270 (0.270) loss 0.2883 (0.2883) acc 93.7500 (93.7500) data_term 0.2881 (0.2881) raw_kl_rep 20.6229 (20.6229) raw_kl_proj_rep 0.0000 (0.0000) kl_rep_term 0.0002 (0.0002) kl_proj_rep_term 0.0000 (0.0000) kl_term 0.0002 (0.0002) kl_normalizer 3.0000 (3.0000) kl_beta 0.0227 (0.0227) lr 9.7553e-04 eta 0:00:57
epoch [7/50] batch [2/3] time 0.167 (0.305) data 0.000 (0.135) loss 0.2911 (0.2897) acc 96.8750 (95.3125) data_term 0.2909 (0.2895) raw_kl_rep 22.8652 (21.7441) raw_kl_proj_rep 0.0000 (0.0000) kl_rep_term 0.0002 (0.0002) kl_proj_rep_term 0.0000 (0.0000) kl_term 0.0002 (0.0002) kl_normalizer 3.0000 (3.0000) kl_beta 0.0227 (0.0227) lr 9.7553e-04 eta 0:00:39
epoch [7/50] batch [3/3] time 0.168 (0.259) data 0.000 (0.090) loss 0.3205 (0.3000) acc 96.8750 (95.8333) data_term 0.3203 (0.2998) raw_kl_rep 25.0498 (22.8460) raw_kl_proj_rep 0.0000 (0.0000) kl_rep_term 0.0002 (0.0002) kl_proj_rep_term 0.0000 (0.0000) kl_term 0.0002 (0.0002) kl_normalizer 3.0000 (3.0000) kl_beta 0.0227 (0.0227) lr 9.6489e-04 eta 0:00:33
epoch [8/50] batch [1/3] time 0.443 (0.443) data 0.274 (0.274) loss 0.2198 (0.2198) acc 100.0000 (100.0000) data_term 0.2194 (0.2194) raw_kl_rep 27.2593 (27.2593) raw_kl_proj_rep 0.0000 (0.0000) kl_rep_term 0.0004 (0.0004) kl_proj_rep_term 0.0000 (0.0000) kl_term 0.0004 (0.0004) kl_normalizer 3.0000 (3.0000) kl_beta 0.0455 (0.0455) lr 9.6489e-04 eta 0:00:56
epoch [8/50] batch [2/3] time 0.167 (0.305) data 0.000 (0.137) loss 0.2739 (0.2469) acc 96.8750 (98.4375) data_term 0.2735 (0.2464) raw_kl_rep 29.3438 (28.3015) raw_kl_proj_rep 0.0000 (0.0000) kl_rep_term 0.0004 (0.0004) kl_proj_rep_term 0.0000 (0.0000) kl_term 0.0004 (0.0004) kl_normalizer 3.0000 (3.0000) kl_beta 0.0455 (0.0455) lr 9.6489e-04 eta 0:00:38
epoch [8/50] batch [3/3] time 0.167 (0.259) data 0.000 (0.091) loss 0.2083 (0.2340) acc 96.8750 (97.9167) data_term 0.2079 (0.2336) raw_kl_rep 31.4105 (29.3379) raw_kl_proj_rep 0.0000 (0.0000) kl_rep_term 0.0005 (0.0004) kl_proj_rep_term 0.0000 (0.0000) kl_term 0.0005 (0.0004) kl_normalizer 3.0000 (3.0000) kl_beta 0.0455 (0.0455) lr 9.5241e-04 eta 0:00:32
epoch [9/50] batch [1/3] time 0.498 (0.498) data 0.329 (0.329) loss 0.1776 (0.1776) acc 96.8750 (96.8750) data_term 0.1768 (0.1768) raw_kl_rep 33.4440 (33.4440) raw_kl_proj_rep 0.0000 (0.0000) kl_rep_term 0.0008 (0.0008) kl_proj_rep_term 0.0000 (0.0000) kl_term 0.0008 (0.0008) kl_normalizer 3.0000 (3.0000) kl_beta 0.0682 (0.0682) lr 9.5241e-04 eta 0:01:02
epoch [9/50] batch [2/3] time 0.166 (0.332) data 0.000 (0.165) loss 0.1771 (0.1773) acc 100.0000 (98.4375) data_term 0.1763 (0.1766) raw_kl_rep 35.4807 (34.4623) raw_kl_proj_rep 0.0000 (0.0000) kl_rep_term 0.0008 (0.0008) kl_proj_rep_term 0.0000 (0.0000) kl_term 0.0008 (0.0008) kl_normalizer 3.0000 (3.0000) kl_beta 0.0682 (0.0682) lr 9.5241e-04 eta 0:00:41
epoch [9/50] batch [3/3] time 0.168 (0.277) data 0.000 (0.110) loss 0.2680 (0.2076) acc 96.8750 (97.9167) data_term 0.2672 (0.2068) raw_kl_rep 37.2631 (35.3959) raw_kl_proj_rep 0.0000 (0.0000) kl_rep_term 0.0008 (0.0008) kl_proj_rep_term 0.0000 (0.0000) kl_term 0.0008 (0.0008) kl_normalizer 3.0000 (3.0000) kl_beta 0.0682 (0.0682) lr 9.3815e-04 eta 0:00:34
epoch [10/50] batch [1/3] time 0.442 (0.442) data 0.272 (0.272) loss 0.1589 (0.1589) acc 100.0000 (100.0000) data_term 0.1577 (0.1577) raw_kl_rep 38.7904 (38.7904) raw_kl_proj_rep 0.0000 (0.0000) kl_rep_term 0.0012 (0.0012) kl_proj_rep_term 0.0000 (0.0000) kl_term 0.0012 (0.0012) kl_normalizer 3.0000 (3.0000) kl_beta 0.0909 (0.0909) lr 9.3815e-04 eta 0:00:53
epoch [10/50] batch [2/3] time 0.168 (0.305) data 0.000 (0.136) loss 0.1721 (0.1655) acc 93.7500 (96.8750) data_term 0.1709 (0.1643) raw_kl_rep 40.2964 (39.5434) raw_kl_proj_rep 0.0000 (0.0000) kl_rep_term 0.0012 (0.0012) kl_proj_rep_term 0.0000 (0.0000) kl_term 0.0012 (0.0012) kl_normalizer 3.0000 (3.0000) kl_beta 0.0909 (0.0909) lr 9.3815e-04 eta 0:00:36
epoch [10/50] batch [3/3] time 0.168 (0.259) data 0.000 (0.091) loss 0.1841 (0.1717) acc 100.0000 (97.9167) data_term 0.1829 (0.1705) raw_kl_rep 41.7308 (40.2725) raw_kl_proj_rep 0.0000 (0.0000) kl_rep_term 0.0013 (0.0012) kl_proj_rep_term 0.0000 (0.0000) kl_term 0.0013 (0.0012) kl_normalizer 3.0000 (3.0000) kl_beta 0.0909 (0.0909) lr 9.2216e-04 eta 0:00:31
epoch [11/50] batch [1/3] time 0.436 (0.436) data 0.268 (0.268) loss 0.1218 (0.1218) acc 100.0000 (100.0000) data_term 0.1201 (0.1201) raw_kl_rep 43.0793 (43.0793) raw_kl_proj_rep 0.0000 (0.0000) kl_rep_term 0.0016 (0.0016) kl_proj_rep_term 0.0000 (0.0000) kl_term 0.0016 (0.0016) kl_normalizer 3.0000 (3.0000) kl_beta 0.1136 (0.1136) lr 9.2216e-04 eta 0:00:51
epoch [11/50] batch [2/3] time 0.167 (0.301) data 0.000 (0.134) loss 0.1950 (0.1584) acc 96.8750 (98.4375) data_term 0.1933 (0.1567) raw_kl_rep 44.5040 (43.7917) raw_kl_proj_rep 0.0000 (0.0000) kl_rep_term 0.0017 (0.0017) kl_proj_rep_term 0.0000 (0.0000) kl_term 0.0017 (0.0017) kl_normalizer 3.0000 (3.0000) kl_beta 0.1136 (0.1136) lr 9.2216e-04 eta 0:00:35
epoch [11/50] batch [3/3] time 0.168 (0.257) data 0.000 (0.089) loss 0.1314 (0.1494) acc 100.0000 (98.9583) data_term 0.1297 (0.1477) raw_kl_rep 45.7614 (44.4482) raw_kl_proj_rep 0.0000 (0.0000) kl_rep_term 0.0017 (0.0017) kl_proj_rep_term 0.0000 (0.0000) kl_term 0.0017 (0.0017) kl_normalizer 3.0000 (3.0000) kl_beta 0.1136 (0.1136) lr 9.0451e-04 eta 0:00:30
epoch [12/50] batch [1/3] time 0.421 (0.421) data 0.252 (0.252) loss 0.0929 (0.0929) acc 100.0000 (100.0000) data_term 0.0908 (0.0908) raw_kl_rep 46.9835 (46.9835) raw_kl_proj_rep 0.0000 (0.0000) kl_rep_term 0.0021 (0.0021) kl_proj_rep_term 0.0000 (0.0000) kl_term 0.0021 (0.0021) kl_normalizer 3.0000 (3.0000) kl_beta 0.1364 (0.1364) lr 9.0451e-04 eta 0:00:48
epoch [12/50] batch [2/3] time 0.167 (0.294) data 0.000 (0.126) loss 0.1196 (0.1063) acc 100.0000 (100.0000) data_term 0.1174 (0.1041) raw_kl_rep 48.1509 (47.5672) raw_kl_proj_rep 0.0000 (0.0000) kl_rep_term 0.0022 (0.0022) kl_proj_rep_term 0.0000 (0.0000) kl_term 0.0022 (0.0022) kl_normalizer 3.0000 (3.0000) kl_beta 0.1364 (0.1364) lr 9.0451e-04 eta 0:00:33
epoch [12/50] batch [3/3] time 0.167 (0.252) data 0.000 (0.084) loss 0.0831 (0.0985) acc 100.0000 (100.0000) data_term 0.0808 (0.0963) raw_kl_rep 49.2657 (48.1334) raw_kl_proj_rep 0.0000 (0.0000) kl_rep_term 0.0022 (0.0022) kl_proj_rep_term 0.0000 (0.0000) kl_term 0.0022 (0.0022) kl_normalizer 3.0000 (3.0000) kl_beta 0.1364 (0.1364) lr 8.8526e-04 eta 0:00:28
epoch [13/50] batch [1/3] time 0.446 (0.446) data 0.275 (0.275) loss 0.1119 (0.1119) acc 100.0000 (100.0000) data_term 0.1092 (0.1092) raw_kl_rep 50.3358 (50.3358) raw_kl_proj_rep 0.0000 (0.0000) kl_rep_term 0.0027 (0.0027) kl_proj_rep_term 0.0000 (0.0000) kl_term 0.0027 (0.0027) kl_normalizer 3.0000 (3.0000) kl_beta 0.1591 (0.1591) lr 8.8526e-04 eta 0:00:50
epoch [13/50] batch [2/3] time 0.168 (0.307) data 0.000 (0.138) loss 0.1632 (0.1375) acc 100.0000 (100.0000) data_term 0.1605 (0.1348) raw_kl_rep 51.3609 (50.8484) raw_kl_proj_rep 0.0000 (0.0000) kl_rep_term 0.0027 (0.0027) kl_proj_rep_term 0.0000 (0.0000) kl_term 0.0027 (0.0027) kl_normalizer 3.0000 (3.0000) kl_beta 0.1591 (0.1591) lr 8.8526e-04 eta 0:00:34
epoch [13/50] batch [3/3] time 0.168 (0.261) data 0.000 (0.092) loss 0.0846 (0.1199) acc 100.0000 (100.0000) data_term 0.0818 (0.1172) raw_kl_rep 52.3949 (51.3639) raw_kl_proj_rep 0.0000 (0.0000) kl_rep_term 0.0028 (0.0027) kl_proj_rep_term 0.0000 (0.0000) kl_term 0.0028 (0.0027) kl_normalizer 3.0000 (3.0000) kl_beta 0.1591 (0.1591) lr 8.6448e-04 eta 0:00:28
epoch [14/50] batch [1/3] time 0.431 (0.431) data 0.262 (0.262) loss 0.0806 (0.0806) acc 100.0000 (100.0000) data_term 0.0773 (0.0773) raw_kl_rep 53.4250 (53.4250) raw_kl_proj_rep 0.0000 (0.0000) kl_rep_term 0.0032 (0.0032) kl_proj_rep_term 0.0000 (0.0000) kl_term 0.0032 (0.0032) kl_normalizer 3.0000 (3.0000) kl_beta 0.1818 (0.1818) lr 8.6448e-04 eta 0:00:47
epoch [14/50] batch [2/3] time 0.168 (0.299) data 0.000 (0.131) loss 0.0586 (0.0696) acc 100.0000 (100.0000) data_term 0.0553 (0.0663) raw_kl_rep 54.3829 (53.9040) raw_kl_proj_rep 0.0000 (0.0000) kl_rep_term 0.0033 (0.0033) kl_proj_rep_term 0.0000 (0.0000) kl_term 0.0033 (0.0033) kl_normalizer 3.0000 (3.0000) kl_beta 0.1818 (0.1818) lr 8.6448e-04 eta 0:00:32
epoch [14/50] batch [3/3] time 0.167 (0.255) data 0.000 (0.087) loss 0.0925 (0.0772) acc 100.0000 (100.0000) data_term 0.0891 (0.0739) raw_kl_rep 55.2677 (54.3585) raw_kl_proj_rep 0.0000 (0.0000) kl_rep_term 0.0033 (0.0033) kl_proj_rep_term 0.0000 (0.0000) kl_term 0.0033 (0.0033) kl_normalizer 3.0000 (3.0000) kl_beta 0.1818 (0.1818) lr 8.4227e-04 eta 0:00:27
epoch [15/50] batch [1/3] time 0.439 (0.439) data 0.267 (0.267) loss 0.0992 (0.0992) acc 100.0000 (100.0000) data_term 0.0953 (0.0953) raw_kl_rep 56.1495 (56.1495) raw_kl_proj_rep 0.0000 (0.0000) kl_rep_term 0.0038 (0.0038) kl_proj_rep_term 0.0000 (0.0000) kl_term 0.0038 (0.0038) kl_normalizer 3.0000 (3.0000) kl_beta 0.2045 (0.2045) lr 8.4227e-04 eta 0:00:46
epoch [15/50] batch [2/3] time 0.168 (0.303) data 0.000 (0.134) loss 0.0915 (0.0953) acc 100.0000 (100.0000) data_term 0.0876 (0.0915) raw_kl_rep 57.0542 (56.6019) raw_kl_proj_rep 0.0000 (0.0000) kl_rep_term 0.0039 (0.0039) kl_proj_rep_term 0.0000 (0.0000) kl_term 0.0039 (0.0039) kl_normalizer 3.0000 (3.0000) kl_beta 0.2045 (0.2045) lr 8.4227e-04 eta 0:00:32
epoch [15/50] batch [3/3] time 0.169 (0.258) data 0.000 (0.089) loss 0.0869 (0.0925) acc 100.0000 (100.0000) data_term 0.0829 (0.0886) raw_kl_rep 57.9770 (57.0602) raw_kl_proj_rep 0.0000 (0.0000) kl_rep_term 0.0040 (0.0039) kl_proj_rep_term 0.0000 (0.0000) kl_term 0.0040 (0.0039) kl_normalizer 3.0000 (3.0000) kl_beta 0.2045 (0.2045) lr 8.1871e-04 eta 0:00:27
epoch [16/50] batch [1/3] time 0.446 (0.446) data 0.276 (0.276) loss 0.0781 (0.0781) acc 100.0000 (100.0000) data_term 0.0736 (0.0736) raw_kl_rep 58.8148 (58.8148) raw_kl_proj_rep 0.0000 (0.0000) kl_rep_term 0.0045 (0.0045) kl_proj_rep_term 0.0000 (0.0000) kl_term 0.0045 (0.0045) kl_normalizer 3.0000 (3.0000) kl_beta 0.2273 (0.2273) lr 8.1871e-04 eta 0:00:46
epoch [16/50] batch [2/3] time 0.167 (0.307) data 0.000 (0.138) loss 0.1663 (0.1222) acc 96.8750 (98.4375) data_term 0.1618 (0.1177) raw_kl_rep 59.5507 (59.1828) raw_kl_proj_rep 0.0000 (0.0000) kl_rep_term 0.0045 (0.0045) kl_proj_rep_term 0.0000 (0.0000) kl_term 0.0045 (0.0045) kl_normalizer 3.0000 (3.0000) kl_beta 0.2273 (0.2273) lr 8.1871e-04 eta 0:00:31
epoch [16/50] batch [3/3] time 0.167 (0.260) data 0.000 (0.092) loss 0.0890 (0.1111) acc 100.0000 (98.9583) data_term 0.0844 (0.1066) raw_kl_rep 60.2306 (59.5321) raw_kl_proj_rep 0.0000 (0.0000) kl_rep_term 0.0046 (0.0045) kl_proj_rep_term 0.0000 (0.0000) kl_term 0.0046 (0.0045) kl_normalizer 3.0000 (3.0000) kl_beta 0.2273 (0.2273) lr 7.9389e-04 eta 0:00:26
epoch [17/50] batch [1/3] time 0.433 (0.433) data 0.259 (0.259) loss 0.1093 (0.1093) acc 100.0000 (100.0000) data_term 0.1043 (0.1043) raw_kl_rep 60.8349 (60.8349) raw_kl_proj_rep 0.0000 (0.0000) kl_rep_term 0.0051 (0.0051) kl_proj_rep_term 0.0000 (0.0000) kl_term 0.0051 (0.0051) kl_normalizer 3.0000 (3.0000) kl_beta 0.2500 (0.2500) lr 7.9389e-04 eta 0:00:43
epoch [17/50] batch [2/3] time 0.168 (0.301) data 0.000 (0.130) loss 0.0762 (0.0928) acc 100.0000 (100.0000) data_term 0.0711 (0.0877) raw_kl_rep 61.3981 (61.1165) raw_kl_proj_rep 0.0000 (0.0000) kl_rep_term 0.0051 (0.0051) kl_proj_rep_term 0.0000 (0.0000) kl_term 0.0051 (0.0051) kl_normalizer 3.0000 (3.0000) kl_beta 0.2500 (0.2500) lr 7.9389e-04 eta 0:00:30
epoch [17/50] batch [3/3] time 0.169 (0.257) data 0.000 (0.087) loss 0.0965 (0.0940) acc 100.0000 (100.0000) data_term 0.0914 (0.0889) raw_kl_rep 61.9447 (61.3926) raw_kl_proj_rep 0.0000 (0.0000) kl_rep_term 0.0052 (0.0051) kl_proj_rep_term 0.0000 (0.0000) kl_term 0.0052 (0.0051) kl_normalizer 3.0000 (3.0000) kl_beta 0.2500 (0.2500) lr 7.6791e-04 eta 0:00:25
epoch [18/50] batch [1/3] time 0.464 (0.464) data 0.294 (0.294) loss 0.0976 (0.0976) acc 100.0000 (100.0000) data_term 0.0919 (0.0919) raw_kl_rep 62.3918 (62.3918) raw_kl_proj_rep 0.0000 (0.0000) kl_rep_term 0.0057 (0.0057) kl_proj_rep_term 0.0000 (0.0000) kl_term 0.0057 (0.0057) kl_normalizer 3.0000 (3.0000) kl_beta 0.2727 (0.2727) lr 7.6791e-04 eta 0:00:45
epoch [18/50] batch [2/3] time 0.167 (0.316) data 0.000 (0.147) loss 0.0630 (0.0803) acc 100.0000 (100.0000) data_term 0.0573 (0.0746) raw_kl_rep 62.7389 (62.5653) raw_kl_proj_rep 0.0000 (0.0000) kl_rep_term 0.0057 (0.0057) kl_proj_rep_term 0.0000 (0.0000) kl_term 0.0057 (0.0057) kl_normalizer 3.0000 (3.0000) kl_beta 0.2727 (0.2727) lr 7.6791e-04 eta 0:00:30
epoch [18/50] batch [3/3] time 0.167 (0.266) data 0.000 (0.098) loss 0.1171 (0.0926) acc 100.0000 (100.0000) data_term 0.1114 (0.0869) raw_kl_rep 63.0531 (62.7279) raw_kl_proj_rep 0.0000 (0.0000) kl_rep_term 0.0057 (0.0057) kl_proj_rep_term 0.0000 (0.0000) kl_term 0.0057 (0.0057) kl_normalizer 3.0000 (3.0000) kl_beta 0.2727 (0.2727) lr 7.4088e-04 eta 0:00:25
epoch [19/50] batch [1/3] time 0.438 (0.438) data 0.268 (0.268) loss 0.0824 (0.0824) acc 100.0000 (100.0000) data_term 0.0762 (0.0762) raw_kl_rep 63.3408 (63.3408) raw_kl_proj_rep 0.0000 (0.0000) kl_rep_term 0.0062 (0.0062) kl_proj_rep_term 0.0000 (0.0000) kl_term 0.0062 (0.0062) kl_normalizer 3.0000 (3.0000) kl_beta 0.2955 (0.2955) lr 7.4088e-04 eta 0:00:41
epoch [19/50] batch [2/3] time 0.167 (0.303) data 0.000 (0.134) loss 0.0584 (0.0704) acc 100.0000 (100.0000) data_term 0.0522 (0.0642) raw_kl_rep 63.5976 (63.4692) raw_kl_proj_rep 0.0000 (0.0000) kl_rep_term 0.0063 (0.0063) kl_proj_rep_term 0.0000 (0.0000) kl_term 0.0063 (0.0063) kl_normalizer 3.0000 (3.0000) kl_beta 0.2955 (0.2955) lr 7.4088e-04 eta 0:00:28
epoch [19/50] batch [3/3] time 0.168 (0.258) data 0.000 (0.089) loss 0.0656 (0.0688) acc 100.0000 (100.0000) data_term 0.0593 (0.0626) raw_kl_rep 63.8497 (63.5960) raw_kl_proj_rep 0.0000 (0.0000) kl_rep_term 0.0063 (0.0063) kl_proj_rep_term 0.0000 (0.0000) kl_term 0.0063 (0.0063) kl_normalizer 3.0000 (3.0000) kl_beta 0.2955 (0.2955) lr 7.1289e-04 eta 0:00:23
epoch [20/50] batch [1/3] time 0.447 (0.447) data 0.275 (0.275) loss 0.0537 (0.0537) acc 100.0000 (100.0000) data_term 0.0469 (0.0469) raw_kl_rep 64.1141 (64.1141) raw_kl_proj_rep 0.0000 (0.0000) kl_rep_term 0.0068 (0.0068) kl_proj_rep_term 0.0000 (0.0000) kl_term 0.0068 (0.0068) kl_normalizer 3.0000 (3.0000) kl_beta 0.3182 (0.3182) lr 7.1289e-04 eta 0:00:41
epoch [20/50] batch [2/3] time 0.168 (0.308) data 0.000 (0.137) loss 0.0567 (0.0552) acc 100.0000 (100.0000) data_term 0.0499 (0.0484) raw_kl_rep 64.3659 (64.2400) raw_kl_proj_rep 0.0000 (0.0000) kl_rep_term 0.0068 (0.0068) kl_proj_rep_term 0.0000 (0.0000) kl_term 0.0068 (0.0068) kl_normalizer 3.0000 (3.0000) kl_beta 0.3182 (0.3182) lr 7.1289e-04 eta 0:00:27
epoch [20/50] batch [3/3] time 0.168 (0.261) data 0.000 (0.092) loss 0.0672 (0.0592) acc 100.0000 (100.0000) data_term 0.0603 (0.0524) raw_kl_rep 64.5811 (64.3537) raw_kl_proj_rep 0.0000 (0.0000) kl_rep_term 0.0068 (0.0068) kl_proj_rep_term 0.0000 (0.0000) kl_term 0.0068 (0.0068) kl_normalizer 3.0000 (3.0000) kl_beta 0.3182 (0.3182) lr 6.8406e-04 eta 0:00:23
epoch [21/50] batch [1/3] time 0.447 (0.447) data 0.273 (0.273) loss 0.1484 (0.1484) acc 100.0000 (100.0000) data_term 0.1410 (0.1410) raw_kl_rep 64.7535 (64.7535) raw_kl_proj_rep 0.0000 (0.0000) kl_rep_term 0.0074 (0.0074) kl_proj_rep_term 0.0000 (0.0000) kl_term 0.0074 (0.0074) kl_normalizer 3.0000 (3.0000) kl_beta 0.3409 (0.3409) lr 6.8406e-04 eta 0:00:39
epoch [21/50] batch [2/3] time 0.168 (0.308) data 0.000 (0.137) loss 0.0512 (0.0998) acc 100.0000 (100.0000) data_term 0.0438 (0.0924) raw_kl_rep 64.8422 (64.7979) raw_kl_proj_rep 0.0000 (0.0000) kl_rep_term 0.0074 (0.0074) kl_proj_rep_term 0.0000 (0.0000) kl_term 0.0074 (0.0074) kl_normalizer 3.0000 (3.0000) kl_beta 0.3409 (0.3409) lr 6.8406e-04 eta 0:00:27
epoch [21/50] batch [3/3] time 0.168 (0.261) data 0.000 (0.091) loss 0.0847 (0.0948) acc 100.0000 (100.0000) data_term 0.0774 (0.0874) raw_kl_rep 64.9082 (64.8347) raw_kl_proj_rep 0.0000 (0.0000) kl_rep_term 0.0074 (0.0074) kl_proj_rep_term 0.0000 (0.0000) kl_term 0.0074 (0.0074) kl_normalizer 3.0000 (3.0000) kl_beta 0.3409 (0.3409) lr 6.5451e-04 eta 0:00:22
epoch [22/50] batch [1/3] time 0.425 (0.425) data 0.255 (0.255) loss 0.0658 (0.0658) acc 100.0000 (100.0000) data_term 0.0579 (0.0579) raw_kl_rep 64.9557 (64.9557) raw_kl_proj_rep 0.0000 (0.0000) kl_rep_term 0.0079 (0.0079) kl_proj_rep_term 0.0000 (0.0000) kl_term 0.0079 (0.0079) kl_normalizer 3.0000 (3.0000) kl_beta 0.3636 (0.3636) lr 6.5451e-04 eta 0:00:36
epoch [22/50] batch [2/3] time 0.168 (0.297) data 0.000 (0.128) loss 0.0691 (0.0675) acc 100.0000 (100.0000) data_term 0.0612 (0.0596) raw_kl_rep 64.9976 (64.9766) raw_kl_proj_rep 0.0000 (0.0000) kl_rep_term 0.0079 (0.0079) kl_proj_rep_term 0.0000 (0.0000) kl_term 0.0079 (0.0079) kl_normalizer 3.0000 (3.0000) kl_beta 0.3636 (0.3636) lr 6.5451e-04 eta 0:00:25
epoch [22/50] batch [3/3] time 0.167 (0.254) data 0.000 (0.085) loss 0.0808 (0.0719) acc 100.0000 (100.0000) data_term 0.0729 (0.0640) raw_kl_rep 65.0502 (65.0012) raw_kl_proj_rep 0.0000 (0.0000) kl_rep_term 0.0079 (0.0079) kl_proj_rep_term 0.0000 (0.0000) kl_term 0.0079 (0.0079) kl_normalizer 3.0000 (3.0000) kl_beta 0.3636 (0.3636) lr 6.2434e-04 eta 0:00:21
epoch [23/50] batch [1/3] time 0.427 (0.427) data 0.256 (0.256) loss 0.0440 (0.0440) acc 100.0000 (100.0000) data_term 0.0356 (0.0356) raw_kl_rep 65.1213 (65.1213) raw_kl_proj_rep 0.0000 (0.0000) kl_rep_term 0.0084 (0.0084) kl_proj_rep_term 0.0000 (0.0000) kl_term 0.0084 (0.0084) kl_normalizer 3.0000 (3.0000) kl_beta 0.3864 (0.3864) lr 6.2434e-04 eta 0:00:35
epoch [23/50] batch [2/3] time 0.170 (0.298) data 0.000 (0.128) loss 0.0551 (0.0495) acc 100.0000 (100.0000) data_term 0.0467 (0.0412) raw_kl_rep 65.1592 (65.1403) raw_kl_proj_rep 0.0000 (0.0000) kl_rep_term 0.0084 (0.0084) kl_proj_rep_term 0.0000 (0.0000) kl_term 0.0084 (0.0084) kl_normalizer 3.0000 (3.0000) kl_beta 0.3864 (0.3864) lr 6.2434e-04 eta 0:00:24
epoch [23/50] batch [3/3] time 0.167 (0.255) data 0.000 (0.085) loss 0.0715 (0.0569) acc 100.0000 (100.0000) data_term 0.0631 (0.0485) raw_kl_rep 65.1824 (65.1543) raw_kl_proj_rep 0.0000 (0.0000) kl_rep_term 0.0084 (0.0084) kl_proj_rep_term 0.0000 (0.0000) kl_term 0.0084 (0.0084) kl_normalizer 3.0000 (3.0000) kl_beta 0.3864 (0.3864) lr 5.9369e-04 eta 0:00:20
epoch [24/50] batch [1/3] time 0.437 (0.437) data 0.266 (0.266) loss 0.0797 (0.0797) acc 100.0000 (100.0000) data_term 0.0708 (0.0708) raw_kl_rep 65.2311 (65.2311) raw_kl_proj_rep 0.0000 (0.0000) kl_rep_term 0.0089 (0.0089) kl_proj_rep_term 0.0000 (0.0000) kl_term 0.0089 (0.0089) kl_normalizer 3.0000 (3.0000) kl_beta 0.4091 (0.4091) lr 5.9369e-04 eta 0:00:34
epoch [24/50] batch [2/3] time 0.168 (0.302) data 0.000 (0.133) loss 0.0549 (0.0673) acc 100.0000 (100.0000) data_term 0.0460 (0.0584) raw_kl_rep 65.3029 (65.2670) raw_kl_proj_rep 0.0000 (0.0000) kl_rep_term 0.0089 (0.0089) kl_proj_rep_term 0.0000 (0.0000) kl_term 0.0089 (0.0089) kl_normalizer 3.0000 (3.0000) kl_beta 0.4091 (0.4091) lr 5.9369e-04 eta 0:00:23
epoch [24/50] batch [3/3] time 0.172 (0.259) data 0.000 (0.089) loss 0.0636 (0.0661) acc 100.0000 (100.0000) data_term 0.0547 (0.0572) raw_kl_rep 65.3419 (65.2920) raw_kl_proj_rep 0.0000 (0.0000) kl_rep_term 0.0089 (0.0089) kl_proj_rep_term 0.0000 (0.0000) kl_term 0.0089 (0.0089) kl_normalizer 3.0000 (3.0000) kl_beta 0.4091 (0.4091) lr 5.6267e-04 eta 0:00:20
epoch [25/50] batch [1/3] time 0.447 (0.447) data 0.276 (0.276) loss 0.0580 (0.0580) acc 100.0000 (100.0000) data_term 0.0486 (0.0486) raw_kl_rep 65.3745 (65.3745) raw_kl_proj_rep 0.0000 (0.0000) kl_rep_term 0.0094 (0.0094) kl_proj_rep_term 0.0000 (0.0000) kl_term 0.0094 (0.0094) kl_normalizer 3.0000 (3.0000) kl_beta 0.4318 (0.4318) lr 5.6267e-04 eta 0:00:34
epoch [25/50] batch [2/3] time 0.168 (0.308) data 0.000 (0.138) loss 0.0651 (0.0615) acc 100.0000 (100.0000) data_term 0.0556 (0.0521) raw_kl_rep 65.3885 (65.3815) raw_kl_proj_rep 0.0000 (0.0000) kl_rep_term 0.0094 (0.0094) kl_proj_rep_term 0.0000 (0.0000) kl_term 0.0094 (0.0094) kl_normalizer 3.0000 (3.0000) kl_beta 0.4318 (0.4318) lr 5.6267e-04 eta 0:00:23
epoch [25/50] batch [3/3] time 0.168 (0.261) data 0.000 (0.092) loss 0.0617 (0.0616) acc 100.0000 (100.0000) data_term 0.0522 (0.0522) raw_kl_rep 65.3953 (65.3861) raw_kl_proj_rep 0.0000 (0.0000) kl_rep_term 0.0094 (0.0094) kl_proj_rep_term 0.0000 (0.0000) kl_term 0.0094 (0.0094) kl_normalizer 3.0000 (3.0000) kl_beta 0.4318 (0.4318) lr 5.3140e-04 eta 0:00:19
epoch [26/50] batch [1/3] time 0.445 (0.445) data 0.272 (0.272) loss 0.0781 (0.0781) acc 100.0000 (100.0000) data_term 0.0682 (0.0682) raw_kl_rep 65.4026 (65.4026) raw_kl_proj_rep 0.0000 (0.0000) kl_rep_term 0.0099 (0.0099) kl_proj_rep_term 0.0000 (0.0000) kl_term 0.0099 (0.0099) kl_normalizer 3.0000 (3.0000) kl_beta 0.4545 (0.4545) lr 5.3140e-04 eta 0:00:32
epoch [26/50] batch [2/3] time 0.168 (0.307) data 0.000 (0.136) loss 0.0834 (0.0808) acc 100.0000 (100.0000) data_term 0.0735 (0.0709) raw_kl_rep 65.4125 (65.4076) raw_kl_proj_rep 0.0000 (0.0000) kl_rep_term 0.0099 (0.0099) kl_proj_rep_term 0.0000 (0.0000) kl_term 0.0099 (0.0099) kl_normalizer 3.0000 (3.0000) kl_beta 0.4545 (0.4545) lr 5.3140e-04 eta 0:00:22
epoch [26/50] batch [3/3] time 0.169 (0.261) data 0.000 (0.091) loss 0.0566 (0.0727) acc 100.0000 (100.0000) data_term 0.0467 (0.0628) raw_kl_rep 65.4027 (65.4060) raw_kl_proj_rep 0.0000 (0.0000) kl_rep_term 0.0099 (0.0099) kl_proj_rep_term 0.0000 (0.0000) kl_term 0.0099 (0.0099) kl_normalizer 3.0000 (3.0000) kl_beta 0.4545 (0.4545) lr 5.0000e-04 eta 0:00:18
epoch [27/50] batch [1/3] time 0.449 (0.449) data 0.278 (0.278) loss 0.0594 (0.0594) acc 100.0000 (100.0000) data_term 0.0490 (0.0490) raw_kl_rep 65.3911 (65.3911) raw_kl_proj_rep 0.0000 (0.0000) kl_rep_term 0.0104 (0.0104) kl_proj_rep_term 0.0000 (0.0000) kl_term 0.0104 (0.0104) kl_normalizer 3.0000 (3.0000) kl_beta 0.4773 (0.4773) lr 5.0000e-04 eta 0:00:31
epoch [27/50] batch [2/3] time 0.171 (0.310) data 0.000 (0.139) loss 0.0958 (0.0776) acc 100.0000 (100.0000) data_term 0.0854 (0.0672) raw_kl_rep 65.3847 (65.3879) raw_kl_proj_rep 0.0000 (0.0000) kl_rep_term 0.0104 (0.0104) kl_proj_rep_term 0.0000 (0.0000) kl_term 0.0104 (0.0104) kl_normalizer 3.0000 (3.0000) kl_beta 0.4773 (0.4773) lr 5.0000e-04 eta 0:00:21
epoch [27/50] batch [3/3] time 0.168 (0.262) data 0.000 (0.093) loss 0.0573 (0.0708) acc 100.0000 (100.0000) data_term 0.0469 (0.0604) raw_kl_rep 65.3532 (65.3763) raw_kl_proj_rep 0.0000 (0.0000) kl_rep_term 0.0104 (0.0104) kl_proj_rep_term 0.0000 (0.0000) kl_term 0.0104 (0.0104) kl_normalizer 3.0000 (3.0000) kl_beta 0.4773 (0.4773) lr 4.6860e-04 eta 0:00:18
epoch [28/50] batch [1/3] time 0.442 (0.442) data 0.271 (0.271) loss 0.0580 (0.0580) acc 100.0000 (100.0000) data_term 0.0471 (0.0471) raw_kl_rep 65.2970 (65.2970) raw_kl_proj_rep 0.0000 (0.0000) kl_rep_term 0.0109 (0.0109) kl_proj_rep_term 0.0000 (0.0000) kl_term 0.0109 (0.0109) kl_normalizer 3.0000 (3.0000) kl_beta 0.5000 (0.5000) lr 4.6860e-04 eta 0:00:30
epoch [28/50] batch [2/3] time 0.168 (0.305) data 0.000 (0.136) loss 0.0570 (0.0575) acc 100.0000 (100.0000) data_term 0.0461 (0.0466) raw_kl_rep 65.2693 (65.2832) raw_kl_proj_rep 0.0000 (0.0000) kl_rep_term 0.0109 (0.0109) kl_proj_rep_term 0.0000 (0.0000) kl_term 0.0109 (0.0109) kl_normalizer 3.0000 (3.0000) kl_beta 0.5000 (0.5000) lr 4.6860e-04 eta 0:00:20
epoch [28/50] batch [3/3] time 0.168 (0.259) data 0.000 (0.090) loss 0.0966 (0.0705) acc 100.0000 (100.0000) data_term 0.0857 (0.0597) raw_kl_rep 65.2189 (65.2617) raw_kl_proj_rep 0.0000 (0.0000) kl_rep_term 0.0109 (0.0109) kl_proj_rep_term 0.0000 (0.0000) kl_term 0.0109 (0.0109) kl_normalizer 3.0000 (3.0000) kl_beta 0.5000 (0.5000) lr 4.3733e-04 eta 0:00:17
epoch [29/50] batch [1/3] time 0.422 (0.422) data 0.253 (0.253) loss 0.0643 (0.0643) acc 100.0000 (100.0000) data_term 0.0529 (0.0529) raw_kl_rep 65.1355 (65.1355) raw_kl_proj_rep 0.0000 (0.0000) kl_rep_term 0.0113 (0.0113) kl_proj_rep_term 0.0000 (0.0000) kl_term 0.0113 (0.0113) kl_normalizer 3.0000 (3.0000) kl_beta 0.5227 (0.5227) lr 4.3733e-04 eta 0:00:27
epoch [29/50] batch [2/3] time 0.167 (0.295) data 0.000 (0.127) loss 0.0690 (0.0667) acc 100.0000 (100.0000) data_term 0.0577 (0.0553) raw_kl_rep 65.0330 (65.0843) raw_kl_proj_rep 0.0000 (0.0000) kl_rep_term 0.0113 (0.0113) kl_proj_rep_term 0.0000 (0.0000) kl_term 0.0113 (0.0113) kl_normalizer 3.0000 (3.0000) kl_beta 0.5227 (0.5227) lr 4.3733e-04 eta 0:00:18
epoch [29/50] batch [3/3] time 0.168 (0.253) data 0.000 (0.084) loss 0.0986 (0.0773) acc 100.0000 (100.0000) data_term 0.0872 (0.0660) raw_kl_rep 64.9849 (65.0511) raw_kl_proj_rep 0.0000 (0.0000) kl_rep_term 0.0113 (0.0113) kl_proj_rep_term 0.0000 (0.0000) kl_term 0.0113 (0.0113) kl_normalizer 3.0000 (3.0000) kl_beta 0.5227 (0.5227) lr 4.0631e-04 eta 0:00:15
epoch [30/50] batch [1/3] time 0.441 (0.441) data 0.271 (0.271) loss 0.0561 (0.0561) acc 100.0000 (100.0000) data_term 0.0443 (0.0443) raw_kl_rep 64.9540 (64.9540) raw_kl_proj_rep 0.0000 (0.0000) kl_rep_term 0.0118 (0.0118) kl_proj_rep_term 0.0000 (0.0000) kl_term 0.0118 (0.0118) kl_normalizer 3.0000 (3.0000) kl_beta 0.5455 (0.5455) lr 4.0631e-04 eta 0:00:27
epoch [30/50] batch [2/3] time 0.168 (0.305) data 0.000 (0.135) loss 0.0604 (0.0582) acc 100.0000 (100.0000) data_term 0.0486 (0.0464) raw_kl_rep 64.9007 (64.9274) raw_kl_proj_rep 0.0000 (0.0000) kl_rep_term 0.0118 (0.0118) kl_proj_rep_term 0.0000 (0.0000) kl_term 0.0118 (0.0118) kl_normalizer 3.0000 (3.0000) kl_beta 0.5455 (0.5455) lr 4.0631e-04 eta 0:00:18
epoch [30/50] batch [3/3] time 0.168 (0.259) data 0.000 (0.090) loss 0.0740 (0.0635) acc 100.0000 (100.0000) data_term 0.0622 (0.0517) raw_kl_rep 64.8486 (64.9011) raw_kl_proj_rep 0.0000 (0.0000) kl_rep_term 0.0118 (0.0118) kl_proj_rep_term 0.0000 (0.0000) kl_term 0.0118 (0.0118) kl_normalizer 3.0000 (3.0000) kl_beta 0.5455 (0.5455) lr 3.7566e-04 eta 0:00:15
epoch [31/50] batch [1/3] time 0.428 (0.428) data 0.257 (0.257) loss 0.0536 (0.0536) acc 100.0000 (100.0000) data_term 0.0414 (0.0414) raw_kl_rep 64.7870 (64.7870) raw_kl_proj_rep 0.0000 (0.0000) kl_rep_term 0.0123 (0.0123) kl_proj_rep_term 0.0000 (0.0000) kl_term 0.0123 (0.0123) kl_normalizer 3.0000 (3.0000) kl_beta 0.5682 (0.5682) lr 3.7566e-04 eta 0:00:25
epoch [31/50] batch [2/3] time 0.169 (0.298) data 0.000 (0.129) loss 0.1119 (0.0828) acc 100.0000 (100.0000) data_term 0.0997 (0.0705) raw_kl_rep 64.7116 (64.7493) raw_kl_proj_rep 0.0000 (0.0000) kl_rep_term 0.0123 (0.0123) kl_proj_rep_term 0.0000 (0.0000) kl_term 0.0123 (0.0123) kl_normalizer 3.0000 (3.0000) kl_beta 0.5682 (0.5682) lr 3.7566e-04 eta 0:00:17
epoch [31/50] batch [3/3] time 0.168 (0.255) data 0.000 (0.086) loss 0.0488 (0.0715) acc 100.0000 (100.0000) data_term 0.0366 (0.0592) raw_kl_rep 64.6778 (64.7255) raw_kl_proj_rep 0.0000 (0.0000) kl_rep_term 0.0122 (0.0123) kl_proj_rep_term 0.0000 (0.0000) kl_term 0.0122 (0.0123) kl_normalizer 3.0000 (3.0000) kl_beta 0.5682 (0.5682) lr 3.4549e-04 eta 0:00:14
epoch [32/50] batch [1/3] time 0.454 (0.454) data 0.284 (0.284) loss 0.0505 (0.0505) acc 100.0000 (100.0000) data_term 0.0377 (0.0377) raw_kl_rep 64.6071 (64.6071) raw_kl_proj_rep 0.0000 (0.0000) kl_rep_term 0.0127 (0.0127) kl_proj_rep_term 0.0000 (0.0000) kl_term 0.0127 (0.0127) kl_normalizer 3.0000 (3.0000) kl_beta 0.5909 (0.5909) lr 3.4549e-04 eta 0:00:25
epoch [32/50] batch [2/3] time 0.169 (0.311) data 0.000 (0.142) loss 0.0549 (0.0527) acc 100.0000 (100.0000) data_term 0.0422 (0.0400) raw_kl_rep 64.5149 (64.5610) raw_kl_proj_rep 0.0000 (0.0000) kl_rep_term 0.0127 (0.0127) kl_proj_rep_term 0.0000 (0.0000) kl_term 0.0127 (0.0127) kl_normalizer 3.0000 (3.0000) kl_beta 0.5909 (0.5909) lr 3.4549e-04 eta 0:00:17
epoch [32/50] batch [3/3] time 0.169 (0.264) data 0.000 (0.095) loss 0.1505 (0.0853) acc 96.8750 (98.9583) data_term 0.1378 (0.0726) raw_kl_rep 64.4167 (64.5129) raw_kl_proj_rep 0.0000 (0.0000) kl_rep_term 0.0127 (0.0127) kl_proj_rep_term 0.0000 (0.0000) kl_term 0.0127 (0.0127) kl_normalizer 3.0000 (3.0000) kl_beta 0.5909 (0.5909) lr 3.1594e-04 eta 0:00:14
epoch [33/50] batch [1/3] time 0.445 (0.445) data 0.274 (0.274) loss 0.0584 (0.0584) acc 100.0000 (100.0000) data_term 0.0453 (0.0453) raw_kl_rep 64.2532 (64.2532) raw_kl_proj_rep 0.0000 (0.0000) kl_rep_term 0.0131 (0.0131) kl_proj_rep_term 0.0000 (0.0000) kl_term 0.0131 (0.0131) kl_normalizer 3.0000 (3.0000) kl_beta 0.6136 (0.6136) lr 3.1594e-04 eta 0:00:23
epoch [33/50] batch [2/3] time 0.168 (0.307) data 0.000 (0.137) loss 0.0635 (0.0609) acc 100.0000 (100.0000) data_term 0.0504 (0.0478) raw_kl_rep 64.0970 (64.1751) raw_kl_proj_rep 0.0000 (0.0000) kl_rep_term 0.0131 (0.0131) kl_proj_rep_term 0.0000 (0.0000) kl_term 0.0131 (0.0131) kl_normalizer 3.0000 (3.0000) kl_beta 0.6136 (0.6136) lr 3.1594e-04 eta 0:00:15
epoch [33/50] batch [3/3] time 0.167 (0.260) data 0.000 (0.091) loss 0.0543 (0.0587) acc 100.0000 (100.0000) data_term 0.0412 (0.0456) raw_kl_rep 63.9417 (64.0973) raw_kl_proj_rep 0.0000 (0.0000) kl_rep_term 0.0131 (0.0131) kl_proj_rep_term 0.0000 (0.0000) kl_term 0.0131 (0.0131) kl_normalizer 3.0000 (3.0000) kl_beta 0.6136 (0.6136) lr 2.8711e-04 eta 0:00:13
epoch [34/50] batch [1/3] time 0.446 (0.446) data 0.275 (0.275) loss 0.0566 (0.0566) acc 100.0000 (100.0000) data_term 0.0430 (0.0430) raw_kl_rep 63.7680 (63.7680) raw_kl_proj_rep 0.0000 (0.0000) kl_rep_term 0.0135 (0.0135) kl_proj_rep_term 0.0000 (0.0000) kl_term 0.0135 (0.0135) kl_normalizer 3.0000 (3.0000) kl_beta 0.6364 (0.6364) lr 2.8711e-04 eta 0:00:22
epoch [34/50] batch [2/3] time 0.168 (0.307) data 0.000 (0.138) loss 0.0694 (0.0630) acc 100.0000 (100.0000) data_term 0.0559 (0.0495) raw_kl_rep 63.5969 (63.6825) raw_kl_proj_rep 0.0000 (0.0000) kl_rep_term 0.0135 (0.0135) kl_proj_rep_term 0.0000 (0.0000) kl_term 0.0135 (0.0135) kl_normalizer 3.0000 (3.0000) kl_beta 0.6364 (0.6364) lr 2.8711e-04 eta 0:00:15
epoch [34/50] batch [3/3] time 0.171 (0.262) data 0.000 (0.092) loss 0.0631 (0.0630) acc 100.0000 (100.0000) data_term 0.0497 (0.0495) raw_kl_rep 63.4435 (63.6028) raw_kl_proj_rep 0.0000 (0.0000) kl_rep_term 0.0135 (0.0135) kl_proj_rep_term 0.0000 (0.0000) kl_term 0.0135 (0.0135) kl_normalizer 3.0000 (3.0000) kl_beta 0.6364 (0.6364) lr 2.5912e-04 eta 0:00:12
epoch [35/50] batch [1/3] time 0.436 (0.436) data 0.267 (0.267) loss 0.0703 (0.0703) acc 100.0000 (100.0000) data_term 0.0564 (0.0564) raw_kl_rep 63.3041 (63.3041) raw_kl_proj_rep 0.0000 (0.0000) kl_rep_term 0.0139 (0.0139) kl_proj_rep_term 0.0000 (0.0000) kl_term 0.0139 (0.0139) kl_normalizer 3.0000 (3.0000) kl_beta 0.6591 (0.6591) lr 2.5912e-04 eta 0:00:20
epoch [35/50] batch [2/3] time 0.168 (0.302) data 0.000 (0.133) loss 0.0509 (0.0606) acc 100.0000 (100.0000) data_term 0.0370 (0.0467) raw_kl_rep 63.1887 (63.2464) raw_kl_proj_rep 0.0000 (0.0000) kl_rep_term 0.0139 (0.0139) kl_proj_rep_term 0.0000 (0.0000) kl_term 0.0139 (0.0139) kl_normalizer 3.0000 (3.0000) kl_beta 0.6591 (0.6591) lr 2.5912e-04 eta 0:00:13
epoch [35/50] batch [3/3] time 0.169 (0.258) data 0.000 (0.089) loss 0.0632 (0.0614) acc 100.0000 (100.0000) data_term 0.0493 (0.0476) raw_kl_rep 63.0544 (63.1824) raw_kl_proj_rep 0.0000 (0.0000) kl_rep_term 0.0139 (0.0139) kl_proj_rep_term 0.0000 (0.0000) kl_term 0.0139 (0.0139) kl_normalizer 3.0000 (3.0000) kl_beta 0.6591 (0.6591) lr 2.3209e-04 eta 0:00:11
epoch [36/50] batch [1/3] time 0.458 (0.458) data 0.289 (0.289) loss 0.0555 (0.0555) acc 100.0000 (100.0000) data_term 0.0412 (0.0412) raw_kl_rep 62.9084 (62.9084) raw_kl_proj_rep 0.0000 (0.0000) kl_rep_term 0.0143 (0.0143) kl_proj_rep_term 0.0000 (0.0000) kl_term 0.0143 (0.0143) kl_normalizer 3.0000 (3.0000) kl_beta 0.6818 (0.6818) lr 2.3209e-04 eta 0:00:20
epoch [36/50] batch [2/3] time 0.167 (0.313) data 0.000 (0.145) loss 0.0684 (0.0619) acc 100.0000 (100.0000) data_term 0.0541 (0.0477) raw_kl_rep 62.7650 (62.8367) raw_kl_proj_rep 0.0000 (0.0000) kl_rep_term 0.0143 (0.0143) kl_proj_rep_term 0.0000 (0.0000) kl_term 0.0143 (0.0143) kl_normalizer 3.0000 (3.0000) kl_beta 0.6818 (0.6818) lr 2.3209e-04 eta 0:00:13
epoch [36/50] batch [3/3] time 0.170 (0.265) data 0.000 (0.097) loss 0.0946 (0.0728) acc 100.0000 (100.0000) data_term 0.0804 (0.0586) raw_kl_rep 62.6272 (62.7669) raw_kl_proj_rep 0.0000 (0.0000) kl_rep_term 0.0142 (0.0143) kl_proj_rep_term 0.0000 (0.0000) kl_term 0.0142 (0.0143) kl_normalizer 3.0000 (3.0000) kl_beta 0.6818 (0.6818) lr 2.0611e-04 eta 0:00:11
epoch [37/50] batch [1/3] time 0.430 (0.430) data 0.262 (0.262) loss 0.0694 (0.0694) acc 100.0000 (100.0000) data_term 0.0548 (0.0548) raw_kl_rep 62.5065 (62.5065) raw_kl_proj_rep 0.0000 (0.0000) kl_rep_term 0.0147 (0.0147) kl_proj_rep_term 0.0000 (0.0000) kl_term 0.0147 (0.0147) kl_normalizer 3.0000 (3.0000) kl_beta 0.7045 (0.7045) lr 2.0611e-04 eta 0:00:17
epoch [37/50] batch [2/3] time 0.168 (0.299) data 0.000 (0.131) loss 0.0490 (0.0592) acc 100.0000 (100.0000) data_term 0.0344 (0.0446) raw_kl_rep 62.4031 (62.4548) raw_kl_proj_rep 0.0000 (0.0000) kl_rep_term 0.0147 (0.0147) kl_proj_rep_term 0.0000 (0.0000) kl_term 0.0147 (0.0147) kl_normalizer 3.0000 (3.0000) kl_beta 0.7045 (0.7045) lr 2.0611e-04 eta 0:00:11
epoch [37/50] batch [3/3] time 0.168 (0.256) data 0.000 (0.087) loss 0.0660 (0.0615) acc 100.0000 (100.0000) data_term 0.0514 (0.0469) raw_kl_rep 62.2908 (62.4001) raw_kl_proj_rep 0.0000 (0.0000) kl_rep_term 0.0146 (0.0147) kl_proj_rep_term 0.0000 (0.0000) kl_term 0.0146 (0.0147) kl_normalizer 3.0000 (3.0000) kl_beta 0.7045 (0.7045) lr 1.8129e-04 eta 0:00:09
epoch [38/50] batch [1/3] time 0.449 (0.449) data 0.280 (0.280) loss 0.0624 (0.0624) acc 100.0000 (100.0000) data_term 0.0474 (0.0474) raw_kl_rep 62.1718 (62.1718) raw_kl_proj_rep 0.0000 (0.0000) kl_rep_term 0.0151 (0.0151) kl_proj_rep_term 0.0000 (0.0000) kl_term 0.0151 (0.0151) kl_normalizer 3.0000 (3.0000) kl_beta 0.7273 (0.7273) lr 1.8129e-04 eta 0:00:17
epoch [38/50] batch [2/3] time 0.169 (0.309) data 0.000 (0.140) loss 0.0931 (0.0778) acc 100.0000 (100.0000) data_term 0.0781 (0.0627) raw_kl_rep 62.0697 (62.1208) raw_kl_proj_rep 0.0000 (0.0000) kl_rep_term 0.0150 (0.0151) kl_proj_rep_term 0.0000 (0.0000) kl_term 0.0150 (0.0151) kl_normalizer 3.0000 (3.0000) kl_beta 0.7273 (0.7273) lr 1.8129e-04 eta 0:00:11
epoch [38/50] batch [3/3] time 0.172 (0.263) data 0.000 (0.093) loss 0.0522 (0.0693) acc 100.0000 (100.0000) data_term 0.0372 (0.0542) raw_kl_rep 61.9641 (62.0685) raw_kl_proj_rep 0.0000 (0.0000) kl_rep_term 0.0150 (0.0150) kl_proj_rep_term 0.0000 (0.0000) kl_term 0.0150 (0.0150) kl_normalizer 3.0000 (3.0000) kl_beta 0.7273 (0.7273) lr 1.5773e-04 eta 0:00:09
epoch [39/50] batch [1/3] time 0.435 (0.435) data 0.263 (0.263) loss 0.0759 (0.0759) acc 100.0000 (100.0000) data_term 0.0604 (0.0604) raw_kl_rep 61.8503 (61.8503) raw_kl_proj_rep 0.0000 (0.0000) kl_rep_term 0.0155 (0.0155) kl_proj_rep_term 0.0000 (0.0000) kl_term 0.0155 (0.0155) kl_normalizer 3.0000 (3.0000) kl_beta 0.7500 (0.7500) lr 1.5773e-04 eta 0:00:15
epoch [39/50] batch [2/3] time 0.167 (0.301) data 0.000 (0.132) loss 0.0607 (0.0683) acc 100.0000 (100.0000) data_term 0.0453 (0.0528) raw_kl_rep 61.7511 (61.8007) raw_kl_proj_rep 0.0000 (0.0000) kl_rep_term 0.0154 (0.0155) kl_proj_rep_term 0.0000 (0.0000) kl_term 0.0154 (0.0155) kl_normalizer 3.0000 (3.0000) kl_beta 0.7500 (0.7500) lr 1.5773e-04 eta 0:00:10
epoch [39/50] batch [3/3] time 0.167 (0.257) data 0.000 (0.088) loss 0.0540 (0.0635) acc 100.0000 (100.0000) data_term 0.0386 (0.0481) raw_kl_rep 61.6398 (61.7471) raw_kl_proj_rep 0.0000 (0.0000) kl_rep_term 0.0154 (0.0154) kl_proj_rep_term 0.0000 (0.0000) kl_term 0.0154 (0.0154) kl_normalizer 3.0000 (3.0000) kl_beta 0.7500 (0.7500) lr 1.3552e-04 eta 0:00:08
epoch [40/50] batch [1/3] time 0.437 (0.437) data 0.267 (0.267) loss 0.0603 (0.0603) acc 100.0000 (100.0000) data_term 0.0445 (0.0445) raw_kl_rep 61.5242 (61.5242) raw_kl_proj_rep 0.0000 (0.0000) kl_rep_term 0.0158 (0.0158) kl_proj_rep_term 0.0000 (0.0000) kl_term 0.0158 (0.0158) kl_normalizer 3.0000 (3.0000) kl_beta 0.7727 (0.7727) lr 1.3552e-04 eta 0:00:13
epoch [40/50] batch [2/3] time 0.167 (0.302) data 0.000 (0.134) loss 0.0768 (0.0686) acc 100.0000 (100.0000) data_term 0.0610 (0.0527) raw_kl_rep 61.4179 (61.4711) raw_kl_proj_rep 0.0000 (0.0000) kl_rep_term 0.0158 (0.0158) kl_proj_rep_term 0.0000 (0.0000) kl_term 0.0158 (0.0158) kl_normalizer 3.0000 (3.0000) kl_beta 0.7727 (0.7727) lr 1.3552e-04 eta 0:00:09
epoch [40/50] batch [3/3] time 0.169 (0.258) data 0.000 (0.089) loss 0.0519 (0.0630) acc 100.0000 (100.0000) data_term 0.0361 (0.0472) raw_kl_rep 61.3253 (61.4225) raw_kl_proj_rep 0.0000 (0.0000) kl_rep_term 0.0158 (0.0158) kl_proj_rep_term 0.0000 (0.0000) kl_term 0.0158 (0.0158) kl_normalizer 3.0000 (3.0000) kl_beta 0.7727 (0.7727) lr 1.1474e-04 eta 0:00:07
epoch [41/50] batch [1/3] time 0.437 (0.437) data 0.266 (0.266) loss 0.0859 (0.0859) acc 100.0000 (100.0000) data_term 0.0697 (0.0697) raw_kl_rep 61.2217 (61.2217) raw_kl_proj_rep 0.0000 (0.0000) kl_rep_term 0.0162 (0.0162) kl_proj_rep_term 0.0000 (0.0000) kl_term 0.0162 (0.0162) kl_normalizer 3.0000 (3.0000) kl_beta 0.7955 (0.7955) lr 1.1474e-04 eta 0:00:12
epoch [41/50] batch [2/3] time 0.167 (0.302) data 0.000 (0.133) loss 0.0879 (0.0869) acc 100.0000 (100.0000) data_term 0.0717 (0.0707) raw_kl_rep 61.1375 (61.1796) raw_kl_proj_rep 0.0000 (0.0000) kl_rep_term 0.0162 (0.0162) kl_proj_rep_term 0.0000 (0.0000) kl_term 0.0162 (0.0162) kl_normalizer 3.0000 (3.0000) kl_beta 0.7955 (0.7955) lr 1.1474e-04 eta 0:00:08
epoch [41/50] batch [3/3] time 0.167 (0.257) data 0.000 (0.089) loss 0.0699 (0.0812) acc 100.0000 (100.0000) data_term 0.0537 (0.0650) raw_kl_rep 61.0542 (61.1378) raw_kl_proj_rep 0.0000 (0.0000) kl_rep_term 0.0162 (0.0162) kl_proj_rep_term 0.0000 (0.0000) kl_term 0.0162 (0.0162) kl_normalizer 3.0000 (3.0000) kl_beta 0.7955 (0.7955) lr 9.5492e-05 eta 0:00:06
epoch [42/50] batch [1/3] time 0.434 (0.434) data 0.263 (0.263) loss 0.0509 (0.0509) acc 100.0000 (100.0000) data_term 0.0343 (0.0343) raw_kl_rep 60.9631 (60.9631) raw_kl_proj_rep 0.0000 (0.0000) kl_rep_term 0.0166 (0.0166) kl_proj_rep_term 0.0000 (0.0000) kl_term 0.0166 (0.0166) kl_normalizer 3.0000 (3.0000) kl_beta 0.8182 (0.8182) lr 9.5492e-05 eta 0:00:11
epoch [42/50] batch [2/3] time 0.168 (0.301) data 0.000 (0.132) loss 0.0705 (0.0607) acc 100.0000 (100.0000) data_term 0.0538 (0.0441) raw_kl_rep 60.8810 (60.9220) raw_kl_proj_rep 0.0000 (0.0000) kl_rep_term 0.0166 (0.0166) kl_proj_rep_term 0.0000 (0.0000) kl_term 0.0166 (0.0166) kl_normalizer 3.0000 (3.0000) kl_beta 0.8182 (0.8182) lr 9.5492e-05 eta 0:00:07
epoch [42/50] batch [3/3] time 0.168 (0.257) data 0.000 (0.088) loss 0.0799 (0.0671) acc 100.0000 (100.0000) data_term 0.0633 (0.0505) raw_kl_rep 60.8014 (60.8818) raw_kl_proj_rep 0.0000 (0.0000) kl_rep_term 0.0166 (0.0166) kl_proj_rep_term 0.0000 (0.0000) kl_term 0.0166 (0.0166) kl_normalizer 3.0000 (3.0000) kl_beta 0.8182 (0.8182) lr 7.7836e-05 eta 0:00:06
epoch [43/50] batch [1/3] time 0.432 (0.432) data 0.261 (0.261) loss 0.0526 (0.0526) acc 100.0000 (100.0000) data_term 0.0356 (0.0356) raw_kl_rep 60.7368 (60.7368) raw_kl_proj_rep 0.0000 (0.0000) kl_rep_term 0.0170 (0.0170) kl_proj_rep_term 0.0000 (0.0000) kl_term 0.0170 (0.0170) kl_normalizer 3.0000 (3.0000) kl_beta 0.8409 (0.8409) lr 7.7836e-05 eta 0:00:09
epoch [43/50] batch [2/3] time 0.169 (0.301) data 0.000 (0.130) loss 0.0679 (0.0603) acc 100.0000 (100.0000) data_term 0.0509 (0.0432) raw_kl_rep 60.6767 (60.7067) raw_kl_proj_rep 0.0000 (0.0000) kl_rep_term 0.0170 (0.0170) kl_proj_rep_term 0.0000 (0.0000) kl_term 0.0170 (0.0170) kl_normalizer 3.0000 (3.0000) kl_beta 0.8409 (0.8409) lr 7.7836e-05 eta 0:00:06
epoch [43/50] batch [3/3] time 0.169 (0.257) data 0.000 (0.087) loss 0.0679 (0.0628) acc 100.0000 (100.0000) data_term 0.0509 (0.0458) raw_kl_rep 60.6178 (60.6771) raw_kl_proj_rep 0.0000 (0.0000) kl_rep_term 0.0170 (0.0170) kl_proj_rep_term 0.0000 (0.0000) kl_term 0.0170 (0.0170) kl_normalizer 3.0000 (3.0000) kl_beta 0.8409 (0.8409) lr 6.1847e-05 eta 0:00:05
epoch [44/50] batch [1/3] time 0.452 (0.452) data 0.277 (0.277) loss 0.0865 (0.0865) acc 100.0000 (100.0000) data_term 0.0691 (0.0691) raw_kl_rep 60.5617 (60.5617) raw_kl_proj_rep 0.0000 (0.0000) kl_rep_term 0.0174 (0.0174) kl_proj_rep_term 0.0000 (0.0000) kl_term 0.0174 (0.0174) kl_normalizer 3.0000 (3.0000) kl_beta 0.8636 (0.8636) lr 6.1847e-05 eta 0:00:09
epoch [44/50] batch [2/3] time 0.168 (0.310) data 0.000 (0.138) loss 0.0787 (0.0826) acc 100.0000 (100.0000) data_term 0.0612 (0.0651) raw_kl_rep 60.5191 (60.5404) raw_kl_proj_rep 0.0000 (0.0000) kl_rep_term 0.0174 (0.0174) kl_proj_rep_term 0.0000 (0.0000) kl_term 0.0174 (0.0174) kl_normalizer 3.0000 (3.0000) kl_beta 0.8636 (0.8636) lr 6.1847e-05 eta 0:00:05
epoch [44/50] batch [3/3] time 0.167 (0.262) data 0.000 (0.092) loss 0.0501 (0.0718) acc 100.0000 (100.0000) data_term 0.0327 (0.0543) raw_kl_rep 60.4719 (60.5176) raw_kl_proj_rep 0.0000 (0.0000) kl_rep_term 0.0174 (0.0174) kl_proj_rep_term 0.0000 (0.0000) kl_term 0.0174 (0.0174) kl_normalizer 3.0000 (3.0000) kl_beta 0.8636 (0.8636) lr 4.7586e-05 eta 0:00:04
epoch [45/50] batch [1/3] time 0.413 (0.413) data 0.242 (0.242) loss 0.0640 (0.0640) acc 100.0000 (100.0000) data_term 0.0461 (0.0461) raw_kl_rep 60.4201 (60.4201) raw_kl_proj_rep 0.0000 (0.0000) kl_rep_term 0.0179 (0.0179) kl_proj_rep_term 0.0000 (0.0000) kl_term 0.0179 (0.0179) kl_normalizer 3.0000 (3.0000) kl_beta 0.8864 (0.8864) lr 4.7586e-05 eta 0:00:07
epoch [45/50] batch [2/3] time 0.168 (0.291) data 0.000 (0.121) loss 0.0597 (0.0618) acc 100.0000 (100.0000) data_term 0.0418 (0.0440) raw_kl_rep 60.3772 (60.3987) raw_kl_proj_rep 0.0000 (0.0000) kl_rep_term 0.0178 (0.0178) kl_proj_rep_term 0.0000 (0.0000) kl_term 0.0178 (0.0178) kl_normalizer 3.0000 (3.0000) kl_beta 0.8864 (0.8864) lr 4.7586e-05 eta 0:00:04
epoch [45/50] batch [3/3] time 0.168 (0.250) data 0.000 (0.081) loss 0.0693 (0.0643) acc 100.0000 (100.0000) data_term 0.0514 (0.0465) raw_kl_rep 60.3351 (60.3775) raw_kl_proj_rep 0.0000 (0.0000) kl_rep_term 0.0178 (0.0178) kl_proj_rep_term 0.0000 (0.0000) kl_term 0.0178 (0.0178) kl_normalizer 3.0000 (3.0000) kl_beta 0.8864 (0.8864) lr 3.5112e-05 eta 0:00:03
epoch [46/50] batch [1/3] time 0.447 (0.447) data 0.276 (0.276) loss 0.0527 (0.0527) acc 100.0000 (100.0000) data_term 0.0344 (0.0344) raw_kl_rep 60.2940 (60.2940) raw_kl_proj_rep 0.0000 (0.0000) kl_rep_term 0.0183 (0.0183) kl_proj_rep_term 0.0000 (0.0000) kl_term 0.0183 (0.0183) kl_normalizer 3.0000 (3.0000) kl_beta 0.9091 (0.9091) lr 3.5112e-05 eta 0:00:06
epoch [46/50] batch [2/3] time 0.169 (0.308) data 0.000 (0.138) loss 0.0626 (0.0576) acc 100.0000 (100.0000) data_term 0.0443 (0.0393) raw_kl_rep 60.2610 (60.2775) raw_kl_proj_rep 0.0000 (0.0000) kl_rep_term 0.0183 (0.0183) kl_proj_rep_term 0.0000 (0.0000) kl_term 0.0183 (0.0183) kl_normalizer 3.0000 (3.0000) kl_beta 0.9091 (0.9091) lr 3.5112e-05 eta 0:00:04
epoch [46/50] batch [3/3] time 0.168 (0.261) data 0.000 (0.092) loss 0.0747 (0.0633) acc 100.0000 (100.0000) data_term 0.0565 (0.0450) raw_kl_rep 60.2256 (60.2602) raw_kl_proj_rep 0.0000 (0.0000) kl_rep_term 0.0183 (0.0183) kl_proj_rep_term 0.0000 (0.0000) kl_term 0.0183 (0.0183) kl_normalizer 3.0000 (3.0000) kl_beta 0.9091 (0.9091) lr 2.4472e-05 eta 0:00:03
epoch [47/50] batch [1/3] time 0.429 (0.429) data 0.259 (0.259) loss 0.0626 (0.0626) acc 100.0000 (100.0000) data_term 0.0439 (0.0439) raw_kl_rep 60.1921 (60.1921) raw_kl_proj_rep 0.0000 (0.0000) kl_rep_term 0.0187 (0.0187) kl_proj_rep_term 0.0000 (0.0000) kl_term 0.0187 (0.0187) kl_normalizer 3.0000 (3.0000) kl_beta 0.9318 (0.9318) lr 2.4472e-05 eta 0:00:04
epoch [47/50] batch [2/3] time 0.169 (0.299) data 0.000 (0.130) loss 0.0950 (0.0788) acc 100.0000 (100.0000) data_term 0.0763 (0.0601) raw_kl_rep 60.1677 (60.1799) raw_kl_proj_rep 0.0000 (0.0000) kl_rep_term 0.0187 (0.0187) kl_proj_rep_term 0.0000 (0.0000) kl_term 0.0187 (0.0187) kl_normalizer 3.0000 (3.0000) kl_beta 0.9318 (0.9318) lr 2.4472e-05 eta 0:00:02
epoch [47/50] batch [3/3] time 0.168 (0.255) data 0.000 (0.086) loss 0.0613 (0.0730) acc 100.0000 (100.0000) data_term 0.0426 (0.0543) raw_kl_rep 60.1430 (60.1676) raw_kl_proj_rep 0.0000 (0.0000) kl_rep_term 0.0187 (0.0187) kl_proj_rep_term 0.0000 (0.0000) kl_term 0.0187 (0.0187) kl_normalizer 3.0000 (3.0000) kl_beta 0.9318 (0.9318) lr 1.5708e-05 eta 0:00:02
epoch [48/50] batch [1/3] time 0.428 (0.428) data 0.258 (0.258) loss 0.0663 (0.0663) acc 100.0000 (100.0000) data_term 0.0471 (0.0471) raw_kl_rep 60.1166 (60.1166) raw_kl_proj_rep 0.0000 (0.0000) kl_rep_term 0.0191 (0.0191) kl_proj_rep_term 0.0000 (0.0000) kl_term 0.0191 (0.0191) kl_normalizer 3.0000 (3.0000) kl_beta 0.9545 (0.9545) lr 1.5708e-05 eta 0:00:03
epoch [48/50] batch [2/3] time 0.170 (0.299) data 0.000 (0.129) loss 0.0590 (0.0627) acc 100.0000 (100.0000) data_term 0.0399 (0.0435) raw_kl_rep 60.0995 (60.1081) raw_kl_proj_rep 0.0000 (0.0000) kl_rep_term 0.0191 (0.0191) kl_proj_rep_term 0.0000 (0.0000) kl_term 0.0191 (0.0191) kl_normalizer 3.0000 (3.0000) kl_beta 0.9545 (0.9545) lr 1.5708e-05 eta 0:00:02
epoch [48/50] batch [3/3] time 0.169 (0.255) data 0.000 (0.086) loss 0.0570 (0.0608) acc 100.0000 (100.0000) data_term 0.0378 (0.0416) raw_kl_rep 60.0814 (60.0992) raw_kl_proj_rep 0.0000 (0.0000) kl_rep_term 0.0191 (0.0191) kl_proj_rep_term 0.0000 (0.0000) kl_term 0.0191 (0.0191) kl_normalizer 3.0000 (3.0000) kl_beta 0.9545 (0.9545) lr 8.8564e-06 eta 0:00:01
epoch [49/50] batch [1/3] time 0.436 (0.436) data 0.266 (0.266) loss 0.0573 (0.0573) acc 100.0000 (100.0000) data_term 0.0378 (0.0378) raw_kl_rep 60.0628 (60.0628) raw_kl_proj_rep 0.0000 (0.0000) kl_rep_term 0.0196 (0.0196) kl_proj_rep_term 0.0000 (0.0000) kl_term 0.0196 (0.0196) kl_normalizer 3.0000 (3.0000) kl_beta 0.9773 (0.9773) lr 8.8564e-06 eta 0:00:02
epoch [49/50] batch [2/3] time 0.168 (0.302) data 0.000 (0.133) loss 0.0552 (0.0563) acc 100.0000 (100.0000) data_term 0.0356 (0.0367) raw_kl_rep 60.0517 (60.0573) raw_kl_proj_rep 0.0000 (0.0000) kl_rep_term 0.0196 (0.0196) kl_proj_rep_term 0.0000 (0.0000) kl_term 0.0196 (0.0196) kl_normalizer 3.0000 (3.0000) kl_beta 0.9773 (0.9773) lr 8.8564e-06 eta 0:00:01
epoch [49/50] batch [3/3] time 0.170 (0.258) data 0.000 (0.089) loss 0.0591 (0.0572) acc 100.0000 (100.0000) data_term 0.0396 (0.0376) raw_kl_rep 60.0400 (60.0515) raw_kl_proj_rep 0.0000 (0.0000) kl_rep_term 0.0196 (0.0196) kl_proj_rep_term 0.0000 (0.0000) kl_term 0.0196 (0.0196) kl_normalizer 3.0000 (3.0000) kl_beta 0.9773 (0.9773) lr 3.9426e-06 eta 0:00:00
epoch [50/50] batch [1/3] time 0.437 (0.437) data 0.267 (0.267) loss 0.0653 (0.0653) acc 100.0000 (100.0000) data_term 0.0453 (0.0453) raw_kl_rep 60.0278 (60.0278) raw_kl_proj_rep 0.0000 (0.0000) kl_rep_term 0.0200 (0.0200) kl_proj_rep_term 0.0000 (0.0000) kl_term 0.0200 (0.0200) kl_normalizer 3.0000 (3.0000) kl_beta 1.0000 (1.0000) lr 3.9426e-06 eta 0:00:00
epoch [50/50] batch [2/3] time 0.169 (0.303) data 0.000 (0.133) loss 0.0578 (0.0616) acc 100.0000 (100.0000) data_term 0.0378 (0.0415) raw_kl_rep 60.0223 (60.0251) raw_kl_proj_rep 0.0000 (0.0000) kl_rep_term 0.0200 (0.0200) kl_proj_rep_term 0.0000 (0.0000) kl_term 0.0200 (0.0200) kl_normalizer 3.0000 (3.0000) kl_beta 1.0000 (1.0000) lr 3.9426e-06 eta 0:00:00
epoch [50/50] batch [3/3] time 0.168 (0.258) data 0.000 (0.089) loss 0.0591 (0.0607) acc 100.0000 (100.0000) data_term 0.0391 (0.0407) raw_kl_rep 60.0165 (60.0222) raw_kl_proj_rep 0.0000 (0.0000) kl_rep_term 0.0200 (0.0200) kl_proj_rep_term 0.0000 (0.0000) kl_term 0.0200 (0.0200) kl_normalizer 3.0000 (3.0000) kl_beta 1.0000 (1.0000) lr 9.8664e-07 eta 0:00:00
Checkpoint saved to output_refactor/BayesMMRL/FS/fewshot_train/caltech101/shots_1/ViT-B-16/default/seed1/refactor_model/model.pth.tar-50
Finish training
Deploy the last-epoch model
Evaluate on the *test* set
=> result
* total: 2,465
* correct: 2,325
* accuracy: 94.3%
* error: 5.7%
* macro_f1: 91.5%
=> structured result
* accuracy: 94.3205
* error: 5.6795
* macro_f1: 91.4595
* nll: 0.1647
* brier: 0.0835
* ece: 2.2863
Saved metrics JSON to output_refactor/BayesMMRL/FS/fewshot_train/caltech101/shots_1/ViT-B-16/default/seed1/test_metrics.json
Saved metrics CSV to output_refactor/BayesMMRL/FS/fewshot_train/caltech101/shots_1/ViT-B-16/default/seed1/test_metrics.csv
Saved calibration bins CSV to output_refactor/BayesMMRL/FS/fewshot_train/caltech101/shots_1/ViT-B-16/default/seed1/test_calibration_bins.csv
Elapsed: 0:01:19

============================================================
END: 2026-04-20 17:02:24
STATUS: SUCCESS
============================================================
