============================================================
开始时间: 2026-04-22 02:21:43
当前阶段: confirm30_schemeA_final_best
GPU: 2
方法: BayesMMRL
协议: FS
执行模式: online
数据集: oxford_pets
shots: 4
seed: 1
标签: A_sig-per_token_pstd-0.02_kl-1e-4_nmc-3
数据根目录: DATASETS
阶段输出根目录: output_sweeps/bayes_mmrl_search_current/coarse3/confirm_stage
Backbone: ViT-B/16
============================================================
[当前执行] A | dataset=oxford_pets | shot=4 | seed=1 | tag=A_sig-per_token_pstd-0.02_kl-1e-4_nmc-3
[说明] 当前使用固定 MMRL 主体超参，只搜索 Bayes 参数
[说明] EVAL_MODE=mc_predictive, EVAL_AGGREGATION=logit_mean
[说明] KL_WARMUP_EPOCHS=5
Setting fixed seed: 1
***************
** Arguments **
***************
dataset_config_file: configs/datasets/oxford_pets.yaml
eval_only: False
exec_mode: online
exp_config: 
load_epoch: None
method: BayesMMRL
method_config_file: configs/methods/bayesmmrl.yaml
model_dir: 
no_train: False
opts: ['DATASET.NUM_SHOTS', '4', 'DATASET.SUBSAMPLE_CLASSES', 'all', 'MODEL.BACKBONE.NAME', 'ViT-B/16', 'BAYES_MMRL.ALPHA', '0.7', 'BAYES_MMRL.REG_WEIGHT', '0.5', 'BAYES_MMRL.N_REP_TOKENS', '5', 'BAYES_MMRL.REP_LAYERS', '[6,7,8,9,10,11,12]', 'BAYES_MMRL.REP_DIM', '512', 'BAYES_MMRL.N_MC_TRAIN', '3', 'BAYES_MMRL.N_MC_TEST', '10', 'BAYES_MMRL.EVAL_MODE', 'mc_predictive', 'BAYES_MMRL.EVAL_USE_POSTERIOR_MEAN', 'False', 'BAYES_MMRL.EVAL_AGGREGATION', 'logit_mean', 'BAYES_MMRL.KL_WARMUP_EPOCHS', '5', 'BAYES_MMRL.BAYES_TARGET', 'rep_tokens', 'BAYES_MMRL.REP_PRIOR_MODE', 'zero', 'BAYES_MMRL.REP_SIGMA_MODE', 'per_token', 'BAYES_MMRL.REP_PRIOR_STD', '0.02', 'BAYES_MMRL.REP_KL_WEIGHT', '1e-4', 'BAYES_MMRL.ALPHA', '0.7', 'BAYES_MMRL.N_MC_TRAIN', '3']
output_dir: output_sweeps/bayes_mmrl_search_current/coarse3/confirm_stage/BayesMMRL/FS/fewshot_train/oxford_pets/shots_4/ViT-B-16/A_sig-per_token_pstd-0.02_kl-1e-4_nmc-3/seed1
protocol: FS
protocol_config_file: configs/protocols/fs.yaml
root: DATASETS
runtime_config_file: configs/runtime/default.yaml
seed: 1
trainer: RefactorRunner
************
** Config **
************
BAYES_MMRL:
  ALPHA: 0.7
  BAYES_TARGET: rep_tokens
  CLIP_PRIOR_BLEND: 0.5
  CLIP_PRIOR_SCALE: 0.05
  EVAL_AGGREGATION: logit_mean
  EVAL_MODE: mc_predictive
  EVAL_USE_POSTERIOR_MEAN: False
  KL_WARMUP_EPOCHS: 5
  KL_WEIGHT: 0.0005
  N_MC_TEST: 10
  N_MC_TRAIN: 3
  N_REP_TOKENS: 5
  PREC: amp
  PRIOR_STD: 0.05
  PROJ_REP_KL_WEIGHT: 1e-06
  PROJ_REP_PRIOR_MODE: clip_proj
  PROJ_REP_PRIOR_STD: 0.01
  PROJ_REP_SIGMA_MODE: row
  REG_WEIGHT: 0.5
  REP_DIM: 512
  REP_KL_WEIGHT: 0.0001
  REP_LAYERS: [6, 7, 8, 9, 10, 11, 12]
  REP_PRIOR_MODE: zero
  REP_PRIOR_STD: 0.02
  REP_SIGMA_MODE: per_token
  SIGMA_MODE: global
CLIP_ADAPTERS:
  ALLOW_CACHE: True
  CONSTRAINT: none
  ENHANCED_BASE: none
  INIT: ZS
  KL_WEIGHT: 0.0001
  N_SAMPLES: 3
  PREC: fp32
  TYPE: MP
DATALOADER:
  K_TRANSFORMS: 1
  NUM_WORKERS: 8
  RETURN_IMG0: False
  TEST:
    BATCH_SIZE: 250
    SAMPLER: SequentialSampler
  TRAIN_U:
    BATCH_SIZE: 32
    N_DOMAIN: 0
    N_INS: 16
    SAME_AS_X: True
    SAMPLER: RandomSampler
  TRAIN_X:
    BATCH_SIZE: 32
    N_DOMAIN: 0
    N_INS: 16
    SAMPLER: RandomSampler
DATASET:
  ALL_AS_UNLABELED: False
  CIFAR_C_LEVEL: 1
  CIFAR_C_TYPE: 
  NAME: OxfordPets
  NUM_LABELED: -1
  NUM_SHOTS: 4
  ROOT: DATASETS
  SOURCE_DOMAINS: ()
  STL10_FOLD: -1
  SUBSAMPLE_CLASSES: all
  TARGET_DOMAINS: ()
  VAL_PERCENT: 0.1
INPUT:
  COLORJITTER_B: 0.4
  COLORJITTER_C: 0.4
  COLORJITTER_H: 0.1
  COLORJITTER_S: 0.4
  CROP_PADDING: 4
  CUTOUT_LEN: 16
  CUTOUT_N: 1
  GB_K: 21
  GB_P: 0.5
  GN_MEAN: 0.0
  GN_STD: 0.15
  INTERPOLATION: bicubic
  NO_TRANSFORM: False
  PIXEL_MEAN: [0.48145466, 0.4578275, 0.40821073]
  PIXEL_STD: [0.26862954, 0.26130258, 0.27577711]
  RANDAUGMENT_M: 10
  RANDAUGMENT_N: 2
  RGS_P: 0.2
  RRCROP_SCALE: (0.5, 1)
  SIZE: (224, 224)
  TRANSFORMS: ('random_resized_crop', 'random_flip', 'normalize')
METHOD:
  EXEC_MODE: online
  FAMILY: internal_adaptation
  NAME: BayesMMRL
  TAG: default
MMRL:
  ALPHA: 0.7
  N_REP_TOKENS: 5
  PREC: amp
  REG_WEIGHT: 1.0
  REP_DIM: 512
  REP_LAYERS: [6, 7, 8, 9, 10, 11, 12]
MMRLPP:
  ALPHA: 0.7
  BETA: 0.9
  N_REP_TOKENS: 5
  PREC: amp
  PROJ_LORA_DIM: 64
  REG_WEIGHT: 1.0
  REP_DIM: 512
  REP_LAYERS: [6, 7, 8, 9, 10, 11, 12]
  RES_LORA_DIM: 4
MMRL_MIX:
  ALPHA: 0.7
  LOSS_FUSE_WEIGHT: 0.2
  LOSS_MAIN_WEIGHT: 1.0
  LOSS_REP_WEIGHT: 1.0
  N_REP_TOKENS: 5
  PREC: amp
  REG_WEIGHT: 1.0
  REP_DIM: 512
  REP_LAYERS: [6, 7, 8, 9, 10, 11, 12]
MODEL:
  BACKBONE:
    NAME: ViT-B/16
    PRETRAINED: True
  HEAD:
    ACTIVATION: relu
    BN: True
    DROPOUT: 0.0
    HIDDEN_LAYERS: ()
    NAME: 
  INIT_WEIGHTS: 
OPTIM:
  ADAM_BETA1: 0.9
  ADAM_BETA2: 0.999
  BASE_LR_MULT: 0.1
  GAMMA: 0.1
  LR: 0.001
  LR_SCHEDULER: cosine
  MAX_EPOCH: 50
  MOMENTUM: 0.9
  NAME: adamw
  NEW_LAYERS: ()
  RMSPROP_ALPHA: 0.99
  SGD_DAMPNING: 0
  SGD_NESTEROV: False
  STAGED_LR: False
  STEPSIZE: (-1,)
  WARMUP_CONS_LR: 1e-05
  WARMUP_EPOCH: 1
  WARMUP_MIN_LR: 1e-05
  WARMUP_RECOUNT: True
  WARMUP_TYPE: constant
  WEIGHT_DECAY: 0.0005
OUTPUT_DIR: output_sweeps/bayes_mmrl_search_current/coarse3/confirm_stage/BayesMMRL/FS/fewshot_train/oxford_pets/shots_4/ViT-B-16/A_sig-per_token_pstd-0.02_kl-1e-4_nmc-3/seed1
PROTOCOL:
  NAME: FS
  PHASE: fewshot_train
RESUME: 
RUNTIME:
  OUTPUT_ROOT: output_refactor
  USE_DASSL_TRAINER_BRIDGE: True
SEED: 1
TASK: FS
TEST:
  COMPUTE_CMAT: False
  EVALUATOR: Classification
  FINAL_MODEL: last_step
  NO_TEST: False
  PER_CLASS_RESULT: False
  SPLIT: test
TRAIN:
  CHECKPOINT_FREQ: 0
  COUNT_ITER: train_x
  PRINT_FREQ: 20
TRAINER:
  BayesMMRL:
    ALPHA: 0.7
    BAYES_TARGET: rep_tokens
    CLIP_PRIOR_BLEND: 0.5
    CLIP_PRIOR_SCALE: 0.05
    EVAL_AGGREGATION: logit_mean
    EVAL_MODE: mc_predictive
    EVAL_USE_POSTERIOR_MEAN: False
    KL_WARMUP_EPOCHS: 5
    KL_WEIGHT: 0.0001
    N_MC_TEST: 10
    N_MC_TRAIN: 3
    N_REP_TOKENS: 5
    PREC: amp
    PRIOR_STD: 0.02
    PROJ_REP_KL_WEIGHT: 1e-06
    PROJ_REP_PRIOR_MODE: clip_proj
    PROJ_REP_PRIOR_STD: 0.01
    PROJ_REP_SIGMA_MODE: row
    REG_WEIGHT: 0.5
    REP_DIM: 512
    REP_KL_WEIGHT: 0.0001
    REP_LAYERS: [6, 7, 8, 9, 10, 11, 12]
    REP_PRIOR_MODE: zero
    REP_PRIOR_STD: 0.02
    REP_SIGMA_MODE: per_token
    SIGMA_MODE: per_token
  CDAC:
    CLASS_LR_MULTI: 10
    P_THRESH: 0.95
    RAMPUP_COEF: 30
    RAMPUP_ITRS: 1000
    STRONG_TRANSFORMS: ()
    TOPK_MATCH: 5
  CROSSGRAD:
    ALPHA_D: 0.5
    ALPHA_F: 0.5
    EPS_D: 1.0
    EPS_F: 1.0
  ClipADAPTER:
    ALLOW_CACHE: True
    CONSTRAINT: none
    ENHANCED_BASE: none
    INIT: ZS
    PREC: fp32
    TYPE: MP
  DAEL:
    CONF_THRE: 0.95
    STRONG_TRANSFORMS: ()
    WEIGHT_U: 0.5
  DAELDG:
    CONF_THRE: 0.95
    STRONG_TRANSFORMS: ()
    WEIGHT_U: 0.5
  DDAIG:
    ALPHA: 0.5
    CLAMP: False
    CLAMP_MAX: 1.0
    CLAMP_MIN: -1.0
    G_ARCH: 
    LMDA: 0.3
    WARMUP: 0
  DOMAINMIX:
    ALPHA: 1.0
    BETA: 1.0
    TYPE: crossdomain
  ENTMIN:
    LMDA: 0.001
  FIXMATCH:
    CONF_THRE: 0.95
    STRONG_TRANSFORMS: ()
    WEIGHT_U: 1.0
  M3SDA:
    LMDA: 0.5
    N_STEP_F: 4
  MCD:
    N_STEP_F: 4
  MEANTEACHER:
    EMA_ALPHA: 0.999
    RAMPUP: 5
    WEIGHT_U: 1.0
  MIXMATCH:
    MIXUP_BETA: 0.75
    RAMPUP: 20000
    TEMP: 2.0
    WEIGHT_U: 100.0
  MME:
    LMDA: 0.1
  MMRL:
    ALPHA: 0.7
    N_REP_TOKENS: 5
    PREC: amp
    REG_WEIGHT: 1.0
    REP_DIM: 512
    REP_LAYERS: [6, 7, 8, 9, 10, 11, 12]
  MMRLMix:
    ALPHA: 0.7
    LOSS_FUSE_WEIGHT: 0.2
    LOSS_MAIN_WEIGHT: 1.0
    LOSS_REP_WEIGHT: 1.0
    N_REP_TOKENS: 5
    PREC: amp
    REG_WEIGHT: 1.0
    REP_DIM: 512
    REP_LAYERS: [6, 7, 8, 9, 10, 11, 12]
  MMRLpp:
    ALPHA: 0.7
    BETA: 0.9
    N_REP_TOKENS: 5
    PREC: amp
    PROJ_LORA_DIM: 64
    REG_WEIGHT: 1.0
    REP_DIM: 512
    REP_LAYERS: [6, 7, 8, 9, 10, 11, 12]
    RES_LORA_DIM: 4
  NAME: RefactorRunner
  SE:
    CONF_THRE: 0.95
    EMA_ALPHA: 0.999
    RAMPUP: 300
USE_CUDA: True
VERBOSE: True
VERSION: 1
Collecting env info ...
** System info **
PyTorch version: 2.11.0+cu128
Is debug build: False
CUDA used to build PyTorch: 12.8
ROCM used to build PyTorch: N/A

OS: Ubuntu 22.04.1 LTS (x86_64)
GCC version: (Ubuntu 11.3.0-1ubuntu1~22.04) 11.3.0
Clang version: Could not collect
CMake version: version 3.22.1
Libc version: glibc-2.35

Python version: 3.10.20 (main, Mar 11 2026, 17:46:40) [GCC 14.3.0] (64-bit runtime)
Python platform: Linux-5.15.0-94-generic-x86_64-with-glibc2.35
Is CUDA available: True
CUDA runtime version: 11.8.89
CUDA_MODULE_LOADING set to: 
GPU models and configuration: 
GPU 0: NVIDIA GeForce RTX 5090
GPU 1: NVIDIA GeForce RTX 5090
GPU 2: NVIDIA GeForce RTX 5090

Nvidia driver version: 595.58.03
cuDNN version: Probably one of the following:
/usr/lib/x86_64-linux-gnu/libcudnn.so.8.6.0
/usr/lib/x86_64-linux-gnu/libcudnn_adv_infer.so.8.6.0
/usr/lib/x86_64-linux-gnu/libcudnn_adv_train.so.8.6.0
/usr/lib/x86_64-linux-gnu/libcudnn_cnn_infer.so.8.6.0
/usr/lib/x86_64-linux-gnu/libcudnn_cnn_train.so.8.6.0
/usr/lib/x86_64-linux-gnu/libcudnn_ops_infer.so.8.6.0
/usr/lib/x86_64-linux-gnu/libcudnn_ops_train.so.8.6.0
Is XPU available: False
HIP runtime version: N/A
MIOpen runtime version: N/A
Is XNNPACK available: True
Caching allocator config: N/A

CPU:
Architecture:                       x86_64
CPU op-mode(s):                     32-bit, 64-bit
Address sizes:                      52 bits physical, 57 bits virtual
Byte Order:                         Little Endian
CPU(s):                             208
On-line CPU(s) list:                0-207
Vendor ID:                          GenuineIntel
Model name:                         Intel(R) Xeon(R) Platinum 8470Q
CPU family:                         6
Model:                              143
Thread(s) per core:                 2
Core(s) per socket:                 52
Socket(s):                          2
Stepping:                           8
Frequency boost:                    enabled
CPU max MHz:                        2101.0000
CPU min MHz:                        800.0000
BogoMIPS:                           4200.00
Flags:                              fpu vme de pse tsc msr pae mce cx8 apic sep mtrr pge mca cmov pat pse36 clflush dts acpi mmx fxsr sse sse2 ss ht tm pbe syscall nx pdpe1gb rdtscp lm constant_tsc art arch_perfmon pebs bts rep_good nopl xtopology nonstop_tsc cpuid aperfmperf tsc_known_freq pni pclmulqdq dtes64 ds_cpl vmx smx est tm2 ssse3 sdbg fma cx16 xtpr pdcm pcid dca sse4_1 sse4_2 x2apic movbe popcnt tsc_deadline_timer aes xsave avx f16c rdrand lahf_lm abm 3dnowprefetch cpuid_fault epb cat_l3 cat_l2 cdp_l3 invpcid_single intel_ppin cdp_l2 ssbd mba ibrs ibpb stibp ibrs_enhanced tpr_shadow vnmi flexpriority ept vpid ept_ad fsgsbase tsc_adjust bmi1 avx2 smep bmi2 erms invpcid cqm rdt_a avx512f avx512dq rdseed adx smap avx512ifma clflushopt clwb intel_pt avx512cd sha_ni avx512bw avx512vl xsaveopt xsavec xgetbv1 xsaves cqm_llc cqm_occup_llc cqm_mbm_total cqm_mbm_local split_lock_detect avx_vnni avx512_bf16 wbnoinvd dtherm ida arat pln pts avx512vbmi umip pku ospke waitpkg avx512_vbmi2 gfni vaes vpclmulqdq avx512_vnni avx512_bitalg tme avx512_vpopcntdq la57 rdpid bus_lock_detect cldemote movdiri movdir64b enqcmd fsrm md_clear serialize tsxldtrk pconfig arch_lbr amx_bf16 avx512_fp16 amx_tile amx_int8 flush_l1d arch_capabilities
Virtualization:                     VT-x
L1d cache:                          4.9 MiB (104 instances)
L1i cache:                          3.3 MiB (104 instances)
L2 cache:                           208 MiB (104 instances)
L3 cache:                           210 MiB (2 instances)
NUMA node(s):                       2
NUMA node0 CPU(s):                  0-51,104-155
NUMA node1 CPU(s):                  52-103,156-207
Vulnerability Gather data sampling: Not affected
Vulnerability Itlb multihit:        Not affected
Vulnerability L1tf:                 Not affected
Vulnerability Mds:                  Not affected
Vulnerability Meltdown:             Not affected
Vulnerability Mmio stale data:      Not affected
Vulnerability Retbleed:             Not affected
Vulnerability Spec rstack overflow: Not affected
Vulnerability Spec store bypass:    Mitigation; Speculative Store Bypass disabled via prctl and seccomp
Vulnerability Spectre v1:           Mitigation; usercopy/swapgs barriers and __user pointer sanitization
Vulnerability Spectre v2:           Mitigation; Enhanced IBRS, IBPB conditional, RSB filling, PBRSB-eIBRS SW sequence
Vulnerability Srbds:                Not affected
Vulnerability Tsx async abort:      Not affected

Versions of relevant libraries:
[pip3] flake8==3.7.9
[pip3] numpy==2.2.6
[pip3] nvidia-cublas-cu12==12.8.4.1
[pip3] nvidia-cuda-cupti-cu12==12.8.90
[pip3] nvidia-cuda-nvrtc-cu12==12.8.93
[pip3] nvidia-cuda-runtime-cu12==12.8.90
[pip3] nvidia-cudnn-cu12==9.19.0.56
[pip3] nvidia-cufft-cu12==11.3.3.83
[pip3] nvidia-curand-cu12==10.3.9.90
[pip3] nvidia-cusolver-cu12==11.7.3.90
[pip3] nvidia-cusparse-cu12==12.5.8.93
[pip3] nvidia-cusparselt-cu12==0.7.1
[pip3] nvidia-nccl-cu12==2.28.9
[pip3] nvidia-nvjitlink-cu12==12.8.93
[pip3] nvidia-nvtx-cu12==12.8.90
[pip3] torch==2.11.0+cu128
[pip3] torchaudio==2.11.0+cu128
[pip3] torchvision==0.26.0+cu128
[pip3] triton==3.6.0
[conda] numpy                     2.2.6                    pypi_0    pypi
[conda] nvidia-cublas-cu12        12.8.4.1                 pypi_0    pypi
[conda] nvidia-cuda-cupti-cu12    12.8.90                  pypi_0    pypi
[conda] nvidia-cuda-nvrtc-cu12    12.8.93                  pypi_0    pypi
[conda] nvidia-cuda-runtime-cu12  12.8.90                  pypi_0    pypi
[conda] nvidia-cudnn-cu12         9.19.0.56                pypi_0    pypi
[conda] nvidia-cufft-cu12         11.3.3.83                pypi_0    pypi
[conda] nvidia-curand-cu12        10.3.9.90                pypi_0    pypi
[conda] nvidia-cusolver-cu12      11.7.3.90                pypi_0    pypi
[conda] nvidia-cusparse-cu12      12.5.8.93                pypi_0    pypi
[conda] nvidia-cusparselt-cu12    0.7.1                    pypi_0    pypi
[conda] nvidia-nccl-cu12          2.28.9                   pypi_0    pypi
[conda] nvidia-nvjitlink-cu12     12.8.93                  pypi_0    pypi
[conda] nvidia-nvtx-cu12          12.8.90                  pypi_0    pypi
[conda] torch                     2.11.0+cu128             pypi_0    pypi
[conda] torchaudio                2.11.0+cu128             pypi_0    pypi
[conda] torchvision               0.26.0+cu128             pypi_0    pypi
[conda] triton                    3.6.0                    pypi_0    pypi
        Pillow (12.1.1)

Loading trainer: RefactorRunner
Loading dataset: OxfordPets
Reading split from /root/autodl-tmp/MMRL/DATASETS/oxford_pets/split_zhou_OxfordPets.json
Loading preprocessed few-shot data from /root/autodl-tmp/MMRL/DATASETS/oxford_pets/split_fewshot/shot_4-seed_1.pkl
Building transform_train
+ random resized crop (size=(224, 224), scale=(0.5, 1))
+ random flip
+ to torch tensor of range [0, 1]
+ normalization (mean=[0.48145466, 0.4578275, 0.40821073], std=[0.26862954, 0.26130258, 0.27577711])
Building transform_test
+ resize the smaller edge to 224
+ 224x224 center crop
+ to torch tensor of range [0, 1]
+ normalization (mean=[0.48145466, 0.4578275, 0.40821073], std=[0.26862954, 0.26130258, 0.27577711])
---------  ----------
Dataset    OxfordPets
# classes  37
# train_x  148
# val      148
# test     3,669
---------  ----------
/root/autodl-tmp/MMRL/trainers/refactor_runner.py:52: FutureWarning: `torch.cuda.amp.GradScaler(args...)` is deprecated. Please use `torch.amp.GradScaler('cuda', args...)` instead.
  self.scaler = GradScaler() if prec == "amp" else None
[BayesMMRLMethod] trainable params: {'representation_learner.compound_rep_tokens_r2vproj.5.bias', 'representation_learner.compound_rep_tokens_r2vproj.1.bias', 'representation_learner.compound_rep_tokens_r2tproj.0.bias', 'representation_learner.compound_rep_tokens_r2tproj.6.bias', 'representation_learner.compound_rep_tokens_r2tproj.0.weight', 'representation_learner.compound_rep_tokens_r2vproj.2.bias', 'representation_learner.compound_rep_tokens_r2tproj.2.bias', 'representation_learner.compound_rep_tokens_r2vproj.6.bias', 'representation_learner.compound_rep_tokens_r2vproj.3.bias', 'representation_learner.compound_rep_tokens_r2vproj.0.bias', 'representation_learner.compound_rep_tokens_r2vproj.2.weight', 'representation_learner.compound_rep_tokens_r2tproj.1.weight', 'representation_learner.compound_rep_tokens_r2vproj.5.weight', 'representation_learner.compound_rep_tokens_r2vproj.4.weight', 'representation_learner.compound_rep_tokens_r2tproj.4.bias', 'representation_learner.compound_rep_tokens_r2tproj.3.bias', 'image_encoder.proj_rep', 'representation_learner.compound_rep_tokens_r2tproj.5.weight', 'representation_learner.compound_rep_tokens_r2tproj.1.bias', 'representation_learner.compound_rep_tokens_r2vproj.6.weight', 'representation_learner.rep_posterior.posterior_mean', 'representation_learner.compound_rep_tokens_r2vproj.3.weight', 'representation_learner.compound_rep_tokens_r2tproj.5.bias', 'representation_learner.compound_rep_tokens_r2tproj.6.weight', 'representation_learner.compound_rep_tokens_r2vproj.0.weight', 'representation_learner.compound_rep_tokens_r2vproj.1.weight', 'representation_learner.compound_rep_tokens_r2tproj.3.weight', 'representation_learner.rep_posterior.posterior_rho', 'representation_learner.compound_rep_tokens_r2vproj.4.bias', 'representation_learner.compound_rep_tokens_r2tproj.4.weight', 'representation_learner.compound_rep_tokens_r2tproj.2.weight'}
Loading evaluator: Classification
No checkpoint found, train from scratch
Initialize tensorboard (log_dir=output_sweeps/bayes_mmrl_search_current/coarse3/confirm_stage/BayesMMRL/FS/fewshot_train/oxford_pets/shots_4/ViT-B-16/A_sig-per_token_pstd-0.02_kl-1e-4_nmc-3/seed1/tensorboard)
/root/autodl-tmp/MMRL/executors/online_executor.py:47: FutureWarning: `torch.cuda.amp.autocast(args...)` is deprecated. Please use `torch.amp.autocast('cuda', args...)` instead.
  with autocast():
epoch [1/50] batch [1/4] time 1.176 (1.176) data 0.476 (0.476) loss 2.4291 (2.4291) acc 75.0000 (75.0000) data_term 2.4291 (2.4291) raw_kl_rep 0.0000 (0.0000) raw_kl_proj_rep 0.0000 (0.0000) kl_rep_term 0.0000 (0.0000) kl_proj_rep_term 0.0000 (0.0000) kl_term 0.0000 (0.0000) kl_normalizer 4.0000 (4.0000) kl_beta 0.0000 (0.0000) lr 1.0000e-05 eta 0:03:54
epoch [1/50] batch [2/4] time 0.219 (0.697) data 0.000 (0.238) loss 2.5913 (2.5102) acc 84.3750 (79.6875) data_term 2.5913 (2.5102) raw_kl_rep 0.0000 (0.0000) raw_kl_proj_rep 0.0000 (0.0000) kl_rep_term 0.0000 (0.0000) kl_proj_rep_term 0.0000 (0.0000) kl_term 0.0000 (0.0000) kl_normalizer 4.0000 (4.0000) kl_beta 0.0000 (0.0000) lr 1.0000e-05 eta 0:02:18
epoch [1/50] batch [3/4] time 0.104 (0.500) data 0.000 (0.159) loss 2.2405 (2.4203) acc 81.2500 (80.2083) data_term 2.2405 (2.4203) raw_kl_rep 0.0003 (0.0001) raw_kl_proj_rep 0.0000 (0.0000) kl_rep_term 0.0000 (0.0000) kl_proj_rep_term 0.0000 (0.0000) kl_term 0.0000 (0.0000) kl_normalizer 4.0000 (4.0000) kl_beta 0.0000 (0.0000) lr 1.0000e-05 eta 0:01:38
epoch [1/50] batch [4/4] time 0.098 (0.399) data 0.000 (0.119) loss 2.6284 (2.4723) acc 68.7500 (77.3438) data_term 2.6284 (2.4723) raw_kl_rep 0.0010 (0.0003) raw_kl_proj_rep 0.0000 (0.0000) kl_rep_term 0.0000 (0.0000) kl_proj_rep_term 0.0000 (0.0000) kl_term 0.0000 (0.0000) kl_normalizer 4.0000 (4.0000) kl_beta 0.0000 (0.0000) lr 1.0000e-03 eta 0:01:18
epoch [2/50] batch [1/4] time 0.666 (0.666) data 0.496 (0.496) loss 2.3702 (2.3702) acc 84.3750 (84.3750) data_term 2.3702 (2.3702) raw_kl_rep 0.0021 (0.0021) raw_kl_proj_rep 0.0000 (0.0000) kl_rep_term 0.0000 (0.0000) kl_proj_rep_term 0.0000 (0.0000) kl_term 0.0000 (0.0000) kl_normalizer 4.0000 (4.0000) kl_beta 0.0000 (0.0000) lr 1.0000e-03 eta 0:02:09
epoch [2/50] batch [2/4] time 0.130 (0.398) data 0.000 (0.248) loss 2.6099 (2.4901) acc 75.0000 (79.6875) data_term 2.6099 (2.4901) raw_kl_rep 2.0175 (1.0098) raw_kl_proj_rep 0.0000 (0.0000) kl_rep_term 0.0000 (0.0000) kl_proj_rep_term 0.0000 (0.0000) kl_term 0.0000 (0.0000) kl_normalizer 4.0000 (4.0000) kl_beta 0.0000 (0.0000) lr 1.0000e-03 eta 0:01:17
epoch [2/50] batch [3/4] time 0.106 (0.301) data 0.000 (0.166) loss 2.7833 (2.5878) acc 68.7500 (76.0417) data_term 2.7833 (2.5878) raw_kl_rep 2.0175 (1.3457) raw_kl_proj_rep 0.0000 (0.0000) kl_rep_term 0.0000 (0.0000) kl_proj_rep_term 0.0000 (0.0000) kl_term 0.0000 (0.0000) kl_normalizer 4.0000 (4.0000) kl_beta 0.0000 (0.0000) lr 1.0000e-03 eta 0:00:58
epoch [2/50] batch [4/4] time 0.129 (0.258) data 0.000 (0.124) loss 2.6573 (2.6052) acc 68.7500 (74.2188) data_term 2.6573 (2.6052) raw_kl_rep 6.1937 (2.5577) raw_kl_proj_rep 0.0000 (0.0000) kl_rep_term 0.0000 (0.0000) kl_proj_rep_term 0.0000 (0.0000) kl_term 0.0000 (0.0000) kl_normalizer 4.0000 (4.0000) kl_beta 0.0000 (0.0000) lr 9.9901e-04 eta 0:00:49
epoch [3/50] batch [1/4] time 0.691 (0.691) data 0.544 (0.544) loss 2.8455 (2.8455) acc 56.2500 (56.2500) data_term 2.8455 (2.8455) raw_kl_rep 11.5281 (11.5281) raw_kl_proj_rep 0.0000 (0.0000) kl_rep_term 0.0000 (0.0000) kl_proj_rep_term 0.0000 (0.0000) kl_term 0.0000 (0.0000) kl_normalizer 4.0000 (4.0000) kl_beta 0.0000 (0.0000) lr 9.9901e-04 eta 0:02:12
epoch [3/50] batch [2/4] time 0.137 (0.414) data 0.000 (0.272) loss 2.1038 (2.4747) acc 78.1250 (67.1875) data_term 2.1038 (2.4747) raw_kl_rep 18.2463 (14.8872) raw_kl_proj_rep 0.0000 (0.0000) kl_rep_term 0.0000 (0.0000) kl_proj_rep_term 0.0000 (0.0000) kl_term 0.0000 (0.0000) kl_normalizer 4.0000 (4.0000) kl_beta 0.0000 (0.0000) lr 9.9901e-04 eta 0:01:18
epoch [3/50] batch [3/4] time 0.101 (0.310) data 0.000 (0.181) loss 1.7697 (2.2397) acc 84.3750 (72.9167) data_term 1.7697 (2.2397) raw_kl_rep 26.3938 (18.7228) raw_kl_proj_rep 0.0000 (0.0000) kl_rep_term 0.0000 (0.0000) kl_proj_rep_term 0.0000 (0.0000) kl_term 0.0000 (0.0000) kl_normalizer 4.0000 (4.0000) kl_beta 0.0000 (0.0000) lr 9.9901e-04 eta 0:00:58
epoch [3/50] batch [4/4] time 0.116 (0.261) data 0.000 (0.136) loss 1.6185 (2.0844) acc 75.0000 (73.4375) data_term 1.6185 (2.0844) raw_kl_rep 35.7930 (22.9903) raw_kl_proj_rep 0.0000 (0.0000) kl_rep_term 0.0000 (0.0000) kl_proj_rep_term 0.0000 (0.0000) kl_term 0.0000 (0.0000) kl_normalizer 4.0000 (4.0000) kl_beta 0.0000 (0.0000) lr 9.9606e-04 eta 0:00:49
epoch [4/50] batch [1/4] time 0.746 (0.746) data 0.548 (0.548) loss 1.4659 (1.4659) acc 90.6250 (90.6250) data_term 1.4659 (1.4659) raw_kl_rep 46.4038 (46.4038) raw_kl_proj_rep 0.0000 (0.0000) kl_rep_term 0.0000 (0.0000) kl_proj_rep_term 0.0000 (0.0000) kl_term 0.0000 (0.0000) kl_normalizer 4.0000 (4.0000) kl_beta 0.0000 (0.0000) lr 9.9606e-04 eta 0:02:19
epoch [4/50] batch [2/4] time 0.180 (0.463) data 0.000 (0.274) loss 1.7467 (1.6063) acc 78.1250 (84.3750) data_term 1.7467 (1.6063) raw_kl_rep 58.0073 (52.2056) raw_kl_proj_rep 0.0000 (0.0000) kl_rep_term 0.0000 (0.0000) kl_proj_rep_term 0.0000 (0.0000) kl_term 0.0000 (0.0000) kl_normalizer 4.0000 (4.0000) kl_beta 0.0000 (0.0000) lr 9.9606e-04 eta 0:01:26
epoch [4/50] batch [3/4] time 0.130 (0.352) data 0.000 (0.183) loss 1.1280 (1.4469) acc 90.6250 (86.4583) data_term 1.1280 (1.4469) raw_kl_rep 70.6926 (58.3679) raw_kl_proj_rep 0.0000 (0.0000) kl_rep_term 0.0000 (0.0000) kl_proj_rep_term 0.0000 (0.0000) kl_term 0.0000 (0.0000) kl_normalizer 4.0000 (4.0000) kl_beta 0.0000 (0.0000) lr 9.9606e-04 eta 0:01:05
epoch [4/50] batch [4/4] time 0.132 (0.297) data 0.000 (0.137) loss 1.4158 (1.4391) acc 84.3750 (85.9375) data_term 1.4158 (1.4391) raw_kl_rep 83.3771 (64.6202) raw_kl_proj_rep 0.0000 (0.0000) kl_rep_term 0.0000 (0.0000) kl_proj_rep_term 0.0000 (0.0000) kl_term 0.0000 (0.0000) kl_normalizer 4.0000 (4.0000) kl_beta 0.0000 (0.0000) lr 9.9114e-04 eta 0:00:54
epoch [5/50] batch [1/4] time 0.735 (0.735) data 0.511 (0.511) loss 0.9942 (0.9942) acc 90.6250 (90.6250) data_term 0.9942 (0.9942) raw_kl_rep 96.3474 (96.3474) raw_kl_proj_rep 0.0000 (0.0000) kl_rep_term 0.0000 (0.0000) kl_proj_rep_term 0.0000 (0.0000) kl_term 0.0000 (0.0000) kl_normalizer 4.0000 (4.0000) kl_beta 0.0000 (0.0000) lr 9.9114e-04 eta 0:02:14
epoch [5/50] batch [2/4] time 0.118 (0.427) data 0.000 (0.256) loss 0.9442 (0.9692) acc 93.7500 (92.1875) data_term 0.9442 (0.9692) raw_kl_rep 108.2412 (102.2943) raw_kl_proj_rep 0.0000 (0.0000) kl_rep_term 0.0000 (0.0000) kl_proj_rep_term 0.0000 (0.0000) kl_term 0.0000 (0.0000) kl_normalizer 4.0000 (4.0000) kl_beta 0.0000 (0.0000) lr 9.9114e-04 eta 0:01:17
epoch [5/50] batch [3/4] time 0.110 (0.321) data 0.000 (0.171) loss 1.3544 (1.0976) acc 81.2500 (88.5417) data_term 1.3544 (1.0976) raw_kl_rep 120.5749 (108.3878) raw_kl_proj_rep 0.0000 (0.0000) kl_rep_term 0.0000 (0.0000) kl_proj_rep_term 0.0000 (0.0000) kl_term 0.0000 (0.0000) kl_normalizer 4.0000 (4.0000) kl_beta 0.0000 (0.0000) lr 9.9114e-04 eta 0:00:58
epoch [5/50] batch [4/4] time 0.114 (0.269) data 0.000 (0.128) loss 0.8725 (1.0413) acc 87.5000 (88.2812) data_term 0.8725 (1.0413) raw_kl_rep 133.1201 (114.5709) raw_kl_proj_rep 0.0000 (0.0000) kl_rep_term 0.0000 (0.0000) kl_proj_rep_term 0.0000 (0.0000) kl_term 0.0000 (0.0000) kl_normalizer 4.0000 (4.0000) kl_beta 0.0000 (0.0000) lr 9.8429e-04 eta 0:00:48
epoch [6/50] batch [1/4] time 0.599 (0.599) data 0.410 (0.410) loss 1.0302 (1.0302) acc 84.3750 (84.3750) data_term 1.0302 (1.0302) raw_kl_rep 146.0753 (146.0753) raw_kl_proj_rep 0.0000 (0.0000) kl_rep_term 0.0000 (0.0000) kl_proj_rep_term 0.0000 (0.0000) kl_term 0.0000 (0.0000) kl_normalizer 4.0000 (4.0000) kl_beta 0.0000 (0.0000) lr 9.8429e-04 eta 0:01:47
epoch [6/50] batch [2/4] time 0.151 (0.375) data 0.000 (0.205) loss 0.7902 (0.9102) acc 90.6250 (87.5000) data_term 0.7902 (0.9102) raw_kl_rep 159.4148 (152.7450) raw_kl_proj_rep 0.0000 (0.0000) kl_rep_term 0.0000 (0.0000) kl_proj_rep_term 0.0000 (0.0000) kl_term 0.0000 (0.0000) kl_normalizer 4.0000 (4.0000) kl_beta 0.0000 (0.0000) lr 9.8429e-04 eta 0:01:06
epoch [6/50] batch [3/4] time 0.106 (0.286) data 0.000 (0.137) loss 0.7491 (0.8565) acc 90.6250 (88.5417) data_term 0.7491 (0.8565) raw_kl_rep 173.1342 (159.5414) raw_kl_proj_rep 0.0000 (0.0000) kl_rep_term 0.0000 (0.0000) kl_proj_rep_term 0.0000 (0.0000) kl_term 0.0000 (0.0000) kl_normalizer 4.0000 (4.0000) kl_beta 0.0000 (0.0000) lr 9.8429e-04 eta 0:00:50
epoch [6/50] batch [4/4] time 0.142 (0.250) data 0.000 (0.103) loss 0.4376 (0.7518) acc 96.8750 (90.6250) data_term 0.4376 (0.7518) raw_kl_rep 186.4507 (166.2687) raw_kl_proj_rep 0.0000 (0.0000) kl_rep_term 0.0000 (0.0000) kl_proj_rep_term 0.0000 (0.0000) kl_term 0.0000 (0.0000) kl_normalizer 4.0000 (4.0000) kl_beta 0.0000 (0.0000) lr 9.7553e-04 eta 0:00:43
epoch [7/50] batch [1/4] time 0.737 (0.737) data 0.566 (0.566) loss 0.5146 (0.5146) acc 93.7500 (93.7500) data_term 0.5145 (0.5145) raw_kl_rep 199.5376 (199.5376) raw_kl_proj_rep 0.0000 (0.0000) kl_rep_term 0.0001 (0.0001) kl_proj_rep_term 0.0000 (0.0000) kl_term 0.0001 (0.0001) kl_normalizer 4.0000 (4.0000) kl_beta 0.0227 (0.0227) lr 9.7553e-04 eta 0:02:08
epoch [7/50] batch [2/4] time 0.105 (0.421) data 0.000 (0.283) loss 0.4821 (0.4984) acc 96.8750 (95.3125) data_term 0.4820 (0.4983) raw_kl_rep 212.2007 (205.8691) raw_kl_proj_rep 0.0000 (0.0000) kl_rep_term 0.0001 (0.0001) kl_proj_rep_term 0.0000 (0.0000) kl_term 0.0001 (0.0001) kl_normalizer 4.0000 (4.0000) kl_beta 0.0227 (0.0227) lr 9.7553e-04 eta 0:01:13
epoch [7/50] batch [3/4] time 0.130 (0.324) data 0.000 (0.189) loss 0.6055 (0.5341) acc 84.3750 (91.6667) data_term 0.6054 (0.5340) raw_kl_rep 223.9549 (211.8977) raw_kl_proj_rep 0.0000 (0.0000) kl_rep_term 0.0001 (0.0001) kl_proj_rep_term 0.0000 (0.0000) kl_term 0.0001 (0.0001) kl_normalizer 4.0000 (4.0000) kl_beta 0.0227 (0.0227) lr 9.7553e-04 eta 0:00:56
epoch [7/50] batch [4/4] time 0.124 (0.274) data 0.000 (0.142) loss 0.5394 (0.5354) acc 87.5000 (90.6250) data_term 0.5393 (0.5353) raw_kl_rep 235.8605 (217.8884) raw_kl_proj_rep 0.0000 (0.0000) kl_rep_term 0.0001 (0.0001) kl_proj_rep_term 0.0000 (0.0000) kl_term 0.0001 (0.0001) kl_normalizer 4.0000 (4.0000) kl_beta 0.0227 (0.0227) lr 9.6489e-04 eta 0:00:47
epoch [8/50] batch [1/4] time 0.696 (0.696) data 0.524 (0.524) loss 0.3198 (0.3198) acc 96.8750 (96.8750) data_term 0.3196 (0.3196) raw_kl_rep 245.4104 (245.4104) raw_kl_proj_rep 0.0000 (0.0000) kl_rep_term 0.0003 (0.0003) kl_proj_rep_term 0.0000 (0.0000) kl_term 0.0003 (0.0003) kl_normalizer 4.0000 (4.0000) kl_beta 0.0455 (0.0455) lr 9.6489e-04 eta 0:01:59
epoch [8/50] batch [2/4] time 0.123 (0.410) data 0.000 (0.262) loss 0.2560 (0.2879) acc 100.0000 (98.4375) data_term 0.2557 (0.2876) raw_kl_rep 252.9823 (249.1964) raw_kl_proj_rep 0.0000 (0.0000) kl_rep_term 0.0003 (0.0003) kl_proj_rep_term 0.0000 (0.0000) kl_term 0.0003 (0.0003) kl_normalizer 4.0000 (4.0000) kl_beta 0.0455 (0.0455) lr 9.6489e-04 eta 0:01:09
epoch [8/50] batch [3/4] time 0.126 (0.315) data 0.000 (0.175) loss 0.3489 (0.3083) acc 100.0000 (98.9583) data_term 0.3486 (0.3080) raw_kl_rep 259.9667 (252.7865) raw_kl_proj_rep 0.0000 (0.0000) kl_rep_term 0.0003 (0.0003) kl_proj_rep_term 0.0000 (0.0000) kl_term 0.0003 (0.0003) kl_normalizer 4.0000 (4.0000) kl_beta 0.0455 (0.0455) lr 9.6489e-04 eta 0:00:53
epoch [8/50] batch [4/4] time 0.127 (0.268) data 0.000 (0.131) loss 0.2766 (0.3003) acc 96.8750 (98.4375) data_term 0.2763 (0.3000) raw_kl_rep 266.7501 (256.2774) raw_kl_proj_rep 0.0000 (0.0000) kl_rep_term 0.0003 (0.0003) kl_proj_rep_term 0.0000 (0.0000) kl_term 0.0003 (0.0003) kl_normalizer 4.0000 (4.0000) kl_beta 0.0455 (0.0455) lr 9.5241e-04 eta 0:00:45
epoch [9/50] batch [1/4] time 0.684 (0.684) data 0.488 (0.488) loss 0.2840 (0.2840) acc 100.0000 (100.0000) data_term 0.2835 (0.2835) raw_kl_rep 274.0785 (274.0785) raw_kl_proj_rep 0.0000 (0.0000) kl_rep_term 0.0005 (0.0005) kl_proj_rep_term 0.0000 (0.0000) kl_term 0.0005 (0.0005) kl_normalizer 4.0000 (4.0000) kl_beta 0.0682 (0.0682) lr 9.5241e-04 eta 0:01:54
epoch [9/50] batch [2/4] time 0.127 (0.405) data 0.000 (0.244) loss 0.1978 (0.2409) acc 100.0000 (100.0000) data_term 0.1973 (0.2404) raw_kl_rep 281.4261 (277.7523) raw_kl_proj_rep 0.0000 (0.0000) kl_rep_term 0.0005 (0.0005) kl_proj_rep_term 0.0000 (0.0000) kl_term 0.0005 (0.0005) kl_normalizer 4.0000 (4.0000) kl_beta 0.0682 (0.0682) lr 9.5241e-04 eta 0:01:07
epoch [9/50] batch [3/4] time 0.134 (0.315) data 0.000 (0.163) loss 0.2464 (0.2427) acc 100.0000 (100.0000) data_term 0.2459 (0.2422) raw_kl_rep 289.6080 (281.7042) raw_kl_proj_rep 0.0000 (0.0000) kl_rep_term 0.0005 (0.0005) kl_proj_rep_term 0.0000 (0.0000) kl_term 0.0005 (0.0005) kl_normalizer 4.0000 (4.0000) kl_beta 0.0682 (0.0682) lr 9.5241e-04 eta 0:00:51
epoch [9/50] batch [4/4] time 0.138 (0.271) data 0.000 (0.122) loss 0.2644 (0.2481) acc 100.0000 (100.0000) data_term 0.2639 (0.2477) raw_kl_rep 295.3588 (285.1178) raw_kl_proj_rep 0.0000 (0.0000) kl_rep_term 0.0005 (0.0005) kl_proj_rep_term 0.0000 (0.0000) kl_term 0.0005 (0.0005) kl_normalizer 4.0000 (4.0000) kl_beta 0.0682 (0.0682) lr 9.3815e-04 eta 0:00:44
epoch [10/50] batch [1/4] time 0.744 (0.744) data 0.547 (0.547) loss 0.1625 (0.1625) acc 100.0000 (100.0000) data_term 0.1618 (0.1618) raw_kl_rep 299.3212 (299.3212) raw_kl_proj_rep 0.0000 (0.0000) kl_rep_term 0.0007 (0.0007) kl_proj_rep_term 0.0000 (0.0000) kl_term 0.0007 (0.0007) kl_normalizer 4.0000 (4.0000) kl_beta 0.0909 (0.0909) lr 9.3815e-04 eta 0:02:01
epoch [10/50] batch [2/4] time 0.146 (0.445) data 0.000 (0.274) loss 0.2439 (0.2032) acc 96.8750 (98.4375) data_term 0.2433 (0.2025) raw_kl_rep 303.0952 (301.2082) raw_kl_proj_rep 0.0000 (0.0000) kl_rep_term 0.0007 (0.0007) kl_proj_rep_term 0.0000 (0.0000) kl_term 0.0007 (0.0007) kl_normalizer 4.0000 (4.0000) kl_beta 0.0909 (0.0909) lr 9.3815e-04 eta 0:01:12
epoch [10/50] batch [3/4] time 0.145 (0.345) data 0.000 (0.183) loss 0.2048 (0.2037) acc 100.0000 (98.9583) data_term 0.2041 (0.2031) raw_kl_rep 306.7402 (303.0522) raw_kl_proj_rep 0.0000 (0.0000) kl_rep_term 0.0007 (0.0007) kl_proj_rep_term 0.0000 (0.0000) kl_term 0.0007 (0.0007) kl_normalizer 4.0000 (4.0000) kl_beta 0.0909 (0.0909) lr 9.3815e-04 eta 0:00:55
epoch [10/50] batch [4/4] time 0.148 (0.296) data 0.000 (0.137) loss 0.1889 (0.2000) acc 100.0000 (99.2188) data_term 0.1882 (0.1994) raw_kl_rep 310.6476 (304.9510) raw_kl_proj_rep 0.0000 (0.0000) kl_rep_term 0.0007 (0.0007) kl_proj_rep_term 0.0000 (0.0000) kl_term 0.0007 (0.0007) kl_normalizer 4.0000 (4.0000) kl_beta 0.0909 (0.0909) lr 9.2216e-04 eta 0:00:47
epoch [11/50] batch [1/4] time 0.586 (0.586) data 0.421 (0.421) loss 0.2169 (0.2169) acc 93.7500 (93.7500) data_term 0.2160 (0.2160) raw_kl_rep 315.1098 (315.1098) raw_kl_proj_rep 0.0000 (0.0000) kl_rep_term 0.0009 (0.0009) kl_proj_rep_term 0.0000 (0.0000) kl_term 0.0009 (0.0009) kl_normalizer 4.0000 (4.0000) kl_beta 0.1136 (0.1136) lr 9.2216e-04 eta 0:01:33
epoch [11/50] batch [2/4] time 0.136 (0.361) data 0.000 (0.211) loss 0.2109 (0.2139) acc 100.0000 (96.8750) data_term 0.2099 (0.2130) raw_kl_rep 319.2846 (317.1972) raw_kl_proj_rep 0.0000 (0.0000) kl_rep_term 0.0009 (0.0009) kl_proj_rep_term 0.0000 (0.0000) kl_term 0.0009 (0.0009) kl_normalizer 4.0000 (4.0000) kl_beta 0.1136 (0.1136) lr 9.2216e-04 eta 0:00:57
epoch [11/50] batch [3/4] time 0.126 (0.283) data 0.000 (0.140) loss 0.1332 (0.1870) acc 100.0000 (97.9167) data_term 0.1323 (0.1861) raw_kl_rep 324.0636 (319.4860) raw_kl_proj_rep 0.0000 (0.0000) kl_rep_term 0.0009 (0.0009) kl_proj_rep_term 0.0000 (0.0000) kl_term 0.0009 (0.0009) kl_normalizer 4.0000 (4.0000) kl_beta 0.1136 (0.1136) lr 9.2216e-04 eta 0:00:44
epoch [11/50] batch [4/4] time 0.135 (0.246) data 0.000 (0.105) loss 0.1531 (0.1785) acc 100.0000 (98.4375) data_term 0.1521 (0.1776) raw_kl_rep 328.6723 (321.7826) raw_kl_proj_rep 0.0000 (0.0000) kl_rep_term 0.0009 (0.0009) kl_proj_rep_term 0.0000 (0.0000) kl_term 0.0009 (0.0009) kl_normalizer 4.0000 (4.0000) kl_beta 0.1136 (0.1136) lr 9.0451e-04 eta 0:00:38
epoch [12/50] batch [1/4] time 0.677 (0.677) data 0.442 (0.442) loss 0.1291 (0.1291) acc 100.0000 (100.0000) data_term 0.1280 (0.1280) raw_kl_rep 332.6622 (332.6622) raw_kl_proj_rep 0.0000 (0.0000) kl_rep_term 0.0011 (0.0011) kl_proj_rep_term 0.0000 (0.0000) kl_term 0.0011 (0.0011) kl_normalizer 4.0000 (4.0000) kl_beta 0.1364 (0.1364) lr 9.0451e-04 eta 0:01:44
epoch [12/50] batch [2/4] time 0.133 (0.405) data 0.000 (0.221) loss 0.1474 (0.1382) acc 100.0000 (100.0000) data_term 0.1462 (0.1371) raw_kl_rep 336.1188 (334.3905) raw_kl_proj_rep 0.0000 (0.0000) kl_rep_term 0.0011 (0.0011) kl_proj_rep_term 0.0000 (0.0000) kl_term 0.0011 (0.0011) kl_normalizer 4.0000 (4.0000) kl_beta 0.1364 (0.1364) lr 9.0451e-04 eta 0:01:02
epoch [12/50] batch [3/4] time 0.162 (0.324) data 0.000 (0.148) loss 0.1081 (0.1282) acc 100.0000 (100.0000) data_term 0.1070 (0.1271) raw_kl_rep 337.9900 (335.5903) raw_kl_proj_rep 0.0000 (0.0000) kl_rep_term 0.0012 (0.0011) kl_proj_rep_term 0.0000 (0.0000) kl_term 0.0012 (0.0011) kl_normalizer 4.0000 (4.0000) kl_beta 0.1364 (0.1364) lr 9.0451e-04 eta 0:00:49
epoch [12/50] batch [4/4] time 0.120 (0.273) data 0.000 (0.111) loss 0.1644 (0.1373) acc 96.8750 (99.2188) data_term 0.1633 (0.1361) raw_kl_rep 339.3427 (336.5284) raw_kl_proj_rep 0.0000 (0.0000) kl_rep_term 0.0012 (0.0011) kl_proj_rep_term 0.0000 (0.0000) kl_term 0.0012 (0.0011) kl_normalizer 4.0000 (4.0000) kl_beta 0.1364 (0.1364) lr 8.8526e-04 eta 0:00:41
epoch [13/50] batch [1/4] time 0.608 (0.608) data 0.423 (0.423) loss 0.1207 (0.1207) acc 100.0000 (100.0000) data_term 0.1193 (0.1193) raw_kl_rep 340.8682 (340.8682) raw_kl_proj_rep 0.0000 (0.0000) kl_rep_term 0.0014 (0.0014) kl_proj_rep_term 0.0000 (0.0000) kl_term 0.0014 (0.0014) kl_normalizer 4.0000 (4.0000) kl_beta 0.1591 (0.1591) lr 8.8526e-04 eta 0:01:31
epoch [13/50] batch [2/4] time 0.140 (0.374) data 0.000 (0.212) loss 0.0962 (0.1084) acc 100.0000 (100.0000) data_term 0.0948 (0.1071) raw_kl_rep 341.5169 (341.1926) raw_kl_proj_rep 0.0000 (0.0000) kl_rep_term 0.0014 (0.0014) kl_proj_rep_term 0.0000 (0.0000) kl_term 0.0014 (0.0014) kl_normalizer 4.0000 (4.0000) kl_beta 0.1591 (0.1591) lr 8.8526e-04 eta 0:00:56
epoch [13/50] batch [3/4] time 0.134 (0.294) data 0.000 (0.141) loss 0.1010 (0.1060) acc 100.0000 (100.0000) data_term 0.0996 (0.1046) raw_kl_rep 342.3174 (341.5675) raw_kl_proj_rep 0.0000 (0.0000) kl_rep_term 0.0014 (0.0014) kl_proj_rep_term 0.0000 (0.0000) kl_term 0.0014 (0.0014) kl_normalizer 4.0000 (4.0000) kl_beta 0.1591 (0.1591) lr 8.8526e-04 eta 0:00:43
epoch [13/50] batch [4/4] time 0.149 (0.258) data 0.000 (0.106) loss 0.1112 (0.1073) acc 100.0000 (100.0000) data_term 0.1098 (0.1059) raw_kl_rep 343.7156 (342.1045) raw_kl_proj_rep 0.0000 (0.0000) kl_rep_term 0.0014 (0.0014) kl_proj_rep_term 0.0000 (0.0000) kl_term 0.0014 (0.0014) kl_normalizer 4.0000 (4.0000) kl_beta 0.1591 (0.1591) lr 8.6448e-04 eta 0:00:38
epoch [14/50] batch [1/4] time 0.641 (0.641) data 0.467 (0.467) loss 0.0840 (0.0840) acc 100.0000 (100.0000) data_term 0.0824 (0.0824) raw_kl_rep 345.3389 (345.3389) raw_kl_proj_rep 0.0000 (0.0000) kl_rep_term 0.0016 (0.0016) kl_proj_rep_term 0.0000 (0.0000) kl_term 0.0016 (0.0016) kl_normalizer 4.0000 (4.0000) kl_beta 0.1818 (0.1818) lr 8.6448e-04 eta 0:01:34
epoch [14/50] batch [2/4] time 0.138 (0.390) data 0.000 (0.234) loss 0.1726 (0.1283) acc 96.8750 (98.4375) data_term 0.1710 (0.1267) raw_kl_rep 347.2889 (346.3139) raw_kl_proj_rep 0.0000 (0.0000) kl_rep_term 0.0016 (0.0016) kl_proj_rep_term 0.0000 (0.0000) kl_term 0.0016 (0.0016) kl_normalizer 4.0000 (4.0000) kl_beta 0.1818 (0.1818) lr 8.6448e-04 eta 0:00:56
epoch [14/50] batch [3/4] time 0.133 (0.304) data 0.000 (0.156) loss 0.1288 (0.1285) acc 100.0000 (98.9583) data_term 0.1272 (0.1269) raw_kl_rep 349.1819 (347.2699) raw_kl_proj_rep 0.0000 (0.0000) kl_rep_term 0.0016 (0.0016) kl_proj_rep_term 0.0000 (0.0000) kl_term 0.0016 (0.0016) kl_normalizer 4.0000 (4.0000) kl_beta 0.1818 (0.1818) lr 8.6448e-04 eta 0:00:44
epoch [14/50] batch [4/4] time 0.131 (0.261) data 0.000 (0.117) loss 0.0905 (0.1190) acc 100.0000 (99.2188) data_term 0.0889 (0.1174) raw_kl_rep 350.7933 (348.1508) raw_kl_proj_rep 0.0000 (0.0000) kl_rep_term 0.0016 (0.0016) kl_proj_rep_term 0.0000 (0.0000) kl_term 0.0016 (0.0016) kl_normalizer 4.0000 (4.0000) kl_beta 0.1818 (0.1818) lr 8.4227e-04 eta 0:00:37
epoch [15/50] batch [1/4] time 0.602 (0.602) data 0.432 (0.432) loss 0.0875 (0.0875) acc 100.0000 (100.0000) data_term 0.0857 (0.0857) raw_kl_rep 352.4597 (352.4597) raw_kl_proj_rep 0.0000 (0.0000) kl_rep_term 0.0018 (0.0018) kl_proj_rep_term 0.0000 (0.0000) kl_term 0.0018 (0.0018) kl_normalizer 4.0000 (4.0000) kl_beta 0.2045 (0.2045) lr 8.4227e-04 eta 0:01:26
epoch [15/50] batch [2/4] time 0.132 (0.367) data 0.000 (0.216) loss 0.1016 (0.0946) acc 100.0000 (100.0000) data_term 0.0998 (0.0928) raw_kl_rep 353.7637 (353.1117) raw_kl_proj_rep 0.0000 (0.0000) kl_rep_term 0.0018 (0.0018) kl_proj_rep_term 0.0000 (0.0000) kl_term 0.0018 (0.0018) kl_normalizer 4.0000 (4.0000) kl_beta 0.2045 (0.2045) lr 8.4227e-04 eta 0:00:52
epoch [15/50] batch [3/4] time 0.130 (0.288) data 0.000 (0.144) loss 0.1649 (0.1180) acc 96.8750 (98.9583) data_term 0.1631 (0.1162) raw_kl_rep 354.9026 (353.7087) raw_kl_proj_rep 0.0000 (0.0000) kl_rep_term 0.0018 (0.0018) kl_proj_rep_term 0.0000 (0.0000) kl_term 0.0018 (0.0018) kl_normalizer 4.0000 (4.0000) kl_beta 0.2045 (0.2045) lr 8.4227e-04 eta 0:00:40
epoch [15/50] batch [4/4] time 0.140 (0.251) data 0.000 (0.108) loss 0.1969 (0.1377) acc 96.8750 (98.4375) data_term 0.1951 (0.1359) raw_kl_rep 355.3691 (354.1238) raw_kl_proj_rep 0.0000 (0.0000) kl_rep_term 0.0018 (0.0018) kl_proj_rep_term 0.0000 (0.0000) kl_term 0.0018 (0.0018) kl_normalizer 4.0000 (4.0000) kl_beta 0.2045 (0.2045) lr 8.1871e-04 eta 0:00:35
epoch [16/50] batch [1/4] time 0.765 (0.765) data 0.578 (0.578) loss 0.1040 (0.1040) acc 100.0000 (100.0000) data_term 0.1020 (0.1020) raw_kl_rep 355.0382 (355.0382) raw_kl_proj_rep 0.0000 (0.0000) kl_rep_term 0.0020 (0.0020) kl_proj_rep_term 0.0000 (0.0000) kl_term 0.0020 (0.0020) kl_normalizer 4.0000 (4.0000) kl_beta 0.2273 (0.2273) lr 8.1871e-04 eta 0:01:46
epoch [16/50] batch [2/4] time 0.134 (0.450) data 0.000 (0.289) loss 0.0851 (0.0946) acc 100.0000 (100.0000) data_term 0.0831 (0.0925) raw_kl_rep 354.8793 (354.9587) raw_kl_proj_rep 0.0000 (0.0000) kl_rep_term 0.0020 (0.0020) kl_proj_rep_term 0.0000 (0.0000) kl_term 0.0020 (0.0020) kl_normalizer 4.0000 (4.0000) kl_beta 0.2273 (0.2273) lr 8.1871e-04 eta 0:01:02
epoch [16/50] batch [3/4] time 0.128 (0.342) data 0.000 (0.193) loss 0.1144 (0.1012) acc 100.0000 (100.0000) data_term 0.1124 (0.0992) raw_kl_rep 355.1032 (355.0069) raw_kl_proj_rep 0.0000 (0.0000) kl_rep_term 0.0020 (0.0020) kl_proj_rep_term 0.0000 (0.0000) kl_term 0.0020 (0.0020) kl_normalizer 4.0000 (4.0000) kl_beta 0.2273 (0.2273) lr 8.1871e-04 eta 0:00:46
epoch [16/50] batch [4/4] time 0.175 (0.301) data 0.000 (0.145) loss 0.0700 (0.0934) acc 100.0000 (100.0000) data_term 0.0680 (0.0914) raw_kl_rep 355.6109 (355.1579) raw_kl_proj_rep 0.0000 (0.0000) kl_rep_term 0.0020 (0.0020) kl_proj_rep_term 0.0000 (0.0000) kl_term 0.0020 (0.0020) kl_normalizer 4.0000 (4.0000) kl_beta 0.2273 (0.2273) lr 7.9389e-04 eta 0:00:40
epoch [17/50] batch [1/4] time 0.732 (0.732) data 0.546 (0.546) loss 0.0850 (0.0850) acc 100.0000 (100.0000) data_term 0.0828 (0.0828) raw_kl_rep 356.3411 (356.3411) raw_kl_proj_rep 0.0000 (0.0000) kl_rep_term 0.0022 (0.0022) kl_proj_rep_term 0.0000 (0.0000) kl_term 0.0022 (0.0022) kl_normalizer 4.0000 (4.0000) kl_beta 0.2500 (0.2500) lr 7.9389e-04 eta 0:01:38
epoch [17/50] batch [2/4] time 0.140 (0.436) data 0.000 (0.273) loss 0.0998 (0.0924) acc 100.0000 (100.0000) data_term 0.0975 (0.0902) raw_kl_rep 357.2948 (356.8179) raw_kl_proj_rep 0.0000 (0.0000) kl_rep_term 0.0022 (0.0022) kl_proj_rep_term 0.0000 (0.0000) kl_term 0.0022 (0.0022) kl_normalizer 4.0000 (4.0000) kl_beta 0.2500 (0.2500) lr 7.9389e-04 eta 0:00:58
epoch [17/50] batch [3/4] time 0.142 (0.338) data 0.000 (0.182) loss 0.0912 (0.0920) acc 96.8750 (98.9583) data_term 0.0889 (0.0897) raw_kl_rep 358.2536 (357.2965) raw_kl_proj_rep 0.0000 (0.0000) kl_rep_term 0.0022 (0.0022) kl_proj_rep_term 0.0000 (0.0000) kl_term 0.0022 (0.0022) kl_normalizer 4.0000 (4.0000) kl_beta 0.2500 (0.2500) lr 7.9389e-04 eta 0:00:44
epoch [17/50] batch [4/4] time 0.205 (0.305) data 0.000 (0.137) loss 0.0863 (0.0905) acc 100.0000 (99.2188) data_term 0.0840 (0.0883) raw_kl_rep 359.4420 (357.8329) raw_kl_proj_rep 0.0000 (0.0000) kl_rep_term 0.0022 (0.0022) kl_proj_rep_term 0.0000 (0.0000) kl_term 0.0022 (0.0022) kl_normalizer 4.0000 (4.0000) kl_beta 0.2500 (0.2500) lr 7.6791e-04 eta 0:00:40
epoch [18/50] batch [1/4] time 0.702 (0.702) data 0.531 (0.531) loss 0.0696 (0.0696) acc 100.0000 (100.0000) data_term 0.0672 (0.0672) raw_kl_rep 360.7099 (360.7099) raw_kl_proj_rep 0.0000 (0.0000) kl_rep_term 0.0025 (0.0025) kl_proj_rep_term 0.0000 (0.0000) kl_term 0.0025 (0.0025) kl_normalizer 4.0000 (4.0000) kl_beta 0.2727 (0.2727) lr 7.6791e-04 eta 0:01:31
epoch [18/50] batch [2/4] time 0.135 (0.419) data 0.000 (0.266) loss 0.1981 (0.1338) acc 96.8750 (98.4375) data_term 0.1956 (0.1314) raw_kl_rep 361.6707 (361.1903) raw_kl_proj_rep 0.0000 (0.0000) kl_rep_term 0.0025 (0.0025) kl_proj_rep_term 0.0000 (0.0000) kl_term 0.0025 (0.0025) kl_normalizer 4.0000 (4.0000) kl_beta 0.2727 (0.2727) lr 7.6791e-04 eta 0:00:54
epoch [18/50] batch [3/4] time 0.159 (0.332) data 0.000 (0.177) loss 0.0885 (0.1187) acc 100.0000 (98.9583) data_term 0.0860 (0.1163) raw_kl_rep 361.2202 (361.2003) raw_kl_proj_rep 0.0000 (0.0000) kl_rep_term 0.0025 (0.0025) kl_proj_rep_term 0.0000 (0.0000) kl_term 0.0025 (0.0025) kl_normalizer 4.0000 (4.0000) kl_beta 0.2727 (0.2727) lr 7.6791e-04 eta 0:00:42
epoch [18/50] batch [4/4] time 0.171 (0.292) data 0.000 (0.133) loss 0.0752 (0.1078) acc 100.0000 (99.2188) data_term 0.0728 (0.1054) raw_kl_rep 360.8817 (361.1206) raw_kl_proj_rep 0.0000 (0.0000) kl_rep_term 0.0025 (0.0025) kl_proj_rep_term 0.0000 (0.0000) kl_term 0.0025 (0.0025) kl_normalizer 4.0000 (4.0000) kl_beta 0.2727 (0.2727) lr 7.4088e-04 eta 0:00:37
epoch [19/50] batch [1/4] time 0.670 (0.670) data 0.489 (0.489) loss 0.0791 (0.0791) acc 100.0000 (100.0000) data_term 0.0765 (0.0765) raw_kl_rep 360.7181 (360.7181) raw_kl_proj_rep 0.0000 (0.0000) kl_rep_term 0.0027 (0.0027) kl_proj_rep_term 0.0000 (0.0000) kl_term 0.0027 (0.0027) kl_normalizer 4.0000 (4.0000) kl_beta 0.2955 (0.2955) lr 7.4088e-04 eta 0:01:25
epoch [19/50] batch [2/4] time 0.140 (0.405) data 0.000 (0.245) loss 0.0704 (0.0748) acc 100.0000 (100.0000) data_term 0.0678 (0.0721) raw_kl_rep 360.8244 (360.7713) raw_kl_proj_rep 0.0000 (0.0000) kl_rep_term 0.0027 (0.0027) kl_proj_rep_term 0.0000 (0.0000) kl_term 0.0027 (0.0027) kl_normalizer 4.0000 (4.0000) kl_beta 0.2955 (0.2955) lr 7.4088e-04 eta 0:00:51
epoch [19/50] batch [3/4] time 0.132 (0.314) data 0.000 (0.163) loss 0.0572 (0.0689) acc 100.0000 (100.0000) data_term 0.0545 (0.0662) raw_kl_rep 361.0568 (360.8664) raw_kl_proj_rep 0.0000 (0.0000) kl_rep_term 0.0027 (0.0027) kl_proj_rep_term 0.0000 (0.0000) kl_term 0.0027 (0.0027) kl_normalizer 4.0000 (4.0000) kl_beta 0.2955 (0.2955) lr 7.4088e-04 eta 0:00:39
epoch [19/50] batch [4/4] time 0.228 (0.292) data 0.000 (0.122) loss 0.0781 (0.0712) acc 100.0000 (100.0000) data_term 0.0755 (0.0685) raw_kl_rep 361.1896 (360.9472) raw_kl_proj_rep 0.0000 (0.0000) kl_rep_term 0.0027 (0.0027) kl_proj_rep_term 0.0000 (0.0000) kl_term 0.0027 (0.0027) kl_normalizer 4.0000 (4.0000) kl_beta 0.2955 (0.2955) lr 7.1289e-04 eta 0:00:36
epoch [20/50] batch [1/4] time 0.704 (0.704) data 0.533 (0.533) loss 0.0547 (0.0547) acc 100.0000 (100.0000) data_term 0.0518 (0.0518) raw_kl_rep 361.5212 (361.5212) raw_kl_proj_rep 0.0000 (0.0000) kl_rep_term 0.0029 (0.0029) kl_proj_rep_term 0.0000 (0.0000) kl_term 0.0029 (0.0029) kl_normalizer 4.0000 (4.0000) kl_beta 0.3182 (0.3182) lr 7.1289e-04 eta 0:01:26
epoch [20/50] batch [2/4] time 0.130 (0.417) data 0.000 (0.267) loss 0.0625 (0.0586) acc 100.0000 (100.0000) data_term 0.0596 (0.0557) raw_kl_rep 361.8888 (361.7050) raw_kl_proj_rep 0.0000 (0.0000) kl_rep_term 0.0029 (0.0029) kl_proj_rep_term 0.0000 (0.0000) kl_term 0.0029 (0.0029) kl_normalizer 4.0000 (4.0000) kl_beta 0.3182 (0.3182) lr 7.1289e-04 eta 0:00:50
epoch [20/50] batch [3/4] time 0.135 (0.323) data 0.000 (0.178) loss 0.0785 (0.0652) acc 100.0000 (100.0000) data_term 0.0756 (0.0623) raw_kl_rep 362.3607 (361.9236) raw_kl_proj_rep 0.0000 (0.0000) kl_rep_term 0.0029 (0.0029) kl_proj_rep_term 0.0000 (0.0000) kl_term 0.0029 (0.0029) kl_normalizer 4.0000 (4.0000) kl_beta 0.3182 (0.3182) lr 7.1289e-04 eta 0:00:39
epoch [20/50] batch [4/4] time 0.199 (0.292) data 0.000 (0.133) loss 0.0860 (0.0704) acc 100.0000 (100.0000) data_term 0.0831 (0.0675) raw_kl_rep 362.9656 (362.1841) raw_kl_proj_rep 0.0000 (0.0000) kl_rep_term 0.0029 (0.0029) kl_proj_rep_term 0.0000 (0.0000) kl_term 0.0029 (0.0029) kl_normalizer 4.0000 (4.0000) kl_beta 0.3182 (0.3182) lr 6.8406e-04 eta 0:00:35
epoch [21/50] batch [1/4] time 0.716 (0.716) data 0.527 (0.527) loss 0.0636 (0.0636) acc 100.0000 (100.0000) data_term 0.0605 (0.0605) raw_kl_rep 363.6052 (363.6052) raw_kl_proj_rep 0.0000 (0.0000) kl_rep_term 0.0031 (0.0031) kl_proj_rep_term 0.0000 (0.0000) kl_term 0.0031 (0.0031) kl_normalizer 4.0000 (4.0000) kl_beta 0.3409 (0.3409) lr 6.8406e-04 eta 0:01:25
epoch [21/50] batch [2/4] time 0.137 (0.426) data 0.000 (0.264) loss 0.0628 (0.0632) acc 100.0000 (100.0000) data_term 0.0597 (0.0601) raw_kl_rep 364.2050 (363.9051) raw_kl_proj_rep 0.0000 (0.0000) kl_rep_term 0.0031 (0.0031) kl_proj_rep_term 0.0000 (0.0000) kl_term 0.0031 (0.0031) kl_normalizer 4.0000 (4.0000) kl_beta 0.3409 (0.3409) lr 6.8406e-04 eta 0:00:50
epoch [21/50] batch [3/4] time 0.131 (0.328) data 0.000 (0.176) loss 0.0800 (0.0688) acc 100.0000 (100.0000) data_term 0.0769 (0.0657) raw_kl_rep 364.7320 (364.1808) raw_kl_proj_rep 0.0000 (0.0000) kl_rep_term 0.0031 (0.0031) kl_proj_rep_term 0.0000 (0.0000) kl_term 0.0031 (0.0031) kl_normalizer 4.0000 (4.0000) kl_beta 0.3409 (0.3409) lr 6.8406e-04 eta 0:00:38
epoch [21/50] batch [4/4] time 0.178 (0.290) data 0.000 (0.132) loss 0.0886 (0.0737) acc 100.0000 (100.0000) data_term 0.0855 (0.0706) raw_kl_rep 365.1451 (364.4218) raw_kl_proj_rep 0.0000 (0.0000) kl_rep_term 0.0031 (0.0031) kl_proj_rep_term 0.0000 (0.0000) kl_term 0.0031 (0.0031) kl_normalizer 4.0000 (4.0000) kl_beta 0.3409 (0.3409) lr 6.5451e-04 eta 0:00:33
epoch [22/50] batch [1/4] time 0.682 (0.682) data 0.520 (0.520) loss 0.0541 (0.0541) acc 100.0000 (100.0000) data_term 0.0508 (0.0508) raw_kl_rep 365.9233 (365.9233) raw_kl_proj_rep 0.0000 (0.0000) kl_rep_term 0.0033 (0.0033) kl_proj_rep_term 0.0000 (0.0000) kl_term 0.0033 (0.0033) kl_normalizer 4.0000 (4.0000) kl_beta 0.3636 (0.3636) lr 6.5451e-04 eta 0:01:18
epoch [22/50] batch [2/4] time 0.125 (0.404) data 0.000 (0.260) loss 0.0647 (0.0594) acc 100.0000 (100.0000) data_term 0.0614 (0.0561) raw_kl_rep 366.4754 (366.1994) raw_kl_proj_rep 0.0000 (0.0000) kl_rep_term 0.0033 (0.0033) kl_proj_rep_term 0.0000 (0.0000) kl_term 0.0033 (0.0033) kl_normalizer 4.0000 (4.0000) kl_beta 0.3636 (0.3636) lr 6.5451e-04 eta 0:00:46
epoch [22/50] batch [3/4] time 0.124 (0.310) data 0.000 (0.173) loss 0.0701 (0.0630) acc 100.0000 (100.0000) data_term 0.0668 (0.0597) raw_kl_rep 366.8745 (366.4244) raw_kl_proj_rep 0.0000 (0.0000) kl_rep_term 0.0033 (0.0033) kl_proj_rep_term 0.0000 (0.0000) kl_term 0.0033 (0.0033) kl_normalizer 4.0000 (4.0000) kl_beta 0.3636 (0.3636) lr 6.5451e-04 eta 0:00:35
epoch [22/50] batch [4/4] time 0.155 (0.272) data 0.000 (0.130) loss 0.1054 (0.0736) acc 100.0000 (100.0000) data_term 0.1021 (0.0703) raw_kl_rep 367.1527 (366.6065) raw_kl_proj_rep 0.0000 (0.0000) kl_rep_term 0.0033 (0.0033) kl_proj_rep_term 0.0000 (0.0000) kl_term 0.0033 (0.0033) kl_normalizer 4.0000 (4.0000) kl_beta 0.3636 (0.3636) lr 6.2434e-04 eta 0:00:30
epoch [23/50] batch [1/4] time 0.609 (0.609) data 0.407 (0.407) loss 0.0657 (0.0657) acc 100.0000 (100.0000) data_term 0.0621 (0.0621) raw_kl_rep 367.6431 (367.6431) raw_kl_proj_rep 0.0000 (0.0000) kl_rep_term 0.0036 (0.0036) kl_proj_rep_term 0.0000 (0.0000) kl_term 0.0036 (0.0036) kl_normalizer 4.0000 (4.0000) kl_beta 0.3864 (0.3864) lr 6.2434e-04 eta 0:01:07
epoch [23/50] batch [2/4] time 0.129 (0.369) data 0.000 (0.204) loss 0.0519 (0.0588) acc 100.0000 (100.0000) data_term 0.0484 (0.0553) raw_kl_rep 367.9852 (367.8141) raw_kl_proj_rep 0.0000 (0.0000) kl_rep_term 0.0036 (0.0036) kl_proj_rep_term 0.0000 (0.0000) kl_term 0.0036 (0.0036) kl_normalizer 4.0000 (4.0000) kl_beta 0.3864 (0.3864) lr 6.2434e-04 eta 0:00:40
epoch [23/50] batch [3/4] time 0.123 (0.287) data 0.000 (0.136) loss 0.0600 (0.0592) acc 100.0000 (100.0000) data_term 0.0564 (0.0556) raw_kl_rep 368.1108 (367.9130) raw_kl_proj_rep 0.0000 (0.0000) kl_rep_term 0.0036 (0.0036) kl_proj_rep_term 0.0000 (0.0000) kl_term 0.0036 (0.0036) kl_normalizer 4.0000 (4.0000) kl_beta 0.3864 (0.3864) lr 6.2434e-04 eta 0:00:31
epoch [23/50] batch [4/4] time 0.117 (0.245) data 0.000 (0.102) loss 0.0774 (0.0637) acc 100.0000 (100.0000) data_term 0.0739 (0.0602) raw_kl_rep 368.2724 (368.0029) raw_kl_proj_rep 0.0000 (0.0000) kl_rep_term 0.0036 (0.0036) kl_proj_rep_term 0.0000 (0.0000) kl_term 0.0036 (0.0036) kl_normalizer 4.0000 (4.0000) kl_beta 0.3864 (0.3864) lr 5.9369e-04 eta 0:00:26
epoch [24/50] batch [1/4] time 0.720 (0.720) data 0.539 (0.539) loss 0.0692 (0.0692) acc 100.0000 (100.0000) data_term 0.0655 (0.0655) raw_kl_rep 368.4233 (368.4233) raw_kl_proj_rep 0.0000 (0.0000) kl_rep_term 0.0038 (0.0038) kl_proj_rep_term 0.0000 (0.0000) kl_term 0.0038 (0.0038) kl_normalizer 4.0000 (4.0000) kl_beta 0.4091 (0.4091) lr 5.9369e-04 eta 0:01:17
epoch [24/50] batch [2/4] time 0.140 (0.430) data 0.000 (0.270) loss 0.1275 (0.0984) acc 96.8750 (98.4375) data_term 0.1237 (0.0946) raw_kl_rep 368.6234 (368.5233) raw_kl_proj_rep 0.0000 (0.0000) kl_rep_term 0.0038 (0.0038) kl_proj_rep_term 0.0000 (0.0000) kl_term 0.0038 (0.0038) kl_normalizer 4.0000 (4.0000) kl_beta 0.4091 (0.4091) lr 5.9369e-04 eta 0:00:45
epoch [24/50] batch [3/4] time 0.125 (0.328) data 0.000 (0.180) loss 0.0591 (0.0853) acc 100.0000 (98.9583) data_term 0.0553 (0.0815) raw_kl_rep 369.1359 (368.7275) raw_kl_proj_rep 0.0000 (0.0000) kl_rep_term 0.0038 (0.0038) kl_proj_rep_term 0.0000 (0.0000) kl_term 0.0038 (0.0038) kl_normalizer 4.0000 (4.0000) kl_beta 0.4091 (0.4091) lr 5.9369e-04 eta 0:00:34
epoch [24/50] batch [4/4] time 0.127 (0.278) data 0.000 (0.135) loss 0.0684 (0.0811) acc 100.0000 (99.2188) data_term 0.0646 (0.0773) raw_kl_rep 369.6339 (368.9541) raw_kl_proj_rep 0.0000 (0.0000) kl_rep_term 0.0038 (0.0038) kl_proj_rep_term 0.0000 (0.0000) kl_term 0.0038 (0.0038) kl_normalizer 4.0000 (4.0000) kl_beta 0.4091 (0.4091) lr 5.6267e-04 eta 0:00:28
epoch [25/50] batch [1/4] time 0.717 (0.717) data 0.518 (0.518) loss 0.0911 (0.0911) acc 100.0000 (100.0000) data_term 0.0871 (0.0871) raw_kl_rep 369.7969 (369.7969) raw_kl_proj_rep 0.0000 (0.0000) kl_rep_term 0.0040 (0.0040) kl_proj_rep_term 0.0000 (0.0000) kl_term 0.0040 (0.0040) kl_normalizer 4.0000 (4.0000) kl_beta 0.4318 (0.4318) lr 5.6267e-04 eta 0:01:13
epoch [25/50] batch [2/4] time 0.125 (0.421) data 0.000 (0.259) loss 0.0682 (0.0797) acc 100.0000 (100.0000) data_term 0.0643 (0.0757) raw_kl_rep 370.1830 (369.9900) raw_kl_proj_rep 0.0000 (0.0000) kl_rep_term 0.0040 (0.0040) kl_proj_rep_term 0.0000 (0.0000) kl_term 0.0040 (0.0040) kl_normalizer 4.0000 (4.0000) kl_beta 0.4318 (0.4318) lr 5.6267e-04 eta 0:00:42
epoch [25/50] batch [3/4] time 0.129 (0.324) data 0.000 (0.173) loss 0.1595 (0.1063) acc 96.8750 (98.9583) data_term 0.1555 (0.1023) raw_kl_rep 370.6210 (370.2003) raw_kl_proj_rep 0.0000 (0.0000) kl_rep_term 0.0040 (0.0040) kl_proj_rep_term 0.0000 (0.0000) kl_term 0.0040 (0.0040) kl_normalizer 4.0000 (4.0000) kl_beta 0.4318 (0.4318) lr 5.6267e-04 eta 0:00:32
epoch [25/50] batch [4/4] time 0.124 (0.274) data 0.000 (0.130) loss 0.0811 (0.1000) acc 100.0000 (99.2188) data_term 0.0771 (0.0960) raw_kl_rep 370.6239 (370.3062) raw_kl_proj_rep 0.0000 (0.0000) kl_rep_term 0.0040 (0.0040) kl_proj_rep_term 0.0000 (0.0000) kl_term 0.0040 (0.0040) kl_normalizer 4.0000 (4.0000) kl_beta 0.4318 (0.4318) lr 5.3140e-04 eta 0:00:27
epoch [26/50] batch [1/4] time 0.655 (0.655) data 0.457 (0.457) loss 0.0621 (0.0621) acc 100.0000 (100.0000) data_term 0.0579 (0.0579) raw_kl_rep 370.7767 (370.7767) raw_kl_proj_rep 0.0000 (0.0000) kl_rep_term 0.0042 (0.0042) kl_proj_rep_term 0.0000 (0.0000) kl_term 0.0042 (0.0042) kl_normalizer 4.0000 (4.0000) kl_beta 0.4545 (0.4545) lr 5.3140e-04 eta 0:01:04
epoch [26/50] batch [2/4] time 0.142 (0.399) data 0.000 (0.229) loss 0.0610 (0.0616) acc 100.0000 (100.0000) data_term 0.0568 (0.0573) raw_kl_rep 371.0566 (370.9166) raw_kl_proj_rep 0.0000 (0.0000) kl_rep_term 0.0042 (0.0042) kl_proj_rep_term 0.0000 (0.0000) kl_term 0.0042 (0.0042) kl_normalizer 4.0000 (4.0000) kl_beta 0.4545 (0.4545) lr 5.3140e-04 eta 0:00:39
epoch [26/50] batch [3/4] time 0.129 (0.309) data 0.000 (0.153) loss 0.0572 (0.0601) acc 100.0000 (100.0000) data_term 0.0530 (0.0559) raw_kl_rep 371.5052 (371.1128) raw_kl_proj_rep 0.0000 (0.0000) kl_rep_term 0.0042 (0.0042) kl_proj_rep_term 0.0000 (0.0000) kl_term 0.0042 (0.0042) kl_normalizer 4.0000 (4.0000) kl_beta 0.4545 (0.4545) lr 5.3140e-04 eta 0:00:29
epoch [26/50] batch [4/4] time 0.135 (0.265) data 0.000 (0.114) loss 0.0548 (0.0588) acc 100.0000 (100.0000) data_term 0.0506 (0.0546) raw_kl_rep 371.9327 (371.3178) raw_kl_proj_rep 0.0000 (0.0000) kl_rep_term 0.0042 (0.0042) kl_proj_rep_term 0.0000 (0.0000) kl_term 0.0042 (0.0042) kl_normalizer 4.0000 (4.0000) kl_beta 0.4545 (0.4545) lr 5.0000e-04 eta 0:00:25
epoch [27/50] batch [1/4] time 0.745 (0.745) data 0.529 (0.529) loss 0.0498 (0.0498) acc 100.0000 (100.0000) data_term 0.0453 (0.0453) raw_kl_rep 372.3439 (372.3439) raw_kl_proj_rep 0.0000 (0.0000) kl_rep_term 0.0044 (0.0044) kl_proj_rep_term 0.0000 (0.0000) kl_term 0.0044 (0.0044) kl_normalizer 4.0000 (4.0000) kl_beta 0.4773 (0.4773) lr 5.0000e-04 eta 0:01:10
epoch [27/50] batch [2/4] time 0.127 (0.436) data 0.000 (0.265) loss 0.0672 (0.0585) acc 100.0000 (100.0000) data_term 0.0628 (0.0540) raw_kl_rep 372.6652 (372.5045) raw_kl_proj_rep 0.0000 (0.0000) kl_rep_term 0.0044 (0.0044) kl_proj_rep_term 0.0000 (0.0000) kl_term 0.0044 (0.0044) kl_normalizer 4.0000 (4.0000) kl_beta 0.4773 (0.4773) lr 5.0000e-04 eta 0:00:40
epoch [27/50] batch [3/4] time 0.123 (0.332) data 0.000 (0.176) loss 0.0562 (0.0577) acc 100.0000 (100.0000) data_term 0.0517 (0.0533) raw_kl_rep 372.9959 (372.6683) raw_kl_proj_rep 0.0000 (0.0000) kl_rep_term 0.0045 (0.0044) kl_proj_rep_term 0.0000 (0.0000) kl_term 0.0045 (0.0044) kl_normalizer 4.0000 (4.0000) kl_beta 0.4773 (0.4773) lr 5.0000e-04 eta 0:00:30
epoch [27/50] batch [4/4] time 0.127 (0.280) data 0.000 (0.132) loss 0.0669 (0.0600) acc 100.0000 (100.0000) data_term 0.0624 (0.0556) raw_kl_rep 373.3278 (372.8332) raw_kl_proj_rep 0.0000 (0.0000) kl_rep_term 0.0045 (0.0044) kl_proj_rep_term 0.0000 (0.0000) kl_term 0.0045 (0.0044) kl_normalizer 4.0000 (4.0000) kl_beta 0.4773 (0.4773) lr 4.6860e-04 eta 0:00:25
epoch [28/50] batch [1/4] time 0.653 (0.653) data 0.440 (0.440) loss 0.0589 (0.0589) acc 100.0000 (100.0000) data_term 0.0543 (0.0543) raw_kl_rep 373.6279 (373.6279) raw_kl_proj_rep 0.0000 (0.0000) kl_rep_term 0.0047 (0.0047) kl_proj_rep_term 0.0000 (0.0000) kl_term 0.0047 (0.0047) kl_normalizer 4.0000 (4.0000) kl_beta 0.5000 (0.5000) lr 4.6860e-04 eta 0:00:59
epoch [28/50] batch [2/4] time 0.180 (0.417) data 0.000 (0.220) loss 0.0710 (0.0650) acc 100.0000 (100.0000) data_term 0.0663 (0.0603) raw_kl_rep 373.5479 (373.5879) raw_kl_proj_rep 0.0000 (0.0000) kl_rep_term 0.0047 (0.0047) kl_proj_rep_term 0.0000 (0.0000) kl_term 0.0047 (0.0047) kl_normalizer 4.0000 (4.0000) kl_beta 0.5000 (0.5000) lr 4.6860e-04 eta 0:00:37
epoch [28/50] batch [3/4] time 0.134 (0.323) data 0.000 (0.147) loss 0.0705 (0.0668) acc 100.0000 (100.0000) data_term 0.0659 (0.0622) raw_kl_rep 373.4322 (373.5360) raw_kl_proj_rep 0.0000 (0.0000) kl_rep_term 0.0047 (0.0047) kl_proj_rep_term 0.0000 (0.0000) kl_term 0.0047 (0.0047) kl_normalizer 4.0000 (4.0000) kl_beta 0.5000 (0.5000) lr 4.6860e-04 eta 0:00:28
epoch [28/50] batch [4/4] time 0.114 (0.271) data 0.000 (0.110) loss 0.0575 (0.0645) acc 100.0000 (100.0000) data_term 0.0528 (0.0598) raw_kl_rep 373.0601 (373.4170) raw_kl_proj_rep 0.0000 (0.0000) kl_rep_term 0.0047 (0.0047) kl_proj_rep_term 0.0000 (0.0000) kl_term 0.0047 (0.0047) kl_normalizer 4.0000 (4.0000) kl_beta 0.5000 (0.5000) lr 4.3733e-04 eta 0:00:23
epoch [29/50] batch [1/4] time 0.647 (0.647) data 0.487 (0.487) loss 0.0589 (0.0589) acc 100.0000 (100.0000) data_term 0.0540 (0.0540) raw_kl_rep 372.7698 (372.7698) raw_kl_proj_rep 0.0000 (0.0000) kl_rep_term 0.0049 (0.0049) kl_proj_rep_term 0.0000 (0.0000) kl_term 0.0049 (0.0049) kl_normalizer 4.0000 (4.0000) kl_beta 0.5227 (0.5227) lr 4.3733e-04 eta 0:00:56
epoch [29/50] batch [2/4] time 0.137 (0.392) data 0.000 (0.244) loss 0.0946 (0.0768) acc 100.0000 (100.0000) data_term 0.0898 (0.0719) raw_kl_rep 372.5231 (372.6465) raw_kl_proj_rep 0.0000 (0.0000) kl_rep_term 0.0049 (0.0049) kl_proj_rep_term 0.0000 (0.0000) kl_term 0.0049 (0.0049) kl_normalizer 4.0000 (4.0000) kl_beta 0.5227 (0.5227) lr 4.3733e-04 eta 0:00:33
epoch [29/50] batch [3/4] time 0.127 (0.304) data 0.000 (0.163) loss 0.0741 (0.0759) acc 100.0000 (100.0000) data_term 0.0693 (0.0710) raw_kl_rep 372.3902 (372.5610) raw_kl_proj_rep 0.0000 (0.0000) kl_rep_term 0.0049 (0.0049) kl_proj_rep_term 0.0000 (0.0000) kl_term 0.0049 (0.0049) kl_normalizer 4.0000 (4.0000) kl_beta 0.5227 (0.5227) lr 4.3733e-04 eta 0:00:25
epoch [29/50] batch [4/4] time 0.135 (0.261) data 0.000 (0.122) loss 0.0494 (0.0693) acc 100.0000 (100.0000) data_term 0.0445 (0.0644) raw_kl_rep 372.3498 (372.5082) raw_kl_proj_rep 0.0000 (0.0000) kl_rep_term 0.0049 (0.0049) kl_proj_rep_term 0.0000 (0.0000) kl_term 0.0049 (0.0049) kl_normalizer 4.0000 (4.0000) kl_beta 0.5227 (0.5227) lr 4.0631e-04 eta 0:00:21
epoch [30/50] batch [1/4] time 0.680 (0.680) data 0.462 (0.462) loss 0.0678 (0.0678) acc 100.0000 (100.0000) data_term 0.0627 (0.0627) raw_kl_rep 372.3406 (372.3406) raw_kl_proj_rep 0.0000 (0.0000) kl_rep_term 0.0051 (0.0051) kl_proj_rep_term 0.0000 (0.0000) kl_term 0.0051 (0.0051) kl_normalizer 4.0000 (4.0000) kl_beta 0.5455 (0.5455) lr 4.0631e-04 eta 0:00:56
epoch [30/50] batch [2/4] time 0.141 (0.410) data 0.000 (0.231) loss 0.0507 (0.0592) acc 100.0000 (100.0000) data_term 0.0456 (0.0541) raw_kl_rep 372.3672 (372.3539) raw_kl_proj_rep 0.0000 (0.0000) kl_rep_term 0.0051 (0.0051) kl_proj_rep_term 0.0000 (0.0000) kl_term 0.0051 (0.0051) kl_normalizer 4.0000 (4.0000) kl_beta 0.5455 (0.5455) lr 4.0631e-04 eta 0:00:33
epoch [30/50] batch [3/4] time 0.136 (0.319) data 0.000 (0.154) loss 0.1093 (0.0759) acc 96.8750 (98.9583) data_term 0.1042 (0.0708) raw_kl_rep 372.4055 (372.3711) raw_kl_proj_rep 0.0000 (0.0000) kl_rep_term 0.0051 (0.0051) kl_proj_rep_term 0.0000 (0.0000) kl_term 0.0051 (0.0051) kl_normalizer 4.0000 (4.0000) kl_beta 0.5455 (0.5455) lr 4.0631e-04 eta 0:00:25
epoch [30/50] batch [4/4] time 0.136 (0.273) data 0.000 (0.115) loss 0.0582 (0.0715) acc 100.0000 (99.2188) data_term 0.0532 (0.0664) raw_kl_rep 372.1895 (372.3257) raw_kl_proj_rep 0.0000 (0.0000) kl_rep_term 0.0051 (0.0051) kl_proj_rep_term 0.0000 (0.0000) kl_term 0.0051 (0.0051) kl_normalizer 4.0000 (4.0000) kl_beta 0.5455 (0.5455) lr 3.7566e-04 eta 0:00:21
epoch [31/50] batch [1/4] time 0.741 (0.741) data 0.480 (0.480) loss 0.0658 (0.0658) acc 100.0000 (100.0000) data_term 0.0605 (0.0605) raw_kl_rep 372.0569 (372.0569) raw_kl_proj_rep 0.0000 (0.0000) kl_rep_term 0.0053 (0.0053) kl_proj_rep_term 0.0000 (0.0000) kl_term 0.0053 (0.0053) kl_normalizer 4.0000 (4.0000) kl_beta 0.5682 (0.5682) lr 3.7566e-04 eta 0:00:58
epoch [31/50] batch [2/4] time 0.145 (0.443) data 0.000 (0.240) loss 0.0534 (0.0596) acc 100.0000 (100.0000) data_term 0.0481 (0.0543) raw_kl_rep 372.0470 (372.0519) raw_kl_proj_rep 0.0000 (0.0000) kl_rep_term 0.0053 (0.0053) kl_proj_rep_term 0.0000 (0.0000) kl_term 0.0053 (0.0053) kl_normalizer 4.0000 (4.0000) kl_beta 0.5682 (0.5682) lr 3.7566e-04 eta 0:00:34
epoch [31/50] batch [3/4] time 0.130 (0.339) data 0.000 (0.160) loss 0.0537 (0.0576) acc 100.0000 (100.0000) data_term 0.0484 (0.0523) raw_kl_rep 372.0862 (372.0633) raw_kl_proj_rep 0.0000 (0.0000) kl_rep_term 0.0053 (0.0053) kl_proj_rep_term 0.0000 (0.0000) kl_term 0.0053 (0.0053) kl_normalizer 4.0000 (4.0000) kl_beta 0.5682 (0.5682) lr 3.7566e-04 eta 0:00:26
epoch [31/50] batch [4/4] time 0.129 (0.286) data 0.000 (0.120) loss 0.0556 (0.0571) acc 100.0000 (100.0000) data_term 0.0503 (0.0518) raw_kl_rep 372.0444 (372.0586) raw_kl_proj_rep 0.0000 (0.0000) kl_rep_term 0.0053 (0.0053) kl_proj_rep_term 0.0000 (0.0000) kl_term 0.0053 (0.0053) kl_normalizer 4.0000 (4.0000) kl_beta 0.5682 (0.5682) lr 3.4549e-04 eta 0:00:21
epoch [32/50] batch [1/4] time 0.693 (0.693) data 0.508 (0.508) loss 0.1487 (0.1487) acc 96.8750 (96.8750) data_term 0.1432 (0.1432) raw_kl_rep 372.0281 (372.0281) raw_kl_proj_rep 0.0000 (0.0000) kl_rep_term 0.0055 (0.0055) kl_proj_rep_term 0.0000 (0.0000) kl_term 0.0055 (0.0055) kl_normalizer 4.0000 (4.0000) kl_beta 0.5909 (0.5909) lr 3.4549e-04 eta 0:00:51
epoch [32/50] batch [2/4] time 0.159 (0.426) data 0.000 (0.254) loss 0.0591 (0.1039) acc 100.0000 (98.4375) data_term 0.0536 (0.0984) raw_kl_rep 372.1175 (372.0728) raw_kl_proj_rep 0.0000 (0.0000) kl_rep_term 0.0055 (0.0055) kl_proj_rep_term 0.0000 (0.0000) kl_term 0.0055 (0.0055) kl_normalizer 4.0000 (4.0000) kl_beta 0.5909 (0.5909) lr 3.4549e-04 eta 0:00:31
epoch [32/50] batch [3/4] time 0.131 (0.328) data 0.000 (0.169) loss 0.0473 (0.0850) acc 100.0000 (98.9583) data_term 0.0418 (0.0795) raw_kl_rep 372.2225 (372.1227) raw_kl_proj_rep 0.0000 (0.0000) kl_rep_term 0.0055 (0.0055) kl_proj_rep_term 0.0000 (0.0000) kl_term 0.0055 (0.0055) kl_normalizer 4.0000 (4.0000) kl_beta 0.5909 (0.5909) lr 3.4549e-04 eta 0:00:23
epoch [32/50] batch [4/4] time 0.139 (0.281) data 0.000 (0.127) loss 0.0566 (0.0779) acc 100.0000 (99.2188) data_term 0.0511 (0.0724) raw_kl_rep 372.3015 (372.1674) raw_kl_proj_rep 0.0000 (0.0000) kl_rep_term 0.0055 (0.0055) kl_proj_rep_term 0.0000 (0.0000) kl_term 0.0055 (0.0055) kl_normalizer 4.0000 (4.0000) kl_beta 0.5909 (0.5909) lr 3.1594e-04 eta 0:00:20
epoch [33/50] batch [1/4] time 0.653 (0.653) data 0.443 (0.443) loss 0.0557 (0.0557) acc 100.0000 (100.0000) data_term 0.0500 (0.0500) raw_kl_rep 372.3394 (372.3394) raw_kl_proj_rep 0.0000 (0.0000) kl_rep_term 0.0057 (0.0057) kl_proj_rep_term 0.0000 (0.0000) kl_term 0.0057 (0.0057) kl_normalizer 4.0000 (4.0000) kl_beta 0.6136 (0.6136) lr 3.1594e-04 eta 0:00:46
epoch [33/50] batch [2/4] time 0.136 (0.394) data 0.000 (0.222) loss 0.0687 (0.0622) acc 100.0000 (100.0000) data_term 0.0630 (0.0565) raw_kl_rep 372.3662 (372.3528) raw_kl_proj_rep 0.0000 (0.0000) kl_rep_term 0.0057 (0.0057) kl_proj_rep_term 0.0000 (0.0000) kl_term 0.0057 (0.0057) kl_normalizer 4.0000 (4.0000) kl_beta 0.6136 (0.6136) lr 3.1594e-04 eta 0:00:27
epoch [33/50] batch [3/4] time 0.131 (0.306) data 0.000 (0.148) loss 0.0463 (0.0569) acc 100.0000 (100.0000) data_term 0.0406 (0.0512) raw_kl_rep 372.4128 (372.3728) raw_kl_proj_rep 0.0000 (0.0000) kl_rep_term 0.0057 (0.0057) kl_proj_rep_term 0.0000 (0.0000) kl_term 0.0057 (0.0057) kl_normalizer 4.0000 (4.0000) kl_beta 0.6136 (0.6136) lr 3.1594e-04 eta 0:00:21
epoch [33/50] batch [4/4] time 0.132 (0.263) data 0.000 (0.111) loss 0.0535 (0.0561) acc 100.0000 (100.0000) data_term 0.0478 (0.0504) raw_kl_rep 372.4064 (372.3812) raw_kl_proj_rep 0.0000 (0.0000) kl_rep_term 0.0057 (0.0057) kl_proj_rep_term 0.0000 (0.0000) kl_term 0.0057 (0.0057) kl_normalizer 4.0000 (4.0000) kl_beta 0.6136 (0.6136) lr 2.8711e-04 eta 0:00:17
epoch [34/50] batch [1/4] time 0.721 (0.721) data 0.471 (0.471) loss 0.0542 (0.0542) acc 100.0000 (100.0000) data_term 0.0483 (0.0483) raw_kl_rep 372.3286 (372.3286) raw_kl_proj_rep 0.0000 (0.0000) kl_rep_term 0.0059 (0.0059) kl_proj_rep_term 0.0000 (0.0000) kl_term 0.0059 (0.0059) kl_normalizer 4.0000 (4.0000) kl_beta 0.6364 (0.6364) lr 2.8711e-04 eta 0:00:48
epoch [34/50] batch [2/4] time 0.165 (0.443) data 0.000 (0.235) loss 0.0508 (0.0525) acc 100.0000 (100.0000) data_term 0.0449 (0.0466) raw_kl_rep 372.2022 (372.2654) raw_kl_proj_rep 0.0000 (0.0000) kl_rep_term 0.0059 (0.0059) kl_proj_rep_term 0.0000 (0.0000) kl_term 0.0059 (0.0059) kl_normalizer 4.0000 (4.0000) kl_beta 0.6364 (0.6364) lr 2.8711e-04 eta 0:00:29
epoch [34/50] batch [3/4] time 0.138 (0.341) data 0.000 (0.157) loss 0.0748 (0.0599) acc 100.0000 (100.0000) data_term 0.0689 (0.0540) raw_kl_rep 372.0172 (372.1827) raw_kl_proj_rep 0.0000 (0.0000) kl_rep_term 0.0059 (0.0059) kl_proj_rep_term 0.0000 (0.0000) kl_term 0.0059 (0.0059) kl_normalizer 4.0000 (4.0000) kl_beta 0.6364 (0.6364) lr 2.8711e-04 eta 0:00:22
epoch [34/50] batch [4/4] time 0.147 (0.293) data 0.000 (0.118) loss 0.0596 (0.0599) acc 100.0000 (100.0000) data_term 0.0537 (0.0539) raw_kl_rep 371.7786 (372.0816) raw_kl_proj_rep 0.0000 (0.0000) kl_rep_term 0.0059 (0.0059) kl_proj_rep_term 0.0000 (0.0000) kl_term 0.0059 (0.0059) kl_normalizer 4.0000 (4.0000) kl_beta 0.6364 (0.6364) lr 2.5912e-04 eta 0:00:18
epoch [35/50] batch [1/4] time 0.722 (0.722) data 0.460 (0.460) loss 0.0731 (0.0731) acc 100.0000 (100.0000) data_term 0.0670 (0.0670) raw_kl_rep 371.5021 (371.5021) raw_kl_proj_rep 0.0000 (0.0000) kl_rep_term 0.0061 (0.0061) kl_proj_rep_term 0.0000 (0.0000) kl_term 0.0061 (0.0061) kl_normalizer 4.0000 (4.0000) kl_beta 0.6591 (0.6591) lr 2.5912e-04 eta 0:00:45
epoch [35/50] batch [2/4] time 0.168 (0.445) data 0.000 (0.230) loss 0.0604 (0.0668) acc 100.0000 (100.0000) data_term 0.0543 (0.0606) raw_kl_rep 371.0366 (371.2694) raw_kl_proj_rep 0.0000 (0.0000) kl_rep_term 0.0061 (0.0061) kl_proj_rep_term 0.0000 (0.0000) kl_term 0.0061 (0.0061) kl_normalizer 4.0000 (4.0000) kl_beta 0.6591 (0.6591) lr 2.5912e-04 eta 0:00:27
epoch [35/50] batch [3/4] time 0.142 (0.344) data 0.000 (0.154) loss 0.0525 (0.0620) acc 100.0000 (100.0000) data_term 0.0464 (0.0559) raw_kl_rep 370.5707 (371.0365) raw_kl_proj_rep 0.0000 (0.0000) kl_rep_term 0.0061 (0.0061) kl_proj_rep_term 0.0000 (0.0000) kl_term 0.0061 (0.0061) kl_normalizer 4.0000 (4.0000) kl_beta 0.6591 (0.6591) lr 2.5912e-04 eta 0:00:20
epoch [35/50] batch [4/4] time 0.140 (0.293) data 0.000 (0.115) loss 0.0536 (0.0599) acc 100.0000 (100.0000) data_term 0.0475 (0.0538) raw_kl_rep 370.1346 (370.8110) raw_kl_proj_rep 0.0000 (0.0000) kl_rep_term 0.0061 (0.0061) kl_proj_rep_term 0.0000 (0.0000) kl_term 0.0061 (0.0061) kl_normalizer 4.0000 (4.0000) kl_beta 0.6591 (0.6591) lr 2.3209e-04 eta 0:00:17
epoch [36/50] batch [1/4] time 0.788 (0.788) data 0.515 (0.515) loss 0.0425 (0.0425) acc 100.0000 (100.0000) data_term 0.0362 (0.0362) raw_kl_rep 369.7427 (369.7427) raw_kl_proj_rep 0.0000 (0.0000) kl_rep_term 0.0063 (0.0063) kl_proj_rep_term 0.0000 (0.0000) kl_term 0.0063 (0.0063) kl_normalizer 4.0000 (4.0000) kl_beta 0.6818 (0.6818) lr 2.3209e-04 eta 0:00:46
epoch [36/50] batch [2/4] time 0.128 (0.458) data 0.000 (0.257) loss 0.0500 (0.0462) acc 100.0000 (100.0000) data_term 0.0437 (0.0399) raw_kl_rep 369.3639 (369.5533) raw_kl_proj_rep 0.0000 (0.0000) kl_rep_term 0.0063 (0.0063) kl_proj_rep_term 0.0000 (0.0000) kl_term 0.0063 (0.0063) kl_normalizer 4.0000 (4.0000) kl_beta 0.6818 (0.6818) lr 2.3209e-04 eta 0:00:26
epoch [36/50] batch [3/4] time 0.141 (0.352) data 0.000 (0.172) loss 0.0631 (0.0519) acc 100.0000 (100.0000) data_term 0.0568 (0.0456) raw_kl_rep 368.9658 (369.3575) raw_kl_proj_rep 0.0000 (0.0000) kl_rep_term 0.0063 (0.0063) kl_proj_rep_term 0.0000 (0.0000) kl_term 0.0063 (0.0063) kl_normalizer 4.0000 (4.0000) kl_beta 0.6818 (0.6818) lr 2.3209e-04 eta 0:00:20
epoch [36/50] batch [4/4] time 0.127 (0.296) data 0.000 (0.129) loss 0.0711 (0.0567) acc 100.0000 (100.0000) data_term 0.0649 (0.0504) raw_kl_rep 368.6232 (369.1739) raw_kl_proj_rep 0.0000 (0.0000) kl_rep_term 0.0063 (0.0063) kl_proj_rep_term 0.0000 (0.0000) kl_term 0.0063 (0.0063) kl_normalizer 4.0000 (4.0000) kl_beta 0.6818 (0.6818) lr 2.0611e-04 eta 0:00:16
epoch [37/50] batch [1/4] time 0.699 (0.699) data 0.505 (0.505) loss 0.0595 (0.0595) acc 100.0000 (100.0000) data_term 0.0530 (0.0530) raw_kl_rep 368.3287 (368.3287) raw_kl_proj_rep 0.0000 (0.0000) kl_rep_term 0.0065 (0.0065) kl_proj_rep_term 0.0000 (0.0000) kl_term 0.0065 (0.0065) kl_normalizer 4.0000 (4.0000) kl_beta 0.7045 (0.7045) lr 2.0611e-04 eta 0:00:38
epoch [37/50] batch [2/4] time 0.129 (0.414) data 0.000 (0.253) loss 0.0577 (0.0586) acc 100.0000 (100.0000) data_term 0.0513 (0.0521) raw_kl_rep 368.1166 (368.2227) raw_kl_proj_rep 0.0000 (0.0000) kl_rep_term 0.0065 (0.0065) kl_proj_rep_term 0.0000 (0.0000) kl_term 0.0065 (0.0065) kl_normalizer 4.0000 (4.0000) kl_beta 0.7045 (0.7045) lr 2.0611e-04 eta 0:00:22
epoch [37/50] batch [3/4] time 0.176 (0.335) data 0.000 (0.168) loss 0.0605 (0.0592) acc 100.0000 (100.0000) data_term 0.0540 (0.0527) raw_kl_rep 367.9043 (368.1166) raw_kl_proj_rep 0.0000 (0.0000) kl_rep_term 0.0065 (0.0065) kl_proj_rep_term 0.0000 (0.0000) kl_term 0.0065 (0.0065) kl_normalizer 4.0000 (4.0000) kl_beta 0.7045 (0.7045) lr 2.0611e-04 eta 0:00:17
epoch [37/50] batch [4/4] time 0.129 (0.284) data 0.000 (0.126) loss 0.0481 (0.0565) acc 100.0000 (100.0000) data_term 0.0417 (0.0500) raw_kl_rep 367.5079 (367.9644) raw_kl_proj_rep 0.0000 (0.0000) kl_rep_term 0.0065 (0.0065) kl_proj_rep_term 0.0000 (0.0000) kl_term 0.0065 (0.0065) kl_normalizer 4.0000 (4.0000) kl_beta 0.7045 (0.7045) lr 1.8129e-04 eta 0:00:14
epoch [38/50] batch [1/4] time 0.709 (0.709) data 0.473 (0.473) loss 0.0568 (0.0568) acc 100.0000 (100.0000) data_term 0.0502 (0.0502) raw_kl_rep 367.1465 (367.1465) raw_kl_proj_rep 0.0000 (0.0000) kl_rep_term 0.0067 (0.0067) kl_proj_rep_term 0.0000 (0.0000) kl_term 0.0067 (0.0067) kl_normalizer 4.0000 (4.0000) kl_beta 0.7273 (0.7273) lr 1.8129e-04 eta 0:00:36
epoch [38/50] batch [2/4] time 0.141 (0.425) data 0.000 (0.237) loss 0.0603 (0.0586) acc 100.0000 (100.0000) data_term 0.0537 (0.0519) raw_kl_rep 366.8351 (366.9908) raw_kl_proj_rep 0.0000 (0.0000) kl_rep_term 0.0067 (0.0067) kl_proj_rep_term 0.0000 (0.0000) kl_term 0.0067 (0.0067) kl_normalizer 4.0000 (4.0000) kl_beta 0.7273 (0.7273) lr 1.8129e-04 eta 0:00:21
epoch [38/50] batch [3/4] time 0.170 (0.340) data 0.000 (0.158) loss 0.0526 (0.0566) acc 100.0000 (100.0000) data_term 0.0460 (0.0499) raw_kl_rep 366.5752 (366.8523) raw_kl_proj_rep 0.0000 (0.0000) kl_rep_term 0.0067 (0.0067) kl_proj_rep_term 0.0000 (0.0000) kl_term 0.0067 (0.0067) kl_normalizer 4.0000 (4.0000) kl_beta 0.7273 (0.7273) lr 1.8129e-04 eta 0:00:16
epoch [38/50] batch [4/4] time 0.136 (0.289) data 0.000 (0.118) loss 0.0442 (0.0535) acc 100.0000 (100.0000) data_term 0.0376 (0.0468) raw_kl_rep 366.3233 (366.7200) raw_kl_proj_rep 0.0000 (0.0000) kl_rep_term 0.0067 (0.0067) kl_proj_rep_term 0.0000 (0.0000) kl_term 0.0067 (0.0067) kl_normalizer 4.0000 (4.0000) kl_beta 0.7273 (0.7273) lr 1.5773e-04 eta 0:00:13
epoch [39/50] batch [1/4] time 0.567 (0.567) data 0.415 (0.415) loss 0.0515 (0.0515) acc 100.0000 (100.0000) data_term 0.0447 (0.0447) raw_kl_rep 366.0482 (366.0482) raw_kl_proj_rep 0.0000 (0.0000) kl_rep_term 0.0069 (0.0069) kl_proj_rep_term 0.0000 (0.0000) kl_term 0.0069 (0.0069) kl_normalizer 4.0000 (4.0000) kl_beta 0.7500 (0.7500) lr 1.5773e-04 eta 0:00:26
epoch [39/50] batch [2/4] time 0.128 (0.347) data 0.000 (0.208) loss 0.0416 (0.0466) acc 100.0000 (100.0000) data_term 0.0348 (0.0397) raw_kl_rep 365.8141 (365.9311) raw_kl_proj_rep 0.0000 (0.0000) kl_rep_term 0.0069 (0.0069) kl_proj_rep_term 0.0000 (0.0000) kl_term 0.0069 (0.0069) kl_normalizer 4.0000 (4.0000) kl_beta 0.7500 (0.7500) lr 1.5773e-04 eta 0:00:15
epoch [39/50] batch [3/4] time 0.144 (0.280) data 0.000 (0.139) loss 0.1717 (0.0883) acc 96.8750 (98.9583) data_term 0.1648 (0.0814) raw_kl_rep 365.5574 (365.8066) raw_kl_proj_rep 0.0000 (0.0000) kl_rep_term 0.0069 (0.0069) kl_proj_rep_term 0.0000 (0.0000) kl_term 0.0069 (0.0069) kl_normalizer 4.0000 (4.0000) kl_beta 0.7500 (0.7500) lr 1.5773e-04 eta 0:00:12
epoch [39/50] batch [4/4] time 0.135 (0.244) data 0.000 (0.104) loss 0.0584 (0.0808) acc 100.0000 (99.2188) data_term 0.0515 (0.0739) raw_kl_rep 365.3452 (365.6912) raw_kl_proj_rep 0.0000 (0.0000) kl_rep_term 0.0069 (0.0069) kl_proj_rep_term 0.0000 (0.0000) kl_term 0.0069 (0.0069) kl_normalizer 4.0000 (4.0000) kl_beta 0.7500 (0.7500) lr 1.3552e-04 eta 0:00:10
epoch [40/50] batch [1/4] time 0.695 (0.695) data 0.462 (0.462) loss 0.1017 (0.1017) acc 100.0000 (100.0000) data_term 0.0946 (0.0946) raw_kl_rep 365.2027 (365.2027) raw_kl_proj_rep 0.0000 (0.0000) kl_rep_term 0.0071 (0.0071) kl_proj_rep_term 0.0000 (0.0000) kl_term 0.0071 (0.0071) kl_normalizer 4.0000 (4.0000) kl_beta 0.7727 (0.7727) lr 1.3552e-04 eta 0:00:29
epoch [40/50] batch [2/4] time 0.286 (0.490) data 0.000 (0.231) loss 0.0675 (0.0846) acc 100.0000 (100.0000) data_term 0.0604 (0.0775) raw_kl_rep 365.0439 (365.1233) raw_kl_proj_rep 0.0000 (0.0000) kl_rep_term 0.0071 (0.0071) kl_proj_rep_term 0.0000 (0.0000) kl_term 0.0071 (0.0071) kl_normalizer 4.0000 (4.0000) kl_beta 0.7727 (0.7727) lr 1.3552e-04 eta 0:00:20
epoch [40/50] batch [3/4] time 0.136 (0.372) data 0.000 (0.154) loss 0.0447 (0.0713) acc 100.0000 (100.0000) data_term 0.0376 (0.0642) raw_kl_rep 364.8797 (365.0421) raw_kl_proj_rep 0.0000 (0.0000) kl_rep_term 0.0070 (0.0071) kl_proj_rep_term 0.0000 (0.0000) kl_term 0.0070 (0.0071) kl_normalizer 4.0000 (4.0000) kl_beta 0.7727 (0.7727) lr 1.3552e-04 eta 0:00:15
epoch [40/50] batch [4/4] time 0.138 (0.314) data 0.000 (0.116) loss 0.1001 (0.0785) acc 96.8750 (99.2188) data_term 0.0931 (0.0714) raw_kl_rep 364.7480 (364.9686) raw_kl_proj_rep 0.0000 (0.0000) kl_rep_term 0.0070 (0.0071) kl_proj_rep_term 0.0000 (0.0000) kl_term 0.0070 (0.0071) kl_normalizer 4.0000 (4.0000) kl_beta 0.7727 (0.7727) lr 1.1474e-04 eta 0:00:12
epoch [41/50] batch [1/4] time 0.791 (0.791) data 0.539 (0.539) loss 0.0591 (0.0591) acc 100.0000 (100.0000) data_term 0.0519 (0.0519) raw_kl_rep 364.7251 (364.7251) raw_kl_proj_rep 0.0000 (0.0000) kl_rep_term 0.0073 (0.0073) kl_proj_rep_term 0.0000 (0.0000) kl_term 0.0073 (0.0073) kl_normalizer 4.0000 (4.0000) kl_beta 0.7955 (0.7955) lr 1.1474e-04 eta 0:00:30
epoch [41/50] batch [2/4] time 0.152 (0.471) data 0.000 (0.270) loss 0.0450 (0.0521) acc 100.0000 (100.0000) data_term 0.0377 (0.0448) raw_kl_rep 364.7027 (364.7139) raw_kl_proj_rep 0.0000 (0.0000) kl_rep_term 0.0073 (0.0073) kl_proj_rep_term 0.0000 (0.0000) kl_term 0.0073 (0.0073) kl_normalizer 4.0000 (4.0000) kl_beta 0.7955 (0.7955) lr 1.1474e-04 eta 0:00:17
epoch [41/50] batch [3/4] time 0.153 (0.365) data 0.000 (0.180) loss 0.0484 (0.0508) acc 100.0000 (100.0000) data_term 0.0411 (0.0436) raw_kl_rep 364.6598 (364.6959) raw_kl_proj_rep 0.0000 (0.0000) kl_rep_term 0.0073 (0.0073) kl_proj_rep_term 0.0000 (0.0000) kl_term 0.0073 (0.0073) kl_normalizer 4.0000 (4.0000) kl_beta 0.7955 (0.7955) lr 1.1474e-04 eta 0:00:13
epoch [41/50] batch [4/4] time 0.133 (0.307) data 0.000 (0.135) loss 0.0615 (0.0535) acc 100.0000 (100.0000) data_term 0.0542 (0.0462) raw_kl_rep 364.5961 (364.6709) raw_kl_proj_rep 0.0000 (0.0000) kl_rep_term 0.0073 (0.0073) kl_proj_rep_term 0.0000 (0.0000) kl_term 0.0073 (0.0073) kl_normalizer 4.0000 (4.0000) kl_beta 0.7955 (0.7955) lr 9.5492e-05 eta 0:00:11
epoch [42/50] batch [1/4] time 0.805 (0.805) data 0.574 (0.574) loss 0.0698 (0.0698) acc 100.0000 (100.0000) data_term 0.0624 (0.0624) raw_kl_rep 364.5242 (364.5242) raw_kl_proj_rep 0.0000 (0.0000) kl_rep_term 0.0075 (0.0075) kl_proj_rep_term 0.0000 (0.0000) kl_term 0.0075 (0.0075) kl_normalizer 4.0000 (4.0000) kl_beta 0.8182 (0.8182) lr 9.5492e-05 eta 0:00:28
epoch [42/50] batch [2/4] time 0.181 (0.493) data 0.000 (0.287) loss 0.0578 (0.0638) acc 100.0000 (100.0000) data_term 0.0503 (0.0563) raw_kl_rep 364.4782 (364.5012) raw_kl_proj_rep 0.0000 (0.0000) kl_rep_term 0.0075 (0.0075) kl_proj_rep_term 0.0000 (0.0000) kl_term 0.0075 (0.0075) kl_normalizer 4.0000 (4.0000) kl_beta 0.8182 (0.8182) lr 9.5492e-05 eta 0:00:16
epoch [42/50] batch [3/4] time 0.142 (0.376) data 0.000 (0.191) loss 0.0650 (0.0642) acc 100.0000 (100.0000) data_term 0.0575 (0.0567) raw_kl_rep 364.4735 (364.4920) raw_kl_proj_rep 0.0000 (0.0000) kl_rep_term 0.0075 (0.0075) kl_proj_rep_term 0.0000 (0.0000) kl_term 0.0075 (0.0075) kl_normalizer 4.0000 (4.0000) kl_beta 0.8182 (0.8182) lr 9.5492e-05 eta 0:00:12
epoch [42/50] batch [4/4] time 0.137 (0.316) data 0.000 (0.144) loss 0.0418 (0.0586) acc 100.0000 (100.0000) data_term 0.0344 (0.0511) raw_kl_rep 364.4570 (364.4832) raw_kl_proj_rep 0.0000 (0.0000) kl_rep_term 0.0075 (0.0075) kl_proj_rep_term 0.0000 (0.0000) kl_term 0.0075 (0.0075) kl_normalizer 4.0000 (4.0000) kl_beta 0.8182 (0.8182) lr 7.7836e-05 eta 0:00:10
epoch [43/50] batch [1/4] time 0.774 (0.774) data 0.541 (0.541) loss 0.0462 (0.0462) acc 100.0000 (100.0000) data_term 0.0385 (0.0385) raw_kl_rep 364.4154 (364.4154) raw_kl_proj_rep 0.0000 (0.0000) kl_rep_term 0.0077 (0.0077) kl_proj_rep_term 0.0000 (0.0000) kl_term 0.0077 (0.0077) kl_normalizer 4.0000 (4.0000) kl_beta 0.8409 (0.8409) lr 7.7836e-05 eta 0:00:24
epoch [43/50] batch [2/4] time 0.130 (0.452) data 0.000 (0.270) loss 0.0609 (0.0536) acc 100.0000 (100.0000) data_term 0.0533 (0.0459) raw_kl_rep 364.3789 (364.3972) raw_kl_proj_rep 0.0000 (0.0000) kl_rep_term 0.0077 (0.0077) kl_proj_rep_term 0.0000 (0.0000) kl_term 0.0077 (0.0077) kl_normalizer 4.0000 (4.0000) kl_beta 0.8409 (0.8409) lr 7.7836e-05 eta 0:00:13
epoch [43/50] batch [3/4] time 0.128 (0.344) data 0.000 (0.180) loss 0.0525 (0.0532) acc 100.0000 (100.0000) data_term 0.0448 (0.0455) raw_kl_rep 364.3734 (364.3893) raw_kl_proj_rep 0.0000 (0.0000) kl_rep_term 0.0077 (0.0077) kl_proj_rep_term 0.0000 (0.0000) kl_term 0.0077 (0.0077) kl_normalizer 4.0000 (4.0000) kl_beta 0.8409 (0.8409) lr 7.7836e-05 eta 0:00:09
epoch [43/50] batch [4/4] time 0.129 (0.290) data 0.000 (0.135) loss 0.0572 (0.0542) acc 100.0000 (100.0000) data_term 0.0496 (0.0465) raw_kl_rep 364.3536 (364.3803) raw_kl_proj_rep 0.0000 (0.0000) kl_rep_term 0.0077 (0.0077) kl_proj_rep_term 0.0000 (0.0000) kl_term 0.0077 (0.0077) kl_normalizer 4.0000 (4.0000) kl_beta 0.8409 (0.8409) lr 6.1847e-05 eta 0:00:08
epoch [44/50] batch [1/4] time 0.646 (0.646) data 0.445 (0.445) loss 0.1189 (0.1189) acc 96.8750 (96.8750) data_term 0.1110 (0.1110) raw_kl_rep 364.3245 (364.3245) raw_kl_proj_rep 0.0000 (0.0000) kl_rep_term 0.0079 (0.0079) kl_proj_rep_term 0.0000 (0.0000) kl_term 0.0079 (0.0079) kl_normalizer 4.0000 (4.0000) kl_beta 0.8636 (0.8636) lr 6.1847e-05 eta 0:00:17
epoch [44/50] batch [2/4] time 0.125 (0.386) data 0.000 (0.223) loss 0.0540 (0.0864) acc 100.0000 (98.4375) data_term 0.0461 (0.0786) raw_kl_rep 364.3228 (364.3237) raw_kl_proj_rep 0.0000 (0.0000) kl_rep_term 0.0079 (0.0079) kl_proj_rep_term 0.0000 (0.0000) kl_term 0.0079 (0.0079) kl_normalizer 4.0000 (4.0000) kl_beta 0.8636 (0.8636) lr 6.1847e-05 eta 0:00:10
epoch [44/50] batch [3/4] time 0.139 (0.303) data 0.000 (0.148) loss 0.0462 (0.0730) acc 100.0000 (98.9583) data_term 0.0384 (0.0652) raw_kl_rep 364.3147 (364.3207) raw_kl_proj_rep 0.0000 (0.0000) kl_rep_term 0.0079 (0.0079) kl_proj_rep_term 0.0000 (0.0000) kl_term 0.0079 (0.0079) kl_normalizer 4.0000 (4.0000) kl_beta 0.8636 (0.8636) lr 6.1847e-05 eta 0:00:07
epoch [44/50] batch [4/4] time 0.125 (0.259) data 0.000 (0.111) loss 0.0619 (0.0702) acc 100.0000 (99.2188) data_term 0.0540 (0.0624) raw_kl_rep 364.2948 (364.3142) raw_kl_proj_rep 0.0000 (0.0000) kl_rep_term 0.0079 (0.0079) kl_proj_rep_term 0.0000 (0.0000) kl_term 0.0079 (0.0079) kl_normalizer 4.0000 (4.0000) kl_beta 0.8636 (0.8636) lr 4.7586e-05 eta 0:00:06
epoch [45/50] batch [1/4] time 0.775 (0.775) data 0.547 (0.547) loss 0.0515 (0.0515) acc 100.0000 (100.0000) data_term 0.0435 (0.0435) raw_kl_rep 364.2817 (364.2817) raw_kl_proj_rep 0.0000 (0.0000) kl_rep_term 0.0081 (0.0081) kl_proj_rep_term 0.0000 (0.0000) kl_term 0.0081 (0.0081) kl_normalizer 4.0000 (4.0000) kl_beta 0.8864 (0.8864) lr 4.7586e-05 eta 0:00:17
epoch [45/50] batch [2/4] time 0.119 (0.447) data 0.000 (0.273) loss 0.0575 (0.0545) acc 100.0000 (100.0000) data_term 0.0495 (0.0465) raw_kl_rep 364.2724 (364.2770) raw_kl_proj_rep 0.0000 (0.0000) kl_rep_term 0.0081 (0.0081) kl_proj_rep_term 0.0000 (0.0000) kl_term 0.0081 (0.0081) kl_normalizer 4.0000 (4.0000) kl_beta 0.8864 (0.8864) lr 4.7586e-05 eta 0:00:09
epoch [45/50] batch [3/4] time 0.117 (0.337) data 0.000 (0.182) loss 0.0532 (0.0541) acc 100.0000 (100.0000) data_term 0.0451 (0.0460) raw_kl_rep 364.2605 (364.2715) raw_kl_proj_rep 0.0000 (0.0000) kl_rep_term 0.0081 (0.0081) kl_proj_rep_term 0.0000 (0.0000) kl_term 0.0081 (0.0081) kl_normalizer 4.0000 (4.0000) kl_beta 0.8864 (0.8864) lr 4.7586e-05 eta 0:00:07
epoch [45/50] batch [4/4] time 0.114 (0.281) data 0.000 (0.137) loss 0.0513 (0.0534) acc 100.0000 (100.0000) data_term 0.0432 (0.0453) raw_kl_rep 364.2470 (364.2654) raw_kl_proj_rep 0.0000 (0.0000) kl_rep_term 0.0081 (0.0081) kl_proj_rep_term 0.0000 (0.0000) kl_term 0.0081 (0.0081) kl_normalizer 4.0000 (4.0000) kl_beta 0.8864 (0.8864) lr 3.5112e-05 eta 0:00:05
epoch [46/50] batch [1/4] time 0.895 (0.895) data 0.535 (0.535) loss 0.0519 (0.0519) acc 100.0000 (100.0000) data_term 0.0436 (0.0436) raw_kl_rep 364.2222 (364.2222) raw_kl_proj_rep 0.0000 (0.0000) kl_rep_term 0.0083 (0.0083) kl_proj_rep_term 0.0000 (0.0000) kl_term 0.0083 (0.0083) kl_normalizer 4.0000 (4.0000) kl_beta 0.9091 (0.9091) lr 3.5112e-05 eta 0:00:16
epoch [46/50] batch [2/4] time 0.191 (0.543) data 0.000 (0.268) loss 0.0806 (0.0662) acc 100.0000 (100.0000) data_term 0.0723 (0.0580) raw_kl_rep 364.2004 (364.2113) raw_kl_proj_rep 0.0000 (0.0000) kl_rep_term 0.0083 (0.0083) kl_proj_rep_term 0.0000 (0.0000) kl_term 0.0083 (0.0083) kl_normalizer 4.0000 (4.0000) kl_beta 0.9091 (0.9091) lr 3.5112e-05 eta 0:00:09
epoch [46/50] batch [3/4] time 0.134 (0.406) data 0.000 (0.178) loss 0.1193 (0.0839) acc 96.8750 (98.9583) data_term 0.1110 (0.0756) raw_kl_rep 364.1894 (364.2040) raw_kl_proj_rep 0.0000 (0.0000) kl_rep_term 0.0083 (0.0083) kl_proj_rep_term 0.0000 (0.0000) kl_term 0.0083 (0.0083) kl_normalizer 4.0000 (4.0000) kl_beta 0.9091 (0.9091) lr 3.5112e-05 eta 0:00:06
epoch [46/50] batch [4/4] time 0.141 (0.340) data 0.000 (0.134) loss 0.0544 (0.0765) acc 100.0000 (99.2188) data_term 0.0461 (0.0683) raw_kl_rep 364.1907 (364.2007) raw_kl_proj_rep 0.0000 (0.0000) kl_rep_term 0.0083 (0.0083) kl_proj_rep_term 0.0000 (0.0000) kl_term 0.0083 (0.0083) kl_normalizer 4.0000 (4.0000) kl_beta 0.9091 (0.9091) lr 2.4472e-05 eta 0:00:05
epoch [47/50] batch [1/4] time 0.823 (0.823) data 0.555 (0.555) loss 0.0577 (0.0577) acc 100.0000 (100.0000) data_term 0.0492 (0.0492) raw_kl_rep 364.1807 (364.1807) raw_kl_proj_rep 0.0000 (0.0000) kl_rep_term 0.0085 (0.0085) kl_proj_rep_term 0.0000 (0.0000) kl_term 0.0085 (0.0085) kl_normalizer 4.0000 (4.0000) kl_beta 0.9318 (0.9318) lr 2.4472e-05 eta 0:00:12
epoch [47/50] batch [2/4] time 0.140 (0.482) data 0.000 (0.278) loss 0.0695 (0.0636) acc 100.0000 (100.0000) data_term 0.0611 (0.0551) raw_kl_rep 364.1644 (364.1726) raw_kl_proj_rep 0.0000 (0.0000) kl_rep_term 0.0085 (0.0085) kl_proj_rep_term 0.0000 (0.0000) kl_term 0.0085 (0.0085) kl_normalizer 4.0000 (4.0000) kl_beta 0.9318 (0.9318) lr 2.4472e-05 eta 0:00:06
epoch [47/50] batch [3/4] time 0.154 (0.373) data 0.000 (0.185) loss 0.0492 (0.0588) acc 100.0000 (100.0000) data_term 0.0407 (0.0503) raw_kl_rep 364.1432 (364.1628) raw_kl_proj_rep 0.0000 (0.0000) kl_rep_term 0.0085 (0.0085) kl_proj_rep_term 0.0000 (0.0000) kl_term 0.0085 (0.0085) kl_normalizer 4.0000 (4.0000) kl_beta 0.9318 (0.9318) lr 2.4472e-05 eta 0:00:04
epoch [47/50] batch [4/4] time 0.130 (0.312) data 0.000 (0.139) loss 0.0699 (0.0616) acc 100.0000 (100.0000) data_term 0.0615 (0.0531) raw_kl_rep 364.1175 (364.1514) raw_kl_proj_rep 0.0000 (0.0000) kl_rep_term 0.0085 (0.0085) kl_proj_rep_term 0.0000 (0.0000) kl_term 0.0085 (0.0085) kl_normalizer 4.0000 (4.0000) kl_beta 0.9318 (0.9318) lr 1.5708e-05 eta 0:00:03
epoch [48/50] batch [1/4] time 0.695 (0.695) data 0.455 (0.455) loss 0.0450 (0.0450) acc 100.0000 (100.0000) data_term 0.0363 (0.0363) raw_kl_rep 364.1077 (364.1077) raw_kl_proj_rep 0.0000 (0.0000) kl_rep_term 0.0087 (0.0087) kl_proj_rep_term 0.0000 (0.0000) kl_term 0.0087 (0.0087) kl_normalizer 4.0000 (4.0000) kl_beta 0.9545 (0.9545) lr 1.5708e-05 eta 0:00:07
epoch [48/50] batch [2/4] time 0.135 (0.415) data 0.000 (0.228) loss 0.0443 (0.0446) acc 100.0000 (100.0000) data_term 0.0356 (0.0359) raw_kl_rep 364.0975 (364.1026) raw_kl_proj_rep 0.0000 (0.0000) kl_rep_term 0.0087 (0.0087) kl_proj_rep_term 0.0000 (0.0000) kl_term 0.0087 (0.0087) kl_normalizer 4.0000 (4.0000) kl_beta 0.9545 (0.9545) lr 1.5708e-05 eta 0:00:04
epoch [48/50] batch [3/4] time 0.171 (0.334) data 0.000 (0.152) loss 0.0621 (0.0504) acc 100.0000 (100.0000) data_term 0.0534 (0.0417) raw_kl_rep 364.0847 (364.0966) raw_kl_proj_rep 0.0000 (0.0000) kl_rep_term 0.0087 (0.0087) kl_proj_rep_term 0.0000 (0.0000) kl_term 0.0087 (0.0087) kl_normalizer 4.0000 (4.0000) kl_beta 0.9545 (0.9545) lr 1.5708e-05 eta 0:00:03
epoch [48/50] batch [4/4] time 0.135 (0.284) data 0.000 (0.114) loss 0.0520 (0.0508) acc 100.0000 (100.0000) data_term 0.0433 (0.0421) raw_kl_rep 364.0762 (364.0915) raw_kl_proj_rep 0.0000 (0.0000) kl_rep_term 0.0087 (0.0087) kl_proj_rep_term 0.0000 (0.0000) kl_term 0.0087 (0.0087) kl_normalizer 4.0000 (4.0000) kl_beta 0.9545 (0.9545) lr 8.8564e-06 eta 0:00:02
epoch [49/50] batch [1/4] time 0.815 (0.815) data 0.505 (0.505) loss 0.0520 (0.0520) acc 100.0000 (100.0000) data_term 0.0431 (0.0431) raw_kl_rep 364.0644 (364.0644) raw_kl_proj_rep 0.0000 (0.0000) kl_rep_term 0.0089 (0.0089) kl_proj_rep_term 0.0000 (0.0000) kl_term 0.0089 (0.0089) kl_normalizer 4.0000 (4.0000) kl_beta 0.9773 (0.9773) lr 8.8564e-06 eta 0:00:05
epoch [49/50] batch [2/4] time 0.187 (0.501) data 0.000 (0.252) loss 0.0510 (0.0515) acc 100.0000 (100.0000) data_term 0.0421 (0.0426) raw_kl_rep 364.0541 (364.0592) raw_kl_proj_rep 0.0000 (0.0000) kl_rep_term 0.0089 (0.0089) kl_proj_rep_term 0.0000 (0.0000) kl_term 0.0089 (0.0089) kl_normalizer 4.0000 (4.0000) kl_beta 0.9773 (0.9773) lr 8.8564e-06 eta 0:00:03
epoch [49/50] batch [3/4] time 0.138 (0.380) data 0.000 (0.168) loss 0.0561 (0.0530) acc 100.0000 (100.0000) data_term 0.0472 (0.0441) raw_kl_rep 364.0412 (364.0532) raw_kl_proj_rep 0.0000 (0.0000) kl_rep_term 0.0089 (0.0089) kl_proj_rep_term 0.0000 (0.0000) kl_term 0.0089 (0.0089) kl_normalizer 4.0000 (4.0000) kl_beta 0.9773 (0.9773) lr 8.8564e-06 eta 0:00:01
epoch [49/50] batch [4/4] time 0.111 (0.312) data 0.000 (0.126) loss 0.0569 (0.0540) acc 100.0000 (100.0000) data_term 0.0480 (0.0451) raw_kl_rep 364.0284 (364.0470) raw_kl_proj_rep 0.0000 (0.0000) kl_rep_term 0.0089 (0.0089) kl_proj_rep_term 0.0000 (0.0000) kl_term 0.0089 (0.0089) kl_normalizer 4.0000 (4.0000) kl_beta 0.9773 (0.9773) lr 3.9426e-06 eta 0:00:01
epoch [50/50] batch [1/4] time 0.755 (0.755) data 0.551 (0.551) loss 0.0520 (0.0520) acc 100.0000 (100.0000) data_term 0.0429 (0.0429) raw_kl_rep 364.0149 (364.0149) raw_kl_proj_rep 0.0000 (0.0000) kl_rep_term 0.0091 (0.0091) kl_proj_rep_term 0.0000 (0.0000) kl_term 0.0091 (0.0091) kl_normalizer 4.0000 (4.0000) kl_beta 1.0000 (1.0000) lr 3.9426e-06 eta 0:00:02
epoch [50/50] batch [2/4] time 0.154 (0.455) data 0.000 (0.276) loss 0.0520 (0.0520) acc 100.0000 (100.0000) data_term 0.0429 (0.0429) raw_kl_rep 364.0090 (364.0120) raw_kl_proj_rep 0.0000 (0.0000) kl_rep_term 0.0091 (0.0091) kl_proj_rep_term 0.0000 (0.0000) kl_term 0.0091 (0.0091) kl_normalizer 4.0000 (4.0000) kl_beta 1.0000 (1.0000) lr 3.9426e-06 eta 0:00:00
epoch [50/50] batch [3/4] time 0.129 (0.346) data 0.000 (0.184) loss 0.0439 (0.0493) acc 100.0000 (100.0000) data_term 0.0348 (0.0402) raw_kl_rep 364.0020 (364.0086) raw_kl_proj_rep 0.0000 (0.0000) kl_rep_term 0.0091 (0.0091) kl_proj_rep_term 0.0000 (0.0000) kl_term 0.0091 (0.0091) kl_normalizer 4.0000 (4.0000) kl_beta 1.0000 (1.0000) lr 3.9426e-06 eta 0:00:00
epoch [50/50] batch [4/4] time 0.126 (0.291) data 0.000 (0.138) loss 0.0601 (0.0520) acc 100.0000 (100.0000) data_term 0.0510 (0.0429) raw_kl_rep 363.9936 (364.0049) raw_kl_proj_rep 0.0000 (0.0000) kl_rep_term 0.0091 (0.0091) kl_proj_rep_term 0.0000 (0.0000) kl_term 0.0091 (0.0091) kl_normalizer 4.0000 (4.0000) kl_beta 1.0000 (1.0000) lr 9.8664e-07 eta 0:00:00
Checkpoint saved to output_sweeps/bayes_mmrl_search_current/coarse3/confirm_stage/BayesMMRL/FS/fewshot_train/oxford_pets/shots_4/ViT-B-16/A_sig-per_token_pstd-0.02_kl-1e-4_nmc-3/seed1/refactor_model/model.pth.tar-50
Finish training
Deploy the last-epoch model
Evaluate on the *test* set
=> result
* total: 3,669
* correct: 3,426
* accuracy: 93.4%
* error: 6.6%
* macro_f1: 93.3%
=> structured result
* accuracy: 93.3769
* error: 6.6231
* macro_f1: 93.2967
* nll: 0.2037
* brier: 0.1013
* ece: 0.7153
Saved metrics JSON to output_sweeps/bayes_mmrl_search_current/coarse3/confirm_stage/BayesMMRL/FS/fewshot_train/oxford_pets/shots_4/ViT-B-16/A_sig-per_token_pstd-0.02_kl-1e-4_nmc-3/seed1/test_metrics.json
Saved metrics CSV to output_sweeps/bayes_mmrl_search_current/coarse3/confirm_stage/BayesMMRL/FS/fewshot_train/oxford_pets/shots_4/ViT-B-16/A_sig-per_token_pstd-0.02_kl-1e-4_nmc-3/seed1/test_metrics.csv
Saved calibration bins CSV to output_sweeps/bayes_mmrl_search_current/coarse3/confirm_stage/BayesMMRL/FS/fewshot_train/oxford_pets/shots_4/ViT-B-16/A_sig-per_token_pstd-0.02_kl-1e-4_nmc-3/seed1/test_calibration_bins.csv
Elapsed: 0:01:40
[清理] 测试完成，已删除 checkpoint 目录: output_sweeps/bayes_mmrl_search_current/coarse3/confirm_stage/BayesMMRL/FS/fewshot_train/oxford_pets/shots_4/ViT-B-16/A_sig-per_token_pstd-0.02_kl-1e-4_nmc-3/seed1/refactor_model
