============================================================
START: 2026-04-19 15:55:54
GPU: 0
METHOD: MMRL
PROTOCOL: FS
EXEC_MODE: online
DATASET: ucf101
SHOTS: 8
SEED: 3
DATA_ROOT: DATASETS
OUTPUT_ROOT: output_refactor
BACKBONE: ViT-B/16
TAG: default
============================================================
Traceback (most recent call last):
  File "/root/autodl-tmp/MMRL/run.py", line 6, in <module>
    from dassl.engine import build_trainer
  File "/root/autodl-tmp/Dassl.pytorch/dassl/engine/__init__.py", line 1, in <module>
    from .build import TRAINER_REGISTRY, build_trainer  # isort:skip
  File "/root/autodl-tmp/Dassl.pytorch/dassl/engine/build.py", line 1, in <module>
    from dassl.utils import Registry, check_availability
  File "/root/autodl-tmp/Dassl.pytorch/dassl/utils/__init__.py", line 1, in <module>
    from .tools import *
  File "/root/autodl-tmp/Dassl.pytorch/dassl/utils/tools.py", line 15, in <module>
    import torch
  File "/root/miniconda3/envs/mmrl/lib/python3.10/site-packages/torch/__init__.py", line 2143, in <module>
    from . import _meta_registrations
  File "/root/miniconda3/envs/mmrl/lib/python3.10/site-packages/torch/_meta_registrations.py", line 9, in <module>
    from torch._decomp import (
  File "/root/miniconda3/envs/mmrl/lib/python3.10/site-packages/torch/_decomp/__init__.py", line 245, in <module>
    import torch._decomp.decompositions
  File "/root/miniconda3/envs/mmrl/lib/python3.10/site-packages/torch/_decomp/decompositions.py", line 12, in <module>
    import torch._prims as prims
  File "/root/miniconda3/envs/mmrl/lib/python3.10/site-packages/torch/_prims/__init__.py", line 2179, in <module>
    maximum_value = _make_prim(
  File "/root/miniconda3/envs/mmrl/lib/python3.10/site-packages/torch/_prims/__init__.py", line 320, in _make_prim
    prim_def = torch.library.custom_op(
  File "/root/miniconda3/envs/mmrl/lib/python3.10/site-packages/torch/_library/custom_ops.py", line 142, in custom_op
    return inner(fn)
  File "/root/miniconda3/envs/mmrl/lib/python3.10/site-packages/torch/_library/custom_ops.py", line 123, in inner
    result = CustomOpDef(namespace, opname, schema_str, fn)
  File "/root/miniconda3/envs/mmrl/lib/python3.10/site-packages/torch/_library/custom_ops.py", line 169, in __init__
    self._register_to_dispatcher()
  File "/root/miniconda3/envs/mmrl/lib/python3.10/site-packages/torch/_library/custom_ops.py", line 475, in _register_to_dispatcher
    autograd_impl = _library.autograd.make_autograd_impl(self._opoverload, self)
  File "/root/miniconda3/envs/mmrl/lib/python3.10/site-packages/torch/_library/autograd.py", line 29, in make_autograd_impl
    class Metadata:
KeyboardInterrupt
