============================================================
START: 2026-04-26 02:46:35
STAGE: b2n_confirm_train_base
GPU: 0
METHOD: BayesMMRL
PROTOCOL: B2N
PHASE: train_base
SUBSAMPLE: base
EXEC_MODE: online
DATASET: oxford_pets
SHOTS: 4
SEED: 3
TAG: rep_zero_sig-per_token_pstd-0.1_kl-5e-2
DATA_ROOT: DATASETS
OUTPUT_ROOT: output_sweeps/bayes_mmrl_rep_tokens/coarse3/b2n_confirm_stage
BACKBONE: ViT-B/16
PROTOCOL_CFG: configs/protocols/b2n.yaml
JOBS_PER_GPU: 2
============================================================
[run] B2N train_base | dataset=oxford_pets | sigma_mode=per_token | shot=4 | seed=3 | tag=rep_zero_sig-per_token_pstd-0.1_kl-5e-2
[info] B2N train_base uses configs/protocols/b2n.yaml and DATASET.SUBSAMPLE_CLASSES=base
[info] sigma_mode=per_token
[info] train_outdir=output_sweeps/bayes_mmrl_rep_tokens/coarse3/b2n_confirm_stage/BayesMMRL/B2N/train_base/oxford_pets/shots_4/ViT-B-16/rep_zero_sig-per_token_pstd-0.1_kl-5e-2/seed3
[info] eval_outdir=output_sweeps/bayes_mmrl_rep_tokens/coarse3/b2n_confirm_stage/BayesMMRL/B2N/test_new/oxford_pets/shots_4/ViT-B-16/rep_zero_sig-per_token_pstd-0.1_kl-5e-2/seed3
[info] EVAL_MODE=mc_predictive, EVAL_AGGREGATION=logit_mean
[info] KL_WARMUP_EPOCHS=6
Setting fixed seed: 3
***************
** Arguments **
***************
dataset_config_file: configs/datasets/oxford_pets.yaml
eval_only: False
exec_mode: online
exp_config: 
load_epoch: None
method: BayesMMRL
method_config_file: configs/methods/bayesmmrl.yaml
model_dir: 
no_train: False
opts: ['DATASET.NUM_SHOTS', '4', 'DATASET.SUBSAMPLE_CLASSES', 'base', 'MODEL.BACKBONE.NAME', 'ViT-B/16', 'BAYES_MMRL.ALPHA', '0.7', 'BAYES_MMRL.REG_WEIGHT', '0.5', 'BAYES_MMRL.N_REP_TOKENS', '5', 'BAYES_MMRL.REP_LAYERS', '[6,7,8,9,10,11,12]', 'BAYES_MMRL.REP_DIM', '512', 'BAYES_MMRL.N_MC_TRAIN', '3', 'BAYES_MMRL.N_MC_TEST', '10', 'BAYES_MMRL.EVAL_MODE', 'mc_predictive', 'BAYES_MMRL.EVAL_USE_POSTERIOR_MEAN', 'False', 'BAYES_MMRL.EVAL_AGGREGATION', 'logit_mean', 'BAYES_MMRL.KL_WARMUP_EPOCHS', '6', 'BAYES_MMRL.BAYES_TARGET', 'rep_tokens', 'BAYES_MMRL.REP_PRIOR_MODE', 'zero', 'BAYES_MMRL.REP_SIGMA_MODE', 'per_token', 'BAYES_MMRL.REP_PRIOR_STD', '0.1', 'BAYES_MMRL.REP_KL_WEIGHT', '5e-2']
output_dir: output_sweeps/bayes_mmrl_rep_tokens/coarse3/b2n_confirm_stage/BayesMMRL/B2N/train_base/oxford_pets/shots_4/ViT-B-16/rep_zero_sig-per_token_pstd-0.1_kl-5e-2/seed3
protocol: B2N
protocol_config_file: configs/protocols/b2n.yaml
root: DATASETS
runtime_config_file: configs/runtime/default.yaml
seed: 3
trainer: RefactorRunner
************
** Config **
************
BAYES_MMRL:
  ALPHA: 0.7
  BAYES_TARGET: rep_tokens
  CLIP_PRIOR_BLEND: 0.5
  CLIP_PRIOR_SCALE: 0.05
  EVAL_AGGREGATION: logit_mean
  EVAL_MODE: mc_predictive
  EVAL_USE_POSTERIOR_MEAN: False
  KL_WARMUP_EPOCHS: 6
  KL_WEIGHT: 0.0005
  N_MC_TEST: 10
  N_MC_TRAIN: 3
  N_REP_TOKENS: 5
  PREC: amp
  PRIOR_STD: 0.05
  PROJ_REP_KL_WEIGHT: 1e-06
  PROJ_REP_PRIOR_MODE: clip_proj
  PROJ_REP_PRIOR_STD: 0.01
  PROJ_REP_SIGMA_MODE: row
  REG_WEIGHT: 0.5
  REP_DIM: 512
  REP_KL_WEIGHT: 0.05
  REP_LAYERS: [6, 7, 8, 9, 10, 11, 12]
  REP_MN_ENFORCE_TRACE: True
  REP_MN_LOWRANK_RANK: 8
  REP_PRIOR_MODE: zero
  REP_PRIOR_STD: 0.1
  REP_SIGMA_MODE: per_token
  SIGMA_MODE: global
CLIP_ADAPTERS:
  ALLOW_CACHE: True
  BAYES_KL_SCALE: 1.0
  BAYES_PRIOR_STD: 0.01
  CONSTRAINT: none
  ENHANCED_BASE: none
  INIT: ZS
  KL_WEIGHT: 0.0001
  N_SAMPLES: 3
  N_TEST_SAMPLES: 10
  PREC: fp32
  TYPE: MP
DATALOADER:
  K_TRANSFORMS: 1
  NUM_WORKERS: 2
  RETURN_IMG0: False
  TEST:
    BATCH_SIZE: 250
    SAMPLER: SequentialSampler
  TRAIN_U:
    BATCH_SIZE: 32
    N_DOMAIN: 0
    N_INS: 16
    SAME_AS_X: True
    SAMPLER: RandomSampler
  TRAIN_X:
    BATCH_SIZE: 32
    N_DOMAIN: 0
    N_INS: 16
    SAMPLER: RandomSampler
DATASET:
  ALL_AS_UNLABELED: False
  CIFAR_C_LEVEL: 1
  CIFAR_C_TYPE: 
  NAME: OxfordPets
  NUM_LABELED: -1
  NUM_SHOTS: 4
  ROOT: DATASETS
  SOURCE_DOMAINS: ()
  STL10_FOLD: -1
  SUBSAMPLE_CLASSES: base
  TARGET_DOMAINS: ()
  VAL_PERCENT: 0.1
INPUT:
  COLORJITTER_B: 0.4
  COLORJITTER_C: 0.4
  COLORJITTER_H: 0.1
  COLORJITTER_S: 0.4
  CROP_PADDING: 4
  CUTOUT_LEN: 16
  CUTOUT_N: 1
  GB_K: 21
  GB_P: 0.5
  GN_MEAN: 0.0
  GN_STD: 0.15
  INTERPOLATION: bicubic
  NO_TRANSFORM: False
  PIXEL_MEAN: [0.48145466, 0.4578275, 0.40821073]
  PIXEL_STD: [0.26862954, 0.26130258, 0.27577711]
  RANDAUGMENT_M: 10
  RANDAUGMENT_N: 2
  RGS_P: 0.2
  RRCROP_SCALE: (0.5, 1)
  SIZE: (224, 224)
  TRANSFORMS: ('random_resized_crop', 'random_flip', 'normalize')
METHOD:
  EXEC_MODE: online
  FAMILY: internal_adaptation
  NAME: BayesMMRL
  TAG: default
MMRL:
  ALPHA: 0.7
  N_REP_TOKENS: 5
  PREC: amp
  REG_WEIGHT: 1.0
  REP_DIM: 512
  REP_LAYERS: [6, 7, 8, 9, 10, 11, 12]
MMRLPP:
  ALPHA: 0.7
  BETA: 0.9
  N_REP_TOKENS: 5
  PREC: amp
  PROJ_LORA_DIM: 64
  REG_WEIGHT: 1.0
  REP_DIM: 512
  REP_LAYERS: [6, 7, 8, 9, 10, 11, 12]
  RES_LORA_DIM: 4
MMRL_MIX:
  ALPHA: 0.7
  LOSS_FUSE_WEIGHT: 0.2
  LOSS_MAIN_WEIGHT: 1.0
  LOSS_REP_WEIGHT: 1.0
  N_REP_TOKENS: 5
  PREC: amp
  REG_WEIGHT: 1.0
  REP_DIM: 512
  REP_LAYERS: [6, 7, 8, 9, 10, 11, 12]
MODEL:
  BACKBONE:
    NAME: ViT-B/16
    PRETRAINED: True
  HEAD:
    ACTIVATION: relu
    BN: True
    DROPOUT: 0.0
    HIDDEN_LAYERS: ()
    NAME: 
  INIT_WEIGHTS: 
OPTIM:
  ADAM_BETA1: 0.9
  ADAM_BETA2: 0.999
  BASE_LR_MULT: 0.1
  GAMMA: 0.1
  LR: 0.001
  LR_SCHEDULER: cosine
  MAX_EPOCH: 50
  MOMENTUM: 0.9
  NAME: adamw
  NEW_LAYERS: ()
  RMSPROP_ALPHA: 0.99
  SGD_DAMPNING: 0
  SGD_NESTEROV: False
  STAGED_LR: False
  STEPSIZE: (-1,)
  WARMUP_CONS_LR: 1e-05
  WARMUP_EPOCH: 1
  WARMUP_MIN_LR: 1e-05
  WARMUP_RECOUNT: True
  WARMUP_TYPE: constant
  WEIGHT_DECAY: 0.0005
OUTPUT_DIR: output_sweeps/bayes_mmrl_rep_tokens/coarse3/b2n_confirm_stage/BayesMMRL/B2N/train_base/oxford_pets/shots_4/ViT-B-16/rep_zero_sig-per_token_pstd-0.1_kl-5e-2/seed3
PROTOCOL:
  NAME: B2N
  PHASE: train_base
RESUME: 
RUNTIME:
  OUTPUT_ROOT: output_refactor
  USE_DASSL_TRAINER_BRIDGE: True
SEED: 3
TASK: B2N
TEST:
  COMPUTE_CMAT: False
  EVALUATOR: Classification
  FINAL_MODEL: last_step
  NO_TEST: False
  PER_CLASS_RESULT: False
  SPLIT: test
TRAIN:
  CHECKPOINT_FREQ: 0
  COUNT_ITER: train_x
  PRINT_FREQ: 20
TRAINER:
  BayesMMRL:
    ALPHA: 0.7
    BAYES_TARGET: rep_tokens
    CLIP_PRIOR_BLEND: 0.5
    CLIP_PRIOR_SCALE: 0.05
    EVAL_AGGREGATION: logit_mean
    EVAL_MODE: mc_predictive
    EVAL_USE_POSTERIOR_MEAN: False
    KL_WARMUP_EPOCHS: 6
    KL_WEIGHT: 0.05
    N_MC_TEST: 10
    N_MC_TRAIN: 3
    N_REP_TOKENS: 5
    PREC: amp
    PRIOR_STD: 0.1
    PROJ_REP_KL_WEIGHT: 1e-06
    PROJ_REP_PRIOR_MODE: clip_proj
    PROJ_REP_PRIOR_STD: 0.01
    PROJ_REP_SIGMA_MODE: row
    REG_WEIGHT: 0.5
    REP_DIM: 512
    REP_KL_WEIGHT: 0.05
    REP_LAYERS: [6, 7, 8, 9, 10, 11, 12]
    REP_MN_ENFORCE_TRACE: True
    REP_MN_LOWRANK_RANK: 8
    REP_PRIOR_MODE: zero
    REP_PRIOR_STD: 0.1
    REP_SIGMA_MODE: per_token
    SIGMA_MODE: per_token
  CDAC:
    CLASS_LR_MULTI: 10
    P_THRESH: 0.95
    RAMPUP_COEF: 30
    RAMPUP_ITRS: 1000
    STRONG_TRANSFORMS: ()
    TOPK_MATCH: 5
  CROSSGRAD:
    ALPHA_D: 0.5
    ALPHA_F: 0.5
    EPS_D: 1.0
    EPS_F: 1.0
  ClipADAPTER:
    ALLOW_CACHE: True
    CONSTRAINT: none
    ENHANCED_BASE: none
    INIT: ZS
    PREC: fp32
    TYPE: MP
  DAEL:
    CONF_THRE: 0.95
    STRONG_TRANSFORMS: ()
    WEIGHT_U: 0.5
  DAELDG:
    CONF_THRE: 0.95
    STRONG_TRANSFORMS: ()
    WEIGHT_U: 0.5
  DDAIG:
    ALPHA: 0.5
    CLAMP: False
    CLAMP_MAX: 1.0
    CLAMP_MIN: -1.0
    G_ARCH: 
    LMDA: 0.3
    WARMUP: 0
  DOMAINMIX:
    ALPHA: 1.0
    BETA: 1.0
    TYPE: crossdomain
  ENTMIN:
    LMDA: 0.001
  FIXMATCH:
    CONF_THRE: 0.95
    STRONG_TRANSFORMS: ()
    WEIGHT_U: 1.0
  M3SDA:
    LMDA: 0.5
    N_STEP_F: 4
  MCD:
    N_STEP_F: 4
  MEANTEACHER:
    EMA_ALPHA: 0.999
    RAMPUP: 5
    WEIGHT_U: 1.0
  MIXMATCH:
    MIXUP_BETA: 0.75
    RAMPUP: 20000
    TEMP: 2.0
    WEIGHT_U: 100.0
  MME:
    LMDA: 0.1
  MMRL:
    ALPHA: 0.7
    N_REP_TOKENS: 5
    PREC: amp
    REG_WEIGHT: 1.0
    REP_DIM: 512
    REP_LAYERS: [6, 7, 8, 9, 10, 11, 12]
  MMRLMix:
    ALPHA: 0.7
    LOSS_FUSE_WEIGHT: 0.2
    LOSS_MAIN_WEIGHT: 1.0
    LOSS_REP_WEIGHT: 1.0
    N_REP_TOKENS: 5
    PREC: amp
    REG_WEIGHT: 1.0
    REP_DIM: 512
    REP_LAYERS: [6, 7, 8, 9, 10, 11, 12]
  MMRLpp:
    ALPHA: 0.7
    BETA: 0.9
    N_REP_TOKENS: 5
    PREC: amp
    PROJ_LORA_DIM: 64
    REG_WEIGHT: 1.0
    REP_DIM: 512
    REP_LAYERS: [6, 7, 8, 9, 10, 11, 12]
    RES_LORA_DIM: 4
  NAME: RefactorRunner
  SE:
    CONF_THRE: 0.95
    EMA_ALPHA: 0.999
    RAMPUP: 300
USE_CUDA: True
VERBOSE: True
VERSION: 1
Collecting env info ...
** System info **
PyTorch version: 2.11.0+cu128
Is debug build: False
CUDA used to build PyTorch: 12.8
ROCM used to build PyTorch: N/A

OS: Ubuntu 22.04.1 LTS (x86_64)
GCC version: (Ubuntu 11.3.0-1ubuntu1~22.04) 11.3.0
Clang version: Could not collect
CMake version: version 3.22.1
Libc version: glibc-2.35

Python version: 3.10.20 (main, Mar 11 2026, 17:46:40) [GCC 14.3.0] (64-bit runtime)
Python platform: Linux-5.15.0-94-generic-x86_64-with-glibc2.35
Is CUDA available: True
CUDA runtime version: 11.8.89
CUDA_MODULE_LOADING set to: 
GPU models and configuration: 
GPU 0: NVIDIA GeForce RTX 5090
GPU 1: NVIDIA GeForce RTX 5090
GPU 2: NVIDIA GeForce RTX 5090
GPU 3: NVIDIA GeForce RTX 5090
GPU 4: NVIDIA GeForce RTX 5090

Nvidia driver version: 595.58.03
cuDNN version: Probably one of the following:
/usr/lib/x86_64-linux-gnu/libcudnn.so.8.6.0
/usr/lib/x86_64-linux-gnu/libcudnn_adv_infer.so.8.6.0
/usr/lib/x86_64-linux-gnu/libcudnn_adv_train.so.8.6.0
/usr/lib/x86_64-linux-gnu/libcudnn_cnn_infer.so.8.6.0
/usr/lib/x86_64-linux-gnu/libcudnn_cnn_train.so.8.6.0
/usr/lib/x86_64-linux-gnu/libcudnn_ops_infer.so.8.6.0
/usr/lib/x86_64-linux-gnu/libcudnn_ops_train.so.8.6.0
Is XPU available: False
HIP runtime version: N/A
MIOpen runtime version: N/A
Is XNNPACK available: True
Caching allocator config: N/A

CPU:
Architecture:                       x86_64
CPU op-mode(s):                     32-bit, 64-bit
Address sizes:                      52 bits physical, 57 bits virtual
Byte Order:                         Little Endian
CPU(s):                             208
On-line CPU(s) list:                0-207
Vendor ID:                          GenuineIntel
Model name:                         Intel(R) Xeon(R) Platinum 8470Q
CPU family:                         6
Model:                              143
Thread(s) per core:                 2
Core(s) per socket:                 52
Socket(s):                          2
Stepping:                           8
Frequency boost:                    enabled
CPU max MHz:                        2101.0000
CPU min MHz:                        800.0000
BogoMIPS:                           4200.00
Flags:                              fpu vme de pse tsc msr pae mce cx8 apic sep mtrr pge mca cmov pat pse36 clflush dts acpi mmx fxsr sse sse2 ss ht tm pbe syscall nx pdpe1gb rdtscp lm constant_tsc art arch_perfmon pebs bts rep_good nopl xtopology nonstop_tsc cpuid aperfmperf tsc_known_freq pni pclmulqdq dtes64 ds_cpl vmx smx est tm2 ssse3 sdbg fma cx16 xtpr pdcm pcid dca sse4_1 sse4_2 x2apic movbe popcnt tsc_deadline_timer aes xsave avx f16c rdrand lahf_lm abm 3dnowprefetch cpuid_fault epb cat_l3 cat_l2 cdp_l3 invpcid_single intel_ppin cdp_l2 ssbd mba ibrs ibpb stibp ibrs_enhanced tpr_shadow vnmi flexpriority ept vpid ept_ad fsgsbase tsc_adjust bmi1 avx2 smep bmi2 erms invpcid cqm rdt_a avx512f avx512dq rdseed adx smap avx512ifma clflushopt clwb intel_pt avx512cd sha_ni avx512bw avx512vl xsaveopt xsavec xgetbv1 xsaves cqm_llc cqm_occup_llc cqm_mbm_total cqm_mbm_local split_lock_detect avx_vnni avx512_bf16 wbnoinvd dtherm ida arat pln pts avx512vbmi umip pku ospke waitpkg avx512_vbmi2 gfni vaes vpclmulqdq avx512_vnni avx512_bitalg tme avx512_vpopcntdq la57 rdpid bus_lock_detect cldemote movdiri movdir64b enqcmd fsrm md_clear serialize tsxldtrk pconfig arch_lbr amx_bf16 avx512_fp16 amx_tile amx_int8 flush_l1d arch_capabilities
Virtualization:                     VT-x
L1d cache:                          4.9 MiB (104 instances)
L1i cache:                          3.3 MiB (104 instances)
L2 cache:                           208 MiB (104 instances)
L3 cache:                           210 MiB (2 instances)
NUMA node(s):                       2
NUMA node0 CPU(s):                  0-51,104-155
NUMA node1 CPU(s):                  52-103,156-207
Vulnerability Gather data sampling: Not affected
Vulnerability Itlb multihit:        Not affected
Vulnerability L1tf:                 Not affected
Vulnerability Mds:                  Not affected
Vulnerability Meltdown:             Not affected
Vulnerability Mmio stale data:      Not affected
Vulnerability Retbleed:             Not affected
Vulnerability Spec rstack overflow: Not affected
Vulnerability Spec store bypass:    Mitigation; Speculative Store Bypass disabled via prctl and seccomp
Vulnerability Spectre v1:           Mitigation; usercopy/swapgs barriers and __user pointer sanitization
Vulnerability Spectre v2:           Mitigation; Enhanced IBRS, IBPB conditional, RSB filling, PBRSB-eIBRS SW sequence
Vulnerability Srbds:                Not affected
Vulnerability Tsx async abort:      Not affected

Versions of relevant libraries:
[pip3] flake8==3.7.9
[pip3] numpy==2.2.6
[pip3] nvidia-cublas-cu12==12.8.4.1
[pip3] nvidia-cuda-cupti-cu12==12.8.90
[pip3] nvidia-cuda-nvrtc-cu12==12.8.93
[pip3] nvidia-cuda-runtime-cu12==12.8.90
[pip3] nvidia-cudnn-cu12==9.19.0.56
[pip3] nvidia-cufft-cu12==11.3.3.83
[pip3] nvidia-curand-cu12==10.3.9.90
[pip3] nvidia-cusolver-cu12==11.7.3.90
[pip3] nvidia-cusparse-cu12==12.5.8.93
[pip3] nvidia-cusparselt-cu12==0.7.1
[pip3] nvidia-nccl-cu12==2.28.9
[pip3] nvidia-nvjitlink-cu12==12.8.93
[pip3] nvidia-nvtx-cu12==12.8.90
[pip3] torch==2.11.0+cu128
[pip3] torchaudio==2.11.0+cu128
[pip3] torchvision==0.26.0+cu128
[pip3] triton==3.6.0
[conda] numpy                     2.2.6                    pypi_0    pypi
[conda] nvidia-cublas-cu12        12.8.4.1                 pypi_0    pypi
[conda] nvidia-cuda-cupti-cu12    12.8.90                  pypi_0    pypi
[conda] nvidia-cuda-nvrtc-cu12    12.8.93                  pypi_0    pypi
[conda] nvidia-cuda-runtime-cu12  12.8.90                  pypi_0    pypi
[conda] nvidia-cudnn-cu12         9.19.0.56                pypi_0    pypi
[conda] nvidia-cufft-cu12         11.3.3.83                pypi_0    pypi
[conda] nvidia-curand-cu12        10.3.9.90                pypi_0    pypi
[conda] nvidia-cusolver-cu12      11.7.3.90                pypi_0    pypi
[conda] nvidia-cusparse-cu12      12.5.8.93                pypi_0    pypi
[conda] nvidia-cusparselt-cu12    0.7.1                    pypi_0    pypi
[conda] nvidia-nccl-cu12          2.28.9                   pypi_0    pypi
[conda] nvidia-nvjitlink-cu12     12.8.93                  pypi_0    pypi
[conda] nvidia-nvtx-cu12          12.8.90                  pypi_0    pypi
[conda] torch                     2.11.0+cu128             pypi_0    pypi
[conda] torchaudio                2.11.0+cu128             pypi_0    pypi
[conda] torchvision               0.26.0+cu128             pypi_0    pypi
[conda] triton                    3.6.0                    pypi_0    pypi
        Pillow (12.1.1)

Loading trainer: RefactorRunner
Loading dataset: OxfordPets
Reading split from /root/autodl-tmp/MMRL/DATASETS/oxford_pets/split_zhou_OxfordPets.json
Loading preprocessed few-shot data from /root/autodl-tmp/MMRL/DATASETS/oxford_pets/split_fewshot/shot_4-seed_3.pkl
SUBSAMPLE BASE CLASSES!
Building transform_train
+ random resized crop (size=(224, 224), scale=(0.5, 1))
+ random flip
+ to torch tensor of range [0, 1]
+ normalization (mean=[0.48145466, 0.4578275, 0.40821073], std=[0.26862954, 0.26130258, 0.27577711])
Building transform_test
+ resize the smaller edge to 224
+ 224x224 center crop
+ to torch tensor of range [0, 1]
+ normalization (mean=[0.48145466, 0.4578275, 0.40821073], std=[0.26862954, 0.26130258, 0.27577711])
---------  ----------
Dataset    OxfordPets
# classes  19
# train_x  76
# val      76
# test     1,881
---------  ----------
/root/autodl-tmp/MMRL/trainers/refactor_runner.py:61: FutureWarning: `torch.cuda.amp.GradScaler(args...)` is deprecated. Please use `torch.amp.GradScaler('cuda', args...)` instead.
  self.scaler = GradScaler() if prec == "amp" else None
[BayesMMRLMethod] trainable params: {'representation_learner.compound_rep_tokens_r2tproj.2.bias', 'representation_learner.compound_rep_tokens_r2tproj.6.weight', 'representation_learner.compound_rep_tokens_r2vproj.0.weight', 'representation_learner.compound_rep_tokens_r2vproj.4.bias', 'representation_learner.compound_rep_tokens_r2vproj.2.weight', 'representation_learner.compound_rep_tokens_r2tproj.5.bias', 'representation_learner.compound_rep_tokens_r2tproj.5.weight', 'representation_learner.compound_rep_tokens_r2vproj.4.weight', 'representation_learner.compound_rep_tokens_r2tproj.0.weight', 'representation_learner.compound_rep_tokens_r2tproj.6.bias', 'image_encoder.proj_rep', 'representation_learner.rep_posterior.posterior_mean', 'representation_learner.compound_rep_tokens_r2tproj.3.weight', 'representation_learner.compound_rep_tokens_r2vproj.5.weight', 'representation_learner.compound_rep_tokens_r2vproj.2.bias', 'representation_learner.rep_posterior.posterior_rho', 'representation_learner.compound_rep_tokens_r2vproj.3.weight', 'representation_learner.compound_rep_tokens_r2tproj.0.bias', 'representation_learner.compound_rep_tokens_r2tproj.4.bias', 'representation_learner.compound_rep_tokens_r2tproj.3.bias', 'representation_learner.compound_rep_tokens_r2vproj.3.bias', 'representation_learner.compound_rep_tokens_r2tproj.2.weight', 'representation_learner.compound_rep_tokens_r2vproj.0.bias', 'representation_learner.compound_rep_tokens_r2tproj.4.weight', 'representation_learner.compound_rep_tokens_r2vproj.6.bias', 'representation_learner.compound_rep_tokens_r2tproj.1.weight', 'representation_learner.compound_rep_tokens_r2vproj.1.bias', 'representation_learner.compound_rep_tokens_r2tproj.1.bias', 'representation_learner.compound_rep_tokens_r2vproj.5.bias', 'representation_learner.compound_rep_tokens_r2vproj.6.weight', 'representation_learner.compound_rep_tokens_r2vproj.1.weight'}
Loading evaluator: Classification
No checkpoint found, train from scratch
Initialize tensorboard (log_dir=output_sweeps/bayes_mmrl_rep_tokens/coarse3/b2n_confirm_stage/BayesMMRL/B2N/train_base/oxford_pets/shots_4/ViT-B-16/rep_zero_sig-per_token_pstd-0.1_kl-5e-2/seed3/tensorboard)
/root/autodl-tmp/MMRL/executors/online_executor.py:48: FutureWarning: `torch.cuda.amp.autocast(args...)` is deprecated. Please use `torch.amp.autocast('cuda', args...)` instead.
  with autocast():
epoch [1/50] batch [1/2] time 1.130 (1.130) data 0.465 (0.465) loss 1.9603 (1.9603) acc 96.8750 (96.8750) data_term 1.9603 (1.9603) raw_kl_rep 0.0000 (0.0000) raw_kl_proj_rep 0.0000 (0.0000) kl_rep_term 0.0000 (0.0000) kl_proj_rep_term 0.0000 (0.0000) kl_term 0.0000 (0.0000) kl_normalizer 2.0000 (2.0000) kl_beta 0.0000 (0.0000) lr 1.0000e-05 eta 0:01:51
epoch [1/50] batch [2/2] time 0.085 (0.608) data 0.000 (0.233) loss 2.4289 (2.1946) acc 75.0000 (85.9375) data_term 2.4289 (2.1946) raw_kl_rep 0.0000 (0.0000) raw_kl_proj_rep 0.0000 (0.0000) kl_rep_term 0.0000 (0.0000) kl_proj_rep_term 0.0000 (0.0000) kl_term 0.0000 (0.0000) kl_normalizer 2.0000 (2.0000) kl_beta 0.0000 (0.0000) lr 1.0000e-03 eta 0:00:59
epoch [2/50] batch [1/2] time 0.337 (0.337) data 0.244 (0.244) loss 2.1672 (2.1672) acc 84.3750 (84.3750) data_term 2.1672 (2.1672) raw_kl_rep 0.0000 (0.0000) raw_kl_proj_rep 0.0000 (0.0000) kl_rep_term 0.0000 (0.0000) kl_proj_rep_term 0.0000 (0.0000) kl_term 0.0000 (0.0000) kl_normalizer 2.0000 (2.0000) kl_beta 0.0000 (0.0000) lr 1.0000e-03 eta 0:00:32
epoch [2/50] batch [2/2] time 0.101 (0.219) data 0.000 (0.122) loss 2.6033 (2.3853) acc 68.7500 (76.5625) data_term 2.6033 (2.3853) raw_kl_rep 0.0000 (0.0000) raw_kl_proj_rep 0.0000 (0.0000) kl_rep_term 0.0000 (0.0000) kl_proj_rep_term 0.0000 (0.0000) kl_term 0.0000 (0.0000) kl_normalizer 2.0000 (2.0000) kl_beta 0.0000 (0.0000) lr 9.9901e-04 eta 0:00:21
epoch [3/50] batch [1/2] time 0.377 (0.377) data 0.276 (0.276) loss 2.6664 (2.6664) acc 50.0000 (50.0000) data_term 2.6664 (2.6664) raw_kl_rep 0.0000 (0.0000) raw_kl_proj_rep 0.0000 (0.0000) kl_rep_term 0.0000 (0.0000) kl_proj_rep_term 0.0000 (0.0000) kl_term 0.0000 (0.0000) kl_normalizer 2.0000 (2.0000) kl_beta 0.0000 (0.0000) lr 9.9901e-04 eta 0:00:35
epoch [3/50] batch [2/2] time 0.100 (0.239) data 0.000 (0.138) loss 2.0336 (2.3500) acc 71.8750 (60.9375) data_term 2.0336 (2.3500) raw_kl_rep 0.0000 (0.0000) raw_kl_proj_rep 0.0000 (0.0000) kl_rep_term 0.0000 (0.0000) kl_proj_rep_term 0.0000 (0.0000) kl_term 0.0000 (0.0000) kl_normalizer 2.0000 (2.0000) kl_beta 0.0000 (0.0000) lr 9.9606e-04 eta 0:00:22
epoch [4/50] batch [1/2] time 0.425 (0.425) data 0.290 (0.290) loss 1.9317 (1.9317) acc 65.6250 (65.6250) data_term 1.9317 (1.9317) raw_kl_rep 0.0000 (0.0000) raw_kl_proj_rep 0.0000 (0.0000) kl_rep_term 0.0000 (0.0000) kl_proj_rep_term 0.0000 (0.0000) kl_term 0.0000 (0.0000) kl_normalizer 2.0000 (2.0000) kl_beta 0.0000 (0.0000) lr 9.9606e-04 eta 0:00:39
epoch [4/50] batch [2/2] time 0.136 (0.280) data 0.000 (0.145) loss 1.5826 (1.7572) acc 81.2500 (73.4375) data_term 1.5826 (1.7572) raw_kl_rep 0.0000 (0.0000) raw_kl_proj_rep 0.0000 (0.0000) kl_rep_term 0.0000 (0.0000) kl_proj_rep_term 0.0000 (0.0000) kl_term 0.0000 (0.0000) kl_normalizer 2.0000 (2.0000) kl_beta 0.0000 (0.0000) lr 9.9114e-04 eta 0:00:25
epoch [5/50] batch [1/2] time 0.441 (0.441) data 0.293 (0.293) loss 1.5006 (1.5006) acc 90.6250 (90.6250) data_term 1.5006 (1.5006) raw_kl_rep 0.0000 (0.0000) raw_kl_proj_rep 0.0000 (0.0000) kl_rep_term 0.0000 (0.0000) kl_proj_rep_term 0.0000 (0.0000) kl_term 0.0000 (0.0000) kl_normalizer 2.0000 (2.0000) kl_beta 0.0000 (0.0000) lr 9.9114e-04 eta 0:00:40
epoch [5/50] batch [2/2] time 0.128 (0.284) data 0.000 (0.147) loss 1.5317 (1.5162) acc 59.3750 (75.0000) data_term 1.5317 (1.5162) raw_kl_rep 0.0000 (0.0000) raw_kl_proj_rep 0.0000 (0.0000) kl_rep_term 0.0000 (0.0000) kl_proj_rep_term 0.0000 (0.0000) kl_term 0.0000 (0.0000) kl_normalizer 2.0000 (2.0000) kl_beta 0.0000 (0.0000) lr 9.8429e-04 eta 0:00:25
epoch [6/50] batch [1/2] time 0.444 (0.444) data 0.296 (0.296) loss 1.1719 (1.1719) acc 78.1250 (78.1250) data_term 1.1719 (1.1719) raw_kl_rep 0.0000 (0.0000) raw_kl_proj_rep 0.0000 (0.0000) kl_rep_term 0.0000 (0.0000) kl_proj_rep_term 0.0000 (0.0000) kl_term 0.0000 (0.0000) kl_normalizer 2.0000 (2.0000) kl_beta 0.0000 (0.0000) lr 9.8429e-04 eta 0:00:39
epoch [6/50] batch [2/2] time 0.127 (0.285) data 0.000 (0.148) loss 1.0949 (1.1334) acc 93.7500 (85.9375) data_term 1.0949 (1.1334) raw_kl_rep 0.0000 (0.0000) raw_kl_proj_rep 0.0000 (0.0000) kl_rep_term 0.0000 (0.0000) kl_proj_rep_term 0.0000 (0.0000) kl_term 0.0000 (0.0000) kl_normalizer 2.0000 (2.0000) kl_beta 0.0000 (0.0000) lr 9.7553e-04 eta 0:00:25
epoch [7/50] batch [1/2] time 0.424 (0.424) data 0.256 (0.256) loss 0.9246 (0.9246) acc 87.5000 (87.5000) data_term 0.9246 (0.9246) raw_kl_rep 0.0000 (0.0000) raw_kl_proj_rep 0.0000 (0.0000) kl_rep_term 0.0000 (0.0000) kl_proj_rep_term 0.0000 (0.0000) kl_term 0.0000 (0.0000) kl_normalizer 2.0000 (2.0000) kl_beta 0.0000 (0.0000) lr 9.7553e-04 eta 0:00:36
epoch [7/50] batch [2/2] time 0.138 (0.281) data 0.000 (0.128) loss 1.1480 (1.0363) acc 71.8750 (79.6875) data_term 1.1480 (1.0363) raw_kl_rep 0.0000 (0.0000) raw_kl_proj_rep 0.0000 (0.0000) kl_rep_term 0.0000 (0.0000) kl_proj_rep_term 0.0000 (0.0000) kl_term 0.0000 (0.0000) kl_normalizer 2.0000 (2.0000) kl_beta 0.0000 (0.0000) lr 9.6489e-04 eta 0:00:24
epoch [8/50] batch [1/2] time 0.438 (0.438) data 0.284 (0.284) loss 0.7477 (0.7477) acc 93.7500 (93.7500) data_term 0.7463 (0.7463) raw_kl_rep 2.3911 (2.3911) raw_kl_proj_rep 0.0000 (0.0000) kl_rep_term 0.0014 (0.0014) kl_proj_rep_term 0.0000 (0.0000) kl_term 0.0014 (0.0014) kl_normalizer 2.0000 (2.0000) kl_beta 0.0233 (0.0233) lr 9.6489e-04 eta 0:00:37
epoch [8/50] batch [2/2] time 0.127 (0.282) data 0.000 (0.142) loss 0.8392 (0.7934) acc 87.5000 (90.6250) data_term 0.8376 (0.7920) raw_kl_rep 2.6952 (2.5431) raw_kl_proj_rep 0.0000 (0.0000) kl_rep_term 0.0016 (0.0015) kl_proj_rep_term 0.0000 (0.0000) kl_term 0.0016 (0.0015) kl_normalizer 2.0000 (2.0000) kl_beta 0.0233 (0.0233) lr 9.5241e-04 eta 0:00:23
epoch [9/50] batch [1/2] time 0.444 (0.444) data 0.289 (0.289) loss 0.8924 (0.8924) acc 90.6250 (90.6250) data_term 0.8889 (0.8889) raw_kl_rep 3.0501 (3.0501) raw_kl_proj_rep 0.0000 (0.0000) kl_rep_term 0.0035 (0.0035) kl_proj_rep_term 0.0000 (0.0000) kl_term 0.0035 (0.0035) kl_normalizer 2.0000 (2.0000) kl_beta 0.0465 (0.0465) lr 9.5241e-04 eta 0:00:36
epoch [9/50] batch [2/2] time 0.125 (0.285) data 0.000 (0.145) loss 0.5912 (0.7418) acc 96.8750 (93.7500) data_term 0.5872 (0.7380) raw_kl_rep 3.4347 (3.2424) raw_kl_proj_rep 0.0000 (0.0000) kl_rep_term 0.0040 (0.0038) kl_proj_rep_term 0.0000 (0.0000) kl_term 0.0040 (0.0038) kl_normalizer 2.0000 (2.0000) kl_beta 0.0465 (0.0465) lr 9.3815e-04 eta 0:00:23
epoch [10/50] batch [1/2] time 0.438 (0.438) data 0.276 (0.276) loss 0.6989 (0.6989) acc 90.6250 (90.6250) data_term 0.6922 (0.6922) raw_kl_rep 3.8577 (3.8577) raw_kl_proj_rep 0.0000 (0.0000) kl_rep_term 0.0067 (0.0067) kl_proj_rep_term 0.0000 (0.0000) kl_term 0.0067 (0.0067) kl_normalizer 2.0000 (2.0000) kl_beta 0.0698 (0.0698) lr 9.3815e-04 eta 0:00:35
epoch [10/50] batch [2/2] time 0.129 (0.284) data 0.000 (0.138) loss 0.4425 (0.5707) acc 93.7500 (92.1875) data_term 0.4350 (0.5636) raw_kl_rep 4.3094 (4.0835) raw_kl_proj_rep 0.0000 (0.0000) kl_rep_term 0.0075 (0.0071) kl_proj_rep_term 0.0000 (0.0000) kl_term 0.0075 (0.0071) kl_normalizer 2.0000 (2.0000) kl_beta 0.0698 (0.0698) lr 9.2216e-04 eta 0:00:22
epoch [11/50] batch [1/2] time 0.452 (0.452) data 0.291 (0.291) loss 0.4891 (0.4891) acc 87.5000 (87.5000) data_term 0.4780 (0.4780) raw_kl_rep 4.7729 (4.7729) raw_kl_proj_rep 0.0000 (0.0000) kl_rep_term 0.0111 (0.0111) kl_proj_rep_term 0.0000 (0.0000) kl_term 0.0111 (0.0111) kl_normalizer 2.0000 (2.0000) kl_beta 0.0930 (0.0930) lr 9.2216e-04 eta 0:00:35
epoch [11/50] batch [2/2] time 0.130 (0.291) data 0.000 (0.146) loss 0.5658 (0.5274) acc 87.5000 (87.5000) data_term 0.5536 (0.5158) raw_kl_rep 5.2362 (5.0046) raw_kl_proj_rep 0.0000 (0.0000) kl_rep_term 0.0122 (0.0116) kl_proj_rep_term 0.0000 (0.0000) kl_term 0.0122 (0.0116) kl_normalizer 2.0000 (2.0000) kl_beta 0.0930 (0.0930) lr 9.0451e-04 eta 0:00:22
epoch [12/50] batch [1/2] time 0.534 (0.534) data 0.368 (0.368) loss 0.3602 (0.3602) acc 96.8750 (96.8750) data_term 0.3436 (0.3436) raw_kl_rep 5.6900 (5.6900) raw_kl_proj_rep 0.0000 (0.0000) kl_rep_term 0.0165 (0.0165) kl_proj_rep_term 0.0000 (0.0000) kl_term 0.0165 (0.0165) kl_normalizer 2.0000 (2.0000) kl_beta 0.1163 (0.1163) lr 9.0451e-04 eta 0:00:41
epoch [12/50] batch [2/2] time 0.142 (0.338) data 0.000 (0.184) loss 0.4783 (0.4193) acc 93.7500 (95.3125) data_term 0.4605 (0.4021) raw_kl_rep 6.1224 (5.9062) raw_kl_proj_rep 0.0000 (0.0000) kl_rep_term 0.0178 (0.0172) kl_proj_rep_term 0.0000 (0.0000) kl_term 0.0178 (0.0172) kl_normalizer 2.0000 (2.0000) kl_beta 0.1163 (0.1163) lr 8.8526e-04 eta 0:00:25
epoch [13/50] batch [1/2] time 0.483 (0.483) data 0.285 (0.285) loss 0.2952 (0.2952) acc 100.0000 (100.0000) data_term 0.2724 (0.2724) raw_kl_rep 6.5336 (6.5336) raw_kl_proj_rep 0.0000 (0.0000) kl_rep_term 0.0228 (0.0228) kl_proj_rep_term 0.0000 (0.0000) kl_term 0.0228 (0.0228) kl_normalizer 2.0000 (2.0000) kl_beta 0.1395 (0.1395) lr 8.8526e-04 eta 0:00:36
epoch [13/50] batch [2/2] time 0.155 (0.319) data 0.000 (0.143) loss 0.4775 (0.3863) acc 90.6250 (95.3125) data_term 0.4535 (0.3629) raw_kl_rep 6.8999 (6.7168) raw_kl_proj_rep 0.0000 (0.0000) kl_rep_term 0.0241 (0.0234) kl_proj_rep_term 0.0000 (0.0000) kl_term 0.0241 (0.0234) kl_normalizer 2.0000 (2.0000) kl_beta 0.1395 (0.1395) lr 8.6448e-04 eta 0:00:23
epoch [14/50] batch [1/2] time 0.414 (0.414) data 0.243 (0.243) loss 0.4206 (0.4206) acc 96.8750 (96.8750) data_term 0.3911 (0.3911) raw_kl_rep 7.2349 (7.2349) raw_kl_proj_rep 0.0000 (0.0000) kl_rep_term 0.0294 (0.0294) kl_proj_rep_term 0.0000 (0.0000) kl_term 0.0294 (0.0294) kl_normalizer 2.0000 (2.0000) kl_beta 0.1628 (0.1628) lr 8.6448e-04 eta 0:00:30
epoch [14/50] batch [2/2] time 0.161 (0.287) data 0.000 (0.121) loss 0.2820 (0.3513) acc 96.8750 (96.8750) data_term 0.2513 (0.3212) raw_kl_rep 7.5314 (7.3832) raw_kl_proj_rep 0.0000 (0.0000) kl_rep_term 0.0307 (0.0300) kl_proj_rep_term 0.0000 (0.0000) kl_term 0.0307 (0.0300) kl_normalizer 2.0000 (2.0000) kl_beta 0.1628 (0.1628) lr 8.4227e-04 eta 0:00:20
epoch [15/50] batch [1/2] time 0.408 (0.408) data 0.253 (0.253) loss 0.2557 (0.2557) acc 100.0000 (100.0000) data_term 0.2192 (0.2192) raw_kl_rep 7.8387 (7.8387) raw_kl_proj_rep 0.0000 (0.0000) kl_rep_term 0.0365 (0.0365) kl_proj_rep_term 0.0000 (0.0000) kl_term 0.0365 (0.0365) kl_normalizer 2.0000 (2.0000) kl_beta 0.1860 (0.1860) lr 8.4227e-04 eta 0:00:28
epoch [15/50] batch [2/2] time 0.172 (0.290) data 0.000 (0.126) loss 0.4839 (0.3698) acc 90.6250 (95.3125) data_term 0.4462 (0.3327) raw_kl_rep 8.0926 (7.9657) raw_kl_proj_rep 0.0000 (0.0000) kl_rep_term 0.0376 (0.0370) kl_proj_rep_term 0.0000 (0.0000) kl_term 0.0376 (0.0370) kl_normalizer 2.0000 (2.0000) kl_beta 0.1860 (0.1860) lr 8.1871e-04 eta 0:00:20
epoch [16/50] batch [1/2] time 0.454 (0.454) data 0.285 (0.285) loss 0.5068 (0.5068) acc 93.7500 (93.7500) data_term 0.4633 (0.4633) raw_kl_rep 8.3148 (8.3148) raw_kl_proj_rep 0.0000 (0.0000) kl_rep_term 0.0435 (0.0435) kl_proj_rep_term 0.0000 (0.0000) kl_term 0.0435 (0.0435) kl_normalizer 2.0000 (2.0000) kl_beta 0.2093 (0.2093) lr 8.1871e-04 eta 0:00:31
epoch [16/50] batch [2/2] time 0.146 (0.300) data 0.000 (0.143) loss 0.2600 (0.3834) acc 100.0000 (96.8750) data_term 0.2155 (0.3394) raw_kl_rep 8.4906 (8.4027) raw_kl_proj_rep 0.0000 (0.0000) kl_rep_term 0.0444 (0.0440) kl_proj_rep_term 0.0000 (0.0000) kl_term 0.0444 (0.0440) kl_normalizer 2.0000 (2.0000) kl_beta 0.2093 (0.2093) lr 7.9389e-04 eta 0:00:20
epoch [17/50] batch [1/2] time 0.465 (0.465) data 0.302 (0.302) loss 0.3455 (0.3455) acc 96.8750 (96.8750) data_term 0.2953 (0.2953) raw_kl_rep 8.6226 (8.6226) raw_kl_proj_rep 0.0000 (0.0000) kl_rep_term 0.0501 (0.0501) kl_proj_rep_term 0.0000 (0.0000) kl_term 0.0501 (0.0501) kl_normalizer 2.0000 (2.0000) kl_beta 0.2326 (0.2326) lr 7.9389e-04 eta 0:00:31
epoch [17/50] batch [2/2] time 0.176 (0.320) data 0.000 (0.151) loss 0.2671 (0.3063) acc 100.0000 (98.4375) data_term 0.2164 (0.2559) raw_kl_rep 8.7192 (8.6709) raw_kl_proj_rep 0.0000 (0.0000) kl_rep_term 0.0507 (0.0504) kl_proj_rep_term 0.0000 (0.0000) kl_term 0.0507 (0.0504) kl_normalizer 2.0000 (2.0000) kl_beta 0.2326 (0.2326) lr 7.6791e-04 eta 0:00:21
epoch [18/50] batch [1/2] time 0.487 (0.487) data 0.306 (0.306) loss 0.3832 (0.3832) acc 96.8750 (96.8750) data_term 0.3271 (0.3271) raw_kl_rep 8.7760 (8.7760) raw_kl_proj_rep 0.0000 (0.0000) kl_rep_term 0.0561 (0.0561) kl_proj_rep_term 0.0000 (0.0000) kl_term 0.0561 (0.0561) kl_normalizer 2.0000 (2.0000) kl_beta 0.2558 (0.2558) lr 7.6791e-04 eta 0:00:31
epoch [18/50] batch [2/2] time 0.168 (0.328) data 0.000 (0.153) loss 0.3326 (0.3579) acc 96.8750 (96.8750) data_term 0.2763 (0.3017) raw_kl_rep 8.7965 (8.7863) raw_kl_proj_rep 0.0000 (0.0000) kl_rep_term 0.0563 (0.0562) kl_proj_rep_term 0.0000 (0.0000) kl_term 0.0563 (0.0562) kl_normalizer 2.0000 (2.0000) kl_beta 0.2558 (0.2558) lr 7.4088e-04 eta 0:00:20
epoch [19/50] batch [1/2] time 0.474 (0.474) data 0.283 (0.283) loss 0.3458 (0.3458) acc 96.8750 (96.8750) data_term 0.2846 (0.2846) raw_kl_rep 8.7655 (8.7655) raw_kl_proj_rep 0.0000 (0.0000) kl_rep_term 0.0612 (0.0612) kl_proj_rep_term 0.0000 (0.0000) kl_term 0.0612 (0.0612) kl_normalizer 2.0000 (2.0000) kl_beta 0.2791 (0.2791) lr 7.4088e-04 eta 0:00:29
epoch [19/50] batch [2/2] time 0.175 (0.324) data 0.000 (0.142) loss 0.2748 (0.3103) acc 100.0000 (98.4375) data_term 0.2141 (0.2494) raw_kl_rep 8.7020 (8.7337) raw_kl_proj_rep 0.0000 (0.0000) kl_rep_term 0.0607 (0.0609) kl_proj_rep_term 0.0000 (0.0000) kl_term 0.0607 (0.0609) kl_normalizer 2.0000 (2.0000) kl_beta 0.2791 (0.2791) lr 7.1289e-04 eta 0:00:20
epoch [20/50] batch [1/2] time 0.477 (0.477) data 0.293 (0.293) loss 0.3609 (0.3609) acc 93.7500 (93.7500) data_term 0.2959 (0.2959) raw_kl_rep 8.5992 (8.5992) raw_kl_proj_rep 0.0000 (0.0000) kl_rep_term 0.0650 (0.0650) kl_proj_rep_term 0.0000 (0.0000) kl_term 0.0650 (0.0650) kl_normalizer 2.0000 (2.0000) kl_beta 0.3023 (0.3023) lr 7.1289e-04 eta 0:00:29
epoch [20/50] batch [2/2] time 0.165 (0.321) data 0.000 (0.146) loss 0.3011 (0.3310) acc 100.0000 (96.8750) data_term 0.2370 (0.2664) raw_kl_rep 8.4735 (8.5364) raw_kl_proj_rep 0.0000 (0.0000) kl_rep_term 0.0640 (0.0645) kl_proj_rep_term 0.0000 (0.0000) kl_term 0.0640 (0.0645) kl_normalizer 2.0000 (2.0000) kl_beta 0.3023 (0.3023) lr 6.8406e-04 eta 0:00:19
epoch [21/50] batch [1/2] time 0.483 (0.483) data 0.310 (0.310) loss 0.3547 (0.3547) acc 93.7500 (93.7500) data_term 0.2870 (0.2870) raw_kl_rep 8.3249 (8.3249) raw_kl_proj_rep 0.0000 (0.0000) kl_rep_term 0.0678 (0.0678) kl_proj_rep_term 0.0000 (0.0000) kl_term 0.0678 (0.0678) kl_normalizer 2.0000 (2.0000) kl_beta 0.3256 (0.3256) lr 6.8406e-04 eta 0:00:28
epoch [21/50] batch [2/2] time 0.167 (0.325) data 0.000 (0.155) loss 0.5267 (0.4407) acc 93.7500 (93.7500) data_term 0.4605 (0.3737) raw_kl_rep 8.1409 (8.2329) raw_kl_proj_rep 0.0000 (0.0000) kl_rep_term 0.0663 (0.0670) kl_proj_rep_term 0.0000 (0.0000) kl_term 0.0663 (0.0670) kl_normalizer 2.0000 (2.0000) kl_beta 0.3256 (0.3256) lr 6.5451e-04 eta 0:00:18
epoch [22/50] batch [1/2] time 0.509 (0.509) data 0.314 (0.314) loss 0.3872 (0.3872) acc 96.8750 (96.8750) data_term 0.3179 (0.3179) raw_kl_rep 7.9466 (7.9466) raw_kl_proj_rep 0.0000 (0.0000) kl_rep_term 0.0693 (0.0693) kl_proj_rep_term 0.0000 (0.0000) kl_term 0.0693 (0.0693) kl_normalizer 2.0000 (2.0000) kl_beta 0.3488 (0.3488) lr 6.5451e-04 eta 0:00:29
epoch [22/50] batch [2/2] time 0.163 (0.336) data 0.000 (0.157) loss 0.1928 (0.2900) acc 100.0000 (98.4375) data_term 0.1252 (0.2216) raw_kl_rep 7.7506 (7.8486) raw_kl_proj_rep 0.0000 (0.0000) kl_rep_term 0.0676 (0.0684) kl_proj_rep_term 0.0000 (0.0000) kl_term 0.0676 (0.0684) kl_normalizer 2.0000 (2.0000) kl_beta 0.3488 (0.3488) lr 6.2434e-04 eta 0:00:18
epoch [23/50] batch [1/2] time 0.471 (0.471) data 0.288 (0.288) loss 0.3000 (0.3000) acc 93.7500 (93.7500) data_term 0.2299 (0.2299) raw_kl_rep 7.5373 (7.5373) raw_kl_proj_rep 0.0000 (0.0000) kl_rep_term 0.0701 (0.0701) kl_proj_rep_term 0.0000 (0.0000) kl_term 0.0701 (0.0701) kl_normalizer 2.0000 (2.0000) kl_beta 0.3721 (0.3721) lr 6.2434e-04 eta 0:00:25
epoch [23/50] batch [2/2] time 0.144 (0.307) data 0.000 (0.144) loss 0.3079 (0.3040) acc 96.8750 (95.3125) data_term 0.2397 (0.2348) raw_kl_rep 7.3289 (7.4331) raw_kl_proj_rep 0.0000 (0.0000) kl_rep_term 0.0682 (0.0691) kl_proj_rep_term 0.0000 (0.0000) kl_term 0.0682 (0.0691) kl_normalizer 2.0000 (2.0000) kl_beta 0.3721 (0.3721) lr 5.9369e-04 eta 0:00:16
epoch [24/50] batch [1/2] time 0.460 (0.460) data 0.278 (0.278) loss 0.2448 (0.2448) acc 100.0000 (100.0000) data_term 0.1745 (0.1745) raw_kl_rep 7.1092 (7.1092) raw_kl_proj_rep 0.0000 (0.0000) kl_rep_term 0.0703 (0.0703) kl_proj_rep_term 0.0000 (0.0000) kl_term 0.0703 (0.0703) kl_normalizer 2.0000 (2.0000) kl_beta 0.3953 (0.3953) lr 5.9369e-04 eta 0:00:24
epoch [24/50] batch [2/2] time 0.132 (0.296) data 0.000 (0.139) loss 0.3619 (0.3034) acc 93.7500 (96.8750) data_term 0.2938 (0.2342) raw_kl_rep 6.8915 (7.0004) raw_kl_proj_rep 0.0000 (0.0000) kl_rep_term 0.0681 (0.0692) kl_proj_rep_term 0.0000 (0.0000) kl_term 0.0681 (0.0692) kl_normalizer 2.0000 (2.0000) kl_beta 0.3953 (0.3953) lr 5.6267e-04 eta 0:00:15
epoch [25/50] batch [1/2] time 0.499 (0.499) data 0.295 (0.295) loss 0.3536 (0.3536) acc 96.8750 (96.8750) data_term 0.2838 (0.2838) raw_kl_rep 6.6696 (6.6696) raw_kl_proj_rep 0.0000 (0.0000) kl_rep_term 0.0698 (0.0698) kl_proj_rep_term 0.0000 (0.0000) kl_term 0.0698 (0.0698) kl_normalizer 2.0000 (2.0000) kl_beta 0.4186 (0.4186) lr 5.6267e-04 eta 0:00:25
epoch [25/50] batch [2/2] time 0.168 (0.334) data 0.000 (0.148) loss 0.3402 (0.3469) acc 96.8750 (96.8750) data_term 0.2728 (0.2783) raw_kl_rep 6.4413 (6.5555) raw_kl_proj_rep 0.0000 (0.0000) kl_rep_term 0.0674 (0.0686) kl_proj_rep_term 0.0000 (0.0000) kl_term 0.0674 (0.0686) kl_normalizer 2.0000 (2.0000) kl_beta 0.4186 (0.4186) lr 5.3140e-04 eta 0:00:16
epoch [26/50] batch [1/2] time 0.477 (0.477) data 0.301 (0.301) loss 0.2548 (0.2548) acc 100.0000 (100.0000) data_term 0.1862 (0.1862) raw_kl_rep 6.2122 (6.2122) raw_kl_proj_rep 0.0000 (0.0000) kl_rep_term 0.0686 (0.0686) kl_proj_rep_term 0.0000 (0.0000) kl_term 0.0686 (0.0686) kl_normalizer 2.0000 (2.0000) kl_beta 0.4419 (0.4419) lr 5.3140e-04 eta 0:00:23
epoch [26/50] batch [2/2] time 0.170 (0.323) data 0.000 (0.150) loss 0.2840 (0.2694) acc 96.8750 (98.4375) data_term 0.2178 (0.2020) raw_kl_rep 5.9945 (6.1034) raw_kl_proj_rep 0.0000 (0.0000) kl_rep_term 0.0662 (0.0674) kl_proj_rep_term 0.0000 (0.0000) kl_term 0.0662 (0.0674) kl_normalizer 2.0000 (2.0000) kl_beta 0.4419 (0.4419) lr 5.0000e-04 eta 0:00:15
epoch [27/50] batch [1/2] time 0.489 (0.489) data 0.304 (0.304) loss 0.2380 (0.2380) acc 100.0000 (100.0000) data_term 0.1708 (0.1708) raw_kl_rep 5.7756 (5.7756) raw_kl_proj_rep 0.0000 (0.0000) kl_rep_term 0.0672 (0.0672) kl_proj_rep_term 0.0000 (0.0000) kl_term 0.0672 (0.0672) kl_normalizer 2.0000 (2.0000) kl_beta 0.4651 (0.4651) lr 5.0000e-04 eta 0:00:22
epoch [27/50] batch [2/2] time 0.182 (0.335) data 0.000 (0.152) loss 0.3119 (0.2749) acc 96.8750 (98.4375) data_term 0.2472 (0.2090) raw_kl_rep 5.5652 (5.6704) raw_kl_proj_rep 0.0000 (0.0000) kl_rep_term 0.0647 (0.0659) kl_proj_rep_term 0.0000 (0.0000) kl_term 0.0647 (0.0659) kl_normalizer 2.0000 (2.0000) kl_beta 0.4651 (0.4651) lr 4.6860e-04 eta 0:00:15
epoch [28/50] batch [1/2] time 0.512 (0.512) data 0.315 (0.315) loss 0.3084 (0.3084) acc 96.8750 (96.8750) data_term 0.2429 (0.2429) raw_kl_rep 5.3643 (5.3643) raw_kl_proj_rep 0.0000 (0.0000) kl_rep_term 0.0655 (0.0655) kl_proj_rep_term 0.0000 (0.0000) kl_term 0.0655 (0.0655) kl_normalizer 2.0000 (2.0000) kl_beta 0.4884 (0.4884) lr 4.6860e-04 eta 0:00:23
epoch [28/50] batch [2/2] time 0.141 (0.327) data 0.000 (0.157) loss 0.2455 (0.2770) acc 100.0000 (98.4375) data_term 0.1824 (0.2127) raw_kl_rep 5.1742 (5.2692) raw_kl_proj_rep 0.0000 (0.0000) kl_rep_term 0.0632 (0.0643) kl_proj_rep_term 0.0000 (0.0000) kl_term 0.0632 (0.0643) kl_normalizer 2.0000 (2.0000) kl_beta 0.4884 (0.4884) lr 4.3733e-04 eta 0:00:14
epoch [29/50] batch [1/2] time 0.453 (0.453) data 0.267 (0.267) loss 0.2051 (0.2051) acc 100.0000 (100.0000) data_term 0.1413 (0.1413) raw_kl_rep 4.9862 (4.9862) raw_kl_proj_rep 0.0000 (0.0000) kl_rep_term 0.0638 (0.0638) kl_proj_rep_term 0.0000 (0.0000) kl_term 0.0638 (0.0638) kl_normalizer 2.0000 (2.0000) kl_beta 0.5116 (0.5116) lr 4.3733e-04 eta 0:00:19
epoch [29/50] batch [2/2] time 0.115 (0.284) data 0.000 (0.134) loss 0.3694 (0.2872) acc 96.8750 (98.4375) data_term 0.3079 (0.2246) raw_kl_rep 4.8049 (4.8956) raw_kl_proj_rep 0.0000 (0.0000) kl_rep_term 0.0615 (0.0626) kl_proj_rep_term 0.0000 (0.0000) kl_term 0.0615 (0.0626) kl_normalizer 2.0000 (2.0000) kl_beta 0.5116 (0.5116) lr 4.0631e-04 eta 0:00:11
epoch [30/50] batch [1/2] time 0.432 (0.432) data 0.276 (0.276) loss 0.2614 (0.2614) acc 96.8750 (96.8750) data_term 0.1995 (0.1995) raw_kl_rep 4.6335 (4.6335) raw_kl_proj_rep 0.0000 (0.0000) kl_rep_term 0.0620 (0.0620) kl_proj_rep_term 0.0000 (0.0000) kl_term 0.0620 (0.0620) kl_normalizer 2.0000 (2.0000) kl_beta 0.5349 (0.5349) lr 4.0631e-04 eta 0:00:17
epoch [30/50] batch [2/2] time 0.104 (0.268) data 0.000 (0.138) loss 0.3109 (0.2862) acc 96.8750 (96.8750) data_term 0.2512 (0.2253) raw_kl_rep 4.4685 (4.5510) raw_kl_proj_rep 0.0000 (0.0000) kl_rep_term 0.0598 (0.0609) kl_proj_rep_term 0.0000 (0.0000) kl_term 0.0598 (0.0609) kl_normalizer 2.0000 (2.0000) kl_beta 0.5349 (0.5349) lr 3.7566e-04 eta 0:00:10
epoch [31/50] batch [1/2] time 0.466 (0.466) data 0.315 (0.315) loss 0.2627 (0.2627) acc 100.0000 (100.0000) data_term 0.2026 (0.2026) raw_kl_rep 4.3085 (4.3085) raw_kl_proj_rep 0.0000 (0.0000) kl_rep_term 0.0601 (0.0601) kl_proj_rep_term 0.0000 (0.0000) kl_term 0.0601 (0.0601) kl_normalizer 2.0000 (2.0000) kl_beta 0.5581 (0.5581) lr 3.7566e-04 eta 0:00:18
epoch [31/50] batch [2/2] time 0.125 (0.295) data 0.000 (0.158) loss 0.1838 (0.2232) acc 100.0000 (100.0000) data_term 0.1257 (0.1641) raw_kl_rep 4.1606 (4.2345) raw_kl_proj_rep 0.0000 (0.0000) kl_rep_term 0.0581 (0.0591) kl_proj_rep_term 0.0000 (0.0000) kl_term 0.0581 (0.0591) kl_normalizer 2.0000 (2.0000) kl_beta 0.5581 (0.5581) lr 3.4549e-04 eta 0:00:11
epoch [32/50] batch [1/2] time 0.474 (0.474) data 0.314 (0.314) loss 0.2338 (0.2338) acc 96.8750 (96.8750) data_term 0.1755 (0.1755) raw_kl_rep 4.0095 (4.0095) raw_kl_proj_rep 0.0000 (0.0000) kl_rep_term 0.0583 (0.0583) kl_proj_rep_term 0.0000 (0.0000) kl_term 0.0583 (0.0583) kl_normalizer 2.0000 (2.0000) kl_beta 0.5814 (0.5814) lr 3.4549e-04 eta 0:00:17
epoch [32/50] batch [2/2] time 0.117 (0.296) data 0.000 (0.157) loss 0.2990 (0.2664) acc 96.8750 (96.8750) data_term 0.2428 (0.2091) raw_kl_rep 3.8694 (3.9395) raw_kl_proj_rep 0.0000 (0.0000) kl_rep_term 0.0562 (0.0573) kl_proj_rep_term 0.0000 (0.0000) kl_term 0.0562 (0.0573) kl_normalizer 2.0000 (2.0000) kl_beta 0.5814 (0.5814) lr 3.1594e-04 eta 0:00:10
epoch [33/50] batch [1/2] time 0.453 (0.453) data 0.295 (0.295) loss 0.2281 (0.2281) acc 100.0000 (100.0000) data_term 0.1716 (0.1716) raw_kl_rep 3.7348 (3.7348) raw_kl_proj_rep 0.0000 (0.0000) kl_rep_term 0.0565 (0.0565) kl_proj_rep_term 0.0000 (0.0000) kl_term 0.0565 (0.0565) kl_normalizer 2.0000 (2.0000) kl_beta 0.6047 (0.6047) lr 3.1594e-04 eta 0:00:15
epoch [33/50] batch [2/2] time 0.137 (0.295) data 0.000 (0.147) loss 0.3172 (0.2726) acc 100.0000 (100.0000) data_term 0.2626 (0.2171) raw_kl_rep 3.6126 (3.6737) raw_kl_proj_rep 0.0000 (0.0000) kl_rep_term 0.0546 (0.0555) kl_proj_rep_term 0.0000 (0.0000) kl_term 0.0546 (0.0555) kl_normalizer 2.0000 (2.0000) kl_beta 0.6047 (0.6047) lr 2.8711e-04 eta 0:00:10
epoch [34/50] batch [1/2] time 0.487 (0.487) data 0.320 (0.320) loss 0.2858 (0.2858) acc 100.0000 (100.0000) data_term 0.2309 (0.2309) raw_kl_rep 3.5002 (3.5002) raw_kl_proj_rep 0.0000 (0.0000) kl_rep_term 0.0549 (0.0549) kl_proj_rep_term 0.0000 (0.0000) kl_term 0.0549 (0.0549) kl_normalizer 2.0000 (2.0000) kl_beta 0.6279 (0.6279) lr 2.8711e-04 eta 0:00:16
epoch [34/50] batch [2/2] time 0.137 (0.312) data 0.000 (0.160) loss 0.1898 (0.2378) acc 100.0000 (100.0000) data_term 0.1364 (0.1836) raw_kl_rep 3.4019 (3.4510) raw_kl_proj_rep 0.0000 (0.0000) kl_rep_term 0.0534 (0.0542) kl_proj_rep_term 0.0000 (0.0000) kl_term 0.0534 (0.0542) kl_normalizer 2.0000 (2.0000) kl_beta 0.6279 (0.6279) lr 2.5912e-04 eta 0:00:09
epoch [35/50] batch [1/2] time 0.665 (0.665) data 0.506 (0.506) loss 0.1796 (0.1796) acc 100.0000 (100.0000) data_term 0.1259 (0.1259) raw_kl_rep 3.3000 (3.3000) raw_kl_proj_rep 0.0000 (0.0000) kl_rep_term 0.0537 (0.0537) kl_proj_rep_term 0.0000 (0.0000) kl_term 0.0537 (0.0537) kl_normalizer 2.0000 (2.0000) kl_beta 0.6512 (0.6512) lr 2.5912e-04 eta 0:00:20
epoch [35/50] batch [2/2] time 0.154 (0.409) data 0.000 (0.253) loss 0.2676 (0.2236) acc 96.8750 (98.4375) data_term 0.2154 (0.1706) raw_kl_rep 3.2075 (3.2537) raw_kl_proj_rep 0.0000 (0.0000) kl_rep_term 0.0522 (0.0530) kl_proj_rep_term 0.0000 (0.0000) kl_term 0.0522 (0.0530) kl_normalizer 2.0000 (2.0000) kl_beta 0.6512 (0.6512) lr 2.3209e-04 eta 0:00:12
epoch [36/50] batch [1/2] time 0.491 (0.491) data 0.326 (0.326) loss 0.1946 (0.1946) acc 100.0000 (100.0000) data_term 0.1420 (0.1420) raw_kl_rep 3.1184 (3.1184) raw_kl_proj_rep 0.0000 (0.0000) kl_rep_term 0.0526 (0.0526) kl_proj_rep_term 0.0000 (0.0000) kl_term 0.0526 (0.0526) kl_normalizer 2.0000 (2.0000) kl_beta 0.6744 (0.6744) lr 2.3209e-04 eta 0:00:14
epoch [36/50] batch [2/2] time 0.165 (0.328) data 0.000 (0.163) loss 0.2404 (0.2175) acc 100.0000 (100.0000) data_term 0.1892 (0.1656) raw_kl_rep 3.0381 (3.0783) raw_kl_proj_rep 0.0000 (0.0000) kl_rep_term 0.0512 (0.0519) kl_proj_rep_term 0.0000 (0.0000) kl_term 0.0512 (0.0519) kl_normalizer 2.0000 (2.0000) kl_beta 0.6744 (0.6744) lr 2.0611e-04 eta 0:00:09
epoch [37/50] batch [1/2] time 0.433 (0.433) data 0.305 (0.305) loss 0.3266 (0.3266) acc 96.8750 (96.8750) data_term 0.2750 (0.2750) raw_kl_rep 2.9581 (2.9581) raw_kl_proj_rep 0.0000 (0.0000) kl_rep_term 0.0516 (0.0516) kl_proj_rep_term 0.0000 (0.0000) kl_term 0.0516 (0.0516) kl_normalizer 2.0000 (2.0000) kl_beta 0.6977 (0.6977) lr 2.0611e-04 eta 0:00:11
epoch [37/50] batch [2/2] time 0.156 (0.294) data 0.000 (0.153) loss 0.2417 (0.2842) acc 96.8750 (96.8750) data_term 0.1913 (0.2332) raw_kl_rep 2.8880 (2.9230) raw_kl_proj_rep 0.0000 (0.0000) kl_rep_term 0.0504 (0.0510) kl_proj_rep_term 0.0000 (0.0000) kl_term 0.0504 (0.0510) kl_normalizer 2.0000 (2.0000) kl_beta 0.6977 (0.6977) lr 1.8129e-04 eta 0:00:07
epoch [38/50] batch [1/2] time 0.390 (0.390) data 0.267 (0.267) loss 0.2297 (0.2297) acc 100.0000 (100.0000) data_term 0.1789 (0.1789) raw_kl_rep 2.8162 (2.8162) raw_kl_proj_rep 0.0000 (0.0000) kl_rep_term 0.0508 (0.0508) kl_proj_rep_term 0.0000 (0.0000) kl_term 0.0508 (0.0508) kl_normalizer 2.0000 (2.0000) kl_beta 0.7209 (0.7209) lr 1.8129e-04 eta 0:00:09
epoch [38/50] batch [2/2] time 0.112 (0.251) data 0.000 (0.134) loss 0.3872 (0.3084) acc 93.7500 (96.8750) data_term 0.3376 (0.2583) raw_kl_rep 2.7518 (2.7840) raw_kl_proj_rep 0.0000 (0.0000) kl_rep_term 0.0496 (0.0502) kl_proj_rep_term 0.0000 (0.0000) kl_term 0.0496 (0.0502) kl_normalizer 2.0000 (2.0000) kl_beta 0.7209 (0.7209) lr 1.5773e-04 eta 0:00:06
epoch [39/50] batch [1/2] time 0.428 (0.428) data 0.317 (0.317) loss 0.1980 (0.1980) acc 100.0000 (100.0000) data_term 0.1479 (0.1479) raw_kl_rep 2.6932 (2.6932) raw_kl_proj_rep 0.0000 (0.0000) kl_rep_term 0.0501 (0.0501) kl_proj_rep_term 0.0000 (0.0000) kl_term 0.0501 (0.0501) kl_normalizer 2.0000 (2.0000) kl_beta 0.7442 (0.7442) lr 1.5773e-04 eta 0:00:09
epoch [39/50] batch [2/2] time 0.105 (0.267) data 0.000 (0.159) loss 0.2556 (0.2268) acc 96.8750 (98.4375) data_term 0.2065 (0.1772) raw_kl_rep 2.6417 (2.6674) raw_kl_proj_rep 0.0000 (0.0000) kl_rep_term 0.0491 (0.0496) kl_proj_rep_term 0.0000 (0.0000) kl_term 0.0491 (0.0496) kl_normalizer 2.0000 (2.0000) kl_beta 0.7442 (0.7442) lr 1.3552e-04 eta 0:00:05
epoch [40/50] batch [1/2] time 0.332 (0.332) data 0.228 (0.228) loss 0.3240 (0.3240) acc 96.8750 (96.8750) data_term 0.2743 (0.2743) raw_kl_rep 2.5906 (2.5906) raw_kl_proj_rep 0.0000 (0.0000) kl_rep_term 0.0497 (0.0497) kl_proj_rep_term 0.0000 (0.0000) kl_term 0.0497 (0.0497) kl_normalizer 2.0000 (2.0000) kl_beta 0.7674 (0.7674) lr 1.3552e-04 eta 0:00:06
epoch [40/50] batch [2/2] time 0.090 (0.211) data 0.000 (0.114) loss 0.2109 (0.2674) acc 100.0000 (98.4375) data_term 0.1620 (0.2181) raw_kl_rep 2.5484 (2.5695) raw_kl_proj_rep 0.0000 (0.0000) kl_rep_term 0.0489 (0.0493) kl_proj_rep_term 0.0000 (0.0000) kl_term 0.0489 (0.0493) kl_normalizer 2.0000 (2.0000) kl_beta 0.7674 (0.7674) lr 1.1474e-04 eta 0:00:04
epoch [41/50] batch [1/2] time 0.444 (0.444) data 0.291 (0.291) loss 0.2231 (0.2231) acc 100.0000 (100.0000) data_term 0.1735 (0.1735) raw_kl_rep 2.5048 (2.5048) raw_kl_proj_rep 0.0000 (0.0000) kl_rep_term 0.0495 (0.0495) kl_proj_rep_term 0.0000 (0.0000) kl_term 0.0495 (0.0495) kl_normalizer 2.0000 (2.0000) kl_beta 0.7907 (0.7907) lr 1.1474e-04 eta 0:00:08
epoch [41/50] batch [2/2] time 0.084 (0.264) data 0.000 (0.146) loss 0.2845 (0.2538) acc 96.8750 (98.4375) data_term 0.2357 (0.2046) raw_kl_rep 2.4665 (2.4856) raw_kl_proj_rep 0.0000 (0.0000) kl_rep_term 0.0488 (0.0491) kl_proj_rep_term 0.0000 (0.0000) kl_term 0.0488 (0.0491) kl_normalizer 2.0000 (2.0000) kl_beta 0.7907 (0.7907) lr 9.5492e-05 eta 0:00:04
epoch [42/50] batch [1/2] time 0.365 (0.365) data 0.265 (0.265) loss 0.3698 (0.3698) acc 93.7500 (93.7500) data_term 0.3204 (0.3204) raw_kl_rep 2.4289 (2.4289) raw_kl_proj_rep 0.0000 (0.0000) kl_rep_term 0.0494 (0.0494) kl_proj_rep_term 0.0000 (0.0000) kl_term 0.0494 (0.0494) kl_normalizer 2.0000 (2.0000) kl_beta 0.8140 (0.8140) lr 9.5492e-05 eta 0:00:06
epoch [42/50] batch [2/2] time 0.134 (0.250) data 0.000 (0.133) loss 0.1902 (0.2800) acc 100.0000 (96.8750) data_term 0.1414 (0.2309) raw_kl_rep 2.3988 (2.4138) raw_kl_proj_rep 0.0000 (0.0000) kl_rep_term 0.0488 (0.0491) kl_proj_rep_term 0.0000 (0.0000) kl_term 0.0488 (0.0491) kl_normalizer 2.0000 (2.0000) kl_beta 0.8140 (0.8140) lr 7.7836e-05 eta 0:00:03
epoch [43/50] batch [1/2] time 0.421 (0.421) data 0.289 (0.289) loss 0.1590 (0.1590) acc 100.0000 (100.0000) data_term 0.1094 (0.1094) raw_kl_rep 2.3679 (2.3679) raw_kl_proj_rep 0.0000 (0.0000) kl_rep_term 0.0496 (0.0496) kl_proj_rep_term 0.0000 (0.0000) kl_term 0.0496 (0.0496) kl_normalizer 2.0000 (2.0000) kl_beta 0.8372 (0.8372) lr 7.7836e-05 eta 0:00:06
epoch [43/50] batch [2/2] time 0.137 (0.279) data 0.000 (0.145) loss 0.2746 (0.2168) acc 96.8750 (98.4375) data_term 0.2256 (0.1675) raw_kl_rep 2.3411 (2.3545) raw_kl_proj_rep 0.0000 (0.0000) kl_rep_term 0.0490 (0.0493) kl_proj_rep_term 0.0000 (0.0000) kl_term 0.0490 (0.0493) kl_normalizer 2.0000 (2.0000) kl_beta 0.8372 (0.8372) lr 6.1847e-05 eta 0:00:03
epoch [44/50] batch [1/2] time 0.468 (0.468) data 0.285 (0.285) loss 0.1847 (0.1847) acc 100.0000 (100.0000) data_term 0.1349 (0.1349) raw_kl_rep 2.3147 (2.3147) raw_kl_proj_rep 0.0000 (0.0000) kl_rep_term 0.0498 (0.0498) kl_proj_rep_term 0.0000 (0.0000) kl_term 0.0498 (0.0498) kl_normalizer 2.0000 (2.0000) kl_beta 0.8605 (0.8605) lr 6.1847e-05 eta 0:00:06
epoch [44/50] batch [2/2] time 0.156 (0.312) data 0.000 (0.143) loss 0.3446 (0.2646) acc 90.6250 (95.3125) data_term 0.2953 (0.2151) raw_kl_rep 2.2923 (2.3035) raw_kl_proj_rep 0.0000 (0.0000) kl_rep_term 0.0493 (0.0496) kl_proj_rep_term 0.0000 (0.0000) kl_term 0.0493 (0.0496) kl_normalizer 2.0000 (2.0000) kl_beta 0.8605 (0.8605) lr 4.7586e-05 eta 0:00:03
epoch [45/50] batch [1/2] time 0.458 (0.458) data 0.309 (0.309) loss 0.2760 (0.2760) acc 96.8750 (96.8750) data_term 0.2258 (0.2258) raw_kl_rep 2.2705 (2.2705) raw_kl_proj_rep 0.0000 (0.0000) kl_rep_term 0.0502 (0.0502) kl_proj_rep_term 0.0000 (0.0000) kl_term 0.0502 (0.0502) kl_normalizer 2.0000 (2.0000) kl_beta 0.8837 (0.8837) lr 4.7586e-05 eta 0:00:05
epoch [45/50] batch [2/2] time 0.147 (0.302) data 0.000 (0.154) loss 0.2601 (0.2681) acc 96.8750 (96.8750) data_term 0.2103 (0.2181) raw_kl_rep 2.2542 (2.2624) raw_kl_proj_rep 0.0000 (0.0000) kl_rep_term 0.0498 (0.0500) kl_proj_rep_term 0.0000 (0.0000) kl_term 0.0498 (0.0500) kl_normalizer 2.0000 (2.0000) kl_beta 0.8837 (0.8837) lr 3.5112e-05 eta 0:00:03
epoch [46/50] batch [1/2] time 0.463 (0.463) data 0.306 (0.306) loss 0.1795 (0.1795) acc 100.0000 (100.0000) data_term 0.1287 (0.1287) raw_kl_rep 2.2373 (2.2373) raw_kl_proj_rep 0.0000 (0.0000) kl_rep_term 0.0507 (0.0507) kl_proj_rep_term 0.0000 (0.0000) kl_term 0.0507 (0.0507) kl_normalizer 2.0000 (2.0000) kl_beta 0.9070 (0.9070) lr 3.5112e-05 eta 0:00:04
epoch [46/50] batch [2/2] time 0.149 (0.306) data 0.000 (0.153) loss 0.3061 (0.2428) acc 96.8750 (98.4375) data_term 0.2557 (0.1922) raw_kl_rep 2.2243 (2.2308) raw_kl_proj_rep 0.0000 (0.0000) kl_rep_term 0.0504 (0.0506) kl_proj_rep_term 0.0000 (0.0000) kl_term 0.0504 (0.0506) kl_normalizer 2.0000 (2.0000) kl_beta 0.9070 (0.9070) lr 2.4472e-05 eta 0:00:02
epoch [47/50] batch [1/2] time 0.436 (0.436) data 0.305 (0.305) loss 0.3327 (0.3327) acc 96.8750 (96.8750) data_term 0.2813 (0.2813) raw_kl_rep 2.2116 (2.2116) raw_kl_proj_rep 0.0000 (0.0000) kl_rep_term 0.0514 (0.0514) kl_proj_rep_term 0.0000 (0.0000) kl_term 0.0514 (0.0514) kl_normalizer 2.0000 (2.0000) kl_beta 0.9302 (0.9302) lr 2.4472e-05 eta 0:00:03
epoch [47/50] batch [2/2] time 0.134 (0.285) data 0.000 (0.153) loss 0.2077 (0.2702) acc 100.0000 (98.4375) data_term 0.1565 (0.2189) raw_kl_rep 2.2029 (2.2072) raw_kl_proj_rep 0.0000 (0.0000) kl_rep_term 0.0512 (0.0513) kl_proj_rep_term 0.0000 (0.0000) kl_term 0.0512 (0.0513) kl_normalizer 2.0000 (2.0000) kl_beta 0.9302 (0.9302) lr 1.5708e-05 eta 0:00:01
epoch [48/50] batch [1/2] time 0.476 (0.476) data 0.308 (0.308) loss 0.2482 (0.2482) acc 100.0000 (100.0000) data_term 0.1959 (0.1959) raw_kl_rep 2.1940 (2.1940) raw_kl_proj_rep 0.0000 (0.0000) kl_rep_term 0.0523 (0.0523) kl_proj_rep_term 0.0000 (0.0000) kl_term 0.0523 (0.0523) kl_normalizer 2.0000 (2.0000) kl_beta 0.9535 (0.9535) lr 1.5708e-05 eta 0:00:02
epoch [48/50] batch [2/2] time 0.131 (0.304) data 0.000 (0.154) loss 0.2616 (0.2549) acc 96.8750 (98.4375) data_term 0.2094 (0.2027) raw_kl_rep 2.1883 (2.1911) raw_kl_proj_rep 0.0000 (0.0000) kl_rep_term 0.0522 (0.0522) kl_proj_rep_term 0.0000 (0.0000) kl_term 0.0522 (0.0522) kl_normalizer 2.0000 (2.0000) kl_beta 0.9535 (0.9535) lr 8.8564e-06 eta 0:00:01
epoch [49/50] batch [1/2] time 0.465 (0.465) data 0.308 (0.308) loss 0.2526 (0.2526) acc 100.0000 (100.0000) data_term 0.1993 (0.1993) raw_kl_rep 2.1825 (2.1825) raw_kl_proj_rep 0.0000 (0.0000) kl_rep_term 0.0533 (0.0533) kl_proj_rep_term 0.0000 (0.0000) kl_term 0.0533 (0.0533) kl_normalizer 2.0000 (2.0000) kl_beta 0.9767 (0.9767) lr 8.8564e-06 eta 0:00:01
epoch [49/50] batch [2/2] time 0.138 (0.301) data 0.000 (0.154) loss 0.1667 (0.2097) acc 100.0000 (100.0000) data_term 0.1135 (0.1564) raw_kl_rep 2.1792 (2.1808) raw_kl_proj_rep 0.0000 (0.0000) kl_rep_term 0.0532 (0.0533) kl_proj_rep_term 0.0000 (0.0000) kl_term 0.0532 (0.0533) kl_normalizer 2.0000 (2.0000) kl_beta 0.9767 (0.9767) lr 3.9426e-06 eta 0:00:00
epoch [50/50] batch [1/2] time 0.455 (0.455) data 0.325 (0.325) loss 0.2354 (0.2354) acc 100.0000 (100.0000) data_term 0.1810 (0.1810) raw_kl_rep 2.1757 (2.1757) raw_kl_proj_rep 0.0000 (0.0000) kl_rep_term 0.0544 (0.0544) kl_proj_rep_term 0.0000 (0.0000) kl_term 0.0544 (0.0544) kl_normalizer 2.0000 (2.0000) kl_beta 1.0000 (1.0000) lr 3.9426e-06 eta 0:00:00
epoch [50/50] batch [2/2] time 0.137 (0.296) data 0.000 (0.163) loss 0.2625 (0.2490) acc 100.0000 (100.0000) data_term 0.2082 (0.1946) raw_kl_rep 2.1741 (2.1749) raw_kl_proj_rep 0.0000 (0.0000) kl_rep_term 0.0544 (0.0544) kl_proj_rep_term 0.0000 (0.0000) kl_term 0.0544 (0.0544) kl_normalizer 2.0000 (2.0000) kl_beta 1.0000 (1.0000) lr 9.8664e-07 eta 0:00:00
Checkpoint saved to output_sweeps/bayes_mmrl_rep_tokens/coarse3/b2n_confirm_stage/BayesMMRL/B2N/train_base/oxford_pets/shots_4/ViT-B-16/rep_zero_sig-per_token_pstd-0.1_kl-5e-2/seed3/refactor_model/model.pth.tar-50
Finish training
Deploy the last-epoch model
Evaluate on the *test* set
=> result
* total: 1,881
* correct: 1,794
* accuracy: 95.4%
* error: 4.6%
* macro_f1: 95.4%
=> structured result
* accuracy: 95.3748
* error: 4.6252
* macro_f1: 95.3686
* nll: 0.1365
* brier: 0.0696
* ece: 3.2354
Saved metrics JSON to output_sweeps/bayes_mmrl_rep_tokens/coarse3/b2n_confirm_stage/BayesMMRL/B2N/train_base/oxford_pets/shots_4/ViT-B-16/rep_zero_sig-per_token_pstd-0.1_kl-5e-2/seed3/test_metrics.json
Saved metrics CSV to output_sweeps/bayes_mmrl_rep_tokens/coarse3/b2n_confirm_stage/BayesMMRL/B2N/train_base/oxford_pets/shots_4/ViT-B-16/rep_zero_sig-per_token_pstd-0.1_kl-5e-2/seed3/test_metrics.csv
Saved calibration bins CSV to output_sweeps/bayes_mmrl_rep_tokens/coarse3/b2n_confirm_stage/BayesMMRL/B2N/train_base/oxford_pets/shots_4/ViT-B-16/rep_zero_sig-per_token_pstd-0.1_kl-5e-2/seed3/test_calibration_bins.csv
Elapsed: 0:01:12
[cleanup] removed checkpoint dir: output_sweeps/bayes_mmrl_rep_tokens/coarse3/b2n_confirm_stage/BayesMMRL/B2N/train_base/oxford_pets/shots_4/ViT-B-16/rep_zero_sig-per_token_pstd-0.1_kl-5e-2/seed3/refactor_model
