============================================================
START: 2026-04-25 19:17:00
STAGE: search
GPU: 1
METHOD: BayesMMRL
PROTOCOL: FS
PHASE: fewshot_train
SUBSAMPLE: all
EXEC_MODE: online
DATASET: ucf101
SHOTS: 16
SEED: 1
TAG: rep_zero_sig-global_pstd-0.01_kl-5e-2
DATA_ROOT: DATASETS
OUTPUT_ROOT: output_sweeps/bayes_mmrl_rep_tokens/coarse3/search_stage
BACKBONE: ViT-B/16
PROTOCOL_CFG: configs/protocols/fs.yaml
JOBS_PER_GPU: 2
============================================================
[run] rep_tokens | dataset=ucf101 | shot=16 | seed=1 | tag=rep_zero_sig-global_pstd-0.01_kl-5e-2
[info] rep_tokens-only stage
[info] EVAL_MODE=mc_predictive, EVAL_AGGREGATION=logit_mean
[info] KL_WARMUP_EPOCHS=6
Setting fixed seed: 1
***************
** Arguments **
***************
dataset_config_file: configs/datasets/ucf101.yaml
eval_only: False
exec_mode: online
exp_config: 
load_epoch: None
method: BayesMMRL
method_config_file: configs/methods/bayesmmrl.yaml
model_dir: 
no_train: False
opts: ['DATASET.NUM_SHOTS', '16', 'DATASET.SUBSAMPLE_CLASSES', 'all', 'MODEL.BACKBONE.NAME', 'ViT-B/16', 'BAYES_MMRL.ALPHA', '0.7', 'BAYES_MMRL.REG_WEIGHT', '0.5', 'BAYES_MMRL.N_REP_TOKENS', '5', 'BAYES_MMRL.REP_LAYERS', '[6,7,8,9,10,11,12]', 'BAYES_MMRL.REP_DIM', '512', 'BAYES_MMRL.N_MC_TRAIN', '3', 'BAYES_MMRL.N_MC_TEST', '10', 'BAYES_MMRL.EVAL_MODE', 'mc_predictive', 'BAYES_MMRL.EVAL_USE_POSTERIOR_MEAN', 'False', 'BAYES_MMRL.EVAL_AGGREGATION', 'logit_mean', 'BAYES_MMRL.KL_WARMUP_EPOCHS', '6', 'BAYES_MMRL.BAYES_TARGET', 'rep_tokens', 'BAYES_MMRL.REP_PRIOR_MODE', 'zero', 'BAYES_MMRL.REP_SIGMA_MODE', 'global', 'BAYES_MMRL.REP_PRIOR_STD', '0.01', 'BAYES_MMRL.REP_KL_WEIGHT', '5e-2']
output_dir: output_sweeps/bayes_mmrl_rep_tokens/coarse3/search_stage/BayesMMRL/FS/fewshot_train/ucf101/shots_16/ViT-B-16/rep_zero_sig-global_pstd-0.01_kl-5e-2/seed1
protocol: FS
protocol_config_file: configs/protocols/fs.yaml
root: DATASETS
runtime_config_file: configs/runtime/default.yaml
seed: 1
trainer: RefactorRunner
************
** Config **
************
BAYES_MMRL:
  ALPHA: 0.7
  BAYES_TARGET: rep_tokens
  CLIP_PRIOR_BLEND: 0.5
  CLIP_PRIOR_SCALE: 0.05
  EVAL_AGGREGATION: logit_mean
  EVAL_MODE: mc_predictive
  EVAL_USE_POSTERIOR_MEAN: False
  KL_WARMUP_EPOCHS: 6
  KL_WEIGHT: 0.0005
  N_MC_TEST: 10
  N_MC_TRAIN: 3
  N_REP_TOKENS: 5
  PREC: amp
  PRIOR_STD: 0.05
  PROJ_REP_KL_WEIGHT: 1e-06
  PROJ_REP_PRIOR_MODE: clip_proj
  PROJ_REP_PRIOR_STD: 0.01
  PROJ_REP_SIGMA_MODE: row
  REG_WEIGHT: 0.5
  REP_DIM: 512
  REP_KL_WEIGHT: 0.05
  REP_LAYERS: [6, 7, 8, 9, 10, 11, 12]
  REP_MN_ENFORCE_TRACE: True
  REP_MN_LOWRANK_RANK: 8
  REP_PRIOR_MODE: zero
  REP_PRIOR_STD: 0.01
  REP_SIGMA_MODE: global
  SIGMA_MODE: global
CLIP_ADAPTERS:
  ALLOW_CACHE: True
  BAYES_KL_SCALE: 1.0
  BAYES_PRIOR_STD: 0.01
  CONSTRAINT: none
  ENHANCED_BASE: none
  INIT: ZS
  KL_WEIGHT: 0.0001
  N_SAMPLES: 3
  N_TEST_SAMPLES: 10
  PREC: fp32
  TYPE: MP
DATALOADER:
  K_TRANSFORMS: 1
  NUM_WORKERS: 2
  RETURN_IMG0: False
  TEST:
    BATCH_SIZE: 250
    SAMPLER: SequentialSampler
  TRAIN_U:
    BATCH_SIZE: 32
    N_DOMAIN: 0
    N_INS: 16
    SAME_AS_X: True
    SAMPLER: RandomSampler
  TRAIN_X:
    BATCH_SIZE: 32
    N_DOMAIN: 0
    N_INS: 16
    SAMPLER: RandomSampler
DATASET:
  ALL_AS_UNLABELED: False
  CIFAR_C_LEVEL: 1
  CIFAR_C_TYPE: 
  NAME: UCF101
  NUM_LABELED: -1
  NUM_SHOTS: 16
  ROOT: DATASETS
  SOURCE_DOMAINS: ()
  STL10_FOLD: -1
  SUBSAMPLE_CLASSES: all
  TARGET_DOMAINS: ()
  VAL_PERCENT: 0.1
INPUT:
  COLORJITTER_B: 0.4
  COLORJITTER_C: 0.4
  COLORJITTER_H: 0.1
  COLORJITTER_S: 0.4
  CROP_PADDING: 4
  CUTOUT_LEN: 16
  CUTOUT_N: 1
  GB_K: 21
  GB_P: 0.5
  GN_MEAN: 0.0
  GN_STD: 0.15
  INTERPOLATION: bicubic
  NO_TRANSFORM: False
  PIXEL_MEAN: [0.48145466, 0.4578275, 0.40821073]
  PIXEL_STD: [0.26862954, 0.26130258, 0.27577711]
  RANDAUGMENT_M: 10
  RANDAUGMENT_N: 2
  RGS_P: 0.2
  RRCROP_SCALE: (0.5, 1)
  SIZE: (224, 224)
  TRANSFORMS: ('random_resized_crop', 'random_flip', 'normalize')
METHOD:
  EXEC_MODE: online
  FAMILY: internal_adaptation
  NAME: BayesMMRL
  TAG: default
MMRL:
  ALPHA: 0.7
  N_REP_TOKENS: 5
  PREC: amp
  REG_WEIGHT: 1.0
  REP_DIM: 512
  REP_LAYERS: [6, 7, 8, 9, 10, 11, 12]
MMRLPP:
  ALPHA: 0.7
  BETA: 0.9
  N_REP_TOKENS: 5
  PREC: amp
  PROJ_LORA_DIM: 64
  REG_WEIGHT: 1.0
  REP_DIM: 512
  REP_LAYERS: [6, 7, 8, 9, 10, 11, 12]
  RES_LORA_DIM: 4
MMRL_MIX:
  ALPHA: 0.7
  LOSS_FUSE_WEIGHT: 0.2
  LOSS_MAIN_WEIGHT: 1.0
  LOSS_REP_WEIGHT: 1.0
  N_REP_TOKENS: 5
  PREC: amp
  REG_WEIGHT: 1.0
  REP_DIM: 512
  REP_LAYERS: [6, 7, 8, 9, 10, 11, 12]
MODEL:
  BACKBONE:
    NAME: ViT-B/16
    PRETRAINED: True
  HEAD:
    ACTIVATION: relu
    BN: True
    DROPOUT: 0.0
    HIDDEN_LAYERS: ()
    NAME: 
  INIT_WEIGHTS: 
OPTIM:
  ADAM_BETA1: 0.9
  ADAM_BETA2: 0.999
  BASE_LR_MULT: 0.1
  GAMMA: 0.1
  LR: 0.001
  LR_SCHEDULER: cosine
  MAX_EPOCH: 50
  MOMENTUM: 0.9
  NAME: adamw
  NEW_LAYERS: ()
  RMSPROP_ALPHA: 0.99
  SGD_DAMPNING: 0
  SGD_NESTEROV: False
  STAGED_LR: False
  STEPSIZE: (-1,)
  WARMUP_CONS_LR: 1e-05
  WARMUP_EPOCH: 1
  WARMUP_MIN_LR: 1e-05
  WARMUP_RECOUNT: True
  WARMUP_TYPE: constant
  WEIGHT_DECAY: 0.0005
OUTPUT_DIR: output_sweeps/bayes_mmrl_rep_tokens/coarse3/search_stage/BayesMMRL/FS/fewshot_train/ucf101/shots_16/ViT-B-16/rep_zero_sig-global_pstd-0.01_kl-5e-2/seed1
PROTOCOL:
  NAME: FS
  PHASE: fewshot_train
RESUME: 
RUNTIME:
  OUTPUT_ROOT: output_refactor
  USE_DASSL_TRAINER_BRIDGE: True
SEED: 1
TASK: FS
TEST:
  COMPUTE_CMAT: False
  EVALUATOR: Classification
  FINAL_MODEL: last_step
  NO_TEST: False
  PER_CLASS_RESULT: False
  SPLIT: test
TRAIN:
  CHECKPOINT_FREQ: 0
  COUNT_ITER: train_x
  PRINT_FREQ: 20
TRAINER:
  BayesMMRL:
    ALPHA: 0.7
    BAYES_TARGET: rep_tokens
    CLIP_PRIOR_BLEND: 0.5
    CLIP_PRIOR_SCALE: 0.05
    EVAL_AGGREGATION: logit_mean
    EVAL_MODE: mc_predictive
    EVAL_USE_POSTERIOR_MEAN: False
    KL_WARMUP_EPOCHS: 6
    KL_WEIGHT: 0.05
    N_MC_TEST: 10
    N_MC_TRAIN: 3
    N_REP_TOKENS: 5
    PREC: amp
    PRIOR_STD: 0.01
    PROJ_REP_KL_WEIGHT: 1e-06
    PROJ_REP_PRIOR_MODE: clip_proj
    PROJ_REP_PRIOR_STD: 0.01
    PROJ_REP_SIGMA_MODE: row
    REG_WEIGHT: 0.5
    REP_DIM: 512
    REP_KL_WEIGHT: 0.05
    REP_LAYERS: [6, 7, 8, 9, 10, 11, 12]
    REP_MN_ENFORCE_TRACE: True
    REP_MN_LOWRANK_RANK: 8
    REP_PRIOR_MODE: zero
    REP_PRIOR_STD: 0.01
    REP_SIGMA_MODE: global
    SIGMA_MODE: global
  CDAC:
    CLASS_LR_MULTI: 10
    P_THRESH: 0.95
    RAMPUP_COEF: 30
    RAMPUP_ITRS: 1000
    STRONG_TRANSFORMS: ()
    TOPK_MATCH: 5
  CROSSGRAD:
    ALPHA_D: 0.5
    ALPHA_F: 0.5
    EPS_D: 1.0
    EPS_F: 1.0
  ClipADAPTER:
    ALLOW_CACHE: True
    CONSTRAINT: none
    ENHANCED_BASE: none
    INIT: ZS
    PREC: fp32
    TYPE: MP
  DAEL:
    CONF_THRE: 0.95
    STRONG_TRANSFORMS: ()
    WEIGHT_U: 0.5
  DAELDG:
    CONF_THRE: 0.95
    STRONG_TRANSFORMS: ()
    WEIGHT_U: 0.5
  DDAIG:
    ALPHA: 0.5
    CLAMP: False
    CLAMP_MAX: 1.0
    CLAMP_MIN: -1.0
    G_ARCH: 
    LMDA: 0.3
    WARMUP: 0
  DOMAINMIX:
    ALPHA: 1.0
    BETA: 1.0
    TYPE: crossdomain
  ENTMIN:
    LMDA: 0.001
  FIXMATCH:
    CONF_THRE: 0.95
    STRONG_TRANSFORMS: ()
    WEIGHT_U: 1.0
  M3SDA:
    LMDA: 0.5
    N_STEP_F: 4
  MCD:
    N_STEP_F: 4
  MEANTEACHER:
    EMA_ALPHA: 0.999
    RAMPUP: 5
    WEIGHT_U: 1.0
  MIXMATCH:
    MIXUP_BETA: 0.75
    RAMPUP: 20000
    TEMP: 2.0
    WEIGHT_U: 100.0
  MME:
    LMDA: 0.1
  MMRL:
    ALPHA: 0.7
    N_REP_TOKENS: 5
    PREC: amp
    REG_WEIGHT: 1.0
    REP_DIM: 512
    REP_LAYERS: [6, 7, 8, 9, 10, 11, 12]
  MMRLMix:
    ALPHA: 0.7
    LOSS_FUSE_WEIGHT: 0.2
    LOSS_MAIN_WEIGHT: 1.0
    LOSS_REP_WEIGHT: 1.0
    N_REP_TOKENS: 5
    PREC: amp
    REG_WEIGHT: 1.0
    REP_DIM: 512
    REP_LAYERS: [6, 7, 8, 9, 10, 11, 12]
  MMRLpp:
    ALPHA: 0.7
    BETA: 0.9
    N_REP_TOKENS: 5
    PREC: amp
    PROJ_LORA_DIM: 64
    REG_WEIGHT: 1.0
    REP_DIM: 512
    REP_LAYERS: [6, 7, 8, 9, 10, 11, 12]
    RES_LORA_DIM: 4
  NAME: RefactorRunner
  SE:
    CONF_THRE: 0.95
    EMA_ALPHA: 0.999
    RAMPUP: 300
USE_CUDA: True
VERBOSE: True
VERSION: 1
Collecting env info ...
** System info **
PyTorch version: 2.11.0+cu128
Is debug build: False
CUDA used to build PyTorch: 12.8
ROCM used to build PyTorch: N/A

OS: Ubuntu 22.04.1 LTS (x86_64)
GCC version: (Ubuntu 11.3.0-1ubuntu1~22.04) 11.3.0
Clang version: Could not collect
CMake version: version 3.22.1
Libc version: glibc-2.35

Python version: 3.10.20 (main, Mar 11 2026, 17:46:40) [GCC 14.3.0] (64-bit runtime)
Python platform: Linux-5.15.0-94-generic-x86_64-with-glibc2.35
Is CUDA available: True
CUDA runtime version: 11.8.89
CUDA_MODULE_LOADING set to: 
GPU models and configuration: 
GPU 0: NVIDIA GeForce RTX 5090
GPU 1: NVIDIA GeForce RTX 5090
GPU 2: NVIDIA GeForce RTX 5090
GPU 3: NVIDIA GeForce RTX 5090
GPU 4: NVIDIA GeForce RTX 5090

Nvidia driver version: 595.58.03
cuDNN version: Probably one of the following:
/usr/lib/x86_64-linux-gnu/libcudnn.so.8.6.0
/usr/lib/x86_64-linux-gnu/libcudnn_adv_infer.so.8.6.0
/usr/lib/x86_64-linux-gnu/libcudnn_adv_train.so.8.6.0
/usr/lib/x86_64-linux-gnu/libcudnn_cnn_infer.so.8.6.0
/usr/lib/x86_64-linux-gnu/libcudnn_cnn_train.so.8.6.0
/usr/lib/x86_64-linux-gnu/libcudnn_ops_infer.so.8.6.0
/usr/lib/x86_64-linux-gnu/libcudnn_ops_train.so.8.6.0
Is XPU available: False
HIP runtime version: N/A
MIOpen runtime version: N/A
Is XNNPACK available: True
Caching allocator config: N/A

CPU:
Architecture:                       x86_64
CPU op-mode(s):                     32-bit, 64-bit
Address sizes:                      52 bits physical, 57 bits virtual
Byte Order:                         Little Endian
CPU(s):                             208
On-line CPU(s) list:                0-207
Vendor ID:                          GenuineIntel
Model name:                         Intel(R) Xeon(R) Platinum 8470Q
CPU family:                         6
Model:                              143
Thread(s) per core:                 2
Core(s) per socket:                 52
Socket(s):                          2
Stepping:                           8
Frequency boost:                    enabled
CPU max MHz:                        2101.0000
CPU min MHz:                        800.0000
BogoMIPS:                           4200.00
Flags:                              fpu vme de pse tsc msr pae mce cx8 apic sep mtrr pge mca cmov pat pse36 clflush dts acpi mmx fxsr sse sse2 ss ht tm pbe syscall nx pdpe1gb rdtscp lm constant_tsc art arch_perfmon pebs bts rep_good nopl xtopology nonstop_tsc cpuid aperfmperf tsc_known_freq pni pclmulqdq dtes64 ds_cpl vmx smx est tm2 ssse3 sdbg fma cx16 xtpr pdcm pcid dca sse4_1 sse4_2 x2apic movbe popcnt tsc_deadline_timer aes xsave avx f16c rdrand lahf_lm abm 3dnowprefetch cpuid_fault epb cat_l3 cat_l2 cdp_l3 invpcid_single intel_ppin cdp_l2 ssbd mba ibrs ibpb stibp ibrs_enhanced tpr_shadow vnmi flexpriority ept vpid ept_ad fsgsbase tsc_adjust bmi1 avx2 smep bmi2 erms invpcid cqm rdt_a avx512f avx512dq rdseed adx smap avx512ifma clflushopt clwb intel_pt avx512cd sha_ni avx512bw avx512vl xsaveopt xsavec xgetbv1 xsaves cqm_llc cqm_occup_llc cqm_mbm_total cqm_mbm_local split_lock_detect avx_vnni avx512_bf16 wbnoinvd dtherm ida arat pln pts avx512vbmi umip pku ospke waitpkg avx512_vbmi2 gfni vaes vpclmulqdq avx512_vnni avx512_bitalg tme avx512_vpopcntdq la57 rdpid bus_lock_detect cldemote movdiri movdir64b enqcmd fsrm md_clear serialize tsxldtrk pconfig arch_lbr amx_bf16 avx512_fp16 amx_tile amx_int8 flush_l1d arch_capabilities
Virtualization:                     VT-x
L1d cache:                          4.9 MiB (104 instances)
L1i cache:                          3.3 MiB (104 instances)
L2 cache:                           208 MiB (104 instances)
L3 cache:                           210 MiB (2 instances)
NUMA node(s):                       2
NUMA node0 CPU(s):                  0-51,104-155
NUMA node1 CPU(s):                  52-103,156-207
Vulnerability Gather data sampling: Not affected
Vulnerability Itlb multihit:        Not affected
Vulnerability L1tf:                 Not affected
Vulnerability Mds:                  Not affected
Vulnerability Meltdown:             Not affected
Vulnerability Mmio stale data:      Not affected
Vulnerability Retbleed:             Not affected
Vulnerability Spec rstack overflow: Not affected
Vulnerability Spec store bypass:    Mitigation; Speculative Store Bypass disabled via prctl and seccomp
Vulnerability Spectre v1:           Mitigation; usercopy/swapgs barriers and __user pointer sanitization
Vulnerability Spectre v2:           Mitigation; Enhanced IBRS, IBPB conditional, RSB filling, PBRSB-eIBRS SW sequence
Vulnerability Srbds:                Not affected
Vulnerability Tsx async abort:      Not affected

Versions of relevant libraries:
[pip3] flake8==3.7.9
[pip3] numpy==2.2.6
[pip3] nvidia-cublas-cu12==12.8.4.1
[pip3] nvidia-cuda-cupti-cu12==12.8.90
[pip3] nvidia-cuda-nvrtc-cu12==12.8.93
[pip3] nvidia-cuda-runtime-cu12==12.8.90
[pip3] nvidia-cudnn-cu12==9.19.0.56
[pip3] nvidia-cufft-cu12==11.3.3.83
[pip3] nvidia-curand-cu12==10.3.9.90
[pip3] nvidia-cusolver-cu12==11.7.3.90
[pip3] nvidia-cusparse-cu12==12.5.8.93
[pip3] nvidia-cusparselt-cu12==0.7.1
[pip3] nvidia-nccl-cu12==2.28.9
[pip3] nvidia-nvjitlink-cu12==12.8.93
[pip3] nvidia-nvtx-cu12==12.8.90
[pip3] torch==2.11.0+cu128
[pip3] torchaudio==2.11.0+cu128
[pip3] torchvision==0.26.0+cu128
[pip3] triton==3.6.0
[conda] numpy                     2.2.6                    pypi_0    pypi
[conda] nvidia-cublas-cu12        12.8.4.1                 pypi_0    pypi
[conda] nvidia-cuda-cupti-cu12    12.8.90                  pypi_0    pypi
[conda] nvidia-cuda-nvrtc-cu12    12.8.93                  pypi_0    pypi
[conda] nvidia-cuda-runtime-cu12  12.8.90                  pypi_0    pypi
[conda] nvidia-cudnn-cu12         9.19.0.56                pypi_0    pypi
[conda] nvidia-cufft-cu12         11.3.3.83                pypi_0    pypi
[conda] nvidia-curand-cu12        10.3.9.90                pypi_0    pypi
[conda] nvidia-cusolver-cu12      11.7.3.90                pypi_0    pypi
[conda] nvidia-cusparse-cu12      12.5.8.93                pypi_0    pypi
[conda] nvidia-cusparselt-cu12    0.7.1                    pypi_0    pypi
[conda] nvidia-nccl-cu12          2.28.9                   pypi_0    pypi
[conda] nvidia-nvjitlink-cu12     12.8.93                  pypi_0    pypi
[conda] nvidia-nvtx-cu12          12.8.90                  pypi_0    pypi
[conda] torch                     2.11.0+cu128             pypi_0    pypi
[conda] torchaudio                2.11.0+cu128             pypi_0    pypi
[conda] torchvision               0.26.0+cu128             pypi_0    pypi
[conda] triton                    3.6.0                    pypi_0    pypi
        Pillow (12.1.1)

Loading trainer: RefactorRunner
Loading dataset: UCF101
Reading split from /root/autodl-tmp/MMRL/DATASETS/ucf101/split_zhou_UCF101.json
Loading preprocessed few-shot data from /root/autodl-tmp/MMRL/DATASETS/ucf101/split_fewshot/shot_16-seed_1.pkl
Building transform_train
+ random resized crop (size=(224, 224), scale=(0.5, 1))
+ random flip
+ to torch tensor of range [0, 1]
+ normalization (mean=[0.48145466, 0.4578275, 0.40821073], std=[0.26862954, 0.26130258, 0.27577711])
Building transform_test
+ resize the smaller edge to 224
+ 224x224 center crop
+ to torch tensor of range [0, 1]
+ normalization (mean=[0.48145466, 0.4578275, 0.40821073], std=[0.26862954, 0.26130258, 0.27577711])
---------  ------
Dataset    UCF101
# classes  101
# train_x  1,616
# val      404
# test     3,783
---------  ------
/root/autodl-tmp/MMRL/trainers/refactor_runner.py:61: FutureWarning: `torch.cuda.amp.GradScaler(args...)` is deprecated. Please use `torch.amp.GradScaler('cuda', args...)` instead.
  self.scaler = GradScaler() if prec == "amp" else None
[BayesMMRLMethod] trainable params: {'representation_learner.rep_posterior.posterior_rho', 'representation_learner.compound_rep_tokens_r2vproj.4.weight', 'representation_learner.compound_rep_tokens_r2tproj.6.bias', 'representation_learner.compound_rep_tokens_r2vproj.1.bias', 'representation_learner.compound_rep_tokens_r2vproj.5.weight', 'representation_learner.compound_rep_tokens_r2tproj.2.bias', 'representation_learner.compound_rep_tokens_r2tproj.0.weight', 'representation_learner.compound_rep_tokens_r2vproj.0.weight', 'representation_learner.compound_rep_tokens_r2tproj.3.weight', 'representation_learner.compound_rep_tokens_r2vproj.4.bias', 'representation_learner.compound_rep_tokens_r2vproj.3.weight', 'image_encoder.proj_rep', 'representation_learner.compound_rep_tokens_r2vproj.0.bias', 'representation_learner.compound_rep_tokens_r2tproj.1.bias', 'representation_learner.compound_rep_tokens_r2vproj.2.weight', 'representation_learner.compound_rep_tokens_r2tproj.1.weight', 'representation_learner.compound_rep_tokens_r2tproj.5.weight', 'representation_learner.compound_rep_tokens_r2tproj.4.bias', 'representation_learner.rep_posterior.posterior_mean', 'representation_learner.compound_rep_tokens_r2vproj.1.weight', 'representation_learner.compound_rep_tokens_r2tproj.6.weight', 'representation_learner.compound_rep_tokens_r2vproj.2.bias', 'representation_learner.compound_rep_tokens_r2tproj.5.bias', 'representation_learner.compound_rep_tokens_r2vproj.6.bias', 'representation_learner.compound_rep_tokens_r2tproj.3.bias', 'representation_learner.compound_rep_tokens_r2tproj.2.weight', 'representation_learner.compound_rep_tokens_r2vproj.5.bias', 'representation_learner.compound_rep_tokens_r2tproj.4.weight', 'representation_learner.compound_rep_tokens_r2tproj.0.bias', 'representation_learner.compound_rep_tokens_r2vproj.6.weight', 'representation_learner.compound_rep_tokens_r2vproj.3.bias'}
Loading evaluator: Classification
No checkpoint found, train from scratch
Initialize tensorboard (log_dir=output_sweeps/bayes_mmrl_rep_tokens/coarse3/search_stage/BayesMMRL/FS/fewshot_train/ucf101/shots_16/ViT-B-16/rep_zero_sig-global_pstd-0.01_kl-5e-2/seed1/tensorboard)
/root/autodl-tmp/MMRL/executors/online_executor.py:48: FutureWarning: `torch.cuda.amp.autocast(args...)` is deprecated. Please use `torch.amp.autocast('cuda', args...)` instead.
  with autocast():
epoch [1/50] batch [20/50] time 0.216 (0.262) data 0.000 (0.016) loss 2.7660 (2.8878) acc 59.3750 (59.8438) data_term 2.7660 (2.8878) raw_kl_rep 0.0000 (0.0000) raw_kl_proj_rep 0.0000 (0.0000) kl_rep_term 0.0000 (0.0000) kl_proj_rep_term 0.0000 (0.0000) kl_term 0.0000 (0.0000) kl_normalizer 50.0000 (50.0000) kl_beta 0.0000 (0.0000) lr 1.0000e-05 eta 0:10:50
epoch [1/50] batch [40/50] time 0.218 (0.236) data 0.000 (0.008) loss 2.7241 (2.8294) acc 59.3750 (60.2344) data_term 2.7241 (2.8294) raw_kl_rep 0.0000 (0.0000) raw_kl_proj_rep 0.0000 (0.0000) kl_rep_term 0.0000 (0.0000) kl_proj_rep_term 0.0000 (0.0000) kl_term 0.0000 (0.0000) kl_normalizer 50.0000 (50.0000) kl_beta 0.0000 (0.0000) lr 1.0000e-05 eta 0:09:40
epoch [2/50] batch [20/50] time 0.215 (0.232) data 0.000 (0.012) loss 1.7931 (1.9188) acc 62.5000 (66.2500) data_term 1.7931 (1.9188) raw_kl_rep 0.0000 (0.0000) raw_kl_proj_rep 0.0000 (0.0000) kl_rep_term 0.0000 (0.0000) kl_proj_rep_term 0.0000 (0.0000) kl_term 0.0000 (0.0000) kl_normalizer 50.0000 (50.0000) kl_beta 0.0000 (0.0000) lr 1.0000e-03 eta 0:09:24
epoch [2/50] batch [40/50] time 0.221 (0.219) data 0.000 (0.006) loss 0.8901 (1.5152) acc 78.1250 (70.0000) data_term 0.8901 (1.5152) raw_kl_rep 0.0000 (0.0000) raw_kl_proj_rep 0.0000 (0.0000) kl_rep_term 0.0000 (0.0000) kl_proj_rep_term 0.0000 (0.0000) kl_term 0.0000 (0.0000) kl_normalizer 50.0000 (50.0000) kl_beta 0.0000 (0.0000) lr 1.0000e-03 eta 0:08:47
epoch [3/50] batch [20/50] time 0.218 (0.229) data 0.000 (0.011) loss 0.6182 (0.7693) acc 90.6250 (83.5938) data_term 0.6182 (0.7693) raw_kl_rep 0.0000 (0.0000) raw_kl_proj_rep 0.0000 (0.0000) kl_rep_term 0.0000 (0.0000) kl_proj_rep_term 0.0000 (0.0000) kl_term 0.0000 (0.0000) kl_normalizer 50.0000 (50.0000) kl_beta 0.0000 (0.0000) lr 9.9901e-04 eta 0:09:04
epoch [3/50] batch [40/50] time 0.207 (0.217) data 0.000 (0.006) loss 0.6415 (0.7385) acc 87.5000 (83.0469) data_term 0.6415 (0.7385) raw_kl_rep 0.0000 (0.0000) raw_kl_proj_rep 0.0000 (0.0000) kl_rep_term 0.0000 (0.0000) kl_proj_rep_term 0.0000 (0.0000) kl_term 0.0000 (0.0000) kl_normalizer 50.0000 (50.0000) kl_beta 0.0000 (0.0000) lr 9.9901e-04 eta 0:08:31
epoch [4/50] batch [20/50] time 0.214 (0.229) data 0.000 (0.013) loss 0.5791 (0.5868) acc 87.5000 (87.9688) data_term 0.5791 (0.5868) raw_kl_rep 0.0000 (0.0000) raw_kl_proj_rep 0.0000 (0.0000) kl_rep_term 0.0000 (0.0000) kl_proj_rep_term 0.0000 (0.0000) kl_term 0.0000 (0.0000) kl_normalizer 50.0000 (50.0000) kl_beta 0.0000 (0.0000) lr 9.9606e-04 eta 0:08:53
epoch [4/50] batch [40/50] time 0.213 (0.217) data 0.000 (0.007) loss 0.7216 (0.6241) acc 81.2500 (87.3438) data_term 0.7216 (0.6241) raw_kl_rep 0.0000 (0.0000) raw_kl_proj_rep 0.0000 (0.0000) kl_rep_term 0.0000 (0.0000) kl_proj_rep_term 0.0000 (0.0000) kl_term 0.0000 (0.0000) kl_normalizer 50.0000 (50.0000) kl_beta 0.0000 (0.0000) lr 9.9606e-04 eta 0:08:20
epoch [5/50] batch [20/50] time 0.208 (0.230) data 0.000 (0.013) loss 0.4843 (0.5407) acc 90.6250 (89.2188) data_term 0.4843 (0.5407) raw_kl_rep 0.0000 (0.0000) raw_kl_proj_rep 0.0000 (0.0000) kl_rep_term 0.0000 (0.0000) kl_proj_rep_term 0.0000 (0.0000) kl_term 0.0000 (0.0000) kl_normalizer 50.0000 (50.0000) kl_beta 0.0000 (0.0000) lr 9.9114e-04 eta 0:08:44
epoch [5/50] batch [40/50] time 0.210 (0.217) data 0.000 (0.007) loss 0.4685 (0.5371) acc 93.7500 (90.1562) data_term 0.4685 (0.5371) raw_kl_rep 0.0000 (0.0000) raw_kl_proj_rep 0.0000 (0.0000) kl_rep_term 0.0000 (0.0000) kl_proj_rep_term 0.0000 (0.0000) kl_term 0.0000 (0.0000) kl_normalizer 50.0000 (50.0000) kl_beta 0.0000 (0.0000) lr 9.9114e-04 eta 0:08:10
epoch [6/50] batch [20/50] time 0.218 (0.231) data 0.000 (0.011) loss 0.5267 (0.4532) acc 90.6250 (92.9688) data_term 0.5267 (0.4532) raw_kl_rep 0.0000 (0.0000) raw_kl_proj_rep 0.0000 (0.0000) kl_rep_term 0.0000 (0.0000) kl_proj_rep_term 0.0000 (0.0000) kl_term 0.0000 (0.0000) kl_normalizer 50.0000 (50.0000) kl_beta 0.0000 (0.0000) lr 9.8429e-04 eta 0:08:34
epoch [6/50] batch [40/50] time 0.212 (0.219) data 0.000 (0.006) loss 0.4418 (0.4715) acc 93.7500 (92.3438) data_term 0.4418 (0.4715) raw_kl_rep 0.0000 (0.0000) raw_kl_proj_rep 0.0000 (0.0000) kl_rep_term 0.0000 (0.0000) kl_proj_rep_term 0.0000 (0.0000) kl_term 0.0000 (0.0000) kl_normalizer 50.0000 (50.0000) kl_beta 0.0000 (0.0000) lr 9.8429e-04 eta 0:08:04
epoch [7/50] batch [20/50] time 0.225 (0.228) data 0.000 (0.012) loss 0.3226 (0.3573) acc 100.0000 (95.3125) data_term 0.3226 (0.3573) raw_kl_rep 0.0000 (0.0000) raw_kl_proj_rep 0.0000 (0.0000) kl_rep_term 0.0000 (0.0000) kl_proj_rep_term 0.0000 (0.0000) kl_term 0.0000 (0.0000) kl_normalizer 50.0000 (50.0000) kl_beta 0.0000 (0.0000) lr 9.7553e-04 eta 0:08:16
epoch [7/50] batch [40/50] time 0.204 (0.217) data 0.000 (0.006) loss 0.6096 (0.4106) acc 87.5000 (94.4531) data_term 0.6096 (0.4106) raw_kl_rep 0.0000 (0.0000) raw_kl_proj_rep 0.0000 (0.0000) kl_rep_term 0.0000 (0.0000) kl_proj_rep_term 0.0000 (0.0000) kl_term 0.0000 (0.0000) kl_normalizer 50.0000 (50.0000) kl_beta 0.0000 (0.0000) lr 9.7553e-04 eta 0:07:47
epoch [8/50] batch [20/50] time 0.219 (0.228) data 0.000 (0.010) loss 0.3628 (0.4177) acc 93.7500 (94.0625) data_term 0.3367 (0.3851) raw_kl_rep 1121.8579 (1404.6370) raw_kl_proj_rep 0.0000 (0.0000) kl_rep_term 0.0261 (0.0327) kl_proj_rep_term 0.0000 (0.0000) kl_term 0.0261 (0.0327) kl_normalizer 50.0000 (50.0000) kl_beta 0.0233 (0.0233) lr 9.6489e-04 eta 0:08:06
epoch [8/50] batch [40/50] time 0.223 (0.217) data 0.000 (0.005) loss 0.4438 (0.4134) acc 93.7500 (93.9844) data_term 0.4256 (0.3869) raw_kl_rep 784.9141 (1139.4423) raw_kl_proj_rep 0.0000 (0.0000) kl_rep_term 0.0183 (0.0265) kl_proj_rep_term 0.0000 (0.0000) kl_term 0.0183 (0.0265) kl_normalizer 50.0000 (50.0000) kl_beta 0.0233 (0.0233) lr 9.6489e-04 eta 0:07:38
epoch [9/50] batch [20/50] time 0.212 (0.228) data 0.000 (0.011) loss 0.2013 (0.3578) acc 96.8750 (96.2500) data_term 0.1789 (0.3309) raw_kl_rep 480.9398 (577.9478) raw_kl_proj_rep 0.0000 (0.0000) kl_rep_term 0.0224 (0.0269) kl_proj_rep_term 0.0000 (0.0000) kl_term 0.0224 (0.0269) kl_normalizer 50.0000 (50.0000) kl_beta 0.0465 (0.0465) lr 9.5241e-04 eta 0:07:54
epoch [9/50] batch [40/50] time 0.214 (0.215) data 0.000 (0.006) loss 0.3070 (0.3897) acc 96.8750 (95.5469) data_term 0.2862 (0.3656) raw_kl_rep 446.9436 (516.3599) raw_kl_proj_rep 0.0000 (0.0000) kl_rep_term 0.0208 (0.0240) kl_proj_rep_term 0.0000 (0.0000) kl_term 0.0208 (0.0240) kl_normalizer 50.0000 (50.0000) kl_beta 0.0465 (0.0465) lr 9.5241e-04 eta 0:07:23
epoch [10/50] batch [20/50] time 0.224 (0.229) data 0.000 (0.010) loss 0.3939 (0.3806) acc 90.6250 (96.8750) data_term 0.3659 (0.3505) raw_kl_rep 401.5931 (430.9320) raw_kl_proj_rep 0.0000 (0.0000) kl_rep_term 0.0280 (0.0301) kl_proj_rep_term 0.0000 (0.0000) kl_term 0.0280 (0.0301) kl_normalizer 50.0000 (50.0000) kl_beta 0.0698 (0.0698) lr 9.3815e-04 eta 0:07:44
epoch [10/50] batch [40/50] time 0.217 (0.218) data 0.000 (0.005) loss 0.4417 (0.3989) acc 93.7500 (95.9375) data_term 0.4144 (0.3732) raw_kl_rep 390.1318 (368.8125) raw_kl_proj_rep 0.0000 (0.0000) kl_rep_term 0.0272 (0.0257) kl_proj_rep_term 0.0000 (0.0000) kl_term 0.0272 (0.0257) kl_normalizer 50.0000 (50.0000) kl_beta 0.0698 (0.0698) lr 9.3815e-04 eta 0:07:18
epoch [11/50] batch [20/50] time 0.213 (0.231) data 0.000 (0.012) loss 0.4762 (0.3793) acc 90.6250 (97.0312) data_term 0.4468 (0.3467) raw_kl_rep 316.5078 (350.4642) raw_kl_proj_rep 0.0000 (0.0000) kl_rep_term 0.0294 (0.0326) kl_proj_rep_term 0.0000 (0.0000) kl_term 0.0294 (0.0326) kl_normalizer 50.0000 (50.0000) kl_beta 0.0930 (0.0930) lr 9.2216e-04 eta 0:07:36
epoch [11/50] batch [40/50] time 0.216 (0.221) data 0.000 (0.006) loss 0.4843 (0.3924) acc 100.0000 (96.5625) data_term 0.4558 (0.3607) raw_kl_rep 307.4342 (341.0312) raw_kl_proj_rep 0.0000 (0.0000) kl_rep_term 0.0286 (0.0317) kl_proj_rep_term 0.0000 (0.0000) kl_term 0.0286 (0.0317) kl_normalizer 50.0000 (50.0000) kl_beta 0.0930 (0.0930) lr 9.2216e-04 eta 0:07:12
epoch [12/50] batch [20/50] time 0.217 (0.227) data 0.000 (0.011) loss 0.3229 (0.3258) acc 96.8750 (97.8125) data_term 0.2921 (0.2949) raw_kl_rep 265.1027 (265.0455) raw_kl_proj_rep 0.0000 (0.0000) kl_rep_term 0.0308 (0.0308) kl_proj_rep_term 0.0000 (0.0000) kl_term 0.0308 (0.0308) kl_normalizer 50.0000 (50.0000) kl_beta 0.1163 (0.1163) lr 9.0451e-04 eta 0:07:19
epoch [12/50] batch [40/50] time 0.215 (0.216) data 0.000 (0.005) loss 0.2202 (0.3384) acc 100.0000 (97.6562) data_term 0.1874 (0.3088) raw_kl_rep 282.0344 (253.7857) raw_kl_proj_rep 0.0000 (0.0000) kl_rep_term 0.0328 (0.0295) kl_proj_rep_term 0.0000 (0.0000) kl_term 0.0328 (0.0295) kl_normalizer 50.0000 (50.0000) kl_beta 0.1163 (0.1163) lr 9.0451e-04 eta 0:06:52
epoch [13/50] batch [20/50] time 0.217 (0.234) data 0.000 (0.013) loss 0.3100 (0.3175) acc 96.8750 (98.7500) data_term 0.2852 (0.2813) raw_kl_rep 178.1598 (258.9154) raw_kl_proj_rep 0.0000 (0.0000) kl_rep_term 0.0249 (0.0361) kl_proj_rep_term 0.0000 (0.0000) kl_term 0.0249 (0.0361) kl_normalizer 50.0000 (50.0000) kl_beta 0.1395 (0.1395) lr 8.8526e-04 eta 0:07:19
epoch [13/50] batch [40/50] time 0.213 (0.218) data 0.000 (0.007) loss 0.4413 (0.3208) acc 96.8750 (98.3594) data_term 0.4101 (0.2886) raw_kl_rep 223.2344 (230.2270) raw_kl_proj_rep 0.0000 (0.0000) kl_rep_term 0.0311 (0.0321) kl_proj_rep_term 0.0000 (0.0000) kl_term 0.0311 (0.0321) kl_normalizer 50.0000 (50.0000) kl_beta 0.1395 (0.1395) lr 8.8526e-04 eta 0:06:45
epoch [14/50] batch [20/50] time 0.219 (0.230) data 0.000 (0.012) loss 0.3505 (0.3399) acc 96.8750 (97.6562) data_term 0.3166 (0.3027) raw_kl_rep 208.1607 (228.3993) raw_kl_proj_rep 0.0000 (0.0000) kl_rep_term 0.0339 (0.0372) kl_proj_rep_term 0.0000 (0.0000) kl_term 0.0339 (0.0372) kl_normalizer 50.0000 (50.0000) kl_beta 0.1628 (0.1628) lr 8.6448e-04 eta 0:07:00
epoch [14/50] batch [40/50] time 0.217 (0.219) data 0.000 (0.006) loss 0.4729 (0.3376) acc 96.8750 (98.2031) data_term 0.4418 (0.3025) raw_kl_rep 191.4582 (215.6063) raw_kl_proj_rep 0.0000 (0.0000) kl_rep_term 0.0312 (0.0351) kl_proj_rep_term 0.0000 (0.0000) kl_term 0.0312 (0.0351) kl_normalizer 50.0000 (50.0000) kl_beta 0.1628 (0.1628) lr 8.6448e-04 eta 0:06:35
epoch [15/50] batch [20/50] time 0.215 (0.230) data 0.000 (0.012) loss 0.3219 (0.3498) acc 96.8750 (97.9688) data_term 0.2952 (0.3193) raw_kl_rep 143.6042 (164.1516) raw_kl_proj_rep 0.0000 (0.0000) kl_rep_term 0.0267 (0.0305) kl_proj_rep_term 0.0000 (0.0000) kl_term 0.0267 (0.0305) kl_normalizer 50.0000 (50.0000) kl_beta 0.1860 (0.1860) lr 8.4227e-04 eta 0:06:50
epoch [15/50] batch [40/50] time 0.224 (0.219) data 0.000 (0.006) loss 0.2791 (0.3431) acc 100.0000 (97.8125) data_term 0.2431 (0.3136) raw_kl_rep 193.6378 (158.7443) raw_kl_proj_rep 0.0000 (0.0000) kl_rep_term 0.0360 (0.0295) kl_proj_rep_term 0.0000 (0.0000) kl_term 0.0360 (0.0295) kl_normalizer 50.0000 (50.0000) kl_beta 0.1860 (0.1860) lr 8.4227e-04 eta 0:06:26
epoch [16/50] batch [20/50] time 0.216 (0.230) data 0.000 (0.012) loss 0.2799 (0.2973) acc 100.0000 (98.9062) data_term 0.2496 (0.2641) raw_kl_rep 144.7437 (159.0493) raw_kl_proj_rep 0.0000 (0.0000) kl_rep_term 0.0303 (0.0333) kl_proj_rep_term 0.0000 (0.0000) kl_term 0.0303 (0.0333) kl_normalizer 50.0000 (50.0000) kl_beta 0.2093 (0.2093) lr 8.1871e-04 eta 0:06:37
epoch [16/50] batch [40/50] time 0.215 (0.218) data 0.000 (0.006) loss 0.2362 (0.3182) acc 100.0000 (98.2812) data_term 0.2002 (0.2871) raw_kl_rep 172.0064 (148.5250) raw_kl_proj_rep 0.0000 (0.0000) kl_rep_term 0.0360 (0.0311) kl_proj_rep_term 0.0000 (0.0000) kl_term 0.0360 (0.0311) kl_normalizer 50.0000 (50.0000) kl_beta 0.2093 (0.2093) lr 8.1871e-04 eta 0:06:13
epoch [17/50] batch [20/50] time 0.217 (0.227) data 0.000 (0.011) loss 0.2884 (0.3197) acc 96.8750 (98.2812) data_term 0.2545 (0.2926) raw_kl_rep 145.5928 (116.3760) raw_kl_proj_rep 0.0000 (0.0000) kl_rep_term 0.0339 (0.0271) kl_proj_rep_term 0.0000 (0.0000) kl_term 0.0339 (0.0271) kl_normalizer 50.0000 (50.0000) kl_beta 0.2326 (0.2326) lr 7.9389e-04 eta 0:06:21
epoch [17/50] batch [40/50] time 0.221 (0.217) data 0.000 (0.006) loss 0.2576 (0.2993) acc 96.8750 (98.5156) data_term 0.2313 (0.2708) raw_kl_rep 113.0797 (122.2326) raw_kl_proj_rep 0.0000 (0.0000) kl_rep_term 0.0263 (0.0284) kl_proj_rep_term 0.0000 (0.0000) kl_term 0.0263 (0.0284) kl_normalizer 50.0000 (50.0000) kl_beta 0.2326 (0.2326) lr 7.9389e-04 eta 0:05:59
epoch [18/50] batch [20/50] time 0.215 (0.225) data 0.000 (0.011) loss 0.2639 (0.2936) acc 96.8750 (98.2812) data_term 0.2358 (0.2630) raw_kl_rep 109.9008 (119.4229) raw_kl_proj_rep 0.0000 (0.0000) kl_rep_term 0.0281 (0.0306) kl_proj_rep_term 0.0000 (0.0000) kl_term 0.0281 (0.0306) kl_normalizer 50.0000 (50.0000) kl_beta 0.2558 (0.2558) lr 7.6791e-04 eta 0:06:07
epoch [18/50] batch [40/50] time 0.211 (0.215) data 0.000 (0.006) loss 0.1753 (0.2987) acc 100.0000 (98.4375) data_term 0.1487 (0.2711) raw_kl_rep 104.0074 (108.1545) raw_kl_proj_rep 0.0000 (0.0000) kl_rep_term 0.0266 (0.0277) kl_proj_rep_term 0.0000 (0.0000) kl_term 0.0266 (0.0277) kl_normalizer 50.0000 (50.0000) kl_beta 0.2558 (0.2558) lr 7.6791e-04 eta 0:05:46
epoch [19/50] batch [20/50] time 0.221 (0.230) data 0.000 (0.011) loss 0.2177 (0.3179) acc 100.0000 (98.4375) data_term 0.1883 (0.2851) raw_kl_rep 105.4553 (117.5081) raw_kl_proj_rep 0.0000 (0.0000) kl_rep_term 0.0294 (0.0328) kl_proj_rep_term 0.0000 (0.0000) kl_term 0.0294 (0.0328) kl_normalizer 50.0000 (50.0000) kl_beta 0.2791 (0.2791) lr 7.4088e-04 eta 0:06:03
epoch [19/50] batch [40/50] time 0.213 (0.220) data 0.000 (0.006) loss 0.2327 (0.3114) acc 100.0000 (98.5156) data_term 0.2070 (0.2808) raw_kl_rep 92.2705 (109.5996) raw_kl_proj_rep 0.0000 (0.0000) kl_rep_term 0.0257 (0.0306) kl_proj_rep_term 0.0000 (0.0000) kl_term 0.0257 (0.0306) kl_normalizer 50.0000 (50.0000) kl_beta 0.2791 (0.2791) lr 7.4088e-04 eta 0:05:42
epoch [20/50] batch [20/50] time 0.211 (0.227) data 0.000 (0.011) loss 0.1941 (0.2582) acc 100.0000 (98.9062) data_term 0.1651 (0.2312) raw_kl_rep 95.9914 (89.5502) raw_kl_proj_rep 0.0000 (0.0000) kl_rep_term 0.0290 (0.0271) kl_proj_rep_term 0.0000 (0.0000) kl_term 0.0290 (0.0271) kl_normalizer 50.0000 (50.0000) kl_beta 0.3023 (0.3023) lr 7.1289e-04 eta 0:05:47
epoch [20/50] batch [40/50] time 0.214 (0.216) data 0.000 (0.006) loss 0.3273 (0.2762) acc 96.8750 (98.8281) data_term 0.3007 (0.2493) raw_kl_rep 88.1103 (89.0299) raw_kl_proj_rep 0.0000 (0.0000) kl_rep_term 0.0266 (0.0269) kl_proj_rep_term 0.0000 (0.0000) kl_term 0.0266 (0.0269) kl_normalizer 50.0000 (50.0000) kl_beta 0.3023 (0.3023) lr 7.1289e-04 eta 0:05:26
epoch [21/50] batch [20/50] time 0.222 (0.225) data 0.000 (0.009) loss 0.1723 (0.2494) acc 100.0000 (99.3750) data_term 0.1542 (0.2214) raw_kl_rep 55.5956 (85.9679) raw_kl_proj_rep 0.0000 (0.0000) kl_rep_term 0.0181 (0.0280) kl_proj_rep_term 0.0000 (0.0000) kl_term 0.0181 (0.0280) kl_normalizer 50.0000 (50.0000) kl_beta 0.3256 (0.3256) lr 6.8406e-04 eta 0:05:33
epoch [21/50] batch [40/50] time 0.211 (0.216) data 0.000 (0.005) loss 0.2257 (0.2502) acc 100.0000 (99.1406) data_term 0.2036 (0.2231) raw_kl_rep 68.1312 (83.1821) raw_kl_proj_rep 0.0000 (0.0000) kl_rep_term 0.0222 (0.0271) kl_proj_rep_term 0.0000 (0.0000) kl_term 0.0222 (0.0271) kl_normalizer 50.0000 (50.0000) kl_beta 0.3256 (0.3256) lr 6.8406e-04 eta 0:05:14
epoch [22/50] batch [20/50] time 0.214 (0.228) data 0.000 (0.012) loss 0.2719 (0.2960) acc 100.0000 (98.7500) data_term 0.2528 (0.2677) raw_kl_rep 54.8990 (80.9149) raw_kl_proj_rep 0.0000 (0.0000) kl_rep_term 0.0192 (0.0282) kl_proj_rep_term 0.0000 (0.0000) kl_term 0.0192 (0.0282) kl_normalizer 50.0000 (50.0000) kl_beta 0.3488 (0.3488) lr 6.5451e-04 eta 0:05:26
epoch [22/50] batch [40/50] time 0.214 (0.217) data 0.000 (0.006) loss 0.4109 (0.2994) acc 96.8750 (98.2031) data_term 0.3855 (0.2724) raw_kl_rep 72.7366 (77.2365) raw_kl_proj_rep 0.0000 (0.0000) kl_rep_term 0.0254 (0.0269) kl_proj_rep_term 0.0000 (0.0000) kl_term 0.0254 (0.0269) kl_normalizer 50.0000 (50.0000) kl_beta 0.3488 (0.3488) lr 6.5451e-04 eta 0:05:06
epoch [23/50] batch [20/50] time 0.216 (0.227) data 0.000 (0.011) loss 0.4345 (0.2806) acc 96.8750 (97.9688) data_term 0.4146 (0.2522) raw_kl_rep 53.2668 (76.5465) raw_kl_proj_rep 0.0000 (0.0000) kl_rep_term 0.0198 (0.0285) kl_proj_rep_term 0.0000 (0.0000) kl_term 0.0198 (0.0285) kl_normalizer 50.0000 (50.0000) kl_beta 0.3721 (0.3721) lr 6.2434e-04 eta 0:05:13
epoch [23/50] batch [40/50] time 0.216 (0.216) data 0.000 (0.006) loss 0.2670 (0.2797) acc 100.0000 (98.3594) data_term 0.2384 (0.2535) raw_kl_rep 76.7810 (70.3617) raw_kl_proj_rep 0.0000 (0.0000) kl_rep_term 0.0286 (0.0262) kl_proj_rep_term 0.0000 (0.0000) kl_term 0.0286 (0.0262) kl_normalizer 50.0000 (50.0000) kl_beta 0.3721 (0.3721) lr 6.2434e-04 eta 0:04:54
epoch [24/50] batch [20/50] time 0.217 (0.230) data 0.000 (0.012) loss 0.2283 (0.2515) acc 100.0000 (99.2188) data_term 0.2003 (0.2291) raw_kl_rep 70.9185 (56.5637) raw_kl_proj_rep 0.0000 (0.0000) kl_rep_term 0.0280 (0.0224) kl_proj_rep_term 0.0000 (0.0000) kl_term 0.0280 (0.0224) kl_normalizer 50.0000 (50.0000) kl_beta 0.3953 (0.3953) lr 5.9369e-04 eta 0:05:05
epoch [24/50] batch [40/50] time 0.213 (0.218) data 0.000 (0.006) loss 0.3386 (0.2604) acc 96.8750 (98.9844) data_term 0.3153 (0.2382) raw_kl_rep 58.7925 (56.2377) raw_kl_proj_rep 0.0000 (0.0000) kl_rep_term 0.0232 (0.0222) kl_proj_rep_term 0.0000 (0.0000) kl_term 0.0232 (0.0222) kl_normalizer 50.0000 (50.0000) kl_beta 0.3953 (0.3953) lr 5.9369e-04 eta 0:04:45
epoch [25/50] batch [20/50] time 0.210 (0.224) data 0.000 (0.010) loss 0.3502 (0.2293) acc 100.0000 (99.8438) data_term 0.3357 (0.2083) raw_kl_rep 34.6661 (50.2115) raw_kl_proj_rep 0.0000 (0.0000) kl_rep_term 0.0145 (0.0210) kl_proj_rep_term 0.0000 (0.0000) kl_term 0.0145 (0.0210) kl_normalizer 50.0000 (50.0000) kl_beta 0.4186 (0.4186) lr 5.6267e-04 eta 0:04:47
epoch [25/50] batch [40/50] time 0.215 (0.216) data 0.000 (0.005) loss 0.3336 (0.2426) acc 96.8750 (99.3750) data_term 0.3099 (0.2217) raw_kl_rep 56.5544 (50.1014) raw_kl_proj_rep 0.0000 (0.0000) kl_rep_term 0.0237 (0.0210) kl_proj_rep_term 0.0000 (0.0000) kl_term 0.0237 (0.0210) kl_normalizer 50.0000 (50.0000) kl_beta 0.4186 (0.4186) lr 5.6267e-04 eta 0:04:32
epoch [26/50] batch [20/50] time 0.228 (0.228) data 0.000 (0.011) loss 0.2880 (0.2594) acc 100.0000 (98.5938) data_term 0.2646 (0.2373) raw_kl_rep 52.9936 (49.9892) raw_kl_proj_rep 0.0000 (0.0000) kl_rep_term 0.0234 (0.0221) kl_proj_rep_term 0.0000 (0.0000) kl_term 0.0234 (0.0221) kl_normalizer 50.0000 (50.0000) kl_beta 0.4419 (0.4419) lr 5.3140e-04 eta 0:04:40
epoch [26/50] batch [40/50] time 0.218 (0.219) data 0.000 (0.006) loss 0.2133 (0.2553) acc 100.0000 (98.9062) data_term 0.1903 (0.2347) raw_kl_rep 52.0349 (46.6052) raw_kl_proj_rep 0.0000 (0.0000) kl_rep_term 0.0230 (0.0206) kl_proj_rep_term 0.0000 (0.0000) kl_term 0.0230 (0.0206) kl_normalizer 50.0000 (50.0000) kl_beta 0.4419 (0.4419) lr 5.3140e-04 eta 0:04:25
epoch [27/50] batch [20/50] time 0.216 (0.232) data 0.000 (0.014) loss 0.3593 (0.2393) acc 100.0000 (99.2188) data_term 0.3371 (0.2183) raw_kl_rep 47.6479 (45.2627) raw_kl_proj_rep 0.0000 (0.0000) kl_rep_term 0.0222 (0.0211) kl_proj_rep_term 0.0000 (0.0000) kl_term 0.0222 (0.0211) kl_normalizer 50.0000 (50.0000) kl_beta 0.4651 (0.4651) lr 5.0000e-04 eta 0:04:33
epoch [27/50] batch [40/50] time 0.215 (0.219) data 0.000 (0.007) loss 0.1700 (0.2463) acc 100.0000 (98.8281) data_term 0.1381 (0.2267) raw_kl_rep 68.6807 (42.0691) raw_kl_proj_rep 0.0000 (0.0000) kl_rep_term 0.0319 (0.0196) kl_proj_rep_term 0.0000 (0.0000) kl_term 0.0319 (0.0196) kl_normalizer 50.0000 (50.0000) kl_beta 0.4651 (0.4651) lr 5.0000e-04 eta 0:04:14
epoch [28/50] batch [20/50] time 0.218 (0.231) data 0.000 (0.012) loss 0.2036 (0.2216) acc 100.0000 (99.0625) data_term 0.1771 (0.2041) raw_kl_rep 54.3251 (35.8115) raw_kl_proj_rep 0.0000 (0.0000) kl_rep_term 0.0265 (0.0175) kl_proj_rep_term 0.0000 (0.0000) kl_term 0.0265 (0.0175) kl_normalizer 50.0000 (50.0000) kl_beta 0.4884 (0.4884) lr 4.6860e-04 eta 0:04:20
epoch [28/50] batch [40/50] time 0.213 (0.219) data 0.000 (0.006) loss 0.3251 (0.2207) acc 96.8750 (99.2969) data_term 0.3137 (0.2028) raw_kl_rep 23.4243 (36.6713) raw_kl_proj_rep 0.0000 (0.0000) kl_rep_term 0.0114 (0.0179) kl_proj_rep_term 0.0000 (0.0000) kl_term 0.0114 (0.0179) kl_normalizer 50.0000 (50.0000) kl_beta 0.4884 (0.4884) lr 4.6860e-04 eta 0:04:03
epoch [29/50] batch [20/50] time 0.215 (0.230) data 0.000 (0.010) loss 0.3156 (0.2292) acc 96.8750 (99.0625) data_term 0.3020 (0.2109) raw_kl_rep 26.5907 (35.8391) raw_kl_proj_rep 0.0000 (0.0000) kl_rep_term 0.0136 (0.0183) kl_proj_rep_term 0.0000 (0.0000) kl_term 0.0136 (0.0183) kl_normalizer 50.0000 (50.0000) kl_beta 0.5116 (0.5116) lr 4.3733e-04 eta 0:04:08
epoch [29/50] batch [40/50] time 0.211 (0.218) data 0.000 (0.005) loss 0.2791 (0.2432) acc 100.0000 (98.7500) data_term 0.2635 (0.2273) raw_kl_rep 30.4921 (30.9298) raw_kl_proj_rep 0.0000 (0.0000) kl_rep_term 0.0156 (0.0158) kl_proj_rep_term 0.0000 (0.0000) kl_term 0.0156 (0.0158) kl_normalizer 50.0000 (50.0000) kl_beta 0.5116 (0.5116) lr 4.3733e-04 eta 0:03:51
epoch [30/50] batch [20/50] time 0.187 (0.231) data 0.000 (0.013) loss 0.2252 (0.2080) acc 100.0000 (99.3750) data_term 0.2125 (0.1914) raw_kl_rep 23.7998 (30.9513) raw_kl_proj_rep 0.0000 (0.0000) kl_rep_term 0.0127 (0.0166) kl_proj_rep_term 0.0000 (0.0000) kl_term 0.0127 (0.0166) kl_normalizer 50.0000 (50.0000) kl_beta 0.5349 (0.5349) lr 4.0631e-04 eta 0:03:57
epoch [30/50] batch [40/50] time 0.218 (0.220) data 0.000 (0.006) loss 0.2767 (0.2194) acc 100.0000 (99.1406) data_term 0.2629 (0.2032) raw_kl_rep 25.8054 (30.3470) raw_kl_proj_rep 0.0000 (0.0000) kl_rep_term 0.0138 (0.0162) kl_proj_rep_term 0.0000 (0.0000) kl_term 0.0138 (0.0162) kl_normalizer 50.0000 (50.0000) kl_beta 0.5349 (0.5349) lr 4.0631e-04 eta 0:03:42
epoch [31/50] batch [20/50] time 0.189 (0.227) data 0.000 (0.012) loss 0.2619 (0.2187) acc 100.0000 (99.8438) data_term 0.2508 (0.2011) raw_kl_rep 19.9127 (31.5466) raw_kl_proj_rep 0.0000 (0.0000) kl_rep_term 0.0111 (0.0176) kl_proj_rep_term 0.0000 (0.0000) kl_term 0.0111 (0.0176) kl_normalizer 50.0000 (50.0000) kl_beta 0.5581 (0.5581) lr 3.7566e-04 eta 0:03:42
epoch [31/50] batch [40/50] time 0.212 (0.218) data 0.000 (0.006) loss 0.2665 (0.2326) acc 100.0000 (99.3750) data_term 0.2479 (0.2156) raw_kl_rep 33.2974 (30.4325) raw_kl_proj_rep 0.0000 (0.0000) kl_rep_term 0.0186 (0.0170) kl_proj_rep_term 0.0000 (0.0000) kl_term 0.0186 (0.0170) kl_normalizer 50.0000 (50.0000) kl_beta 0.5581 (0.5581) lr 3.7566e-04 eta 0:03:28
epoch [32/50] batch [20/50] time 0.127 (0.225) data 0.000 (0.011) loss 0.3612 (0.2269) acc 96.8750 (99.3750) data_term 0.3458 (0.2136) raw_kl_rep 26.5240 (22.8020) raw_kl_proj_rep 0.0000 (0.0000) kl_rep_term 0.0154 (0.0133) kl_proj_rep_term 0.0000 (0.0000) kl_term 0.0154 (0.0133) kl_normalizer 50.0000 (50.0000) kl_beta 0.5814 (0.5814) lr 3.4549e-04 eta 0:03:28
epoch [32/50] batch [40/50] time 0.220 (0.217) data 0.000 (0.005) loss 0.1884 (0.2216) acc 100.0000 (99.5312) data_term 0.1752 (0.2069) raw_kl_rep 22.6443 (25.2516) raw_kl_proj_rep 0.0000 (0.0000) kl_rep_term 0.0132 (0.0147) kl_proj_rep_term 0.0000 (0.0000) kl_term 0.0132 (0.0147) kl_normalizer 50.0000 (50.0000) kl_beta 0.5814 (0.5814) lr 3.4549e-04 eta 0:03:17
epoch [33/50] batch [20/50] time 0.134 (0.223) data 0.000 (0.012) loss 0.4503 (0.2198) acc 96.8750 (99.0625) data_term 0.4396 (0.2060) raw_kl_rep 17.7423 (22.8545) raw_kl_proj_rep 0.0000 (0.0000) kl_rep_term 0.0107 (0.0138) kl_proj_rep_term 0.0000 (0.0000) kl_term 0.0107 (0.0138) kl_normalizer 50.0000 (50.0000) kl_beta 0.6047 (0.6047) lr 3.1594e-04 eta 0:03:16
epoch [33/50] batch [40/50] time 0.214 (0.218) data 0.000 (0.006) loss 0.2196 (0.2162) acc 100.0000 (99.2969) data_term 0.2060 (0.2037) raw_kl_rep 22.5419 (20.6629) raw_kl_proj_rep 0.0000 (0.0000) kl_rep_term 0.0136 (0.0125) kl_proj_rep_term 0.0000 (0.0000) kl_term 0.0136 (0.0125) kl_normalizer 50.0000 (50.0000) kl_beta 0.6047 (0.6047) lr 3.1594e-04 eta 0:03:07
epoch [34/50] batch [20/50] time 0.129 (0.219) data 0.000 (0.011) loss 0.2250 (0.2032) acc 96.8750 (99.6875) data_term 0.2130 (0.1912) raw_kl_rep 19.0994 (19.1531) raw_kl_proj_rep 0.0000 (0.0000) kl_rep_term 0.0120 (0.0120) kl_proj_rep_term 0.0000 (0.0000) kl_term 0.0120 (0.0120) kl_normalizer 50.0000 (50.0000) kl_beta 0.6279 (0.6279) lr 2.8711e-04 eta 0:03:01
epoch [34/50] batch [40/50] time 0.213 (0.215) data 0.000 (0.006) loss 0.3626 (0.2077) acc 100.0000 (99.6094) data_term 0.3521 (0.1964) raw_kl_rep 16.8066 (18.0678) raw_kl_proj_rep 0.0000 (0.0000) kl_rep_term 0.0106 (0.0113) kl_proj_rep_term 0.0000 (0.0000) kl_term 0.0106 (0.0113) kl_normalizer 50.0000 (50.0000) kl_beta 0.6279 (0.6279) lr 2.8711e-04 eta 0:02:54
epoch [35/50] batch [20/50] time 0.158 (0.223) data 0.000 (0.012) loss 0.2195 (0.2020) acc 96.8750 (99.3750) data_term 0.2093 (0.1904) raw_kl_rep 15.5664 (17.9205) raw_kl_proj_rep 0.0000 (0.0000) kl_rep_term 0.0101 (0.0117) kl_proj_rep_term 0.0000 (0.0000) kl_term 0.0101 (0.0117) kl_normalizer 50.0000 (50.0000) kl_beta 0.6512 (0.6512) lr 2.5912e-04 eta 0:02:53
epoch [35/50] batch [40/50] time 0.215 (0.218) data 0.000 (0.006) loss 0.2612 (0.2110) acc 100.0000 (99.4531) data_term 0.2478 (0.1999) raw_kl_rep 20.6167 (17.1147) raw_kl_proj_rep 0.0000 (0.0000) kl_rep_term 0.0134 (0.0111) kl_proj_rep_term 0.0000 (0.0000) kl_term 0.0134 (0.0111) kl_normalizer 50.0000 (50.0000) kl_beta 0.6512 (0.6512) lr 2.5912e-04 eta 0:02:45
epoch [36/50] batch [20/50] time 0.136 (0.220) data 0.000 (0.011) loss 0.2035 (0.2005) acc 100.0000 (99.6875) data_term 0.1965 (0.1905) raw_kl_rep 10.4001 (14.8636) raw_kl_proj_rep 0.0000 (0.0000) kl_rep_term 0.0070 (0.0100) kl_proj_rep_term 0.0000 (0.0000) kl_term 0.0070 (0.0100) kl_normalizer 50.0000 (50.0000) kl_beta 0.6744 (0.6744) lr 2.3209e-04 eta 0:02:40
epoch [36/50] batch [40/50] time 0.214 (0.216) data 0.000 (0.005) loss 0.2258 (0.2105) acc 100.0000 (99.4531) data_term 0.2110 (0.1999) raw_kl_rep 21.9508 (15.6668) raw_kl_proj_rep 0.0000 (0.0000) kl_rep_term 0.0148 (0.0106) kl_proj_rep_term 0.0000 (0.0000) kl_term 0.0148 (0.0106) kl_normalizer 50.0000 (50.0000) kl_beta 0.6744 (0.6744) lr 2.3209e-04 eta 0:02:33
epoch [37/50] batch [20/50] time 0.150 (0.223) data 0.000 (0.011) loss 0.2928 (0.1965) acc 100.0000 (99.6875) data_term 0.2821 (0.1866) raw_kl_rep 15.4589 (14.1890) raw_kl_proj_rep 0.0000 (0.0000) kl_rep_term 0.0108 (0.0099) kl_proj_rep_term 0.0000 (0.0000) kl_term 0.0108 (0.0099) kl_normalizer 50.0000 (50.0000) kl_beta 0.6977 (0.6977) lr 2.0611e-04 eta 0:02:31
epoch [37/50] batch [40/50] time 0.217 (0.218) data 0.000 (0.005) loss 0.1566 (0.1981) acc 100.0000 (99.6875) data_term 0.1430 (0.1879) raw_kl_rep 19.4880 (14.6541) raw_kl_proj_rep 0.0000 (0.0000) kl_rep_term 0.0136 (0.0102) kl_proj_rep_term 0.0000 (0.0000) kl_term 0.0136 (0.0102) kl_normalizer 50.0000 (50.0000) kl_beta 0.6977 (0.6977) lr 2.0611e-04 eta 0:02:24
epoch [38/50] batch [20/50] time 0.108 (0.216) data 0.000 (0.013) loss 0.1552 (0.1994) acc 100.0000 (99.6875) data_term 0.1455 (0.1902) raw_kl_rep 13.4403 (12.7232) raw_kl_proj_rep 0.0000 (0.0000) kl_rep_term 0.0097 (0.0092) kl_proj_rep_term 0.0000 (0.0000) kl_term 0.0097 (0.0092) kl_normalizer 50.0000 (50.0000) kl_beta 0.7209 (0.7209) lr 1.8129e-04 eta 0:02:16
epoch [38/50] batch [40/50] time 0.205 (0.214) data 0.000 (0.006) loss 0.2112 (0.1952) acc 96.8750 (99.6094) data_term 0.2022 (0.1858) raw_kl_rep 12.5262 (13.0369) raw_kl_proj_rep 0.0000 (0.0000) kl_rep_term 0.0090 (0.0094) kl_proj_rep_term 0.0000 (0.0000) kl_term 0.0090 (0.0094) kl_normalizer 50.0000 (50.0000) kl_beta 0.7209 (0.7209) lr 1.8129e-04 eta 0:02:10
epoch [39/50] batch [20/50] time 0.142 (0.220) data 0.000 (0.013) loss 0.1428 (0.1900) acc 100.0000 (99.6875) data_term 0.1345 (0.1822) raw_kl_rep 11.0806 (10.4877) raw_kl_proj_rep 0.0000 (0.0000) kl_rep_term 0.0082 (0.0078) kl_proj_rep_term 0.0000 (0.0000) kl_term 0.0082 (0.0078) kl_normalizer 50.0000 (50.0000) kl_beta 0.7442 (0.7442) lr 1.5773e-04 eta 0:02:07
epoch [39/50] batch [40/50] time 0.214 (0.219) data 0.000 (0.006) loss 0.1803 (0.1954) acc 100.0000 (99.7656) data_term 0.1696 (0.1870) raw_kl_rep 14.3313 (11.1802) raw_kl_proj_rep 0.0000 (0.0000) kl_rep_term 0.0107 (0.0083) kl_proj_rep_term 0.0000 (0.0000) kl_term 0.0107 (0.0083) kl_normalizer 50.0000 (50.0000) kl_beta 0.7442 (0.7442) lr 1.5773e-04 eta 0:02:02
epoch [40/50] batch [20/50] time 0.164 (0.215) data 0.000 (0.009) loss 0.2295 (0.1939) acc 100.0000 (99.6875) data_term 0.2220 (0.1849) raw_kl_rep 9.7891 (11.6649) raw_kl_proj_rep 0.0000 (0.0000) kl_rep_term 0.0075 (0.0090) kl_proj_rep_term 0.0000 (0.0000) kl_term 0.0075 (0.0090) kl_normalizer 50.0000 (50.0000) kl_beta 0.7674 (0.7674) lr 1.3552e-04 eta 0:01:53
epoch [40/50] batch [40/50] time 0.213 (0.214) data 0.000 (0.005) loss 0.1884 (0.1845) acc 100.0000 (99.7656) data_term 0.1825 (0.1768) raw_kl_rep 7.7104 (10.0367) raw_kl_proj_rep 0.0000 (0.0000) kl_rep_term 0.0059 (0.0077) kl_proj_rep_term 0.0000 (0.0000) kl_term 0.0059 (0.0077) kl_normalizer 50.0000 (50.0000) kl_beta 0.7674 (0.7674) lr 1.3552e-04 eta 0:01:49
epoch [41/50] batch [20/50] time 0.165 (0.218) data 0.000 (0.011) loss 0.1724 (0.1937) acc 100.0000 (100.0000) data_term 0.1637 (0.1851) raw_kl_rep 10.9870 (10.8840) raw_kl_proj_rep 0.0000 (0.0000) kl_rep_term 0.0087 (0.0086) kl_proj_rep_term 0.0000 (0.0000) kl_term 0.0087 (0.0086) kl_normalizer 50.0000 (50.0000) kl_beta 0.7907 (0.7907) lr 1.1474e-04 eta 0:01:44
epoch [41/50] batch [40/50] time 0.210 (0.217) data 0.000 (0.006) loss 0.1970 (0.1889) acc 100.0000 (99.9219) data_term 0.1903 (0.1808) raw_kl_rep 8.4227 (10.3365) raw_kl_proj_rep 0.0000 (0.0000) kl_rep_term 0.0067 (0.0082) kl_proj_rep_term 0.0000 (0.0000) kl_term 0.0067 (0.0082) kl_normalizer 50.0000 (50.0000) kl_beta 0.7907 (0.7907) lr 1.1474e-04 eta 0:01:39
epoch [42/50] batch [20/50] time 0.169 (0.219) data 0.000 (0.011) loss 0.2016 (0.1999) acc 100.0000 (99.6875) data_term 0.1936 (0.1927) raw_kl_rep 9.8011 (8.8488) raw_kl_proj_rep 0.0000 (0.0000) kl_rep_term 0.0080 (0.0072) kl_proj_rep_term 0.0000 (0.0000) kl_term 0.0080 (0.0072) kl_normalizer 50.0000 (50.0000) kl_beta 0.8140 (0.8140) lr 9.5492e-05 eta 0:01:34
epoch [42/50] batch [40/50] time 0.214 (0.217) data 0.000 (0.005) loss 0.1473 (0.1950) acc 100.0000 (99.6094) data_term 0.1403 (0.1874) raw_kl_rep 8.5827 (9.2697) raw_kl_proj_rep 0.0000 (0.0000) kl_rep_term 0.0070 (0.0075) kl_proj_rep_term 0.0000 (0.0000) kl_term 0.0070 (0.0075) kl_normalizer 50.0000 (50.0000) kl_beta 0.8140 (0.8140) lr 9.5492e-05 eta 0:01:28
epoch [43/50] batch [20/50] time 0.207 (0.221) data 0.000 (0.011) loss 0.1972 (0.2092) acc 100.0000 (99.3750) data_term 0.1891 (0.2017) raw_kl_rep 9.7118 (9.0352) raw_kl_proj_rep 0.0000 (0.0000) kl_rep_term 0.0081 (0.0076) kl_proj_rep_term 0.0000 (0.0000) kl_term 0.0081 (0.0076) kl_normalizer 50.0000 (50.0000) kl_beta 0.8372 (0.8372) lr 7.7836e-05 eta 0:01:23
epoch [43/50] batch [40/50] time 0.218 (0.218) data 0.000 (0.006) loss 0.2419 (0.2020) acc 100.0000 (99.6094) data_term 0.2357 (0.1946) raw_kl_rep 7.4257 (8.8448) raw_kl_proj_rep 0.0000 (0.0000) kl_rep_term 0.0062 (0.0074) kl_proj_rep_term 0.0000 (0.0000) kl_term 0.0062 (0.0074) kl_normalizer 50.0000 (50.0000) kl_beta 0.8372 (0.8372) lr 7.7836e-05 eta 0:01:18
epoch [44/50] batch [20/50] time 0.213 (0.218) data 0.000 (0.011) loss 0.1425 (0.1769) acc 100.0000 (99.8438) data_term 0.1360 (0.1710) raw_kl_rep 7.4924 (6.8492) raw_kl_proj_rep 0.0000 (0.0000) kl_rep_term 0.0064 (0.0059) kl_proj_rep_term 0.0000 (0.0000) kl_term 0.0064 (0.0059) kl_normalizer 50.0000 (50.0000) kl_beta 0.8605 (0.8605) lr 6.1847e-05 eta 0:01:12
epoch [44/50] batch [40/50] time 0.218 (0.217) data 0.000 (0.006) loss 0.2013 (0.1862) acc 100.0000 (99.6875) data_term 0.1950 (0.1799) raw_kl_rep 7.3854 (7.3451) raw_kl_proj_rep 0.0000 (0.0000) kl_rep_term 0.0064 (0.0063) kl_proj_rep_term 0.0000 (0.0000) kl_term 0.0064 (0.0063) kl_normalizer 50.0000 (50.0000) kl_beta 0.8605 (0.8605) lr 6.1847e-05 eta 0:01:07
epoch [45/50] batch [20/50] time 0.214 (0.218) data 0.000 (0.012) loss 0.2096 (0.1777) acc 100.0000 (99.5312) data_term 0.2035 (0.1713) raw_kl_rep 6.8564 (7.2133) raw_kl_proj_rep 0.0000 (0.0000) kl_rep_term 0.0061 (0.0064) kl_proj_rep_term 0.0000 (0.0000) kl_term 0.0061 (0.0064) kl_normalizer 50.0000 (50.0000) kl_beta 0.8837 (0.8837) lr 4.7586e-05 eta 0:01:01
epoch [45/50] batch [40/50] time 0.212 (0.216) data 0.000 (0.006) loss 0.2282 (0.1806) acc 100.0000 (99.6875) data_term 0.2223 (0.1743) raw_kl_rep 6.6243 (7.0360) raw_kl_proj_rep 0.0000 (0.0000) kl_rep_term 0.0059 (0.0062) kl_proj_rep_term 0.0000 (0.0000) kl_term 0.0059 (0.0062) kl_normalizer 50.0000 (50.0000) kl_beta 0.8837 (0.8837) lr 4.7586e-05 eta 0:00:56
epoch [46/50] batch [20/50] time 0.220 (0.224) data 0.000 (0.011) loss 0.1357 (0.1887) acc 100.0000 (99.3750) data_term 0.1293 (0.1824) raw_kl_rep 6.9677 (6.9628) raw_kl_proj_rep 0.0000 (0.0000) kl_rep_term 0.0063 (0.0063) kl_proj_rep_term 0.0000 (0.0000) kl_term 0.0063 (0.0063) kl_normalizer 50.0000 (50.0000) kl_beta 0.9070 (0.9070) lr 3.5112e-05 eta 0:00:51
epoch [46/50] batch [40/50] time 0.217 (0.220) data 0.000 (0.006) loss 0.2325 (0.1878) acc 100.0000 (99.6094) data_term 0.2268 (0.1816) raw_kl_rep 6.2331 (6.7733) raw_kl_proj_rep 0.0000 (0.0000) kl_rep_term 0.0057 (0.0061) kl_proj_rep_term 0.0000 (0.0000) kl_term 0.0057 (0.0061) kl_normalizer 50.0000 (50.0000) kl_beta 0.9070 (0.9070) lr 3.5112e-05 eta 0:00:46
epoch [47/50] batch [20/50] time 0.220 (0.221) data 0.000 (0.012) loss 0.2573 (0.1983) acc 100.0000 (99.6875) data_term 0.2508 (0.1920) raw_kl_rep 6.9528 (6.8067) raw_kl_proj_rep 0.0000 (0.0000) kl_rep_term 0.0065 (0.0063) kl_proj_rep_term 0.0000 (0.0000) kl_term 0.0065 (0.0063) kl_normalizer 50.0000 (50.0000) kl_beta 0.9302 (0.9302) lr 2.4472e-05 eta 0:00:39
epoch [47/50] batch [40/50] time 0.216 (0.219) data 0.000 (0.006) loss 0.1533 (0.1833) acc 100.0000 (99.6875) data_term 0.1469 (0.1769) raw_kl_rep 6.9220 (6.9719) raw_kl_proj_rep 0.0000 (0.0000) kl_rep_term 0.0064 (0.0065) kl_proj_rep_term 0.0000 (0.0000) kl_term 0.0064 (0.0065) kl_normalizer 50.0000 (50.0000) kl_beta 0.9302 (0.9302) lr 2.4472e-05 eta 0:00:35
epoch [48/50] batch [20/50] time 0.216 (0.224) data 0.000 (0.012) loss 0.1371 (0.1734) acc 100.0000 (99.8438) data_term 0.1310 (0.1670) raw_kl_rep 6.4262 (6.6450) raw_kl_proj_rep 0.0000 (0.0000) kl_rep_term 0.0061 (0.0063) kl_proj_rep_term 0.0000 (0.0000) kl_term 0.0061 (0.0063) kl_normalizer 50.0000 (50.0000) kl_beta 0.9535 (0.9535) lr 1.5708e-05 eta 0:00:29
epoch [48/50] batch [40/50] time 0.218 (0.220) data 0.000 (0.006) loss 0.2582 (0.1828) acc 96.8750 (99.5312) data_term 0.2519 (0.1765) raw_kl_rep 6.6602 (6.5867) raw_kl_proj_rep 0.0000 (0.0000) kl_rep_term 0.0064 (0.0063) kl_proj_rep_term 0.0000 (0.0000) kl_term 0.0064 (0.0063) kl_normalizer 50.0000 (50.0000) kl_beta 0.9535 (0.9535) lr 1.5708e-05 eta 0:00:24
epoch [49/50] batch [20/50] time 0.158 (0.210) data 0.000 (0.012) loss 0.1996 (0.1874) acc 100.0000 (99.8438) data_term 0.1932 (0.1810) raw_kl_rep 6.5595 (6.5531) raw_kl_proj_rep 0.0000 (0.0000) kl_rep_term 0.0064 (0.0064) kl_proj_rep_term 0.0000 (0.0000) kl_term 0.0064 (0.0064) kl_normalizer 50.0000 (50.0000) kl_beta 0.9767 (0.9767) lr 8.8564e-06 eta 0:00:16
epoch [49/50] batch [40/50] time 0.262 (0.218) data 0.000 (0.006) loss 0.1752 (0.1854) acc 100.0000 (99.9219) data_term 0.1692 (0.1791) raw_kl_rep 6.1372 (6.4515) raw_kl_proj_rep 0.0000 (0.0000) kl_rep_term 0.0060 (0.0063) kl_proj_rep_term 0.0000 (0.0000) kl_term 0.0060 (0.0063) kl_normalizer 50.0000 (50.0000) kl_beta 0.9767 (0.9767) lr 8.8564e-06 eta 0:00:13
epoch [50/50] batch [20/50] time 0.258 (0.268) data 0.000 (0.011) loss 0.1977 (0.1780) acc 100.0000 (99.5312) data_term 0.1917 (0.1720) raw_kl_rep 6.0580 (6.0371) raw_kl_proj_rep 0.0000 (0.0000) kl_rep_term 0.0061 (0.0060) kl_proj_rep_term 0.0000 (0.0000) kl_term 0.0061 (0.0060) kl_normalizer 50.0000 (50.0000) kl_beta 1.0000 (1.0000) lr 3.9426e-06 eta 0:00:08
epoch [50/50] batch [40/50] time 0.259 (0.263) data 0.000 (0.005) loss 0.2438 (0.1827) acc 100.0000 (99.5312) data_term 0.2378 (0.1766) raw_kl_rep 6.0308 (6.0461) raw_kl_proj_rep 0.0000 (0.0000) kl_rep_term 0.0060 (0.0060) kl_proj_rep_term 0.0000 (0.0000) kl_term 0.0060 (0.0060) kl_normalizer 50.0000 (50.0000) kl_beta 1.0000 (1.0000) lr 3.9426e-06 eta 0:00:02
Checkpoint saved to output_sweeps/bayes_mmrl_rep_tokens/coarse3/search_stage/BayesMMRL/FS/fewshot_train/ucf101/shots_16/ViT-B-16/rep_zero_sig-global_pstd-0.01_kl-5e-2/seed1/refactor_model/model.pth.tar-50
Finish training
Deploy the last-epoch model
Evaluate on the *test* set
=> result
* total: 3,783
* correct: 3,282
* accuracy: 86.8%
* error: 13.2%
* macro_f1: 86.3%
=> structured result
* accuracy: 86.7565
* error: 13.2435
* macro_f1: 86.2568
* nll: 0.4878
* brier: 0.1958
* ece: 2.9519
Saved metrics JSON to output_sweeps/bayes_mmrl_rep_tokens/coarse3/search_stage/BayesMMRL/FS/fewshot_train/ucf101/shots_16/ViT-B-16/rep_zero_sig-global_pstd-0.01_kl-5e-2/seed1/test_metrics.json
Saved metrics CSV to output_sweeps/bayes_mmrl_rep_tokens/coarse3/search_stage/BayesMMRL/FS/fewshot_train/ucf101/shots_16/ViT-B-16/rep_zero_sig-global_pstd-0.01_kl-5e-2/seed1/test_metrics.csv
Saved calibration bins CSV to output_sweeps/bayes_mmrl_rep_tokens/coarse3/search_stage/BayesMMRL/FS/fewshot_train/ucf101/shots_16/ViT-B-16/rep_zero_sig-global_pstd-0.01_kl-5e-2/seed1/test_calibration_bins.csv
Elapsed: 0:10:20
[cleanup] removed checkpoint dir: output_sweeps/bayes_mmrl_rep_tokens/coarse3/search_stage/BayesMMRL/FS/fewshot_train/ucf101/shots_16/ViT-B-16/rep_zero_sig-global_pstd-0.01_kl-5e-2/seed1/refactor_model
