============================================================
开始时间: 2026-04-22 02:20:21
当前阶段: confirm30_schemeA_final_best
GPU: 1
方法: BayesMMRL
协议: FS
执行模式: online
数据集: oxford_pets
shots: 2
seed: 3
标签: A_sig-per_token_pstd-0.02_kl-1e-4_nmc-3
数据根目录: DATASETS
阶段输出根目录: output_sweeps/bayes_mmrl_search_current/coarse3/confirm_stage
Backbone: ViT-B/16
============================================================
[当前执行] A | dataset=oxford_pets | shot=2 | seed=3 | tag=A_sig-per_token_pstd-0.02_kl-1e-4_nmc-3
[说明] 当前使用固定 MMRL 主体超参，只搜索 Bayes 参数
[说明] EVAL_MODE=mc_predictive, EVAL_AGGREGATION=logit_mean
[说明] KL_WARMUP_EPOCHS=5
Setting fixed seed: 3
***************
** Arguments **
***************
dataset_config_file: configs/datasets/oxford_pets.yaml
eval_only: False
exec_mode: online
exp_config: 
load_epoch: None
method: BayesMMRL
method_config_file: configs/methods/bayesmmrl.yaml
model_dir: 
no_train: False
opts: ['DATASET.NUM_SHOTS', '2', 'DATASET.SUBSAMPLE_CLASSES', 'all', 'MODEL.BACKBONE.NAME', 'ViT-B/16', 'BAYES_MMRL.ALPHA', '0.7', 'BAYES_MMRL.REG_WEIGHT', '0.5', 'BAYES_MMRL.N_REP_TOKENS', '5', 'BAYES_MMRL.REP_LAYERS', '[6,7,8,9,10,11,12]', 'BAYES_MMRL.REP_DIM', '512', 'BAYES_MMRL.N_MC_TRAIN', '3', 'BAYES_MMRL.N_MC_TEST', '10', 'BAYES_MMRL.EVAL_MODE', 'mc_predictive', 'BAYES_MMRL.EVAL_USE_POSTERIOR_MEAN', 'False', 'BAYES_MMRL.EVAL_AGGREGATION', 'logit_mean', 'BAYES_MMRL.KL_WARMUP_EPOCHS', '5', 'BAYES_MMRL.BAYES_TARGET', 'rep_tokens', 'BAYES_MMRL.REP_PRIOR_MODE', 'zero', 'BAYES_MMRL.REP_SIGMA_MODE', 'per_token', 'BAYES_MMRL.REP_PRIOR_STD', '0.02', 'BAYES_MMRL.REP_KL_WEIGHT', '1e-4', 'BAYES_MMRL.ALPHA', '0.7', 'BAYES_MMRL.N_MC_TRAIN', '3']
output_dir: output_sweeps/bayes_mmrl_search_current/coarse3/confirm_stage/BayesMMRL/FS/fewshot_train/oxford_pets/shots_2/ViT-B-16/A_sig-per_token_pstd-0.02_kl-1e-4_nmc-3/seed3
protocol: FS
protocol_config_file: configs/protocols/fs.yaml
root: DATASETS
runtime_config_file: configs/runtime/default.yaml
seed: 3
trainer: RefactorRunner
************
** Config **
************
BAYES_MMRL:
  ALPHA: 0.7
  BAYES_TARGET: rep_tokens
  CLIP_PRIOR_BLEND: 0.5
  CLIP_PRIOR_SCALE: 0.05
  EVAL_AGGREGATION: logit_mean
  EVAL_MODE: mc_predictive
  EVAL_USE_POSTERIOR_MEAN: False
  KL_WARMUP_EPOCHS: 5
  KL_WEIGHT: 0.0005
  N_MC_TEST: 10
  N_MC_TRAIN: 3
  N_REP_TOKENS: 5
  PREC: amp
  PRIOR_STD: 0.05
  PROJ_REP_KL_WEIGHT: 1e-06
  PROJ_REP_PRIOR_MODE: clip_proj
  PROJ_REP_PRIOR_STD: 0.01
  PROJ_REP_SIGMA_MODE: row
  REG_WEIGHT: 0.5
  REP_DIM: 512
  REP_KL_WEIGHT: 0.0001
  REP_LAYERS: [6, 7, 8, 9, 10, 11, 12]
  REP_PRIOR_MODE: zero
  REP_PRIOR_STD: 0.02
  REP_SIGMA_MODE: per_token
  SIGMA_MODE: global
CLIP_ADAPTERS:
  ALLOW_CACHE: True
  CONSTRAINT: none
  ENHANCED_BASE: none
  INIT: ZS
  KL_WEIGHT: 0.0001
  N_SAMPLES: 3
  PREC: fp32
  TYPE: MP
DATALOADER:
  K_TRANSFORMS: 1
  NUM_WORKERS: 8
  RETURN_IMG0: False
  TEST:
    BATCH_SIZE: 250
    SAMPLER: SequentialSampler
  TRAIN_U:
    BATCH_SIZE: 32
    N_DOMAIN: 0
    N_INS: 16
    SAME_AS_X: True
    SAMPLER: RandomSampler
  TRAIN_X:
    BATCH_SIZE: 32
    N_DOMAIN: 0
    N_INS: 16
    SAMPLER: RandomSampler
DATASET:
  ALL_AS_UNLABELED: False
  CIFAR_C_LEVEL: 1
  CIFAR_C_TYPE: 
  NAME: OxfordPets
  NUM_LABELED: -1
  NUM_SHOTS: 2
  ROOT: DATASETS
  SOURCE_DOMAINS: ()
  STL10_FOLD: -1
  SUBSAMPLE_CLASSES: all
  TARGET_DOMAINS: ()
  VAL_PERCENT: 0.1
INPUT:
  COLORJITTER_B: 0.4
  COLORJITTER_C: 0.4
  COLORJITTER_H: 0.1
  COLORJITTER_S: 0.4
  CROP_PADDING: 4
  CUTOUT_LEN: 16
  CUTOUT_N: 1
  GB_K: 21
  GB_P: 0.5
  GN_MEAN: 0.0
  GN_STD: 0.15
  INTERPOLATION: bicubic
  NO_TRANSFORM: False
  PIXEL_MEAN: [0.48145466, 0.4578275, 0.40821073]
  PIXEL_STD: [0.26862954, 0.26130258, 0.27577711]
  RANDAUGMENT_M: 10
  RANDAUGMENT_N: 2
  RGS_P: 0.2
  RRCROP_SCALE: (0.5, 1)
  SIZE: (224, 224)
  TRANSFORMS: ('random_resized_crop', 'random_flip', 'normalize')
METHOD:
  EXEC_MODE: online
  FAMILY: internal_adaptation
  NAME: BayesMMRL
  TAG: default
MMRL:
  ALPHA: 0.7
  N_REP_TOKENS: 5
  PREC: amp
  REG_WEIGHT: 1.0
  REP_DIM: 512
  REP_LAYERS: [6, 7, 8, 9, 10, 11, 12]
MMRLPP:
  ALPHA: 0.7
  BETA: 0.9
  N_REP_TOKENS: 5
  PREC: amp
  PROJ_LORA_DIM: 64
  REG_WEIGHT: 1.0
  REP_DIM: 512
  REP_LAYERS: [6, 7, 8, 9, 10, 11, 12]
  RES_LORA_DIM: 4
MMRL_MIX:
  ALPHA: 0.7
  LOSS_FUSE_WEIGHT: 0.2
  LOSS_MAIN_WEIGHT: 1.0
  LOSS_REP_WEIGHT: 1.0
  N_REP_TOKENS: 5
  PREC: amp
  REG_WEIGHT: 1.0
  REP_DIM: 512
  REP_LAYERS: [6, 7, 8, 9, 10, 11, 12]
MODEL:
  BACKBONE:
    NAME: ViT-B/16
    PRETRAINED: True
  HEAD:
    ACTIVATION: relu
    BN: True
    DROPOUT: 0.0
    HIDDEN_LAYERS: ()
    NAME: 
  INIT_WEIGHTS: 
OPTIM:
  ADAM_BETA1: 0.9
  ADAM_BETA2: 0.999
  BASE_LR_MULT: 0.1
  GAMMA: 0.1
  LR: 0.001
  LR_SCHEDULER: cosine
  MAX_EPOCH: 50
  MOMENTUM: 0.9
  NAME: adamw
  NEW_LAYERS: ()
  RMSPROP_ALPHA: 0.99
  SGD_DAMPNING: 0
  SGD_NESTEROV: False
  STAGED_LR: False
  STEPSIZE: (-1,)
  WARMUP_CONS_LR: 1e-05
  WARMUP_EPOCH: 1
  WARMUP_MIN_LR: 1e-05
  WARMUP_RECOUNT: True
  WARMUP_TYPE: constant
  WEIGHT_DECAY: 0.0005
OUTPUT_DIR: output_sweeps/bayes_mmrl_search_current/coarse3/confirm_stage/BayesMMRL/FS/fewshot_train/oxford_pets/shots_2/ViT-B-16/A_sig-per_token_pstd-0.02_kl-1e-4_nmc-3/seed3
PROTOCOL:
  NAME: FS
  PHASE: fewshot_train
RESUME: 
RUNTIME:
  OUTPUT_ROOT: output_refactor
  USE_DASSL_TRAINER_BRIDGE: True
SEED: 3
TASK: FS
TEST:
  COMPUTE_CMAT: False
  EVALUATOR: Classification
  FINAL_MODEL: last_step
  NO_TEST: False
  PER_CLASS_RESULT: False
  SPLIT: test
TRAIN:
  CHECKPOINT_FREQ: 0
  COUNT_ITER: train_x
  PRINT_FREQ: 20
TRAINER:
  BayesMMRL:
    ALPHA: 0.7
    BAYES_TARGET: rep_tokens
    CLIP_PRIOR_BLEND: 0.5
    CLIP_PRIOR_SCALE: 0.05
    EVAL_AGGREGATION: logit_mean
    EVAL_MODE: mc_predictive
    EVAL_USE_POSTERIOR_MEAN: False
    KL_WARMUP_EPOCHS: 5
    KL_WEIGHT: 0.0001
    N_MC_TEST: 10
    N_MC_TRAIN: 3
    N_REP_TOKENS: 5
    PREC: amp
    PRIOR_STD: 0.02
    PROJ_REP_KL_WEIGHT: 1e-06
    PROJ_REP_PRIOR_MODE: clip_proj
    PROJ_REP_PRIOR_STD: 0.01
    PROJ_REP_SIGMA_MODE: row
    REG_WEIGHT: 0.5
    REP_DIM: 512
    REP_KL_WEIGHT: 0.0001
    REP_LAYERS: [6, 7, 8, 9, 10, 11, 12]
    REP_PRIOR_MODE: zero
    REP_PRIOR_STD: 0.02
    REP_SIGMA_MODE: per_token
    SIGMA_MODE: per_token
  CDAC:
    CLASS_LR_MULTI: 10
    P_THRESH: 0.95
    RAMPUP_COEF: 30
    RAMPUP_ITRS: 1000
    STRONG_TRANSFORMS: ()
    TOPK_MATCH: 5
  CROSSGRAD:
    ALPHA_D: 0.5
    ALPHA_F: 0.5
    EPS_D: 1.0
    EPS_F: 1.0
  ClipADAPTER:
    ALLOW_CACHE: True
    CONSTRAINT: none
    ENHANCED_BASE: none
    INIT: ZS
    PREC: fp32
    TYPE: MP
  DAEL:
    CONF_THRE: 0.95
    STRONG_TRANSFORMS: ()
    WEIGHT_U: 0.5
  DAELDG:
    CONF_THRE: 0.95
    STRONG_TRANSFORMS: ()
    WEIGHT_U: 0.5
  DDAIG:
    ALPHA: 0.5
    CLAMP: False
    CLAMP_MAX: 1.0
    CLAMP_MIN: -1.0
    G_ARCH: 
    LMDA: 0.3
    WARMUP: 0
  DOMAINMIX:
    ALPHA: 1.0
    BETA: 1.0
    TYPE: crossdomain
  ENTMIN:
    LMDA: 0.001
  FIXMATCH:
    CONF_THRE: 0.95
    STRONG_TRANSFORMS: ()
    WEIGHT_U: 1.0
  M3SDA:
    LMDA: 0.5
    N_STEP_F: 4
  MCD:
    N_STEP_F: 4
  MEANTEACHER:
    EMA_ALPHA: 0.999
    RAMPUP: 5
    WEIGHT_U: 1.0
  MIXMATCH:
    MIXUP_BETA: 0.75
    RAMPUP: 20000
    TEMP: 2.0
    WEIGHT_U: 100.0
  MME:
    LMDA: 0.1
  MMRL:
    ALPHA: 0.7
    N_REP_TOKENS: 5
    PREC: amp
    REG_WEIGHT: 1.0
    REP_DIM: 512
    REP_LAYERS: [6, 7, 8, 9, 10, 11, 12]
  MMRLMix:
    ALPHA: 0.7
    LOSS_FUSE_WEIGHT: 0.2
    LOSS_MAIN_WEIGHT: 1.0
    LOSS_REP_WEIGHT: 1.0
    N_REP_TOKENS: 5
    PREC: amp
    REG_WEIGHT: 1.0
    REP_DIM: 512
    REP_LAYERS: [6, 7, 8, 9, 10, 11, 12]
  MMRLpp:
    ALPHA: 0.7
    BETA: 0.9
    N_REP_TOKENS: 5
    PREC: amp
    PROJ_LORA_DIM: 64
    REG_WEIGHT: 1.0
    REP_DIM: 512
    REP_LAYERS: [6, 7, 8, 9, 10, 11, 12]
    RES_LORA_DIM: 4
  NAME: RefactorRunner
  SE:
    CONF_THRE: 0.95
    EMA_ALPHA: 0.999
    RAMPUP: 300
USE_CUDA: True
VERBOSE: True
VERSION: 1
Collecting env info ...
** System info **
PyTorch version: 2.11.0+cu128
Is debug build: False
CUDA used to build PyTorch: 12.8
ROCM used to build PyTorch: N/A

OS: Ubuntu 22.04.1 LTS (x86_64)
GCC version: (Ubuntu 11.3.0-1ubuntu1~22.04) 11.3.0
Clang version: Could not collect
CMake version: version 3.22.1
Libc version: glibc-2.35

Python version: 3.10.20 (main, Mar 11 2026, 17:46:40) [GCC 14.3.0] (64-bit runtime)
Python platform: Linux-5.15.0-94-generic-x86_64-with-glibc2.35
Is CUDA available: True
CUDA runtime version: 11.8.89
CUDA_MODULE_LOADING set to: 
GPU models and configuration: 
GPU 0: NVIDIA GeForce RTX 5090
GPU 1: NVIDIA GeForce RTX 5090
GPU 2: NVIDIA GeForce RTX 5090

Nvidia driver version: 595.58.03
cuDNN version: Probably one of the following:
/usr/lib/x86_64-linux-gnu/libcudnn.so.8.6.0
/usr/lib/x86_64-linux-gnu/libcudnn_adv_infer.so.8.6.0
/usr/lib/x86_64-linux-gnu/libcudnn_adv_train.so.8.6.0
/usr/lib/x86_64-linux-gnu/libcudnn_cnn_infer.so.8.6.0
/usr/lib/x86_64-linux-gnu/libcudnn_cnn_train.so.8.6.0
/usr/lib/x86_64-linux-gnu/libcudnn_ops_infer.so.8.6.0
/usr/lib/x86_64-linux-gnu/libcudnn_ops_train.so.8.6.0
Is XPU available: False
HIP runtime version: N/A
MIOpen runtime version: N/A
Is XNNPACK available: True
Caching allocator config: N/A

CPU:
Architecture:                       x86_64
CPU op-mode(s):                     32-bit, 64-bit
Address sizes:                      52 bits physical, 57 bits virtual
Byte Order:                         Little Endian
CPU(s):                             208
On-line CPU(s) list:                0-207
Vendor ID:                          GenuineIntel
Model name:                         Intel(R) Xeon(R) Platinum 8470Q
CPU family:                         6
Model:                              143
Thread(s) per core:                 2
Core(s) per socket:                 52
Socket(s):                          2
Stepping:                           8
Frequency boost:                    enabled
CPU max MHz:                        2101.0000
CPU min MHz:                        800.0000
BogoMIPS:                           4200.00
Flags:                              fpu vme de pse tsc msr pae mce cx8 apic sep mtrr pge mca cmov pat pse36 clflush dts acpi mmx fxsr sse sse2 ss ht tm pbe syscall nx pdpe1gb rdtscp lm constant_tsc art arch_perfmon pebs bts rep_good nopl xtopology nonstop_tsc cpuid aperfmperf tsc_known_freq pni pclmulqdq dtes64 ds_cpl vmx smx est tm2 ssse3 sdbg fma cx16 xtpr pdcm pcid dca sse4_1 sse4_2 x2apic movbe popcnt tsc_deadline_timer aes xsave avx f16c rdrand lahf_lm abm 3dnowprefetch cpuid_fault epb cat_l3 cat_l2 cdp_l3 invpcid_single intel_ppin cdp_l2 ssbd mba ibrs ibpb stibp ibrs_enhanced tpr_shadow vnmi flexpriority ept vpid ept_ad fsgsbase tsc_adjust bmi1 avx2 smep bmi2 erms invpcid cqm rdt_a avx512f avx512dq rdseed adx smap avx512ifma clflushopt clwb intel_pt avx512cd sha_ni avx512bw avx512vl xsaveopt xsavec xgetbv1 xsaves cqm_llc cqm_occup_llc cqm_mbm_total cqm_mbm_local split_lock_detect avx_vnni avx512_bf16 wbnoinvd dtherm ida arat pln pts avx512vbmi umip pku ospke waitpkg avx512_vbmi2 gfni vaes vpclmulqdq avx512_vnni avx512_bitalg tme avx512_vpopcntdq la57 rdpid bus_lock_detect cldemote movdiri movdir64b enqcmd fsrm md_clear serialize tsxldtrk pconfig arch_lbr amx_bf16 avx512_fp16 amx_tile amx_int8 flush_l1d arch_capabilities
Virtualization:                     VT-x
L1d cache:                          4.9 MiB (104 instances)
L1i cache:                          3.3 MiB (104 instances)
L2 cache:                           208 MiB (104 instances)
L3 cache:                           210 MiB (2 instances)
NUMA node(s):                       2
NUMA node0 CPU(s):                  0-51,104-155
NUMA node1 CPU(s):                  52-103,156-207
Vulnerability Gather data sampling: Not affected
Vulnerability Itlb multihit:        Not affected
Vulnerability L1tf:                 Not affected
Vulnerability Mds:                  Not affected
Vulnerability Meltdown:             Not affected
Vulnerability Mmio stale data:      Not affected
Vulnerability Retbleed:             Not affected
Vulnerability Spec rstack overflow: Not affected
Vulnerability Spec store bypass:    Mitigation; Speculative Store Bypass disabled via prctl and seccomp
Vulnerability Spectre v1:           Mitigation; usercopy/swapgs barriers and __user pointer sanitization
Vulnerability Spectre v2:           Mitigation; Enhanced IBRS, IBPB conditional, RSB filling, PBRSB-eIBRS SW sequence
Vulnerability Srbds:                Not affected
Vulnerability Tsx async abort:      Not affected

Versions of relevant libraries:
[pip3] flake8==3.7.9
[pip3] numpy==2.2.6
[pip3] nvidia-cublas-cu12==12.8.4.1
[pip3] nvidia-cuda-cupti-cu12==12.8.90
[pip3] nvidia-cuda-nvrtc-cu12==12.8.93
[pip3] nvidia-cuda-runtime-cu12==12.8.90
[pip3] nvidia-cudnn-cu12==9.19.0.56
[pip3] nvidia-cufft-cu12==11.3.3.83
[pip3] nvidia-curand-cu12==10.3.9.90
[pip3] nvidia-cusolver-cu12==11.7.3.90
[pip3] nvidia-cusparse-cu12==12.5.8.93
[pip3] nvidia-cusparselt-cu12==0.7.1
[pip3] nvidia-nccl-cu12==2.28.9
[pip3] nvidia-nvjitlink-cu12==12.8.93
[pip3] nvidia-nvtx-cu12==12.8.90
[pip3] torch==2.11.0+cu128
[pip3] torchaudio==2.11.0+cu128
[pip3] torchvision==0.26.0+cu128
[pip3] triton==3.6.0
[conda] numpy                     2.2.6                    pypi_0    pypi
[conda] nvidia-cublas-cu12        12.8.4.1                 pypi_0    pypi
[conda] nvidia-cuda-cupti-cu12    12.8.90                  pypi_0    pypi
[conda] nvidia-cuda-nvrtc-cu12    12.8.93                  pypi_0    pypi
[conda] nvidia-cuda-runtime-cu12  12.8.90                  pypi_0    pypi
[conda] nvidia-cudnn-cu12         9.19.0.56                pypi_0    pypi
[conda] nvidia-cufft-cu12         11.3.3.83                pypi_0    pypi
[conda] nvidia-curand-cu12        10.3.9.90                pypi_0    pypi
[conda] nvidia-cusolver-cu12      11.7.3.90                pypi_0    pypi
[conda] nvidia-cusparse-cu12      12.5.8.93                pypi_0    pypi
[conda] nvidia-cusparselt-cu12    0.7.1                    pypi_0    pypi
[conda] nvidia-nccl-cu12          2.28.9                   pypi_0    pypi
[conda] nvidia-nvjitlink-cu12     12.8.93                  pypi_0    pypi
[conda] nvidia-nvtx-cu12          12.8.90                  pypi_0    pypi
[conda] torch                     2.11.0+cu128             pypi_0    pypi
[conda] torchaudio                2.11.0+cu128             pypi_0    pypi
[conda] torchvision               0.26.0+cu128             pypi_0    pypi
[conda] triton                    3.6.0                    pypi_0    pypi
        Pillow (12.1.1)

Loading trainer: RefactorRunner
Loading dataset: OxfordPets
Reading split from /root/autodl-tmp/MMRL/DATASETS/oxford_pets/split_zhou_OxfordPets.json
Loading preprocessed few-shot data from /root/autodl-tmp/MMRL/DATASETS/oxford_pets/split_fewshot/shot_2-seed_3.pkl
Building transform_train
+ random resized crop (size=(224, 224), scale=(0.5, 1))
+ random flip
+ to torch tensor of range [0, 1]
+ normalization (mean=[0.48145466, 0.4578275, 0.40821073], std=[0.26862954, 0.26130258, 0.27577711])
Building transform_test
+ resize the smaller edge to 224
+ 224x224 center crop
+ to torch tensor of range [0, 1]
+ normalization (mean=[0.48145466, 0.4578275, 0.40821073], std=[0.26862954, 0.26130258, 0.27577711])
---------  ----------
Dataset    OxfordPets
# classes  37
# train_x  74
# val      74
# test     3,669
---------  ----------
/root/autodl-tmp/MMRL/trainers/refactor_runner.py:52: FutureWarning: `torch.cuda.amp.GradScaler(args...)` is deprecated. Please use `torch.amp.GradScaler('cuda', args...)` instead.
  self.scaler = GradScaler() if prec == "amp" else None
[BayesMMRLMethod] trainable params: {'representation_learner.compound_rep_tokens_r2vproj.5.weight', 'representation_learner.compound_rep_tokens_r2vproj.3.weight', 'representation_learner.rep_posterior.posterior_rho', 'representation_learner.compound_rep_tokens_r2vproj.1.bias', 'representation_learner.compound_rep_tokens_r2vproj.1.weight', 'representation_learner.compound_rep_tokens_r2vproj.3.bias', 'representation_learner.compound_rep_tokens_r2vproj.2.bias', 'representation_learner.compound_rep_tokens_r2vproj.6.weight', 'representation_learner.compound_rep_tokens_r2vproj.4.weight', 'representation_learner.compound_rep_tokens_r2tproj.2.bias', 'representation_learner.compound_rep_tokens_r2tproj.6.weight', 'image_encoder.proj_rep', 'representation_learner.compound_rep_tokens_r2tproj.5.weight', 'representation_learner.compound_rep_tokens_r2vproj.4.bias', 'representation_learner.compound_rep_tokens_r2vproj.5.bias', 'representation_learner.compound_rep_tokens_r2tproj.6.bias', 'representation_learner.rep_posterior.posterior_mean', 'representation_learner.compound_rep_tokens_r2tproj.1.bias', 'representation_learner.compound_rep_tokens_r2tproj.2.weight', 'representation_learner.compound_rep_tokens_r2tproj.4.weight', 'representation_learner.compound_rep_tokens_r2tproj.5.bias', 'representation_learner.compound_rep_tokens_r2vproj.2.weight', 'representation_learner.compound_rep_tokens_r2tproj.1.weight', 'representation_learner.compound_rep_tokens_r2tproj.0.bias', 'representation_learner.compound_rep_tokens_r2vproj.6.bias', 'representation_learner.compound_rep_tokens_r2tproj.0.weight', 'representation_learner.compound_rep_tokens_r2tproj.3.bias', 'representation_learner.compound_rep_tokens_r2tproj.4.bias', 'representation_learner.compound_rep_tokens_r2vproj.0.bias', 'representation_learner.compound_rep_tokens_r2vproj.0.weight', 'representation_learner.compound_rep_tokens_r2tproj.3.weight'}
Loading evaluator: Classification
No checkpoint found, train from scratch
Initialize tensorboard (log_dir=output_sweeps/bayes_mmrl_search_current/coarse3/confirm_stage/BayesMMRL/FS/fewshot_train/oxford_pets/shots_2/ViT-B-16/A_sig-per_token_pstd-0.02_kl-1e-4_nmc-3/seed3/tensorboard)
/root/autodl-tmp/MMRL/executors/online_executor.py:47: FutureWarning: `torch.cuda.amp.autocast(args...)` is deprecated. Please use `torch.amp.autocast('cuda', args...)` instead.
  with autocast():
epoch [1/50] batch [1/2] time 1.303 (1.303) data 0.577 (0.577) loss 2.5156 (2.5156) acc 78.1250 (78.1250) data_term 2.5156 (2.5156) raw_kl_rep 0.0000 (0.0000) raw_kl_proj_rep 0.0000 (0.0000) kl_rep_term 0.0000 (0.0000) kl_proj_rep_term 0.0000 (0.0000) kl_term 0.0000 (0.0000) kl_normalizer 2.0000 (2.0000) kl_beta 0.0000 (0.0000) lr 1.0000e-05 eta 0:02:08
epoch [1/50] batch [2/2] time 0.168 (0.735) data 0.000 (0.289) loss 2.4689 (2.4923) acc 81.2500 (79.6875) data_term 2.4689 (2.4923) raw_kl_rep 0.0000 (0.0000) raw_kl_proj_rep 0.0000 (0.0000) kl_rep_term 0.0000 (0.0000) kl_proj_rep_term 0.0000 (0.0000) kl_term 0.0000 (0.0000) kl_normalizer 2.0000 (2.0000) kl_beta 0.0000 (0.0000) lr 1.0000e-03 eta 0:01:12
epoch [2/50] batch [1/2] time 0.661 (0.661) data 0.501 (0.501) loss 2.2409 (2.2409) acc 87.5000 (87.5000) data_term 2.2409 (2.2409) raw_kl_rep 0.0003 (0.0003) raw_kl_proj_rep 0.0000 (0.0000) kl_rep_term 0.0000 (0.0000) kl_proj_rep_term 0.0000 (0.0000) kl_term 0.0000 (0.0000) kl_normalizer 2.0000 (2.0000) kl_beta 0.0000 (0.0000) lr 1.0000e-03 eta 0:01:04
epoch [2/50] batch [2/2] time 0.130 (0.395) data 0.000 (0.250) loss 2.7549 (2.4979) acc 71.8750 (79.6875) data_term 2.7549 (2.4979) raw_kl_rep 2.4342 (1.2173) raw_kl_proj_rep 0.0000 (0.0000) kl_rep_term 0.0000 (0.0000) kl_proj_rep_term 0.0000 (0.0000) kl_term 0.0000 (0.0000) kl_normalizer 2.0000 (2.0000) kl_beta 0.0000 (0.0000) lr 9.9901e-04 eta 0:00:37
epoch [3/50] batch [1/2] time 0.696 (0.696) data 0.502 (0.502) loss 2.2492 (2.2492) acc 71.8750 (71.8750) data_term 2.2492 (2.2492) raw_kl_rep 6.0388 (6.0388) raw_kl_proj_rep 0.0000 (0.0000) kl_rep_term 0.0000 (0.0000) kl_proj_rep_term 0.0000 (0.0000) kl_term 0.0000 (0.0000) kl_normalizer 2.0000 (2.0000) kl_beta 0.0000 (0.0000) lr 9.9901e-04 eta 0:01:06
epoch [3/50] batch [2/2] time 0.140 (0.418) data 0.000 (0.251) loss 2.2511 (2.2502) acc 68.7500 (70.3125) data_term 2.2511 (2.2502) raw_kl_rep 10.8613 (8.4501) raw_kl_proj_rep 0.0000 (0.0000) kl_rep_term 0.0000 (0.0000) kl_proj_rep_term 0.0000 (0.0000) kl_term 0.0000 (0.0000) kl_normalizer 2.0000 (2.0000) kl_beta 0.0000 (0.0000) lr 9.9606e-04 eta 0:00:39
epoch [4/50] batch [1/2] time 0.719 (0.719) data 0.540 (0.540) loss 1.8196 (1.8196) acc 87.5000 (87.5000) data_term 1.8196 (1.8196) raw_kl_rep 16.8328 (16.8328) raw_kl_proj_rep 0.0000 (0.0000) kl_rep_term 0.0000 (0.0000) kl_proj_rep_term 0.0000 (0.0000) kl_term 0.0000 (0.0000) kl_normalizer 2.0000 (2.0000) kl_beta 0.0000 (0.0000) lr 9.9606e-04 eta 0:01:06
epoch [4/50] batch [2/2] time 0.179 (0.449) data 0.000 (0.270) loss 1.9627 (1.8912) acc 68.7500 (78.1250) data_term 1.9627 (1.8912) raw_kl_rep 16.8328 (16.8328) raw_kl_proj_rep 0.0000 (0.0000) kl_rep_term 0.0000 (0.0000) kl_proj_rep_term 0.0000 (0.0000) kl_term 0.0000 (0.0000) kl_normalizer 2.0000 (2.0000) kl_beta 0.0000 (0.0000) lr 9.9114e-04 eta 0:00:41
epoch [5/50] batch [1/2] time 0.700 (0.700) data 0.516 (0.516) loss 1.6731 (1.6731) acc 81.2500 (81.2500) data_term 1.6731 (1.6731) raw_kl_rep 20.2750 (20.2750) raw_kl_proj_rep 0.0000 (0.0000) kl_rep_term 0.0000 (0.0000) kl_proj_rep_term 0.0000 (0.0000) kl_term 0.0000 (0.0000) kl_normalizer 2.0000 (2.0000) kl_beta 0.0000 (0.0000) lr 9.9114e-04 eta 0:01:03
epoch [5/50] batch [2/2] time 0.138 (0.419) data 0.000 (0.258) loss 1.4389 (1.5560) acc 84.3750 (82.8125) data_term 1.4389 (1.5560) raw_kl_rep 23.4512 (21.8631) raw_kl_proj_rep 0.0000 (0.0000) kl_rep_term 0.0000 (0.0000) kl_proj_rep_term 0.0000 (0.0000) kl_term 0.0000 (0.0000) kl_normalizer 2.0000 (2.0000) kl_beta 0.0000 (0.0000) lr 9.8429e-04 eta 0:00:37
epoch [6/50] batch [1/2] time 0.699 (0.699) data 0.557 (0.557) loss 1.6154 (1.6154) acc 75.0000 (75.0000) data_term 1.6154 (1.6154) raw_kl_rep 27.1738 (27.1738) raw_kl_proj_rep 0.0000 (0.0000) kl_rep_term 0.0000 (0.0000) kl_proj_rep_term 0.0000 (0.0000) kl_term 0.0000 (0.0000) kl_normalizer 2.0000 (2.0000) kl_beta 0.0000 (0.0000) lr 9.8429e-04 eta 0:01:02
epoch [6/50] batch [2/2] time 0.157 (0.428) data 0.000 (0.279) loss 0.9978 (1.3066) acc 93.7500 (84.3750) data_term 0.9978 (1.3066) raw_kl_rep 31.4508 (29.3123) raw_kl_proj_rep 0.0000 (0.0000) kl_rep_term 0.0000 (0.0000) kl_proj_rep_term 0.0000 (0.0000) kl_term 0.0000 (0.0000) kl_normalizer 2.0000 (2.0000) kl_beta 0.0000 (0.0000) lr 9.7553e-04 eta 0:00:37
epoch [7/50] batch [1/2] time 0.824 (0.824) data 0.591 (0.591) loss 0.8609 (0.8609) acc 81.2500 (81.2500) data_term 0.8608 (0.8608) raw_kl_rep 36.3164 (36.3164) raw_kl_proj_rep 0.0000 (0.0000) kl_rep_term 0.0000 (0.0000) kl_proj_rep_term 0.0000 (0.0000) kl_term 0.0000 (0.0000) kl_normalizer 2.0000 (2.0000) kl_beta 0.0227 (0.0227) lr 9.7553e-04 eta 0:01:11
epoch [7/50] batch [2/2] time 0.165 (0.494) data 0.000 (0.295) loss 1.0611 (0.9610) acc 90.6250 (85.9375) data_term 1.0611 (0.9609) raw_kl_rep 41.6911 (39.0037) raw_kl_proj_rep 0.0000 (0.0000) kl_rep_term 0.0000 (0.0000) kl_proj_rep_term 0.0000 (0.0000) kl_term 0.0000 (0.0000) kl_normalizer 2.0000 (2.0000) kl_beta 0.0227 (0.0227) lr 9.6489e-04 eta 0:00:42
epoch [8/50] batch [1/2] time 0.755 (0.755) data 0.535 (0.535) loss 0.7346 (0.7346) acc 90.6250 (90.6250) data_term 0.7345 (0.7345) raw_kl_rep 47.6678 (47.6678) raw_kl_proj_rep 0.0000 (0.0000) kl_rep_term 0.0001 (0.0001) kl_proj_rep_term 0.0000 (0.0000) kl_term 0.0001 (0.0001) kl_normalizer 2.0000 (2.0000) kl_beta 0.0455 (0.0455) lr 9.6489e-04 eta 0:01:04
epoch [8/50] batch [2/2] time 0.167 (0.461) data 0.000 (0.268) loss 0.9769 (0.8557) acc 93.7500 (92.1875) data_term 0.9767 (0.8556) raw_kl_rep 54.0215 (50.8446) raw_kl_proj_rep 0.0000 (0.0000) kl_rep_term 0.0001 (0.0001) kl_proj_rep_term 0.0000 (0.0000) kl_term 0.0001 (0.0001) kl_normalizer 2.0000 (2.0000) kl_beta 0.0455 (0.0455) lr 9.5241e-04 eta 0:00:38
epoch [9/50] batch [1/2] time 0.726 (0.726) data 0.532 (0.532) loss 0.5442 (0.5442) acc 93.7500 (93.7500) data_term 0.5440 (0.5440) raw_kl_rep 60.5521 (60.5521) raw_kl_proj_rep 0.0000 (0.0000) kl_rep_term 0.0002 (0.0002) kl_proj_rep_term 0.0000 (0.0000) kl_term 0.0002 (0.0002) kl_normalizer 2.0000 (2.0000) kl_beta 0.0682 (0.0682) lr 9.5241e-04 eta 0:01:00
epoch [9/50] batch [2/2] time 0.129 (0.427) data 0.000 (0.266) loss 0.8652 (0.7047) acc 96.8750 (95.3125) data_term 0.8650 (0.7045) raw_kl_rep 67.0728 (63.8124) raw_kl_proj_rep 0.0000 (0.0000) kl_rep_term 0.0002 (0.0002) kl_proj_rep_term 0.0000 (0.0000) kl_term 0.0002 (0.0002) kl_normalizer 2.0000 (2.0000) kl_beta 0.0682 (0.0682) lr 9.3815e-04 eta 0:00:35
epoch [10/50] batch [1/2] time 0.725 (0.725) data 0.554 (0.554) loss 0.5231 (0.5231) acc 100.0000 (100.0000) data_term 0.5228 (0.5228) raw_kl_rep 74.0780 (74.0780) raw_kl_proj_rep 0.0000 (0.0000) kl_rep_term 0.0003 (0.0003) kl_proj_rep_term 0.0000 (0.0000) kl_term 0.0003 (0.0003) kl_normalizer 2.0000 (2.0000) kl_beta 0.0909 (0.0909) lr 9.3815e-04 eta 0:00:58
epoch [10/50] batch [2/2] time 0.160 (0.443) data 0.000 (0.277) loss 0.5185 (0.5208) acc 93.7500 (96.8750) data_term 0.5181 (0.5204) raw_kl_rep 81.2547 (77.6664) raw_kl_proj_rep 0.0000 (0.0000) kl_rep_term 0.0004 (0.0004) kl_proj_rep_term 0.0000 (0.0000) kl_term 0.0004 (0.0004) kl_normalizer 2.0000 (2.0000) kl_beta 0.0909 (0.0909) lr 9.2216e-04 eta 0:00:35
epoch [11/50] batch [1/2] time 0.649 (0.649) data 0.482 (0.482) loss 0.5264 (0.5264) acc 93.7500 (93.7500) data_term 0.5259 (0.5259) raw_kl_rep 88.7410 (88.7410) raw_kl_proj_rep 0.0000 (0.0000) kl_rep_term 0.0005 (0.0005) kl_proj_rep_term 0.0000 (0.0000) kl_term 0.0005 (0.0005) kl_normalizer 2.0000 (2.0000) kl_beta 0.1136 (0.1136) lr 9.2216e-04 eta 0:00:51
epoch [11/50] batch [2/2] time 0.140 (0.394) data 0.000 (0.241) loss 0.3688 (0.4476) acc 96.8750 (95.3125) data_term 0.3683 (0.4471) raw_kl_rep 96.3914 (92.5662) raw_kl_proj_rep 0.0000 (0.0000) kl_rep_term 0.0005 (0.0005) kl_proj_rep_term 0.0000 (0.0000) kl_term 0.0005 (0.0005) kl_normalizer 2.0000 (2.0000) kl_beta 0.1136 (0.1136) lr 9.0451e-04 eta 0:00:30
epoch [12/50] batch [1/2] time 0.788 (0.788) data 0.626 (0.626) loss 0.3378 (0.3378) acc 96.8750 (96.8750) data_term 0.3371 (0.3371) raw_kl_rep 104.4581 (104.4581) raw_kl_proj_rep 0.0000 (0.0000) kl_rep_term 0.0007 (0.0007) kl_proj_rep_term 0.0000 (0.0000) kl_term 0.0007 (0.0007) kl_normalizer 2.0000 (2.0000) kl_beta 0.1364 (0.1364) lr 9.0451e-04 eta 0:01:00
epoch [12/50] batch [2/2] time 0.163 (0.476) data 0.000 (0.313) loss 0.3051 (0.3214) acc 96.8750 (96.8750) data_term 0.3043 (0.3207) raw_kl_rep 112.5412 (108.4996) raw_kl_proj_rep 0.0000 (0.0000) kl_rep_term 0.0008 (0.0007) kl_proj_rep_term 0.0000 (0.0000) kl_term 0.0008 (0.0007) kl_normalizer 2.0000 (2.0000) kl_beta 0.1364 (0.1364) lr 8.8526e-04 eta 0:00:36
epoch [13/50] batch [1/2] time 0.649 (0.649) data 0.488 (0.488) loss 0.2262 (0.2262) acc 96.8750 (96.8750) data_term 0.2253 (0.2253) raw_kl_rep 118.5046 (118.5046) raw_kl_proj_rep 0.0000 (0.0000) kl_rep_term 0.0009 (0.0009) kl_proj_rep_term 0.0000 (0.0000) kl_term 0.0009 (0.0009) kl_normalizer 2.0000 (2.0000) kl_beta 0.1591 (0.1591) lr 8.8526e-04 eta 0:00:48
epoch [13/50] batch [2/2] time 0.137 (0.393) data 0.000 (0.244) loss 0.3522 (0.2892) acc 96.8750 (96.8750) data_term 0.3512 (0.2882) raw_kl_rep 123.0000 (120.7523) raw_kl_proj_rep 0.0000 (0.0000) kl_rep_term 0.0010 (0.0010) kl_proj_rep_term 0.0000 (0.0000) kl_term 0.0010 (0.0010) kl_normalizer 2.0000 (2.0000) kl_beta 0.1591 (0.1591) lr 8.6448e-04 eta 0:00:29
epoch [14/50] batch [1/2] time 0.654 (0.654) data 0.501 (0.501) loss 0.2242 (0.2242) acc 100.0000 (100.0000) data_term 0.2231 (0.2231) raw_kl_rep 126.6817 (126.6817) raw_kl_proj_rep 0.0000 (0.0000) kl_rep_term 0.0012 (0.0012) kl_proj_rep_term 0.0000 (0.0000) kl_term 0.0012 (0.0012) kl_normalizer 2.0000 (2.0000) kl_beta 0.1818 (0.1818) lr 8.6448e-04 eta 0:00:47
epoch [14/50] batch [2/2] time 0.136 (0.395) data 0.000 (0.251) loss 0.1633 (0.1938) acc 100.0000 (100.0000) data_term 0.1621 (0.1926) raw_kl_rep 129.9195 (128.3006) raw_kl_proj_rep 0.0000 (0.0000) kl_rep_term 0.0012 (0.0012) kl_proj_rep_term 0.0000 (0.0000) kl_term 0.0012 (0.0012) kl_normalizer 2.0000 (2.0000) kl_beta 0.1818 (0.1818) lr 8.4227e-04 eta 0:00:28
epoch [15/50] batch [1/2] time 0.732 (0.732) data 0.559 (0.559) loss 0.1671 (0.1671) acc 100.0000 (100.0000) data_term 0.1658 (0.1658) raw_kl_rep 132.8023 (132.8023) raw_kl_proj_rep 0.0000 (0.0000) kl_rep_term 0.0014 (0.0014) kl_proj_rep_term 0.0000 (0.0000) kl_term 0.0014 (0.0014) kl_normalizer 2.0000 (2.0000) kl_beta 0.2045 (0.2045) lr 8.4227e-04 eta 0:00:51
epoch [15/50] batch [2/2] time 0.193 (0.463) data 0.000 (0.280) loss 0.2219 (0.1945) acc 96.8750 (98.4375) data_term 0.2205 (0.1931) raw_kl_rep 135.6402 (134.2212) raw_kl_proj_rep 0.0000 (0.0000) kl_rep_term 0.0014 (0.0014) kl_proj_rep_term 0.0000 (0.0000) kl_term 0.0014 (0.0014) kl_normalizer 2.0000 (2.0000) kl_beta 0.2045 (0.2045) lr 8.1871e-04 eta 0:00:32
epoch [16/50] batch [1/2] time 0.713 (0.713) data 0.523 (0.523) loss 0.2290 (0.2290) acc 93.7500 (93.7500) data_term 0.2275 (0.2275) raw_kl_rep 138.6994 (138.6994) raw_kl_proj_rep 0.0000 (0.0000) kl_rep_term 0.0016 (0.0016) kl_proj_rep_term 0.0000 (0.0000) kl_term 0.0016 (0.0016) kl_normalizer 2.0000 (2.0000) kl_beta 0.2273 (0.2273) lr 8.1871e-04 eta 0:00:49
epoch [16/50] batch [2/2] time 0.173 (0.443) data 0.000 (0.261) loss 0.1210 (0.1750) acc 100.0000 (96.8750) data_term 0.1194 (0.1734) raw_kl_rep 141.6823 (140.1909) raw_kl_proj_rep 0.0000 (0.0000) kl_rep_term 0.0016 (0.0016) kl_proj_rep_term 0.0000 (0.0000) kl_term 0.0016 (0.0016) kl_normalizer 2.0000 (2.0000) kl_beta 0.2273 (0.2273) lr 7.9389e-04 eta 0:00:30
epoch [17/50] batch [1/2] time 0.671 (0.671) data 0.533 (0.533) loss 0.1547 (0.1547) acc 96.8750 (96.8750) data_term 0.1528 (0.1528) raw_kl_rep 144.5193 (144.5193) raw_kl_proj_rep 0.0000 (0.0000) kl_rep_term 0.0018 (0.0018) kl_proj_rep_term 0.0000 (0.0000) kl_term 0.0018 (0.0018) kl_normalizer 2.0000 (2.0000) kl_beta 0.2500 (0.2500) lr 7.9389e-04 eta 0:00:44
epoch [17/50] batch [2/2] time 0.131 (0.401) data 0.000 (0.266) loss 0.1258 (0.1402) acc 100.0000 (98.4375) data_term 0.1240 (0.1384) raw_kl_rep 147.8326 (146.1760) raw_kl_proj_rep 0.0000 (0.0000) kl_rep_term 0.0018 (0.0018) kl_proj_rep_term 0.0000 (0.0000) kl_term 0.0018 (0.0018) kl_normalizer 2.0000 (2.0000) kl_beta 0.2500 (0.2500) lr 7.6791e-04 eta 0:00:26
epoch [18/50] batch [1/2] time 0.712 (0.712) data 0.551 (0.551) loss 0.1246 (0.1246) acc 96.8750 (96.8750) data_term 0.1225 (0.1225) raw_kl_rep 150.8818 (150.8818) raw_kl_proj_rep 0.0000 (0.0000) kl_rep_term 0.0021 (0.0021) kl_proj_rep_term 0.0000 (0.0000) kl_term 0.0021 (0.0021) kl_normalizer 2.0000 (2.0000) kl_beta 0.2727 (0.2727) lr 7.6791e-04 eta 0:00:46
epoch [18/50] batch [2/2] time 0.143 (0.427) data 0.000 (0.275) loss 0.0926 (0.1086) acc 100.0000 (98.4375) data_term 0.0905 (0.1065) raw_kl_rep 154.0876 (152.4847) raw_kl_proj_rep 0.0000 (0.0000) kl_rep_term 0.0021 (0.0021) kl_proj_rep_term 0.0000 (0.0000) kl_term 0.0021 (0.0021) kl_normalizer 2.0000 (2.0000) kl_beta 0.2727 (0.2727) lr 7.4088e-04 eta 0:00:27
epoch [19/50] batch [1/2] time 0.664 (0.664) data 0.520 (0.520) loss 0.1609 (0.1609) acc 96.8750 (96.8750) data_term 0.1586 (0.1586) raw_kl_rep 157.1132 (157.1132) raw_kl_proj_rep 0.0000 (0.0000) kl_rep_term 0.0023 (0.0023) kl_proj_rep_term 0.0000 (0.0000) kl_term 0.0023 (0.0023) kl_normalizer 2.0000 (2.0000) kl_beta 0.2955 (0.2955) lr 7.4088e-04 eta 0:00:41
epoch [19/50] batch [2/2] time 0.172 (0.418) data 0.000 (0.260) loss 0.1543 (0.1576) acc 100.0000 (98.4375) data_term 0.1519 (0.1552) raw_kl_rep 160.3773 (158.7453) raw_kl_proj_rep 0.0000 (0.0000) kl_rep_term 0.0024 (0.0023) kl_proj_rep_term 0.0000 (0.0000) kl_term 0.0024 (0.0023) kl_normalizer 2.0000 (2.0000) kl_beta 0.2955 (0.2955) lr 7.1289e-04 eta 0:00:25
epoch [20/50] batch [1/2] time 0.632 (0.632) data 0.498 (0.498) loss 0.1266 (0.1266) acc 100.0000 (100.0000) data_term 0.1240 (0.1240) raw_kl_rep 163.2963 (163.2963) raw_kl_proj_rep 0.0000 (0.0000) kl_rep_term 0.0026 (0.0026) kl_proj_rep_term 0.0000 (0.0000) kl_term 0.0026 (0.0026) kl_normalizer 2.0000 (2.0000) kl_beta 0.3182 (0.3182) lr 7.1289e-04 eta 0:00:38
epoch [20/50] batch [2/2] time 0.135 (0.383) data 0.000 (0.249) loss 0.1185 (0.1225) acc 100.0000 (100.0000) data_term 0.1158 (0.1199) raw_kl_rep 166.0584 (164.6773) raw_kl_proj_rep 0.0000 (0.0000) kl_rep_term 0.0026 (0.0026) kl_proj_rep_term 0.0000 (0.0000) kl_term 0.0026 (0.0026) kl_normalizer 2.0000 (2.0000) kl_beta 0.3182 (0.3182) lr 6.8406e-04 eta 0:00:23
epoch [21/50] batch [1/2] time 0.761 (0.761) data 0.611 (0.611) loss 0.1348 (0.1348) acc 100.0000 (100.0000) data_term 0.1319 (0.1319) raw_kl_rep 168.6010 (168.6010) raw_kl_proj_rep 0.0000 (0.0000) kl_rep_term 0.0029 (0.0029) kl_proj_rep_term 0.0000 (0.0000) kl_term 0.0029 (0.0029) kl_normalizer 2.0000 (2.0000) kl_beta 0.3409 (0.3409) lr 6.8406e-04 eta 0:00:44
epoch [21/50] batch [2/2] time 0.138 (0.449) data 0.000 (0.306) loss 0.1148 (0.1248) acc 100.0000 (100.0000) data_term 0.1119 (0.1219) raw_kl_rep 170.3141 (169.4576) raw_kl_proj_rep 0.0000 (0.0000) kl_rep_term 0.0029 (0.0029) kl_proj_rep_term 0.0000 (0.0000) kl_term 0.0029 (0.0029) kl_normalizer 2.0000 (2.0000) kl_beta 0.3409 (0.3409) lr 6.5451e-04 eta 0:00:26
epoch [22/50] batch [1/2] time 0.606 (0.606) data 0.472 (0.472) loss 0.0739 (0.0739) acc 100.0000 (100.0000) data_term 0.0708 (0.0708) raw_kl_rep 171.7786 (171.7786) raw_kl_proj_rep 0.0000 (0.0000) kl_rep_term 0.0031 (0.0031) kl_proj_rep_term 0.0000 (0.0000) kl_term 0.0031 (0.0031) kl_normalizer 2.0000 (2.0000) kl_beta 0.3636 (0.3636) lr 6.5451e-04 eta 0:00:34
epoch [22/50] batch [2/2] time 0.138 (0.372) data 0.000 (0.236) loss 0.1193 (0.0966) acc 100.0000 (100.0000) data_term 0.1162 (0.0935) raw_kl_rep 172.8299 (172.3042) raw_kl_proj_rep 0.0000 (0.0000) kl_rep_term 0.0031 (0.0031) kl_proj_rep_term 0.0000 (0.0000) kl_term 0.0031 (0.0031) kl_normalizer 2.0000 (2.0000) kl_beta 0.3636 (0.3636) lr 6.2434e-04 eta 0:00:20
epoch [23/50] batch [1/2] time 0.680 (0.680) data 0.522 (0.522) loss 0.1829 (0.1829) acc 96.8750 (96.8750) data_term 0.1795 (0.1795) raw_kl_rep 173.7814 (173.7814) raw_kl_proj_rep 0.0000 (0.0000) kl_rep_term 0.0034 (0.0034) kl_proj_rep_term 0.0000 (0.0000) kl_term 0.0034 (0.0034) kl_normalizer 2.0000 (2.0000) kl_beta 0.3864 (0.3864) lr 6.2434e-04 eta 0:00:37
epoch [23/50] batch [2/2] time 0.136 (0.408) data 0.000 (0.261) loss 0.1189 (0.1509) acc 100.0000 (98.4375) data_term 0.1155 (0.1475) raw_kl_rep 174.7361 (174.2588) raw_kl_proj_rep 0.0000 (0.0000) kl_rep_term 0.0034 (0.0034) kl_proj_rep_term 0.0000 (0.0000) kl_term 0.0034 (0.0034) kl_normalizer 2.0000 (2.0000) kl_beta 0.3864 (0.3864) lr 5.9369e-04 eta 0:00:22
epoch [24/50] batch [1/2] time 0.773 (0.773) data 0.603 (0.603) loss 0.0791 (0.0791) acc 100.0000 (100.0000) data_term 0.0755 (0.0755) raw_kl_rep 176.0454 (176.0454) raw_kl_proj_rep 0.0000 (0.0000) kl_rep_term 0.0036 (0.0036) kl_proj_rep_term 0.0000 (0.0000) kl_term 0.0036 (0.0036) kl_normalizer 2.0000 (2.0000) kl_beta 0.4091 (0.4091) lr 5.9369e-04 eta 0:00:40
epoch [24/50] batch [2/2] time 0.138 (0.456) data 0.000 (0.301) loss 0.0718 (0.0754) acc 100.0000 (100.0000) data_term 0.0682 (0.0718) raw_kl_rep 177.2149 (176.6301) raw_kl_proj_rep 0.0000 (0.0000) kl_rep_term 0.0036 (0.0036) kl_proj_rep_term 0.0000 (0.0000) kl_term 0.0036 (0.0036) kl_normalizer 2.0000 (2.0000) kl_beta 0.4091 (0.4091) lr 5.6267e-04 eta 0:00:23
epoch [25/50] batch [1/2] time 0.770 (0.770) data 0.590 (0.590) loss 0.1097 (0.1097) acc 100.0000 (100.0000) data_term 0.1059 (0.1059) raw_kl_rep 178.1498 (178.1498) raw_kl_proj_rep 0.0000 (0.0000) kl_rep_term 0.0038 (0.0038) kl_proj_rep_term 0.0000 (0.0000) kl_term 0.0038 (0.0038) kl_normalizer 2.0000 (2.0000) kl_beta 0.4318 (0.4318) lr 5.6267e-04 eta 0:00:39
epoch [25/50] batch [2/2] time 0.137 (0.453) data 0.000 (0.295) loss 0.0869 (0.0983) acc 100.0000 (100.0000) data_term 0.0831 (0.0945) raw_kl_rep 178.8770 (178.5134) raw_kl_proj_rep 0.0000 (0.0000) kl_rep_term 0.0039 (0.0039) kl_proj_rep_term 0.0000 (0.0000) kl_term 0.0039 (0.0039) kl_normalizer 2.0000 (2.0000) kl_beta 0.4318 (0.4318) lr 5.3140e-04 eta 0:00:22
epoch [26/50] batch [1/2] time 0.716 (0.716) data 0.539 (0.539) loss 0.1182 (0.1182) acc 96.8750 (96.8750) data_term 0.1142 (0.1142) raw_kl_rep 179.4862 (179.4862) raw_kl_proj_rep 0.0000 (0.0000) kl_rep_term 0.0041 (0.0041) kl_proj_rep_term 0.0000 (0.0000) kl_term 0.0041 (0.0041) kl_normalizer 2.0000 (2.0000) kl_beta 0.4545 (0.4545) lr 5.3140e-04 eta 0:00:35
epoch [26/50] batch [2/2] time 0.139 (0.428) data 0.000 (0.269) loss 0.0687 (0.0935) acc 100.0000 (98.4375) data_term 0.0646 (0.0894) raw_kl_rep 179.7473 (179.6167) raw_kl_proj_rep 0.0000 (0.0000) kl_rep_term 0.0041 (0.0041) kl_proj_rep_term 0.0000 (0.0000) kl_term 0.0041 (0.0041) kl_normalizer 2.0000 (2.0000) kl_beta 0.4545 (0.4545) lr 5.0000e-04 eta 0:00:20
epoch [27/50] batch [1/2] time 0.689 (0.689) data 0.527 (0.527) loss 0.0663 (0.0663) acc 100.0000 (100.0000) data_term 0.0620 (0.0620) raw_kl_rep 179.9563 (179.9563) raw_kl_proj_rep 0.0000 (0.0000) kl_rep_term 0.0043 (0.0043) kl_proj_rep_term 0.0000 (0.0000) kl_term 0.0043 (0.0043) kl_normalizer 2.0000 (2.0000) kl_beta 0.4773 (0.4773) lr 5.0000e-04 eta 0:00:32
epoch [27/50] batch [2/2] time 0.140 (0.414) data 0.000 (0.264) loss 0.0920 (0.0792) acc 100.0000 (100.0000) data_term 0.0877 (0.0749) raw_kl_rep 180.0943 (180.0253) raw_kl_proj_rep 0.0000 (0.0000) kl_rep_term 0.0043 (0.0043) kl_proj_rep_term 0.0000 (0.0000) kl_term 0.0043 (0.0043) kl_normalizer 2.0000 (2.0000) kl_beta 0.4773 (0.4773) lr 4.6860e-04 eta 0:00:19
epoch [28/50] batch [1/2] time 0.640 (0.640) data 0.506 (0.506) loss 0.1104 (0.1104) acc 100.0000 (100.0000) data_term 0.1059 (0.1059) raw_kl_rep 180.2560 (180.2560) raw_kl_proj_rep 0.0000 (0.0000) kl_rep_term 0.0045 (0.0045) kl_proj_rep_term 0.0000 (0.0000) kl_term 0.0045 (0.0045) kl_normalizer 2.0000 (2.0000) kl_beta 0.5000 (0.5000) lr 4.6860e-04 eta 0:00:28
epoch [28/50] batch [2/2] time 0.139 (0.390) data 0.000 (0.253) loss 0.0763 (0.0934) acc 100.0000 (100.0000) data_term 0.0718 (0.0888) raw_kl_rep 180.4135 (180.3347) raw_kl_proj_rep 0.0000 (0.0000) kl_rep_term 0.0045 (0.0045) kl_proj_rep_term 0.0000 (0.0000) kl_term 0.0045 (0.0045) kl_normalizer 2.0000 (2.0000) kl_beta 0.5000 (0.5000) lr 4.3733e-04 eta 0:00:17
epoch [29/50] batch [1/2] time 0.717 (0.717) data 0.563 (0.563) loss 0.0856 (0.0856) acc 100.0000 (100.0000) data_term 0.0809 (0.0809) raw_kl_rep 180.5348 (180.5348) raw_kl_proj_rep 0.0000 (0.0000) kl_rep_term 0.0047 (0.0047) kl_proj_rep_term 0.0000 (0.0000) kl_term 0.0047 (0.0047) kl_normalizer 2.0000 (2.0000) kl_beta 0.5227 (0.5227) lr 4.3733e-04 eta 0:00:30
epoch [29/50] batch [2/2] time 0.142 (0.429) data 0.000 (0.281) loss 0.0916 (0.0886) acc 100.0000 (100.0000) data_term 0.0869 (0.0839) raw_kl_rep 180.5491 (180.5420) raw_kl_proj_rep 0.0000 (0.0000) kl_rep_term 0.0047 (0.0047) kl_proj_rep_term 0.0000 (0.0000) kl_term 0.0047 (0.0047) kl_normalizer 2.0000 (2.0000) kl_beta 0.5227 (0.5227) lr 4.0631e-04 eta 0:00:18
epoch [30/50] batch [1/2] time 0.780 (0.780) data 0.626 (0.626) loss 0.0573 (0.0573) acc 100.0000 (100.0000) data_term 0.0524 (0.0524) raw_kl_rep 180.4902 (180.4902) raw_kl_proj_rep 0.0000 (0.0000) kl_rep_term 0.0049 (0.0049) kl_proj_rep_term 0.0000 (0.0000) kl_term 0.0049 (0.0049) kl_normalizer 2.0000 (2.0000) kl_beta 0.5455 (0.5455) lr 4.0631e-04 eta 0:00:31
epoch [30/50] batch [2/2] time 0.132 (0.456) data 0.000 (0.313) loss 0.0687 (0.0630) acc 100.0000 (100.0000) data_term 0.0638 (0.0581) raw_kl_rep 180.4263 (180.4583) raw_kl_proj_rep 0.0000 (0.0000) kl_rep_term 0.0049 (0.0049) kl_proj_rep_term 0.0000 (0.0000) kl_term 0.0049 (0.0049) kl_normalizer 2.0000 (2.0000) kl_beta 0.5455 (0.5455) lr 3.7566e-04 eta 0:00:18
epoch [31/50] batch [1/2] time 0.702 (0.702) data 0.526 (0.526) loss 0.0836 (0.0836) acc 100.0000 (100.0000) data_term 0.0785 (0.0785) raw_kl_rep 180.3767 (180.3767) raw_kl_proj_rep 0.0000 (0.0000) kl_rep_term 0.0051 (0.0051) kl_proj_rep_term 0.0000 (0.0000) kl_term 0.0051 (0.0051) kl_normalizer 2.0000 (2.0000) kl_beta 0.5682 (0.5682) lr 3.7566e-04 eta 0:00:27
epoch [31/50] batch [2/2] time 0.131 (0.417) data 0.000 (0.263) loss 0.0641 (0.0739) acc 100.0000 (100.0000) data_term 0.0590 (0.0688) raw_kl_rep 180.3778 (180.3772) raw_kl_proj_rep 0.0000 (0.0000) kl_rep_term 0.0051 (0.0051) kl_proj_rep_term 0.0000 (0.0000) kl_term 0.0051 (0.0051) kl_normalizer 2.0000 (2.0000) kl_beta 0.5682 (0.5682) lr 3.4549e-04 eta 0:00:15
epoch [32/50] batch [1/2] time 0.748 (0.748) data 0.546 (0.546) loss 0.0755 (0.0755) acc 100.0000 (100.0000) data_term 0.0701 (0.0701) raw_kl_rep 180.3537 (180.3537) raw_kl_proj_rep 0.0000 (0.0000) kl_rep_term 0.0053 (0.0053) kl_proj_rep_term 0.0000 (0.0000) kl_term 0.0053 (0.0053) kl_normalizer 2.0000 (2.0000) kl_beta 0.5909 (0.5909) lr 3.4549e-04 eta 0:00:27
epoch [32/50] batch [2/2] time 0.125 (0.437) data 0.000 (0.273) loss 0.1221 (0.0988) acc 100.0000 (100.0000) data_term 0.1168 (0.0935) raw_kl_rep 180.2085 (180.2811) raw_kl_proj_rep 0.0000 (0.0000) kl_rep_term 0.0053 (0.0053) kl_proj_rep_term 0.0000 (0.0000) kl_term 0.0053 (0.0053) kl_normalizer 2.0000 (2.0000) kl_beta 0.5909 (0.5909) lr 3.1594e-04 eta 0:00:15
epoch [33/50] batch [1/2] time 0.827 (0.827) data 0.561 (0.561) loss 0.1424 (0.1424) acc 100.0000 (100.0000) data_term 0.1368 (0.1368) raw_kl_rep 180.6656 (180.6656) raw_kl_proj_rep 0.0000 (0.0000) kl_rep_term 0.0055 (0.0055) kl_proj_rep_term 0.0000 (0.0000) kl_term 0.0055 (0.0055) kl_normalizer 2.0000 (2.0000) kl_beta 0.6136 (0.6136) lr 3.1594e-04 eta 0:00:28
epoch [33/50] batch [2/2] time 0.125 (0.476) data 0.000 (0.281) loss 0.0608 (0.1016) acc 100.0000 (100.0000) data_term 0.0553 (0.0961) raw_kl_rep 181.3087 (180.9872) raw_kl_proj_rep 0.0000 (0.0000) kl_rep_term 0.0056 (0.0056) kl_proj_rep_term 0.0000 (0.0000) kl_term 0.0056 (0.0056) kl_normalizer 2.0000 (2.0000) kl_beta 0.6136 (0.6136) lr 2.8711e-04 eta 0:00:16
epoch [34/50] batch [1/2] time 0.724 (0.724) data 0.567 (0.567) loss 0.0852 (0.0852) acc 100.0000 (100.0000) data_term 0.0794 (0.0794) raw_kl_rep 181.9182 (181.9182) raw_kl_proj_rep 0.0000 (0.0000) kl_rep_term 0.0058 (0.0058) kl_proj_rep_term 0.0000 (0.0000) kl_term 0.0058 (0.0058) kl_normalizer 2.0000 (2.0000) kl_beta 0.6364 (0.6364) lr 2.8711e-04 eta 0:00:23
epoch [34/50] batch [2/2] time 0.129 (0.427) data 0.000 (0.283) loss 0.1095 (0.0973) acc 96.8750 (98.4375) data_term 0.1037 (0.0915) raw_kl_rep 182.4693 (182.1938) raw_kl_proj_rep 0.0000 (0.0000) kl_rep_term 0.0058 (0.0058) kl_proj_rep_term 0.0000 (0.0000) kl_term 0.0058 (0.0058) kl_normalizer 2.0000 (2.0000) kl_beta 0.6364 (0.6364) lr 2.5912e-04 eta 0:00:13
epoch [35/50] batch [1/2] time 0.713 (0.713) data 0.540 (0.540) loss 0.0832 (0.0832) acc 100.0000 (100.0000) data_term 0.0771 (0.0771) raw_kl_rep 182.8160 (182.8160) raw_kl_proj_rep 0.0000 (0.0000) kl_rep_term 0.0060 (0.0060) kl_proj_rep_term 0.0000 (0.0000) kl_term 0.0060 (0.0060) kl_normalizer 2.0000 (2.0000) kl_beta 0.6591 (0.6591) lr 2.5912e-04 eta 0:00:22
epoch [35/50] batch [2/2] time 0.123 (0.418) data 0.000 (0.270) loss 0.0609 (0.0721) acc 100.0000 (100.0000) data_term 0.0549 (0.0660) raw_kl_rep 183.1982 (183.0071) raw_kl_proj_rep 0.0000 (0.0000) kl_rep_term 0.0060 (0.0060) kl_proj_rep_term 0.0000 (0.0000) kl_term 0.0060 (0.0060) kl_normalizer 2.0000 (2.0000) kl_beta 0.6591 (0.6591) lr 2.3209e-04 eta 0:00:12
epoch [36/50] batch [1/2] time 0.765 (0.765) data 0.622 (0.622) loss 0.0611 (0.0611) acc 100.0000 (100.0000) data_term 0.0549 (0.0549) raw_kl_rep 183.5217 (183.5217) raw_kl_proj_rep 0.0000 (0.0000) kl_rep_term 0.0063 (0.0063) kl_proj_rep_term 0.0000 (0.0000) kl_term 0.0063 (0.0063) kl_normalizer 2.0000 (2.0000) kl_beta 0.6818 (0.6818) lr 2.3209e-04 eta 0:00:22
epoch [36/50] batch [2/2] time 0.093 (0.429) data 0.000 (0.311) loss 0.0704 (0.0658) acc 100.0000 (100.0000) data_term 0.0642 (0.0595) raw_kl_rep 183.7599 (183.6408) raw_kl_proj_rep 0.0000 (0.0000) kl_rep_term 0.0063 (0.0063) kl_proj_rep_term 0.0000 (0.0000) kl_term 0.0063 (0.0063) kl_normalizer 2.0000 (2.0000) kl_beta 0.6818 (0.6818) lr 2.0611e-04 eta 0:00:12
epoch [37/50] batch [1/2] time 0.814 (0.814) data 0.631 (0.631) loss 0.0946 (0.0946) acc 100.0000 (100.0000) data_term 0.0881 (0.0881) raw_kl_rep 183.9627 (183.9627) raw_kl_proj_rep 0.0000 (0.0000) kl_rep_term 0.0065 (0.0065) kl_proj_rep_term 0.0000 (0.0000) kl_term 0.0065 (0.0065) kl_normalizer 2.0000 (2.0000) kl_beta 0.7045 (0.7045) lr 2.0611e-04 eta 0:00:21
epoch [37/50] batch [2/2] time 0.135 (0.474) data 0.000 (0.316) loss 0.1189 (0.1067) acc 100.0000 (100.0000) data_term 0.1124 (0.1003) raw_kl_rep 184.1882 (184.0755) raw_kl_proj_rep 0.0000 (0.0000) kl_rep_term 0.0065 (0.0065) kl_proj_rep_term 0.0000 (0.0000) kl_term 0.0065 (0.0065) kl_normalizer 2.0000 (2.0000) kl_beta 0.7045 (0.7045) lr 1.8129e-04 eta 0:00:12
epoch [38/50] batch [1/2] time 0.767 (0.767) data 0.581 (0.581) loss 0.0561 (0.0561) acc 100.0000 (100.0000) data_term 0.0494 (0.0494) raw_kl_rep 184.4696 (184.4696) raw_kl_proj_rep 0.0000 (0.0000) kl_rep_term 0.0067 (0.0067) kl_proj_rep_term 0.0000 (0.0000) kl_term 0.0067 (0.0067) kl_normalizer 2.0000 (2.0000) kl_beta 0.7273 (0.7273) lr 1.8129e-04 eta 0:00:19
epoch [38/50] batch [2/2] time 0.133 (0.450) data 0.000 (0.291) loss 0.0591 (0.0576) acc 100.0000 (100.0000) data_term 0.0524 (0.0509) raw_kl_rep 184.6675 (184.5686) raw_kl_proj_rep 0.0000 (0.0000) kl_rep_term 0.0067 (0.0067) kl_proj_rep_term 0.0000 (0.0000) kl_term 0.0067 (0.0067) kl_normalizer 2.0000 (2.0000) kl_beta 0.7273 (0.7273) lr 1.5773e-04 eta 0:00:10
epoch [39/50] batch [1/2] time 0.756 (0.756) data 0.608 (0.608) loss 0.0765 (0.0765) acc 100.0000 (100.0000) data_term 0.0696 (0.0696) raw_kl_rep 184.8652 (184.8652) raw_kl_proj_rep 0.0000 (0.0000) kl_rep_term 0.0069 (0.0069) kl_proj_rep_term 0.0000 (0.0000) kl_term 0.0069 (0.0069) kl_normalizer 2.0000 (2.0000) kl_beta 0.7500 (0.7500) lr 1.5773e-04 eta 0:00:17
epoch [39/50] batch [2/2] time 0.124 (0.440) data 0.000 (0.304) loss 0.0736 (0.0751) acc 100.0000 (100.0000) data_term 0.0667 (0.0681) raw_kl_rep 185.0244 (184.9448) raw_kl_proj_rep 0.0000 (0.0000) kl_rep_term 0.0069 (0.0069) kl_proj_rep_term 0.0000 (0.0000) kl_term 0.0069 (0.0069) kl_normalizer 2.0000 (2.0000) kl_beta 0.7500 (0.7500) lr 1.3552e-04 eta 0:00:09
epoch [40/50] batch [1/2] time 0.619 (0.619) data 0.451 (0.451) loss 0.0635 (0.0635) acc 100.0000 (100.0000) data_term 0.0563 (0.0563) raw_kl_rep 185.2083 (185.2083) raw_kl_proj_rep 0.0000 (0.0000) kl_rep_term 0.0072 (0.0072) kl_proj_rep_term 0.0000 (0.0000) kl_term 0.0072 (0.0072) kl_normalizer 2.0000 (2.0000) kl_beta 0.7727 (0.7727) lr 1.3552e-04 eta 0:00:12
epoch [40/50] batch [2/2] time 0.129 (0.374) data 0.000 (0.226) loss 0.0734 (0.0684) acc 100.0000 (100.0000) data_term 0.0663 (0.0613) raw_kl_rep 185.3342 (185.2713) raw_kl_proj_rep 0.0000 (0.0000) kl_rep_term 0.0072 (0.0072) kl_proj_rep_term 0.0000 (0.0000) kl_term 0.0072 (0.0072) kl_normalizer 2.0000 (2.0000) kl_beta 0.7727 (0.7727) lr 1.1474e-04 eta 0:00:07
epoch [41/50] batch [1/2] time 0.639 (0.639) data 0.442 (0.442) loss 0.0745 (0.0745) acc 100.0000 (100.0000) data_term 0.0672 (0.0672) raw_kl_rep 185.4525 (185.4525) raw_kl_proj_rep 0.0000 (0.0000) kl_rep_term 0.0074 (0.0074) kl_proj_rep_term 0.0000 (0.0000) kl_term 0.0074 (0.0074) kl_normalizer 2.0000 (2.0000) kl_beta 0.7955 (0.7955) lr 1.1474e-04 eta 0:00:12
epoch [41/50] batch [2/2] time 0.146 (0.392) data 0.000 (0.221) loss 0.0775 (0.0760) acc 100.0000 (100.0000) data_term 0.0701 (0.0686) raw_kl_rep 185.5394 (185.4959) raw_kl_proj_rep 0.0000 (0.0000) kl_rep_term 0.0074 (0.0074) kl_proj_rep_term 0.0000 (0.0000) kl_term 0.0074 (0.0074) kl_normalizer 2.0000 (2.0000) kl_beta 0.7955 (0.7955) lr 9.5492e-05 eta 0:00:07
epoch [42/50] batch [1/2] time 0.638 (0.638) data 0.455 (0.455) loss 0.0613 (0.0613) acc 100.0000 (100.0000) data_term 0.0537 (0.0537) raw_kl_rep 185.6243 (185.6243) raw_kl_proj_rep 0.0000 (0.0000) kl_rep_term 0.0076 (0.0076) kl_proj_rep_term 0.0000 (0.0000) kl_term 0.0076 (0.0076) kl_normalizer 2.0000 (2.0000) kl_beta 0.8182 (0.8182) lr 9.5492e-05 eta 0:00:10
epoch [42/50] batch [2/2] time 0.131 (0.385) data 0.000 (0.228) loss 0.0595 (0.0604) acc 100.0000 (100.0000) data_term 0.0519 (0.0528) raw_kl_rep 185.6912 (185.6577) raw_kl_proj_rep 0.0000 (0.0000) kl_rep_term 0.0076 (0.0076) kl_proj_rep_term 0.0000 (0.0000) kl_term 0.0076 (0.0076) kl_normalizer 2.0000 (2.0000) kl_beta 0.8182 (0.8182) lr 7.7836e-05 eta 0:00:06
epoch [43/50] batch [1/2] time 0.640 (0.640) data 0.440 (0.440) loss 0.0484 (0.0484) acc 100.0000 (100.0000) data_term 0.0406 (0.0406) raw_kl_rep 185.7417 (185.7417) raw_kl_proj_rep 0.0000 (0.0000) kl_rep_term 0.0078 (0.0078) kl_proj_rep_term 0.0000 (0.0000) kl_term 0.0078 (0.0078) kl_normalizer 2.0000 (2.0000) kl_beta 0.8409 (0.8409) lr 7.7836e-05 eta 0:00:09
epoch [43/50] batch [2/2] time 0.136 (0.388) data 0.000 (0.220) loss 0.0639 (0.0561) acc 100.0000 (100.0000) data_term 0.0561 (0.0483) raw_kl_rep 185.7605 (185.7511) raw_kl_proj_rep 0.0000 (0.0000) kl_rep_term 0.0078 (0.0078) kl_proj_rep_term 0.0000 (0.0000) kl_term 0.0078 (0.0078) kl_normalizer 2.0000 (2.0000) kl_beta 0.8409 (0.8409) lr 6.1847e-05 eta 0:00:05
epoch [44/50] batch [1/2] time 0.622 (0.622) data 0.427 (0.427) loss 0.0536 (0.0536) acc 100.0000 (100.0000) data_term 0.0456 (0.0456) raw_kl_rep 185.7677 (185.7677) raw_kl_proj_rep 0.0000 (0.0000) kl_rep_term 0.0080 (0.0080) kl_proj_rep_term 0.0000 (0.0000) kl_term 0.0080 (0.0080) kl_normalizer 2.0000 (2.0000) kl_beta 0.8636 (0.8636) lr 6.1847e-05 eta 0:00:08
epoch [44/50] batch [2/2] time 0.138 (0.380) data 0.000 (0.214) loss 0.0649 (0.0593) acc 100.0000 (100.0000) data_term 0.0569 (0.0512) raw_kl_rep 185.7613 (185.7645) raw_kl_proj_rep 0.0000 (0.0000) kl_rep_term 0.0080 (0.0080) kl_proj_rep_term 0.0000 (0.0000) kl_term 0.0080 (0.0080) kl_normalizer 2.0000 (2.0000) kl_beta 0.8636 (0.8636) lr 4.7586e-05 eta 0:00:04
epoch [45/50] batch [1/2] time 0.639 (0.639) data 0.478 (0.478) loss 0.0767 (0.0767) acc 100.0000 (100.0000) data_term 0.0685 (0.0685) raw_kl_rep 185.7548 (185.7548) raw_kl_proj_rep 0.0000 (0.0000) kl_rep_term 0.0082 (0.0082) kl_proj_rep_term 0.0000 (0.0000) kl_term 0.0082 (0.0082) kl_normalizer 2.0000 (2.0000) kl_beta 0.8864 (0.8864) lr 4.7586e-05 eta 0:00:07
epoch [45/50] batch [2/2] time 0.137 (0.388) data 0.000 (0.239) loss 0.0538 (0.0653) acc 100.0000 (100.0000) data_term 0.0455 (0.0570) raw_kl_rep 185.7366 (185.7457) raw_kl_proj_rep 0.0000 (0.0000) kl_rep_term 0.0082 (0.0082) kl_proj_rep_term 0.0000 (0.0000) kl_term 0.0082 (0.0082) kl_normalizer 2.0000 (2.0000) kl_beta 0.8864 (0.8864) lr 3.5112e-05 eta 0:00:03
epoch [46/50] batch [1/2] time 0.647 (0.647) data 0.476 (0.476) loss 0.0666 (0.0666) acc 100.0000 (100.0000) data_term 0.0581 (0.0581) raw_kl_rep 185.7141 (185.7141) raw_kl_proj_rep 0.0000 (0.0000) kl_rep_term 0.0084 (0.0084) kl_proj_rep_term 0.0000 (0.0000) kl_term 0.0084 (0.0084) kl_normalizer 2.0000 (2.0000) kl_beta 0.9091 (0.9091) lr 3.5112e-05 eta 0:00:05
epoch [46/50] batch [2/2] time 0.144 (0.396) data 0.000 (0.238) loss 0.0578 (0.0622) acc 100.0000 (100.0000) data_term 0.0493 (0.0537) raw_kl_rep 185.6963 (185.7052) raw_kl_proj_rep 0.0000 (0.0000) kl_rep_term 0.0084 (0.0084) kl_proj_rep_term 0.0000 (0.0000) kl_term 0.0084 (0.0084) kl_normalizer 2.0000 (2.0000) kl_beta 0.9091 (0.9091) lr 2.4472e-05 eta 0:00:03
epoch [47/50] batch [1/2] time 0.616 (0.616) data 0.441 (0.441) loss 0.0610 (0.0610) acc 100.0000 (100.0000) data_term 0.0524 (0.0524) raw_kl_rep 185.6761 (185.6761) raw_kl_proj_rep 0.0000 (0.0000) kl_rep_term 0.0087 (0.0087) kl_proj_rep_term 0.0000 (0.0000) kl_term 0.0087 (0.0087) kl_normalizer 2.0000 (2.0000) kl_beta 0.9318 (0.9318) lr 2.4472e-05 eta 0:00:04
epoch [47/50] batch [2/2] time 0.132 (0.374) data 0.000 (0.221) loss 0.0658 (0.0634) acc 100.0000 (100.0000) data_term 0.0571 (0.0547) raw_kl_rep 185.6618 (185.6689) raw_kl_proj_rep 0.0000 (0.0000) kl_rep_term 0.0087 (0.0087) kl_proj_rep_term 0.0000 (0.0000) kl_term 0.0087 (0.0087) kl_normalizer 2.0000 (2.0000) kl_beta 0.9318 (0.9318) lr 1.5708e-05 eta 0:00:02
epoch [48/50] batch [1/2] time 0.601 (0.601) data 0.409 (0.409) loss 0.0677 (0.0677) acc 100.0000 (100.0000) data_term 0.0588 (0.0588) raw_kl_rep 185.6502 (185.6502) raw_kl_proj_rep 0.0000 (0.0000) kl_rep_term 0.0089 (0.0089) kl_proj_rep_term 0.0000 (0.0000) kl_term 0.0089 (0.0089) kl_normalizer 2.0000 (2.0000) kl_beta 0.9545 (0.9545) lr 1.5708e-05 eta 0:00:03
epoch [48/50] batch [2/2] time 0.138 (0.369) data 0.000 (0.205) loss 0.0790 (0.0733) acc 100.0000 (100.0000) data_term 0.0701 (0.0645) raw_kl_rep 185.6432 (185.6467) raw_kl_proj_rep 0.0000 (0.0000) kl_rep_term 0.0089 (0.0089) kl_proj_rep_term 0.0000 (0.0000) kl_term 0.0089 (0.0089) kl_normalizer 2.0000 (2.0000) kl_beta 0.9545 (0.9545) lr 8.8564e-06 eta 0:00:01
epoch [49/50] batch [1/2] time 0.533 (0.533) data 0.379 (0.379) loss 0.0787 (0.0787) acc 100.0000 (100.0000) data_term 0.0696 (0.0696) raw_kl_rep 185.6374 (185.6374) raw_kl_proj_rep 0.0000 (0.0000) kl_rep_term 0.0091 (0.0091) kl_proj_rep_term 0.0000 (0.0000) kl_term 0.0091 (0.0091) kl_normalizer 2.0000 (2.0000) kl_beta 0.9773 (0.9773) lr 8.8564e-06 eta 0:00:01
epoch [49/50] batch [2/2] time 0.141 (0.337) data 0.000 (0.190) loss 0.0583 (0.0685) acc 100.0000 (100.0000) data_term 0.0492 (0.0594) raw_kl_rep 185.6345 (185.6359) raw_kl_proj_rep 0.0000 (0.0000) kl_rep_term 0.0091 (0.0091) kl_proj_rep_term 0.0000 (0.0000) kl_term 0.0091 (0.0091) kl_normalizer 2.0000 (2.0000) kl_beta 0.9773 (0.9773) lr 3.9426e-06 eta 0:00:00
epoch [50/50] batch [1/2] time 0.576 (0.576) data 0.415 (0.415) loss 0.0599 (0.0599) acc 100.0000 (100.0000) data_term 0.0506 (0.0506) raw_kl_rep 185.6303 (185.6303) raw_kl_proj_rep 0.0000 (0.0000) kl_rep_term 0.0093 (0.0093) kl_proj_rep_term 0.0000 (0.0000) kl_term 0.0093 (0.0093) kl_normalizer 2.0000 (2.0000) kl_beta 1.0000 (1.0000) lr 3.9426e-06 eta 0:00:00
epoch [50/50] batch [2/2] time 0.132 (0.354) data 0.000 (0.207) loss 0.0608 (0.0604) acc 100.0000 (100.0000) data_term 0.0515 (0.0511) raw_kl_rep 185.6293 (185.6298) raw_kl_proj_rep 0.0000 (0.0000) kl_rep_term 0.0093 (0.0093) kl_proj_rep_term 0.0000 (0.0000) kl_term 0.0093 (0.0093) kl_normalizer 2.0000 (2.0000) kl_beta 1.0000 (1.0000) lr 9.8664e-07 eta 0:00:00
Checkpoint saved to output_sweeps/bayes_mmrl_search_current/coarse3/confirm_stage/BayesMMRL/FS/fewshot_train/oxford_pets/shots_2/ViT-B-16/A_sig-per_token_pstd-0.02_kl-1e-4_nmc-3/seed3/refactor_model/model.pth.tar-50
Finish training
Deploy the last-epoch model
Evaluate on the *test* set
=> result
* total: 3,669
* correct: 3,393
* accuracy: 92.5%
* error: 7.5%
* macro_f1: 92.5%
=> structured result
* accuracy: 92.4775
* error: 7.5225
* macro_f1: 92.5090
* nll: 0.2278
* brier: 0.1125
* ece: 2.2600
Saved metrics JSON to output_sweeps/bayes_mmrl_search_current/coarse3/confirm_stage/BayesMMRL/FS/fewshot_train/oxford_pets/shots_2/ViT-B-16/A_sig-per_token_pstd-0.02_kl-1e-4_nmc-3/seed3/test_metrics.json
Saved metrics CSV to output_sweeps/bayes_mmrl_search_current/coarse3/confirm_stage/BayesMMRL/FS/fewshot_train/oxford_pets/shots_2/ViT-B-16/A_sig-per_token_pstd-0.02_kl-1e-4_nmc-3/seed3/test_metrics.csv
Saved calibration bins CSV to output_sweeps/bayes_mmrl_search_current/coarse3/confirm_stage/BayesMMRL/FS/fewshot_train/oxford_pets/shots_2/ViT-B-16/A_sig-per_token_pstd-0.02_kl-1e-4_nmc-3/seed3/test_calibration_bins.csv
Elapsed: 0:01:24
[清理] 测试完成，已删除 checkpoint 目录: output_sweeps/bayes_mmrl_search_current/coarse3/confirm_stage/BayesMMRL/FS/fewshot_train/oxford_pets/shots_2/ViT-B-16/A_sig-per_token_pstd-0.02_kl-1e-4_nmc-3/seed3/refactor_model
